

================================================================
== Vitis HLS Report for 'C_CNN_Pipeline_VITIS_LOOP_28_1'
================================================================
* Date:           Wed Apr 15 01:46:27 2026

* Version:        2022.2 (Build 3670227 on Oct 13 2022)
* Project:        ProjectOne
* Solution:       solution1 (Vivado IP Flow Target)
* Product family: zynquplus
* Target device:  xck26-sfvc784-2LV-c


================================================================
== Performance Estimates
================================================================
+ Timing: 
    * Summary: 
    +--------+----------+----------+------------+
    |  Clock |  Target  | Estimated| Uncertainty|
    +--------+----------+----------+------------+
    |ap_clk  |  10.00 ns|  1.649 ns|     2.70 ns|
    +--------+----------+----------+------------+

+ Latency: 
    * Summary: 
    +---------+---------+----------+----------+-----+-----+---------+
    |  Latency (cycles) |  Latency (absolute) |  Interval | Pipeline|
    |   min   |   max   |    min   |    max   | min | max |   Type  |
    +---------+---------+----------+----------+-----+-----+---------+
    |       18|       18|  0.180 us|  0.180 us|   18|   18|       no|
    +---------+---------+----------+----------+-----+-----+---------+

    + Detail: 
        * Instance: 
        N/A

        * Loop: 
        +-------------------+---------+---------+----------+-----------+-----------+------+----------+
        |                   |  Latency (cycles) | Iteration|  Initiation Interval  | Trip |          |
        |     Loop Name     |   min   |   max   |  Latency |  achieved |   target  | Count| Pipelined|
        +-------------------+---------+---------+----------+-----------+-----------+------+----------+
        |- VITIS_LOOP_28_1  |       16|       16|         2|          1|          1|    16|       yes|
        +-------------------+---------+---------+----------+-----------+-----------+------+----------+

============================================================
+ Verbose Summary: Synthesis Manager
============================================================
InlineROM: 1
ExposeGlobal: 0
============================================================
+ Verbose Summary: CDFG Model
============================================================
IsTopModel: 0
ResetActiveHigh: 1
IsCombinational: 0
IsDatapathOnly: 0
HasWiredReturn: 1
HasMFsm: 2
HasVarLatency: 1
IsPipeline: 0
IsRtlPipelined: 0
IsInstanceOverlapped: 0
IsDontTouch: 0
HasImplIP: 0
IsGatedGlobalClock: 0

+ Individual pipeline summary: 
  * Pipeline-0: initiation interval (II) = 1, depth = 2


============================================================
+ Verbose Summary: Schedule
============================================================
* Number of FSM states : 2
* Pipeline : 1
  Pipeline-0 : II = 1, D = 2, States = { 1 2 }
* Dataflow Pipeline: 0

* FSM state transitions: 
1 --> 2 
2 --> 

* FSM state operations: 

State 1 <SV = 0> <Delay = 1.21>
ST_1 : Operation 5 [1/1] (0.00ns)   --->   "%i = alloca i32 1"   --->   Operation 5 'alloca' 'i' <Predicate = true> <Delay = 0.00>
ST_1 : Operation 6 [1/1] (0.42ns)   --->   "%store_ln0 = store i5 0, i5 %i"   --->   Operation 6 'store' 'store_ln0' <Predicate = true> <Delay = 0.42>
ST_1 : Operation 7 [1/1] (0.00ns)   --->   "%br_ln0 = br void %for.body22.i197"   --->   Operation 7 'br' 'br_ln0' <Predicate = true> <Delay = 0.00>
ST_1 : Operation 8 [1/1] (0.00ns)   --->   "%i_11 = load i5 %i" [pipeline/C_Dense.cpp:28]   --->   Operation 8 'load' 'i_11' <Predicate = true> <Delay = 0.00>
ST_1 : Operation 9 [1/1] (0.00ns)   --->   "%specpipeline_ln0 = specpipeline void @_ssdm_op_SpecPipeline, i32 4294967295, i32 0, i32 1, i32 0, void @p_str"   --->   Operation 9 'specpipeline' 'specpipeline_ln0' <Predicate = true> <Delay = 0.00>
ST_1 : Operation 10 [1/1] (0.75ns)   --->   "%icmp_ln28 = icmp_eq  i5 %i_11, i5 16" [pipeline/C_Dense.cpp:28]   --->   Operation 10 'icmp' 'icmp_ln28' <Predicate = true> <Delay = 0.75> <CoreInst = "Cmp">   --->   Core 9 'Cmp' <Latency = 0> <II = 1> <Delay = 0.75> <FuncUnit> <Opcode : 'icmp'> <InPorts = 2> <OutPorts = 1>
ST_1 : Operation 11 [1/1] (0.00ns)   --->   "%empty = speclooptripcount i32 @_ssdm_op_SpecLoopTripCount, i64 16, i64 16, i64 16"   --->   Operation 11 'speclooptripcount' 'empty' <Predicate = true> <Delay = 0.00>
ST_1 : Operation 12 [1/1] (0.78ns)   --->   "%add_ln28 = add i5 %i_11, i5 1" [pipeline/C_Dense.cpp:28]   --->   Operation 12 'add' 'add_ln28' <Predicate = true> <Delay = 0.78> <CoreInst = "Adder">   --->   Core 1 'Adder' <Latency = 0> <II = 1> <Delay = 0.78> <FuncUnit> <Opcode : 'add' 'sub'> <InPorts = 2> <OutPorts = 1>
ST_1 : Operation 13 [1/1] (0.00ns)   --->   "%br_ln28 = br i1 %icmp_ln28, void %for.body22.i197.split, void %_Z9C_Dense_1P8ap_fixedILi16ELi8EL9ap_q_mode5EL9ap_o_mode3ELi0EES3_S3_S3_.exit.exitStub" [pipeline/C_Dense.cpp:28]   --->   Operation 13 'br' 'br_ln28' <Predicate = true> <Delay = 0.00>
ST_1 : Operation 14 [1/1] (0.00ns)   --->   "%i_17_cast = zext i5 %i_11" [pipeline/C_Dense.cpp:28]   --->   Operation 14 'zext' 'i_17_cast' <Predicate = (!icmp_ln28)> <Delay = 0.00>
ST_1 : Operation 15 [1/1] (0.00ns)   --->   "%out_Dense_V_addr = getelementptr i16 %out_Dense_V, i64 0, i64 %i_17_cast"   --->   Operation 15 'getelementptr' 'out_Dense_V_addr' <Predicate = (!icmp_ln28)> <Delay = 0.00>
ST_1 : Operation 16 [2/2] (0.67ns)   --->   "%out_Dense_V_load = load i4 %out_Dense_V_addr"   --->   Operation 16 'load' 'out_Dense_V_load' <Predicate = (!icmp_ln28)> <Delay = 0.67> <CoreInst = "RAM">   --->   Core 83 'RAM' <Latency = 1> <II = 1> <Delay = 0.67> <Storage> <Opcode : 'load' 'store'> <Ports = 2> <Width = 16> <Depth = 16> <RAM>
ST_1 : Operation 17 [1/1] (0.42ns)   --->   "%store_ln28 = store i5 %add_ln28, i5 %i" [pipeline/C_Dense.cpp:28]   --->   Operation 17 'store' 'store_ln28' <Predicate = (!icmp_ln28)> <Delay = 0.42>
ST_1 : Operation 26 [1/1] (0.00ns)   --->   "%ret_ln0 = ret"   --->   Operation 26 'ret' 'ret_ln0' <Predicate = (icmp_ln28)> <Delay = 0.00>

State 2 <SV = 1> <Delay = 1.64>
ST_2 : Operation 18 [1/1] (0.00ns)   --->   "%specloopname_ln28 = specloopname void @_ssdm_op_SpecLoopName, void @empty_2" [pipeline/C_Dense.cpp:28]   --->   Operation 18 'specloopname' 'specloopname_ln28' <Predicate = true> <Delay = 0.00>
ST_2 : Operation 19 [1/2] (0.67ns)   --->   "%out_Dense_V_load = load i4 %out_Dense_V_addr"   --->   Operation 19 'load' 'out_Dense_V_load' <Predicate = true> <Delay = 0.67> <CoreInst = "RAM">   --->   Core 83 'RAM' <Latency = 1> <II = 1> <Delay = 0.67> <Storage> <Opcode : 'load' 'store'> <Ports = 2> <Width = 16> <Depth = 16> <RAM>
ST_2 : Operation 20 [1/1] (0.00ns)   --->   "%trunc_ln1650 = trunc i16 %out_Dense_V_load"   --->   Operation 20 'trunc' 'trunc_ln1650' <Predicate = true> <Delay = 0.00>
ST_2 : Operation 21 [1/1] (0.00ns)   --->   "%tmp = bitselect i1 @_ssdm_op_BitSelect.i1.i16.i32, i16 %out_Dense_V_load, i32 15"   --->   Operation 21 'bitselect' 'tmp' <Predicate = true> <Delay = 0.00>
ST_2 : Operation 22 [1/1] (0.00ns)   --->   "%Dense_F6_V_addr = getelementptr i15 %Dense_F6_V, i64 0, i64 %i_17_cast" [pipeline/C_Dense.cpp:29]   --->   Operation 22 'getelementptr' 'Dense_F6_V_addr' <Predicate = true> <Delay = 0.00>
ST_2 : Operation 23 [1/1] (0.29ns)   --->   "%select_ln29 = select i1 %tmp, i15 0, i15 %trunc_ln1650" [pipeline/C_Dense.cpp:29]   --->   Operation 23 'select' 'select_ln29' <Predicate = true> <Delay = 0.29> <CoreInst = "Sel">   --->   Core 73 'Sel' <Latency = 0> <II = 1> <Delay = 0.29> <FuncUnit> <Opcode : 'select'> <InPorts = 3> <OutPorts = 1>
ST_2 : Operation 24 [1/1] (0.67ns)   --->   "%store_ln29 = store i15 %select_ln29, i4 %Dense_F6_V_addr" [pipeline/C_Dense.cpp:29]   --->   Operation 24 'store' 'store_ln29' <Predicate = true> <Delay = 0.67> <CoreInst = "RAM">   --->   Core 83 'RAM' <Latency = 1> <II = 1> <Delay = 0.67> <Storage> <Opcode : 'load' 'store'> <Ports = 2> <Width = 15> <Depth = 16> <RAM>
ST_2 : Operation 25 [1/1] (0.00ns)   --->   "%br_ln28 = br void %for.body22.i197" [pipeline/C_Dense.cpp:28]   --->   Operation 25 'br' 'br_ln28' <Predicate = true> <Delay = 0.00>


============================================================
+ Verbose Summary: Binding
============================================================
STG Binding: 
---------------- STG Properties BEGIN ----------------
- Is combinational: 0
- Is one-state seq: 0
- Is datapath-only: 0
- Is pipelined: 0
- Is top level: 0
Port [ Return ] is wired: 1; IO mode=ap_ctrl_hs:ce=0
Port [ out_Dense_V]:  wired=1; compound=1; hidden=0; nouse=0; global=0; static=0; extern=0; dir=0; type=1; pingpong=0; private_global=0; MemPort=[13]; IO mode=ap_memory:ce=0
Port [ Dense_F6_V]:  wired=1; compound=1; hidden=0; nouse=0; global=0; static=0; extern=0; dir=1; type=1; pingpong=0; private_global=0; MemPort=[03]; IO mode=ap_memory:ce=0
---------------- STG Properties END ------------------

---------------- Datapath Model BEGIN ----------------

<LifeTime>
<method=bitvector/>
i                 (alloca           ) [ 010]
store_ln0         (store            ) [ 000]
br_ln0            (br               ) [ 000]
i_11              (load             ) [ 000]
specpipeline_ln0  (specpipeline     ) [ 000]
icmp_ln28         (icmp             ) [ 010]
empty             (speclooptripcount) [ 000]
add_ln28          (add              ) [ 000]
br_ln28           (br               ) [ 000]
i_17_cast         (zext             ) [ 011]
out_Dense_V_addr  (getelementptr    ) [ 011]
store_ln28        (store            ) [ 000]
specloopname_ln28 (specloopname     ) [ 000]
out_Dense_V_load  (load             ) [ 000]
trunc_ln1650      (trunc            ) [ 000]
tmp               (bitselect        ) [ 000]
Dense_F6_V_addr   (getelementptr    ) [ 000]
select_ln29       (select           ) [ 000]
store_ln29        (store            ) [ 000]
br_ln28           (br               ) [ 000]
ret_ln0           (ret              ) [ 000]
</LifeTime>

<model>

<comp_list>
<comp id="0" class="1000" name="out_Dense_V">
<pin_list>
<pin id="1" dir="1" index="0" bw="1" slack="0"/>
</pin_list>
<bind>
<StgValue><ssdm name="out_Dense_V"/><MemPortTyVec>1 3 </MemPortTyVec>
</StgValue>
</bind>
</comp>

<comp id="2" class="1000" name="Dense_F6_V">
<pin_list>
<pin id="3" dir="1" index="0" bw="1" slack="0"/>
</pin_list>
<bind>
<StgValue><ssdm name="Dense_F6_V"/><MemPortTyVec>0 3 </MemPortTyVec>
</StgValue>
</bind>
</comp>

<comp id="4" class="1001" name="const_4">
<pin_list>
<pin id="5" dir="1" index="0" bw="1" slack="0"/>
</pin_list>
<bind>
<StgValue><ssdm name=""/></StgValue>
</bind>
</comp>

<comp id="6" class="1001" name="const_6">
<pin_list>
<pin id="7" dir="1" index="0" bw="1" slack="0"/>
</pin_list>
<bind>
<StgValue><ssdm name=""/></StgValue>
</bind>
</comp>

<comp id="8" class="1001" name="const_8">
<pin_list>
<pin id="9" dir="1" index="0" bw="1" slack="2147483647"/>
</pin_list>
<bind>
<StgValue><ssdm name="_ssdm_op_SpecPipeline"/></StgValue>
</bind>
</comp>

<comp id="10" class="1001" name="const_10">
<pin_list>
<pin id="11" dir="1" index="0" bw="1" slack="2147483647"/>
</pin_list>
<bind>
<StgValue><ssdm name=""/></StgValue>
</bind>
</comp>

<comp id="12" class="1001" name="const_12">
<pin_list>
<pin id="13" dir="1" index="0" bw="1" slack="2147483647"/>
</pin_list>
<bind>
<StgValue><ssdm name=""/></StgValue>
</bind>
</comp>

<comp id="14" class="1001" name="const_14">
<pin_list>
<pin id="15" dir="1" index="0" bw="1" slack="2147483647"/>
</pin_list>
<bind>
<StgValue><ssdm name="p_str"/></StgValue>
</bind>
</comp>

<comp id="16" class="1001" name="const_16">
<pin_list>
<pin id="17" dir="1" index="0" bw="1" slack="0"/>
</pin_list>
<bind>
<StgValue><ssdm name=""/></StgValue>
</bind>
</comp>

<comp id="18" class="1001" name="const_18">
<pin_list>
<pin id="19" dir="1" index="0" bw="1" slack="2147483647"/>
</pin_list>
<bind>
<StgValue><ssdm name="_ssdm_op_SpecLoopTripCount"/></StgValue>
</bind>
</comp>

<comp id="20" class="1001" name="const_20">
<pin_list>
<pin id="21" dir="1" index="0" bw="1" slack="2147483647"/>
</pin_list>
<bind>
<StgValue><ssdm name=""/></StgValue>
</bind>
</comp>

<comp id="22" class="1001" name="const_22">
<pin_list>
<pin id="23" dir="1" index="0" bw="1" slack="0"/>
</pin_list>
<bind>
<StgValue><ssdm name=""/></StgValue>
</bind>
</comp>

<comp id="24" class="1001" name="const_24">
<pin_list>
<pin id="25" dir="1" index="0" bw="1" slack="0"/>
</pin_list>
<bind>
<StgValue><ssdm name=""/></StgValue>
</bind>
</comp>

<comp id="26" class="1001" name="const_26">
<pin_list>
<pin id="27" dir="1" index="0" bw="1" slack="2147483647"/>
</pin_list>
<bind>
<StgValue><ssdm name="_ssdm_op_SpecLoopName"/></StgValue>
</bind>
</comp>

<comp id="28" class="1001" name="const_28">
<pin_list>
<pin id="29" dir="1" index="0" bw="1" slack="2147483647"/>
</pin_list>
<bind>
<StgValue><ssdm name="empty_2"/></StgValue>
</bind>
</comp>

<comp id="30" class="1001" name="const_30">
<pin_list>
<pin id="31" dir="1" index="0" bw="1" slack="0"/>
</pin_list>
<bind>
<StgValue><ssdm name="_ssdm_op_BitSelect.i1.i16.i32"/></StgValue>
</bind>
</comp>

<comp id="32" class="1001" name="const_32">
<pin_list>
<pin id="33" dir="1" index="0" bw="1" slack="0"/>
</pin_list>
<bind>
<StgValue><ssdm name=""/></StgValue>
</bind>
</comp>

<comp id="34" class="1001" name="const_34">
<pin_list>
<pin id="35" dir="1" index="0" bw="1" slack="0"/>
</pin_list>
<bind>
<StgValue><ssdm name=""/></StgValue>
</bind>
</comp>

<comp id="36" class="1004" name="i_fu_36">
<pin_list>
<pin id="37" dir="0" index="0" bw="1" slack="0"/>
<pin id="38" dir="1" index="1" bw="5" slack="0"/>
</pin_list>
<bind>
<opcode="alloca(26) " fcode="alloca"/>
<opset="i/1 "/>
</bind>
</comp>

<comp id="40" class="1004" name="out_Dense_V_addr_gep_fu_40">
<pin_list>
<pin id="41" dir="0" index="0" bw="16" slack="0"/>
<pin id="42" dir="0" index="1" bw="1" slack="0"/>
<pin id="43" dir="0" index="2" bw="5" slack="0"/>
<pin id="44" dir="1" index="3" bw="4" slack="0"/>
</pin_list>
<bind>
<opcode="getelementptr(29) " fcode="getelementptr"/>
<opset="out_Dense_V_addr/1 "/>
</bind>
</comp>

<comp id="47" class="1004" name="grp_access_fu_47">
<pin_list>
<pin id="48" dir="0" index="0" bw="4" slack="0"/>
<pin id="49" dir="0" index="1" bw="16" slack="2147483647"/>
<pin id="50" dir="0" index="2" bw="0" slack="2147483647"/>
<pin id="51" dir="1" index="3" bw="16" slack="0"/>
</pin_list>
<bind>
<opcode="load(27) " fcode="load"/>
<opset="out_Dense_V_load/1 "/>
</bind>
</comp>

<comp id="53" class="1004" name="Dense_F6_V_addr_gep_fu_53">
<pin_list>
<pin id="54" dir="0" index="0" bw="15" slack="0"/>
<pin id="55" dir="0" index="1" bw="1" slack="0"/>
<pin id="56" dir="0" index="2" bw="5" slack="1"/>
<pin id="57" dir="1" index="3" bw="4" slack="0"/>
</pin_list>
<bind>
<opcode="getelementptr(29) " fcode="getelementptr"/>
<opset="Dense_F6_V_addr/2 "/>
</bind>
</comp>

<comp id="60" class="1004" name="store_ln29_access_fu_60">
<pin_list>
<pin id="61" dir="0" index="0" bw="4" slack="0"/>
<pin id="62" dir="0" index="1" bw="15" slack="0"/>
<pin id="63" dir="0" index="2" bw="0" slack="2147483647"/>
<pin id="64" dir="1" index="3" bw="15" slack="2147483647"/>
</pin_list>
<bind>
<opcode="store(28) " fcode="store"/>
<opset="store_ln29/2 "/>
</bind>
</comp>

<comp id="66" class="1004" name="store_ln0_store_fu_66">
<pin_list>
<pin id="67" dir="0" index="0" bw="1" slack="0"/>
<pin id="68" dir="0" index="1" bw="5" slack="0"/>
<pin id="69" dir="1" index="2" bw="0" slack="2147483647"/>
</pin_list>
<bind>
<opcode="store(28) " fcode="store"/>
<opset="store_ln0/1 "/>
</bind>
</comp>

<comp id="71" class="1004" name="i_11_load_fu_71">
<pin_list>
<pin id="72" dir="0" index="0" bw="5" slack="0"/>
<pin id="73" dir="1" index="1" bw="5" slack="0"/>
</pin_list>
<bind>
<opcode="load(27) " fcode="load"/>
<opset="i_11/1 "/>
</bind>
</comp>

<comp id="74" class="1004" name="icmp_ln28_fu_74">
<pin_list>
<pin id="75" dir="0" index="0" bw="5" slack="0"/>
<pin id="76" dir="0" index="1" bw="5" slack="0"/>
<pin id="77" dir="1" index="2" bw="1" slack="2147483647"/>
</pin_list>
<bind>
<opcode="icmp(45) " fcode="icmp"/>
<opset="icmp_ln28/1 "/>
</bind>
</comp>

<comp id="80" class="1004" name="add_ln28_fu_80">
<pin_list>
<pin id="81" dir="0" index="0" bw="5" slack="0"/>
<pin id="82" dir="0" index="1" bw="1" slack="0"/>
<pin id="83" dir="1" index="2" bw="5" slack="0"/>
</pin_list>
<bind>
<opcode="add(8) " fcode="add"/>
<opset="add_ln28/1 "/>
</bind>
</comp>

<comp id="86" class="1004" name="i_17_cast_fu_86">
<pin_list>
<pin id="87" dir="0" index="0" bw="5" slack="0"/>
<pin id="88" dir="1" index="1" bw="64" slack="0"/>
</pin_list>
<bind>
<opcode="zext(34) " fcode="zext"/>
<opset="i_17_cast/1 "/>
</bind>
</comp>

<comp id="91" class="1004" name="store_ln28_store_fu_91">
<pin_list>
<pin id="92" dir="0" index="0" bw="5" slack="0"/>
<pin id="93" dir="0" index="1" bw="5" slack="0"/>
<pin id="94" dir="1" index="2" bw="0" slack="2147483647"/>
</pin_list>
<bind>
<opcode="store(28) " fcode="store"/>
<opset="store_ln28/1 "/>
</bind>
</comp>

<comp id="96" class="1004" name="trunc_ln1650_fu_96">
<pin_list>
<pin id="97" dir="0" index="0" bw="16" slack="0"/>
<pin id="98" dir="1" index="1" bw="15" slack="0"/>
</pin_list>
<bind>
<opcode="trunc(33) " fcode="trunc"/>
<opset="trunc_ln1650/2 "/>
</bind>
</comp>

<comp id="100" class="1004" name="tmp_fu_100">
<pin_list>
<pin id="101" dir="0" index="0" bw="1" slack="0"/>
<pin id="102" dir="0" index="1" bw="16" slack="0"/>
<pin id="103" dir="0" index="2" bw="5" slack="0"/>
<pin id="104" dir="1" index="3" bw="1" slack="0"/>
</pin_list>
<bind>
<opcode="bitselect(1000) " fcode="bitselect"/>
<opset="tmp/2 "/>
</bind>
</comp>

<comp id="108" class="1004" name="select_ln29_fu_108">
<pin_list>
<pin id="109" dir="0" index="0" bw="1" slack="0"/>
<pin id="110" dir="0" index="1" bw="1" slack="0"/>
<pin id="111" dir="0" index="2" bw="15" slack="0"/>
<pin id="112" dir="1" index="3" bw="15" slack="0"/>
</pin_list>
<bind>
<opcode="select(49) " fcode="select"/>
<opset="select_ln29/2 "/>
</bind>
</comp>

<comp id="117" class="1005" name="i_reg_117">
<pin_list>
<pin id="118" dir="0" index="0" bw="5" slack="0"/>
<pin id="119" dir="1" index="1" bw="5" slack="0"/>
</pin_list>
<bind>
<opset="i "/>
</bind>
</comp>

<comp id="127" class="1005" name="i_17_cast_reg_127">
<pin_list>
<pin id="128" dir="0" index="0" bw="64" slack="1"/>
<pin id="129" dir="1" index="1" bw="64" slack="1"/>
</pin_list>
<bind>
<opset="i_17_cast "/>
</bind>
</comp>

<comp id="132" class="1005" name="out_Dense_V_addr_reg_132">
<pin_list>
<pin id="133" dir="0" index="0" bw="4" slack="1"/>
<pin id="134" dir="1" index="1" bw="4" slack="1"/>
</pin_list>
<bind>
<opset="out_Dense_V_addr "/>
</bind>
</comp>

</comp_list>

<net_list>
<net id="39"><net_src comp="4" pin="0"/><net_sink comp="36" pin=0"/></net>

<net id="45"><net_src comp="0" pin="0"/><net_sink comp="40" pin=0"/></net>

<net id="46"><net_src comp="24" pin="0"/><net_sink comp="40" pin=1"/></net>

<net id="52"><net_src comp="40" pin="3"/><net_sink comp="47" pin=0"/></net>

<net id="58"><net_src comp="2" pin="0"/><net_sink comp="53" pin=0"/></net>

<net id="59"><net_src comp="24" pin="0"/><net_sink comp="53" pin=1"/></net>

<net id="65"><net_src comp="53" pin="3"/><net_sink comp="60" pin=0"/></net>

<net id="70"><net_src comp="6" pin="0"/><net_sink comp="66" pin=0"/></net>

<net id="78"><net_src comp="71" pin="1"/><net_sink comp="74" pin=0"/></net>

<net id="79"><net_src comp="16" pin="0"/><net_sink comp="74" pin=1"/></net>

<net id="84"><net_src comp="71" pin="1"/><net_sink comp="80" pin=0"/></net>

<net id="85"><net_src comp="22" pin="0"/><net_sink comp="80" pin=1"/></net>

<net id="89"><net_src comp="71" pin="1"/><net_sink comp="86" pin=0"/></net>

<net id="90"><net_src comp="86" pin="1"/><net_sink comp="40" pin=2"/></net>

<net id="95"><net_src comp="80" pin="2"/><net_sink comp="91" pin=0"/></net>

<net id="99"><net_src comp="47" pin="3"/><net_sink comp="96" pin=0"/></net>

<net id="105"><net_src comp="30" pin="0"/><net_sink comp="100" pin=0"/></net>

<net id="106"><net_src comp="47" pin="3"/><net_sink comp="100" pin=1"/></net>

<net id="107"><net_src comp="32" pin="0"/><net_sink comp="100" pin=2"/></net>

<net id="113"><net_src comp="100" pin="3"/><net_sink comp="108" pin=0"/></net>

<net id="114"><net_src comp="34" pin="0"/><net_sink comp="108" pin=1"/></net>

<net id="115"><net_src comp="96" pin="1"/><net_sink comp="108" pin=2"/></net>

<net id="116"><net_src comp="108" pin="3"/><net_sink comp="60" pin=1"/></net>

<net id="120"><net_src comp="36" pin="1"/><net_sink comp="117" pin=0"/></net>

<net id="121"><net_src comp="117" pin="1"/><net_sink comp="66" pin=1"/></net>

<net id="122"><net_src comp="117" pin="1"/><net_sink comp="71" pin=0"/></net>

<net id="123"><net_src comp="117" pin="1"/><net_sink comp="91" pin=1"/></net>

<net id="130"><net_src comp="86" pin="1"/><net_sink comp="127" pin=0"/></net>

<net id="131"><net_src comp="127" pin="1"/><net_sink comp="53" pin=2"/></net>

<net id="135"><net_src comp="40" pin="3"/><net_sink comp="132" pin=0"/></net>

<net id="136"><net_src comp="132" pin="1"/><net_sink comp="47" pin=0"/></net>

</net_list>

</model> 
---------------- Datapath Model END ------------------

* FSMD analyzer results:
  - Output states:
	Port: Dense_F6_V | {2 }
 - Input state : 
	Port: C_CNN_Pipeline_VITIS_LOOP_28_1 : out_Dense_V | {1 2 }
  - Chain level:
	State 1
		store_ln0 : 1
		i_11 : 1
		icmp_ln28 : 2
		add_ln28 : 2
		br_ln28 : 3
		i_17_cast : 2
		out_Dense_V_addr : 3
		out_Dense_V_load : 4
		store_ln28 : 3
	State 2
		trunc_ln1650 : 1
		tmp : 1
		select_ln29 : 2
		store_ln29 : 3


============================================================
+ Verbose Summary: Datapath Resource usage 
============================================================

* Functional unit list:
|----------|--------------------|---------|---------|
| Operation|   Functional Unit  |    FF   |   LUT   |
|----------|--------------------|---------|---------|
|  select  | select_ln29_fu_108 |    0    |    15   |
|----------|--------------------|---------|---------|
|    add   |   add_ln28_fu_80   |    0    |    12   |
|----------|--------------------|---------|---------|
|   icmp   |   icmp_ln28_fu_74  |    0    |    9    |
|----------|--------------------|---------|---------|
|   zext   |   i_17_cast_fu_86  |    0    |    0    |
|----------|--------------------|---------|---------|
|   trunc  | trunc_ln1650_fu_96 |    0    |    0    |
|----------|--------------------|---------|---------|
| bitselect|     tmp_fu_100     |    0    |    0    |
|----------|--------------------|---------|---------|
|   Total  |                    |    0    |    36   |
|----------|--------------------|---------|---------|

Memories:
N/A

* Register list:
+------------------------+--------+
|                        |   FF   |
+------------------------+--------+
|    i_17_cast_reg_127   |   64   |
|        i_reg_117       |    5   |
|out_Dense_V_addr_reg_132|    4   |
+------------------------+--------+
|          Total         |   73   |
+------------------------+--------+

* Multiplexer (MUX) list: 
|------------------|------|------|------|--------||---------||---------|
|       Comp       |  Pin | Size |  BW  | S x BW ||  Delay  ||   LUT   |
|------------------|------|------|------|--------||---------||---------|
| grp_access_fu_47 |  p0  |   2  |   4  |    8   ||    9    |
|------------------|------|------|------|--------||---------||---------|
|       Total      |      |      |      |    8   ||  0.427  ||    9    |
|------------------|------|------|------|--------||---------||---------|



* Summary:
+-----------+--------+--------+--------+
|           |  Delay |   FF   |   LUT  |
+-----------+--------+--------+--------+
|  Function |    -   |    0   |   36   |
|   Memory  |    -   |    -   |    -   |
|Multiplexer|    0   |    -   |    9   |
|  Register |    -   |   73   |    -   |
+-----------+--------+--------+--------+
|   Total   |    0   |   73   |   45   |
+-----------+--------+--------+--------+
