

================================================================
== Vitis HLS Report for 'C_CNN_Pipeline_VITIS_LOOP_29_1_VITIS_LOOP_31_2_VITIS_LOOP_32_3'
================================================================
* Date:           Wed Apr 15 01:46:22 2026

* Version:        2022.2 (Build 3670227 on Oct 13 2022)
* Project:        ProjectOne
* Solution:       solution1 (Vivado IP Flow Target)
* Product family: zynquplus
* Target device:  xck26-sfvc784-2LV-c


================================================================
== Performance Estimates
================================================================
+ Timing: 
    * Summary: 
    +--------+----------+----------+------------+
    |  Clock |  Target  | Estimated| Uncertainty|
    +--------+----------+----------+------------+
    |ap_clk  |  10.00 ns|  7.073 ns|     2.70 ns|
    +--------+----------+----------+------------+

+ Latency: 
    * Summary: 
    +---------+---------+----------+----------+-----+-----+---------+
    |  Latency (cycles) |  Latency (absolute) |  Interval | Pipeline|
    |   min   |   max   |    min   |    max   | min | max |   Type  |
    +---------+---------+----------+----------+-----+-----+---------+
    |      131|      131|  1.310 us|  1.310 us|  131|  131|       no|
    +---------+---------+----------+----------+-----+-----+---------+

    + Detail: 
        * Instance: 
        N/A

        * Loop: 
        +---------------------------------------------------+---------+---------+----------+-----------+-----------+------+----------+
        |                                                   |  Latency (cycles) | Iteration|  Initiation Interval  | Trip |          |
        |                     Loop Name                     |   min   |   max   |  Latency |  achieved |   target  | Count| Pipelined|
        +---------------------------------------------------+---------+---------+----------+-----------+-----------+------+----------+
        |- VITIS_LOOP_29_1_VITIS_LOOP_31_2_VITIS_LOOP_32_3  |      129|      129|         3|          1|          1|   128|       yes|
        +---------------------------------------------------+---------+---------+----------+-----------+-----------+------+----------+

============================================================
+ Verbose Summary: Synthesis Manager
============================================================
InlineROM: 1
ExposeGlobal: 0
============================================================
+ Verbose Summary: CDFG Model
============================================================
IsTopModel: 0
ResetActiveHigh: 1
IsCombinational: 0
IsDatapathOnly: 0
HasWiredReturn: 1
HasMFsm: 2
HasVarLatency: 1
IsPipeline: 0
IsRtlPipelined: 0
IsInstanceOverlapped: 0
IsDontTouch: 0
HasImplIP: 0
IsGatedGlobalClock: 0

+ Individual pipeline summary: 
  * Pipeline-0: initiation interval (II) = 1, depth = 3


============================================================
+ Verbose Summary: Schedule
============================================================
* Number of FSM states : 3
* Pipeline : 1
  Pipeline-0 : II = 1, D = 3, States = { 1 2 3 }
* Dataflow Pipeline: 0

* FSM state transitions: 
1 --> 2 
2 --> 3 
3 --> 

* FSM state operations: 

State 1 <SV = 0> <Delay = 3.08>
ST_1 : Operation 6 [1/1] (0.00ns)   --->   "%y = alloca i32 1"   --->   Operation 6 'alloca' 'y' <Predicate = true> <Delay = 0.00>
ST_1 : Operation 7 [1/1] (0.00ns)   --->   "%index = alloca i32 1"   --->   Operation 7 'alloca' 'index' <Predicate = true> <Delay = 0.00>
ST_1 : Operation 8 [1/1] (0.00ns)   --->   "%z_1 = alloca i32 1"   --->   Operation 8 'alloca' 'z_1' <Predicate = true> <Delay = 0.00>
ST_1 : Operation 9 [1/1] (0.00ns)   --->   "%index_3 = alloca i32 1"   --->   Operation 9 'alloca' 'index_3' <Predicate = true> <Delay = 0.00>
ST_1 : Operation 10 [1/1] (0.00ns)   --->   "%indvar_flatten297 = alloca i32 1"   --->   Operation 10 'alloca' 'indvar_flatten297' <Predicate = true> <Delay = 0.00>
ST_1 : Operation 11 [1/1] (0.00ns)   --->   "%i = alloca i32 1"   --->   Operation 11 'alloca' 'i' <Predicate = true> <Delay = 0.00>
ST_1 : Operation 12 [1/1] (0.00ns)   --->   "%indvar_flatten318 = alloca i32 1"   --->   Operation 12 'alloca' 'indvar_flatten318' <Predicate = true> <Delay = 0.00>
ST_1 : Operation 13 [1/1] (0.42ns)   --->   "%store_ln0 = store i8 0, i8 %indvar_flatten318"   --->   Operation 13 'store' 'store_ln0' <Predicate = true> <Delay = 0.42>
ST_1 : Operation 14 [1/1] (0.42ns)   --->   "%store_ln0 = store i4 0, i4 %i"   --->   Operation 14 'store' 'store_ln0' <Predicate = true> <Delay = 0.42>
ST_1 : Operation 15 [1/1] (0.42ns)   --->   "%store_ln0 = store i6 0, i6 %indvar_flatten297"   --->   Operation 15 'store' 'store_ln0' <Predicate = true> <Delay = 0.42>
ST_1 : Operation 16 [1/1] (0.42ns)   --->   "%store_ln0 = store i5 0, i5 %index_3"   --->   Operation 16 'store' 'store_ln0' <Predicate = true> <Delay = 0.42>
ST_1 : Operation 17 [1/1] (0.42ns)   --->   "%store_ln0 = store i3 0, i3 %z_1"   --->   Operation 17 'store' 'store_ln0' <Predicate = true> <Delay = 0.42>
ST_1 : Operation 18 [1/1] (0.42ns)   --->   "%store_ln0 = store i5 0, i5 %index"   --->   Operation 18 'store' 'store_ln0' <Predicate = true> <Delay = 0.42>
ST_1 : Operation 19 [1/1] (0.42ns)   --->   "%store_ln0 = store i3 0, i3 %y"   --->   Operation 19 'store' 'store_ln0' <Predicate = true> <Delay = 0.42>
ST_1 : Operation 20 [1/1] (0.00ns)   --->   "%br_ln0 = br void %if.end.i.i.i.i100"   --->   Operation 20 'br' 'br_ln0' <Predicate = true> <Delay = 0.00>
ST_1 : Operation 21 [1/1] (0.00ns)   --->   "%z = load i3 %z_1"   --->   Operation 21 'load' 'z' <Predicate = true> <Delay = 0.00>
ST_1 : Operation 22 [1/1] (0.00ns)   --->   "%indvar_flatten318_load = load i8 %indvar_flatten318" [pipeline/C_Pool.cpp:29]   --->   Operation 22 'load' 'indvar_flatten318_load' <Predicate = true> <Delay = 0.00>
ST_1 : Operation 23 [1/1] (0.00ns)   --->   "%empty = trunc i3 %z"   --->   Operation 23 'trunc' 'empty' <Predicate = true> <Delay = 0.00>
ST_1 : Operation 24 [1/1] (0.00ns)   --->   "%specpipeline_ln0 = specpipeline void @_ssdm_op_SpecPipeline, i32 4294967295, i32 0, i32 1, i32 0, void @p_str"   --->   Operation 24 'specpipeline' 'specpipeline_ln0' <Predicate = true> <Delay = 0.00>
ST_1 : Operation 25 [1/1] (0.84ns)   --->   "%icmp_ln29 = icmp_eq  i8 %indvar_flatten318_load, i8 128" [pipeline/C_Pool.cpp:29]   --->   Operation 25 'icmp' 'icmp_ln29' <Predicate = true> <Delay = 0.84> <CoreInst = "Cmp">   --->   Core 9 'Cmp' <Latency = 0> <II = 1> <Delay = 0.84> <FuncUnit> <Opcode : 'icmp'> <InPorts = 2> <OutPorts = 1>
ST_1 : Operation 26 [1/1] (0.76ns)   --->   "%add_ln29 = add i8 %indvar_flatten318_load, i8 1" [pipeline/C_Pool.cpp:29]   --->   Operation 26 'add' 'add_ln29' <Predicate = true> <Delay = 0.76> <CoreInst = "Adder">   --->   Core 1 'Adder' <Latency = 0> <II = 1> <Delay = 0.76> <FuncUnit> <Opcode : 'add' 'sub'> <InPorts = 2> <OutPorts = 1>
ST_1 : Operation 27 [1/1] (0.00ns)   --->   "%br_ln29 = br i1 %icmp_ln29, void %for.inc38.i133, void %for.inc.i.preheader.exitStub" [pipeline/C_Pool.cpp:29]   --->   Operation 27 'br' 'br_ln29' <Predicate = true> <Delay = 0.00>
ST_1 : Operation 28 [1/1] (0.00ns)   --->   "%y_load = load i3 %y" [pipeline/C_Pool.cpp:32]   --->   Operation 28 'load' 'y_load' <Predicate = (!icmp_ln29)> <Delay = 0.00>
ST_1 : Operation 29 [1/1] (0.00ns)   --->   "%indvar_flatten297_load = load i6 %indvar_flatten297" [pipeline/C_Pool.cpp:31]   --->   Operation 29 'load' 'indvar_flatten297_load' <Predicate = (!icmp_ln29)> <Delay = 0.00>
ST_1 : Operation 30 [1/1] (0.00ns)   --->   "%i_load = load i4 %i" [pipeline/C_Pool.cpp:29]   --->   Operation 30 'load' 'i_load' <Predicate = (!icmp_ln29)> <Delay = 0.00>
ST_1 : Operation 31 [1/1] (0.78ns)   --->   "%icmp_ln31 = icmp_eq  i6 %indvar_flatten297_load, i6 16" [pipeline/C_Pool.cpp:31]   --->   Operation 31 'icmp' 'icmp_ln31' <Predicate = (!icmp_ln29)> <Delay = 0.78> <CoreInst = "Cmp">   --->   Core 9 'Cmp' <Latency = 0> <II = 1> <Delay = 0.78> <FuncUnit> <Opcode : 'icmp'> <InPorts = 2> <OutPorts = 1>
ST_1 : Operation 32 [1/1] (0.20ns)   --->   "%select_ln29_1 = select i1 %icmp_ln31, i3 0, i3 %z" [pipeline/C_Pool.cpp:29]   --->   Operation 32 'select' 'select_ln29_1' <Predicate = (!icmp_ln29)> <Delay = 0.20> <CoreInst = "Sel">   --->   Core 73 'Sel' <Latency = 0> <II = 1> <Delay = 0.20> <FuncUnit> <Opcode : 'select'> <InPorts = 3> <OutPorts = 1>
ST_1 : Operation 33 [1/1] (0.79ns)   --->   "%add_ln29_4 = add i4 %i_load, i4 1" [pipeline/C_Pool.cpp:29]   --->   Operation 33 'add' 'add_ln29_4' <Predicate = (!icmp_ln29)> <Delay = 0.79> <CoreInst = "Adder">   --->   Core 1 'Adder' <Latency = 0> <II = 1> <Delay = 0.79> <FuncUnit> <Opcode : 'add' 'sub'> <InPorts = 2> <OutPorts = 1>
ST_1 : Operation 34 [1/1] (0.39ns)   --->   "%select_ln29_3 = select i1 %icmp_ln31, i4 %add_ln29_4, i4 %i_load" [pipeline/C_Pool.cpp:29]   --->   Operation 34 'select' 'select_ln29_3' <Predicate = (!icmp_ln29)> <Delay = 0.39> <CoreInst = "Sel">   --->   Core 73 'Sel' <Latency = 0> <II = 1> <Delay = 0.39> <FuncUnit> <Opcode : 'select'> <InPorts = 3> <OutPorts = 1>
ST_1 : Operation 35 [1/1] (0.00ns)   --->   "%trunc_ln29 = trunc i4 %select_ln29_3" [pipeline/C_Pool.cpp:29]   --->   Operation 35 'trunc' 'trunc_ln29' <Predicate = (!icmp_ln29)> <Delay = 0.00>
ST_1 : Operation 36 [1/1] (0.00ns) (grouped into LUT with out node and_ln29)   --->   "%xor_ln29 = xor i1 %icmp_ln31, i1 1" [pipeline/C_Pool.cpp:29]   --->   Operation 36 'xor' 'xor_ln29' <Predicate = (!icmp_ln29)> <Delay = 0.00> <CoreInst = "LogicGate">   --->   Core 74 'LogicGate' <Latency = 0> <II = 1> <Delay = 0.28> <FuncUnit> <Opcode : 'and' 'or' 'xor'> <InPorts = 2> <OutPorts = 1>
ST_1 : Operation 37 [1/1] (0.58ns)   --->   "%icmp_ln32 = icmp_eq  i3 %y_load, i3 4" [pipeline/C_Pool.cpp:32]   --->   Operation 37 'icmp' 'icmp_ln32' <Predicate = (!icmp_ln29)> <Delay = 0.58> <CoreInst = "Cmp">   --->   Core 9 'Cmp' <Latency = 0> <II = 1> <Delay = 0.58> <FuncUnit> <Opcode : 'icmp'> <InPorts = 2> <OutPorts = 1>
ST_1 : Operation 38 [1/1] (0.28ns) (out node of the LUT)   --->   "%and_ln29 = and i1 %icmp_ln32, i1 %xor_ln29" [pipeline/C_Pool.cpp:29]   --->   Operation 38 'and' 'and_ln29' <Predicate = (!icmp_ln29)> <Delay = 0.28> <CoreInst = "LogicGate">   --->   Core 74 'LogicGate' <Latency = 0> <II = 1> <Delay = 0.28> <FuncUnit> <Opcode : 'and' 'or' 'xor'> <InPorts = 2> <OutPorts = 1>
ST_1 : Operation 39 [1/1] (0.67ns)   --->   "%add_ln31 = add i3 %select_ln29_1, i3 1" [pipeline/C_Pool.cpp:31]   --->   Operation 39 'add' 'add_ln31' <Predicate = (!icmp_ln29)> <Delay = 0.67> <CoreInst = "Adder">   --->   Core 1 'Adder' <Latency = 0> <II = 1> <Delay = 0.67> <FuncUnit> <Opcode : 'add' 'sub'> <InPorts = 2> <OutPorts = 1>
ST_1 : Operation 40 [1/1] (0.00ns) (grouped into LUT with out node select_ln31_1)   --->   "%or_ln31 = or i1 %and_ln29, i1 %icmp_ln31" [pipeline/C_Pool.cpp:31]   --->   Operation 40 'or' 'or_ln31' <Predicate = (!icmp_ln29)> <Delay = 0.00> <CoreInst = "LogicGate">   --->   Core 74 'LogicGate' <Latency = 0> <II = 1> <Delay = 0.28> <FuncUnit> <Opcode : 'and' 'or' 'xor'> <InPorts = 2> <OutPorts = 1>
ST_1 : Operation 41 [1/1] (0.28ns) (out node of the LUT)   --->   "%select_ln31_1 = select i1 %or_ln31, i3 0, i3 %y_load" [pipeline/C_Pool.cpp:31]   --->   Operation 41 'select' 'select_ln31_1' <Predicate = (!icmp_ln29)> <Delay = 0.28> <CoreInst = "Sel">   --->   Core 73 'Sel' <Latency = 0> <II = 1> <Delay = 0.20> <FuncUnit> <Opcode : 'select'> <InPorts = 3> <OutPorts = 1>
ST_1 : Operation 42 [1/1] (0.00ns) (grouped into LUT with out node select_ln31_4)   --->   "%empty_562 = trunc i3 %add_ln31" [pipeline/C_Pool.cpp:31]   --->   Operation 42 'trunc' 'empty_562' <Predicate = (!icmp_ln29)> <Delay = 0.00>
ST_1 : Operation 43 [1/1] (0.20ns)   --->   "%select_ln31_3 = select i1 %and_ln29, i3 %add_ln31, i3 %select_ln29_1" [pipeline/C_Pool.cpp:31]   --->   Operation 43 'select' 'select_ln31_3' <Predicate = (!icmp_ln29)> <Delay = 0.20> <CoreInst = "Sel">   --->   Core 73 'Sel' <Latency = 0> <II = 1> <Delay = 0.20> <FuncUnit> <Opcode : 'select'> <InPorts = 3> <OutPorts = 1>
ST_1 : Operation 44 [1/1] (0.00ns)   --->   "%empty_563 = trunc i3 %select_ln31_1" [pipeline/C_Pool.cpp:31]   --->   Operation 44 'trunc' 'empty_563' <Predicate = (!icmp_ln29)> <Delay = 0.00>
ST_1 : Operation 45 [1/1] (0.00ns) (grouped into LUT with out node select_ln31_4)   --->   "%select_ln29_4 = select i1 %icmp_ln31, i2 0, i2 %empty" [pipeline/C_Pool.cpp:29]   --->   Operation 45 'select' 'select_ln29_4' <Predicate = (!icmp_ln29)> <Delay = 0.00> <CoreInst = "Sel">   --->   Core 73 'Sel' <Latency = 0> <II = 1> <Delay = 0.17> <FuncUnit> <Opcode : 'select'> <InPorts = 3> <OutPorts = 1>
ST_1 : Operation 46 [1/1] (0.17ns) (out node of the LUT)   --->   "%select_ln31_4 = select i1 %and_ln29, i2 %empty_562, i2 %select_ln29_4" [pipeline/C_Pool.cpp:31]   --->   Operation 46 'select' 'select_ln31_4' <Predicate = (!icmp_ln29)> <Delay = 0.17> <CoreInst = "Sel">   --->   Core 73 'Sel' <Latency = 0> <II = 1> <Delay = 0.17> <FuncUnit> <Opcode : 'select'> <InPorts = 3> <OutPorts = 1>
ST_1 : Operation 47 [1/1] (0.00ns)   --->   "%add_ln = bitconcatenate i9 @_ssdm_op_BitConcatenate.i9.i3.i2.i1.i2.i1, i3 %trunc_ln29, i2 %select_ln31_4, i1 0, i2 %empty_563, i1 0" [pipeline/C_Pool.cpp:36]   --->   Operation 47 'bitconcatenate' 'add_ln' <Predicate = (!icmp_ln29)> <Delay = 0.00>
ST_1 : Operation 48 [1/1] (0.00ns)   --->   "%zext_ln37 = zext i9 %add_ln" [pipeline/C_Pool.cpp:37]   --->   Operation 48 'zext' 'zext_ln37' <Predicate = (!icmp_ln29)> <Delay = 0.00>
ST_1 : Operation 49 [1/1] (0.00ns)   --->   "%Conv2_C3_V_addr = getelementptr i16 %Conv2_C3_V, i64 0, i64 %zext_ln37" [pipeline/C_Pool.cpp:37]   --->   Operation 49 'getelementptr' 'Conv2_C3_V_addr' <Predicate = (!icmp_ln29)> <Delay = 0.00>
ST_1 : Operation 50 [2/2] (1.23ns)   --->   "%Conv2_C3_V_load = load i9 %Conv2_C3_V_addr" [pipeline/C_Pool.cpp:37]   --->   Operation 50 'load' 'Conv2_C3_V_load' <Predicate = (!icmp_ln29)> <Delay = 1.23> <CoreInst = "RAM_1WnR">   --->   Core 84 'RAM_1WnR' <Latency = 1> <II = 1> <Delay = 1.23> <Storage> <Opcode : 'load' 'store'> <Ports = 17> <Width = 16> <Depth = 512> <RAM>
ST_1 : Operation 51 [1/1] (0.00ns)   --->   "%or_ln36 = or i9 %add_ln, i9 1" [pipeline/C_Pool.cpp:36]   --->   Operation 51 'or' 'or_ln36' <Predicate = (!icmp_ln29)> <Delay = 0.00>
ST_1 : Operation 52 [1/1] (0.00ns)   --->   "%zext_ln37_1 = zext i9 %or_ln36" [pipeline/C_Pool.cpp:37]   --->   Operation 52 'zext' 'zext_ln37_1' <Predicate = (!icmp_ln29)> <Delay = 0.00>
ST_1 : Operation 53 [1/1] (0.00ns)   --->   "%Conv2_C3_V_addr_1 = getelementptr i16 %Conv2_C3_V, i64 0, i64 %zext_ln37_1" [pipeline/C_Pool.cpp:37]   --->   Operation 53 'getelementptr' 'Conv2_C3_V_addr_1' <Predicate = (!icmp_ln29)> <Delay = 0.00>
ST_1 : Operation 54 [2/2] (1.23ns)   --->   "%Conv2_C3_V_load_1 = load i9 %Conv2_C3_V_addr_1" [pipeline/C_Pool.cpp:37]   --->   Operation 54 'load' 'Conv2_C3_V_load_1' <Predicate = (!icmp_ln29)> <Delay = 1.23> <CoreInst = "RAM_1WnR">   --->   Core 84 'RAM_1WnR' <Latency = 1> <II = 1> <Delay = 1.23> <Storage> <Opcode : 'load' 'store'> <Ports = 17> <Width = 16> <Depth = 512> <RAM>
ST_1 : Operation 55 [1/1] (0.00ns)   --->   "%or_ln36_1 = or i9 %add_ln, i9 8" [pipeline/C_Pool.cpp:36]   --->   Operation 55 'or' 'or_ln36_1' <Predicate = (!icmp_ln29)> <Delay = 0.00>
ST_1 : Operation 56 [1/1] (0.00ns)   --->   "%zext_ln37_2 = zext i9 %or_ln36_1" [pipeline/C_Pool.cpp:37]   --->   Operation 56 'zext' 'zext_ln37_2' <Predicate = (!icmp_ln29)> <Delay = 0.00>
ST_1 : Operation 57 [1/1] (0.00ns)   --->   "%Conv2_C3_V_addr_2 = getelementptr i16 %Conv2_C3_V, i64 0, i64 %zext_ln37_2" [pipeline/C_Pool.cpp:37]   --->   Operation 57 'getelementptr' 'Conv2_C3_V_addr_2' <Predicate = (!icmp_ln29)> <Delay = 0.00>
ST_1 : Operation 58 [2/2] (1.23ns)   --->   "%Conv2_C3_V_load_2 = load i9 %Conv2_C3_V_addr_2" [pipeline/C_Pool.cpp:37]   --->   Operation 58 'load' 'Conv2_C3_V_load_2' <Predicate = (!icmp_ln29)> <Delay = 1.23> <CoreInst = "RAM_1WnR">   --->   Core 84 'RAM_1WnR' <Latency = 1> <II = 1> <Delay = 1.23> <Storage> <Opcode : 'load' 'store'> <Ports = 17> <Width = 16> <Depth = 512> <RAM>
ST_1 : Operation 59 [1/1] (0.00ns)   --->   "%or_ln36_2 = or i9 %add_ln, i9 9" [pipeline/C_Pool.cpp:36]   --->   Operation 59 'or' 'or_ln36_2' <Predicate = (!icmp_ln29)> <Delay = 0.00>
ST_1 : Operation 60 [1/1] (0.00ns)   --->   "%zext_ln37_3 = zext i9 %or_ln36_2" [pipeline/C_Pool.cpp:37]   --->   Operation 60 'zext' 'zext_ln37_3' <Predicate = (!icmp_ln29)> <Delay = 0.00>
ST_1 : Operation 61 [1/1] (0.00ns)   --->   "%Conv2_C3_V_addr_3 = getelementptr i16 %Conv2_C3_V, i64 0, i64 %zext_ln37_3" [pipeline/C_Pool.cpp:37]   --->   Operation 61 'getelementptr' 'Conv2_C3_V_addr_3' <Predicate = (!icmp_ln29)> <Delay = 0.00>
ST_1 : Operation 62 [2/2] (1.23ns)   --->   "%Conv2_C3_V_load_3 = load i9 %Conv2_C3_V_addr_3" [pipeline/C_Pool.cpp:37]   --->   Operation 62 'load' 'Conv2_C3_V_load_3' <Predicate = (!icmp_ln29)> <Delay = 1.23> <CoreInst = "RAM_1WnR">   --->   Core 84 'RAM_1WnR' <Latency = 1> <II = 1> <Delay = 1.23> <Storage> <Opcode : 'load' 'store'> <Ports = 17> <Width = 16> <Depth = 512> <RAM>
ST_1 : Operation 63 [1/1] (0.67ns)   --->   "%add_ln32 = add i3 %select_ln31_1, i3 1" [pipeline/C_Pool.cpp:32]   --->   Operation 63 'add' 'add_ln32' <Predicate = (!icmp_ln29)> <Delay = 0.67> <CoreInst = "Adder">   --->   Core 1 'Adder' <Latency = 0> <II = 1> <Delay = 0.67> <FuncUnit> <Opcode : 'add' 'sub'> <InPorts = 2> <OutPorts = 1>
ST_1 : Operation 64 [1/1] (0.78ns)   --->   "%add_ln31_9 = add i6 %indvar_flatten297_load, i6 1" [pipeline/C_Pool.cpp:31]   --->   Operation 64 'add' 'add_ln31_9' <Predicate = (!icmp_ln29)> <Delay = 0.78> <CoreInst = "Adder">   --->   Core 1 'Adder' <Latency = 0> <II = 1> <Delay = 0.78> <FuncUnit> <Opcode : 'add' 'sub'> <InPorts = 2> <OutPorts = 1>
ST_1 : Operation 65 [1/1] (0.38ns)   --->   "%select_ln31_5 = select i1 %icmp_ln31, i6 1, i6 %add_ln31_9" [pipeline/C_Pool.cpp:31]   --->   Operation 65 'select' 'select_ln31_5' <Predicate = (!icmp_ln29)> <Delay = 0.38> <CoreInst = "Sel">   --->   Core 73 'Sel' <Latency = 0> <II = 1> <Delay = 0.38> <FuncUnit> <Opcode : 'select'> <InPorts = 3> <OutPorts = 1>
ST_1 : Operation 66 [1/1] (0.42ns)   --->   "%store_ln32 = store i8 %add_ln29, i8 %indvar_flatten318" [pipeline/C_Pool.cpp:32]   --->   Operation 66 'store' 'store_ln32' <Predicate = (!icmp_ln29)> <Delay = 0.42>
ST_1 : Operation 67 [1/1] (0.42ns)   --->   "%store_ln32 = store i4 %select_ln29_3, i4 %i" [pipeline/C_Pool.cpp:32]   --->   Operation 67 'store' 'store_ln32' <Predicate = (!icmp_ln29)> <Delay = 0.42>
ST_1 : Operation 68 [1/1] (0.42ns)   --->   "%store_ln32 = store i6 %select_ln31_5, i6 %indvar_flatten297" [pipeline/C_Pool.cpp:32]   --->   Operation 68 'store' 'store_ln32' <Predicate = (!icmp_ln29)> <Delay = 0.42>
ST_1 : Operation 69 [1/1] (0.42ns)   --->   "%store_ln32 = store i3 %select_ln31_3, i3 %z_1" [pipeline/C_Pool.cpp:32]   --->   Operation 69 'store' 'store_ln32' <Predicate = (!icmp_ln29)> <Delay = 0.42>
ST_1 : Operation 70 [1/1] (0.42ns)   --->   "%store_ln32 = store i3 %add_ln32, i3 %y" [pipeline/C_Pool.cpp:32]   --->   Operation 70 'store' 'store_ln32' <Predicate = (!icmp_ln29)> <Delay = 0.42>

State 2 <SV = 1> <Delay = 7.07>
ST_2 : Operation 71 [1/2] (1.23ns)   --->   "%Conv2_C3_V_load = load i9 %Conv2_C3_V_addr" [pipeline/C_Pool.cpp:37]   --->   Operation 71 'load' 'Conv2_C3_V_load' <Predicate = true> <Delay = 1.23> <CoreInst = "RAM_1WnR">   --->   Core 84 'RAM_1WnR' <Latency = 1> <II = 1> <Delay = 1.23> <Storage> <Opcode : 'load' 'store'> <Ports = 17> <Width = 16> <Depth = 512> <RAM>
ST_2 : Operation 72 [1/1] (1.10ns)   --->   "%icmp_ln1651 = icmp_slt  i16 %Conv2_C3_V_load, i16 62976"   --->   Operation 72 'icmp' 'icmp_ln1651' <Predicate = true> <Delay = 1.10> <CoreInst = "Cmp">   --->   Core 9 'Cmp' <Latency = 0> <II = 1> <Delay = 1.10> <FuncUnit> <Opcode : 'icmp'> <InPorts = 2> <OutPorts = 1>
ST_2 : Operation 73 [1/1] (0.35ns)   --->   "%select_ln38 = select i1 %icmp_ln1651, i16 62976, i16 %Conv2_C3_V_load" [pipeline/C_Pool.cpp:38]   --->   Operation 73 'select' 'select_ln38' <Predicate = true> <Delay = 0.35> <CoreInst = "Sel">   --->   Core 73 'Sel' <Latency = 0> <II = 1> <Delay = 0.35> <FuncUnit> <Opcode : 'select'> <InPorts = 3> <OutPorts = 1>
ST_2 : Operation 74 [1/2] (1.23ns)   --->   "%Conv2_C3_V_load_1 = load i9 %Conv2_C3_V_addr_1" [pipeline/C_Pool.cpp:37]   --->   Operation 74 'load' 'Conv2_C3_V_load_1' <Predicate = true> <Delay = 1.23> <CoreInst = "RAM_1WnR">   --->   Core 84 'RAM_1WnR' <Latency = 1> <II = 1> <Delay = 1.23> <Storage> <Opcode : 'load' 'store'> <Ports = 17> <Width = 16> <Depth = 512> <RAM>
ST_2 : Operation 75 [1/1] (1.10ns)   --->   "%icmp_ln1651_7 = icmp_slt  i16 %Conv2_C3_V_load_1, i16 %select_ln38"   --->   Operation 75 'icmp' 'icmp_ln1651_7' <Predicate = true> <Delay = 1.10> <CoreInst = "Cmp">   --->   Core 9 'Cmp' <Latency = 0> <II = 1> <Delay = 1.10> <FuncUnit> <Opcode : 'icmp'> <InPorts = 2> <OutPorts = 1>
ST_2 : Operation 76 [1/1] (0.00ns) (grouped into LUT with out node select_ln38_1)   --->   "%xor_ln1651 = xor i1 %icmp_ln1651_7, i1 1"   --->   Operation 76 'xor' 'xor_ln1651' <Predicate = true> <Delay = 0.00> <CoreInst = "LogicGate">   --->   Core 74 'LogicGate' <Latency = 0> <II = 1> <Delay = 0.28> <FuncUnit> <Opcode : 'and' 'or' 'xor'> <InPorts = 2> <OutPorts = 1>
ST_2 : Operation 77 [1/1] (0.35ns) (out node of the LUT)   --->   "%select_ln38_1 = select i1 %xor_ln1651, i16 %Conv2_C3_V_load_1, i16 %select_ln38" [pipeline/C_Pool.cpp:38]   --->   Operation 77 'select' 'select_ln38_1' <Predicate = true> <Delay = 0.35> <CoreInst = "Sel">   --->   Core 73 'Sel' <Latency = 0> <II = 1> <Delay = 0.35> <FuncUnit> <Opcode : 'select'> <InPorts = 3> <OutPorts = 1>
ST_2 : Operation 78 [1/2] (1.23ns)   --->   "%Conv2_C3_V_load_2 = load i9 %Conv2_C3_V_addr_2" [pipeline/C_Pool.cpp:37]   --->   Operation 78 'load' 'Conv2_C3_V_load_2' <Predicate = true> <Delay = 1.23> <CoreInst = "RAM_1WnR">   --->   Core 84 'RAM_1WnR' <Latency = 1> <II = 1> <Delay = 1.23> <Storage> <Opcode : 'load' 'store'> <Ports = 17> <Width = 16> <Depth = 512> <RAM>
ST_2 : Operation 79 [1/1] (1.10ns)   --->   "%icmp_ln1651_8 = icmp_slt  i16 %Conv2_C3_V_load_2, i16 %select_ln38_1"   --->   Operation 79 'icmp' 'icmp_ln1651_8' <Predicate = true> <Delay = 1.10> <CoreInst = "Cmp">   --->   Core 9 'Cmp' <Latency = 0> <II = 1> <Delay = 1.10> <FuncUnit> <Opcode : 'icmp'> <InPorts = 2> <OutPorts = 1>
ST_2 : Operation 80 [1/1] (0.00ns) (grouped into LUT with out node select_ln38_2)   --->   "%xor_ln1651_5 = xor i1 %icmp_ln1651_8, i1 1"   --->   Operation 80 'xor' 'xor_ln1651_5' <Predicate = true> <Delay = 0.00> <CoreInst = "LogicGate">   --->   Core 74 'LogicGate' <Latency = 0> <II = 1> <Delay = 0.28> <FuncUnit> <Opcode : 'and' 'or' 'xor'> <InPorts = 2> <OutPorts = 1>
ST_2 : Operation 81 [1/1] (0.35ns) (out node of the LUT)   --->   "%select_ln38_2 = select i1 %xor_ln1651_5, i16 %Conv2_C3_V_load_2, i16 %select_ln38_1" [pipeline/C_Pool.cpp:38]   --->   Operation 81 'select' 'select_ln38_2' <Predicate = true> <Delay = 0.35> <CoreInst = "Sel">   --->   Core 73 'Sel' <Latency = 0> <II = 1> <Delay = 0.35> <FuncUnit> <Opcode : 'select'> <InPorts = 3> <OutPorts = 1>
ST_2 : Operation 82 [1/2] (1.23ns)   --->   "%Conv2_C3_V_load_3 = load i9 %Conv2_C3_V_addr_3" [pipeline/C_Pool.cpp:37]   --->   Operation 82 'load' 'Conv2_C3_V_load_3' <Predicate = true> <Delay = 1.23> <CoreInst = "RAM_1WnR">   --->   Core 84 'RAM_1WnR' <Latency = 1> <II = 1> <Delay = 1.23> <Storage> <Opcode : 'load' 'store'> <Ports = 17> <Width = 16> <Depth = 512> <RAM>
ST_2 : Operation 83 [1/1] (1.10ns)   --->   "%icmp_ln1651_9 = icmp_slt  i16 %Conv2_C3_V_load_3, i16 %select_ln38_2"   --->   Operation 83 'icmp' 'icmp_ln1651_9' <Predicate = true> <Delay = 1.10> <CoreInst = "Cmp">   --->   Core 9 'Cmp' <Latency = 0> <II = 1> <Delay = 1.10> <FuncUnit> <Opcode : 'icmp'> <InPorts = 2> <OutPorts = 1>
ST_2 : Operation 84 [1/1] (0.00ns) (grouped into LUT with out node select_ln38_3)   --->   "%xor_ln1651_6 = xor i1 %icmp_ln1651_9, i1 1"   --->   Operation 84 'xor' 'xor_ln1651_6' <Predicate = true> <Delay = 0.00> <CoreInst = "LogicGate">   --->   Core 74 'LogicGate' <Latency = 0> <II = 1> <Delay = 0.28> <FuncUnit> <Opcode : 'and' 'or' 'xor'> <InPorts = 2> <OutPorts = 1>
ST_2 : Operation 85 [1/1] (0.35ns) (out node of the LUT)   --->   "%select_ln38_3 = select i1 %xor_ln1651_6, i16 %Conv2_C3_V_load_3, i16 %select_ln38_2" [pipeline/C_Pool.cpp:38]   --->   Operation 85 'select' 'select_ln38_3' <Predicate = true> <Delay = 0.35> <CoreInst = "Sel">   --->   Core 73 'Sel' <Latency = 0> <II = 1> <Delay = 0.35> <FuncUnit> <Opcode : 'select'> <InPorts = 3> <OutPorts = 1>
ST_2 : Operation 109 [1/1] (0.00ns)   --->   "%ret_ln0 = ret"   --->   Operation 109 'ret' 'ret_ln0' <Predicate = (icmp_ln29)> <Delay = 0.00>

State 3 <SV = 2> <Delay = 3.62>
ST_3 : Operation 86 [1/1] (0.00ns)   --->   "%index_load = load i5 %index" [pipeline/C_Pool.cpp:29]   --->   Operation 86 'load' 'index_load' <Predicate = (!icmp_ln31 & !and_ln29)> <Delay = 0.00>
ST_3 : Operation 87 [1/1] (0.00ns)   --->   "%index_3_load = load i5 %index_3" [pipeline/C_Pool.cpp:29]   --->   Operation 87 'load' 'index_3_load' <Predicate = (!icmp_ln31)> <Delay = 0.00>
ST_3 : Operation 88 [1/1] (0.00ns)   --->   "%specloopname_ln0 = specloopname void @_ssdm_op_SpecLoopName, void @VITIS_LOOP_29_1_VITIS_LOOP_31_2_VITIS_LOOP_32_3_str"   --->   Operation 88 'specloopname' 'specloopname_ln0' <Predicate = true> <Delay = 0.00>
ST_3 : Operation 89 [1/1] (0.00ns)   --->   "%empty_561 = speclooptripcount i32 @_ssdm_op_SpecLoopTripCount, i64 128, i64 128, i64 128"   --->   Operation 89 'speclooptripcount' 'empty_561' <Predicate = true> <Delay = 0.00>
ST_3 : Operation 90 [1/1] (0.41ns)   --->   "%select_ln29 = select i1 %icmp_ln31, i5 0, i5 %index_3_load" [pipeline/C_Pool.cpp:29]   --->   Operation 90 'select' 'select_ln29' <Predicate = true> <Delay = 0.41> <CoreInst = "Sel">   --->   Core 73 'Sel' <Latency = 0> <II = 1> <Delay = 0.41> <FuncUnit> <Opcode : 'select'> <InPorts = 3> <OutPorts = 1>
ST_3 : Operation 91 [1/1] (0.00ns) (grouped into LUT with out node select_ln31)   --->   "%select_ln29_2 = select i1 %icmp_ln31, i5 0, i5 %index_load" [pipeline/C_Pool.cpp:29]   --->   Operation 91 'select' 'select_ln29_2' <Predicate = (!and_ln29)> <Delay = 0.00> <CoreInst = "Sel">   --->   Core 73 'Sel' <Latency = 0> <II = 1> <Delay = 0.41> <FuncUnit> <Opcode : 'select'> <InPorts = 3> <OutPorts = 1>
ST_3 : Operation 92 [1/1] (0.00ns)   --->   "%p_mid4 = bitconcatenate i7 @_ssdm_op_BitConcatenate.i7.i3.i4, i3 %trunc_ln29, i4 0" [pipeline/C_Pool.cpp:29]   --->   Operation 92 'bitconcatenate' 'p_mid4' <Predicate = true> <Delay = 0.00>
ST_3 : Operation 93 [1/1] (0.00ns)   --->   "%specpipeline_ln0 = specpipeline void @_ssdm_op_SpecPipeline, i32 4294967295, i32 0, i32 1, i32 0, void @p_str"   --->   Operation 93 'specpipeline' 'specpipeline_ln0' <Predicate = true> <Delay = 0.00>
ST_3 : Operation 94 [1/1] (0.78ns)   --->   "%add_ln31_2 = add i5 %select_ln29, i5 4" [pipeline/C_Pool.cpp:31]   --->   Operation 94 'add' 'add_ln31_2' <Predicate = true> <Delay = 0.78> <CoreInst = "Adder">   --->   Core 1 'Adder' <Latency = 0> <II = 1> <Delay = 0.78> <FuncUnit> <Opcode : 'add' 'sub'> <InPorts = 2> <OutPorts = 1>
ST_3 : Operation 95 [1/1] (0.00ns)   --->   "%specloopname_ln0 = specloopname void @_ssdm_op_SpecLoopName, void @VITIS_LOOP_31_2_VITIS_LOOP_32_3_str"   --->   Operation 95 'specloopname' 'specloopname_ln0' <Predicate = true> <Delay = 0.00>
ST_3 : Operation 96 [1/1] (0.41ns) (out node of the LUT)   --->   "%select_ln31 = select i1 %and_ln29, i5 %add_ln31_2, i5 %select_ln29_2" [pipeline/C_Pool.cpp:31]   --->   Operation 96 'select' 'select_ln31' <Predicate = true> <Delay = 0.41> <CoreInst = "Sel">   --->   Core 73 'Sel' <Latency = 0> <II = 1> <Delay = 0.41> <FuncUnit> <Opcode : 'select'> <InPorts = 3> <OutPorts = 1>
ST_3 : Operation 97 [1/1] (0.00ns)   --->   "%specpipeline_ln0 = specpipeline void @_ssdm_op_SpecPipeline, i32 4294967295, i32 0, i32 1, i32 0, void @p_str"   --->   Operation 97 'specpipeline' 'specpipeline_ln0' <Predicate = true> <Delay = 0.00>
ST_3 : Operation 98 [1/1] (0.41ns)   --->   "%select_ln31_2 = select i1 %and_ln29, i5 %add_ln31_2, i5 %select_ln29" [pipeline/C_Pool.cpp:31]   --->   Operation 98 'select' 'select_ln31_2' <Predicate = true> <Delay = 0.41> <CoreInst = "Sel">   --->   Core 73 'Sel' <Latency = 0> <II = 1> <Delay = 0.41> <FuncUnit> <Opcode : 'select'> <InPorts = 3> <OutPorts = 1>
ST_3 : Operation 99 [1/1] (0.00ns)   --->   "%index_4_cast = zext i5 %select_ln31" [pipeline/C_Pool.cpp:31]   --->   Operation 99 'zext' 'index_4_cast' <Predicate = true> <Delay = 0.00>
ST_3 : Operation 100 [1/1] (0.00ns)   --->   "%specloopname_ln28 = specloopname void @_ssdm_op_SpecLoopName, void @empty" [pipeline/C_Pool.cpp:28]   --->   Operation 100 'specloopname' 'specloopname_ln28' <Predicate = true> <Delay = 0.00>
ST_3 : Operation 101 [1/1] (0.77ns)   --->   "%add_ln41 = add i7 %index_4_cast, i7 %p_mid4" [pipeline/C_Pool.cpp:41]   --->   Operation 101 'add' 'add_ln41' <Predicate = true> <Delay = 0.77> <CoreInst = "Adder">   --->   Core 1 'Adder' <Latency = 0> <II = 1> <Delay = 0.77> <FuncUnit> <Opcode : 'add' 'sub'> <InPorts = 2> <OutPorts = 1>
ST_3 : Operation 102 [1/1] (0.00ns)   --->   "%zext_ln42 = zext i7 %add_ln41" [pipeline/C_Pool.cpp:42]   --->   Operation 102 'zext' 'zext_ln42' <Predicate = true> <Delay = 0.00>
ST_3 : Operation 103 [1/1] (0.00ns)   --->   "%MaxPool_S4_V_addr = getelementptr i16 %MaxPool_S4_V, i64 0, i64 %zext_ln42" [pipeline/C_Pool.cpp:42]   --->   Operation 103 'getelementptr' 'MaxPool_S4_V_addr' <Predicate = true> <Delay = 0.00>
ST_3 : Operation 104 [1/1] (1.23ns)   --->   "%store_ln42 = store i16 %select_ln38_3, i7 %MaxPool_S4_V_addr" [pipeline/C_Pool.cpp:42]   --->   Operation 104 'store' 'store_ln42' <Predicate = true> <Delay = 1.23> <CoreInst = "RAM">   --->   Core 83 'RAM' <Latency = 1> <II = 1> <Delay = 1.23> <Storage> <Opcode : 'load' 'store'> <Ports = 2> <Width = 16> <Depth = 128> <RAM>
ST_3 : Operation 105 [1/1] (0.78ns)   --->   "%add_ln43_1 = add i5 %select_ln31, i5 1" [pipeline/C_Pool.cpp:43]   --->   Operation 105 'add' 'add_ln43_1' <Predicate = true> <Delay = 0.78> <CoreInst = "Adder">   --->   Core 1 'Adder' <Latency = 0> <II = 1> <Delay = 0.78> <FuncUnit> <Opcode : 'add' 'sub'> <InPorts = 2> <OutPorts = 1>
ST_3 : Operation 106 [1/1] (0.42ns)   --->   "%store_ln32 = store i5 %select_ln31_2, i5 %index_3" [pipeline/C_Pool.cpp:32]   --->   Operation 106 'store' 'store_ln32' <Predicate = true> <Delay = 0.42>
ST_3 : Operation 107 [1/1] (0.42ns)   --->   "%store_ln32 = store i5 %add_ln43_1, i5 %index" [pipeline/C_Pool.cpp:32]   --->   Operation 107 'store' 'store_ln32' <Predicate = true> <Delay = 0.42>
ST_3 : Operation 108 [1/1] (0.00ns)   --->   "%br_ln32 = br void %if.end.i.i.i.i100" [pipeline/C_Pool.cpp:32]   --->   Operation 108 'br' 'br_ln32' <Predicate = true> <Delay = 0.00>


============================================================
+ Verbose Summary: Timing violations
============================================================
Target clock period: 10ns, clock uncertainty: 2.7ns.

 <State 1>: 3.08ns
The critical path consists of the following:
	'alloca' operation ('indvar_flatten297') [7]  (0 ns)
	'load' operation ('indvar_flatten297_load', pipeline/C_Pool.cpp:31) on local variable 'indvar_flatten297' [30]  (0 ns)
	'icmp' operation ('icmp_ln31', pipeline/C_Pool.cpp:31) [34]  (0.785 ns)
	'select' operation ('select_ln29_1', pipeline/C_Pool.cpp:29) [36]  (0.208 ns)
	'add' operation ('add_ln31', pipeline/C_Pool.cpp:31) [46]  (0.673 ns)
	'select' operation ('select_ln31_4', pipeline/C_Pool.cpp:31) [60]  (0.179 ns)
	'getelementptr' operation ('Conv2_C3_V_addr', pipeline/C_Pool.cpp:37) [63]  (0 ns)
	'load' operation ('Conv2_C3_V_load', pipeline/C_Pool.cpp:37) on array 'Conv2_C3_V' [64]  (1.24 ns)

 <State 2>: 7.07ns
The critical path consists of the following:
	'load' operation ('Conv2_C3_V_load', pipeline/C_Pool.cpp:37) on array 'Conv2_C3_V' [64]  (1.24 ns)
	'icmp' operation ('icmp_ln1651') [65]  (1.1 ns)
	'select' operation ('select_ln38', pipeline/C_Pool.cpp:38) [66]  (0.357 ns)
	'icmp' operation ('icmp_ln1651_7') [71]  (1.1 ns)
	'xor' operation ('xor_ln1651') [72]  (0 ns)
	'select' operation ('select_ln38_1', pipeline/C_Pool.cpp:38) [73]  (0.357 ns)
	'icmp' operation ('icmp_ln1651_8') [78]  (1.1 ns)
	'xor' operation ('xor_ln1651_5') [79]  (0 ns)
	'select' operation ('select_ln38_2', pipeline/C_Pool.cpp:38) [80]  (0.357 ns)
	'icmp' operation ('icmp_ln1651_9') [85]  (1.1 ns)
	'xor' operation ('xor_ln1651_6') [86]  (0 ns)
	'select' operation ('select_ln38_3', pipeline/C_Pool.cpp:38) [87]  (0.357 ns)

 <State 3>: 3.63ns
The critical path consists of the following:
	'load' operation ('index_3_load', pipeline/C_Pool.cpp:29) on local variable 'index' [29]  (0 ns)
	'select' operation ('select_ln29', pipeline/C_Pool.cpp:29) [35]  (0.414 ns)
	'add' operation ('add_ln31_2', pipeline/C_Pool.cpp:31) [47]  (0.789 ns)
	'select' operation ('select_ln31', pipeline/C_Pool.cpp:31) [49]  (0.414 ns)
	'add' operation ('add_ln41', pipeline/C_Pool.cpp:41) [88]  (0.773 ns)
	'getelementptr' operation ('MaxPool_S4_V_addr', pipeline/C_Pool.cpp:42) [90]  (0 ns)
	'store' operation ('store_ln42', pipeline/C_Pool.cpp:42) of variable 'select_ln38_3', pipeline/C_Pool.cpp:38 on array 'MaxPool_S4_V' [91]  (1.24 ns)


============================================================
+ Verbose Summary: Binding
============================================================
N/A
* FSMD analyzer results:
  - Output states:
 - Input state : 
  - Chain level:
	State 1
	State 2
	State 3


============================================================
+ Verbose Summary: Datapath Resource usage 
============================================================
N/A
