

================================================================
== Vitis HLS Report for 'C_CNN_Pipeline_loop_for_fc_1_loop_for_fb_1_loop_for_fa_1'
================================================================
* Date:           Wed Apr 15 01:46:22 2026

* Version:        2022.2 (Build 3670227 on Oct 13 2022)
* Project:        ProjectOne
* Solution:       solution1 (Vivado IP Flow Target)
* Product family: zynquplus
* Target device:  xck26-sfvc784-2LV-c


================================================================
== Performance Estimates
================================================================
+ Timing: 
    * Summary: 
    +--------+----------+----------+------------+
    |  Clock |  Target  | Estimated| Uncertainty|
    +--------+----------+----------+------------+
    |ap_clk  |  10.00 ns|  7.300 ns|     2.70 ns|
    +--------+----------+----------+------------+

+ Latency: 
    * Summary: 
    +---------+---------+----------+----------+-----+-----+---------+
    |  Latency (cycles) |  Latency (absolute) |  Interval | Pipeline|
    |   min   |   max   |    min   |    max   | min | max |   Type  |
    +---------+---------+----------+----------+-----+-----+---------+
    |      106|      106|  1.060 us|  1.060 us|  106|  106|       no|
    +---------+---------+----------+----------+-----+-----+---------+

    + Detail: 
        * Instance: 
        N/A

        * Loop: 
        +---------------------------------------------+---------+---------+----------+-----------+-----------+------+----------+
        |                                             |  Latency (cycles) | Iteration|  Initiation Interval  | Trip |          |
        |                  Loop Name                  |   min   |   max   |  Latency |  achieved |   target  | Count| Pipelined|
        +---------------------------------------------+---------+---------+----------+-----------+-----------+------+----------+
        |- loop_for_fc_1_loop_for_fb_1_loop_for_fa_1  |      104|      104|         6|          1|          1|   100|       yes|
        +---------------------------------------------+---------+---------+----------+-----------+-----------+------+----------+

============================================================
+ Verbose Summary: Synthesis Manager
============================================================
InlineROM: 1
ExposeGlobal: 0
============================================================
+ Verbose Summary: CDFG Model
============================================================
IsTopModel: 0
ResetActiveHigh: 1
IsCombinational: 0
IsDatapathOnly: 0
HasWiredReturn: 1
HasMFsm: 2
HasVarLatency: 1
IsPipeline: 0
IsRtlPipelined: 0
IsInstanceOverlapped: 0
IsDontTouch: 0
HasImplIP: 0
IsGatedGlobalClock: 0

+ Individual pipeline summary: 
  * Pipeline-0: initiation interval (II) = 1, depth = 6


============================================================
+ Verbose Summary: Schedule
============================================================
* Number of FSM states : 6
* Pipeline : 1
  Pipeline-0 : II = 1, D = 6, States = { 1 2 3 4 5 6 }
* Dataflow Pipeline: 0

* FSM state transitions: 
1 --> 2 
2 --> 3 
3 --> 4 
4 --> 5 
5 --> 6 
6 --> 

* FSM state operations: 

State 1 <SV = 0> <Delay = 1.24>
ST_1 : Operation 9 [1/1] (0.00ns)   --->   "%lhs = alloca i32 1"   --->   Operation 9 'alloca' 'lhs' <Predicate = true> <Delay = 0.00>
ST_1 : Operation 10 [1/1] (0.00ns)   --->   "%j = alloca i32 1"   --->   Operation 10 'alloca' 'j' <Predicate = true> <Delay = 0.00>
ST_1 : Operation 11 [1/1] (0.00ns)   --->   "%i = alloca i32 1"   --->   Operation 11 'alloca' 'i' <Predicate = true> <Delay = 0.00>
ST_1 : Operation 12 [1/1] (0.00ns)   --->   "%indvar_flatten211 = alloca i32 1"   --->   Operation 12 'alloca' 'indvar_flatten211' <Predicate = true> <Delay = 0.00>
ST_1 : Operation 13 [1/1] (0.00ns)   --->   "%k = alloca i32 1"   --->   Operation 13 'alloca' 'k' <Predicate = true> <Delay = 0.00>
ST_1 : Operation 14 [1/1] (0.00ns)   --->   "%indvar_flatten243 = alloca i32 1"   --->   Operation 14 'alloca' 'indvar_flatten243' <Predicate = true> <Delay = 0.00>
ST_1 : Operation 15 [1/1] (0.00ns)   --->   "%zext_ln32_1_read = read i4 @_ssdm_op_Read.ap_auto.i4, i4 %zext_ln32_1"   --->   Operation 15 'read' 'zext_ln32_1_read' <Predicate = true> <Delay = 0.00>
ST_1 : Operation 16 [1/1] (0.00ns)   --->   "%p_mid1239_read = read i9 @_ssdm_op_Read.ap_auto.i9, i9 %p_mid1239"   --->   Operation 16 'read' 'p_mid1239_read' <Predicate = true> <Delay = 0.00>
ST_1 : Operation 17 [1/1] (0.00ns)   --->   "%select_ln30_2_read = read i4 @_ssdm_op_Read.ap_auto.i4, i4 %select_ln30_2"   --->   Operation 17 'read' 'select_ln30_2_read' <Predicate = true> <Delay = 0.00>
ST_1 : Operation 18 [1/1] (0.00ns)   --->   "%sext_ln35_mid2_read = read i63 @_ssdm_op_Read.ap_auto.i63, i63 %sext_ln35_mid2"   --->   Operation 18 'read' 'sext_ln35_mid2_read' <Predicate = true> <Delay = 0.00>
ST_1 : Operation 19 [1/1] (0.00ns)   --->   "%zext_ln32_1_cast = zext i4 %zext_ln32_1_read"   --->   Operation 19 'zext' 'zext_ln32_1_cast' <Predicate = true> <Delay = 0.00>
ST_1 : Operation 20 [1/1] (0.00ns)   --->   "%sext_ln35_mid2_cast = sext i63 %sext_ln35_mid2_read"   --->   Operation 20 'sext' 'sext_ln35_mid2_cast' <Predicate = true> <Delay = 0.00>
ST_1 : Operation 21 [1/1] (0.00ns)   --->   "%specinterface_ln0 = specinterface void @_ssdm_op_SpecInterface, i16 %gmem1, void @empty_7, i32 0, i32 0, void @empty_8, i32 0, i32 0, void @empty_11, void @empty_1, void @empty_8, i32 16, i32 16, i32 16, i32 16, void @empty_8, void @empty_8, i32 4294967295, i32 0"   --->   Operation 21 'specinterface' 'specinterface_ln0' <Predicate = true> <Delay = 0.00>
ST_1 : Operation 22 [1/1] (0.42ns)   --->   "%store_ln0 = store i7 0, i7 %indvar_flatten243"   --->   Operation 22 'store' 'store_ln0' <Predicate = true> <Delay = 0.42>
ST_1 : Operation 23 [1/1] (0.42ns)   --->   "%store_ln0 = store i3 0, i3 %k"   --->   Operation 23 'store' 'store_ln0' <Predicate = true> <Delay = 0.42>
ST_1 : Operation 24 [1/1] (0.42ns)   --->   "%store_ln0 = store i6 0, i6 %indvar_flatten211"   --->   Operation 24 'store' 'store_ln0' <Predicate = true> <Delay = 0.42>
ST_1 : Operation 25 [1/1] (0.42ns)   --->   "%store_ln0 = store i3 0, i3 %i"   --->   Operation 25 'store' 'store_ln0' <Predicate = true> <Delay = 0.42>
ST_1 : Operation 26 [1/1] (0.42ns)   --->   "%store_ln0 = store i3 0, i3 %j"   --->   Operation 26 'store' 'store_ln0' <Predicate = true> <Delay = 0.42>
ST_1 : Operation 27 [1/1] (0.42ns)   --->   "%store_ln0 = store i16 0, i16 %lhs"   --->   Operation 27 'store' 'store_ln0' <Predicate = true> <Delay = 0.42>
ST_1 : Operation 28 [1/1] (0.00ns)   --->   "%br_ln0 = br void %for.body20.i57"   --->   Operation 28 'br' 'br_ln0' <Predicate = true> <Delay = 0.00>
ST_1 : Operation 29 [1/1] (0.00ns)   --->   "%indvar_flatten243_load = load i7 %indvar_flatten243" [pipeline/C_Conv.cpp:35]   --->   Operation 29 'load' 'indvar_flatten243_load' <Predicate = true> <Delay = 0.00>
ST_1 : Operation 30 [1/1] (0.81ns)   --->   "%icmp_ln35 = icmp_eq  i7 %indvar_flatten243_load, i7 100" [pipeline/C_Conv.cpp:35]   --->   Operation 30 'icmp' 'icmp_ln35' <Predicate = true> <Delay = 0.81> <CoreInst = "Cmp">   --->   Core 9 'Cmp' <Latency = 0> <II = 1> <Delay = 0.81> <FuncUnit> <Opcode : 'icmp'> <InPorts = 2> <OutPorts = 1>
ST_1 : Operation 31 [1/1] (0.77ns)   --->   "%add_ln35 = add i7 %indvar_flatten243_load, i7 1" [pipeline/C_Conv.cpp:35]   --->   Operation 31 'add' 'add_ln35' <Predicate = true> <Delay = 0.77> <CoreInst = "Adder">   --->   Core 1 'Adder' <Latency = 0> <II = 1> <Delay = 0.77> <FuncUnit> <Opcode : 'add' 'sub'> <InPorts = 2> <OutPorts = 1>
ST_1 : Operation 32 [1/1] (0.00ns)   --->   "%br_ln35 = br i1 %icmp_ln35, void %for.inc40.i, void %_ZN13ap_fixed_baseILi17ELi9ELb1EL9ap_q_mode5EL9ap_o_mode3ELi0EEC2Ei.exit.i70.i67.exitStub" [pipeline/C_Conv.cpp:35]   --->   Operation 32 'br' 'br_ln35' <Predicate = true> <Delay = 0.00>
ST_1 : Operation 33 [1/1] (0.42ns)   --->   "%store_ln39 = store i7 %add_ln35, i7 %indvar_flatten243" [pipeline/C_Conv.cpp:39]   --->   Operation 33 'store' 'store_ln39' <Predicate = (!icmp_ln35)> <Delay = 0.42>

State 2 <SV = 1> <Delay = 7.30>
ST_2 : Operation 34 [1/1] (0.00ns)   --->   "%i_8 = load i3 %i" [pipeline/C_Conv.cpp:37]   --->   Operation 34 'load' 'i_8' <Predicate = true> <Delay = 0.00>
ST_2 : Operation 35 [1/1] (0.00ns)   --->   "%gmem1_addr = getelementptr i16 %gmem1, i64 %sext_ln35_mid2_cast" [pipeline/C_Conv.cpp:35]   --->   Operation 35 'getelementptr' 'gmem1_addr' <Predicate = true> <Delay = 0.00>
ST_2 : Operation 36 [1/1] (0.00ns)   --->   "%zext_ln37 = zext i3 %i_8" [pipeline/C_Conv.cpp:37]   --->   Operation 36 'zext' 'zext_ln37' <Predicate = true> <Delay = 0.00>
ST_2 : Operation 37 [1/1] (0.79ns)   --->   "%empty = add i4 %zext_ln37, i4 %select_ln30_2_read" [pipeline/C_Conv.cpp:37]   --->   Operation 37 'add' 'empty' <Predicate = true> <Delay = 0.79> <CoreInst = "Adder">   --->   Core 1 'Adder' <Latency = 0> <II = 1> <Delay = 0.79> <FuncUnit> <Opcode : 'add' 'sub'> <InPorts = 2> <OutPorts = 1>
ST_2 : Operation 38 [1/1] (0.00ns)   --->   "%p_shl = bitconcatenate i8 @_ssdm_op_BitConcatenate.i8.i4.i4, i4 %empty, i4 0" [pipeline/C_Conv.cpp:37]   --->   Operation 38 'bitconcatenate' 'p_shl' <Predicate = true> <Delay = 0.00>
ST_2 : Operation 39 [1/1] (0.00ns)   --->   "%p_shl16_cast = zext i8 %p_shl" [pipeline/C_Conv.cpp:37]   --->   Operation 39 'zext' 'p_shl16_cast' <Predicate = true> <Delay = 0.00>
ST_2 : Operation 40 [1/1] (0.00ns)   --->   "%p_shl14 = bitconcatenate i6 @_ssdm_op_BitConcatenate.i6.i4.i2, i4 %empty, i2 0" [pipeline/C_Conv.cpp:37]   --->   Operation 40 'bitconcatenate' 'p_shl14' <Predicate = true> <Delay = 0.00>
ST_2 : Operation 41 [1/1] (0.00ns)   --->   "%p_shl17_cast = zext i6 %p_shl14" [pipeline/C_Conv.cpp:37]   --->   Operation 41 'zext' 'p_shl17_cast' <Predicate = true> <Delay = 0.00>
ST_2 : Operation 42 [1/1] (0.76ns)   --->   "%empty_542 = sub i9 %p_shl16_cast, i9 %p_shl17_cast" [pipeline/C_Conv.cpp:37]   --->   Operation 42 'sub' 'empty_542' <Predicate = true> <Delay = 0.76> <CoreInst = "Adder">   --->   Core 1 'Adder' <Latency = 0> <II = 1> <Delay = 0.76> <FuncUnit> <Opcode : 'add' 'sub'> <InPorts = 2> <OutPorts = 1>
ST_2 : Operation 43 [1/1] (0.00ns)   --->   "%specpipeline_ln0 = specpipeline void @_ssdm_op_SpecPipeline, i32 4294967295, i32 0, i32 1, i32 0, void @p_str"   --->   Operation 43 'specpipeline' 'specpipeline_ln0' <Predicate = true> <Delay = 0.00>
ST_2 : Operation 44 [1/1] (0.00ns)   --->   "%j_load = load i3 %j" [pipeline/C_Conv.cpp:39]   --->   Operation 44 'load' 'j_load' <Predicate = (!icmp_ln35)> <Delay = 0.00>
ST_2 : Operation 45 [1/1] (0.00ns)   --->   "%indvar_flatten211_load = load i6 %indvar_flatten211" [pipeline/C_Conv.cpp:37]   --->   Operation 45 'load' 'indvar_flatten211_load' <Predicate = (!icmp_ln35)> <Delay = 0.00>
ST_2 : Operation 46 [1/1] (0.00ns)   --->   "%k_load = load i3 %k" [pipeline/C_Conv.cpp:35]   --->   Operation 46 'load' 'k_load' <Predicate = (!icmp_ln35)> <Delay = 0.00>
ST_2 : Operation 47 [1/1] (0.78ns)   --->   "%icmp_ln37 = icmp_eq  i6 %indvar_flatten211_load, i6 25" [pipeline/C_Conv.cpp:37]   --->   Operation 47 'icmp' 'icmp_ln37' <Predicate = (!icmp_ln35)> <Delay = 0.78> <CoreInst = "Cmp">   --->   Core 9 'Cmp' <Latency = 0> <II = 1> <Delay = 0.78> <FuncUnit> <Opcode : 'icmp'> <InPorts = 2> <OutPorts = 1>
ST_2 : Operation 48 [1/1] (0.20ns)   --->   "%select_ln35 = select i1 %icmp_ln37, i3 0, i3 %i_8" [pipeline/C_Conv.cpp:35]   --->   Operation 48 'select' 'select_ln35' <Predicate = (!icmp_ln35)> <Delay = 0.20> <CoreInst = "Sel">   --->   Core 73 'Sel' <Latency = 0> <II = 1> <Delay = 0.20> <FuncUnit> <Opcode : 'select'> <InPorts = 3> <OutPorts = 1>
ST_2 : Operation 49 [1/1] (0.67ns)   --->   "%add_ln35_1 = add i3 %k_load, i3 1" [pipeline/C_Conv.cpp:35]   --->   Operation 49 'add' 'add_ln35_1' <Predicate = (!icmp_ln35)> <Delay = 0.67> <CoreInst = "Adder">   --->   Core 1 'Adder' <Latency = 0> <II = 1> <Delay = 0.67> <FuncUnit> <Opcode : 'add' 'sub'> <InPorts = 2> <OutPorts = 1>
ST_2 : Operation 50 [1/1] (0.20ns)   --->   "%select_ln35_1 = select i1 %icmp_ln37, i3 %add_ln35_1, i3 %k_load" [pipeline/C_Conv.cpp:35]   --->   Operation 50 'select' 'select_ln35_1' <Predicate = (!icmp_ln35)> <Delay = 0.20> <CoreInst = "Sel">   --->   Core 73 'Sel' <Latency = 0> <II = 1> <Delay = 0.20> <FuncUnit> <Opcode : 'select'> <InPorts = 3> <OutPorts = 1>
ST_2 : Operation 51 [1/1] (0.00ns)   --->   "%trunc_ln35 = trunc i3 %select_ln35_1" [pipeline/C_Conv.cpp:35]   --->   Operation 51 'trunc' 'trunc_ln35' <Predicate = (!icmp_ln35)> <Delay = 0.00>
ST_2 : Operation 52 [1/1] (0.00ns) (grouped into LUT with out node select_ln37_1)   --->   "%select_ln35_2 = select i1 %icmp_ln37, i9 %p_mid1239_read, i9 %empty_542" [pipeline/C_Conv.cpp:35]   --->   Operation 52 'select' 'select_ln35_2' <Predicate = (!icmp_ln35)> <Delay = 0.00> <CoreInst = "Sel">   --->   Core 73 'Sel' <Latency = 0> <II = 1> <Delay = 0.39> <FuncUnit> <Opcode : 'select'> <InPorts = 3> <OutPorts = 1>
ST_2 : Operation 53 [1/1] (0.00ns) (grouped into LUT with out node and_ln35)   --->   "%xor_ln35 = xor i1 %icmp_ln37, i1 1" [pipeline/C_Conv.cpp:35]   --->   Operation 53 'xor' 'xor_ln35' <Predicate = (!icmp_ln35)> <Delay = 0.00> <CoreInst = "LogicGate">   --->   Core 74 'LogicGate' <Latency = 0> <II = 1> <Delay = 0.28> <FuncUnit> <Opcode : 'and' 'or' 'xor'> <InPorts = 2> <OutPorts = 1>
ST_2 : Operation 54 [1/1] (0.58ns)   --->   "%icmp_ln39 = icmp_eq  i3 %j_load, i3 5" [pipeline/C_Conv.cpp:39]   --->   Operation 54 'icmp' 'icmp_ln39' <Predicate = (!icmp_ln35)> <Delay = 0.58> <CoreInst = "Cmp">   --->   Core 9 'Cmp' <Latency = 0> <II = 1> <Delay = 0.58> <FuncUnit> <Opcode : 'icmp'> <InPorts = 2> <OutPorts = 1>
ST_2 : Operation 55 [1/1] (0.28ns) (out node of the LUT)   --->   "%and_ln35 = and i1 %icmp_ln39, i1 %xor_ln35" [pipeline/C_Conv.cpp:35]   --->   Operation 55 'and' 'and_ln35' <Predicate = (!icmp_ln35)> <Delay = 0.28> <CoreInst = "LogicGate">   --->   Core 74 'LogicGate' <Latency = 0> <II = 1> <Delay = 0.28> <FuncUnit> <Opcode : 'and' 'or' 'xor'> <InPorts = 2> <OutPorts = 1>
ST_2 : Operation 56 [1/1] (0.67ns)   --->   "%add_ln37 = add i3 %select_ln35, i3 1" [pipeline/C_Conv.cpp:37]   --->   Operation 56 'add' 'add_ln37' <Predicate = (!icmp_ln35)> <Delay = 0.67> <CoreInst = "Adder">   --->   Core 1 'Adder' <Latency = 0> <II = 1> <Delay = 0.67> <FuncUnit> <Opcode : 'add' 'sub'> <InPorts = 2> <OutPorts = 1>
ST_2 : Operation 57 [1/1] (0.00ns) (grouped into LUT with out node select_ln37)   --->   "%or_ln37 = or i1 %and_ln35, i1 %icmp_ln37" [pipeline/C_Conv.cpp:37]   --->   Operation 57 'or' 'or_ln37' <Predicate = (!icmp_ln35)> <Delay = 0.00> <CoreInst = "LogicGate">   --->   Core 74 'LogicGate' <Latency = 0> <II = 1> <Delay = 0.28> <FuncUnit> <Opcode : 'and' 'or' 'xor'> <InPorts = 2> <OutPorts = 1>
ST_2 : Operation 58 [1/1] (0.28ns) (out node of the LUT)   --->   "%select_ln37 = select i1 %or_ln37, i3 0, i3 %j_load" [pipeline/C_Conv.cpp:37]   --->   Operation 58 'select' 'select_ln37' <Predicate = (!icmp_ln35)> <Delay = 0.28> <CoreInst = "Sel">   --->   Core 73 'Sel' <Latency = 0> <II = 1> <Delay = 0.20> <FuncUnit> <Opcode : 'select'> <InPorts = 3> <OutPorts = 1>
ST_2 : Operation 59 [1/1] (0.00ns)   --->   "%zext_ln37_1 = zext i3 %add_ln37" [pipeline/C_Conv.cpp:37]   --->   Operation 59 'zext' 'zext_ln37_1' <Predicate = (!icmp_ln35)> <Delay = 0.00>
ST_2 : Operation 60 [1/1] (0.79ns)   --->   "%p_mid1207 = add i4 %zext_ln37_1, i4 %select_ln30_2_read" [pipeline/C_Conv.cpp:37]   --->   Operation 60 'add' 'p_mid1207' <Predicate = (!icmp_ln35)> <Delay = 0.79> <CoreInst = "Adder">   --->   Core 1 'Adder' <Latency = 0> <II = 1> <Delay = 0.79> <FuncUnit> <Opcode : 'add' 'sub'> <InPorts = 2> <OutPorts = 1>
ST_2 : Operation 61 [1/1] (0.00ns)   --->   "%p_shl16_mid1 = bitconcatenate i8 @_ssdm_op_BitConcatenate.i8.i4.i4, i4 %p_mid1207, i4 0" [pipeline/C_Conv.cpp:37]   --->   Operation 61 'bitconcatenate' 'p_shl16_mid1' <Predicate = (!icmp_ln35)> <Delay = 0.00>
ST_2 : Operation 62 [1/1] (0.00ns)   --->   "%p_shl16_cast_mid1 = zext i8 %p_shl16_mid1" [pipeline/C_Conv.cpp:37]   --->   Operation 62 'zext' 'p_shl16_cast_mid1' <Predicate = (!icmp_ln35)> <Delay = 0.00>
ST_2 : Operation 63 [1/1] (0.00ns)   --->   "%p_shl17_mid1 = bitconcatenate i6 @_ssdm_op_BitConcatenate.i6.i4.i2, i4 %p_mid1207, i2 0" [pipeline/C_Conv.cpp:37]   --->   Operation 63 'bitconcatenate' 'p_shl17_mid1' <Predicate = (!icmp_ln35)> <Delay = 0.00>
ST_2 : Operation 64 [1/1] (0.00ns)   --->   "%p_shl17_cast_mid1 = zext i6 %p_shl17_mid1" [pipeline/C_Conv.cpp:37]   --->   Operation 64 'zext' 'p_shl17_cast_mid1' <Predicate = (!icmp_ln35)> <Delay = 0.00>
ST_2 : Operation 65 [1/1] (0.76ns)   --->   "%p_mid1209 = sub i9 %p_shl16_cast_mid1, i9 %p_shl17_cast_mid1" [pipeline/C_Conv.cpp:37]   --->   Operation 65 'sub' 'p_mid1209' <Predicate = (!icmp_ln35)> <Delay = 0.76> <CoreInst = "Adder">   --->   Core 1 'Adder' <Latency = 0> <II = 1> <Delay = 0.76> <FuncUnit> <Opcode : 'add' 'sub'> <InPorts = 2> <OutPorts = 1>
ST_2 : Operation 66 [1/1] (0.39ns) (out node of the LUT)   --->   "%select_ln37_1 = select i1 %and_ln35, i9 %p_mid1209, i9 %select_ln35_2" [pipeline/C_Conv.cpp:37]   --->   Operation 66 'select' 'select_ln37_1' <Predicate = (!icmp_ln35)> <Delay = 0.39> <CoreInst = "Sel">   --->   Core 73 'Sel' <Latency = 0> <II = 1> <Delay = 0.39> <FuncUnit> <Opcode : 'select'> <InPorts = 3> <OutPorts = 1>
ST_2 : Operation 67 [1/1] (0.20ns)   --->   "%select_ln37_2 = select i1 %and_ln35, i3 %add_ln37, i3 %select_ln35" [pipeline/C_Conv.cpp:37]   --->   Operation 67 'select' 'select_ln37_2' <Predicate = (!icmp_ln35)> <Delay = 0.20> <CoreInst = "Sel">   --->   Core 73 'Sel' <Latency = 0> <II = 1> <Delay = 0.20> <FuncUnit> <Opcode : 'select'> <InPorts = 3> <OutPorts = 1>
ST_2 : Operation 68 [1/1] (0.00ns)   --->   "%j_2_cast = zext i3 %select_ln37" [pipeline/C_Conv.cpp:37]   --->   Operation 68 'zext' 'j_2_cast' <Predicate = (!icmp_ln35)> <Delay = 0.00>
ST_2 : Operation 69 [1/1] (0.00ns)   --->   "%tmp9 = bitconcatenate i9 @_ssdm_op_BitConcatenate.i9.i2.i1.i2.i4, i2 %trunc_ln35, i1 0, i2 %trunc_ln35, i4 0" [pipeline/C_Conv.cpp:40]   --->   Operation 69 'bitconcatenate' 'tmp9' <Predicate = (!icmp_ln35)> <Delay = 0.00>
ST_2 : Operation 70 [1/1] (0.00ns)   --->   "%zext_ln40 = zext i9 %tmp9" [pipeline/C_Conv.cpp:40]   --->   Operation 70 'zext' 'zext_ln40' <Predicate = (!icmp_ln35)> <Delay = 0.00>
ST_2 : Operation 71 [1/1] (0.00ns) (grouped into TernaryAdder)   --->   "%add_ln40 = add i9 %zext_ln32_1_cast, i9 %j_2_cast" [pipeline/C_Conv.cpp:40]   --->   Operation 71 'add' 'add_ln40' <Predicate = (!icmp_ln35)> <Delay = 0.00> <CoreInst = "TAddSub">   --->   Core 10 'TAddSub' <Latency = 0> <II = 1> <Delay = 0.50> <IPBlock> <Opcode : 'add' 'sub'> <InPorts = 3> <OutPorts = 1> <Sync> <CReg>
ST_2 : Operation 72 [1/1] (1.00ns) (root node of TernaryAdder)   --->   "%add_ln40_2 = add i9 %add_ln40, i9 %select_ln37_1" [pipeline/C_Conv.cpp:40]   --->   Operation 72 'add' 'add_ln40_2' <Predicate = (!icmp_ln35)> <Delay = 1.00> <CoreInst = "TAddSub">   --->   Core 10 'TAddSub' <Latency = 0> <II = 1> <Delay = 0.50> <IPBlock> <Opcode : 'add' 'sub'> <InPorts = 3> <OutPorts = 1> <Sync> <CReg>
ST_2 : Operation 73 [1/1] (0.00ns)   --->   "%sext_ln40 = sext i9 %add_ln40_2" [pipeline/C_Conv.cpp:40]   --->   Operation 73 'sext' 'sext_ln40' <Predicate = (!icmp_ln35)> <Delay = 0.00>
ST_2 : Operation 74 [1/1] (0.77ns)   --->   "%add_ln40_1 = add i10 %sext_ln40, i10 %zext_ln40" [pipeline/C_Conv.cpp:40]   --->   Operation 74 'add' 'add_ln40_1' <Predicate = (!icmp_ln35)> <Delay = 0.77> <CoreInst = "Adder">   --->   Core 1 'Adder' <Latency = 0> <II = 1> <Delay = 0.77> <FuncUnit> <Opcode : 'add' 'sub'> <InPorts = 2> <OutPorts = 1>
ST_2 : Operation 75 [1/1] (0.00ns)   --->   "%zext_ln1271 = zext i10 %add_ln40_1"   --->   Operation 75 'zext' 'zext_ln1271' <Predicate = (!icmp_ln35)> <Delay = 0.00>
ST_2 : Operation 76 [1/1] (7.30ns)   --->   "%r_V = read i16 @_ssdm_op_Read.m_axi.p1i16, i16 %gmem1_addr"   --->   Operation 76 'read' 'r_V' <Predicate = (!icmp_ln35)> <Delay = 7.30> <CoreInst = "m_axi">   --->   Core 121 'm_axi' <Latency = 0> <II = 1> <Delay = 1.00> <Adapter> <Opcode : 'read' 'write' 'readreq' 'writereq' 'writeresp'>
ST_2 : Operation 77 [1/1] (0.00ns)   --->   "%MaxPool_S2_V_addr = getelementptr i16 %MaxPool_S2_V, i64 0, i64 %zext_ln1271"   --->   Operation 77 'getelementptr' 'MaxPool_S2_V_addr' <Predicate = (!icmp_ln35)> <Delay = 0.00>
ST_2 : Operation 78 [2/2] (1.23ns)   --->   "%MaxPool_S2_V_load = load i10 %MaxPool_S2_V_addr"   --->   Operation 78 'load' 'MaxPool_S2_V_load' <Predicate = (!icmp_ln35)> <Delay = 1.23> <CoreInst = "RAM">   --->   Core 83 'RAM' <Latency = 1> <II = 1> <Delay = 1.23> <Storage> <Opcode : 'load' 'store'> <Ports = 2> <Width = 16> <Depth = 576> <RAM>
ST_2 : Operation 79 [1/1] (0.67ns)   --->   "%add_ln39 = add i3 %select_ln37, i3 1" [pipeline/C_Conv.cpp:39]   --->   Operation 79 'add' 'add_ln39' <Predicate = (!icmp_ln35)> <Delay = 0.67> <CoreInst = "Adder">   --->   Core 1 'Adder' <Latency = 0> <II = 1> <Delay = 0.67> <FuncUnit> <Opcode : 'add' 'sub'> <InPorts = 2> <OutPorts = 1>
ST_2 : Operation 80 [1/1] (0.78ns)   --->   "%add_ln37_1 = add i6 %indvar_flatten211_load, i6 1" [pipeline/C_Conv.cpp:37]   --->   Operation 80 'add' 'add_ln37_1' <Predicate = (!icmp_ln35)> <Delay = 0.78> <CoreInst = "Adder">   --->   Core 1 'Adder' <Latency = 0> <II = 1> <Delay = 0.78> <FuncUnit> <Opcode : 'add' 'sub'> <InPorts = 2> <OutPorts = 1>
ST_2 : Operation 81 [1/1] (0.38ns)   --->   "%select_ln37_3 = select i1 %icmp_ln37, i6 1, i6 %add_ln37_1" [pipeline/C_Conv.cpp:37]   --->   Operation 81 'select' 'select_ln37_3' <Predicate = (!icmp_ln35)> <Delay = 0.38> <CoreInst = "Sel">   --->   Core 73 'Sel' <Latency = 0> <II = 1> <Delay = 0.38> <FuncUnit> <Opcode : 'select'> <InPorts = 3> <OutPorts = 1>
ST_2 : Operation 82 [1/1] (0.42ns)   --->   "%store_ln39 = store i3 %select_ln35_1, i3 %k" [pipeline/C_Conv.cpp:39]   --->   Operation 82 'store' 'store_ln39' <Predicate = (!icmp_ln35)> <Delay = 0.42>
ST_2 : Operation 83 [1/1] (0.42ns)   --->   "%store_ln39 = store i6 %select_ln37_3, i6 %indvar_flatten211" [pipeline/C_Conv.cpp:39]   --->   Operation 83 'store' 'store_ln39' <Predicate = (!icmp_ln35)> <Delay = 0.42>
ST_2 : Operation 84 [1/1] (0.42ns)   --->   "%store_ln39 = store i3 %select_ln37_2, i3 %i" [pipeline/C_Conv.cpp:39]   --->   Operation 84 'store' 'store_ln39' <Predicate = (!icmp_ln35)> <Delay = 0.42>
ST_2 : Operation 85 [1/1] (0.42ns)   --->   "%store_ln39 = store i3 %add_ln39, i3 %j" [pipeline/C_Conv.cpp:39]   --->   Operation 85 'store' 'store_ln39' <Predicate = (!icmp_ln35)> <Delay = 0.42>

State 3 <SV = 2> <Delay = 2.23>
ST_3 : Operation 86 [1/1] (0.00ns)   --->   "%sext_ln1347 = sext i16 %r_V"   --->   Operation 86 'sext' 'sext_ln1347' <Predicate = true> <Delay = 0.00>
ST_3 : Operation 87 [1/2] (1.23ns)   --->   "%MaxPool_S2_V_load = load i10 %MaxPool_S2_V_addr"   --->   Operation 87 'load' 'MaxPool_S2_V_load' <Predicate = true> <Delay = 1.23> <CoreInst = "RAM">   --->   Core 83 'RAM' <Latency = 1> <II = 1> <Delay = 1.23> <Storage> <Opcode : 'load' 'store'> <Ports = 2> <Width = 16> <Depth = 576> <RAM>
ST_3 : Operation 88 [1/1] (0.00ns)   --->   "%sext_ln1347_154 = sext i16 %MaxPool_S2_V_load"   --->   Operation 88 'sext' 'sext_ln1347_154' <Predicate = true> <Delay = 0.00>
ST_3 : Operation 89 [3/3] (0.99ns) (grouped into DSP with root node ret_V)   --->   "%mul_ln1347 = mul i24 %sext_ln1347_154, i24 %sext_ln1347"   --->   Operation 89 'mul' 'mul_ln1347' <Predicate = true> <Delay = 0.99> <CoreInst = "DSP48">   --->   Core 127 'DSP48' <Latency = 3> <II = 1> <Delay = 0.53> <IPBlock> <Opcode : 'mul' 'add' 'sub' 'select'> <InPorts = 0> <OutPorts = 1> <Sync> <CReg>

State 4 <SV = 3> <Delay = 0.99>
ST_4 : Operation 90 [2/3] (0.99ns) (grouped into DSP with root node ret_V)   --->   "%mul_ln1347 = mul i24 %sext_ln1347_154, i24 %sext_ln1347"   --->   Operation 90 'mul' 'mul_ln1347' <Predicate = true> <Delay = 0.99> <CoreInst = "DSP48">   --->   Core 127 'DSP48' <Latency = 3> <II = 1> <Delay = 0.53> <IPBlock> <Opcode : 'mul' 'add' 'sub' 'select'> <InPorts = 0> <OutPorts = 1> <Sync> <CReg>

State 5 <SV = 4> <Delay = 0.64>
ST_5 : Operation 91 [1/1] (0.00ns)   --->   "%lhs_load_2 = load i16 %lhs"   --->   Operation 91 'load' 'lhs_load_2' <Predicate = true> <Delay = 0.00>
ST_5 : Operation 92 [1/3] (0.00ns) (grouped into DSP with root node ret_V)   --->   "%mul_ln1347 = mul i24 %sext_ln1347_154, i24 %sext_ln1347"   --->   Operation 92 'mul' 'mul_ln1347' <Predicate = true> <Delay = 0.00> <CoreInst = "DSP48">   --->   Core 127 'DSP48' <Latency = 3> <II = 1> <Delay = 0.53> <IPBlock> <Opcode : 'mul' 'add' 'sub' 'select'> <InPorts = 0> <OutPorts = 1> <Sync> <CReg>
ST_5 : Operation 93 [1/1] (0.00ns)   --->   "%lhs_2 = bitconcatenate i24 @_ssdm_op_BitConcatenate.i24.i16.i8, i16 %lhs_load_2, i8 0"   --->   Operation 93 'bitconcatenate' 'lhs_2' <Predicate = true> <Delay = 0.00>
ST_5 : Operation 94 [2/2] (0.64ns) (root node of the DSP)   --->   "%ret_V = add i24 %lhs_2, i24 %mul_ln1347"   --->   Operation 94 'add' 'ret_V' <Predicate = true> <Delay = 0.64> <CoreInst = "DSP48">   --->   Core 127 'DSP48' <Latency = 3> <II = 1> <Delay = 0.53> <IPBlock> <Opcode : 'mul' 'add' 'sub' 'select'> <InPorts = 0> <OutPorts = 1> <Sync> <CReg>
ST_5 : Operation 105 [1/1] (0.00ns)   --->   "%lhs_load = load i16 %lhs"   --->   Operation 105 'load' 'lhs_load' <Predicate = (icmp_ln35)> <Delay = 0.00>
ST_5 : Operation 106 [1/1] (0.00ns)   --->   "%write_ln0 = write void @_ssdm_op_Write.ap_auto.i16P0A, i16 %s_V_6_out, i16 %lhs_load"   --->   Operation 106 'write' 'write_ln0' <Predicate = (icmp_ln35)> <Delay = 0.00>
ST_5 : Operation 107 [1/1] (0.00ns)   --->   "%ret_ln0 = ret"   --->   Operation 107 'ret' 'ret_ln0' <Predicate = (icmp_ln35)> <Delay = 0.00>

State 6 <SV = 5> <Delay = 1.07>
ST_6 : Operation 95 [1/1] (0.00ns)   --->   "%specloopname_ln0 = specloopname void @_ssdm_op_SpecLoopName, void @loop_for_fc_1_loop_for_fb_1_loop_for_fa_1_str"   --->   Operation 95 'specloopname' 'specloopname_ln0' <Predicate = true> <Delay = 0.00>
ST_6 : Operation 96 [1/1] (0.00ns)   --->   "%empty_543 = speclooptripcount i32 @_ssdm_op_SpecLoopTripCount, i64 100, i64 100, i64 100"   --->   Operation 96 'speclooptripcount' 'empty_543' <Predicate = true> <Delay = 0.00>
ST_6 : Operation 97 [1/1] (0.00ns)   --->   "%specpipeline_ln0 = specpipeline void @_ssdm_op_SpecPipeline, i32 4294967295, i32 0, i32 1, i32 0, void @p_str"   --->   Operation 97 'specpipeline' 'specpipeline_ln0' <Predicate = true> <Delay = 0.00>
ST_6 : Operation 98 [1/1] (0.00ns)   --->   "%specloopname_ln0 = specloopname void @_ssdm_op_SpecLoopName, void @loop_for_fb_1_loop_for_fa_1_str"   --->   Operation 98 'specloopname' 'specloopname_ln0' <Predicate = true> <Delay = 0.00>
ST_6 : Operation 99 [1/1] (0.00ns)   --->   "%specpipeline_ln0 = specpipeline void @_ssdm_op_SpecPipeline, i32 4294967295, i32 0, i32 1, i32 0, void @p_str"   --->   Operation 99 'specpipeline' 'specpipeline_ln0' <Predicate = true> <Delay = 0.00>
ST_6 : Operation 100 [1/1] (0.00ns)   --->   "%specloopname_ln33 = specloopname void @_ssdm_op_SpecLoopName, void @empty_25" [pipeline/C_Conv.cpp:33]   --->   Operation 100 'specloopname' 'specloopname_ln33' <Predicate = true> <Delay = 0.00>
ST_6 : Operation 101 [1/2] (0.64ns) (root node of the DSP)   --->   "%ret_V = add i24 %lhs_2, i24 %mul_ln1347"   --->   Operation 101 'add' 'ret_V' <Predicate = true> <Delay = 0.64> <CoreInst = "DSP48">   --->   Core 127 'DSP48' <Latency = 3> <II = 1> <Delay = 0.53> <IPBlock> <Opcode : 'mul' 'add' 'sub' 'select'> <InPorts = 0> <OutPorts = 1> <Sync> <CReg>
ST_6 : Operation 102 [1/1] (0.00ns)   --->   "%s_V = partselect i16 @_ssdm_op_PartSelect.i16.i24.i32.i32, i24 %ret_V, i32 8, i32 23"   --->   Operation 102 'partselect' 's_V' <Predicate = true> <Delay = 0.00>
ST_6 : Operation 103 [1/1] (0.42ns)   --->   "%store_ln39 = store i16 %s_V, i16 %lhs" [pipeline/C_Conv.cpp:39]   --->   Operation 103 'store' 'store_ln39' <Predicate = true> <Delay = 0.42>
ST_6 : Operation 104 [1/1] (0.00ns)   --->   "%br_ln39 = br void %for.body20.i57" [pipeline/C_Conv.cpp:39]   --->   Operation 104 'br' 'br_ln39' <Predicate = true> <Delay = 0.00>


============================================================
+ Verbose Summary: Timing violations
============================================================
Target clock period: 10ns, clock uncertainty: 2.7ns.

 <State 1>: 1.24ns
The critical path consists of the following:
	'alloca' operation ('indvar_flatten243') [13]  (0 ns)
	'load' operation ('indvar_flatten243_load', pipeline/C_Conv.cpp:35) on local variable 'indvar_flatten243' [30]  (0 ns)
	'add' operation ('add_ln35', pipeline/C_Conv.cpp:35) [41]  (0.773 ns)
	'store' operation ('store_ln39', pipeline/C_Conv.cpp:39) of variable 'add_ln35', pipeline/C_Conv.cpp:35 on local variable 'indvar_flatten243' [95]  (0.427 ns)
	blocking operation 0.044 ns on control path)

 <State 2>: 7.3ns
The critical path consists of the following:
	'getelementptr' operation ('gmem1_addr', pipeline/C_Conv.cpp:35) [31]  (0 ns)
	bus read operation ('r.V') on port 'gmem1' [83]  (7.3 ns)

 <State 3>: 2.23ns
The critical path consists of the following:
	'load' operation ('MaxPool_S2_V_load') on array 'MaxPool_S2_V' [86]  (1.24 ns)
	'mul' operation of DSP[90] ('mul_ln1347') [88]  (0.996 ns)

 <State 4>: 0.996ns
The critical path consists of the following:
	'mul' operation of DSP[90] ('mul_ln1347') [88]  (0.996 ns)

 <State 5>: 0.645ns
The critical path consists of the following:
	'load' operation ('lhs_load_2') on local variable 'lhs' [44]  (0 ns)
	'add' operation of DSP[90] ('ret.V') [90]  (0.645 ns)

 <State 6>: 1.07ns
The critical path consists of the following:
	'add' operation of DSP[90] ('ret.V') [90]  (0.645 ns)
	'store' operation ('store_ln39', pipeline/C_Conv.cpp:39) of variable 's_V' on local variable 'lhs' [100]  (0.427 ns)


============================================================
+ Verbose Summary: Binding
============================================================
N/A
* FSMD analyzer results:
  - Output states:
 - Input state : 
  - Chain level:
	State 1
	State 2
	State 3
	State 4
	State 5
	State 6


============================================================
+ Verbose Summary: Datapath Resource usage 
============================================================
N/A
