

================================================================
== Vitis HLS Report for 'C_CNN_Pipeline_loop_for_a_Dense_0_loop_for_b_Dense_0'
================================================================
* Date:           Wed Apr 15 01:46:23 2026

* Version:        2022.2 (Build 3670227 on Oct 13 2022)
* Project:        ProjectOne
* Solution:       solution1 (Vivado IP Flow Target)
* Product family: zynquplus
* Target device:  xck26-sfvc784-2LV-c


================================================================
== Performance Estimates
================================================================
+ Timing: 
    * Summary: 
    +--------+----------+----------+------------+
    |  Clock |  Target  | Estimated| Uncertainty|
    +--------+----------+----------+------------+
    |ap_clk  |  10.00 ns|  7.300 ns|     2.70 ns|
    +--------+----------+----------+------------+

+ Latency: 
    * Summary: 
    +---------+---------+-----------+-----------+------+------+---------+
    |  Latency (cycles) |   Latency (absolute)  |   Interval  | Pipeline|
    |   min   |   max   |    min    |    max    |  min |  max |   Type  |
    +---------+---------+-----------+-----------+------+------+---------+
    |     8204|     8204|  82.040 us|  82.040 us|  8204|  8204|       no|
    +---------+---------+-----------+-----------+------+------+---------+

    + Detail: 
        * Instance: 
        N/A

        * Loop: 
        +-----------------------------------------+---------+---------+----------+-----------+-----------+------+----------+
        |                                         |  Latency (cycles) | Iteration|  Initiation Interval  | Trip |          |
        |                Loop Name                |   min   |   max   |  Latency |  achieved |   target  | Count| Pipelined|
        +-----------------------------------------+---------+---------+----------+-----------+-----------+------+----------+
        |- loop_for_a_Dense_0_loop_for_b_Dense_0  |     8202|     8202|        13|          2|          1|  4096|       yes|
        +-----------------------------------------+---------+---------+----------+-----------+-----------+------+----------+

============================================================
+ Verbose Summary: Synthesis Manager
============================================================
InlineROM: 1
ExposeGlobal: 0
============================================================
+ Verbose Summary: CDFG Model
============================================================
IsTopModel: 0
ResetActiveHigh: 1
IsCombinational: 0
IsDatapathOnly: 0
HasWiredReturn: 1
HasMFsm: 2
HasVarLatency: 1
IsPipeline: 0
IsRtlPipelined: 0
IsInstanceOverlapped: 0
IsDontTouch: 0
HasImplIP: 0
IsGatedGlobalClock: 0

+ Individual pipeline summary: 
  * Pipeline-0: initiation interval (II) = 2, depth = 13


============================================================
+ Verbose Summary: Schedule
============================================================
* Number of FSM states : 13
* Pipeline : 1
  Pipeline-0 : II = 2, D = 13, States = { 1 2 3 4 5 6 7 8 9 10 11 12 13 }
* Dataflow Pipeline: 0

* FSM state transitions: 
1 --> 2 
2 --> 3 
3 --> 4 
4 --> 5 
5 --> 6 
6 --> 7 
7 --> 8 
8 --> 9 
9 --> 10 
10 --> 11 
11 --> 12 
12 --> 13 
13 --> 

* FSM state operations: 

State 1 <SV = 0> <Delay = 3.14>
ST_1 : Operation 16 [1/1] (0.00ns)   --->   "%lhs = alloca i32 1"   --->   Operation 16 'alloca' 'lhs' <Predicate = true> <Delay = 0.00>
ST_1 : Operation 17 [1/1] (0.00ns)   --->   "%j = alloca i32 1"   --->   Operation 17 'alloca' 'j' <Predicate = true> <Delay = 0.00>
ST_1 : Operation 18 [1/1] (0.00ns)   --->   "%i = alloca i32 1"   --->   Operation 18 'alloca' 'i' <Predicate = true> <Delay = 0.00>
ST_1 : Operation 19 [1/1] (0.00ns)   --->   "%indvar_flatten351 = alloca i32 1"   --->   Operation 19 'alloca' 'indvar_flatten351' <Predicate = true> <Delay = 0.00>
ST_1 : Operation 20 [1/1] (0.00ns)   --->   "%sext_ln5_read = read i63 @_ssdm_op_Read.ap_auto.i63, i63 %sext_ln5"   --->   Operation 20 'read' 'sext_ln5_read' <Predicate = true> <Delay = 0.00>
ST_1 : Operation 21 [1/1] (0.00ns)   --->   "%Weights_read = read i64 @_ssdm_op_Read.ap_auto.i64, i64 %Weights"   --->   Operation 21 'read' 'Weights_read' <Predicate = true> <Delay = 0.00>
ST_1 : Operation 22 [1/1] (0.00ns)   --->   "%sext_ln5_cast = sext i63 %sext_ln5_read"   --->   Operation 22 'sext' 'sext_ln5_cast' <Predicate = true> <Delay = 0.00>
ST_1 : Operation 23 [1/1] (0.00ns)   --->   "%specinterface_ln0 = specinterface void @_ssdm_op_SpecInterface, i16 %gmem1, void @empty_7, i32 0, i32 0, void @empty_8, i32 0, i32 0, void @empty_11, void @empty_1, void @empty_8, i32 16, i32 16, i32 16, i32 16, void @empty_8, void @empty_8, i32 4294967295, i32 0"   --->   Operation 23 'specinterface' 'specinterface_ln0' <Predicate = true> <Delay = 0.00>
ST_1 : Operation 24 [1/1] (0.42ns)   --->   "%store_ln0 = store i13 0, i13 %indvar_flatten351"   --->   Operation 24 'store' 'store_ln0' <Predicate = true> <Delay = 0.42>
ST_1 : Operation 25 [1/1] (0.42ns)   --->   "%store_ln0 = store i6 0, i6 %i"   --->   Operation 25 'store' 'store_ln0' <Predicate = true> <Delay = 0.42>
ST_1 : Operation 26 [1/1] (0.42ns)   --->   "%store_ln0 = store i8 0, i8 %j"   --->   Operation 26 'store' 'store_ln0' <Predicate = true> <Delay = 0.42>
ST_1 : Operation 27 [1/1] (0.42ns)   --->   "%store_ln0 = store i16 0, i16 %lhs"   --->   Operation 27 'store' 'store_ln0' <Predicate = true> <Delay = 0.42>
ST_1 : Operation 28 [1/1] (0.00ns)   --->   "%br_ln0 = br void %for.body6.i"   --->   Operation 28 'br' 'br_ln0' <Predicate = true> <Delay = 0.00>
ST_1 : Operation 29 [1/1] (0.00ns)   --->   "%indvar_flatten351_load = load i13 %indvar_flatten351" [pipeline/C_Dense.cpp:5]   --->   Operation 29 'load' 'indvar_flatten351_load' <Predicate = true> <Delay = 0.00>
ST_1 : Operation 30 [1/1] (0.00ns)   --->   "%specpipeline_ln0 = specpipeline void @_ssdm_op_SpecPipeline, i32 4294967295, i32 0, i32 1, i32 0, void @p_str"   --->   Operation 30 'specpipeline' 'specpipeline_ln0' <Predicate = true> <Delay = 0.00>
ST_1 : Operation 31 [1/1] (1.00ns)   --->   "%icmp_ln5 = icmp_eq  i13 %indvar_flatten351_load, i13 4096" [pipeline/C_Dense.cpp:5]   --->   Operation 31 'icmp' 'icmp_ln5' <Predicate = true> <Delay = 1.00> <CoreInst = "Cmp">   --->   Core 9 'Cmp' <Latency = 0> <II = 1> <Delay = 1.00> <FuncUnit> <Opcode : 'icmp'> <InPorts = 2> <OutPorts = 1>
ST_1 : Operation 32 [1/1] (0.82ns)   --->   "%add_ln5 = add i13 %indvar_flatten351_load, i13 1" [pipeline/C_Dense.cpp:5]   --->   Operation 32 'add' 'add_ln5' <Predicate = true> <Delay = 0.82> <CoreInst = "Adder">   --->   Core 1 'Adder' <Latency = 0> <II = 1> <Delay = 0.82> <FuncUnit> <Opcode : 'add' 'sub'> <InPorts = 2> <OutPorts = 1>
ST_1 : Operation 33 [1/1] (0.00ns)   --->   "%br_ln5 = br i1 %icmp_ln5, void %for.end.i, void %for.body22.i.preheader.exitStub" [pipeline/C_Dense.cpp:5]   --->   Operation 33 'br' 'br_ln5' <Predicate = true> <Delay = 0.00>
ST_1 : Operation 34 [1/1] (0.00ns)   --->   "%j_load = load i8 %j" [pipeline/C_Dense.cpp:8]   --->   Operation 34 'load' 'j_load' <Predicate = (!icmp_ln5)> <Delay = 0.00>
ST_1 : Operation 35 [1/1] (0.00ns)   --->   "%i_load = load i6 %i" [pipeline/C_Dense.cpp:5]   --->   Operation 35 'load' 'i_load' <Predicate = (!icmp_ln5)> <Delay = 0.00>
ST_1 : Operation 36 [1/1] (0.84ns)   --->   "%icmp_ln8 = icmp_eq  i8 %j_load, i8 128" [pipeline/C_Dense.cpp:8]   --->   Operation 36 'icmp' 'icmp_ln8' <Predicate = (!icmp_ln5)> <Delay = 0.84> <CoreInst = "Cmp">   --->   Core 9 'Cmp' <Latency = 0> <II = 1> <Delay = 0.84> <FuncUnit> <Opcode : 'icmp'> <InPorts = 2> <OutPorts = 1>
ST_1 : Operation 37 [1/1] (0.39ns)   --->   "%select_ln5 = select i1 %icmp_ln8, i8 0, i8 %j_load" [pipeline/C_Dense.cpp:5]   --->   Operation 37 'select' 'select_ln5' <Predicate = (!icmp_ln5)> <Delay = 0.39> <CoreInst = "Sel">   --->   Core 73 'Sel' <Latency = 0> <II = 1> <Delay = 0.39> <FuncUnit> <Opcode : 'select'> <InPorts = 3> <OutPorts = 1>
ST_1 : Operation 38 [1/1] (0.78ns)   --->   "%add_ln5_3 = add i6 %i_load, i6 1" [pipeline/C_Dense.cpp:5]   --->   Operation 38 'add' 'add_ln5_3' <Predicate = (!icmp_ln5)> <Delay = 0.78> <CoreInst = "Adder">   --->   Core 1 'Adder' <Latency = 0> <II = 1> <Delay = 0.78> <FuncUnit> <Opcode : 'add' 'sub'> <InPorts = 2> <OutPorts = 1>
ST_1 : Operation 39 [1/1] (0.38ns)   --->   "%select_ln5_9 = select i1 %icmp_ln8, i6 %add_ln5_3, i6 %i_load" [pipeline/C_Dense.cpp:5]   --->   Operation 39 'select' 'select_ln5_9' <Predicate = (!icmp_ln5)> <Delay = 0.38> <CoreInst = "Sel">   --->   Core 73 'Sel' <Latency = 0> <II = 1> <Delay = 0.38> <FuncUnit> <Opcode : 'select'> <InPorts = 3> <OutPorts = 1>
ST_1 : Operation 40 [1/1] (0.00ns)   --->   "%trunc_ln5 = trunc i6 %select_ln5_9" [pipeline/C_Dense.cpp:5]   --->   Operation 40 'trunc' 'trunc_ln5' <Predicate = (!icmp_ln5)> <Delay = 0.00>
ST_1 : Operation 41 [1/1] (0.00ns)   --->   "%j_1_cast = zext i8 %select_ln5" [pipeline/C_Dense.cpp:5]   --->   Operation 41 'zext' 'j_1_cast' <Predicate = (!icmp_ln5)> <Delay = 0.00>
ST_1 : Operation 42 [1/1] (0.00ns)   --->   "%trunc_ln9 = trunc i8 %select_ln5" [pipeline/C_Dense.cpp:9]   --->   Operation 42 'trunc' 'trunc_ln9' <Predicate = (!icmp_ln5)> <Delay = 0.00>
ST_1 : Operation 43 [1/1] (0.00ns)   --->   "%Flatten_V_addr = getelementptr i16 %Flatten_V, i64 0, i64 %j_1_cast"   --->   Operation 43 'getelementptr' 'Flatten_V_addr' <Predicate = (!icmp_ln5)> <Delay = 0.00>
ST_1 : Operation 44 [2/2] (1.23ns)   --->   "%r_V = load i7 %Flatten_V_addr"   --->   Operation 44 'load' 'r_V' <Predicate = (!icmp_ln5)> <Delay = 1.23> <CoreInst = "RAM">   --->   Core 83 'RAM' <Latency = 1> <II = 1> <Delay = 1.23> <Storage> <Opcode : 'load' 'store'> <Ports = 2> <Width = 16> <Depth = 128> <RAM>
ST_1 : Operation 45 [1/1] (0.00ns)   --->   "%shl_ln2 = bitconcatenate i13 @_ssdm_op_BitConcatenate.i13.i7.i5.i1, i7 %trunc_ln9, i5 %trunc_ln5, i1 0"   --->   Operation 45 'bitconcatenate' 'shl_ln2' <Predicate = (!icmp_ln5)> <Delay = 0.00>
ST_1 : Operation 46 [1/1] (0.00ns)   --->   "%zext_ln1273_73 = zext i13 %shl_ln2"   --->   Operation 46 'zext' 'zext_ln1273_73' <Predicate = (!icmp_ln5)> <Delay = 0.00>
ST_1 : Operation 47 [1/1] (0.82ns)   --->   "%add_ln1273_75 = add i14 %zext_ln1273_73, i14 1824"   --->   Operation 47 'add' 'add_ln1273_75' <Predicate = (!icmp_ln5)> <Delay = 0.82> <CoreInst = "Adder">   --->   Core 1 'Adder' <Latency = 0> <II = 1> <Delay = 0.82> <FuncUnit> <Opcode : 'add' 'sub'> <InPorts = 2> <OutPorts = 1>
ST_1 : Operation 48 [1/1] (0.00ns)   --->   "%zext_ln1273_74 = zext i14 %add_ln1273_75"   --->   Operation 48 'zext' 'zext_ln1273_74' <Predicate = (!icmp_ln5)> <Delay = 0.00>
ST_1 : Operation 49 [1/1] (1.08ns)   --->   "%add_ln1273_1 = add i64 %zext_ln1273_74, i64 %Weights_read"   --->   Operation 49 'add' 'add_ln1273_1' <Predicate = (!icmp_ln5)> <Delay = 1.08> <CoreInst = "Adder">   --->   Core 1 'Adder' <Latency = 0> <II = 1> <Delay = 1.08> <FuncUnit> <Opcode : 'add' 'sub'> <InPorts = 2> <OutPorts = 1>
ST_1 : Operation 50 [1/1] (0.00ns)   --->   "%trunc_ln = partselect i63 @_ssdm_op_PartSelect.i63.i64.i32.i32, i64 %add_ln1273_1, i32 1, i32 63"   --->   Operation 50 'partselect' 'trunc_ln' <Predicate = (!icmp_ln5)> <Delay = 0.00>
ST_1 : Operation 51 [1/1] (0.00ns)   --->   "%sext_ln1273 = sext i63 %trunc_ln"   --->   Operation 51 'sext' 'sext_ln1273' <Predicate = (!icmp_ln5)> <Delay = 0.00>
ST_1 : Operation 52 [1/1] (0.00ns)   --->   "%gmem1_addr_12 = getelementptr i16 %gmem1, i64 %sext_ln1273"   --->   Operation 52 'getelementptr' 'gmem1_addr_12' <Predicate = (!icmp_ln5)> <Delay = 0.00>
ST_1 : Operation 53 [1/1] (0.76ns)   --->   "%add_ln8 = add i8 %select_ln5, i8 1" [pipeline/C_Dense.cpp:8]   --->   Operation 53 'add' 'add_ln8' <Predicate = (!icmp_ln5)> <Delay = 0.76> <CoreInst = "Adder">   --->   Core 1 'Adder' <Latency = 0> <II = 1> <Delay = 0.76> <FuncUnit> <Opcode : 'add' 'sub'> <InPorts = 2> <OutPorts = 1>
ST_1 : Operation 54 [1/1] (0.84ns)   --->   "%ifzero = icmp_eq  i8 %add_ln8, i8 128" [pipeline/C_Dense.cpp:8]   --->   Operation 54 'icmp' 'ifzero' <Predicate = (!icmp_ln5)> <Delay = 0.84> <CoreInst = "Cmp">   --->   Core 9 'Cmp' <Latency = 0> <II = 1> <Delay = 0.84> <FuncUnit> <Opcode : 'icmp'> <InPorts = 2> <OutPorts = 1>
ST_1 : Operation 55 [1/1] (0.00ns)   --->   "%br_ln8 = br i1 %ifzero, void %ifFalse, void %ifTrue" [pipeline/C_Dense.cpp:8]   --->   Operation 55 'br' 'br_ln8' <Predicate = (!icmp_ln5)> <Delay = 0.00>
ST_1 : Operation 56 [1/1] (0.42ns)   --->   "%store_ln5 = store i13 %add_ln5, i13 %indvar_flatten351" [pipeline/C_Dense.cpp:5]   --->   Operation 56 'store' 'store_ln5' <Predicate = (!icmp_ln5)> <Delay = 0.42>
ST_1 : Operation 57 [1/1] (0.42ns)   --->   "%store_ln8 = store i8 %add_ln8, i8 %j" [pipeline/C_Dense.cpp:8]   --->   Operation 57 'store' 'store_ln8' <Predicate = (!icmp_ln5)> <Delay = 0.42>

State 2 <SV = 1> <Delay = 7.30>
ST_2 : Operation 58 [1/1] (0.00ns)   --->   "%zext_ln5 = zext i6 %select_ln5_9" [pipeline/C_Dense.cpp:5]   --->   Operation 58 'zext' 'zext_ln5' <Predicate = (!icmp_ln5)> <Delay = 0.00>
ST_2 : Operation 59 [1/2] (1.23ns)   --->   "%r_V = load i7 %Flatten_V_addr"   --->   Operation 59 'load' 'r_V' <Predicate = (!icmp_ln5)> <Delay = 1.23> <CoreInst = "RAM">   --->   Core 83 'RAM' <Latency = 1> <II = 1> <Delay = 1.23> <Storage> <Opcode : 'load' 'store'> <Ports = 2> <Width = 16> <Depth = 128> <RAM>
ST_2 : Operation 60 [7/7] (7.30ns)   --->   "%gmem1_load_11_req = readreq i1 @_ssdm_op_ReadReq.m_axi.i16P1A, i16 %gmem1_addr_12, i32 1"   --->   Operation 60 'readreq' 'gmem1_load_11_req' <Predicate = (!icmp_ln5)> <Delay = 7.30> <CoreInst = "m_axi">   --->   Core 121 'm_axi' <Latency = 0> <II = 1> <Delay = 1.00> <Adapter> <Opcode : 'read' 'write' 'readreq' 'writereq' 'writeresp'>
ST_2 : Operation 61 [1/1] (1.08ns)   --->   "%add_ln813 = add i64 %zext_ln5, i64 %sext_ln5_cast"   --->   Operation 61 'add' 'add_ln813' <Predicate = (!icmp_ln5 & ifzero)> <Delay = 1.08> <CoreInst = "Adder">   --->   Core 1 'Adder' <Latency = 0> <II = 1> <Delay = 1.08> <FuncUnit> <Opcode : 'add' 'sub'> <InPorts = 2> <OutPorts = 1>
ST_2 : Operation 62 [1/1] (0.00ns)   --->   "%gmem1_addr_11 = getelementptr i16 %gmem1, i64 %add_ln813"   --->   Operation 62 'getelementptr' 'gmem1_addr_11' <Predicate = (!icmp_ln5 & ifzero)> <Delay = 0.00>
ST_2 : Operation 63 [1/1] (0.42ns)   --->   "%store_ln5 = store i6 %select_ln5_9, i6 %i" [pipeline/C_Dense.cpp:5]   --->   Operation 63 'store' 'store_ln5' <Predicate = (!icmp_ln5)> <Delay = 0.42>

State 3 <SV = 2> <Delay = 7.30>
ST_3 : Operation 64 [6/7] (7.30ns)   --->   "%gmem1_load_11_req = readreq i1 @_ssdm_op_ReadReq.m_axi.i16P1A, i16 %gmem1_addr_12, i32 1"   --->   Operation 64 'readreq' 'gmem1_load_11_req' <Predicate = true> <Delay = 7.30> <CoreInst = "m_axi">   --->   Core 121 'm_axi' <Latency = 0> <II = 1> <Delay = 1.00> <Adapter> <Opcode : 'read' 'write' 'readreq' 'writereq' 'writeresp'>
ST_3 : Operation 65 [7/7] (7.30ns)   --->   "%gmem1_load_10_req = readreq i1 @_ssdm_op_ReadReq.m_axi.i16P1A, i16 %gmem1_addr_11, i32 1"   --->   Operation 65 'readreq' 'gmem1_load_10_req' <Predicate = (ifzero)> <Delay = 7.30> <CoreInst = "m_axi">   --->   Core 121 'm_axi' <Latency = 0> <II = 1> <Delay = 1.00> <Adapter> <Opcode : 'read' 'write' 'readreq' 'writereq' 'writeresp'>

State 4 <SV = 3> <Delay = 7.30>
ST_4 : Operation 66 [5/7] (7.30ns)   --->   "%gmem1_load_11_req = readreq i1 @_ssdm_op_ReadReq.m_axi.i16P1A, i16 %gmem1_addr_12, i32 1"   --->   Operation 66 'readreq' 'gmem1_load_11_req' <Predicate = true> <Delay = 7.30> <CoreInst = "m_axi">   --->   Core 121 'm_axi' <Latency = 0> <II = 1> <Delay = 1.00> <Adapter> <Opcode : 'read' 'write' 'readreq' 'writereq' 'writeresp'>
ST_4 : Operation 67 [6/7] (7.30ns)   --->   "%gmem1_load_10_req = readreq i1 @_ssdm_op_ReadReq.m_axi.i16P1A, i16 %gmem1_addr_11, i32 1"   --->   Operation 67 'readreq' 'gmem1_load_10_req' <Predicate = (ifzero)> <Delay = 7.30> <CoreInst = "m_axi">   --->   Core 121 'm_axi' <Latency = 0> <II = 1> <Delay = 1.00> <Adapter> <Opcode : 'read' 'write' 'readreq' 'writereq' 'writeresp'>

State 5 <SV = 4> <Delay = 7.30>
ST_5 : Operation 68 [4/7] (7.30ns)   --->   "%gmem1_load_11_req = readreq i1 @_ssdm_op_ReadReq.m_axi.i16P1A, i16 %gmem1_addr_12, i32 1"   --->   Operation 68 'readreq' 'gmem1_load_11_req' <Predicate = true> <Delay = 7.30> <CoreInst = "m_axi">   --->   Core 121 'm_axi' <Latency = 0> <II = 1> <Delay = 1.00> <Adapter> <Opcode : 'read' 'write' 'readreq' 'writereq' 'writeresp'>
ST_5 : Operation 69 [5/7] (7.30ns)   --->   "%gmem1_load_10_req = readreq i1 @_ssdm_op_ReadReq.m_axi.i16P1A, i16 %gmem1_addr_11, i32 1"   --->   Operation 69 'readreq' 'gmem1_load_10_req' <Predicate = (ifzero)> <Delay = 7.30> <CoreInst = "m_axi">   --->   Core 121 'm_axi' <Latency = 0> <II = 1> <Delay = 1.00> <Adapter> <Opcode : 'read' 'write' 'readreq' 'writereq' 'writeresp'>

State 6 <SV = 5> <Delay = 7.30>
ST_6 : Operation 70 [3/7] (7.30ns)   --->   "%gmem1_load_11_req = readreq i1 @_ssdm_op_ReadReq.m_axi.i16P1A, i16 %gmem1_addr_12, i32 1"   --->   Operation 70 'readreq' 'gmem1_load_11_req' <Predicate = true> <Delay = 7.30> <CoreInst = "m_axi">   --->   Core 121 'm_axi' <Latency = 0> <II = 1> <Delay = 1.00> <Adapter> <Opcode : 'read' 'write' 'readreq' 'writereq' 'writeresp'>
ST_6 : Operation 71 [4/7] (7.30ns)   --->   "%gmem1_load_10_req = readreq i1 @_ssdm_op_ReadReq.m_axi.i16P1A, i16 %gmem1_addr_11, i32 1"   --->   Operation 71 'readreq' 'gmem1_load_10_req' <Predicate = (ifzero)> <Delay = 7.30> <CoreInst = "m_axi">   --->   Core 121 'm_axi' <Latency = 0> <II = 1> <Delay = 1.00> <Adapter> <Opcode : 'read' 'write' 'readreq' 'writereq' 'writeresp'>

State 7 <SV = 6> <Delay = 7.30>
ST_7 : Operation 72 [2/7] (7.30ns)   --->   "%gmem1_load_11_req = readreq i1 @_ssdm_op_ReadReq.m_axi.i16P1A, i16 %gmem1_addr_12, i32 1"   --->   Operation 72 'readreq' 'gmem1_load_11_req' <Predicate = true> <Delay = 7.30> <CoreInst = "m_axi">   --->   Core 121 'm_axi' <Latency = 0> <II = 1> <Delay = 1.00> <Adapter> <Opcode : 'read' 'write' 'readreq' 'writereq' 'writeresp'>
ST_7 : Operation 73 [3/7] (7.30ns)   --->   "%gmem1_load_10_req = readreq i1 @_ssdm_op_ReadReq.m_axi.i16P1A, i16 %gmem1_addr_11, i32 1"   --->   Operation 73 'readreq' 'gmem1_load_10_req' <Predicate = (ifzero)> <Delay = 7.30> <CoreInst = "m_axi">   --->   Core 121 'm_axi' <Latency = 0> <II = 1> <Delay = 1.00> <Adapter> <Opcode : 'read' 'write' 'readreq' 'writereq' 'writeresp'>

State 8 <SV = 7> <Delay = 7.30>
ST_8 : Operation 74 [1/7] (7.30ns)   --->   "%gmem1_load_11_req = readreq i1 @_ssdm_op_ReadReq.m_axi.i16P1A, i16 %gmem1_addr_12, i32 1"   --->   Operation 74 'readreq' 'gmem1_load_11_req' <Predicate = true> <Delay = 7.30> <CoreInst = "m_axi">   --->   Core 121 'm_axi' <Latency = 0> <II = 1> <Delay = 1.00> <Adapter> <Opcode : 'read' 'write' 'readreq' 'writereq' 'writeresp'>
ST_8 : Operation 75 [2/7] (7.30ns)   --->   "%gmem1_load_10_req = readreq i1 @_ssdm_op_ReadReq.m_axi.i16P1A, i16 %gmem1_addr_11, i32 1"   --->   Operation 75 'readreq' 'gmem1_load_10_req' <Predicate = (ifzero)> <Delay = 7.30> <CoreInst = "m_axi">   --->   Core 121 'm_axi' <Latency = 0> <II = 1> <Delay = 1.00> <Adapter> <Opcode : 'read' 'write' 'readreq' 'writereq' 'writeresp'>

State 9 <SV = 8> <Delay = 7.30>
ST_9 : Operation 76 [1/1] (7.30ns)   --->   "%gmem1_addr_12_read = read i16 @_ssdm_op_Read.m_axi.i16P1A, i16 %gmem1_addr_12"   --->   Operation 76 'read' 'gmem1_addr_12_read' <Predicate = true> <Delay = 7.30> <CoreInst = "m_axi">   --->   Core 121 'm_axi' <Latency = 0> <II = 1> <Delay = 1.00> <Adapter> <Opcode : 'read' 'write' 'readreq' 'writereq' 'writeresp'>
ST_9 : Operation 77 [1/7] (7.30ns)   --->   "%gmem1_load_10_req = readreq i1 @_ssdm_op_ReadReq.m_axi.i16P1A, i16 %gmem1_addr_11, i32 1"   --->   Operation 77 'readreq' 'gmem1_load_10_req' <Predicate = (ifzero)> <Delay = 7.30> <CoreInst = "m_axi">   --->   Core 121 'm_axi' <Latency = 0> <II = 1> <Delay = 1.00> <Adapter> <Opcode : 'read' 'write' 'readreq' 'writereq' 'writeresp'>

State 10 <SV = 9> <Delay = 7.30>
ST_10 : Operation 78 [1/1] (0.00ns)   --->   "%sext_ln1347_218 = sext i16 %r_V"   --->   Operation 78 'sext' 'sext_ln1347_218' <Predicate = true> <Delay = 0.00>
ST_10 : Operation 79 [1/1] (0.00ns)   --->   "%sext_ln1347_219 = sext i16 %gmem1_addr_12_read"   --->   Operation 79 'sext' 'sext_ln1347_219' <Predicate = true> <Delay = 0.00>
ST_10 : Operation 80 [3/3] (0.99ns) (grouped into DSP with root node ret_V)   --->   "%mul_ln1347_115 = mul i24 %sext_ln1347_219, i24 %sext_ln1347_218"   --->   Operation 80 'mul' 'mul_ln1347_115' <Predicate = true> <Delay = 0.99> <CoreInst = "DSP48">   --->   Core 127 'DSP48' <Latency = 3> <II = 1> <Delay = 0.53> <IPBlock> <Opcode : 'mul' 'add' 'sub' 'select'> <InPorts = 0> <OutPorts = 1> <Sync> <CReg>
ST_10 : Operation 81 [1/1] (7.30ns)   --->   "%gmem1_addr_11_read = read i16 @_ssdm_op_Read.m_axi.i16P1A, i16 %gmem1_addr_11"   --->   Operation 81 'read' 'gmem1_addr_11_read' <Predicate = (ifzero)> <Delay = 7.30> <CoreInst = "m_axi">   --->   Core 121 'm_axi' <Latency = 0> <II = 1> <Delay = 1.00> <Adapter> <Opcode : 'read' 'write' 'readreq' 'writereq' 'writeresp'>

State 11 <SV = 10> <Delay = 0.99>
ST_11 : Operation 82 [2/3] (0.99ns) (grouped into DSP with root node ret_V)   --->   "%mul_ln1347_115 = mul i24 %sext_ln1347_219, i24 %sext_ln1347_218"   --->   Operation 82 'mul' 'mul_ln1347_115' <Predicate = true> <Delay = 0.99> <CoreInst = "DSP48">   --->   Core 127 'DSP48' <Latency = 3> <II = 1> <Delay = 0.53> <IPBlock> <Opcode : 'mul' 'add' 'sub' 'select'> <InPorts = 0> <OutPorts = 1> <Sync> <CReg>
ST_11 : Operation 100 [1/1] (0.00ns)   --->   "%ret_ln0 = ret"   --->   Operation 100 'ret' 'ret_ln0' <Predicate = (icmp_ln5)> <Delay = 0.00>

State 12 <SV = 11> <Delay = 1.00>
ST_12 : Operation 83 [1/1] (0.00ns)   --->   "%lhs_load = load i16 %lhs" [pipeline/C_Dense.cpp:5]   --->   Operation 83 'load' 'lhs_load' <Predicate = (!icmp_ln8)> <Delay = 0.00>
ST_12 : Operation 84 [1/3] (0.00ns) (grouped into DSP with root node ret_V)   --->   "%mul_ln1347_115 = mul i24 %sext_ln1347_219, i24 %sext_ln1347_218"   --->   Operation 84 'mul' 'mul_ln1347_115' <Predicate = true> <Delay = 0.00> <CoreInst = "DSP48">   --->   Core 127 'DSP48' <Latency = 3> <II = 1> <Delay = 0.53> <IPBlock> <Opcode : 'mul' 'add' 'sub' 'select'> <InPorts = 0> <OutPorts = 1> <Sync> <CReg>
ST_12 : Operation 85 [1/1] (0.35ns)   --->   "%select_ln5_10 = select i1 %icmp_ln8, i16 0, i16 %lhs_load" [pipeline/C_Dense.cpp:5]   --->   Operation 85 'select' 'select_ln5_10' <Predicate = true> <Delay = 0.35> <CoreInst = "Sel">   --->   Core 73 'Sel' <Latency = 0> <II = 1> <Delay = 0.35> <FuncUnit> <Opcode : 'select'> <InPorts = 3> <OutPorts = 1>
ST_12 : Operation 86 [1/1] (0.00ns)   --->   "%lhs_3 = bitconcatenate i24 @_ssdm_op_BitConcatenate.i24.i16.i8, i16 %select_ln5_10, i8 0"   --->   Operation 86 'bitconcatenate' 'lhs_3' <Predicate = true> <Delay = 0.00>
ST_12 : Operation 87 [2/2] (0.64ns) (root node of the DSP)   --->   "%ret_V = add i24 %lhs_3, i24 %mul_ln1347_115"   --->   Operation 87 'add' 'ret_V' <Predicate = true> <Delay = 0.64> <CoreInst = "DSP48">   --->   Core 127 'DSP48' <Latency = 3> <II = 1> <Delay = 0.53> <IPBlock> <Opcode : 'mul' 'add' 'sub' 'select'> <InPorts = 0> <OutPorts = 1> <Sync> <CReg>

State 13 <SV = 12> <Delay = 2.17>
ST_13 : Operation 88 [1/1] (0.00ns)   --->   "%specloopname_ln0 = specloopname void @_ssdm_op_SpecLoopName, void @loop_for_a_Dense_0_loop_for_b_Dense_0_str"   --->   Operation 88 'specloopname' 'specloopname_ln0' <Predicate = true> <Delay = 0.00>
ST_13 : Operation 89 [1/1] (0.00ns)   --->   "%empty = speclooptripcount i32 @_ssdm_op_SpecLoopTripCount, i64 4096, i64 4096, i64 4096"   --->   Operation 89 'speclooptripcount' 'empty' <Predicate = true> <Delay = 0.00>
ST_13 : Operation 90 [1/1] (0.00ns)   --->   "%specpipeline_ln0 = specpipeline void @_ssdm_op_SpecPipeline, i32 4294967295, i32 0, i32 1, i32 0, void @p_str"   --->   Operation 90 'specpipeline' 'specpipeline_ln0' <Predicate = true> <Delay = 0.00>
ST_13 : Operation 91 [1/1] (0.00ns)   --->   "%specloopname_ln6 = specloopname void @_ssdm_op_SpecLoopName, void @empty_34" [pipeline/C_Dense.cpp:6]   --->   Operation 91 'specloopname' 'specloopname_ln6' <Predicate = true> <Delay = 0.00>
ST_13 : Operation 92 [1/2] (0.64ns) (root node of the DSP)   --->   "%ret_V = add i24 %lhs_3, i24 %mul_ln1347_115"   --->   Operation 92 'add' 'ret_V' <Predicate = true> <Delay = 0.64> <CoreInst = "DSP48">   --->   Core 127 'DSP48' <Latency = 3> <II = 1> <Delay = 0.53> <IPBlock> <Opcode : 'mul' 'add' 'sub' 'select'> <InPorts = 0> <OutPorts = 1> <Sync> <CReg>
ST_13 : Operation 93 [1/1] (0.00ns)   --->   "%s_V = partselect i16 @_ssdm_op_PartSelect.i16.i24.i32.i32, i24 %ret_V, i32 8, i32 23"   --->   Operation 93 'partselect' 's_V' <Predicate = true> <Delay = 0.00>
ST_13 : Operation 94 [1/1] (0.85ns)   --->   "%add_ln813_3 = add i16 %gmem1_addr_11_read, i16 %s_V"   --->   Operation 94 'add' 'add_ln813_3' <Predicate = (ifzero)> <Delay = 0.85> <CoreInst = "Adder">   --->   Core 1 'Adder' <Latency = 0> <II = 1> <Delay = 0.85> <FuncUnit> <Opcode : 'add' 'sub'> <InPorts = 2> <OutPorts = 1>
ST_13 : Operation 95 [1/1] (0.00ns)   --->   "%out_Dense_V_1_addr = getelementptr i16 %out_Dense_V_1, i64 0, i64 %zext_ln5" [pipeline/C_Dense.cpp:11]   --->   Operation 95 'getelementptr' 'out_Dense_V_1_addr' <Predicate = (ifzero)> <Delay = 0.00>
ST_13 : Operation 96 [1/1] (0.67ns)   --->   "%store_ln11 = store i16 %add_ln813_3, i5 %out_Dense_V_1_addr" [pipeline/C_Dense.cpp:11]   --->   Operation 96 'store' 'store_ln11' <Predicate = (ifzero)> <Delay = 0.67> <CoreInst = "RAM">   --->   Core 83 'RAM' <Latency = 1> <II = 1> <Delay = 0.67> <Storage> <Opcode : 'load' 'store'> <Ports = 2> <Width = 16> <Depth = 32> <RAM>
ST_13 : Operation 97 [1/1] (0.00ns)   --->   "%br_ln0 = br void %ifFalse"   --->   Operation 97 'br' 'br_ln0' <Predicate = (ifzero)> <Delay = 0.00>
ST_13 : Operation 98 [1/1] (0.42ns)   --->   "%store_ln818 = store i16 %s_V, i16 %lhs"   --->   Operation 98 'store' 'store_ln818' <Predicate = true> <Delay = 0.42>
ST_13 : Operation 99 [1/1] (0.00ns)   --->   "%br_ln0 = br void %for.body6.i"   --->   Operation 99 'br' 'br_ln0' <Predicate = true> <Delay = 0.00>


============================================================
+ Verbose Summary: Timing violations
============================================================
Target clock period: 10ns, clock uncertainty: 2.7ns.

 <State 1>: 3.15ns
The critical path consists of the following:
	'alloca' operation ('j') [7]  (0 ns)
	'load' operation ('j_load', pipeline/C_Dense.cpp:8) on local variable 'j' [27]  (0 ns)
	'icmp' operation ('icmp_ln8', pipeline/C_Dense.cpp:8) [31]  (0.849 ns)
	'select' operation ('select_ln5', pipeline/C_Dense.cpp:5) [32]  (0.393 ns)
	'add' operation ('add_ln1273_75') [46]  (0.82 ns)
	'add' operation ('add_ln1273_1') [48]  (1.08 ns)

 <State 2>: 7.3ns
The critical path consists of the following:
	bus request operation ('gmem1_load_11_req') on port 'gmem1' [52]  (7.3 ns)

 <State 3>: 7.3ns
The critical path consists of the following:
	bus request operation ('gmem1_load_10_req') on port 'gmem1' [66]  (7.3 ns)

 <State 4>: 7.3ns
The critical path consists of the following:
	bus request operation ('gmem1_load_10_req') on port 'gmem1' [66]  (7.3 ns)

 <State 5>: 7.3ns
The critical path consists of the following:
	bus request operation ('gmem1_load_10_req') on port 'gmem1' [66]  (7.3 ns)

 <State 6>: 7.3ns
The critical path consists of the following:
	bus request operation ('gmem1_load_10_req') on port 'gmem1' [66]  (7.3 ns)

 <State 7>: 7.3ns
The critical path consists of the following:
	bus request operation ('gmem1_load_10_req') on port 'gmem1' [66]  (7.3 ns)

 <State 8>: 7.3ns
The critical path consists of the following:
	bus request operation ('gmem1_load_10_req') on port 'gmem1' [66]  (7.3 ns)

 <State 9>: 7.3ns
The critical path consists of the following:
	bus request operation ('gmem1_load_10_req') on port 'gmem1' [66]  (7.3 ns)

 <State 10>: 7.3ns
The critical path consists of the following:
	bus read operation ('gmem1_addr_11_read') on port 'gmem1' [67]  (7.3 ns)

 <State 11>: 0.996ns
The critical path consists of the following:
	'mul' operation of DSP[58] ('mul_ln1347_115') [55]  (0.996 ns)

 <State 12>: 1ns
The critical path consists of the following:
	'load' operation ('lhs_load', pipeline/C_Dense.cpp:5) on local variable 'lhs' [26]  (0 ns)
	'select' operation ('select_ln5_10', pipeline/C_Dense.cpp:5) [56]  (0.357 ns)
	'add' operation of DSP[58] ('ret.V') [58]  (0.645 ns)

 <State 13>: 2.17ns
The critical path consists of the following:
	'add' operation of DSP[58] ('ret.V') [58]  (0.645 ns)
	'add' operation ('add_ln813_3') [68]  (0.853 ns)
	'store' operation ('store_ln11', pipeline/C_Dense.cpp:11) of variable 'add_ln813_3' on array 'out_Dense_V_1' [70]  (0.677 ns)


============================================================
+ Verbose Summary: Binding
============================================================
N/A
* FSMD analyzer results:
  - Output states:
 - Input state : 
  - Chain level:
	State 1
	State 2
	State 3
	State 4
	State 5
	State 6
	State 7
	State 8
	State 9
	State 10
	State 11
	State 12
	State 13


============================================================
+ Verbose Summary: Datapath Resource usage 
============================================================
N/A
