

================================================================
== Vitis HLS Report for 'C_CNN_Pipeline_VITIS_LOOP_50_1_VITIS_LOOP_51_2_VITIS_LOOP_52_3'
================================================================
* Date:           Wed Apr 15 01:46:23 2026

* Version:        2022.2 (Build 3670227 on Oct 13 2022)
* Project:        ProjectOne
* Solution:       solution1 (Vivado IP Flow Target)
* Product family: zynquplus
* Target device:  xck26-sfvc784-2LV-c


================================================================
== Performance Estimates
================================================================
+ Timing: 
    * Summary: 
    +--------+----------+----------+------------+
    |  Clock |  Target  | Estimated| Uncertainty|
    +--------+----------+----------+------------+
    |ap_clk  |  10.00 ns|  3.916 ns|     2.70 ns|
    +--------+----------+----------+------------+

+ Latency: 
    * Summary: 
    +---------+---------+----------+----------+-----+-----+---------+
    |  Latency (cycles) |  Latency (absolute) |  Interval | Pipeline|
    |   min   |   max   |    min   |    max   | min | max |   Type  |
    +---------+---------+----------+----------+-----+-----+---------+
    |      130|      130|  1.300 us|  1.300 us|  130|  130|       no|
    +---------+---------+----------+----------+-----+-----+---------+

    + Detail: 
        * Instance: 
        N/A

        * Loop: 
        +---------------------------------------------------+---------+---------+----------+-----------+-----------+------+----------+
        |                                                   |  Latency (cycles) | Iteration|  Initiation Interval  | Trip |          |
        |                     Loop Name                     |   min   |   max   |  Latency |  achieved |   target  | Count| Pipelined|
        +---------------------------------------------------+---------+---------+----------+-----------+-----------+------+----------+
        |- VITIS_LOOP_50_1_VITIS_LOOP_51_2_VITIS_LOOP_52_3  |      128|      128|         2|          1|          1|   128|       yes|
        +---------------------------------------------------+---------+---------+----------+-----------+-----------+------+----------+

============================================================
+ Verbose Summary: Synthesis Manager
============================================================
InlineROM: 1
ExposeGlobal: 0
============================================================
+ Verbose Summary: CDFG Model
============================================================
IsTopModel: 0
ResetActiveHigh: 1
IsCombinational: 0
IsDatapathOnly: 0
HasWiredReturn: 1
HasMFsm: 2
HasVarLatency: 1
IsPipeline: 0
IsRtlPipelined: 0
IsInstanceOverlapped: 0
IsDontTouch: 0
HasImplIP: 0
IsGatedGlobalClock: 0

+ Individual pipeline summary: 
  * Pipeline-0: initiation interval (II) = 1, depth = 2


============================================================
+ Verbose Summary: Schedule
============================================================
* Number of FSM states : 2
* Pipeline : 1
  Pipeline-0 : II = 1, D = 2, States = { 1 2 }
* Dataflow Pipeline: 0

* FSM state transitions: 
1 --> 2 
2 --> 

* FSM state operations: 

State 1 <SV = 0> <Delay = 3.91>
ST_1 : Operation 5 [1/1] (0.00ns)   --->   "%k = alloca i32 1"   --->   Operation 5 'alloca' 'k' <Predicate = true> <Delay = 0.00>
ST_1 : Operation 6 [1/1] (0.00ns)   --->   "%hs_1 = alloca i32 1"   --->   Operation 6 'alloca' 'hs_1' <Predicate = true> <Delay = 0.00>
ST_1 : Operation 7 [1/1] (0.00ns)   --->   "%j = alloca i32 1"   --->   Operation 7 'alloca' 'j' <Predicate = true> <Delay = 0.00>
ST_1 : Operation 8 [1/1] (0.00ns)   --->   "%hs = alloca i32 1"   --->   Operation 8 'alloca' 'hs' <Predicate = true> <Delay = 0.00>
ST_1 : Operation 9 [1/1] (0.00ns)   --->   "%indvar_flatten325 = alloca i32 1"   --->   Operation 9 'alloca' 'indvar_flatten325' <Predicate = true> <Delay = 0.00>
ST_1 : Operation 10 [1/1] (0.00ns)   --->   "%i = alloca i32 1"   --->   Operation 10 'alloca' 'i' <Predicate = true> <Delay = 0.00>
ST_1 : Operation 11 [1/1] (0.00ns)   --->   "%indvars_iv378 = alloca i32 1"   --->   Operation 11 'alloca' 'indvars_iv378' <Predicate = true> <Delay = 0.00>
ST_1 : Operation 12 [1/1] (0.00ns)   --->   "%indvar_flatten344 = alloca i32 1"   --->   Operation 12 'alloca' 'indvar_flatten344' <Predicate = true> <Delay = 0.00>
ST_1 : Operation 13 [1/1] (0.42ns)   --->   "%store_ln0 = store i8 0, i8 %indvar_flatten344"   --->   Operation 13 'store' 'store_ln0' <Predicate = true> <Delay = 0.42>
ST_1 : Operation 14 [1/1] (0.42ns)   --->   "%store_ln0 = store i8 0, i8 %indvars_iv378"   --->   Operation 14 'store' 'store_ln0' <Predicate = true> <Delay = 0.42>
ST_1 : Operation 15 [1/1] (0.42ns)   --->   "%store_ln0 = store i3 0, i3 %i"   --->   Operation 15 'store' 'store_ln0' <Predicate = true> <Delay = 0.42>
ST_1 : Operation 16 [1/1] (0.42ns)   --->   "%store_ln0 = store i7 0, i7 %indvar_flatten325"   --->   Operation 16 'store' 'store_ln0' <Predicate = true> <Delay = 0.42>
ST_1 : Operation 17 [1/1] (0.42ns)   --->   "%store_ln0 = store i8 0, i8 %hs"   --->   Operation 17 'store' 'store_ln0' <Predicate = true> <Delay = 0.42>
ST_1 : Operation 18 [1/1] (0.42ns)   --->   "%store_ln0 = store i3 0, i3 %j"   --->   Operation 18 'store' 'store_ln0' <Predicate = true> <Delay = 0.42>
ST_1 : Operation 19 [1/1] (0.42ns)   --->   "%store_ln0 = store i8 0, i8 %hs_1"   --->   Operation 19 'store' 'store_ln0' <Predicate = true> <Delay = 0.42>
ST_1 : Operation 20 [1/1] (0.42ns)   --->   "%store_ln0 = store i4 0, i4 %k"   --->   Operation 20 'store' 'store_ln0' <Predicate = true> <Delay = 0.42>
ST_1 : Operation 21 [1/1] (0.00ns)   --->   "%br_ln0 = br void %for.inc.i"   --->   Operation 21 'br' 'br_ln0' <Predicate = true> <Delay = 0.00>
ST_1 : Operation 22 [1/1] (0.00ns)   --->   "%indvar_flatten344_load = load i8 %indvar_flatten344" [pipeline/C_Pool.cpp:50]   --->   Operation 22 'load' 'indvar_flatten344_load' <Predicate = true> <Delay = 0.00>
ST_1 : Operation 23 [1/1] (0.00ns)   --->   "%specpipeline_ln0 = specpipeline void @_ssdm_op_SpecPipeline, i32 4294967295, i32 0, i32 1, i32 0, void @p_str"   --->   Operation 23 'specpipeline' 'specpipeline_ln0' <Predicate = true> <Delay = 0.00>
ST_1 : Operation 24 [1/1] (0.84ns)   --->   "%icmp_ln50 = icmp_eq  i8 %indvar_flatten344_load, i8 128" [pipeline/C_Pool.cpp:50]   --->   Operation 24 'icmp' 'icmp_ln50' <Predicate = true> <Delay = 0.84> <CoreInst = "Cmp">   --->   Core 9 'Cmp' <Latency = 0> <II = 1> <Delay = 0.84> <FuncUnit> <Opcode : 'icmp'> <InPorts = 2> <OutPorts = 1>
ST_1 : Operation 25 [1/1] (0.76ns)   --->   "%add_ln50 = add i8 %indvar_flatten344_load, i8 1" [pipeline/C_Pool.cpp:50]   --->   Operation 25 'add' 'add_ln50' <Predicate = true> <Delay = 0.76> <CoreInst = "Adder">   --->   Core 1 'Adder' <Latency = 0> <II = 1> <Delay = 0.76> <FuncUnit> <Opcode : 'add' 'sub'> <InPorts = 2> <OutPorts = 1>
ST_1 : Operation 26 [1/1] (0.00ns)   --->   "%br_ln50 = br i1 %icmp_ln50, void %for.inc17.i, void %_Z10C_flatten0P8ap_fixedILi16ELi8EL9ap_q_mode5EL9ap_o_mode3ELi0EES3_.exit.exitStub" [pipeline/C_Pool.cpp:50]   --->   Operation 26 'br' 'br_ln50' <Predicate = true> <Delay = 0.00>
ST_1 : Operation 27 [1/1] (0.00ns)   --->   "%k_load = load i4 %k" [pipeline/C_Pool.cpp:52]   --->   Operation 27 'load' 'k_load' <Predicate = (!icmp_ln50)> <Delay = 0.00>
ST_1 : Operation 28 [1/1] (0.00ns)   --->   "%j_load = load i3 %j" [pipeline/C_Pool.cpp:50]   --->   Operation 28 'load' 'j_load' <Predicate = (!icmp_ln50)> <Delay = 0.00>
ST_1 : Operation 29 [1/1] (0.00ns)   --->   "%indvar_flatten325_load = load i7 %indvar_flatten325" [pipeline/C_Pool.cpp:51]   --->   Operation 29 'load' 'indvar_flatten325_load' <Predicate = (!icmp_ln50)> <Delay = 0.00>
ST_1 : Operation 30 [1/1] (0.00ns)   --->   "%i_load = load i3 %i" [pipeline/C_Pool.cpp:50]   --->   Operation 30 'load' 'i_load' <Predicate = (!icmp_ln50)> <Delay = 0.00>
ST_1 : Operation 31 [1/1] (0.81ns)   --->   "%icmp_ln51 = icmp_eq  i7 %indvar_flatten325_load, i7 32" [pipeline/C_Pool.cpp:51]   --->   Operation 31 'icmp' 'icmp_ln51' <Predicate = (!icmp_ln50)> <Delay = 0.81> <CoreInst = "Cmp">   --->   Core 9 'Cmp' <Latency = 0> <II = 1> <Delay = 0.81> <FuncUnit> <Opcode : 'icmp'> <InPorts = 2> <OutPorts = 1>
ST_1 : Operation 32 [1/1] (0.20ns)   --->   "%select_ln50_1 = select i1 %icmp_ln51, i3 0, i3 %j_load" [pipeline/C_Pool.cpp:50]   --->   Operation 32 'select' 'select_ln50_1' <Predicate = (!icmp_ln50)> <Delay = 0.20> <CoreInst = "Sel">   --->   Core 73 'Sel' <Latency = 0> <II = 1> <Delay = 0.20> <FuncUnit> <Opcode : 'select'> <InPorts = 3> <OutPorts = 1>
ST_1 : Operation 33 [1/1] (0.67ns)   --->   "%add_ln50_2 = add i3 %i_load, i3 1" [pipeline/C_Pool.cpp:50]   --->   Operation 33 'add' 'add_ln50_2' <Predicate = (!icmp_ln50)> <Delay = 0.67> <CoreInst = "Adder">   --->   Core 1 'Adder' <Latency = 0> <II = 1> <Delay = 0.67> <FuncUnit> <Opcode : 'add' 'sub'> <InPorts = 2> <OutPorts = 1>
ST_1 : Operation 34 [1/1] (0.20ns)   --->   "%select_ln50_3 = select i1 %icmp_ln51, i3 %add_ln50_2, i3 %i_load" [pipeline/C_Pool.cpp:50]   --->   Operation 34 'select' 'select_ln50_3' <Predicate = (!icmp_ln50)> <Delay = 0.20> <CoreInst = "Sel">   --->   Core 73 'Sel' <Latency = 0> <II = 1> <Delay = 0.20> <FuncUnit> <Opcode : 'select'> <InPorts = 3> <OutPorts = 1>
ST_1 : Operation 35 [1/1] (0.00ns)   --->   "%trunc_ln50 = trunc i3 %select_ln50_3" [pipeline/C_Pool.cpp:50]   --->   Operation 35 'trunc' 'trunc_ln50' <Predicate = (!icmp_ln50)> <Delay = 0.00>
ST_1 : Operation 36 [1/1] (0.00ns) (grouped into LUT with out node and_ln50)   --->   "%xor_ln50 = xor i1 %icmp_ln51, i1 1" [pipeline/C_Pool.cpp:50]   --->   Operation 36 'xor' 'xor_ln50' <Predicate = (!icmp_ln50)> <Delay = 0.00> <CoreInst = "LogicGate">   --->   Core 74 'LogicGate' <Latency = 0> <II = 1> <Delay = 0.28> <FuncUnit> <Opcode : 'and' 'or' 'xor'> <InPorts = 2> <OutPorts = 1>
ST_1 : Operation 37 [1/1] (0.72ns)   --->   "%icmp_ln52 = icmp_eq  i4 %k_load, i4 8" [pipeline/C_Pool.cpp:52]   --->   Operation 37 'icmp' 'icmp_ln52' <Predicate = (!icmp_ln50)> <Delay = 0.72> <CoreInst = "Cmp">   --->   Core 9 'Cmp' <Latency = 0> <II = 1> <Delay = 0.72> <FuncUnit> <Opcode : 'icmp'> <InPorts = 2> <OutPorts = 1>
ST_1 : Operation 38 [1/1] (0.28ns) (out node of the LUT)   --->   "%and_ln50 = and i1 %icmp_ln52, i1 %xor_ln50" [pipeline/C_Pool.cpp:50]   --->   Operation 38 'and' 'and_ln50' <Predicate = (!icmp_ln50)> <Delay = 0.28> <CoreInst = "LogicGate">   --->   Core 74 'LogicGate' <Latency = 0> <II = 1> <Delay = 0.28> <FuncUnit> <Opcode : 'and' 'or' 'xor'> <InPorts = 2> <OutPorts = 1>
ST_1 : Operation 39 [1/1] (0.67ns)   --->   "%add_ln51 = add i3 %select_ln50_1, i3 1" [pipeline/C_Pool.cpp:51]   --->   Operation 39 'add' 'add_ln51' <Predicate = (!icmp_ln50)> <Delay = 0.67> <CoreInst = "Adder">   --->   Core 1 'Adder' <Latency = 0> <II = 1> <Delay = 0.67> <FuncUnit> <Opcode : 'add' 'sub'> <InPorts = 2> <OutPorts = 1>
ST_1 : Operation 40 [1/1] (0.00ns) (grouped into LUT with out node select_ln51_1)   --->   "%or_ln51 = or i1 %and_ln50, i1 %icmp_ln51" [pipeline/C_Pool.cpp:51]   --->   Operation 40 'or' 'or_ln51' <Predicate = (!icmp_ln50)> <Delay = 0.00> <CoreInst = "LogicGate">   --->   Core 74 'LogicGate' <Latency = 0> <II = 1> <Delay = 0.28> <FuncUnit> <Opcode : 'and' 'or' 'xor'> <InPorts = 2> <OutPorts = 1>
ST_1 : Operation 41 [1/1] (0.39ns) (out node of the LUT)   --->   "%select_ln51_1 = select i1 %or_ln51, i4 0, i4 %k_load" [pipeline/C_Pool.cpp:51]   --->   Operation 41 'select' 'select_ln51_1' <Predicate = (!icmp_ln50)> <Delay = 0.39> <CoreInst = "Sel">   --->   Core 73 'Sel' <Latency = 0> <II = 1> <Delay = 0.39> <FuncUnit> <Opcode : 'select'> <InPorts = 3> <OutPorts = 1>
ST_1 : Operation 42 [1/1] (0.20ns)   --->   "%select_ln51_2 = select i1 %and_ln50, i3 %add_ln51, i3 %select_ln50_1" [pipeline/C_Pool.cpp:51]   --->   Operation 42 'select' 'select_ln51_2' <Predicate = (!icmp_ln50)> <Delay = 0.20> <CoreInst = "Sel">   --->   Core 73 'Sel' <Latency = 0> <II = 1> <Delay = 0.20> <FuncUnit> <Opcode : 'select'> <InPorts = 3> <OutPorts = 1>
ST_1 : Operation 43 [1/1] (0.00ns)   --->   "%select_ln51_2_cast = zext i3 %select_ln51_2" [pipeline/C_Pool.cpp:51]   --->   Operation 43 'zext' 'select_ln51_2_cast' <Predicate = (!icmp_ln50)> <Delay = 0.00>
ST_1 : Operation 44 [1/1] (0.00ns)   --->   "%trunc_ln53 = trunc i4 %select_ln51_1" [pipeline/C_Pool.cpp:53]   --->   Operation 44 'trunc' 'trunc_ln53' <Predicate = (!icmp_ln50)> <Delay = 0.00>
ST_1 : Operation 45 [1/1] (0.00ns)   --->   "%tmp14 = bitconcatenate i7 @_ssdm_op_BitConcatenate.i7.i3.i2.i2, i3 %trunc_ln53, i2 %trunc_ln50, i2 0" [pipeline/C_Pool.cpp:53]   --->   Operation 45 'bitconcatenate' 'tmp14' <Predicate = (!icmp_ln50)> <Delay = 0.00>
ST_1 : Operation 46 [1/1] (0.77ns)   --->   "%add_ln53 = add i7 %tmp14, i7 %select_ln51_2_cast" [pipeline/C_Pool.cpp:53]   --->   Operation 46 'add' 'add_ln53' <Predicate = (!icmp_ln50)> <Delay = 0.77> <CoreInst = "Adder">   --->   Core 1 'Adder' <Latency = 0> <II = 1> <Delay = 0.77> <FuncUnit> <Opcode : 'add' 'sub'> <InPorts = 2> <OutPorts = 1>
ST_1 : Operation 47 [1/1] (0.00ns)   --->   "%zext_ln53 = zext i7 %add_ln53" [pipeline/C_Pool.cpp:53]   --->   Operation 47 'zext' 'zext_ln53' <Predicate = (!icmp_ln50)> <Delay = 0.00>
ST_1 : Operation 48 [1/1] (0.00ns)   --->   "%MaxPool_S4_V_addr = getelementptr i16 %MaxPool_S4_V, i64 0, i64 %zext_ln53" [pipeline/C_Pool.cpp:53]   --->   Operation 48 'getelementptr' 'MaxPool_S4_V_addr' <Predicate = (!icmp_ln50)> <Delay = 0.00>
ST_1 : Operation 49 [2/2] (1.23ns)   --->   "%MaxPool_S4_V_load = load i7 %MaxPool_S4_V_addr" [pipeline/C_Pool.cpp:53]   --->   Operation 49 'load' 'MaxPool_S4_V_load' <Predicate = (!icmp_ln50)> <Delay = 1.23> <CoreInst = "RAM">   --->   Core 83 'RAM' <Latency = 1> <II = 1> <Delay = 1.23> <Storage> <Opcode : 'load' 'store'> <Ports = 2> <Width = 16> <Depth = 128> <RAM>
ST_1 : Operation 50 [1/1] (0.79ns)   --->   "%add_ln52 = add i4 %select_ln51_1, i4 1" [pipeline/C_Pool.cpp:52]   --->   Operation 50 'add' 'add_ln52' <Predicate = (!icmp_ln50)> <Delay = 0.79> <CoreInst = "Adder">   --->   Core 1 'Adder' <Latency = 0> <II = 1> <Delay = 0.79> <FuncUnit> <Opcode : 'add' 'sub'> <InPorts = 2> <OutPorts = 1>
ST_1 : Operation 51 [1/1] (0.77ns)   --->   "%add_ln51_2 = add i7 %indvar_flatten325_load, i7 1" [pipeline/C_Pool.cpp:51]   --->   Operation 51 'add' 'add_ln51_2' <Predicate = (!icmp_ln50)> <Delay = 0.77> <CoreInst = "Adder">   --->   Core 1 'Adder' <Latency = 0> <II = 1> <Delay = 0.77> <FuncUnit> <Opcode : 'add' 'sub'> <InPorts = 2> <OutPorts = 1>
ST_1 : Operation 52 [1/1] (0.36ns)   --->   "%select_ln51_4 = select i1 %icmp_ln51, i7 1, i7 %add_ln51_2" [pipeline/C_Pool.cpp:51]   --->   Operation 52 'select' 'select_ln51_4' <Predicate = (!icmp_ln50)> <Delay = 0.36> <CoreInst = "Sel">   --->   Core 73 'Sel' <Latency = 0> <II = 1> <Delay = 0.36> <FuncUnit> <Opcode : 'select'> <InPorts = 3> <OutPorts = 1>
ST_1 : Operation 53 [1/1] (0.42ns)   --->   "%store_ln52 = store i8 %add_ln50, i8 %indvar_flatten344" [pipeline/C_Pool.cpp:52]   --->   Operation 53 'store' 'store_ln52' <Predicate = (!icmp_ln50)> <Delay = 0.42>
ST_1 : Operation 54 [1/1] (0.42ns)   --->   "%store_ln52 = store i3 %select_ln50_3, i3 %i" [pipeline/C_Pool.cpp:52]   --->   Operation 54 'store' 'store_ln52' <Predicate = (!icmp_ln50)> <Delay = 0.42>
ST_1 : Operation 55 [1/1] (0.42ns)   --->   "%store_ln52 = store i7 %select_ln51_4, i7 %indvar_flatten325" [pipeline/C_Pool.cpp:52]   --->   Operation 55 'store' 'store_ln52' <Predicate = (!icmp_ln50)> <Delay = 0.42>
ST_1 : Operation 56 [1/1] (0.42ns)   --->   "%store_ln52 = store i3 %select_ln51_2, i3 %j" [pipeline/C_Pool.cpp:52]   --->   Operation 56 'store' 'store_ln52' <Predicate = (!icmp_ln50)> <Delay = 0.42>
ST_1 : Operation 57 [1/1] (0.42ns)   --->   "%store_ln52 = store i4 %add_ln52, i4 %k" [pipeline/C_Pool.cpp:52]   --->   Operation 57 'store' 'store_ln52' <Predicate = (!icmp_ln50)> <Delay = 0.42>
ST_1 : Operation 83 [1/1] (0.00ns)   --->   "%ret_ln0 = ret"   --->   Operation 83 'ret' 'ret_ln0' <Predicate = (icmp_ln50)> <Delay = 0.00>

State 2 <SV = 1> <Delay = 3.55>
ST_2 : Operation 58 [1/1] (0.00ns)   --->   "%hs_1_load = load i8 %hs_1" [pipeline/C_Pool.cpp:50]   --->   Operation 58 'load' 'hs_1_load' <Predicate = (!icmp_ln51 & !and_ln50)> <Delay = 0.00>
ST_2 : Operation 59 [1/1] (0.00ns)   --->   "%hs_load = load i8 %hs" [pipeline/C_Pool.cpp:50]   --->   Operation 59 'load' 'hs_load' <Predicate = (!icmp_ln51)> <Delay = 0.00>
ST_2 : Operation 60 [1/1] (0.00ns)   --->   "%indvars_iv378_load = load i8 %indvars_iv378" [pipeline/C_Pool.cpp:50]   --->   Operation 60 'load' 'indvars_iv378_load' <Predicate = true> <Delay = 0.00>
ST_2 : Operation 61 [1/1] (0.00ns)   --->   "%specloopname_ln0 = specloopname void @_ssdm_op_SpecLoopName, void @VITIS_LOOP_50_1_VITIS_LOOP_51_2_VITIS_LOOP_52_3_str"   --->   Operation 61 'specloopname' 'specloopname_ln0' <Predicate = true> <Delay = 0.00>
ST_2 : Operation 62 [1/1] (0.00ns)   --->   "%empty = speclooptripcount i32 @_ssdm_op_SpecLoopTripCount, i64 128, i64 128, i64 128"   --->   Operation 62 'speclooptripcount' 'empty' <Predicate = true> <Delay = 0.00>
ST_2 : Operation 63 [1/1] (0.76ns)   --->   "%add_ln50_1 = add i8 %indvars_iv378_load, i8 32" [pipeline/C_Pool.cpp:50]   --->   Operation 63 'add' 'add_ln50_1' <Predicate = true> <Delay = 0.76> <CoreInst = "Adder">   --->   Core 1 'Adder' <Latency = 0> <II = 1> <Delay = 0.76> <FuncUnit> <Opcode : 'add' 'sub'> <InPorts = 2> <OutPorts = 1>
ST_2 : Operation 64 [1/1] (0.39ns)   --->   "%select_ln50 = select i1 %icmp_ln51, i8 %add_ln50_1, i8 %hs_load" [pipeline/C_Pool.cpp:50]   --->   Operation 64 'select' 'select_ln50' <Predicate = true> <Delay = 0.39> <CoreInst = "Sel">   --->   Core 73 'Sel' <Latency = 0> <II = 1> <Delay = 0.39> <FuncUnit> <Opcode : 'select'> <InPorts = 3> <OutPorts = 1>
ST_2 : Operation 65 [1/1] (0.00ns) (grouped into LUT with out node select_ln51)   --->   "%select_ln50_2 = select i1 %icmp_ln51, i8 %add_ln50_1, i8 %hs_1_load" [pipeline/C_Pool.cpp:50]   --->   Operation 65 'select' 'select_ln50_2' <Predicate = (!and_ln50)> <Delay = 0.00> <CoreInst = "Sel">   --->   Core 73 'Sel' <Latency = 0> <II = 1> <Delay = 0.39> <FuncUnit> <Opcode : 'select'> <InPorts = 3> <OutPorts = 1>
ST_2 : Operation 66 [1/1] (0.00ns)   --->   "%specpipeline_ln0 = specpipeline void @_ssdm_op_SpecPipeline, i32 4294967295, i32 0, i32 1, i32 0, void @p_str"   --->   Operation 66 'specpipeline' 'specpipeline_ln0' <Predicate = true> <Delay = 0.00>
ST_2 : Operation 67 [1/1] (0.39ns)   --->   "%select_ln50_4 = select i1 %icmp_ln51, i8 %add_ln50_1, i8 %indvars_iv378_load" [pipeline/C_Pool.cpp:50]   --->   Operation 67 'select' 'select_ln50_4' <Predicate = true> <Delay = 0.39> <CoreInst = "Sel">   --->   Core 73 'Sel' <Latency = 0> <II = 1> <Delay = 0.39> <FuncUnit> <Opcode : 'select'> <InPorts = 3> <OutPorts = 1>
ST_2 : Operation 68 [1/1] (0.76ns)   --->   "%add_ln51_1 = add i8 %select_ln50, i8 8" [pipeline/C_Pool.cpp:51]   --->   Operation 68 'add' 'add_ln51_1' <Predicate = true> <Delay = 0.76> <CoreInst = "Adder">   --->   Core 1 'Adder' <Latency = 0> <II = 1> <Delay = 0.76> <FuncUnit> <Opcode : 'add' 'sub'> <InPorts = 2> <OutPorts = 1>
ST_2 : Operation 69 [1/1] (0.00ns)   --->   "%specloopname_ln0 = specloopname void @_ssdm_op_SpecLoopName, void @VITIS_LOOP_51_2_VITIS_LOOP_52_3_str"   --->   Operation 69 'specloopname' 'specloopname_ln0' <Predicate = true> <Delay = 0.00>
ST_2 : Operation 70 [1/1] (0.39ns) (out node of the LUT)   --->   "%select_ln51 = select i1 %and_ln50, i8 %add_ln51_1, i8 %select_ln50_2" [pipeline/C_Pool.cpp:51]   --->   Operation 70 'select' 'select_ln51' <Predicate = true> <Delay = 0.39> <CoreInst = "Sel">   --->   Core 73 'Sel' <Latency = 0> <II = 1> <Delay = 0.39> <FuncUnit> <Opcode : 'select'> <InPorts = 3> <OutPorts = 1>
ST_2 : Operation 71 [1/1] (0.00ns)   --->   "%specpipeline_ln0 = specpipeline void @_ssdm_op_SpecPipeline, i32 4294967295, i32 0, i32 1, i32 0, void @p_str"   --->   Operation 71 'specpipeline' 'specpipeline_ln0' <Predicate = true> <Delay = 0.00>
ST_2 : Operation 72 [1/1] (0.39ns)   --->   "%select_ln51_3 = select i1 %and_ln50, i8 %add_ln51_1, i8 %select_ln50" [pipeline/C_Pool.cpp:51]   --->   Operation 72 'select' 'select_ln51_3' <Predicate = true> <Delay = 0.39> <CoreInst = "Sel">   --->   Core 73 'Sel' <Latency = 0> <II = 1> <Delay = 0.39> <FuncUnit> <Opcode : 'select'> <InPorts = 3> <OutPorts = 1>
ST_2 : Operation 73 [1/1] (0.00ns)   --->   "%hs_1_cast = zext i8 %select_ln51" [pipeline/C_Pool.cpp:51]   --->   Operation 73 'zext' 'hs_1_cast' <Predicate = true> <Delay = 0.00>
ST_2 : Operation 74 [1/1] (0.00ns)   --->   "%specloopname_ln49 = specloopname void @_ssdm_op_SpecLoopName, void @empty_12" [pipeline/C_Pool.cpp:49]   --->   Operation 74 'specloopname' 'specloopname_ln49' <Predicate = true> <Delay = 0.00>
ST_2 : Operation 75 [1/1] (0.00ns)   --->   "%Flatten_V_addr = getelementptr i16 %Flatten_V, i64 0, i64 %hs_1_cast" [pipeline/C_Pool.cpp:53]   --->   Operation 75 'getelementptr' 'Flatten_V_addr' <Predicate = true> <Delay = 0.00>
ST_2 : Operation 76 [1/2] (1.23ns)   --->   "%MaxPool_S4_V_load = load i7 %MaxPool_S4_V_addr" [pipeline/C_Pool.cpp:53]   --->   Operation 76 'load' 'MaxPool_S4_V_load' <Predicate = true> <Delay = 1.23> <CoreInst = "RAM">   --->   Core 83 'RAM' <Latency = 1> <II = 1> <Delay = 1.23> <Storage> <Opcode : 'load' 'store'> <Ports = 2> <Width = 16> <Depth = 128> <RAM>
ST_2 : Operation 77 [1/1] (1.23ns)   --->   "%store_ln53 = store i16 %MaxPool_S4_V_load, i7 %Flatten_V_addr" [pipeline/C_Pool.cpp:53]   --->   Operation 77 'store' 'store_ln53' <Predicate = true> <Delay = 1.23> <CoreInst = "RAM">   --->   Core 83 'RAM' <Latency = 1> <II = 1> <Delay = 1.23> <Storage> <Opcode : 'load' 'store'> <Ports = 2> <Width = 16> <Depth = 128> <RAM>
ST_2 : Operation 78 [1/1] (0.76ns)   --->   "%add_ln54 = add i8 %select_ln51, i8 1" [pipeline/C_Pool.cpp:54]   --->   Operation 78 'add' 'add_ln54' <Predicate = true> <Delay = 0.76> <CoreInst = "Adder">   --->   Core 1 'Adder' <Latency = 0> <II = 1> <Delay = 0.76> <FuncUnit> <Opcode : 'add' 'sub'> <InPorts = 2> <OutPorts = 1>
ST_2 : Operation 79 [1/1] (0.42ns)   --->   "%store_ln52 = store i8 %select_ln50_4, i8 %indvars_iv378" [pipeline/C_Pool.cpp:52]   --->   Operation 79 'store' 'store_ln52' <Predicate = true> <Delay = 0.42>
ST_2 : Operation 80 [1/1] (0.42ns)   --->   "%store_ln52 = store i8 %select_ln51_3, i8 %hs" [pipeline/C_Pool.cpp:52]   --->   Operation 80 'store' 'store_ln52' <Predicate = true> <Delay = 0.42>
ST_2 : Operation 81 [1/1] (0.42ns)   --->   "%store_ln52 = store i8 %add_ln54, i8 %hs_1" [pipeline/C_Pool.cpp:52]   --->   Operation 81 'store' 'store_ln52' <Predicate = true> <Delay = 0.42>
ST_2 : Operation 82 [1/1] (0.00ns)   --->   "%br_ln52 = br void %for.inc.i" [pipeline/C_Pool.cpp:52]   --->   Operation 82 'br' 'br_ln52' <Predicate = true> <Delay = 0.00>


============================================================
+ Verbose Summary: Timing violations
============================================================
Target clock period: 10ns, clock uncertainty: 2.7ns.

 <State 1>: 3.92ns
The critical path consists of the following:
	'alloca' operation ('indvar_flatten325') [7]  (0 ns)
	'load' operation ('indvar_flatten325_load', pipeline/C_Pool.cpp:51) on local variable 'indvar_flatten325' [31]  (0 ns)
	'icmp' operation ('icmp_ln51', pipeline/C_Pool.cpp:51) [37]  (0.817 ns)
	'select' operation ('select_ln50_1', pipeline/C_Pool.cpp:50) [39]  (0.208 ns)
	'add' operation ('add_ln51', pipeline/C_Pool.cpp:51) [49]  (0.673 ns)
	'select' operation ('select_ln51_2', pipeline/C_Pool.cpp:51) [55]  (0.208 ns)
	'add' operation ('add_ln53', pipeline/C_Pool.cpp:53) [63]  (0.773 ns)
	'getelementptr' operation ('MaxPool_S4_V_addr', pipeline/C_Pool.cpp:53) [65]  (0 ns)
	'load' operation ('MaxPool_S4_V_load', pipeline/C_Pool.cpp:53) on array 'MaxPool_S4_V' [67]  (1.24 ns)

 <State 2>: 3.55ns
The critical path consists of the following:
	'load' operation ('indvars_iv378_load', pipeline/C_Pool.cpp:50) on local variable 'indvars_iv378' [33]  (0 ns)
	'add' operation ('add_ln50_1', pipeline/C_Pool.cpp:50) [36]  (0.765 ns)
	'select' operation ('select_ln50', pipeline/C_Pool.cpp:50) [38]  (0.393 ns)
	'add' operation ('add_ln51_1', pipeline/C_Pool.cpp:51) [50]  (0.765 ns)
	'select' operation ('select_ln51', pipeline/C_Pool.cpp:51) [52]  (0.393 ns)
	'getelementptr' operation ('Flatten_V_addr', pipeline/C_Pool.cpp:53) [66]  (0 ns)
	'store' operation ('store_ln53', pipeline/C_Pool.cpp:53) of variable 'MaxPool_S4_V_load', pipeline/C_Pool.cpp:53 on array 'Flatten_V' [68]  (1.24 ns)


============================================================
+ Verbose Summary: Binding
============================================================
N/A
* FSMD analyzer results:
  - Output states:
 - Input state : 
  - Chain level:
	State 1
	State 2


============================================================
+ Verbose Summary: Datapath Resource usage 
============================================================
N/A
