

================================================================
== Vitis HLS Report for 'C_CNN_Pipeline_VITIS_LOOP_13_1'
================================================================
* Date:           Wed Apr 15 01:46:24 2026

* Version:        2022.2 (Build 3670227 on Oct 13 2022)
* Project:        ProjectOne
* Solution:       solution1 (Vivado IP Flow Target)
* Product family: zynquplus
* Target device:  xck26-sfvc784-2LV-c


================================================================
== Performance Estimates
================================================================
+ Timing: 
    * Summary: 
    +--------+----------+----------+------------+
    |  Clock |  Target  | Estimated| Uncertainty|
    +--------+----------+----------+------------+
    |ap_clk  |  10.00 ns|  1.649 ns|     2.70 ns|
    +--------+----------+----------+------------+

+ Latency: 
    * Summary: 
    +---------+---------+----------+----------+-----+-----+---------+
    |  Latency (cycles) |  Latency (absolute) |  Interval | Pipeline|
    |   min   |   max   |    min   |    max   | min | max |   Type  |
    +---------+---------+----------+----------+-----+-----+---------+
    |       34|       34|  0.340 us|  0.340 us|   34|   34|       no|
    +---------+---------+----------+----------+-----+-----+---------+

    + Detail: 
        * Instance: 
        N/A

        * Loop: 
        +-------------------+---------+---------+----------+-----------+-----------+------+----------+
        |                   |  Latency (cycles) | Iteration|  Initiation Interval  | Trip |          |
        |     Loop Name     |   min   |   max   |  Latency |  achieved |   target  | Count| Pipelined|
        +-------------------+---------+---------+----------+-----------+-----------+------+----------+
        |- VITIS_LOOP_13_1  |       32|       32|         2|          1|          1|    32|       yes|
        +-------------------+---------+---------+----------+-----------+-----------+------+----------+

============================================================
+ Verbose Summary: Synthesis Manager
============================================================
InlineROM: 1
ExposeGlobal: 0
============================================================
+ Verbose Summary: CDFG Model
============================================================
IsTopModel: 0
ResetActiveHigh: 1
IsCombinational: 0
IsDatapathOnly: 0
HasWiredReturn: 1
HasMFsm: 2
HasVarLatency: 1
IsPipeline: 0
IsRtlPipelined: 0
IsInstanceOverlapped: 0
IsDontTouch: 0
HasImplIP: 0
IsGatedGlobalClock: 0

+ Individual pipeline summary: 
  * Pipeline-0: initiation interval (II) = 1, depth = 2


============================================================
+ Verbose Summary: Schedule
============================================================
* Number of FSM states : 2
* Pipeline : 1
  Pipeline-0 : II = 1, D = 2, States = { 1 2 }
* Dataflow Pipeline: 0

* FSM state transitions: 
1 --> 2 
2 --> 

* FSM state operations: 

State 1 <SV = 0> <Delay = 1.21>
ST_1 : Operation 5 [1/1] (0.00ns)   --->   "%i = alloca i32 1"   --->   Operation 5 'alloca' 'i' <Predicate = true> <Delay = 0.00>
ST_1 : Operation 6 [1/1] (0.42ns)   --->   "%store_ln0 = store i6 0, i6 %i"   --->   Operation 6 'store' 'store_ln0' <Predicate = true> <Delay = 0.42>
ST_1 : Operation 7 [1/1] (0.00ns)   --->   "%br_ln0 = br void %for.body22.i"   --->   Operation 7 'br' 'br_ln0' <Predicate = true> <Delay = 0.00>
ST_1 : Operation 8 [1/1] (0.00ns)   --->   "%i_12 = load i6 %i" [pipeline/C_Dense.cpp:13]   --->   Operation 8 'load' 'i_12' <Predicate = true> <Delay = 0.00>
ST_1 : Operation 9 [1/1] (0.00ns)   --->   "%specpipeline_ln0 = specpipeline void @_ssdm_op_SpecPipeline, i32 4294967295, i32 0, i32 1, i32 0, void @p_str"   --->   Operation 9 'specpipeline' 'specpipeline_ln0' <Predicate = true> <Delay = 0.00>
ST_1 : Operation 10 [1/1] (0.78ns)   --->   "%icmp_ln13 = icmp_eq  i6 %i_12, i6 32" [pipeline/C_Dense.cpp:13]   --->   Operation 10 'icmp' 'icmp_ln13' <Predicate = true> <Delay = 0.78> <CoreInst = "Cmp">   --->   Core 9 'Cmp' <Latency = 0> <II = 1> <Delay = 0.78> <FuncUnit> <Opcode : 'icmp'> <InPorts = 2> <OutPorts = 1>
ST_1 : Operation 11 [1/1] (0.00ns)   --->   "%empty = speclooptripcount i32 @_ssdm_op_SpecLoopTripCount, i64 32, i64 32, i64 32"   --->   Operation 11 'speclooptripcount' 'empty' <Predicate = true> <Delay = 0.00>
ST_1 : Operation 12 [1/1] (0.78ns)   --->   "%add_ln13_3 = add i6 %i_12, i6 1" [pipeline/C_Dense.cpp:13]   --->   Operation 12 'add' 'add_ln13_3' <Predicate = true> <Delay = 0.78> <CoreInst = "Adder">   --->   Core 1 'Adder' <Latency = 0> <II = 1> <Delay = 0.78> <FuncUnit> <Opcode : 'add' 'sub'> <InPorts = 2> <OutPorts = 1>
ST_1 : Operation 13 [1/1] (0.00ns)   --->   "%br_ln13 = br i1 %icmp_ln13, void %for.body22.i.split, void %_Z9C_Dense_0P8ap_fixedILi16ELi8EL9ap_q_mode5EL9ap_o_mode3ELi0EES3_S3_S3_.exit.exitStub" [pipeline/C_Dense.cpp:13]   --->   Operation 13 'br' 'br_ln13' <Predicate = true> <Delay = 0.00>
ST_1 : Operation 14 [1/1] (0.00ns)   --->   "%i_15_cast = zext i6 %i_12" [pipeline/C_Dense.cpp:13]   --->   Operation 14 'zext' 'i_15_cast' <Predicate = (!icmp_ln13)> <Delay = 0.00>
ST_1 : Operation 15 [1/1] (0.00ns)   --->   "%out_Dense_V_1_addr = getelementptr i16 %out_Dense_V_1, i64 0, i64 %i_15_cast"   --->   Operation 15 'getelementptr' 'out_Dense_V_1_addr' <Predicate = (!icmp_ln13)> <Delay = 0.00>
ST_1 : Operation 16 [2/2] (0.67ns)   --->   "%out_Dense_V_1_load = load i5 %out_Dense_V_1_addr"   --->   Operation 16 'load' 'out_Dense_V_1_load' <Predicate = (!icmp_ln13)> <Delay = 0.67> <CoreInst = "RAM">   --->   Core 83 'RAM' <Latency = 1> <II = 1> <Delay = 0.67> <Storage> <Opcode : 'load' 'store'> <Ports = 2> <Width = 16> <Depth = 32> <RAM>
ST_1 : Operation 17 [1/1] (0.42ns)   --->   "%store_ln13 = store i6 %add_ln13_3, i6 %i" [pipeline/C_Dense.cpp:13]   --->   Operation 17 'store' 'store_ln13' <Predicate = (!icmp_ln13)> <Delay = 0.42>
ST_1 : Operation 26 [1/1] (0.00ns)   --->   "%ret_ln0 = ret"   --->   Operation 26 'ret' 'ret_ln0' <Predicate = (icmp_ln13)> <Delay = 0.00>

State 2 <SV = 1> <Delay = 1.64>
ST_2 : Operation 18 [1/1] (0.00ns)   --->   "%specloopname_ln13 = specloopname void @_ssdm_op_SpecLoopName, void @empty_33" [pipeline/C_Dense.cpp:13]   --->   Operation 18 'specloopname' 'specloopname_ln13' <Predicate = true> <Delay = 0.00>
ST_2 : Operation 19 [1/2] (0.67ns)   --->   "%out_Dense_V_1_load = load i5 %out_Dense_V_1_addr"   --->   Operation 19 'load' 'out_Dense_V_1_load' <Predicate = true> <Delay = 0.67> <CoreInst = "RAM">   --->   Core 83 'RAM' <Latency = 1> <II = 1> <Delay = 0.67> <Storage> <Opcode : 'load' 'store'> <Ports = 2> <Width = 16> <Depth = 32> <RAM>
ST_2 : Operation 20 [1/1] (0.00ns)   --->   "%trunc_ln1650 = trunc i16 %out_Dense_V_1_load"   --->   Operation 20 'trunc' 'trunc_ln1650' <Predicate = true> <Delay = 0.00>
ST_2 : Operation 21 [1/1] (0.00ns)   --->   "%tmp = bitselect i1 @_ssdm_op_BitSelect.i1.i16.i32, i16 %out_Dense_V_1_load, i32 15"   --->   Operation 21 'bitselect' 'tmp' <Predicate = true> <Delay = 0.00>
ST_2 : Operation 22 [1/1] (0.00ns)   --->   "%Dense_C5_V_addr = getelementptr i15 %Dense_C5_V, i64 0, i64 %i_15_cast" [pipeline/C_Dense.cpp:14]   --->   Operation 22 'getelementptr' 'Dense_C5_V_addr' <Predicate = true> <Delay = 0.00>
ST_2 : Operation 23 [1/1] (0.29ns)   --->   "%select_ln14 = select i1 %tmp, i15 0, i15 %trunc_ln1650" [pipeline/C_Dense.cpp:14]   --->   Operation 23 'select' 'select_ln14' <Predicate = true> <Delay = 0.29> <CoreInst = "Sel">   --->   Core 73 'Sel' <Latency = 0> <II = 1> <Delay = 0.29> <FuncUnit> <Opcode : 'select'> <InPorts = 3> <OutPorts = 1>
ST_2 : Operation 24 [1/1] (0.67ns)   --->   "%store_ln14 = store i15 %select_ln14, i5 %Dense_C5_V_addr" [pipeline/C_Dense.cpp:14]   --->   Operation 24 'store' 'store_ln14' <Predicate = true> <Delay = 0.67> <CoreInst = "RAM">   --->   Core 83 'RAM' <Latency = 1> <II = 1> <Delay = 0.67> <Storage> <Opcode : 'load' 'store'> <Ports = 2> <Width = 15> <Depth = 32> <RAM>
ST_2 : Operation 25 [1/1] (0.00ns)   --->   "%br_ln13 = br void %for.body22.i" [pipeline/C_Dense.cpp:13]   --->   Operation 25 'br' 'br_ln13' <Predicate = true> <Delay = 0.00>


============================================================
+ Verbose Summary: Timing violations
============================================================
Target clock period: 10ns, clock uncertainty: 2.7ns.

 <State 1>: 1.21ns
The critical path consists of the following:
	'alloca' operation ('i') [3]  (0 ns)
	'load' operation ('i', pipeline/C_Dense.cpp:13) on local variable 'i' [7]  (0 ns)
	'add' operation ('add_ln13_3', pipeline/C_Dense.cpp:13) [11]  (0.781 ns)
	'store' operation ('store_ln13', pipeline/C_Dense.cpp:13) of variable 'add_ln13_3', pipeline/C_Dense.cpp:13 on local variable 'i' [23]  (0.427 ns)
	blocking operation 0.004 ns on control path)

 <State 2>: 1.65ns
The critical path consists of the following:
	'load' operation ('out_Dense_V_1_load') on array 'out_Dense_V_1' [17]  (0.677 ns)
	'select' operation ('select_ln14', pipeline/C_Dense.cpp:14) [21]  (0.294 ns)
	'store' operation ('store_ln14', pipeline/C_Dense.cpp:14) of variable 'select_ln14', pipeline/C_Dense.cpp:14 on array 'Dense_C5_V' [22]  (0.677 ns)


============================================================
+ Verbose Summary: Binding
============================================================
N/A
* FSMD analyzer results:
  - Output states:
 - Input state : 
  - Chain level:
	State 1
	State 2


============================================================
+ Verbose Summary: Datapath Resource usage 
============================================================
N/A
