

================================================================
== Vitis HLS Report for 'C_CNN'
================================================================
* Date:           Wed Apr 15 01:46:32 2026

* Version:        2022.2 (Build 3670227 on Oct 13 2022)
* Project:        ProjectOne
* Solution:       solution1 (Vivado IP Flow Target)
* Product family: zynquplus
* Target device:  xck26-sfvc784-2LV-c


================================================================
== Performance Estimates
================================================================
+ Timing: 
    * Summary: 
    +--------+----------+----------+------------+
    |  Clock |  Target  | Estimated| Uncertainty|
    +--------+----------+----------+------------+
    |ap_clk  |  10.00 ns|  7.300 ns|     2.70 ns|
    +--------+----------+----------+------------+

+ Latency: 
    * Summary: 
    +---------+---------+----------+----------+--------+--------+---------+
    |  Latency (cycles) |  Latency (absolute) |     Interval    | Pipeline|
    |   min   |   max   |    min   |    max   |   min  |   max  |   Type  |
    +---------+---------+----------+----------+--------+--------+---------+
    |   159991|   164087|  1.600 ms|  1.641 ms|  159991|  164087|       no|
    +---------+---------+----------+----------+--------+--------+---------+

    + Detail: 
        * Instance: 
        N/A

        * Loop: 
        +--------------------------------------------------------+---------+---------+-----------+-----------+-----------+------+----------+
        |                                                        |  Latency (cycles) | Iteration |  Initiation Interval  | Trip |          |
        |                        Loop Name                       |   min   |   max   |  Latency  |  achieved |   target  | Count| Pipelined|
        +--------------------------------------------------------+---------+---------+-----------+-----------+-----------+------+----------+
        |- loop_for_channel2D_1_loop_for_bp2D_1_loop_for_ap2D_1  |    62464|    66560|  122 ~ 130|          -|          -|   512|        no|
        +--------------------------------------------------------+---------+---------+-----------+-----------+-----------+------+----------+

============================================================
+ Verbose Summary: Synthesis Manager
============================================================
InlineROM: 1
ExposeGlobal: 0
============================================================
+ Verbose Summary: CDFG Model
============================================================
IsTopModel: 0
ResetActiveHigh: 1
IsCombinational: 0
IsDatapathOnly: 0
HasWiredReturn: 1
HasMFsm: 0
HasVarLatency: 1
IsPipeline: 0
IsRtlPipelined: 0
IsInstanceOverlapped: 0
IsDontTouch: 0
HasImplIP: 0
IsGatedGlobalClock: 0


============================================================
+ Verbose Summary: Schedule
============================================================
* Number of FSM states : 57
* Pipeline : 0
* Dataflow Pipeline: 0

* FSM state transitions: 
1 --> 2 
2 --> 3 
3 --> 4 
4 --> 5 
5 --> 6 29 
6 --> 7 
7 --> 8 
8 --> 9 
9 --> 10 
10 --> 11 
11 --> 12 
12 --> 13 
13 --> 14 
14 --> 15 
15 --> 16 
16 --> 17 
17 --> 18 
18 --> 19 27 
19 --> 20 
20 --> 21 
21 --> 22 
22 --> 23 
23 --> 24 
24 --> 25 
25 --> 26 
26 --> 27 
27 --> 28 
28 --> 5 
29 --> 30 
30 --> 31 
31 --> 32 
32 --> 33 
33 --> 34 
34 --> 35 
35 --> 36 
36 --> 37 
37 --> 38 
38 --> 39 
39 --> 40 
40 --> 41 
41 --> 42 
42 --> 43 
43 --> 44 
44 --> 45 
45 --> 46 
46 --> 47 
47 --> 48 
48 --> 49 
49 --> 50 
50 --> 51 
51 --> 52 
52 --> 53 
53 --> 54 
54 --> 55 
55 --> 56 
56 --> 57 
57 --> 

* FSM state operations: 

State 1 <SV = 0> <Delay = 0.42>
ST_1 : Operation 58 [1/1] (0.00ns)   --->   "%y = alloca i32 1"   --->   Operation 58 'alloca' 'y' <Predicate = true> <Delay = 0.00>
ST_1 : Operation 59 [1/1] (0.00ns)   --->   "%x_4 = alloca i32 1"   --->   Operation 59 'alloca' 'x_4' <Predicate = true> <Delay = 0.00>
ST_1 : Operation 60 [1/1] (0.00ns)   --->   "%indvar_flatten253 = alloca i32 1"   --->   Operation 60 'alloca' 'indvar_flatten253' <Predicate = true> <Delay = 0.00>
ST_1 : Operation 61 [1/1] (0.00ns)   --->   "%n = alloca i32 1"   --->   Operation 61 'alloca' 'n' <Predicate = true> <Delay = 0.00>
ST_1 : Operation 62 [1/1] (0.00ns)   --->   "%indvar_flatten287 = alloca i32 1"   --->   Operation 62 'alloca' 'indvar_flatten287' <Predicate = true> <Delay = 0.00>
ST_1 : Operation 63 [1/1] (0.00ns)   --->   "%Weights_read = read i64 @_ssdm_op_Read.ap_auto.i64, i64 %Weights"   --->   Operation 63 'read' 'Weights_read' <Predicate = true> <Delay = 0.00>
ST_1 : Operation 64 [1/1] (0.00ns)   --->   "%s_V_6_loc = alloca i64 1"   --->   Operation 64 'alloca' 's_V_6_loc' <Predicate = true> <Delay = 0.00>
ST_1 : Operation 65 [1/1] (0.00ns)   --->   "%out_Dense_V = alloca i64 1" [pipeline/C_Dense.cpp:18]   --->   Operation 65 'alloca' 'out_Dense_V' <Predicate = true> <Delay = 0.00>
ST_1 : Operation 66 [1/1] (0.00ns)   --->   "%out_Dense_V_1 = alloca i64 1" [pipeline/C_Dense.cpp:3]   --->   Operation 66 'alloca' 'out_Dense_V_1' <Predicate = true> <Delay = 0.00>
ST_1 : Operation 67 [1/1] (0.00ns)   --->   "%Conv1_C1_V = alloca i64 1" [pipeline/C_CNN.cpp:6]   --->   Operation 67 'alloca' 'Conv1_C1_V' <Predicate = true> <Delay = 0.00>
ST_1 : Operation 68 [1/1] (0.00ns)   --->   "%MaxPool_S2_V = alloca i64 1" [pipeline/C_CNN.cpp:7]   --->   Operation 68 'alloca' 'MaxPool_S2_V' <Predicate = true> <Delay = 0.00>
ST_1 : Operation 69 [1/1] (0.00ns)   --->   "%Conv2_C3_V = alloca i64 1" [pipeline/C_CNN.cpp:8]   --->   Operation 69 'alloca' 'Conv2_C3_V' <Predicate = true> <Delay = 0.00> <CoreInst = "RAM_1WnR">   --->   Core 84 'RAM_1WnR' <Latency = 1> <II = 1> <Delay = 1.23> <Storage> <Opcode : 'load' 'store'> <Ports = 17> <Width = 16> <Depth = 512> <RAM>
ST_1 : Operation 70 [1/1] (0.00ns)   --->   "%MaxPool_S4_V = alloca i64 1" [pipeline/C_CNN.cpp:9]   --->   Operation 70 'alloca' 'MaxPool_S4_V' <Predicate = true> <Delay = 0.00>
ST_1 : Operation 71 [1/1] (0.00ns)   --->   "%Flatten_V = alloca i64 1" [pipeline/C_CNN.cpp:10]   --->   Operation 71 'alloca' 'Flatten_V' <Predicate = true> <Delay = 0.00>
ST_1 : Operation 72 [1/1] (0.00ns)   --->   "%Dense_C5_V = alloca i64 1" [pipeline/C_CNN.cpp:11]   --->   Operation 72 'alloca' 'Dense_C5_V' <Predicate = true> <Delay = 0.00> <CoreInst = "RAM">   --->   Core 83 'RAM' <Latency = 1> <II = 1> <Delay = 0.67> <Storage> <Opcode : 'load' 'store'> <Ports = 2> <Width = 15> <Depth = 32> <RAM>
ST_1 : Operation 73 [1/1] (0.00ns)   --->   "%Dense_F6_V = alloca i64 1" [pipeline/C_CNN.cpp:12]   --->   Operation 73 'alloca' 'Dense_F6_V' <Predicate = true> <Delay = 0.00>
ST_1 : Operation 74 [2/2] (0.00ns)   --->   "%call_ln0 = call void @C_CNN_Pipeline_loop_for_channel2D_0_loop_for_bp2D_0_loop_for_ap2D_0, i64 %Weights_read, i16 %gmem1, i16 %InModel, i16 %Conv1_C1_V"   --->   Operation 74 'call' 'call_ln0' <Predicate = true> <Delay = 0.00> <CoreType = "Generic">   --->   Core 0 '' <Latency = 0> <II = 1> <Delay = 1.00> <Generic> <Opcode : >
ST_1 : Operation 75 [1/1] (0.42ns)   --->   "%store_ln28 = store i10 0, i10 %indvar_flatten287" [pipeline/C_Conv.cpp:28]   --->   Operation 75 'store' 'store_ln28' <Predicate = true> <Delay = 0.42>
ST_1 : Operation 76 [1/1] (0.42ns)   --->   "%store_ln28 = store i4 0, i4 %n" [pipeline/C_Conv.cpp:28]   --->   Operation 76 'store' 'store_ln28' <Predicate = true> <Delay = 0.42>
ST_1 : Operation 77 [1/1] (0.42ns)   --->   "%store_ln28 = store i8 0, i8 %indvar_flatten253" [pipeline/C_Conv.cpp:28]   --->   Operation 77 'store' 'store_ln28' <Predicate = true> <Delay = 0.42>
ST_1 : Operation 78 [1/1] (0.42ns)   --->   "%store_ln28 = store i4 0, i4 %x_4" [pipeline/C_Conv.cpp:28]   --->   Operation 78 'store' 'store_ln28' <Predicate = true> <Delay = 0.42>
ST_1 : Operation 79 [1/1] (0.42ns)   --->   "%store_ln28 = store i4 0, i4 %y" [pipeline/C_Conv.cpp:28]   --->   Operation 79 'store' 'store_ln28' <Predicate = true> <Delay = 0.42>

State 2 <SV = 1> <Delay = 0.00>
ST_2 : Operation 80 [1/2] (0.00ns)   --->   "%call_ln0 = call void @C_CNN_Pipeline_loop_for_channel2D_0_loop_for_bp2D_0_loop_for_ap2D_0, i64 %Weights_read, i16 %gmem1, i16 %InModel, i16 %Conv1_C1_V"   --->   Operation 80 'call' 'call_ln0' <Predicate = true> <Delay = 0.00> <CoreType = "Generic">   --->   Core 0 '' <Latency = 0> <II = 1> <Delay = 1.00> <Generic> <Opcode : >

State 3 <SV = 2> <Delay = 0.00>
ST_3 : Operation 81 [2/2] (0.00ns)   --->   "%call_ln0 = call void @C_CNN_Pipeline_VITIS_LOOP_6_1_VITIS_LOOP_8_2_VITIS_LOOP_9_3, i16 %Conv1_C1_V, i16 %MaxPool_S2_V"   --->   Operation 81 'call' 'call_ln0' <Predicate = true> <Delay = 0.00> <CoreType = "Generic">   --->   Core 0 '' <Latency = 0> <II = 1> <Delay = 1.00> <Generic> <Opcode : >

State 4 <SV = 3> <Delay = 0.00>
ST_4 : Operation 82 [1/1] (0.00ns)   --->   "%specinterface_ln0 = specinterface void @_ssdm_op_SpecInterface, i16 %gmem1, void @empty_7, i32 0, i32 0, void @empty_8, i32 0, i32 0, void @empty_11, void @empty_1, void @empty_8, i32 16, i32 16, i32 16, i32 16, void @empty_8, void @empty_8, i32 4294967295, i32 0"   --->   Operation 82 'specinterface' 'specinterface_ln0' <Predicate = true> <Delay = 0.00>
ST_4 : Operation 83 [1/2] (0.00ns)   --->   "%call_ln0 = call void @C_CNN_Pipeline_VITIS_LOOP_6_1_VITIS_LOOP_8_2_VITIS_LOOP_9_3, i16 %Conv1_C1_V, i16 %MaxPool_S2_V"   --->   Operation 83 'call' 'call_ln0' <Predicate = true> <Delay = 0.00> <CoreType = "Generic">   --->   Core 0 '' <Latency = 0> <II = 1> <Delay = 1.00> <Generic> <Opcode : >
ST_4 : Operation 84 [1/1] (0.00ns)   --->   "%br_ln28 = br void %for.body8.i28" [pipeline/C_Conv.cpp:28]   --->   Operation 84 'br' 'br_ln28' <Predicate = true> <Delay = 0.00>

State 5 <SV = 4> <Delay = 2.81>
ST_5 : Operation 85 [1/1] (0.00ns)   --->   "%x = load i4 %x_4"   --->   Operation 85 'load' 'x' <Predicate = true> <Delay = 0.00>
ST_5 : Operation 86 [1/1] (0.00ns)   --->   "%n_6 = load i4 %n"   --->   Operation 86 'load' 'n_6' <Predicate = true> <Delay = 0.00>
ST_5 : Operation 87 [1/1] (0.00ns)   --->   "%indvar_flatten287_load = load i10 %indvar_flatten287" [pipeline/C_Conv.cpp:28]   --->   Operation 87 'load' 'indvar_flatten287_load' <Predicate = true> <Delay = 0.00>
ST_5 : Operation 88 [1/1] (0.00ns)   --->   "%empty = trunc i4 %n_6"   --->   Operation 88 'trunc' 'empty' <Predicate = true> <Delay = 0.00>
ST_5 : Operation 89 [1/1] (0.00ns)   --->   "%tmp = bitconcatenate i9 @_ssdm_op_BitConcatenate.i9.i5.i3.i1, i5 17, i3 %empty, i1 0"   --->   Operation 89 'bitconcatenate' 'tmp' <Predicate = true> <Delay = 0.00>
ST_5 : Operation 90 [1/1] (0.00ns)   --->   "%tmp8_cast_cast_cast = sext i9 %tmp"   --->   Operation 90 'sext' 'tmp8_cast_cast_cast' <Predicate = true> <Delay = 0.00>
ST_5 : Operation 91 [1/1] (0.00ns)   --->   "%tmp8_cast_cast_cast_cast = zext i11 %tmp8_cast_cast_cast"   --->   Operation 91 'zext' 'tmp8_cast_cast_cast_cast' <Predicate = true> <Delay = 0.00>
ST_5 : Operation 92 [1/1] (1.08ns)   --->   "%empty_564 = add i64 %tmp8_cast_cast_cast_cast, i64 %Weights_read"   --->   Operation 92 'add' 'empty_564' <Predicate = true> <Delay = 1.08> <CoreInst = "Adder">   --->   Core 1 'Adder' <Latency = 0> <II = 1> <Delay = 1.08> <FuncUnit> <Opcode : 'add' 'sub'> <InPorts = 2> <OutPorts = 1>
ST_5 : Operation 93 [1/1] (0.00ns)   --->   "%p_cast3 = partselect i63 @_ssdm_op_PartSelect.i63.i64.i32.i32, i64 %empty_564, i32 1, i32 63"   --->   Operation 93 'partselect' 'p_cast3' <Predicate = true> <Delay = 0.00>
ST_5 : Operation 94 [1/1] (0.00ns)   --->   "%empty_565 = trunc i4 %x"   --->   Operation 94 'trunc' 'empty_565' <Predicate = true> <Delay = 0.00>
ST_5 : Operation 95 [1/1] (0.00ns)   --->   "%tmp_s = bitconcatenate i6 @_ssdm_op_BitConcatenate.i6.i3.i3, i3 %empty_565, i3 0"   --->   Operation 95 'bitconcatenate' 'tmp_s' <Predicate = true> <Delay = 0.00>
ST_5 : Operation 96 [1/1] (0.91ns)   --->   "%icmp_ln28 = icmp_eq  i10 %indvar_flatten287_load, i10 512" [pipeline/C_Conv.cpp:28]   --->   Operation 96 'icmp' 'icmp_ln28' <Predicate = true> <Delay = 0.91> <CoreInst = "Cmp">   --->   Core 9 'Cmp' <Latency = 0> <II = 1> <Delay = 0.91> <FuncUnit> <Opcode : 'icmp'> <InPorts = 2> <OutPorts = 1>
ST_5 : Operation 97 [1/1] (0.78ns)   --->   "%add_ln28 = add i10 %indvar_flatten287_load, i10 1" [pipeline/C_Conv.cpp:28]   --->   Operation 97 'add' 'add_ln28' <Predicate = true> <Delay = 0.78> <CoreInst = "Adder">   --->   Core 1 'Adder' <Latency = 0> <II = 1> <Delay = 0.78> <FuncUnit> <Opcode : 'add' 'sub'> <InPorts = 2> <OutPorts = 1>
ST_5 : Operation 98 [1/1] (0.00ns)   --->   "%br_ln28 = br i1 %icmp_ln28, void %for.inc69.i90, void %if.end.i.i.i.i100.preheader" [pipeline/C_Conv.cpp:28]   --->   Operation 98 'br' 'br_ln28' <Predicate = true> <Delay = 0.00>
ST_5 : Operation 99 [1/1] (0.00ns)   --->   "%y_load = load i4 %y" [pipeline/C_Conv.cpp:32]   --->   Operation 99 'load' 'y_load' <Predicate = (!icmp_ln28)> <Delay = 0.00>
ST_5 : Operation 100 [1/1] (0.00ns)   --->   "%indvar_flatten253_load_1 = load i8 %indvar_flatten253" [pipeline/C_Conv.cpp:30]   --->   Operation 100 'load' 'indvar_flatten253_load_1' <Predicate = (!icmp_ln28)> <Delay = 0.00>
ST_5 : Operation 101 [1/1] (0.84ns)   --->   "%icmp_ln30 = icmp_eq  i8 %indvar_flatten253_load_1, i8 64" [pipeline/C_Conv.cpp:30]   --->   Operation 101 'icmp' 'icmp_ln30' <Predicate = (!icmp_ln28)> <Delay = 0.84> <CoreInst = "Cmp">   --->   Core 9 'Cmp' <Latency = 0> <II = 1> <Delay = 0.84> <FuncUnit> <Opcode : 'icmp'> <InPorts = 2> <OutPorts = 1>
ST_5 : Operation 102 [1/1] (0.39ns)   --->   "%x_4_mid2269 = select i1 %icmp_ln30, i4 0, i4 %x" [pipeline/C_Conv.cpp:30]   --->   Operation 102 'select' 'x_4_mid2269' <Predicate = (!icmp_ln28)> <Delay = 0.39> <CoreInst = "Sel">   --->   Core 73 'Sel' <Latency = 0> <II = 1> <Delay = 0.39> <FuncUnit> <Opcode : 'select'> <InPorts = 3> <OutPorts = 1>
ST_5 : Operation 103 [1/1] (0.79ns)   --->   "%add_ln28_1 = add i4 %n_6, i4 1" [pipeline/C_Conv.cpp:28]   --->   Operation 103 'add' 'add_ln28_1' <Predicate = (!icmp_ln28)> <Delay = 0.79> <CoreInst = "Adder">   --->   Core 1 'Adder' <Latency = 0> <II = 1> <Delay = 0.79> <FuncUnit> <Opcode : 'add' 'sub'> <InPorts = 2> <OutPorts = 1>
ST_5 : Operation 104 [1/1] (0.00ns)   --->   "%empty_567 = trunc i4 %add_ln28_1" [pipeline/C_Conv.cpp:28]   --->   Operation 104 'trunc' 'empty_567' <Predicate = (!icmp_ln28)> <Delay = 0.00>
ST_5 : Operation 105 [1/1] (0.00ns)   --->   "%tmp8469_mid1 = bitconcatenate i9 @_ssdm_op_BitConcatenate.i9.i5.i3.i1, i5 17, i3 %empty_567, i1 0" [pipeline/C_Conv.cpp:28]   --->   Operation 105 'bitconcatenate' 'tmp8469_mid1' <Predicate = (!icmp_ln28)> <Delay = 0.00>
ST_5 : Operation 106 [1/1] (0.00ns)   --->   "%tmp8_cast_cast_mid1_cast = sext i9 %tmp8469_mid1" [pipeline/C_Conv.cpp:28]   --->   Operation 106 'sext' 'tmp8_cast_cast_mid1_cast' <Predicate = (!icmp_ln28)> <Delay = 0.00>
ST_5 : Operation 107 [1/1] (0.00ns)   --->   "%tmp8_cast_cast_mid1_cast_cast = zext i11 %tmp8_cast_cast_mid1_cast" [pipeline/C_Conv.cpp:28]   --->   Operation 107 'zext' 'tmp8_cast_cast_mid1_cast_cast' <Predicate = (!icmp_ln28)> <Delay = 0.00>
ST_5 : Operation 108 [1/1] (1.08ns)   --->   "%p_mid1275 = add i64 %tmp8_cast_cast_mid1_cast_cast, i64 %Weights_read" [pipeline/C_Conv.cpp:28]   --->   Operation 108 'add' 'p_mid1275' <Predicate = (!icmp_ln28)> <Delay = 1.08> <CoreInst = "Adder">   --->   Core 1 'Adder' <Latency = 0> <II = 1> <Delay = 1.08> <FuncUnit> <Opcode : 'add' 'sub'> <InPorts = 2> <OutPorts = 1>
ST_5 : Operation 109 [1/1] (0.00ns)   --->   "%p_cast33_mid1 = partselect i63 @_ssdm_op_PartSelect.i63.i64.i32.i32, i64 %p_mid1275, i32 1, i32 63" [pipeline/C_Conv.cpp:28]   --->   Operation 109 'partselect' 'p_cast33_mid1' <Predicate = (!icmp_ln28)> <Delay = 0.00>
ST_5 : Operation 110 [1/1] (0.41ns)   --->   "%empty_568 = select i1 %icmp_ln30, i63 %p_cast33_mid1, i63 %p_cast3" [pipeline/C_Conv.cpp:30]   --->   Operation 110 'select' 'empty_568' <Predicate = (!icmp_ln28)> <Delay = 0.41> <CoreInst = "Sel">   --->   Core 73 'Sel' <Latency = 0> <II = 1> <Delay = 0.41> <FuncUnit> <Opcode : 'select'> <InPorts = 3> <OutPorts = 1>
ST_5 : Operation 111 [1/1] (0.00ns)   --->   "%p_cast33_cast_mid2 = sext i63 %empty_568" [pipeline/C_Conv.cpp:30]   --->   Operation 111 'sext' 'p_cast33_cast_mid2' <Predicate = (!icmp_ln28)> <Delay = 0.00>
ST_5 : Operation 112 [1/1] (0.00ns)   --->   "%gmem1_addr = getelementptr i16 %gmem1, i64 %p_cast33_cast_mid2" [pipeline/C_Conv.cpp:30]   --->   Operation 112 'getelementptr' 'gmem1_addr' <Predicate = (!icmp_ln28)> <Delay = 0.00>
ST_5 : Operation 113 [1/1] (0.39ns)   --->   "%sext_ln35_mid2_v_v_v_v_v_v_v_v = select i1 %icmp_ln30, i4 %add_ln28_1, i4 %n_6" [pipeline/C_Conv.cpp:30]   --->   Operation 113 'select' 'sext_ln35_mid2_v_v_v_v_v_v_v_v' <Predicate = (!icmp_ln28)> <Delay = 0.39> <CoreInst = "Sel">   --->   Core 73 'Sel' <Latency = 0> <II = 1> <Delay = 0.39> <FuncUnit> <Opcode : 'select'> <InPorts = 3> <OutPorts = 1>
ST_5 : Operation 114 [1/1] (0.00ns)   --->   "%sext_ln35_mid2_v_v_v_v_v_v_v = zext i4 %sext_ln35_mid2_v_v_v_v_v_v_v_v" [pipeline/C_Conv.cpp:30]   --->   Operation 114 'zext' 'sext_ln35_mid2_v_v_v_v_v_v_v' <Predicate = (!icmp_ln28)> <Delay = 0.00>
ST_5 : Operation 115 [3/3] (0.99ns) (grouped into DSP with root node sext_ln35_mid2_v_v_v_v_v)   --->   "%sext_ln35_mid2_v_v_v_v_v_v = mul i11 %sext_ln35_mid2_v_v_v_v_v_v_v, i11 200" [pipeline/C_Conv.cpp:30]   --->   Operation 115 'mul' 'sext_ln35_mid2_v_v_v_v_v_v' <Predicate = (!icmp_ln28)> <Delay = 0.99> <CoreInst = "DSP48">   --->   Core 127 'DSP48' <Latency = 3> <II = 1> <Delay = 0.53> <IPBlock> <Opcode : 'mul' 'add' 'sub' 'select'> <InPorts = 0> <OutPorts = 1> <Sync> <CReg>
ST_5 : Operation 116 [1/1] (0.00ns) (grouped into LUT with out node add_ln43)   --->   "%zext_ln32_mid2284 = select i1 %icmp_ln30, i6 0, i6 %tmp_s" [pipeline/C_Conv.cpp:30]   --->   Operation 116 'select' 'zext_ln32_mid2284' <Predicate = (!icmp_ln28)> <Delay = 0.00> <CoreInst = "Sel">   --->   Core 73 'Sel' <Latency = 0> <II = 1> <Delay = 0.38> <FuncUnit> <Opcode : 'select'> <InPorts = 3> <OutPorts = 1>
ST_5 : Operation 117 [1/1] (0.00ns) (grouped into LUT with out node icmp_ln32_mid2286)   --->   "%not_exitcond_flatten255 = xor i1 %icmp_ln30, i1 1" [pipeline/C_Conv.cpp:30]   --->   Operation 117 'xor' 'not_exitcond_flatten255' <Predicate = (!icmp_ln28)> <Delay = 0.00> <CoreInst = "LogicGate">   --->   Core 74 'LogicGate' <Latency = 0> <II = 1> <Delay = 0.28> <FuncUnit> <Opcode : 'and' 'or' 'xor'> <InPorts = 2> <OutPorts = 1>
ST_5 : Operation 118 [1/1] (0.72ns)   --->   "%icmp_ln32 = icmp_eq  i4 %y_load, i4 8" [pipeline/C_Conv.cpp:32]   --->   Operation 118 'icmp' 'icmp_ln32' <Predicate = (!icmp_ln28)> <Delay = 0.72> <CoreInst = "Cmp">   --->   Core 9 'Cmp' <Latency = 0> <II = 1> <Delay = 0.72> <FuncUnit> <Opcode : 'icmp'> <InPorts = 2> <OutPorts = 1>
ST_5 : Operation 119 [1/1] (0.28ns) (out node of the LUT)   --->   "%icmp_ln32_mid2286 = and i1 %icmp_ln32, i1 %not_exitcond_flatten255" [pipeline/C_Conv.cpp:32]   --->   Operation 119 'and' 'icmp_ln32_mid2286' <Predicate = (!icmp_ln28)> <Delay = 0.28> <CoreInst = "LogicGate">   --->   Core 74 'LogicGate' <Latency = 0> <II = 1> <Delay = 0.28> <FuncUnit> <Opcode : 'and' 'or' 'xor'> <InPorts = 2> <OutPorts = 1>
ST_5 : Operation 120 [1/1] (0.79ns)   --->   "%add_ln30 = add i4 %x_4_mid2269, i4 1" [pipeline/C_Conv.cpp:30]   --->   Operation 120 'add' 'add_ln30' <Predicate = (!icmp_ln28)> <Delay = 0.79> <CoreInst = "Adder">   --->   Core 1 'Adder' <Latency = 0> <II = 1> <Delay = 0.79> <FuncUnit> <Opcode : 'add' 'sub'> <InPorts = 2> <OutPorts = 1>
ST_5 : Operation 121 [1/1] (0.00ns) (grouped into LUT with out node select_ln30)   --->   "%or_ln30 = or i1 %icmp_ln32_mid2286, i1 %icmp_ln30" [pipeline/C_Conv.cpp:30]   --->   Operation 121 'or' 'or_ln30' <Predicate = (!icmp_ln28)> <Delay = 0.00> <CoreInst = "LogicGate">   --->   Core 74 'LogicGate' <Latency = 0> <II = 1> <Delay = 0.28> <FuncUnit> <Opcode : 'and' 'or' 'xor'> <InPorts = 2> <OutPorts = 1>
ST_5 : Operation 122 [1/1] (0.39ns) (out node of the LUT)   --->   "%select_ln30 = select i1 %or_ln30, i4 0, i4 %y_load" [pipeline/C_Conv.cpp:30]   --->   Operation 122 'select' 'select_ln30' <Predicate = (!icmp_ln28)> <Delay = 0.39> <CoreInst = "Sel">   --->   Core 73 'Sel' <Latency = 0> <II = 1> <Delay = 0.39> <FuncUnit> <Opcode : 'select'> <InPorts = 3> <OutPorts = 1>
ST_5 : Operation 123 [1/1] (0.00ns) (grouped into LUT with out node add_ln43)   --->   "%empty_569 = trunc i4 %add_ln30" [pipeline/C_Conv.cpp:30]   --->   Operation 123 'trunc' 'empty_569' <Predicate = (!icmp_ln28)> <Delay = 0.00>
ST_5 : Operation 124 [1/1] (0.00ns) (grouped into LUT with out node add_ln43)   --->   "%p_mid = bitconcatenate i6 @_ssdm_op_BitConcatenate.i6.i3.i3, i3 %empty_569, i3 0" [pipeline/C_Conv.cpp:30]   --->   Operation 124 'bitconcatenate' 'p_mid' <Predicate = (!icmp_ln28)> <Delay = 0.00>
ST_5 : Operation 125 [1/1] (0.00ns) (grouped into LUT with out node add_ln43)   --->   "%select_ln30_1 = select i1 %icmp_ln32_mid2286, i6 %p_mid, i6 %zext_ln32_mid2284" [pipeline/C_Conv.cpp:30]   --->   Operation 125 'select' 'select_ln30_1' <Predicate = (!icmp_ln28)> <Delay = 0.00> <CoreInst = "Sel">   --->   Core 73 'Sel' <Latency = 0> <II = 1> <Delay = 0.38> <FuncUnit> <Opcode : 'select'> <InPorts = 3> <OutPorts = 1>
ST_5 : Operation 126 [1/1] (0.00ns) (grouped into LUT with out node add_ln43)   --->   "%zext_ln30 = zext i6 %select_ln30_1" [pipeline/C_Conv.cpp:30]   --->   Operation 126 'zext' 'zext_ln30' <Predicate = (!icmp_ln28)> <Delay = 0.00>
ST_5 : Operation 127 [1/1] (0.39ns)   --->   "%select_ln30_2 = select i1 %icmp_ln32_mid2286, i4 %add_ln30, i4 %x_4_mid2269" [pipeline/C_Conv.cpp:30]   --->   Operation 127 'select' 'select_ln30_2' <Predicate = (!icmp_ln28)> <Delay = 0.39> <CoreInst = "Sel">   --->   Core 73 'Sel' <Latency = 0> <II = 1> <Delay = 0.39> <FuncUnit> <Opcode : 'select'> <InPorts = 3> <OutPorts = 1>
ST_5 : Operation 128 [1/1] (0.00ns) (grouped into LUT with out node add_ln43)   --->   "%trunc_ln43 = trunc i4 %sext_ln35_mid2_v_v_v_v_v_v_v_v" [pipeline/C_Conv.cpp:43]   --->   Operation 128 'trunc' 'trunc_ln43' <Predicate = (!icmp_ln28)> <Delay = 0.00>
ST_5 : Operation 129 [1/1] (0.00ns) (grouped into LUT with out node add_ln43)   --->   "%tmp12 = bitconcatenate i9 @_ssdm_op_BitConcatenate.i9.i3.i2.i4, i3 %trunc_ln43, i2 0, i4 %select_ln30" [pipeline/C_Conv.cpp:43]   --->   Operation 129 'bitconcatenate' 'tmp12' <Predicate = (!icmp_ln28)> <Delay = 0.00>
ST_5 : Operation 130 [1/1] (0.77ns) (out node of the LUT)   --->   "%add_ln43 = add i9 %tmp12, i9 %zext_ln30" [pipeline/C_Conv.cpp:43]   --->   Operation 130 'add' 'add_ln43' <Predicate = (!icmp_ln28)> <Delay = 0.77> <CoreInst = "Adder">   --->   Core 1 'Adder' <Latency = 0> <II = 1> <Delay = 0.77> <FuncUnit> <Opcode : 'add' 'sub'> <InPorts = 2> <OutPorts = 1>
ST_5 : Operation 131 [2/2] (0.00ns)   --->   "%call_ln0 = call void @C_CNN_Pipeline_VITIS_LOOP_29_1_VITIS_LOOP_31_2_VITIS_LOOP_32_3, i16 %Conv2_C3_V, i16 %MaxPool_S4_V"   --->   Operation 131 'call' 'call_ln0' <Predicate = (icmp_ln28)> <Delay = 0.00> <CoreType = "Generic">   --->   Core 0 '' <Latency = 0> <II = 1> <Delay = 1.00> <Generic> <Opcode : >

State 6 <SV = 5> <Delay = 7.30>
ST_6 : Operation 132 [7/7] (7.30ns)   --->   "%gmem1_load_53_req = readreq i1 @_ssdm_op_ReadReq.m_axi.i16P1A, i16 %gmem1_addr, i32 1" [pipeline/C_Conv.cpp:30]   --->   Operation 132 'readreq' 'gmem1_load_53_req' <Predicate = true> <Delay = 7.30> <CoreInst = "m_axi">   --->   Core 121 'm_axi' <Latency = 0> <II = 1> <Delay = 1.00> <Adapter> <Opcode : 'read' 'write' 'readreq' 'writereq' 'writeresp'>
ST_6 : Operation 133 [2/3] (0.99ns) (grouped into DSP with root node sext_ln35_mid2_v_v_v_v_v)   --->   "%sext_ln35_mid2_v_v_v_v_v_v = mul i11 %sext_ln35_mid2_v_v_v_v_v_v_v, i11 200" [pipeline/C_Conv.cpp:30]   --->   Operation 133 'mul' 'sext_ln35_mid2_v_v_v_v_v_v' <Predicate = true> <Delay = 0.99> <CoreInst = "DSP48">   --->   Core 127 'DSP48' <Latency = 3> <II = 1> <Delay = 0.53> <IPBlock> <Opcode : 'mul' 'add' 'sub' 'select'> <InPorts = 0> <OutPorts = 1> <Sync> <CReg>

State 7 <SV = 6> <Delay = 7.30>
ST_7 : Operation 134 [6/7] (7.30ns)   --->   "%gmem1_load_53_req = readreq i1 @_ssdm_op_ReadReq.m_axi.i16P1A, i16 %gmem1_addr, i32 1" [pipeline/C_Conv.cpp:30]   --->   Operation 134 'readreq' 'gmem1_load_53_req' <Predicate = true> <Delay = 7.30> <CoreInst = "m_axi">   --->   Core 121 'm_axi' <Latency = 0> <II = 1> <Delay = 1.00> <Adapter> <Opcode : 'read' 'write' 'readreq' 'writereq' 'writeresp'>
ST_7 : Operation 135 [1/3] (0.00ns) (grouped into DSP with root node sext_ln35_mid2_v_v_v_v_v)   --->   "%sext_ln35_mid2_v_v_v_v_v_v = mul i11 %sext_ln35_mid2_v_v_v_v_v_v_v, i11 200" [pipeline/C_Conv.cpp:30]   --->   Operation 135 'mul' 'sext_ln35_mid2_v_v_v_v_v_v' <Predicate = true> <Delay = 0.00> <CoreInst = "DSP48">   --->   Core 127 'DSP48' <Latency = 3> <II = 1> <Delay = 0.53> <IPBlock> <Opcode : 'mul' 'add' 'sub' 'select'> <InPorts = 0> <OutPorts = 1> <Sync> <CReg>
ST_7 : Operation 136 [2/2] (0.64ns) (root node of the DSP)   --->   "%sext_ln35_mid2_v_v_v_v_v = add i11 %sext_ln35_mid2_v_v_v_v_v_v, i11 208" [pipeline/C_Conv.cpp:30]   --->   Operation 136 'add' 'sext_ln35_mid2_v_v_v_v_v' <Predicate = true> <Delay = 0.64> <CoreInst = "DSP48">   --->   Core 127 'DSP48' <Latency = 3> <II = 1> <Delay = 0.53> <IPBlock> <Opcode : 'mul' 'add' 'sub' 'select'> <InPorts = 0> <OutPorts = 1> <Sync> <CReg>

State 8 <SV = 7> <Delay = 7.30>
ST_8 : Operation 137 [5/7] (7.30ns)   --->   "%gmem1_load_53_req = readreq i1 @_ssdm_op_ReadReq.m_axi.i16P1A, i16 %gmem1_addr, i32 1" [pipeline/C_Conv.cpp:30]   --->   Operation 137 'readreq' 'gmem1_load_53_req' <Predicate = true> <Delay = 7.30> <CoreInst = "m_axi">   --->   Core 121 'm_axi' <Latency = 0> <II = 1> <Delay = 1.00> <Adapter> <Opcode : 'read' 'write' 'readreq' 'writereq' 'writeresp'>
ST_8 : Operation 138 [1/2] (0.64ns) (root node of the DSP)   --->   "%sext_ln35_mid2_v_v_v_v_v = add i11 %sext_ln35_mid2_v_v_v_v_v_v, i11 208" [pipeline/C_Conv.cpp:30]   --->   Operation 138 'add' 'sext_ln35_mid2_v_v_v_v_v' <Predicate = true> <Delay = 0.64> <CoreInst = "DSP48">   --->   Core 127 'DSP48' <Latency = 3> <II = 1> <Delay = 0.53> <IPBlock> <Opcode : 'mul' 'add' 'sub' 'select'> <InPorts = 0> <OutPorts = 1> <Sync> <CReg>
ST_8 : Operation 139 [1/1] (0.00ns)   --->   "%sext_ln35_mid2_v_v_v_v = zext i11 %sext_ln35_mid2_v_v_v_v_v" [pipeline/C_Conv.cpp:30]   --->   Operation 139 'zext' 'sext_ln35_mid2_v_v_v_v' <Predicate = true> <Delay = 0.00>
ST_8 : Operation 140 [1/1] (1.08ns)   --->   "%sext_ln35_mid2_v_v_v = add i64 %sext_ln35_mid2_v_v_v_v, i64 %Weights_read" [pipeline/C_Conv.cpp:30]   --->   Operation 140 'add' 'sext_ln35_mid2_v_v_v' <Predicate = true> <Delay = 1.08> <CoreInst = "Adder">   --->   Core 1 'Adder' <Latency = 0> <II = 1> <Delay = 1.08> <FuncUnit> <Opcode : 'add' 'sub'> <InPorts = 2> <OutPorts = 1>
ST_8 : Operation 141 [1/1] (0.00ns)   --->   "%sext_ln35_mid2_v = partselect i63 @_ssdm_op_PartSelect.i63.i64.i32.i32, i64 %sext_ln35_mid2_v_v_v, i32 1, i32 63" [pipeline/C_Conv.cpp:30]   --->   Operation 141 'partselect' 'sext_ln35_mid2_v' <Predicate = true> <Delay = 0.00>

State 9 <SV = 8> <Delay = 7.30>
ST_9 : Operation 142 [4/7] (7.30ns)   --->   "%gmem1_load_53_req = readreq i1 @_ssdm_op_ReadReq.m_axi.i16P1A, i16 %gmem1_addr, i32 1" [pipeline/C_Conv.cpp:30]   --->   Operation 142 'readreq' 'gmem1_load_53_req' <Predicate = true> <Delay = 7.30> <CoreInst = "m_axi">   --->   Core 121 'm_axi' <Latency = 0> <II = 1> <Delay = 1.00> <Adapter> <Opcode : 'read' 'write' 'readreq' 'writereq' 'writeresp'>
ST_9 : Operation 143 [1/1] (0.00ns)   --->   "%sext_ln35_mid2 = sext i63 %sext_ln35_mid2_v" [pipeline/C_Conv.cpp:30]   --->   Operation 143 'sext' 'sext_ln35_mid2' <Predicate = true> <Delay = 0.00>
ST_9 : Operation 144 [1/1] (0.00ns)   --->   "%gmem1_addr_52 = getelementptr i16 %gmem1, i64 %sext_ln35_mid2" [pipeline/C_Conv.cpp:35]   --->   Operation 144 'getelementptr' 'gmem1_addr_52' <Predicate = true> <Delay = 0.00>
ST_9 : Operation 145 [7/7] (7.30ns)   --->   "%empty_570 = readreq i1 @_ssdm_op_ReadReq.m_axi.p1i16, i16 %gmem1_addr_52, i32 100" [pipeline/C_Conv.cpp:35]   --->   Operation 145 'readreq' 'empty_570' <Predicate = true> <Delay = 7.30> <CoreInst = "m_axi">   --->   Core 121 'm_axi' <Latency = 0> <II = 1> <Delay = 1.00> <Adapter> <Opcode : 'read' 'write' 'readreq' 'writereq' 'writeresp'>

State 10 <SV = 9> <Delay = 7.30>
ST_10 : Operation 146 [3/7] (7.30ns)   --->   "%gmem1_load_53_req = readreq i1 @_ssdm_op_ReadReq.m_axi.i16P1A, i16 %gmem1_addr, i32 1" [pipeline/C_Conv.cpp:30]   --->   Operation 146 'readreq' 'gmem1_load_53_req' <Predicate = true> <Delay = 7.30> <CoreInst = "m_axi">   --->   Core 121 'm_axi' <Latency = 0> <II = 1> <Delay = 1.00> <Adapter> <Opcode : 'read' 'write' 'readreq' 'writereq' 'writeresp'>
ST_10 : Operation 147 [6/7] (7.30ns)   --->   "%empty_570 = readreq i1 @_ssdm_op_ReadReq.m_axi.p1i16, i16 %gmem1_addr_52, i32 100" [pipeline/C_Conv.cpp:35]   --->   Operation 147 'readreq' 'empty_570' <Predicate = true> <Delay = 7.30> <CoreInst = "m_axi">   --->   Core 121 'm_axi' <Latency = 0> <II = 1> <Delay = 1.00> <Adapter> <Opcode : 'read' 'write' 'readreq' 'writereq' 'writeresp'>

State 11 <SV = 10> <Delay = 7.30>
ST_11 : Operation 148 [2/7] (7.30ns)   --->   "%gmem1_load_53_req = readreq i1 @_ssdm_op_ReadReq.m_axi.i16P1A, i16 %gmem1_addr, i32 1" [pipeline/C_Conv.cpp:30]   --->   Operation 148 'readreq' 'gmem1_load_53_req' <Predicate = true> <Delay = 7.30> <CoreInst = "m_axi">   --->   Core 121 'm_axi' <Latency = 0> <II = 1> <Delay = 1.00> <Adapter> <Opcode : 'read' 'write' 'readreq' 'writereq' 'writeresp'>
ST_11 : Operation 149 [5/7] (7.30ns)   --->   "%empty_570 = readreq i1 @_ssdm_op_ReadReq.m_axi.p1i16, i16 %gmem1_addr_52, i32 100" [pipeline/C_Conv.cpp:35]   --->   Operation 149 'readreq' 'empty_570' <Predicate = true> <Delay = 7.30> <CoreInst = "m_axi">   --->   Core 121 'm_axi' <Latency = 0> <II = 1> <Delay = 1.00> <Adapter> <Opcode : 'read' 'write' 'readreq' 'writereq' 'writeresp'>

State 12 <SV = 11> <Delay = 7.30>
ST_12 : Operation 150 [1/7] (7.30ns)   --->   "%gmem1_load_53_req = readreq i1 @_ssdm_op_ReadReq.m_axi.i16P1A, i16 %gmem1_addr, i32 1" [pipeline/C_Conv.cpp:30]   --->   Operation 150 'readreq' 'gmem1_load_53_req' <Predicate = true> <Delay = 7.30> <CoreInst = "m_axi">   --->   Core 121 'm_axi' <Latency = 0> <II = 1> <Delay = 1.00> <Adapter> <Opcode : 'read' 'write' 'readreq' 'writereq' 'writeresp'>
ST_12 : Operation 151 [4/7] (7.30ns)   --->   "%empty_570 = readreq i1 @_ssdm_op_ReadReq.m_axi.p1i16, i16 %gmem1_addr_52, i32 100" [pipeline/C_Conv.cpp:35]   --->   Operation 151 'readreq' 'empty_570' <Predicate = true> <Delay = 7.30> <CoreInst = "m_axi">   --->   Core 121 'm_axi' <Latency = 0> <II = 1> <Delay = 1.00> <Adapter> <Opcode : 'read' 'write' 'readreq' 'writereq' 'writeresp'>

State 13 <SV = 12> <Delay = 7.30>
ST_13 : Operation 152 [3/7] (7.30ns)   --->   "%empty_570 = readreq i1 @_ssdm_op_ReadReq.m_axi.p1i16, i16 %gmem1_addr_52, i32 100" [pipeline/C_Conv.cpp:35]   --->   Operation 152 'readreq' 'empty_570' <Predicate = true> <Delay = 7.30> <CoreInst = "m_axi">   --->   Core 121 'm_axi' <Latency = 0> <II = 1> <Delay = 1.00> <Adapter> <Opcode : 'read' 'write' 'readreq' 'writereq' 'writeresp'>

State 14 <SV = 13> <Delay = 7.30>
ST_14 : Operation 153 [2/7] (7.30ns)   --->   "%empty_570 = readreq i1 @_ssdm_op_ReadReq.m_axi.p1i16, i16 %gmem1_addr_52, i32 100" [pipeline/C_Conv.cpp:35]   --->   Operation 153 'readreq' 'empty_570' <Predicate = true> <Delay = 7.30> <CoreInst = "m_axi">   --->   Core 121 'm_axi' <Latency = 0> <II = 1> <Delay = 1.00> <Adapter> <Opcode : 'read' 'write' 'readreq' 'writereq' 'writeresp'>

State 15 <SV = 14> <Delay = 7.30>
ST_15 : Operation 154 [1/1] (7.30ns)   --->   "%gmem1_addr_read = read i16 @_ssdm_op_Read.m_axi.i16P1A, i16 %gmem1_addr" [pipeline/C_Conv.cpp:30]   --->   Operation 154 'read' 'gmem1_addr_read' <Predicate = true> <Delay = 7.30> <CoreInst = "m_axi">   --->   Core 121 'm_axi' <Latency = 0> <II = 1> <Delay = 1.00> <Adapter> <Opcode : 'read' 'write' 'readreq' 'writereq' 'writeresp'>
ST_15 : Operation 155 [1/7] (7.30ns)   --->   "%empty_570 = readreq i1 @_ssdm_op_ReadReq.m_axi.p1i16, i16 %gmem1_addr_52, i32 100" [pipeline/C_Conv.cpp:35]   --->   Operation 155 'readreq' 'empty_570' <Predicate = true> <Delay = 7.30> <CoreInst = "m_axi">   --->   Core 121 'm_axi' <Latency = 0> <II = 1> <Delay = 1.00> <Adapter> <Opcode : 'read' 'write' 'readreq' 'writereq' 'writeresp'>

State 16 <SV = 15> <Delay = 0.76>
ST_16 : Operation 156 [1/1] (0.00ns)   --->   "%p_shl16_mid = bitconcatenate i8 @_ssdm_op_BitConcatenate.i8.i4.i4, i4 %select_ln30_2, i4 0" [pipeline/C_Conv.cpp:30]   --->   Operation 156 'bitconcatenate' 'p_shl16_mid' <Predicate = true> <Delay = 0.00>
ST_16 : Operation 157 [1/1] (0.00ns)   --->   "%p_shl16_cast_mid1233 = zext i8 %p_shl16_mid" [pipeline/C_Conv.cpp:30]   --->   Operation 157 'zext' 'p_shl16_cast_mid1233' <Predicate = true> <Delay = 0.00>
ST_16 : Operation 158 [1/1] (0.00ns)   --->   "%p_shl17_mid = bitconcatenate i6 @_ssdm_op_BitConcatenate.i6.i4.i2, i4 %select_ln30_2, i2 0" [pipeline/C_Conv.cpp:30]   --->   Operation 158 'bitconcatenate' 'p_shl17_mid' <Predicate = true> <Delay = 0.00>
ST_16 : Operation 159 [1/1] (0.00ns)   --->   "%p_shl17_cast_mid1237 = zext i6 %p_shl17_mid" [pipeline/C_Conv.cpp:30]   --->   Operation 159 'zext' 'p_shl17_cast_mid1237' <Predicate = true> <Delay = 0.00>
ST_16 : Operation 160 [1/1] (0.76ns)   --->   "%p_mid1239 = sub i9 %p_shl16_cast_mid1233, i9 %p_shl17_cast_mid1237" [pipeline/C_Conv.cpp:30]   --->   Operation 160 'sub' 'p_mid1239' <Predicate = true> <Delay = 0.76> <CoreInst = "Adder">   --->   Core 1 'Adder' <Latency = 0> <II = 1> <Delay = 0.76> <FuncUnit> <Opcode : 'add' 'sub'> <InPorts = 2> <OutPorts = 1>
ST_16 : Operation 161 [2/2] (0.00ns)   --->   "%call_ln30 = call void @C_CNN_Pipeline_loop_for_fc_1_loop_for_fb_1_loop_for_fa_1, i16 %gmem1, i63 %sext_ln35_mid2_v, i4 %select_ln30_2, i9 %p_mid1239, i4 %select_ln30, i16 %MaxPool_S2_V, i16 %s_V_6_loc" [pipeline/C_Conv.cpp:30]   --->   Operation 161 'call' 'call_ln30' <Predicate = true> <Delay = 0.00> <CoreType = "Generic">   --->   Core 0 '' <Latency = 0> <II = 1> <Delay = 1.00> <Generic> <Opcode : >

State 17 <SV = 16> <Delay = 0.00>
ST_17 : Operation 162 [1/2] (0.00ns)   --->   "%call_ln30 = call void @C_CNN_Pipeline_loop_for_fc_1_loop_for_fb_1_loop_for_fa_1, i16 %gmem1, i63 %sext_ln35_mid2_v, i4 %select_ln30_2, i9 %p_mid1239, i4 %select_ln30, i16 %MaxPool_S2_V, i16 %s_V_6_loc" [pipeline/C_Conv.cpp:30]   --->   Operation 162 'call' 'call_ln30' <Predicate = true> <Delay = 0.00> <CoreType = "Generic">   --->   Core 0 '' <Latency = 0> <II = 1> <Delay = 1.00> <Generic> <Opcode : >

State 18 <SV = 17> <Delay = 1.28>
ST_18 : Operation 163 [1/1] (0.00ns)   --->   "%specloopname_ln0 = specloopname void @_ssdm_op_SpecLoopName, void @loop_for_channel2D_1_loop_for_bp2D_1_loop_for_ap2D_1_str"   --->   Operation 163 'specloopname' 'specloopname_ln0' <Predicate = true> <Delay = 0.00>
ST_18 : Operation 164 [1/1] (0.00ns)   --->   "%empty_566 = speclooptripcount i32 @_ssdm_op_SpecLoopTripCount, i64 512, i64 512, i64 512"   --->   Operation 164 'speclooptripcount' 'empty_566' <Predicate = true> <Delay = 0.00>
ST_18 : Operation 165 [1/1] (0.00ns)   --->   "%rhs_4_mid2 = sext i16 %gmem1_addr_read" [pipeline/C_Conv.cpp:30]   --->   Operation 165 'sext' 'rhs_4_mid2' <Predicate = true> <Delay = 0.00>
ST_18 : Operation 166 [1/1] (0.00ns)   --->   "%specloopname_ln0 = specloopname void @_ssdm_op_SpecLoopName, void @loop_for_bp2D_1_loop_for_ap2D_1_str"   --->   Operation 166 'specloopname' 'specloopname_ln0' <Predicate = true> <Delay = 0.00>
ST_18 : Operation 167 [1/1] (0.00ns)   --->   "%specloopname_ln32 = specloopname void @_ssdm_op_SpecLoopName, void @empty_26" [pipeline/C_Conv.cpp:32]   --->   Operation 167 'specloopname' 'specloopname_ln32' <Predicate = true> <Delay = 0.00>
ST_18 : Operation 168 [1/1] (0.00ns)   --->   "%s_V_6_loc_load = load i16 %s_V_6_loc"   --->   Operation 168 'load' 's_V_6_loc_load' <Predicate = true> <Delay = 0.00>
ST_18 : Operation 169 [1/1] (0.00ns)   --->   "%sext_ln813 = sext i16 %s_V_6_loc_load"   --->   Operation 169 'sext' 'sext_ln813' <Predicate = true> <Delay = 0.00>
ST_18 : Operation 170 [1/1] (0.85ns)   --->   "%ret_V = add i17 %sext_ln813, i17 %rhs_4_mid2"   --->   Operation 170 'add' 'ret_V' <Predicate = true> <Delay = 0.85> <CoreInst = "Adder">   --->   Core 1 'Adder' <Latency = 0> <II = 1> <Delay = 0.85> <FuncUnit> <Opcode : 'add' 'sub'> <InPorts = 2> <OutPorts = 1>
ST_18 : Operation 171 [1/1] (0.00ns)   --->   "%tmp_45 = bitselect i1 @_ssdm_op_BitSelect.i1.i17.i32, i17 %ret_V, i32 16"   --->   Operation 171 'bitselect' 'tmp_45' <Predicate = true> <Delay = 0.00>
ST_18 : Operation 172 [1/1] (0.00ns)   --->   "%zext_ln43 = zext i9 %add_ln43" [pipeline/C_Conv.cpp:43]   --->   Operation 172 'zext' 'zext_ln43' <Predicate = true> <Delay = 0.00>
ST_18 : Operation 173 [1/1] (0.00ns)   --->   "%Conv2_C3_V_addr = getelementptr i16 %Conv2_C3_V, i64 0, i64 %zext_ln43" [pipeline/C_Conv.cpp:43]   --->   Operation 173 'getelementptr' 'Conv2_C3_V_addr' <Predicate = true> <Delay = 0.00>
ST_18 : Operation 174 [1/1] (0.42ns)   --->   "%br_ln43 = br i1 %tmp_45, void %_ZN13ap_fixed_baseILi17ELi9ELb1EL9ap_q_mode5EL9ap_o_mode3ELi0EEC2Ei.exit.i.i81, void %for.inc63.i84" [pipeline/C_Conv.cpp:43]   --->   Operation 174 'br' 'br_ln43' <Predicate = true> <Delay = 0.42>

State 19 <SV = 18> <Delay = 7.30>
ST_19 : Operation 175 [7/7] (7.30ns)   --->   "%gmem1_load_9_req = readreq i1 @_ssdm_op_ReadReq.m_axi.i16P1A, i16 %gmem1_addr, i32 1"   --->   Operation 175 'readreq' 'gmem1_load_9_req' <Predicate = true> <Delay = 7.30> <CoreInst = "m_axi">   --->   Core 121 'm_axi' <Latency = 0> <II = 1> <Delay = 1.00> <Adapter> <Opcode : 'read' 'write' 'readreq' 'writereq' 'writeresp'>

State 20 <SV = 19> <Delay = 7.30>
ST_20 : Operation 176 [6/7] (7.30ns)   --->   "%gmem1_load_9_req = readreq i1 @_ssdm_op_ReadReq.m_axi.i16P1A, i16 %gmem1_addr, i32 1"   --->   Operation 176 'readreq' 'gmem1_load_9_req' <Predicate = true> <Delay = 7.30> <CoreInst = "m_axi">   --->   Core 121 'm_axi' <Latency = 0> <II = 1> <Delay = 1.00> <Adapter> <Opcode : 'read' 'write' 'readreq' 'writereq' 'writeresp'>

State 21 <SV = 20> <Delay = 7.30>
ST_21 : Operation 177 [5/7] (7.30ns)   --->   "%gmem1_load_9_req = readreq i1 @_ssdm_op_ReadReq.m_axi.i16P1A, i16 %gmem1_addr, i32 1"   --->   Operation 177 'readreq' 'gmem1_load_9_req' <Predicate = true> <Delay = 7.30> <CoreInst = "m_axi">   --->   Core 121 'm_axi' <Latency = 0> <II = 1> <Delay = 1.00> <Adapter> <Opcode : 'read' 'write' 'readreq' 'writereq' 'writeresp'>

State 22 <SV = 21> <Delay = 7.30>
ST_22 : Operation 178 [4/7] (7.30ns)   --->   "%gmem1_load_9_req = readreq i1 @_ssdm_op_ReadReq.m_axi.i16P1A, i16 %gmem1_addr, i32 1"   --->   Operation 178 'readreq' 'gmem1_load_9_req' <Predicate = true> <Delay = 7.30> <CoreInst = "m_axi">   --->   Core 121 'm_axi' <Latency = 0> <II = 1> <Delay = 1.00> <Adapter> <Opcode : 'read' 'write' 'readreq' 'writereq' 'writeresp'>

State 23 <SV = 22> <Delay = 7.30>
ST_23 : Operation 179 [3/7] (7.30ns)   --->   "%gmem1_load_9_req = readreq i1 @_ssdm_op_ReadReq.m_axi.i16P1A, i16 %gmem1_addr, i32 1"   --->   Operation 179 'readreq' 'gmem1_load_9_req' <Predicate = true> <Delay = 7.30> <CoreInst = "m_axi">   --->   Core 121 'm_axi' <Latency = 0> <II = 1> <Delay = 1.00> <Adapter> <Opcode : 'read' 'write' 'readreq' 'writereq' 'writeresp'>

State 24 <SV = 23> <Delay = 7.30>
ST_24 : Operation 180 [2/7] (7.30ns)   --->   "%gmem1_load_9_req = readreq i1 @_ssdm_op_ReadReq.m_axi.i16P1A, i16 %gmem1_addr, i32 1"   --->   Operation 180 'readreq' 'gmem1_load_9_req' <Predicate = true> <Delay = 7.30> <CoreInst = "m_axi">   --->   Core 121 'm_axi' <Latency = 0> <II = 1> <Delay = 1.00> <Adapter> <Opcode : 'read' 'write' 'readreq' 'writereq' 'writeresp'>

State 25 <SV = 24> <Delay = 7.30>
ST_25 : Operation 181 [1/7] (7.30ns)   --->   "%gmem1_load_9_req = readreq i1 @_ssdm_op_ReadReq.m_axi.i16P1A, i16 %gmem1_addr, i32 1"   --->   Operation 181 'readreq' 'gmem1_load_9_req' <Predicate = true> <Delay = 7.30> <CoreInst = "m_axi">   --->   Core 121 'm_axi' <Latency = 0> <II = 1> <Delay = 1.00> <Adapter> <Opcode : 'read' 'write' 'readreq' 'writereq' 'writeresp'>

State 26 <SV = 25> <Delay = 7.30>
ST_26 : Operation 182 [1/1] (7.30ns)   --->   "%gmem1_addr_read_5 = read i16 @_ssdm_op_Read.m_axi.i16P1A, i16 %gmem1_addr"   --->   Operation 182 'read' 'gmem1_addr_read_5' <Predicate = true> <Delay = 7.30> <CoreInst = "m_axi">   --->   Core 121 'm_axi' <Latency = 0> <II = 1> <Delay = 1.00> <Adapter> <Opcode : 'read' 'write' 'readreq' 'writereq' 'writeresp'>

State 27 <SV = 26> <Delay = 1.58>
ST_27 : Operation 183 [1/1] (0.85ns)   --->   "%add_ln813 = add i16 %gmem1_addr_read_5, i16 %s_V_6_loc_load"   --->   Operation 183 'add' 'add_ln813' <Predicate = (!tmp_45)> <Delay = 0.85> <CoreInst = "Adder">   --->   Core 1 'Adder' <Latency = 0> <II = 1> <Delay = 0.85> <FuncUnit> <Opcode : 'add' 'sub'> <InPorts = 2> <OutPorts = 1>
ST_27 : Operation 184 [1/1] (0.42ns)   --->   "%br_ln0 = br void %for.inc63.i84"   --->   Operation 184 'br' 'br_ln0' <Predicate = (!tmp_45)> <Delay = 0.42>
ST_27 : Operation 185 [1/1] (0.00ns)   --->   "%indvar_flatten253_load = load i8 %indvar_flatten253" [pipeline/C_Conv.cpp:30]   --->   Operation 185 'load' 'indvar_flatten253_load' <Predicate = (!icmp_ln30)> <Delay = 0.00>
ST_27 : Operation 186 [1/1] (0.79ns)   --->   "%add_ln32 = add i4 %select_ln30, i4 1" [pipeline/C_Conv.cpp:32]   --->   Operation 186 'add' 'add_ln32' <Predicate = true> <Delay = 0.79> <CoreInst = "Adder">   --->   Core 1 'Adder' <Latency = 0> <II = 1> <Delay = 0.79> <FuncUnit> <Opcode : 'add' 'sub'> <InPorts = 2> <OutPorts = 1>
ST_27 : Operation 187 [1/1] (0.76ns)   --->   "%add_ln30_1 = add i8 %indvar_flatten253_load, i8 1" [pipeline/C_Conv.cpp:30]   --->   Operation 187 'add' 'add_ln30_1' <Predicate = (!icmp_ln30)> <Delay = 0.76> <CoreInst = "Adder">   --->   Core 1 'Adder' <Latency = 0> <II = 1> <Delay = 0.76> <FuncUnit> <Opcode : 'add' 'sub'> <InPorts = 2> <OutPorts = 1>
ST_27 : Operation 188 [1/1] (0.39ns)   --->   "%select_ln30_3 = select i1 %icmp_ln30, i8 1, i8 %add_ln30_1" [pipeline/C_Conv.cpp:30]   --->   Operation 188 'select' 'select_ln30_3' <Predicate = true> <Delay = 0.39> <CoreInst = "Sel">   --->   Core 73 'Sel' <Latency = 0> <II = 1> <Delay = 0.39> <FuncUnit> <Opcode : 'select'> <InPorts = 3> <OutPorts = 1>
ST_27 : Operation 189 [1/1] (0.42ns)   --->   "%store_ln32 = store i10 %add_ln28, i10 %indvar_flatten287" [pipeline/C_Conv.cpp:32]   --->   Operation 189 'store' 'store_ln32' <Predicate = true> <Delay = 0.42>
ST_27 : Operation 190 [1/1] (0.42ns)   --->   "%store_ln32 = store i4 %sext_ln35_mid2_v_v_v_v_v_v_v_v, i4 %n" [pipeline/C_Conv.cpp:32]   --->   Operation 190 'store' 'store_ln32' <Predicate = true> <Delay = 0.42>
ST_27 : Operation 191 [1/1] (0.42ns)   --->   "%store_ln32 = store i8 %select_ln30_3, i8 %indvar_flatten253" [pipeline/C_Conv.cpp:32]   --->   Operation 191 'store' 'store_ln32' <Predicate = true> <Delay = 0.42>
ST_27 : Operation 192 [1/1] (0.42ns)   --->   "%store_ln32 = store i4 %select_ln30_2, i4 %x_4" [pipeline/C_Conv.cpp:32]   --->   Operation 192 'store' 'store_ln32' <Predicate = true> <Delay = 0.42>
ST_27 : Operation 193 [1/1] (0.42ns)   --->   "%store_ln32 = store i4 %add_ln32, i4 %y" [pipeline/C_Conv.cpp:32]   --->   Operation 193 'store' 'store_ln32' <Predicate = true> <Delay = 0.42>

State 28 <SV = 27> <Delay = 1.23>
ST_28 : Operation 194 [1/1] (0.00ns)   --->   "%storemerge13 = phi i16 %add_ln813, void %_ZN13ap_fixed_baseILi17ELi9ELb1EL9ap_q_mode5EL9ap_o_mode3ELi0EEC2Ei.exit.i.i81, i16 0, void %for.inc69.i90"   --->   Operation 194 'phi' 'storemerge13' <Predicate = true> <Delay = 0.00>
ST_28 : Operation 195 [1/1] (1.23ns)   --->   "%store_ln43 = store i16 %storemerge13, i9 %Conv2_C3_V_addr" [pipeline/C_Conv.cpp:43]   --->   Operation 195 'store' 'store_ln43' <Predicate = true> <Delay = 1.23> <CoreInst = "RAM_1WnR">   --->   Core 84 'RAM_1WnR' <Latency = 1> <II = 1> <Delay = 1.23> <Storage> <Opcode : 'load' 'store'> <Ports = 17> <Width = 16> <Depth = 512> <RAM>
ST_28 : Operation 196 [1/1] (0.00ns)   --->   "%br_ln32 = br void %for.body8.i28" [pipeline/C_Conv.cpp:32]   --->   Operation 196 'br' 'br_ln32' <Predicate = true> <Delay = 0.00>

State 29 <SV = 5> <Delay = 0.00>
ST_29 : Operation 197 [1/2] (0.00ns)   --->   "%call_ln0 = call void @C_CNN_Pipeline_VITIS_LOOP_29_1_VITIS_LOOP_31_2_VITIS_LOOP_32_3, i16 %Conv2_C3_V, i16 %MaxPool_S4_V"   --->   Operation 197 'call' 'call_ln0' <Predicate = true> <Delay = 0.00> <CoreType = "Generic">   --->   Core 0 '' <Latency = 0> <II = 1> <Delay = 1.00> <Generic> <Opcode : >

State 30 <SV = 6> <Delay = 0.00>
ST_30 : Operation 198 [2/2] (0.00ns)   --->   "%call_ln0 = call void @C_CNN_Pipeline_VITIS_LOOP_50_1_VITIS_LOOP_51_2_VITIS_LOOP_52_3, i16 %MaxPool_S4_V, i16 %Flatten_V"   --->   Operation 198 'call' 'call_ln0' <Predicate = true> <Delay = 0.00> <CoreType = "Generic">   --->   Core 0 '' <Latency = 0> <II = 1> <Delay = 1.00> <Generic> <Opcode : >

State 31 <SV = 7> <Delay = 0.00>
ST_31 : Operation 199 [1/2] (0.00ns)   --->   "%call_ln0 = call void @C_CNN_Pipeline_VITIS_LOOP_50_1_VITIS_LOOP_51_2_VITIS_LOOP_52_3, i16 %MaxPool_S4_V, i16 %Flatten_V"   --->   Operation 199 'call' 'call_ln0' <Predicate = true> <Delay = 0.00> <CoreType = "Generic">   --->   Core 0 '' <Latency = 0> <II = 1> <Delay = 1.00> <Generic> <Opcode : >

State 32 <SV = 8> <Delay = 2.17>
ST_32 : Operation 200 [1/1] (1.08ns)   --->   "%add_ln5_1 = add i64 %Weights_read, i64 10016" [pipeline/C_Dense.cpp:5]   --->   Operation 200 'add' 'add_ln5_1' <Predicate = true> <Delay = 1.08> <CoreInst = "Adder">   --->   Core 1 'Adder' <Latency = 0> <II = 1> <Delay = 1.08> <FuncUnit> <Opcode : 'add' 'sub'> <InPorts = 2> <OutPorts = 1>
ST_32 : Operation 201 [1/1] (0.00ns)   --->   "%trunc_ln5 = partselect i63 @_ssdm_op_PartSelect.i63.i64.i32.i32, i64 %add_ln5_1, i32 1, i32 63" [pipeline/C_Dense.cpp:5]   --->   Operation 201 'partselect' 'trunc_ln5' <Predicate = true> <Delay = 0.00>
ST_32 : Operation 202 [2/2] (1.08ns)   --->   "%call_ln5 = call void @C_CNN_Pipeline_loop_for_a_Dense_0_loop_for_b_Dense_0, i16 %Flatten_V, i64 %Weights_read, i16 %gmem1, i63 %trunc_ln5, i16 %out_Dense_V_1" [pipeline/C_Dense.cpp:5]   --->   Operation 202 'call' 'call_ln5' <Predicate = true> <Delay = 1.08> <CoreType = "Generic">   --->   Core 0 '' <Latency = 0> <II = 1> <Delay = 1.00> <Generic> <Opcode : >

State 33 <SV = 9> <Delay = 0.00>
ST_33 : Operation 203 [1/2] (0.00ns)   --->   "%call_ln5 = call void @C_CNN_Pipeline_loop_for_a_Dense_0_loop_for_b_Dense_0, i16 %Flatten_V, i64 %Weights_read, i16 %gmem1, i63 %trunc_ln5, i16 %out_Dense_V_1" [pipeline/C_Dense.cpp:5]   --->   Operation 203 'call' 'call_ln5' <Predicate = true> <Delay = 0.00> <CoreType = "Generic">   --->   Core 0 '' <Latency = 0> <II = 1> <Delay = 1.00> <Generic> <Opcode : >

State 34 <SV = 10> <Delay = 0.00>
ST_34 : Operation 204 [2/2] (0.00ns)   --->   "%call_ln0 = call void @C_CNN_Pipeline_VITIS_LOOP_13_1, i16 %out_Dense_V_1, i15 %Dense_C5_V"   --->   Operation 204 'call' 'call_ln0' <Predicate = true> <Delay = 0.00> <CoreType = "Generic">   --->   Core 0 '' <Latency = 0> <II = 1> <Delay = 1.00> <Generic> <Opcode : >

State 35 <SV = 11> <Delay = 0.00>
ST_35 : Operation 205 [1/2] (0.00ns)   --->   "%call_ln0 = call void @C_CNN_Pipeline_VITIS_LOOP_13_1, i16 %out_Dense_V_1, i15 %Dense_C5_V"   --->   Operation 205 'call' 'call_ln0' <Predicate = true> <Delay = 0.00> <CoreType = "Generic">   --->   Core 0 '' <Latency = 0> <II = 1> <Delay = 1.00> <Generic> <Opcode : >

State 36 <SV = 12> <Delay = 0.67>
ST_36 : Operation 206 [1/1] (0.00ns)   --->   "%input_Dense_V_1_addr = getelementptr i15 %Dense_C5_V, i64 0, i64 0"   --->   Operation 206 'getelementptr' 'input_Dense_V_1_addr' <Predicate = true> <Delay = 0.00>
ST_36 : Operation 207 [2/2] (0.67ns)   --->   "%input_Dense_V_1_load = load i5 %input_Dense_V_1_addr"   --->   Operation 207 'load' 'input_Dense_V_1_load' <Predicate = true> <Delay = 0.67> <CoreInst = "RAM">   --->   Core 83 'RAM' <Latency = 1> <II = 1> <Delay = 0.67> <Storage> <Opcode : 'load' 'store'> <Ports = 2> <Width = 15> <Depth = 32> <RAM>
ST_36 : Operation 208 [1/1] (0.00ns)   --->   "%input_Dense_V_1_addr_1 = getelementptr i15 %Dense_C5_V, i64 0, i64 1"   --->   Operation 208 'getelementptr' 'input_Dense_V_1_addr_1' <Predicate = true> <Delay = 0.00>
ST_36 : Operation 209 [2/2] (0.67ns)   --->   "%input_Dense_V_1_load_1 = load i5 %input_Dense_V_1_addr_1"   --->   Operation 209 'load' 'input_Dense_V_1_load_1' <Predicate = true> <Delay = 0.67> <CoreInst = "RAM">   --->   Core 83 'RAM' <Latency = 1> <II = 1> <Delay = 0.67> <Storage> <Opcode : 'load' 'store'> <Ports = 2> <Width = 15> <Depth = 32> <RAM>

State 37 <SV = 13> <Delay = 0.67>
ST_37 : Operation 210 [1/2] (0.67ns)   --->   "%input_Dense_V_1_load = load i5 %input_Dense_V_1_addr"   --->   Operation 210 'load' 'input_Dense_V_1_load' <Predicate = true> <Delay = 0.67> <CoreInst = "RAM">   --->   Core 83 'RAM' <Latency = 1> <II = 1> <Delay = 0.67> <Storage> <Opcode : 'load' 'store'> <Ports = 2> <Width = 15> <Depth = 32> <RAM>
ST_37 : Operation 211 [1/2] (0.67ns)   --->   "%input_Dense_V_1_load_1 = load i5 %input_Dense_V_1_addr_1"   --->   Operation 211 'load' 'input_Dense_V_1_load_1' <Predicate = true> <Delay = 0.67> <CoreInst = "RAM">   --->   Core 83 'RAM' <Latency = 1> <II = 1> <Delay = 0.67> <Storage> <Opcode : 'load' 'store'> <Ports = 2> <Width = 15> <Depth = 32> <RAM>
ST_37 : Operation 212 [1/1] (0.00ns)   --->   "%input_Dense_V_1_addr_2 = getelementptr i15 %Dense_C5_V, i64 0, i64 2"   --->   Operation 212 'getelementptr' 'input_Dense_V_1_addr_2' <Predicate = true> <Delay = 0.00>
ST_37 : Operation 213 [2/2] (0.67ns)   --->   "%input_Dense_V_1_load_2 = load i5 %input_Dense_V_1_addr_2"   --->   Operation 213 'load' 'input_Dense_V_1_load_2' <Predicate = true> <Delay = 0.67> <CoreInst = "RAM">   --->   Core 83 'RAM' <Latency = 1> <II = 1> <Delay = 0.67> <Storage> <Opcode : 'load' 'store'> <Ports = 2> <Width = 15> <Depth = 32> <RAM>
ST_37 : Operation 214 [1/1] (0.00ns)   --->   "%input_Dense_V_1_addr_3 = getelementptr i15 %Dense_C5_V, i64 0, i64 3"   --->   Operation 214 'getelementptr' 'input_Dense_V_1_addr_3' <Predicate = true> <Delay = 0.00>
ST_37 : Operation 215 [2/2] (0.67ns)   --->   "%input_Dense_V_1_load_3 = load i5 %input_Dense_V_1_addr_3"   --->   Operation 215 'load' 'input_Dense_V_1_load_3' <Predicate = true> <Delay = 0.67> <CoreInst = "RAM">   --->   Core 83 'RAM' <Latency = 1> <II = 1> <Delay = 0.67> <Storage> <Opcode : 'load' 'store'> <Ports = 2> <Width = 15> <Depth = 32> <RAM>

State 38 <SV = 14> <Delay = 0.67>
ST_38 : Operation 216 [1/2] (0.67ns)   --->   "%input_Dense_V_1_load_2 = load i5 %input_Dense_V_1_addr_2"   --->   Operation 216 'load' 'input_Dense_V_1_load_2' <Predicate = true> <Delay = 0.67> <CoreInst = "RAM">   --->   Core 83 'RAM' <Latency = 1> <II = 1> <Delay = 0.67> <Storage> <Opcode : 'load' 'store'> <Ports = 2> <Width = 15> <Depth = 32> <RAM>
ST_38 : Operation 217 [1/2] (0.67ns)   --->   "%input_Dense_V_1_load_3 = load i5 %input_Dense_V_1_addr_3"   --->   Operation 217 'load' 'input_Dense_V_1_load_3' <Predicate = true> <Delay = 0.67> <CoreInst = "RAM">   --->   Core 83 'RAM' <Latency = 1> <II = 1> <Delay = 0.67> <Storage> <Opcode : 'load' 'store'> <Ports = 2> <Width = 15> <Depth = 32> <RAM>
ST_38 : Operation 218 [1/1] (0.00ns)   --->   "%input_Dense_V_1_addr_4 = getelementptr i15 %Dense_C5_V, i64 0, i64 4"   --->   Operation 218 'getelementptr' 'input_Dense_V_1_addr_4' <Predicate = true> <Delay = 0.00>
ST_38 : Operation 219 [2/2] (0.67ns)   --->   "%input_Dense_V_1_load_4 = load i5 %input_Dense_V_1_addr_4"   --->   Operation 219 'load' 'input_Dense_V_1_load_4' <Predicate = true> <Delay = 0.67> <CoreInst = "RAM">   --->   Core 83 'RAM' <Latency = 1> <II = 1> <Delay = 0.67> <Storage> <Opcode : 'load' 'store'> <Ports = 2> <Width = 15> <Depth = 32> <RAM>
ST_38 : Operation 220 [1/1] (0.00ns)   --->   "%input_Dense_V_1_addr_5 = getelementptr i15 %Dense_C5_V, i64 0, i64 5"   --->   Operation 220 'getelementptr' 'input_Dense_V_1_addr_5' <Predicate = true> <Delay = 0.00>
ST_38 : Operation 221 [2/2] (0.67ns)   --->   "%input_Dense_V_1_load_5 = load i5 %input_Dense_V_1_addr_5"   --->   Operation 221 'load' 'input_Dense_V_1_load_5' <Predicate = true> <Delay = 0.67> <CoreInst = "RAM">   --->   Core 83 'RAM' <Latency = 1> <II = 1> <Delay = 0.67> <Storage> <Opcode : 'load' 'store'> <Ports = 2> <Width = 15> <Depth = 32> <RAM>

State 39 <SV = 15> <Delay = 0.67>
ST_39 : Operation 222 [1/2] (0.67ns)   --->   "%input_Dense_V_1_load_4 = load i5 %input_Dense_V_1_addr_4"   --->   Operation 222 'load' 'input_Dense_V_1_load_4' <Predicate = true> <Delay = 0.67> <CoreInst = "RAM">   --->   Core 83 'RAM' <Latency = 1> <II = 1> <Delay = 0.67> <Storage> <Opcode : 'load' 'store'> <Ports = 2> <Width = 15> <Depth = 32> <RAM>
ST_39 : Operation 223 [1/2] (0.67ns)   --->   "%input_Dense_V_1_load_5 = load i5 %input_Dense_V_1_addr_5"   --->   Operation 223 'load' 'input_Dense_V_1_load_5' <Predicate = true> <Delay = 0.67> <CoreInst = "RAM">   --->   Core 83 'RAM' <Latency = 1> <II = 1> <Delay = 0.67> <Storage> <Opcode : 'load' 'store'> <Ports = 2> <Width = 15> <Depth = 32> <RAM>
ST_39 : Operation 224 [1/1] (0.00ns)   --->   "%input_Dense_V_1_addr_6 = getelementptr i15 %Dense_C5_V, i64 0, i64 6"   --->   Operation 224 'getelementptr' 'input_Dense_V_1_addr_6' <Predicate = true> <Delay = 0.00>
ST_39 : Operation 225 [2/2] (0.67ns)   --->   "%input_Dense_V_1_load_6 = load i5 %input_Dense_V_1_addr_6"   --->   Operation 225 'load' 'input_Dense_V_1_load_6' <Predicate = true> <Delay = 0.67> <CoreInst = "RAM">   --->   Core 83 'RAM' <Latency = 1> <II = 1> <Delay = 0.67> <Storage> <Opcode : 'load' 'store'> <Ports = 2> <Width = 15> <Depth = 32> <RAM>
ST_39 : Operation 226 [1/1] (0.00ns)   --->   "%input_Dense_V_1_addr_7 = getelementptr i15 %Dense_C5_V, i64 0, i64 7"   --->   Operation 226 'getelementptr' 'input_Dense_V_1_addr_7' <Predicate = true> <Delay = 0.00>
ST_39 : Operation 227 [2/2] (0.67ns)   --->   "%input_Dense_V_1_load_7 = load i5 %input_Dense_V_1_addr_7"   --->   Operation 227 'load' 'input_Dense_V_1_load_7' <Predicate = true> <Delay = 0.67> <CoreInst = "RAM">   --->   Core 83 'RAM' <Latency = 1> <II = 1> <Delay = 0.67> <Storage> <Opcode : 'load' 'store'> <Ports = 2> <Width = 15> <Depth = 32> <RAM>

State 40 <SV = 16> <Delay = 0.67>
ST_40 : Operation 228 [1/2] (0.67ns)   --->   "%input_Dense_V_1_load_6 = load i5 %input_Dense_V_1_addr_6"   --->   Operation 228 'load' 'input_Dense_V_1_load_6' <Predicate = true> <Delay = 0.67> <CoreInst = "RAM">   --->   Core 83 'RAM' <Latency = 1> <II = 1> <Delay = 0.67> <Storage> <Opcode : 'load' 'store'> <Ports = 2> <Width = 15> <Depth = 32> <RAM>
ST_40 : Operation 229 [1/2] (0.67ns)   --->   "%input_Dense_V_1_load_7 = load i5 %input_Dense_V_1_addr_7"   --->   Operation 229 'load' 'input_Dense_V_1_load_7' <Predicate = true> <Delay = 0.67> <CoreInst = "RAM">   --->   Core 83 'RAM' <Latency = 1> <II = 1> <Delay = 0.67> <Storage> <Opcode : 'load' 'store'> <Ports = 2> <Width = 15> <Depth = 32> <RAM>
ST_40 : Operation 230 [1/1] (0.00ns)   --->   "%input_Dense_V_1_addr_8 = getelementptr i15 %Dense_C5_V, i64 0, i64 8"   --->   Operation 230 'getelementptr' 'input_Dense_V_1_addr_8' <Predicate = true> <Delay = 0.00>
ST_40 : Operation 231 [2/2] (0.67ns)   --->   "%input_Dense_V_1_load_8 = load i5 %input_Dense_V_1_addr_8"   --->   Operation 231 'load' 'input_Dense_V_1_load_8' <Predicate = true> <Delay = 0.67> <CoreInst = "RAM">   --->   Core 83 'RAM' <Latency = 1> <II = 1> <Delay = 0.67> <Storage> <Opcode : 'load' 'store'> <Ports = 2> <Width = 15> <Depth = 32> <RAM>
ST_40 : Operation 232 [1/1] (0.00ns)   --->   "%input_Dense_V_1_addr_9 = getelementptr i15 %Dense_C5_V, i64 0, i64 9"   --->   Operation 232 'getelementptr' 'input_Dense_V_1_addr_9' <Predicate = true> <Delay = 0.00>
ST_40 : Operation 233 [2/2] (0.67ns)   --->   "%input_Dense_V_1_load_9 = load i5 %input_Dense_V_1_addr_9"   --->   Operation 233 'load' 'input_Dense_V_1_load_9' <Predicate = true> <Delay = 0.67> <CoreInst = "RAM">   --->   Core 83 'RAM' <Latency = 1> <II = 1> <Delay = 0.67> <Storage> <Opcode : 'load' 'store'> <Ports = 2> <Width = 15> <Depth = 32> <RAM>

State 41 <SV = 17> <Delay = 0.67>
ST_41 : Operation 234 [1/2] (0.67ns)   --->   "%input_Dense_V_1_load_8 = load i5 %input_Dense_V_1_addr_8"   --->   Operation 234 'load' 'input_Dense_V_1_load_8' <Predicate = true> <Delay = 0.67> <CoreInst = "RAM">   --->   Core 83 'RAM' <Latency = 1> <II = 1> <Delay = 0.67> <Storage> <Opcode : 'load' 'store'> <Ports = 2> <Width = 15> <Depth = 32> <RAM>
ST_41 : Operation 235 [1/2] (0.67ns)   --->   "%input_Dense_V_1_load_9 = load i5 %input_Dense_V_1_addr_9"   --->   Operation 235 'load' 'input_Dense_V_1_load_9' <Predicate = true> <Delay = 0.67> <CoreInst = "RAM">   --->   Core 83 'RAM' <Latency = 1> <II = 1> <Delay = 0.67> <Storage> <Opcode : 'load' 'store'> <Ports = 2> <Width = 15> <Depth = 32> <RAM>
ST_41 : Operation 236 [1/1] (0.00ns)   --->   "%input_Dense_V_1_addr_10 = getelementptr i15 %Dense_C5_V, i64 0, i64 10"   --->   Operation 236 'getelementptr' 'input_Dense_V_1_addr_10' <Predicate = true> <Delay = 0.00>
ST_41 : Operation 237 [2/2] (0.67ns)   --->   "%input_Dense_V_1_load_10 = load i5 %input_Dense_V_1_addr_10"   --->   Operation 237 'load' 'input_Dense_V_1_load_10' <Predicate = true> <Delay = 0.67> <CoreInst = "RAM">   --->   Core 83 'RAM' <Latency = 1> <II = 1> <Delay = 0.67> <Storage> <Opcode : 'load' 'store'> <Ports = 2> <Width = 15> <Depth = 32> <RAM>
ST_41 : Operation 238 [1/1] (0.00ns)   --->   "%input_Dense_V_1_addr_11 = getelementptr i15 %Dense_C5_V, i64 0, i64 11"   --->   Operation 238 'getelementptr' 'input_Dense_V_1_addr_11' <Predicate = true> <Delay = 0.00>
ST_41 : Operation 239 [2/2] (0.67ns)   --->   "%input_Dense_V_1_load_11 = load i5 %input_Dense_V_1_addr_11"   --->   Operation 239 'load' 'input_Dense_V_1_load_11' <Predicate = true> <Delay = 0.67> <CoreInst = "RAM">   --->   Core 83 'RAM' <Latency = 1> <II = 1> <Delay = 0.67> <Storage> <Opcode : 'load' 'store'> <Ports = 2> <Width = 15> <Depth = 32> <RAM>

State 42 <SV = 18> <Delay = 0.67>
ST_42 : Operation 240 [1/2] (0.67ns)   --->   "%input_Dense_V_1_load_10 = load i5 %input_Dense_V_1_addr_10"   --->   Operation 240 'load' 'input_Dense_V_1_load_10' <Predicate = true> <Delay = 0.67> <CoreInst = "RAM">   --->   Core 83 'RAM' <Latency = 1> <II = 1> <Delay = 0.67> <Storage> <Opcode : 'load' 'store'> <Ports = 2> <Width = 15> <Depth = 32> <RAM>
ST_42 : Operation 241 [1/2] (0.67ns)   --->   "%input_Dense_V_1_load_11 = load i5 %input_Dense_V_1_addr_11"   --->   Operation 241 'load' 'input_Dense_V_1_load_11' <Predicate = true> <Delay = 0.67> <CoreInst = "RAM">   --->   Core 83 'RAM' <Latency = 1> <II = 1> <Delay = 0.67> <Storage> <Opcode : 'load' 'store'> <Ports = 2> <Width = 15> <Depth = 32> <RAM>
ST_42 : Operation 242 [1/1] (0.00ns)   --->   "%input_Dense_V_1_addr_12 = getelementptr i15 %Dense_C5_V, i64 0, i64 12"   --->   Operation 242 'getelementptr' 'input_Dense_V_1_addr_12' <Predicate = true> <Delay = 0.00>
ST_42 : Operation 243 [2/2] (0.67ns)   --->   "%input_Dense_V_1_load_12 = load i5 %input_Dense_V_1_addr_12"   --->   Operation 243 'load' 'input_Dense_V_1_load_12' <Predicate = true> <Delay = 0.67> <CoreInst = "RAM">   --->   Core 83 'RAM' <Latency = 1> <II = 1> <Delay = 0.67> <Storage> <Opcode : 'load' 'store'> <Ports = 2> <Width = 15> <Depth = 32> <RAM>
ST_42 : Operation 244 [1/1] (0.00ns)   --->   "%input_Dense_V_1_addr_13 = getelementptr i15 %Dense_C5_V, i64 0, i64 13"   --->   Operation 244 'getelementptr' 'input_Dense_V_1_addr_13' <Predicate = true> <Delay = 0.00>
ST_42 : Operation 245 [2/2] (0.67ns)   --->   "%input_Dense_V_1_load_13 = load i5 %input_Dense_V_1_addr_13"   --->   Operation 245 'load' 'input_Dense_V_1_load_13' <Predicate = true> <Delay = 0.67> <CoreInst = "RAM">   --->   Core 83 'RAM' <Latency = 1> <II = 1> <Delay = 0.67> <Storage> <Opcode : 'load' 'store'> <Ports = 2> <Width = 15> <Depth = 32> <RAM>

State 43 <SV = 19> <Delay = 0.67>
ST_43 : Operation 246 [1/2] (0.67ns)   --->   "%input_Dense_V_1_load_12 = load i5 %input_Dense_V_1_addr_12"   --->   Operation 246 'load' 'input_Dense_V_1_load_12' <Predicate = true> <Delay = 0.67> <CoreInst = "RAM">   --->   Core 83 'RAM' <Latency = 1> <II = 1> <Delay = 0.67> <Storage> <Opcode : 'load' 'store'> <Ports = 2> <Width = 15> <Depth = 32> <RAM>
ST_43 : Operation 247 [1/2] (0.67ns)   --->   "%input_Dense_V_1_load_13 = load i5 %input_Dense_V_1_addr_13"   --->   Operation 247 'load' 'input_Dense_V_1_load_13' <Predicate = true> <Delay = 0.67> <CoreInst = "RAM">   --->   Core 83 'RAM' <Latency = 1> <II = 1> <Delay = 0.67> <Storage> <Opcode : 'load' 'store'> <Ports = 2> <Width = 15> <Depth = 32> <RAM>
ST_43 : Operation 248 [1/1] (0.00ns)   --->   "%input_Dense_V_1_addr_14 = getelementptr i15 %Dense_C5_V, i64 0, i64 14"   --->   Operation 248 'getelementptr' 'input_Dense_V_1_addr_14' <Predicate = true> <Delay = 0.00>
ST_43 : Operation 249 [2/2] (0.67ns)   --->   "%input_Dense_V_1_load_14 = load i5 %input_Dense_V_1_addr_14"   --->   Operation 249 'load' 'input_Dense_V_1_load_14' <Predicate = true> <Delay = 0.67> <CoreInst = "RAM">   --->   Core 83 'RAM' <Latency = 1> <II = 1> <Delay = 0.67> <Storage> <Opcode : 'load' 'store'> <Ports = 2> <Width = 15> <Depth = 32> <RAM>
ST_43 : Operation 250 [1/1] (0.00ns)   --->   "%input_Dense_V_1_addr_15 = getelementptr i15 %Dense_C5_V, i64 0, i64 15"   --->   Operation 250 'getelementptr' 'input_Dense_V_1_addr_15' <Predicate = true> <Delay = 0.00>
ST_43 : Operation 251 [2/2] (0.67ns)   --->   "%input_Dense_V_1_load_15 = load i5 %input_Dense_V_1_addr_15"   --->   Operation 251 'load' 'input_Dense_V_1_load_15' <Predicate = true> <Delay = 0.67> <CoreInst = "RAM">   --->   Core 83 'RAM' <Latency = 1> <II = 1> <Delay = 0.67> <Storage> <Opcode : 'load' 'store'> <Ports = 2> <Width = 15> <Depth = 32> <RAM>

State 44 <SV = 20> <Delay = 0.67>
ST_44 : Operation 252 [1/2] (0.67ns)   --->   "%input_Dense_V_1_load_14 = load i5 %input_Dense_V_1_addr_14"   --->   Operation 252 'load' 'input_Dense_V_1_load_14' <Predicate = true> <Delay = 0.67> <CoreInst = "RAM">   --->   Core 83 'RAM' <Latency = 1> <II = 1> <Delay = 0.67> <Storage> <Opcode : 'load' 'store'> <Ports = 2> <Width = 15> <Depth = 32> <RAM>
ST_44 : Operation 253 [1/2] (0.67ns)   --->   "%input_Dense_V_1_load_15 = load i5 %input_Dense_V_1_addr_15"   --->   Operation 253 'load' 'input_Dense_V_1_load_15' <Predicate = true> <Delay = 0.67> <CoreInst = "RAM">   --->   Core 83 'RAM' <Latency = 1> <II = 1> <Delay = 0.67> <Storage> <Opcode : 'load' 'store'> <Ports = 2> <Width = 15> <Depth = 32> <RAM>
ST_44 : Operation 254 [1/1] (0.00ns)   --->   "%input_Dense_V_1_addr_16 = getelementptr i15 %Dense_C5_V, i64 0, i64 16"   --->   Operation 254 'getelementptr' 'input_Dense_V_1_addr_16' <Predicate = true> <Delay = 0.00>
ST_44 : Operation 255 [2/2] (0.67ns)   --->   "%input_Dense_V_1_load_16 = load i5 %input_Dense_V_1_addr_16"   --->   Operation 255 'load' 'input_Dense_V_1_load_16' <Predicate = true> <Delay = 0.67> <CoreInst = "RAM">   --->   Core 83 'RAM' <Latency = 1> <II = 1> <Delay = 0.67> <Storage> <Opcode : 'load' 'store'> <Ports = 2> <Width = 15> <Depth = 32> <RAM>
ST_44 : Operation 256 [1/1] (0.00ns)   --->   "%input_Dense_V_1_addr_17 = getelementptr i15 %Dense_C5_V, i64 0, i64 17"   --->   Operation 256 'getelementptr' 'input_Dense_V_1_addr_17' <Predicate = true> <Delay = 0.00>
ST_44 : Operation 257 [2/2] (0.67ns)   --->   "%input_Dense_V_1_load_17 = load i5 %input_Dense_V_1_addr_17"   --->   Operation 257 'load' 'input_Dense_V_1_load_17' <Predicate = true> <Delay = 0.67> <CoreInst = "RAM">   --->   Core 83 'RAM' <Latency = 1> <II = 1> <Delay = 0.67> <Storage> <Opcode : 'load' 'store'> <Ports = 2> <Width = 15> <Depth = 32> <RAM>

State 45 <SV = 21> <Delay = 0.67>
ST_45 : Operation 258 [1/2] (0.67ns)   --->   "%input_Dense_V_1_load_16 = load i5 %input_Dense_V_1_addr_16"   --->   Operation 258 'load' 'input_Dense_V_1_load_16' <Predicate = true> <Delay = 0.67> <CoreInst = "RAM">   --->   Core 83 'RAM' <Latency = 1> <II = 1> <Delay = 0.67> <Storage> <Opcode : 'load' 'store'> <Ports = 2> <Width = 15> <Depth = 32> <RAM>
ST_45 : Operation 259 [1/2] (0.67ns)   --->   "%input_Dense_V_1_load_17 = load i5 %input_Dense_V_1_addr_17"   --->   Operation 259 'load' 'input_Dense_V_1_load_17' <Predicate = true> <Delay = 0.67> <CoreInst = "RAM">   --->   Core 83 'RAM' <Latency = 1> <II = 1> <Delay = 0.67> <Storage> <Opcode : 'load' 'store'> <Ports = 2> <Width = 15> <Depth = 32> <RAM>
ST_45 : Operation 260 [1/1] (0.00ns)   --->   "%input_Dense_V_1_addr_18 = getelementptr i15 %Dense_C5_V, i64 0, i64 18"   --->   Operation 260 'getelementptr' 'input_Dense_V_1_addr_18' <Predicate = true> <Delay = 0.00>
ST_45 : Operation 261 [2/2] (0.67ns)   --->   "%input_Dense_V_1_load_18 = load i5 %input_Dense_V_1_addr_18"   --->   Operation 261 'load' 'input_Dense_V_1_load_18' <Predicate = true> <Delay = 0.67> <CoreInst = "RAM">   --->   Core 83 'RAM' <Latency = 1> <II = 1> <Delay = 0.67> <Storage> <Opcode : 'load' 'store'> <Ports = 2> <Width = 15> <Depth = 32> <RAM>
ST_45 : Operation 262 [1/1] (0.00ns)   --->   "%input_Dense_V_1_addr_19 = getelementptr i15 %Dense_C5_V, i64 0, i64 19"   --->   Operation 262 'getelementptr' 'input_Dense_V_1_addr_19' <Predicate = true> <Delay = 0.00>
ST_45 : Operation 263 [2/2] (0.67ns)   --->   "%input_Dense_V_1_load_19 = load i5 %input_Dense_V_1_addr_19"   --->   Operation 263 'load' 'input_Dense_V_1_load_19' <Predicate = true> <Delay = 0.67> <CoreInst = "RAM">   --->   Core 83 'RAM' <Latency = 1> <II = 1> <Delay = 0.67> <Storage> <Opcode : 'load' 'store'> <Ports = 2> <Width = 15> <Depth = 32> <RAM>

State 46 <SV = 22> <Delay = 0.67>
ST_46 : Operation 264 [1/2] (0.67ns)   --->   "%input_Dense_V_1_load_18 = load i5 %input_Dense_V_1_addr_18"   --->   Operation 264 'load' 'input_Dense_V_1_load_18' <Predicate = true> <Delay = 0.67> <CoreInst = "RAM">   --->   Core 83 'RAM' <Latency = 1> <II = 1> <Delay = 0.67> <Storage> <Opcode : 'load' 'store'> <Ports = 2> <Width = 15> <Depth = 32> <RAM>
ST_46 : Operation 265 [1/2] (0.67ns)   --->   "%input_Dense_V_1_load_19 = load i5 %input_Dense_V_1_addr_19"   --->   Operation 265 'load' 'input_Dense_V_1_load_19' <Predicate = true> <Delay = 0.67> <CoreInst = "RAM">   --->   Core 83 'RAM' <Latency = 1> <II = 1> <Delay = 0.67> <Storage> <Opcode : 'load' 'store'> <Ports = 2> <Width = 15> <Depth = 32> <RAM>
ST_46 : Operation 266 [1/1] (0.00ns)   --->   "%input_Dense_V_1_addr_20 = getelementptr i15 %Dense_C5_V, i64 0, i64 20"   --->   Operation 266 'getelementptr' 'input_Dense_V_1_addr_20' <Predicate = true> <Delay = 0.00>
ST_46 : Operation 267 [2/2] (0.67ns)   --->   "%input_Dense_V_1_load_20 = load i5 %input_Dense_V_1_addr_20"   --->   Operation 267 'load' 'input_Dense_V_1_load_20' <Predicate = true> <Delay = 0.67> <CoreInst = "RAM">   --->   Core 83 'RAM' <Latency = 1> <II = 1> <Delay = 0.67> <Storage> <Opcode : 'load' 'store'> <Ports = 2> <Width = 15> <Depth = 32> <RAM>
ST_46 : Operation 268 [1/1] (0.00ns)   --->   "%input_Dense_V_1_addr_21 = getelementptr i15 %Dense_C5_V, i64 0, i64 21"   --->   Operation 268 'getelementptr' 'input_Dense_V_1_addr_21' <Predicate = true> <Delay = 0.00>
ST_46 : Operation 269 [2/2] (0.67ns)   --->   "%input_Dense_V_1_load_21 = load i5 %input_Dense_V_1_addr_21"   --->   Operation 269 'load' 'input_Dense_V_1_load_21' <Predicate = true> <Delay = 0.67> <CoreInst = "RAM">   --->   Core 83 'RAM' <Latency = 1> <II = 1> <Delay = 0.67> <Storage> <Opcode : 'load' 'store'> <Ports = 2> <Width = 15> <Depth = 32> <RAM>

State 47 <SV = 23> <Delay = 0.67>
ST_47 : Operation 270 [1/2] (0.67ns)   --->   "%input_Dense_V_1_load_20 = load i5 %input_Dense_V_1_addr_20"   --->   Operation 270 'load' 'input_Dense_V_1_load_20' <Predicate = true> <Delay = 0.67> <CoreInst = "RAM">   --->   Core 83 'RAM' <Latency = 1> <II = 1> <Delay = 0.67> <Storage> <Opcode : 'load' 'store'> <Ports = 2> <Width = 15> <Depth = 32> <RAM>
ST_47 : Operation 271 [1/2] (0.67ns)   --->   "%input_Dense_V_1_load_21 = load i5 %input_Dense_V_1_addr_21"   --->   Operation 271 'load' 'input_Dense_V_1_load_21' <Predicate = true> <Delay = 0.67> <CoreInst = "RAM">   --->   Core 83 'RAM' <Latency = 1> <II = 1> <Delay = 0.67> <Storage> <Opcode : 'load' 'store'> <Ports = 2> <Width = 15> <Depth = 32> <RAM>
ST_47 : Operation 272 [1/1] (0.00ns)   --->   "%input_Dense_V_1_addr_22 = getelementptr i15 %Dense_C5_V, i64 0, i64 22"   --->   Operation 272 'getelementptr' 'input_Dense_V_1_addr_22' <Predicate = true> <Delay = 0.00>
ST_47 : Operation 273 [2/2] (0.67ns)   --->   "%input_Dense_V_1_load_22 = load i5 %input_Dense_V_1_addr_22"   --->   Operation 273 'load' 'input_Dense_V_1_load_22' <Predicate = true> <Delay = 0.67> <CoreInst = "RAM">   --->   Core 83 'RAM' <Latency = 1> <II = 1> <Delay = 0.67> <Storage> <Opcode : 'load' 'store'> <Ports = 2> <Width = 15> <Depth = 32> <RAM>
ST_47 : Operation 274 [1/1] (0.00ns)   --->   "%input_Dense_V_1_addr_23 = getelementptr i15 %Dense_C5_V, i64 0, i64 23"   --->   Operation 274 'getelementptr' 'input_Dense_V_1_addr_23' <Predicate = true> <Delay = 0.00>
ST_47 : Operation 275 [2/2] (0.67ns)   --->   "%input_Dense_V_1_load_23 = load i5 %input_Dense_V_1_addr_23"   --->   Operation 275 'load' 'input_Dense_V_1_load_23' <Predicate = true> <Delay = 0.67> <CoreInst = "RAM">   --->   Core 83 'RAM' <Latency = 1> <II = 1> <Delay = 0.67> <Storage> <Opcode : 'load' 'store'> <Ports = 2> <Width = 15> <Depth = 32> <RAM>

State 48 <SV = 24> <Delay = 0.67>
ST_48 : Operation 276 [1/2] (0.67ns)   --->   "%input_Dense_V_1_load_22 = load i5 %input_Dense_V_1_addr_22"   --->   Operation 276 'load' 'input_Dense_V_1_load_22' <Predicate = true> <Delay = 0.67> <CoreInst = "RAM">   --->   Core 83 'RAM' <Latency = 1> <II = 1> <Delay = 0.67> <Storage> <Opcode : 'load' 'store'> <Ports = 2> <Width = 15> <Depth = 32> <RAM>
ST_48 : Operation 277 [1/2] (0.67ns)   --->   "%input_Dense_V_1_load_23 = load i5 %input_Dense_V_1_addr_23"   --->   Operation 277 'load' 'input_Dense_V_1_load_23' <Predicate = true> <Delay = 0.67> <CoreInst = "RAM">   --->   Core 83 'RAM' <Latency = 1> <II = 1> <Delay = 0.67> <Storage> <Opcode : 'load' 'store'> <Ports = 2> <Width = 15> <Depth = 32> <RAM>
ST_48 : Operation 278 [1/1] (0.00ns)   --->   "%input_Dense_V_1_addr_24 = getelementptr i15 %Dense_C5_V, i64 0, i64 24"   --->   Operation 278 'getelementptr' 'input_Dense_V_1_addr_24' <Predicate = true> <Delay = 0.00>
ST_48 : Operation 279 [2/2] (0.67ns)   --->   "%input_Dense_V_1_load_24 = load i5 %input_Dense_V_1_addr_24"   --->   Operation 279 'load' 'input_Dense_V_1_load_24' <Predicate = true> <Delay = 0.67> <CoreInst = "RAM">   --->   Core 83 'RAM' <Latency = 1> <II = 1> <Delay = 0.67> <Storage> <Opcode : 'load' 'store'> <Ports = 2> <Width = 15> <Depth = 32> <RAM>
ST_48 : Operation 280 [1/1] (0.00ns)   --->   "%input_Dense_V_1_addr_25 = getelementptr i15 %Dense_C5_V, i64 0, i64 25"   --->   Operation 280 'getelementptr' 'input_Dense_V_1_addr_25' <Predicate = true> <Delay = 0.00>
ST_48 : Operation 281 [2/2] (0.67ns)   --->   "%input_Dense_V_1_load_25 = load i5 %input_Dense_V_1_addr_25"   --->   Operation 281 'load' 'input_Dense_V_1_load_25' <Predicate = true> <Delay = 0.67> <CoreInst = "RAM">   --->   Core 83 'RAM' <Latency = 1> <II = 1> <Delay = 0.67> <Storage> <Opcode : 'load' 'store'> <Ports = 2> <Width = 15> <Depth = 32> <RAM>

State 49 <SV = 25> <Delay = 0.67>
ST_49 : Operation 282 [1/2] (0.67ns)   --->   "%input_Dense_V_1_load_24 = load i5 %input_Dense_V_1_addr_24"   --->   Operation 282 'load' 'input_Dense_V_1_load_24' <Predicate = true> <Delay = 0.67> <CoreInst = "RAM">   --->   Core 83 'RAM' <Latency = 1> <II = 1> <Delay = 0.67> <Storage> <Opcode : 'load' 'store'> <Ports = 2> <Width = 15> <Depth = 32> <RAM>
ST_49 : Operation 283 [1/2] (0.67ns)   --->   "%input_Dense_V_1_load_25 = load i5 %input_Dense_V_1_addr_25"   --->   Operation 283 'load' 'input_Dense_V_1_load_25' <Predicate = true> <Delay = 0.67> <CoreInst = "RAM">   --->   Core 83 'RAM' <Latency = 1> <II = 1> <Delay = 0.67> <Storage> <Opcode : 'load' 'store'> <Ports = 2> <Width = 15> <Depth = 32> <RAM>
ST_49 : Operation 284 [1/1] (0.00ns)   --->   "%input_Dense_V_1_addr_26 = getelementptr i15 %Dense_C5_V, i64 0, i64 26"   --->   Operation 284 'getelementptr' 'input_Dense_V_1_addr_26' <Predicate = true> <Delay = 0.00>
ST_49 : Operation 285 [2/2] (0.67ns)   --->   "%input_Dense_V_1_load_26 = load i5 %input_Dense_V_1_addr_26"   --->   Operation 285 'load' 'input_Dense_V_1_load_26' <Predicate = true> <Delay = 0.67> <CoreInst = "RAM">   --->   Core 83 'RAM' <Latency = 1> <II = 1> <Delay = 0.67> <Storage> <Opcode : 'load' 'store'> <Ports = 2> <Width = 15> <Depth = 32> <RAM>
ST_49 : Operation 286 [1/1] (0.00ns)   --->   "%input_Dense_V_1_addr_27 = getelementptr i15 %Dense_C5_V, i64 0, i64 27"   --->   Operation 286 'getelementptr' 'input_Dense_V_1_addr_27' <Predicate = true> <Delay = 0.00>
ST_49 : Operation 287 [2/2] (0.67ns)   --->   "%input_Dense_V_1_load_27 = load i5 %input_Dense_V_1_addr_27"   --->   Operation 287 'load' 'input_Dense_V_1_load_27' <Predicate = true> <Delay = 0.67> <CoreInst = "RAM">   --->   Core 83 'RAM' <Latency = 1> <II = 1> <Delay = 0.67> <Storage> <Opcode : 'load' 'store'> <Ports = 2> <Width = 15> <Depth = 32> <RAM>

State 50 <SV = 26> <Delay = 0.67>
ST_50 : Operation 288 [1/2] (0.67ns)   --->   "%input_Dense_V_1_load_26 = load i5 %input_Dense_V_1_addr_26"   --->   Operation 288 'load' 'input_Dense_V_1_load_26' <Predicate = true> <Delay = 0.67> <CoreInst = "RAM">   --->   Core 83 'RAM' <Latency = 1> <II = 1> <Delay = 0.67> <Storage> <Opcode : 'load' 'store'> <Ports = 2> <Width = 15> <Depth = 32> <RAM>
ST_50 : Operation 289 [1/2] (0.67ns)   --->   "%input_Dense_V_1_load_27 = load i5 %input_Dense_V_1_addr_27"   --->   Operation 289 'load' 'input_Dense_V_1_load_27' <Predicate = true> <Delay = 0.67> <CoreInst = "RAM">   --->   Core 83 'RAM' <Latency = 1> <II = 1> <Delay = 0.67> <Storage> <Opcode : 'load' 'store'> <Ports = 2> <Width = 15> <Depth = 32> <RAM>
ST_50 : Operation 290 [1/1] (0.00ns)   --->   "%input_Dense_V_1_addr_28 = getelementptr i15 %Dense_C5_V, i64 0, i64 28"   --->   Operation 290 'getelementptr' 'input_Dense_V_1_addr_28' <Predicate = true> <Delay = 0.00>
ST_50 : Operation 291 [2/2] (0.67ns)   --->   "%input_Dense_V_1_load_28 = load i5 %input_Dense_V_1_addr_28"   --->   Operation 291 'load' 'input_Dense_V_1_load_28' <Predicate = true> <Delay = 0.67> <CoreInst = "RAM">   --->   Core 83 'RAM' <Latency = 1> <II = 1> <Delay = 0.67> <Storage> <Opcode : 'load' 'store'> <Ports = 2> <Width = 15> <Depth = 32> <RAM>
ST_50 : Operation 292 [1/1] (0.00ns)   --->   "%input_Dense_V_1_addr_29 = getelementptr i15 %Dense_C5_V, i64 0, i64 29"   --->   Operation 292 'getelementptr' 'input_Dense_V_1_addr_29' <Predicate = true> <Delay = 0.00>
ST_50 : Operation 293 [2/2] (0.67ns)   --->   "%input_Dense_V_1_load_29 = load i5 %input_Dense_V_1_addr_29"   --->   Operation 293 'load' 'input_Dense_V_1_load_29' <Predicate = true> <Delay = 0.67> <CoreInst = "RAM">   --->   Core 83 'RAM' <Latency = 1> <II = 1> <Delay = 0.67> <Storage> <Opcode : 'load' 'store'> <Ports = 2> <Width = 15> <Depth = 32> <RAM>

State 51 <SV = 27> <Delay = 0.67>
ST_51 : Operation 294 [1/2] (0.67ns)   --->   "%input_Dense_V_1_load_28 = load i5 %input_Dense_V_1_addr_28"   --->   Operation 294 'load' 'input_Dense_V_1_load_28' <Predicate = true> <Delay = 0.67> <CoreInst = "RAM">   --->   Core 83 'RAM' <Latency = 1> <II = 1> <Delay = 0.67> <Storage> <Opcode : 'load' 'store'> <Ports = 2> <Width = 15> <Depth = 32> <RAM>
ST_51 : Operation 295 [1/2] (0.67ns)   --->   "%input_Dense_V_1_load_29 = load i5 %input_Dense_V_1_addr_29"   --->   Operation 295 'load' 'input_Dense_V_1_load_29' <Predicate = true> <Delay = 0.67> <CoreInst = "RAM">   --->   Core 83 'RAM' <Latency = 1> <II = 1> <Delay = 0.67> <Storage> <Opcode : 'load' 'store'> <Ports = 2> <Width = 15> <Depth = 32> <RAM>
ST_51 : Operation 296 [1/1] (0.00ns)   --->   "%input_Dense_V_1_addr_30 = getelementptr i15 %Dense_C5_V, i64 0, i64 30"   --->   Operation 296 'getelementptr' 'input_Dense_V_1_addr_30' <Predicate = true> <Delay = 0.00>
ST_51 : Operation 297 [2/2] (0.67ns)   --->   "%input_Dense_V_1_load_30 = load i5 %input_Dense_V_1_addr_30"   --->   Operation 297 'load' 'input_Dense_V_1_load_30' <Predicate = true> <Delay = 0.67> <CoreInst = "RAM">   --->   Core 83 'RAM' <Latency = 1> <II = 1> <Delay = 0.67> <Storage> <Opcode : 'load' 'store'> <Ports = 2> <Width = 15> <Depth = 32> <RAM>
ST_51 : Operation 298 [1/1] (0.00ns)   --->   "%input_Dense_V_1_addr_31 = getelementptr i15 %Dense_C5_V, i64 0, i64 31"   --->   Operation 298 'getelementptr' 'input_Dense_V_1_addr_31' <Predicate = true> <Delay = 0.00>
ST_51 : Operation 299 [2/2] (0.67ns)   --->   "%input_Dense_V_1_load_31 = load i5 %input_Dense_V_1_addr_31"   --->   Operation 299 'load' 'input_Dense_V_1_load_31' <Predicate = true> <Delay = 0.67> <CoreInst = "RAM">   --->   Core 83 'RAM' <Latency = 1> <II = 1> <Delay = 0.67> <Storage> <Opcode : 'load' 'store'> <Ports = 2> <Width = 15> <Depth = 32> <RAM>

State 52 <SV = 28> <Delay = 2.17>
ST_52 : Operation 300 [1/1] (1.08ns)   --->   "%add_ln20 = add i64 %Weights_read, i64 11104" [pipeline/C_Dense.cpp:20]   --->   Operation 300 'add' 'add_ln20' <Predicate = true> <Delay = 1.08> <CoreInst = "Adder">   --->   Core 1 'Adder' <Latency = 0> <II = 1> <Delay = 1.08> <FuncUnit> <Opcode : 'add' 'sub'> <InPorts = 2> <OutPorts = 1>
ST_52 : Operation 301 [1/1] (0.00ns)   --->   "%trunc_ln = partselect i63 @_ssdm_op_PartSelect.i63.i64.i32.i32, i64 %add_ln20, i32 1, i32 63" [pipeline/C_Dense.cpp:20]   --->   Operation 301 'partselect' 'trunc_ln' <Predicate = true> <Delay = 0.00>
ST_52 : Operation 302 [1/1] (1.08ns)   --->   "%add_ln1273_74 = add i64 %Weights_read, i64 10080"   --->   Operation 302 'add' 'add_ln1273_74' <Predicate = true> <Delay = 1.08> <CoreInst = "Adder">   --->   Core 1 'Adder' <Latency = 0> <II = 1> <Delay = 1.08> <FuncUnit> <Opcode : 'add' 'sub'> <InPorts = 2> <OutPorts = 1>
ST_52 : Operation 303 [1/2] (0.67ns)   --->   "%input_Dense_V_1_load_30 = load i5 %input_Dense_V_1_addr_30"   --->   Operation 303 'load' 'input_Dense_V_1_load_30' <Predicate = true> <Delay = 0.67> <CoreInst = "RAM">   --->   Core 83 'RAM' <Latency = 1> <II = 1> <Delay = 0.67> <Storage> <Opcode : 'load' 'store'> <Ports = 2> <Width = 15> <Depth = 32> <RAM>
ST_52 : Operation 304 [1/2] (0.67ns)   --->   "%input_Dense_V_1_load_31 = load i5 %input_Dense_V_1_addr_31"   --->   Operation 304 'load' 'input_Dense_V_1_load_31' <Predicate = true> <Delay = 0.67> <CoreInst = "RAM">   --->   Core 83 'RAM' <Latency = 1> <II = 1> <Delay = 0.67> <Storage> <Opcode : 'load' 'store'> <Ports = 2> <Width = 15> <Depth = 32> <RAM>
ST_52 : Operation 305 [2/2] (1.08ns)   --->   "%call_ln1273 = call void @C_CNN_Pipeline_loop_for_a_Dense_1, i64 %add_ln1273_74, i16 %gmem1, i15 %input_Dense_V_1_load, i15 %input_Dense_V_1_load_1, i15 %input_Dense_V_1_load_2, i15 %input_Dense_V_1_load_3, i15 %input_Dense_V_1_load_4, i15 %input_Dense_V_1_load_5, i15 %input_Dense_V_1_load_6, i15 %input_Dense_V_1_load_7, i15 %input_Dense_V_1_load_8, i15 %input_Dense_V_1_load_9, i15 %input_Dense_V_1_load_10, i15 %input_Dense_V_1_load_11, i15 %input_Dense_V_1_load_12, i15 %input_Dense_V_1_load_13, i15 %input_Dense_V_1_load_14, i15 %input_Dense_V_1_load_15, i15 %input_Dense_V_1_load_16, i15 %input_Dense_V_1_load_17, i15 %input_Dense_V_1_load_18, i15 %input_Dense_V_1_load_19, i15 %input_Dense_V_1_load_20, i15 %input_Dense_V_1_load_21, i15 %input_Dense_V_1_load_22, i15 %input_Dense_V_1_load_23, i15 %input_Dense_V_1_load_24, i15 %input_Dense_V_1_load_25, i15 %input_Dense_V_1_load_26, i15 %input_Dense_V_1_load_27, i15 %input_Dense_V_1_load_28, i15 %input_Dense_V_1_load_29, i15 %input_Dense_V_1_load_30, i15 %input_Dense_V_1_load_31, i63 %trunc_ln, i16 %out_Dense_V"   --->   Operation 305 'call' 'call_ln1273' <Predicate = true> <Delay = 1.08> <CoreType = "Generic">   --->   Core 0 '' <Latency = 0> <II = 1> <Delay = 1.00> <Generic> <Opcode : >

State 53 <SV = 29> <Delay = 0.00>
ST_53 : Operation 306 [1/2] (0.00ns)   --->   "%call_ln1273 = call void @C_CNN_Pipeline_loop_for_a_Dense_1, i64 %add_ln1273_74, i16 %gmem1, i15 %input_Dense_V_1_load, i15 %input_Dense_V_1_load_1, i15 %input_Dense_V_1_load_2, i15 %input_Dense_V_1_load_3, i15 %input_Dense_V_1_load_4, i15 %input_Dense_V_1_load_5, i15 %input_Dense_V_1_load_6, i15 %input_Dense_V_1_load_7, i15 %input_Dense_V_1_load_8, i15 %input_Dense_V_1_load_9, i15 %input_Dense_V_1_load_10, i15 %input_Dense_V_1_load_11, i15 %input_Dense_V_1_load_12, i15 %input_Dense_V_1_load_13, i15 %input_Dense_V_1_load_14, i15 %input_Dense_V_1_load_15, i15 %input_Dense_V_1_load_16, i15 %input_Dense_V_1_load_17, i15 %input_Dense_V_1_load_18, i15 %input_Dense_V_1_load_19, i15 %input_Dense_V_1_load_20, i15 %input_Dense_V_1_load_21, i15 %input_Dense_V_1_load_22, i15 %input_Dense_V_1_load_23, i15 %input_Dense_V_1_load_24, i15 %input_Dense_V_1_load_25, i15 %input_Dense_V_1_load_26, i15 %input_Dense_V_1_load_27, i15 %input_Dense_V_1_load_28, i15 %input_Dense_V_1_load_29, i15 %input_Dense_V_1_load_30, i15 %input_Dense_V_1_load_31, i63 %trunc_ln, i16 %out_Dense_V"   --->   Operation 306 'call' 'call_ln1273' <Predicate = true> <Delay = 0.00> <CoreType = "Generic">   --->   Core 0 '' <Latency = 0> <II = 1> <Delay = 1.00> <Generic> <Opcode : >

State 54 <SV = 30> <Delay = 0.00>
ST_54 : Operation 307 [2/2] (0.00ns)   --->   "%call_ln0 = call void @C_CNN_Pipeline_VITIS_LOOP_28_1, i16 %out_Dense_V, i15 %Dense_F6_V"   --->   Operation 307 'call' 'call_ln0' <Predicate = true> <Delay = 0.00> <CoreType = "Generic">   --->   Core 0 '' <Latency = 0> <II = 1> <Delay = 1.00> <Generic> <Opcode : >

State 55 <SV = 31> <Delay = 0.00>
ST_55 : Operation 308 [1/2] (0.00ns)   --->   "%call_ln0 = call void @C_CNN_Pipeline_VITIS_LOOP_28_1, i16 %out_Dense_V, i15 %Dense_F6_V"   --->   Operation 308 'call' 'call_ln0' <Predicate = true> <Delay = 0.00> <CoreType = "Generic">   --->   Core 0 '' <Latency = 0> <II = 1> <Delay = 1.00> <Generic> <Opcode : >

State 56 <SV = 32> <Delay = 2.17>
ST_56 : Operation 309 [1/1] (1.08ns)   --->   "%add_ln20_2 = add i64 %Weights_read, i64 11456" [pipeline/C_CNN.cpp:20]   --->   Operation 309 'add' 'add_ln20_2' <Predicate = true> <Delay = 1.08> <CoreInst = "Adder">   --->   Core 1 'Adder' <Latency = 0> <II = 1> <Delay = 1.08> <FuncUnit> <Opcode : 'add' 'sub'> <InPorts = 2> <OutPorts = 1>
ST_56 : Operation 310 [1/1] (1.08ns)   --->   "%add_ln20_3 = add i64 %Weights_read, i64 11136" [pipeline/C_CNN.cpp:20]   --->   Operation 310 'add' 'add_ln20_3' <Predicate = true> <Delay = 1.08> <CoreInst = "Adder">   --->   Core 1 'Adder' <Latency = 0> <II = 1> <Delay = 1.08> <FuncUnit> <Opcode : 'add' 'sub'> <InPorts = 2> <OutPorts = 1>
ST_56 : Operation 311 [2/2] (1.08ns)   --->   "%OutModel0_V_write_assign = call i16 @C_Dense_2, i15 %Dense_F6_V, i16 %gmem1, i64 %add_ln20_2, i64 %add_ln20_3, i11 %f_x_lsb_table_V, i25 %exp_x_msb_2_m_1_table_V, i25 %exp_x_msb_1_table_V" [pipeline/C_CNN.cpp:20]   --->   Operation 311 'call' 'OutModel0_V_write_assign' <Predicate = true> <Delay = 1.08> <CoreType = "Generic">   --->   Core 0 '' <Latency = 0> <II = 1> <Delay = 1.00> <Generic> <Opcode : >

State 57 <SV = 33> <Delay = 0.00>
ST_57 : Operation 312 [1/2] (0.00ns)   --->   "%OutModel0_V_write_assign = call i16 @C_Dense_2, i15 %Dense_F6_V, i16 %gmem1, i64 %add_ln20_2, i64 %add_ln20_3, i11 %f_x_lsb_table_V, i25 %exp_x_msb_2_m_1_table_V, i25 %exp_x_msb_1_table_V" [pipeline/C_CNN.cpp:20]   --->   Operation 312 'call' 'OutModel0_V_write_assign' <Predicate = true> <Delay = 0.00> <CoreType = "Generic">   --->   Core 0 '' <Latency = 0> <II = 1> <Delay = 1.00> <Generic> <Opcode : >
ST_57 : Operation 313 [1/1] (0.00ns)   --->   "%ret_ln21 = ret i16 %OutModel0_V_write_assign" [pipeline/C_CNN.cpp:21]   --->   Operation 313 'ret' 'ret_ln21' <Predicate = true> <Delay = 0.00>


============================================================
+ Verbose Summary: Timing violations
============================================================
Target clock period: 10ns, clock uncertainty: 2.7ns.

 <State 1>: 0.427ns
The critical path consists of the following:
	'alloca' operation ('indvar_flatten287') [11]  (0 ns)
	'store' operation ('store_ln28', pipeline/C_Conv.cpp:28) of constant 0 on local variable 'indvar_flatten287' [26]  (0.427 ns)

 <State 2>: 0ns
The critical path consists of the following:

 <State 3>: 0ns
The critical path consists of the following:

 <State 4>: 0ns
The critical path consists of the following:

 <State 5>: 2.81ns
The critical path consists of the following:
	'load' operation ('indvar_flatten253_load_1', pipeline/C_Conv.cpp:30) on local variable 'indvar_flatten253' [49]  (0 ns)
	'icmp' operation ('icmp_ln30', pipeline/C_Conv.cpp:30) [52]  (0.849 ns)
	'select' operation ('x_4_mid2269', pipeline/C_Conv.cpp:30) [53]  (0.391 ns)
	'add' operation ('add_ln30', pipeline/C_Conv.cpp:30) [79]  (0.797 ns)
	'select' operation ('select_ln30_1', pipeline/C_Conv.cpp:30) [85]  (0 ns)
	'add' operation ('add_ln43', pipeline/C_Conv.cpp:43) [103]  (0.776 ns)

 <State 6>: 7.3ns
The critical path consists of the following:
	bus request operation ('gmem1_load_53_req', pipeline/C_Conv.cpp:30) on port 'gmem1' (pipeline/C_Conv.cpp:30) [64]  (7.3 ns)

 <State 7>: 7.3ns
The critical path consists of the following:
	bus request operation ('gmem1_load_53_req', pipeline/C_Conv.cpp:30) on port 'gmem1' (pipeline/C_Conv.cpp:30) [64]  (7.3 ns)

 <State 8>: 7.3ns
The critical path consists of the following:
	bus request operation ('gmem1_load_53_req', pipeline/C_Conv.cpp:30) on port 'gmem1' (pipeline/C_Conv.cpp:30) [64]  (7.3 ns)

 <State 9>: 7.3ns
The critical path consists of the following:
	bus request operation ('gmem1_load_53_req', pipeline/C_Conv.cpp:30) on port 'gmem1' (pipeline/C_Conv.cpp:30) [64]  (7.3 ns)

 <State 10>: 7.3ns
The critical path consists of the following:
	bus request operation ('gmem1_load_53_req', pipeline/C_Conv.cpp:30) on port 'gmem1' (pipeline/C_Conv.cpp:30) [64]  (7.3 ns)

 <State 11>: 7.3ns
The critical path consists of the following:
	bus request operation ('gmem1_load_53_req', pipeline/C_Conv.cpp:30) on port 'gmem1' (pipeline/C_Conv.cpp:30) [64]  (7.3 ns)

 <State 12>: 7.3ns
The critical path consists of the following:
	bus request operation ('gmem1_load_53_req', pipeline/C_Conv.cpp:30) on port 'gmem1' (pipeline/C_Conv.cpp:30) [64]  (7.3 ns)

 <State 13>: 7.3ns
The critical path consists of the following:
	bus request operation ('empty_570', pipeline/C_Conv.cpp:35) on port 'gmem1' (pipeline/C_Conv.cpp:35) [90]  (7.3 ns)

 <State 14>: 7.3ns
The critical path consists of the following:
	bus request operation ('empty_570', pipeline/C_Conv.cpp:35) on port 'gmem1' (pipeline/C_Conv.cpp:35) [90]  (7.3 ns)

 <State 15>: 7.3ns
The critical path consists of the following:
	bus read operation ('gmem1_addr_read', pipeline/C_Conv.cpp:30) on port 'gmem1' (pipeline/C_Conv.cpp:30) [65]  (7.3 ns)

 <State 16>: 0.765ns
The critical path consists of the following:
	'sub' operation ('p_mid1239', pipeline/C_Conv.cpp:30) [95]  (0.765 ns)

 <State 17>: 0ns
The critical path consists of the following:

 <State 18>: 1.28ns
The critical path consists of the following:
	'add' operation ('ret.V') [99]  (0.853 ns)
	multiplexor before 'phi' operation ('storemerge13') with incoming values : ('add_ln813') [113]  (0.427 ns)

 <State 19>: 7.3ns
The critical path consists of the following:
	bus request operation ('gmem1_load_9_req') on port 'gmem1' [108]  (7.3 ns)

 <State 20>: 7.3ns
The critical path consists of the following:
	bus request operation ('gmem1_load_9_req') on port 'gmem1' [108]  (7.3 ns)

 <State 21>: 7.3ns
The critical path consists of the following:
	bus request operation ('gmem1_load_9_req') on port 'gmem1' [108]  (7.3 ns)

 <State 22>: 7.3ns
The critical path consists of the following:
	bus request operation ('gmem1_load_9_req') on port 'gmem1' [108]  (7.3 ns)

 <State 23>: 7.3ns
The critical path consists of the following:
	bus request operation ('gmem1_load_9_req') on port 'gmem1' [108]  (7.3 ns)

 <State 24>: 7.3ns
The critical path consists of the following:
	bus request operation ('gmem1_load_9_req') on port 'gmem1' [108]  (7.3 ns)

 <State 25>: 7.3ns
The critical path consists of the following:
	bus request operation ('gmem1_load_9_req') on port 'gmem1' [108]  (7.3 ns)

 <State 26>: 7.3ns
The critical path consists of the following:
	bus read operation ('gmem1_addr_read_5') on port 'gmem1' [109]  (7.3 ns)

 <State 27>: 1.58ns
The critical path consists of the following:
	'load' operation ('indvar_flatten253_load', pipeline/C_Conv.cpp:30) on local variable 'indvar_flatten253' [114]  (0 ns)
	'add' operation ('add_ln30_1', pipeline/C_Conv.cpp:30) [117]  (0.765 ns)
	'select' operation ('select_ln30_3', pipeline/C_Conv.cpp:30) [118]  (0.393 ns)
	'store' operation ('store_ln32', pipeline/C_Conv.cpp:32) of variable 'select_ln30_3', pipeline/C_Conv.cpp:30 on local variable 'indvar_flatten253' [121]  (0.427 ns)

 <State 28>: 1.24ns
The critical path consists of the following:
	'phi' operation ('storemerge13') with incoming values : ('add_ln813') [113]  (0 ns)
	'store' operation ('store_ln43', pipeline/C_Conv.cpp:43) of variable 'storemerge13' on array 'input_MaxPooling.V', pipeline/C_CNN.cpp:8 [115]  (1.24 ns)

 <State 29>: 0ns
The critical path consists of the following:

 <State 30>: 0ns
The critical path consists of the following:

 <State 31>: 0ns
The critical path consists of the following:

 <State 32>: 2.17ns
The critical path consists of the following:
	'add' operation ('add_ln5_1', pipeline/C_Dense.cpp:5) [128]  (1.08 ns)
	'call' operation ('call_ln5', pipeline/C_Dense.cpp:5) to 'C_CNN_Pipeline_loop_for_a_Dense_0_loop_for_b_Dense_0' [130]  (1.08 ns)

 <State 33>: 0ns
The critical path consists of the following:

 <State 34>: 0ns
The critical path consists of the following:

 <State 35>: 0ns
The critical path consists of the following:

 <State 36>: 0.677ns
The critical path consists of the following:
	'getelementptr' operation ('input_Dense_V_1_addr') [134]  (0 ns)
	'load' operation ('input_Dense_V_1_load') on array 'Dense_C5.V', pipeline/C_CNN.cpp:11 [135]  (0.677 ns)

 <State 37>: 0.677ns
The critical path consists of the following:
	'load' operation ('input_Dense_V_1_load') on array 'Dense_C5.V', pipeline/C_CNN.cpp:11 [135]  (0.677 ns)

 <State 38>: 0.677ns
The critical path consists of the following:
	'load' operation ('input_Dense_V_1_load_2') on array 'Dense_C5.V', pipeline/C_CNN.cpp:11 [140]  (0.677 ns)

 <State 39>: 0.677ns
The critical path consists of the following:
	'load' operation ('input_Dense_V_1_load_4') on array 'Dense_C5.V', pipeline/C_CNN.cpp:11 [144]  (0.677 ns)

 <State 40>: 0.677ns
The critical path consists of the following:
	'load' operation ('input_Dense_V_1_load_6') on array 'Dense_C5.V', pipeline/C_CNN.cpp:11 [148]  (0.677 ns)

 <State 41>: 0.677ns
The critical path consists of the following:
	'load' operation ('input_Dense_V_1_load_8') on array 'Dense_C5.V', pipeline/C_CNN.cpp:11 [152]  (0.677 ns)

 <State 42>: 0.677ns
The critical path consists of the following:
	'load' operation ('input_Dense_V_1_load_10') on array 'Dense_C5.V', pipeline/C_CNN.cpp:11 [156]  (0.677 ns)

 <State 43>: 0.677ns
The critical path consists of the following:
	'load' operation ('input_Dense_V_1_load_12') on array 'Dense_C5.V', pipeline/C_CNN.cpp:11 [160]  (0.677 ns)

 <State 44>: 0.677ns
The critical path consists of the following:
	'load' operation ('input_Dense_V_1_load_14') on array 'Dense_C5.V', pipeline/C_CNN.cpp:11 [164]  (0.677 ns)

 <State 45>: 0.677ns
The critical path consists of the following:
	'load' operation ('input_Dense_V_1_load_16') on array 'Dense_C5.V', pipeline/C_CNN.cpp:11 [168]  (0.677 ns)

 <State 46>: 0.677ns
The critical path consists of the following:
	'load' operation ('input_Dense_V_1_load_18') on array 'Dense_C5.V', pipeline/C_CNN.cpp:11 [172]  (0.677 ns)

 <State 47>: 0.677ns
The critical path consists of the following:
	'load' operation ('input_Dense_V_1_load_20') on array 'Dense_C5.V', pipeline/C_CNN.cpp:11 [176]  (0.677 ns)

 <State 48>: 0.677ns
The critical path consists of the following:
	'load' operation ('input_Dense_V_1_load_22') on array 'Dense_C5.V', pipeline/C_CNN.cpp:11 [180]  (0.677 ns)

 <State 49>: 0.677ns
The critical path consists of the following:
	'load' operation ('input_Dense_V_1_load_24') on array 'Dense_C5.V', pipeline/C_CNN.cpp:11 [184]  (0.677 ns)

 <State 50>: 0.677ns
The critical path consists of the following:
	'load' operation ('input_Dense_V_1_load_26') on array 'Dense_C5.V', pipeline/C_CNN.cpp:11 [188]  (0.677 ns)

 <State 51>: 0.677ns
The critical path consists of the following:
	'load' operation ('input_Dense_V_1_load_28') on array 'Dense_C5.V', pipeline/C_CNN.cpp:11 [192]  (0.677 ns)

 <State 52>: 2.17ns
The critical path consists of the following:
	'add' operation ('add_ln20', pipeline/C_Dense.cpp:20) [132]  (1.08 ns)
	'call' operation ('call_ln1273') to 'C_CNN_Pipeline_loop_for_a_Dense_1' [199]  (1.08 ns)

 <State 53>: 0ns
The critical path consists of the following:

 <State 54>: 0ns
The critical path consists of the following:

 <State 55>: 0ns
The critical path consists of the following:

 <State 56>: 2.17ns
The critical path consists of the following:
	'add' operation ('add_ln20_2', pipeline/C_CNN.cpp:20) [201]  (1.08 ns)
	'call' operation ('OutModel0.V', pipeline/C_CNN.cpp:20) to 'C_Dense_2' [203]  (1.08 ns)

 <State 57>: 0ns
The critical path consists of the following:


============================================================
+ Verbose Summary: Binding
============================================================
N/A
* FSMD analyzer results:
  - Output states:
 - Input state : 
  - Chain level:
	State 1
	State 2
	State 3
	State 4
	State 5
	State 6
	State 7
	State 8
	State 9
	State 10
	State 11
	State 12
	State 13
	State 14
	State 15
	State 16
	State 17
	State 18
	State 19
	State 20
	State 21
	State 22
	State 23
	State 24
	State 25
	State 26
	State 27
	State 28
	State 29
	State 30
	State 31
	State 32
	State 33
	State 34
	State 35
	State 36
	State 37
	State 38
	State 39
	State 40
	State 41
	State 42
	State 43
	State 44
	State 45
	State 46
	State 47
	State 48
	State 49
	State 50
	State 51
	State 52
	State 53
	State 54
	State 55
	State 56
	State 57


============================================================
+ Verbose Summary: Datapath Resource usage 
============================================================
N/A
