

================================================================
== Vitis HLS Report for 'C_Dense_2'
================================================================
* Date:           Wed Apr 15 01:46:32 2026

* Version:        2022.2 (Build 3670227 on Oct 13 2022)
* Project:        ProjectOne
* Solution:       solution1 (Vivado IP Flow Target)
* Product family: zynquplus
* Target device:  xck26-sfvc784-2LV-c


================================================================
== Performance Estimates
================================================================
+ Timing: 
    * Summary: 
    +--------+----------+----------+------------+
    |  Clock |  Target  | Estimated| Uncertainty|
    +--------+----------+----------+------------+
    |ap_clk  |  10.00 ns|  7.300 ns|     2.70 ns|
    +--------+----------+----------+------------+

+ Latency: 
    * Summary: 
    +---------+---------+----------+----------+-----+-----+---------+
    |  Latency (cycles) |  Latency (absolute) |  Interval | Pipeline|
    |   min   |   max   |    min   |    max   | min | max |   Type  |
    +---------+---------+----------+----------+-----+-----+---------+
    |      295|      295|  2.950 us|  2.950 us|  295|  295|       no|
    +---------+---------+----------+----------+-----+-----+---------+

    + Detail: 
        * Instance: 
        +--------------------------------------------------+---------------------------------------+---------+---------+----------+----------+-----+-----+---------+
        |                                                  |                                       |  Latency (cycles) |  Latency (absolute) |  Interval | Pipeline|
        |                     Instance                     |                 Module                |   min   |   max   |    min   |    max   | min | max |   Type  |
        +--------------------------------------------------+---------------------------------------+---------+---------+----------+----------+-----+-----+---------+
        |grp_C_Dense_2_Pipeline_loop_for_a_Dense_2_fu_275  |C_Dense_2_Pipeline_loop_for_a_Dense_2  |      183|      183|  1.830 us|  1.830 us|  183|  183|       no|
        |grp_C_Dense_2_Pipeline_loop_detect_fu_304         |C_Dense_2_Pipeline_loop_detect         |       13|       13|  0.130 us|  0.130 us|   13|   13|       no|
        |grp_C_Dense_2_Pipeline_VITIS_LOOP_53_1_fu_311     |C_Dense_2_Pipeline_VITIS_LOOP_53_1     |       17|       17|  0.170 us|  0.170 us|   17|   17|       no|
        |grp_C_Dense_2_Pipeline_VITIS_LOOP_57_2_fu_324     |C_Dense_2_Pipeline_VITIS_LOOP_57_2     |       46|       46|  0.460 us|  0.460 us|   46|   46|       no|
        |grp_C_Dense_2_Pipeline_VITIS_LOOP_62_3_fu_337     |C_Dense_2_Pipeline_VITIS_LOOP_62_3     |       12|       12|  0.120 us|  0.120 us|   12|   12|       no|
        +--------------------------------------------------+---------------------------------------+---------+---------+----------+----------+-----+-----+---------+

        * Loop: 
        N/A

============================================================
+ Verbose Summary: Synthesis Manager
============================================================
InlineROM: 1
ExposeGlobal: 0
============================================================
+ Verbose Summary: CDFG Model
============================================================
IsTopModel: 0
ResetActiveHigh: 1
IsCombinational: 0
IsDatapathOnly: 0
HasWiredReturn: 1
HasMFsm: 0
HasVarLatency: 1
IsPipeline: 0
IsRtlPipelined: 0
IsInstanceOverlapped: 0
IsDontTouch: 0
HasImplIP: 0
IsGatedGlobalClock: 0


============================================================
+ Verbose Summary: Schedule
============================================================
* Number of FSM states : 25
* Pipeline : 0
* Dataflow Pipeline: 0

* FSM state transitions: 
1 --> 2 
2 --> 3 
3 --> 4 
4 --> 5 
5 --> 6 
6 --> 7 
7 --> 8 
8 --> 9 
9 --> 10 
10 --> 11 
11 --> 12 
12 --> 13 
13 --> 14 
14 --> 15 
15 --> 16 
16 --> 17 
17 --> 18 
18 --> 19 
19 --> 20 
20 --> 21 
21 --> 22 
22 --> 23 
23 --> 24 
24 --> 25 
25 --> 

* FSM state operations: 

State 1 <SV = 0> <Delay = 0.67>
ST_1 : Operation 26 [1/1] (0.00ns)   --->   "%maxindex_2_V_loc = alloca i64 1"   --->   Operation 26 'alloca' 'maxindex_2_V_loc' <Predicate = true> <Delay = 0.00>
ST_1 : Operation 27 [1/1] (0.00ns)   --->   "%p_loc = alloca i64 1"   --->   Operation 27 'alloca' 'p_loc' <Predicate = true> <Delay = 0.00>
ST_1 : Operation 28 [1/1] (0.00ns)   --->   "%maxindex_loc = alloca i64 1"   --->   Operation 28 'alloca' 'maxindex_loc' <Predicate = true> <Delay = 0.00>
ST_1 : Operation 29 [1/1] (0.67ns)   --->   "%out_Dense_V = alloca i64 1" [pipeline/C_Dense.cpp:33]   --->   Operation 29 'alloca' 'out_Dense_V' <Predicate = true> <Delay = 0.67> <CoreInst = "RAM">   --->   Core 83 'RAM' <Latency = 1> <II = 1> <Delay = 0.67> <Storage> <Opcode : 'load' 'store'> <Ports = 2> <Width = 16> <Depth = 10> <RAM>
ST_1 : Operation 30 [1/1] (0.00ns)   --->   "%input_Dense_addr = getelementptr i15 %input_Dense, i64 0, i64 0"   --->   Operation 30 'getelementptr' 'input_Dense_addr' <Predicate = true> <Delay = 0.00>
ST_1 : Operation 31 [2/2] (0.67ns)   --->   "%input_Dense_load = load i4 %input_Dense_addr"   --->   Operation 31 'load' 'input_Dense_load' <Predicate = true> <Delay = 0.67> <CoreInst = "RAM">   --->   Core 83 'RAM' <Latency = 1> <II = 1> <Delay = 0.67> <Storage> <Opcode : 'load' 'store'> <Ports = 2> <Width = 15> <Depth = 16> <RAM>
ST_1 : Operation 32 [1/1] (0.00ns)   --->   "%input_Dense_addr_1 = getelementptr i15 %input_Dense, i64 0, i64 1"   --->   Operation 32 'getelementptr' 'input_Dense_addr_1' <Predicate = true> <Delay = 0.00>
ST_1 : Operation 33 [2/2] (0.67ns)   --->   "%input_Dense_load_1 = load i4 %input_Dense_addr_1"   --->   Operation 33 'load' 'input_Dense_load_1' <Predicate = true> <Delay = 0.67> <CoreInst = "RAM">   --->   Core 83 'RAM' <Latency = 1> <II = 1> <Delay = 0.67> <Storage> <Opcode : 'load' 'store'> <Ports = 2> <Width = 15> <Depth = 16> <RAM>

State 2 <SV = 1> <Delay = 0.67>
ST_2 : Operation 34 [1/2] (0.67ns)   --->   "%input_Dense_load = load i4 %input_Dense_addr"   --->   Operation 34 'load' 'input_Dense_load' <Predicate = true> <Delay = 0.67> <CoreInst = "RAM">   --->   Core 83 'RAM' <Latency = 1> <II = 1> <Delay = 0.67> <Storage> <Opcode : 'load' 'store'> <Ports = 2> <Width = 15> <Depth = 16> <RAM>
ST_2 : Operation 35 [1/2] (0.67ns)   --->   "%input_Dense_load_1 = load i4 %input_Dense_addr_1"   --->   Operation 35 'load' 'input_Dense_load_1' <Predicate = true> <Delay = 0.67> <CoreInst = "RAM">   --->   Core 83 'RAM' <Latency = 1> <II = 1> <Delay = 0.67> <Storage> <Opcode : 'load' 'store'> <Ports = 2> <Width = 15> <Depth = 16> <RAM>
ST_2 : Operation 36 [1/1] (0.00ns)   --->   "%input_Dense_addr_2 = getelementptr i15 %input_Dense, i64 0, i64 2"   --->   Operation 36 'getelementptr' 'input_Dense_addr_2' <Predicate = true> <Delay = 0.00>
ST_2 : Operation 37 [2/2] (0.67ns)   --->   "%input_Dense_load_2 = load i4 %input_Dense_addr_2"   --->   Operation 37 'load' 'input_Dense_load_2' <Predicate = true> <Delay = 0.67> <CoreInst = "RAM">   --->   Core 83 'RAM' <Latency = 1> <II = 1> <Delay = 0.67> <Storage> <Opcode : 'load' 'store'> <Ports = 2> <Width = 15> <Depth = 16> <RAM>
ST_2 : Operation 38 [1/1] (0.00ns)   --->   "%input_Dense_addr_3 = getelementptr i15 %input_Dense, i64 0, i64 3"   --->   Operation 38 'getelementptr' 'input_Dense_addr_3' <Predicate = true> <Delay = 0.00>
ST_2 : Operation 39 [2/2] (0.67ns)   --->   "%input_Dense_load_3 = load i4 %input_Dense_addr_3"   --->   Operation 39 'load' 'input_Dense_load_3' <Predicate = true> <Delay = 0.67> <CoreInst = "RAM">   --->   Core 83 'RAM' <Latency = 1> <II = 1> <Delay = 0.67> <Storage> <Opcode : 'load' 'store'> <Ports = 2> <Width = 15> <Depth = 16> <RAM>

State 3 <SV = 2> <Delay = 0.67>
ST_3 : Operation 40 [1/2] (0.67ns)   --->   "%input_Dense_load_2 = load i4 %input_Dense_addr_2"   --->   Operation 40 'load' 'input_Dense_load_2' <Predicate = true> <Delay = 0.67> <CoreInst = "RAM">   --->   Core 83 'RAM' <Latency = 1> <II = 1> <Delay = 0.67> <Storage> <Opcode : 'load' 'store'> <Ports = 2> <Width = 15> <Depth = 16> <RAM>
ST_3 : Operation 41 [1/2] (0.67ns)   --->   "%input_Dense_load_3 = load i4 %input_Dense_addr_3"   --->   Operation 41 'load' 'input_Dense_load_3' <Predicate = true> <Delay = 0.67> <CoreInst = "RAM">   --->   Core 83 'RAM' <Latency = 1> <II = 1> <Delay = 0.67> <Storage> <Opcode : 'load' 'store'> <Ports = 2> <Width = 15> <Depth = 16> <RAM>
ST_3 : Operation 42 [1/1] (0.00ns)   --->   "%input_Dense_addr_4 = getelementptr i15 %input_Dense, i64 0, i64 4"   --->   Operation 42 'getelementptr' 'input_Dense_addr_4' <Predicate = true> <Delay = 0.00>
ST_3 : Operation 43 [2/2] (0.67ns)   --->   "%input_Dense_load_4 = load i4 %input_Dense_addr_4"   --->   Operation 43 'load' 'input_Dense_load_4' <Predicate = true> <Delay = 0.67> <CoreInst = "RAM">   --->   Core 83 'RAM' <Latency = 1> <II = 1> <Delay = 0.67> <Storage> <Opcode : 'load' 'store'> <Ports = 2> <Width = 15> <Depth = 16> <RAM>
ST_3 : Operation 44 [1/1] (0.00ns)   --->   "%input_Dense_addr_5 = getelementptr i15 %input_Dense, i64 0, i64 5"   --->   Operation 44 'getelementptr' 'input_Dense_addr_5' <Predicate = true> <Delay = 0.00>
ST_3 : Operation 45 [2/2] (0.67ns)   --->   "%input_Dense_load_5 = load i4 %input_Dense_addr_5"   --->   Operation 45 'load' 'input_Dense_load_5' <Predicate = true> <Delay = 0.67> <CoreInst = "RAM">   --->   Core 83 'RAM' <Latency = 1> <II = 1> <Delay = 0.67> <Storage> <Opcode : 'load' 'store'> <Ports = 2> <Width = 15> <Depth = 16> <RAM>

State 4 <SV = 3> <Delay = 0.67>
ST_4 : Operation 46 [1/2] (0.67ns)   --->   "%input_Dense_load_4 = load i4 %input_Dense_addr_4"   --->   Operation 46 'load' 'input_Dense_load_4' <Predicate = true> <Delay = 0.67> <CoreInst = "RAM">   --->   Core 83 'RAM' <Latency = 1> <II = 1> <Delay = 0.67> <Storage> <Opcode : 'load' 'store'> <Ports = 2> <Width = 15> <Depth = 16> <RAM>
ST_4 : Operation 47 [1/2] (0.67ns)   --->   "%input_Dense_load_5 = load i4 %input_Dense_addr_5"   --->   Operation 47 'load' 'input_Dense_load_5' <Predicate = true> <Delay = 0.67> <CoreInst = "RAM">   --->   Core 83 'RAM' <Latency = 1> <II = 1> <Delay = 0.67> <Storage> <Opcode : 'load' 'store'> <Ports = 2> <Width = 15> <Depth = 16> <RAM>
ST_4 : Operation 48 [1/1] (0.00ns)   --->   "%input_Dense_addr_6 = getelementptr i15 %input_Dense, i64 0, i64 6"   --->   Operation 48 'getelementptr' 'input_Dense_addr_6' <Predicate = true> <Delay = 0.00>
ST_4 : Operation 49 [2/2] (0.67ns)   --->   "%input_Dense_load_6 = load i4 %input_Dense_addr_6"   --->   Operation 49 'load' 'input_Dense_load_6' <Predicate = true> <Delay = 0.67> <CoreInst = "RAM">   --->   Core 83 'RAM' <Latency = 1> <II = 1> <Delay = 0.67> <Storage> <Opcode : 'load' 'store'> <Ports = 2> <Width = 15> <Depth = 16> <RAM>
ST_4 : Operation 50 [1/1] (0.00ns)   --->   "%input_Dense_addr_7 = getelementptr i15 %input_Dense, i64 0, i64 7"   --->   Operation 50 'getelementptr' 'input_Dense_addr_7' <Predicate = true> <Delay = 0.00>
ST_4 : Operation 51 [2/2] (0.67ns)   --->   "%input_Dense_load_7 = load i4 %input_Dense_addr_7"   --->   Operation 51 'load' 'input_Dense_load_7' <Predicate = true> <Delay = 0.67> <CoreInst = "RAM">   --->   Core 83 'RAM' <Latency = 1> <II = 1> <Delay = 0.67> <Storage> <Opcode : 'load' 'store'> <Ports = 2> <Width = 15> <Depth = 16> <RAM>

State 5 <SV = 4> <Delay = 0.67>
ST_5 : Operation 52 [1/2] (0.67ns)   --->   "%input_Dense_load_6 = load i4 %input_Dense_addr_6"   --->   Operation 52 'load' 'input_Dense_load_6' <Predicate = true> <Delay = 0.67> <CoreInst = "RAM">   --->   Core 83 'RAM' <Latency = 1> <II = 1> <Delay = 0.67> <Storage> <Opcode : 'load' 'store'> <Ports = 2> <Width = 15> <Depth = 16> <RAM>
ST_5 : Operation 53 [1/2] (0.67ns)   --->   "%input_Dense_load_7 = load i4 %input_Dense_addr_7"   --->   Operation 53 'load' 'input_Dense_load_7' <Predicate = true> <Delay = 0.67> <CoreInst = "RAM">   --->   Core 83 'RAM' <Latency = 1> <II = 1> <Delay = 0.67> <Storage> <Opcode : 'load' 'store'> <Ports = 2> <Width = 15> <Depth = 16> <RAM>
ST_5 : Operation 54 [1/1] (0.00ns)   --->   "%input_Dense_addr_8 = getelementptr i15 %input_Dense, i64 0, i64 8"   --->   Operation 54 'getelementptr' 'input_Dense_addr_8' <Predicate = true> <Delay = 0.00>
ST_5 : Operation 55 [2/2] (0.67ns)   --->   "%input_Dense_load_8 = load i4 %input_Dense_addr_8"   --->   Operation 55 'load' 'input_Dense_load_8' <Predicate = true> <Delay = 0.67> <CoreInst = "RAM">   --->   Core 83 'RAM' <Latency = 1> <II = 1> <Delay = 0.67> <Storage> <Opcode : 'load' 'store'> <Ports = 2> <Width = 15> <Depth = 16> <RAM>
ST_5 : Operation 56 [1/1] (0.00ns)   --->   "%input_Dense_addr_9 = getelementptr i15 %input_Dense, i64 0, i64 9"   --->   Operation 56 'getelementptr' 'input_Dense_addr_9' <Predicate = true> <Delay = 0.00>
ST_5 : Operation 57 [2/2] (0.67ns)   --->   "%input_Dense_load_9 = load i4 %input_Dense_addr_9"   --->   Operation 57 'load' 'input_Dense_load_9' <Predicate = true> <Delay = 0.67> <CoreInst = "RAM">   --->   Core 83 'RAM' <Latency = 1> <II = 1> <Delay = 0.67> <Storage> <Opcode : 'load' 'store'> <Ports = 2> <Width = 15> <Depth = 16> <RAM>

State 6 <SV = 5> <Delay = 0.67>
ST_6 : Operation 58 [1/2] (0.67ns)   --->   "%input_Dense_load_8 = load i4 %input_Dense_addr_8"   --->   Operation 58 'load' 'input_Dense_load_8' <Predicate = true> <Delay = 0.67> <CoreInst = "RAM">   --->   Core 83 'RAM' <Latency = 1> <II = 1> <Delay = 0.67> <Storage> <Opcode : 'load' 'store'> <Ports = 2> <Width = 15> <Depth = 16> <RAM>
ST_6 : Operation 59 [1/2] (0.67ns)   --->   "%input_Dense_load_9 = load i4 %input_Dense_addr_9"   --->   Operation 59 'load' 'input_Dense_load_9' <Predicate = true> <Delay = 0.67> <CoreInst = "RAM">   --->   Core 83 'RAM' <Latency = 1> <II = 1> <Delay = 0.67> <Storage> <Opcode : 'load' 'store'> <Ports = 2> <Width = 15> <Depth = 16> <RAM>
ST_6 : Operation 60 [1/1] (0.00ns)   --->   "%input_Dense_addr_10 = getelementptr i15 %input_Dense, i64 0, i64 10"   --->   Operation 60 'getelementptr' 'input_Dense_addr_10' <Predicate = true> <Delay = 0.00>
ST_6 : Operation 61 [2/2] (0.67ns)   --->   "%input_Dense_load_10 = load i4 %input_Dense_addr_10"   --->   Operation 61 'load' 'input_Dense_load_10' <Predicate = true> <Delay = 0.67> <CoreInst = "RAM">   --->   Core 83 'RAM' <Latency = 1> <II = 1> <Delay = 0.67> <Storage> <Opcode : 'load' 'store'> <Ports = 2> <Width = 15> <Depth = 16> <RAM>
ST_6 : Operation 62 [1/1] (0.00ns)   --->   "%input_Dense_addr_11 = getelementptr i15 %input_Dense, i64 0, i64 11"   --->   Operation 62 'getelementptr' 'input_Dense_addr_11' <Predicate = true> <Delay = 0.00>
ST_6 : Operation 63 [2/2] (0.67ns)   --->   "%input_Dense_load_11 = load i4 %input_Dense_addr_11"   --->   Operation 63 'load' 'input_Dense_load_11' <Predicate = true> <Delay = 0.67> <CoreInst = "RAM">   --->   Core 83 'RAM' <Latency = 1> <II = 1> <Delay = 0.67> <Storage> <Opcode : 'load' 'store'> <Ports = 2> <Width = 15> <Depth = 16> <RAM>

State 7 <SV = 6> <Delay = 0.67>
ST_7 : Operation 64 [1/2] (0.67ns)   --->   "%input_Dense_load_10 = load i4 %input_Dense_addr_10"   --->   Operation 64 'load' 'input_Dense_load_10' <Predicate = true> <Delay = 0.67> <CoreInst = "RAM">   --->   Core 83 'RAM' <Latency = 1> <II = 1> <Delay = 0.67> <Storage> <Opcode : 'load' 'store'> <Ports = 2> <Width = 15> <Depth = 16> <RAM>
ST_7 : Operation 65 [1/2] (0.67ns)   --->   "%input_Dense_load_11 = load i4 %input_Dense_addr_11"   --->   Operation 65 'load' 'input_Dense_load_11' <Predicate = true> <Delay = 0.67> <CoreInst = "RAM">   --->   Core 83 'RAM' <Latency = 1> <II = 1> <Delay = 0.67> <Storage> <Opcode : 'load' 'store'> <Ports = 2> <Width = 15> <Depth = 16> <RAM>
ST_7 : Operation 66 [1/1] (0.00ns)   --->   "%input_Dense_addr_12 = getelementptr i15 %input_Dense, i64 0, i64 12"   --->   Operation 66 'getelementptr' 'input_Dense_addr_12' <Predicate = true> <Delay = 0.00>
ST_7 : Operation 67 [2/2] (0.67ns)   --->   "%input_Dense_load_12 = load i4 %input_Dense_addr_12"   --->   Operation 67 'load' 'input_Dense_load_12' <Predicate = true> <Delay = 0.67> <CoreInst = "RAM">   --->   Core 83 'RAM' <Latency = 1> <II = 1> <Delay = 0.67> <Storage> <Opcode : 'load' 'store'> <Ports = 2> <Width = 15> <Depth = 16> <RAM>
ST_7 : Operation 68 [1/1] (0.00ns)   --->   "%input_Dense_addr_13 = getelementptr i15 %input_Dense, i64 0, i64 13"   --->   Operation 68 'getelementptr' 'input_Dense_addr_13' <Predicate = true> <Delay = 0.00>
ST_7 : Operation 69 [2/2] (0.67ns)   --->   "%input_Dense_load_13 = load i4 %input_Dense_addr_13"   --->   Operation 69 'load' 'input_Dense_load_13' <Predicate = true> <Delay = 0.67> <CoreInst = "RAM">   --->   Core 83 'RAM' <Latency = 1> <II = 1> <Delay = 0.67> <Storage> <Opcode : 'load' 'store'> <Ports = 2> <Width = 15> <Depth = 16> <RAM>

State 8 <SV = 7> <Delay = 0.67>
ST_8 : Operation 70 [1/2] (0.67ns)   --->   "%input_Dense_load_12 = load i4 %input_Dense_addr_12"   --->   Operation 70 'load' 'input_Dense_load_12' <Predicate = true> <Delay = 0.67> <CoreInst = "RAM">   --->   Core 83 'RAM' <Latency = 1> <II = 1> <Delay = 0.67> <Storage> <Opcode : 'load' 'store'> <Ports = 2> <Width = 15> <Depth = 16> <RAM>
ST_8 : Operation 71 [1/2] (0.67ns)   --->   "%input_Dense_load_13 = load i4 %input_Dense_addr_13"   --->   Operation 71 'load' 'input_Dense_load_13' <Predicate = true> <Delay = 0.67> <CoreInst = "RAM">   --->   Core 83 'RAM' <Latency = 1> <II = 1> <Delay = 0.67> <Storage> <Opcode : 'load' 'store'> <Ports = 2> <Width = 15> <Depth = 16> <RAM>
ST_8 : Operation 72 [1/1] (0.00ns)   --->   "%input_Dense_addr_14 = getelementptr i15 %input_Dense, i64 0, i64 14"   --->   Operation 72 'getelementptr' 'input_Dense_addr_14' <Predicate = true> <Delay = 0.00>
ST_8 : Operation 73 [2/2] (0.67ns)   --->   "%input_Dense_load_14 = load i4 %input_Dense_addr_14"   --->   Operation 73 'load' 'input_Dense_load_14' <Predicate = true> <Delay = 0.67> <CoreInst = "RAM">   --->   Core 83 'RAM' <Latency = 1> <II = 1> <Delay = 0.67> <Storage> <Opcode : 'load' 'store'> <Ports = 2> <Width = 15> <Depth = 16> <RAM>
ST_8 : Operation 74 [1/1] (0.00ns)   --->   "%input_Dense_addr_15 = getelementptr i15 %input_Dense, i64 0, i64 15"   --->   Operation 74 'getelementptr' 'input_Dense_addr_15' <Predicate = true> <Delay = 0.00>
ST_8 : Operation 75 [2/2] (0.67ns)   --->   "%input_Dense_load_15 = load i4 %input_Dense_addr_15"   --->   Operation 75 'load' 'input_Dense_load_15' <Predicate = true> <Delay = 0.67> <CoreInst = "RAM">   --->   Core 83 'RAM' <Latency = 1> <II = 1> <Delay = 0.67> <Storage> <Opcode : 'load' 'store'> <Ports = 2> <Width = 15> <Depth = 16> <RAM>

State 9 <SV = 8> <Delay = 1.76>
ST_9 : Operation 76 [1/1] (0.00ns)   --->   "%weight_read = read i64 @_ssdm_op_Read.ap_auto.i64, i64 %weight"   --->   Operation 76 'read' 'weight_read' <Predicate = true> <Delay = 0.00>
ST_9 : Operation 77 [1/1] (0.00ns)   --->   "%bias_read = read i64 @_ssdm_op_Read.ap_auto.i64, i64 %bias"   --->   Operation 77 'read' 'bias_read' <Predicate = true> <Delay = 0.00>
ST_9 : Operation 78 [1/2] (0.67ns)   --->   "%input_Dense_load_14 = load i4 %input_Dense_addr_14"   --->   Operation 78 'load' 'input_Dense_load_14' <Predicate = true> <Delay = 0.67> <CoreInst = "RAM">   --->   Core 83 'RAM' <Latency = 1> <II = 1> <Delay = 0.67> <Storage> <Opcode : 'load' 'store'> <Ports = 2> <Width = 15> <Depth = 16> <RAM>
ST_9 : Operation 79 [1/2] (0.67ns)   --->   "%input_Dense_load_15 = load i4 %input_Dense_addr_15"   --->   Operation 79 'load' 'input_Dense_load_15' <Predicate = true> <Delay = 0.67> <CoreInst = "RAM">   --->   Core 83 'RAM' <Latency = 1> <II = 1> <Delay = 0.67> <Storage> <Opcode : 'load' 'store'> <Ports = 2> <Width = 15> <Depth = 16> <RAM>
ST_9 : Operation 80 [2/2] (1.08ns)   --->   "%call_ln1271 = call void @C_Dense_2_Pipeline_loop_for_a_Dense_2, i64 %weight_read, i16 %gmem1, i15 %input_Dense_load, i15 %input_Dense_load_1, i15 %input_Dense_load_2, i15 %input_Dense_load_3, i15 %input_Dense_load_4, i15 %input_Dense_load_5, i15 %input_Dense_load_6, i15 %input_Dense_load_7, i15 %input_Dense_load_8, i15 %input_Dense_load_9, i15 %input_Dense_load_10, i15 %input_Dense_load_11, i15 %input_Dense_load_12, i15 %input_Dense_load_13, i15 %input_Dense_load_14, i15 %input_Dense_load_15, i64 %bias_read, i16 %out_Dense_V"   --->   Operation 80 'call' 'call_ln1271' <Predicate = true> <Delay = 1.08> <CoreType = "Generic">   --->   Core 0 '' <Latency = 0> <II = 1> <Delay = 1.00> <Generic> <Opcode : >

State 10 <SV = 9> <Delay = 0.00>
ST_10 : Operation 81 [1/2] (0.00ns)   --->   "%call_ln1271 = call void @C_Dense_2_Pipeline_loop_for_a_Dense_2, i64 %weight_read, i16 %gmem1, i15 %input_Dense_load, i15 %input_Dense_load_1, i15 %input_Dense_load_2, i15 %input_Dense_load_3, i15 %input_Dense_load_4, i15 %input_Dense_load_5, i15 %input_Dense_load_6, i15 %input_Dense_load_7, i15 %input_Dense_load_8, i15 %input_Dense_load_9, i15 %input_Dense_load_10, i15 %input_Dense_load_11, i15 %input_Dense_load_12, i15 %input_Dense_load_13, i15 %input_Dense_load_14, i15 %input_Dense_load_15, i64 %bias_read, i16 %out_Dense_V"   --->   Operation 81 'call' 'call_ln1271' <Predicate = true> <Delay = 0.00> <CoreType = "Generic">   --->   Core 0 '' <Latency = 0> <II = 1> <Delay = 1.00> <Generic> <Opcode : >

State 11 <SV = 10> <Delay = 0.67>
ST_11 : Operation 82 [1/1] (0.00ns)   --->   "%out_Dense_V_addr = getelementptr i16 %out_Dense_V, i64 0, i64 0" [pipeline/C_Dense.cpp:44]   --->   Operation 82 'getelementptr' 'out_Dense_V_addr' <Predicate = true> <Delay = 0.00>
ST_11 : Operation 83 [2/2] (0.67ns)   --->   "%max_V = load i4 %out_Dense_V_addr" [pipeline/C_Dense.cpp:44]   --->   Operation 83 'load' 'max_V' <Predicate = true> <Delay = 0.67> <CoreInst = "RAM">   --->   Core 83 'RAM' <Latency = 1> <II = 1> <Delay = 0.67> <Storage> <Opcode : 'load' 'store'> <Ports = 2> <Width = 16> <Depth = 10> <RAM>

State 12 <SV = 11> <Delay = 0.67>
ST_12 : Operation 84 [1/2] (0.67ns)   --->   "%max_V = load i4 %out_Dense_V_addr" [pipeline/C_Dense.cpp:44]   --->   Operation 84 'load' 'max_V' <Predicate = true> <Delay = 0.67> <CoreInst = "RAM">   --->   Core 83 'RAM' <Latency = 1> <II = 1> <Delay = 0.67> <Storage> <Opcode : 'load' 'store'> <Ports = 2> <Width = 16> <Depth = 10> <RAM>

State 13 <SV = 12> <Delay = 0.42>
ST_13 : Operation 85 [2/2] (0.42ns)   --->   "%call_ln44 = call void @C_Dense_2_Pipeline_loop_detect, i16 %max_V, i16 %out_Dense_V, i4 %maxindex_loc" [pipeline/C_Dense.cpp:44]   --->   Operation 85 'call' 'call_ln44' <Predicate = true> <Delay = 0.42> <CoreType = "Generic">   --->   Core 0 '' <Latency = 0> <II = 1> <Delay = 1.00> <Generic> <Opcode : >

State 14 <SV = 13> <Delay = 0.00>
ST_14 : Operation 86 [1/2] (0.00ns)   --->   "%call_ln44 = call void @C_Dense_2_Pipeline_loop_detect, i16 %max_V, i16 %out_Dense_V, i4 %maxindex_loc" [pipeline/C_Dense.cpp:44]   --->   Operation 86 'call' 'call_ln44' <Predicate = true> <Delay = 0.00> <CoreType = "Generic">   --->   Core 0 '' <Latency = 0> <II = 1> <Delay = 1.00> <Generic> <Opcode : >

State 15 <SV = 14> <Delay = 0.67>
ST_15 : Operation 87 [1/1] (0.00ns)   --->   "%maxindex_loc_load = load i4 %maxindex_loc"   --->   Operation 87 'load' 'maxindex_loc_load' <Predicate = true> <Delay = 0.00>
ST_15 : Operation 88 [1/1] (0.00ns)   --->   "%idxprom40 = zext i4 %maxindex_loc_load"   --->   Operation 88 'zext' 'idxprom40' <Predicate = true> <Delay = 0.00>
ST_15 : Operation 89 [1/1] (0.00ns)   --->   "%out_Dense_V_addr_1 = getelementptr i16 %out_Dense_V, i64 0, i64 %idxprom40"   --->   Operation 89 'getelementptr' 'out_Dense_V_addr_1' <Predicate = true> <Delay = 0.00>
ST_15 : Operation 90 [2/2] (0.67ns)   --->   "%max_value_V = load i4 %out_Dense_V_addr_1"   --->   Operation 90 'load' 'max_value_V' <Predicate = true> <Delay = 0.67> <CoreInst = "RAM">   --->   Core 83 'RAM' <Latency = 1> <II = 1> <Delay = 0.67> <Storage> <Opcode : 'load' 'store'> <Ports = 2> <Width = 16> <Depth = 10> <RAM>

State 16 <SV = 15> <Delay = 0.67>
ST_16 : Operation 91 [1/2] (0.67ns)   --->   "%max_value_V = load i4 %out_Dense_V_addr_1"   --->   Operation 91 'load' 'max_value_V' <Predicate = true> <Delay = 0.67> <CoreInst = "RAM">   --->   Core 83 'RAM' <Latency = 1> <II = 1> <Delay = 0.67> <Storage> <Opcode : 'load' 'store'> <Ports = 2> <Width = 16> <Depth = 10> <RAM>

State 17 <SV = 16> <Delay = 0.00>
ST_17 : Operation 92 [2/2] (0.00ns)   --->   "%call_ln813 = call void @C_Dense_2_Pipeline_VITIS_LOOP_53_1, i16 %out_Dense_V, i16 %max_value_V, i16 %p_loc, i11 %f_x_lsb_table_V, i25 %exp_x_msb_2_m_1_table_V, i25 %exp_x_msb_1_table_V"   --->   Operation 92 'call' 'call_ln813' <Predicate = true> <Delay = 0.00> <CoreType = "Generic">   --->   Core 0 '' <Latency = 0> <II = 1> <Delay = 1.00> <Generic> <Opcode : >

State 18 <SV = 17> <Delay = 0.00>
ST_18 : Operation 93 [1/2] (0.00ns)   --->   "%call_ln813 = call void @C_Dense_2_Pipeline_VITIS_LOOP_53_1, i16 %out_Dense_V, i16 %max_value_V, i16 %p_loc, i11 %f_x_lsb_table_V, i25 %exp_x_msb_2_m_1_table_V, i25 %exp_x_msb_1_table_V"   --->   Operation 93 'call' 'call_ln813' <Predicate = true> <Delay = 0.00> <CoreType = "Generic">   --->   Core 0 '' <Latency = 0> <II = 1> <Delay = 1.00> <Generic> <Opcode : >

State 19 <SV = 18> <Delay = 0.00>
ST_19 : Operation 94 [1/1] (0.00ns)   --->   "%p_loc_load = load i16 %p_loc"   --->   Operation 94 'load' 'p_loc_load' <Predicate = true> <Delay = 0.00>
ST_19 : Operation 95 [2/2] (0.00ns)   --->   "%call_ln813 = call void @C_Dense_2_Pipeline_VITIS_LOOP_57_2, i16 %out_Dense_V, i16 %max_value_V, i16 %p_loc_load, i11 %f_x_lsb_table_V, i25 %exp_x_msb_2_m_1_table_V, i25 %exp_x_msb_1_table_V"   --->   Operation 95 'call' 'call_ln813' <Predicate = true> <Delay = 0.00> <CoreType = "Generic">   --->   Core 0 '' <Latency = 0> <II = 1> <Delay = 1.00> <Generic> <Opcode : >

State 20 <SV = 19> <Delay = 0.00>
ST_20 : Operation 96 [1/2] (0.00ns)   --->   "%call_ln813 = call void @C_Dense_2_Pipeline_VITIS_LOOP_57_2, i16 %out_Dense_V, i16 %max_value_V, i16 %p_loc_load, i11 %f_x_lsb_table_V, i25 %exp_x_msb_2_m_1_table_V, i25 %exp_x_msb_1_table_V"   --->   Operation 96 'call' 'call_ln813' <Predicate = true> <Delay = 0.00> <CoreType = "Generic">   --->   Core 0 '' <Latency = 0> <II = 1> <Delay = 1.00> <Generic> <Opcode : >

State 21 <SV = 20> <Delay = 0.67>
ST_21 : Operation 97 [2/2] (0.67ns)   --->   "%max_2_V = load i4 %out_Dense_V_addr" [pipeline/C_Dense.cpp:61]   --->   Operation 97 'load' 'max_2_V' <Predicate = true> <Delay = 0.67> <CoreInst = "RAM">   --->   Core 83 'RAM' <Latency = 1> <II = 1> <Delay = 0.67> <Storage> <Opcode : 'load' 'store'> <Ports = 2> <Width = 16> <Depth = 10> <RAM>

State 22 <SV = 21> <Delay = 0.67>
ST_22 : Operation 98 [1/2] (0.67ns)   --->   "%max_2_V = load i4 %out_Dense_V_addr" [pipeline/C_Dense.cpp:61]   --->   Operation 98 'load' 'max_2_V' <Predicate = true> <Delay = 0.67> <CoreInst = "RAM">   --->   Core 83 'RAM' <Latency = 1> <II = 1> <Delay = 0.67> <Storage> <Opcode : 'load' 'store'> <Ports = 2> <Width = 16> <Depth = 10> <RAM>

State 23 <SV = 22> <Delay = 0.42>
ST_23 : Operation 99 [2/2] (0.42ns)   --->   "%call_ln61 = call void @C_Dense_2_Pipeline_VITIS_LOOP_62_3, i16 %max_2_V, i16 %out_Dense_V, i16 %maxindex_2_V_loc" [pipeline/C_Dense.cpp:61]   --->   Operation 99 'call' 'call_ln61' <Predicate = true> <Delay = 0.42> <CoreType = "Generic">   --->   Core 0 '' <Latency = 0> <II = 1> <Delay = 1.00> <Generic> <Opcode : >

State 24 <SV = 23> <Delay = 1.14>
ST_24 : Operation 100 [1/2] (1.14ns)   --->   "%call_ln61 = call void @C_Dense_2_Pipeline_VITIS_LOOP_62_3, i16 %max_2_V, i16 %out_Dense_V, i16 %maxindex_2_V_loc" [pipeline/C_Dense.cpp:61]   --->   Operation 100 'call' 'call_ln61' <Predicate = true> <Delay = 1.14> <CoreType = "Generic">   --->   Core 0 '' <Latency = 0> <II = 1> <Delay = 1.00> <Generic> <Opcode : >

State 25 <SV = 24> <Delay = 0.00>
ST_25 : Operation 101 [1/1] (0.00ns)   --->   "%specinterface_ln0 = specinterface void @_ssdm_op_SpecInterface, i16 %gmem1, void @empty_7, i32 0, i32 0, void @empty_8, i32 0, i32 0, void @empty_11, void @empty_1, void @empty_8, i32 16, i32 16, i32 16, i32 16, void @empty_8, void @empty_8, i32 4294967295, i32 0"   --->   Operation 101 'specinterface' 'specinterface_ln0' <Predicate = true> <Delay = 0.00>
ST_25 : Operation 102 [1/1] (0.00ns)   --->   "%maxindex_2_V_loc_load = load i16 %maxindex_2_V_loc"   --->   Operation 102 'load' 'maxindex_2_V_loc_load' <Predicate = true> <Delay = 0.00>
ST_25 : Operation 103 [1/1] (0.00ns)   --->   "%ret_ln69 = ret i16 %maxindex_2_V_loc_load" [pipeline/C_Dense.cpp:69]   --->   Operation 103 'ret' 'ret_ln69' <Predicate = true> <Delay = 0.00>


============================================================
+ Verbose Summary: Binding
============================================================
STG Binding: 
---------------- STG Properties BEGIN ----------------
- Is combinational: 0
- Is one-state seq: 0
- Is datapath-only: 0
- Is pipelined: 0
- Is top level: 0
Port [ Return ] is wired: 1; IO mode=ap_ctrl_hs:ce=0
Port [ input_Dense]:  wired=1; compound=1; hidden=0; nouse=0; global=0; static=0; extern=0; dir=0; type=1; pingpong=0; private_global=0; MemPort=[11]; IO mode=ap_memory:ce=0
Port [ gmem1]:  wired=1; compound=1; hidden=0; nouse=0; global=0; static=0; extern=0; dir=0; type=4; pingpong=0; private_global=0; IO mode=m_axi:ce=0
Port [ bias]:  wired=1; compound=0; hidden=0; nouse=0; global=0; static=0; extern=0; dir=0; type=0; pingpong=0; private_global=0; IO mode=ap_none:ce=0
Port [ weight]:  wired=1; compound=0; hidden=0; nouse=0; global=0; static=0; extern=0; dir=0; type=0; pingpong=0; private_global=0; IO mode=ap_none:ce=0
Port [ f_x_lsb_table_V]:  wired=0; compound=1; hidden=1; nouse=1; global=1; static=1; extern=0; dir=0; type=1; pingpong=0; private_global=1; MemPort=[1]; IO mode=ap_memory:ce=0
Port [ exp_x_msb_2_m_1_table_V]:  wired=0; compound=1; hidden=1; nouse=1; global=1; static=1; extern=0; dir=0; type=1; pingpong=0; private_global=1; MemPort=[1]; IO mode=ap_memory:ce=0
Port [ exp_x_msb_1_table_V]:  wired=0; compound=1; hidden=1; nouse=1; global=1; static=1; extern=0; dir=0; type=1; pingpong=0; private_global=1; MemPort=[1]; IO mode=ap_memory:ce=0
---------------- STG Properties END ------------------

---------------- Datapath Model BEGIN ----------------

<LifeTime>
<method=bitvector/>
maxindex_2_V_loc      (alloca       ) [ 00111111111111111111111111]
p_loc                 (alloca       ) [ 00111111111111111111000000]
maxindex_loc          (alloca       ) [ 00111111111111110000000000]
out_Dense_V           (alloca       ) [ 00111111111111111111111110]
input_Dense_addr      (getelementptr) [ 00100000000000000000000000]
input_Dense_addr_1    (getelementptr) [ 00100000000000000000000000]
input_Dense_load      (load         ) [ 00011111111000000000000000]
input_Dense_load_1    (load         ) [ 00011111111000000000000000]
input_Dense_addr_2    (getelementptr) [ 00010000000000000000000000]
input_Dense_addr_3    (getelementptr) [ 00010000000000000000000000]
input_Dense_load_2    (load         ) [ 00001111111000000000000000]
input_Dense_load_3    (load         ) [ 00001111111000000000000000]
input_Dense_addr_4    (getelementptr) [ 00001000000000000000000000]
input_Dense_addr_5    (getelementptr) [ 00001000000000000000000000]
input_Dense_load_4    (load         ) [ 00000111111000000000000000]
input_Dense_load_5    (load         ) [ 00000111111000000000000000]
input_Dense_addr_6    (getelementptr) [ 00000100000000000000000000]
input_Dense_addr_7    (getelementptr) [ 00000100000000000000000000]
input_Dense_load_6    (load         ) [ 00000011111000000000000000]
input_Dense_load_7    (load         ) [ 00000011111000000000000000]
input_Dense_addr_8    (getelementptr) [ 00000010000000000000000000]
input_Dense_addr_9    (getelementptr) [ 00000010000000000000000000]
input_Dense_load_8    (load         ) [ 00000001111000000000000000]
input_Dense_load_9    (load         ) [ 00000001111000000000000000]
input_Dense_addr_10   (getelementptr) [ 00000001000000000000000000]
input_Dense_addr_11   (getelementptr) [ 00000001000000000000000000]
input_Dense_load_10   (load         ) [ 00000000111000000000000000]
input_Dense_load_11   (load         ) [ 00000000111000000000000000]
input_Dense_addr_12   (getelementptr) [ 00000000100000000000000000]
input_Dense_addr_13   (getelementptr) [ 00000000100000000000000000]
input_Dense_load_12   (load         ) [ 00000000011000000000000000]
input_Dense_load_13   (load         ) [ 00000000011000000000000000]
input_Dense_addr_14   (getelementptr) [ 00000000010000000000000000]
input_Dense_addr_15   (getelementptr) [ 00000000010000000000000000]
weight_read           (read         ) [ 00000000001000000000000000]
bias_read             (read         ) [ 00000000001000000000000000]
input_Dense_load_14   (load         ) [ 00000000001000000000000000]
input_Dense_load_15   (load         ) [ 00000000001000000000000000]
call_ln1271           (call         ) [ 00000000000000000000000000]
out_Dense_V_addr      (getelementptr) [ 00000000000011111111111000]
max_V                 (load         ) [ 00000000000001100000000000]
call_ln44             (call         ) [ 00000000000000000000000000]
maxindex_loc_load     (load         ) [ 00000000000000000000000000]
idxprom40             (zext         ) [ 00000000000000000000000000]
out_Dense_V_addr_1    (getelementptr) [ 00000000000000001000000000]
max_value_V           (load         ) [ 00000000000000000111100000]
call_ln813            (call         ) [ 00000000000000000000000000]
p_loc_load            (load         ) [ 00000000000000000000100000]
call_ln813            (call         ) [ 00000000000000000000000000]
max_2_V               (load         ) [ 00000000000000000000000110]
call_ln61             (call         ) [ 00000000000000000000000000]
specinterface_ln0     (specinterface) [ 00000000000000000000000000]
maxindex_2_V_loc_load (load         ) [ 00000000000000000000000000]
ret_ln69              (ret          ) [ 00000000000000000000000000]
</LifeTime>

<model>

<comp_list>
<comp id="0" class="1000" name="input_Dense">
<pin_list>
<pin id="1" dir="1" index="0" bw="1" slack="0"/>
</pin_list>
<bind>
<StgValue><ssdm name="input_Dense"/><MemPortTyVec>1 1 </MemPortTyVec>
</StgValue>
</bind>
</comp>

<comp id="2" class="1000" name="gmem1">
<pin_list>
<pin id="3" dir="1" index="0" bw="1" slack="0"/>
</pin_list>
<bind>
<StgValue><ssdm name="gmem1"/></StgValue>
</bind>
</comp>

<comp id="4" class="1000" name="bias">
<pin_list>
<pin id="5" dir="1" index="0" bw="1" slack="0"/>
</pin_list>
<bind>
<StgValue><ssdm name="bias"/></StgValue>
</bind>
</comp>

<comp id="6" class="1000" name="weight">
<pin_list>
<pin id="7" dir="1" index="0" bw="1" slack="0"/>
</pin_list>
<bind>
<StgValue><ssdm name="weight"/></StgValue>
</bind>
</comp>

<comp id="8" class="1000" name="f_x_lsb_table_V">
<pin_list>
<pin id="9" dir="1" index="0" bw="1" slack="0"/>
</pin_list>
<bind>
<StgValue><ssdm name="f_x_lsb_table_V"/><MemPortTyVec>1 </MemPortTyVec>
</StgValue>
</bind>
</comp>

<comp id="10" class="1000" name="exp_x_msb_2_m_1_table_V">
<pin_list>
<pin id="11" dir="1" index="0" bw="1" slack="0"/>
</pin_list>
<bind>
<StgValue><ssdm name="exp_x_msb_2_m_1_table_V"/><MemPortTyVec>1 </MemPortTyVec>
</StgValue>
</bind>
</comp>

<comp id="12" class="1000" name="exp_x_msb_1_table_V">
<pin_list>
<pin id="13" dir="1" index="0" bw="1" slack="0"/>
</pin_list>
<bind>
<StgValue><ssdm name="exp_x_msb_1_table_V"/><MemPortTyVec>1 </MemPortTyVec>
</StgValue>
</bind>
</comp>

<comp id="14" class="1001" name="const_14">
<pin_list>
<pin id="15" dir="1" index="0" bw="1" slack="0"/>
</pin_list>
<bind>
<StgValue><ssdm name=""/></StgValue>
</bind>
</comp>

<comp id="16" class="1001" name="const_16">
<pin_list>
<pin id="17" dir="1" index="0" bw="1" slack="0"/>
</pin_list>
<bind>
<StgValue><ssdm name=""/></StgValue>
</bind>
</comp>

<comp id="18" class="1001" name="const_18">
<pin_list>
<pin id="19" dir="1" index="0" bw="1" slack="0"/>
</pin_list>
<bind>
<StgValue><ssdm name=""/></StgValue>
</bind>
</comp>

<comp id="20" class="1001" name="const_20">
<pin_list>
<pin id="21" dir="1" index="0" bw="1" slack="0"/>
</pin_list>
<bind>
<StgValue><ssdm name=""/></StgValue>
</bind>
</comp>

<comp id="22" class="1001" name="const_22">
<pin_list>
<pin id="23" dir="1" index="0" bw="1" slack="0"/>
</pin_list>
<bind>
<StgValue><ssdm name=""/></StgValue>
</bind>
</comp>

<comp id="24" class="1001" name="const_24">
<pin_list>
<pin id="25" dir="1" index="0" bw="1" slack="0"/>
</pin_list>
<bind>
<StgValue><ssdm name=""/></StgValue>
</bind>
</comp>

<comp id="26" class="1001" name="const_26">
<pin_list>
<pin id="27" dir="1" index="0" bw="1" slack="0"/>
</pin_list>
<bind>
<StgValue><ssdm name=""/></StgValue>
</bind>
</comp>

<comp id="28" class="1001" name="const_28">
<pin_list>
<pin id="29" dir="1" index="0" bw="1" slack="0"/>
</pin_list>
<bind>
<StgValue><ssdm name=""/></StgValue>
</bind>
</comp>

<comp id="30" class="1001" name="const_30">
<pin_list>
<pin id="31" dir="1" index="0" bw="1" slack="0"/>
</pin_list>
<bind>
<StgValue><ssdm name=""/></StgValue>
</bind>
</comp>

<comp id="32" class="1001" name="const_32">
<pin_list>
<pin id="33" dir="1" index="0" bw="1" slack="0"/>
</pin_list>
<bind>
<StgValue><ssdm name=""/></StgValue>
</bind>
</comp>

<comp id="34" class="1001" name="const_34">
<pin_list>
<pin id="35" dir="1" index="0" bw="1" slack="0"/>
</pin_list>
<bind>
<StgValue><ssdm name=""/></StgValue>
</bind>
</comp>

<comp id="36" class="1001" name="const_36">
<pin_list>
<pin id="37" dir="1" index="0" bw="1" slack="0"/>
</pin_list>
<bind>
<StgValue><ssdm name=""/></StgValue>
</bind>
</comp>

<comp id="38" class="1001" name="const_38">
<pin_list>
<pin id="39" dir="1" index="0" bw="1" slack="0"/>
</pin_list>
<bind>
<StgValue><ssdm name=""/></StgValue>
</bind>
</comp>

<comp id="40" class="1001" name="const_40">
<pin_list>
<pin id="41" dir="1" index="0" bw="1" slack="0"/>
</pin_list>
<bind>
<StgValue><ssdm name=""/></StgValue>
</bind>
</comp>

<comp id="42" class="1001" name="const_42">
<pin_list>
<pin id="43" dir="1" index="0" bw="1" slack="0"/>
</pin_list>
<bind>
<StgValue><ssdm name=""/></StgValue>
</bind>
</comp>

<comp id="44" class="1001" name="const_44">
<pin_list>
<pin id="45" dir="1" index="0" bw="1" slack="0"/>
</pin_list>
<bind>
<StgValue><ssdm name=""/></StgValue>
</bind>
</comp>

<comp id="46" class="1001" name="const_46">
<pin_list>
<pin id="47" dir="1" index="0" bw="1" slack="0"/>
</pin_list>
<bind>
<StgValue><ssdm name="_ssdm_op_Read.ap_auto.i64"/></StgValue>
</bind>
</comp>

<comp id="48" class="1001" name="const_48">
<pin_list>
<pin id="49" dir="1" index="0" bw="1" slack="0"/>
</pin_list>
<bind>
<StgValue><ssdm name="C_Dense_2_Pipeline_loop_for_a_Dense_2"/></StgValue>
</bind>
</comp>

<comp id="50" class="1001" name="const_50">
<pin_list>
<pin id="51" dir="1" index="0" bw="1" slack="0"/>
</pin_list>
<bind>
<StgValue><ssdm name="C_Dense_2_Pipeline_loop_detect"/></StgValue>
</bind>
</comp>

<comp id="52" class="1001" name="const_52">
<pin_list>
<pin id="53" dir="1" index="0" bw="1" slack="0"/>
</pin_list>
<bind>
<StgValue><ssdm name="C_Dense_2_Pipeline_VITIS_LOOP_53_1"/></StgValue>
</bind>
</comp>

<comp id="54" class="1001" name="const_54">
<pin_list>
<pin id="55" dir="1" index="0" bw="1" slack="0"/>
</pin_list>
<bind>
<StgValue><ssdm name="C_Dense_2_Pipeline_VITIS_LOOP_57_2"/></StgValue>
</bind>
</comp>

<comp id="56" class="1001" name="const_56">
<pin_list>
<pin id="57" dir="1" index="0" bw="1" slack="0"/>
</pin_list>
<bind>
<StgValue><ssdm name="C_Dense_2_Pipeline_VITIS_LOOP_62_3"/></StgValue>
</bind>
</comp>

<comp id="58" class="1001" name="const_58">
<pin_list>
<pin id="59" dir="1" index="0" bw="1" slack="2147483647"/>
</pin_list>
<bind>
<StgValue><ssdm name="_ssdm_op_SpecInterface"/></StgValue>
</bind>
</comp>

<comp id="60" class="1001" name="const_60">
<pin_list>
<pin id="61" dir="1" index="0" bw="1" slack="2147483647"/>
</pin_list>
<bind>
<StgValue><ssdm name="empty_7"/></StgValue>
</bind>
</comp>

<comp id="62" class="1001" name="const_62">
<pin_list>
<pin id="63" dir="1" index="0" bw="1" slack="2147483647"/>
</pin_list>
<bind>
<StgValue><ssdm name=""/></StgValue>
</bind>
</comp>

<comp id="64" class="1001" name="const_64">
<pin_list>
<pin id="65" dir="1" index="0" bw="1" slack="2147483647"/>
</pin_list>
<bind>
<StgValue><ssdm name="empty_8"/></StgValue>
</bind>
</comp>

<comp id="66" class="1001" name="const_66">
<pin_list>
<pin id="67" dir="1" index="0" bw="1" slack="2147483647"/>
</pin_list>
<bind>
<StgValue><ssdm name="empty_11"/></StgValue>
</bind>
</comp>

<comp id="68" class="1001" name="const_68">
<pin_list>
<pin id="69" dir="1" index="0" bw="1" slack="2147483647"/>
</pin_list>
<bind>
<StgValue><ssdm name="empty_1"/></StgValue>
</bind>
</comp>

<comp id="70" class="1001" name="const_70">
<pin_list>
<pin id="71" dir="1" index="0" bw="1" slack="2147483647"/>
</pin_list>
<bind>
<StgValue><ssdm name=""/></StgValue>
</bind>
</comp>

<comp id="72" class="1001" name="const_72">
<pin_list>
<pin id="73" dir="1" index="0" bw="1" slack="2147483647"/>
</pin_list>
<bind>
<StgValue><ssdm name=""/></StgValue>
</bind>
</comp>

<comp id="74" class="1004" name="maxindex_2_V_loc_fu_74">
<pin_list>
<pin id="75" dir="0" index="0" bw="1" slack="0"/>
<pin id="76" dir="1" index="1" bw="16" slack="22"/>
</pin_list>
<bind>
<opcode="alloca(26) " fcode="alloca"/>
<opset="maxindex_2_V_loc/1 "/>
</bind>
</comp>

<comp id="78" class="1004" name="p_loc_fu_78">
<pin_list>
<pin id="79" dir="0" index="0" bw="1" slack="0"/>
<pin id="80" dir="1" index="1" bw="16" slack="16"/>
</pin_list>
<bind>
<opcode="alloca(26) " fcode="alloca"/>
<opset="p_loc/1 "/>
</bind>
</comp>

<comp id="82" class="1004" name="maxindex_loc_fu_82">
<pin_list>
<pin id="83" dir="0" index="0" bw="1" slack="0"/>
<pin id="84" dir="1" index="1" bw="4" slack="12"/>
</pin_list>
<bind>
<opcode="alloca(26) " fcode="alloca"/>
<opset="maxindex_loc/1 "/>
</bind>
</comp>

<comp id="86" class="1004" name="out_Dense_V_alloca_fu_86">
<pin_list>
<pin id="87" dir="0" index="0" bw="1" slack="0"/>
<pin id="88" dir="1" index="1" bw="16" slack="2147483647"/>
</pin_list>
<bind>
<opcode="alloca(26) " fcode="alloca"/>
<opset="out_Dense_V/1 "/>
</bind>
</comp>

<comp id="90" class="1004" name="weight_read_read_fu_90">
<pin_list>
<pin id="91" dir="0" index="0" bw="64" slack="0"/>
<pin id="92" dir="0" index="1" bw="64" slack="0"/>
<pin id="93" dir="1" index="2" bw="64" slack="0"/>
</pin_list>
<bind>
<opcode="read(1150) " fcode="read"/>
<opset="weight_read/9 "/>
</bind>
</comp>

<comp id="96" class="1004" name="bias_read_read_fu_96">
<pin_list>
<pin id="97" dir="0" index="0" bw="64" slack="0"/>
<pin id="98" dir="0" index="1" bw="64" slack="0"/>
<pin id="99" dir="1" index="2" bw="64" slack="0"/>
</pin_list>
<bind>
<opcode="read(1150) " fcode="read"/>
<opset="bias_read/9 "/>
</bind>
</comp>

<comp id="102" class="1004" name="input_Dense_addr_gep_fu_102">
<pin_list>
<pin id="103" dir="0" index="0" bw="15" slack="0"/>
<pin id="104" dir="0" index="1" bw="1" slack="0"/>
<pin id="105" dir="0" index="2" bw="1" slack="0"/>
<pin id="106" dir="1" index="3" bw="4" slack="0"/>
</pin_list>
<bind>
<opcode="getelementptr(29) " fcode="getelementptr"/>
<opset="input_Dense_addr/1 "/>
</bind>
</comp>

<comp id="110" class="1004" name="grp_access_fu_110">
<pin_list>
<pin id="111" dir="0" index="0" bw="4" slack="0"/>
<pin id="112" dir="0" index="1" bw="15" slack="2147483647"/>
<pin id="113" dir="0" index="2" bw="0" slack="0"/>
<pin id="115" dir="0" index="4" bw="4" slack="2147483647"/>
<pin id="116" dir="0" index="5" bw="15" slack="2147483647"/>
<pin id="117" dir="0" index="6" bw="0" slack="2147483647"/>
<pin id="114" dir="1" index="3" bw="15" slack="0"/>
<pin id="118" dir="1" index="7" bw="15" slack="0"/>
</pin_list>
<bind>
<opcode="load(27) " fcode="load"/>
<opset="input_Dense_load/1 input_Dense_load_1/1 input_Dense_load_2/2 input_Dense_load_3/2 input_Dense_load_4/3 input_Dense_load_5/3 input_Dense_load_6/4 input_Dense_load_7/4 input_Dense_load_8/5 input_Dense_load_9/5 input_Dense_load_10/6 input_Dense_load_11/6 input_Dense_load_12/7 input_Dense_load_13/7 input_Dense_load_14/8 input_Dense_load_15/8 "/>
</bind>
</comp>

<comp id="120" class="1004" name="input_Dense_addr_1_gep_fu_120">
<pin_list>
<pin id="121" dir="0" index="0" bw="15" slack="0"/>
<pin id="122" dir="0" index="1" bw="1" slack="0"/>
<pin id="123" dir="0" index="2" bw="1" slack="0"/>
<pin id="124" dir="1" index="3" bw="4" slack="0"/>
</pin_list>
<bind>
<opcode="getelementptr(29) " fcode="getelementptr"/>
<opset="input_Dense_addr_1/1 "/>
</bind>
</comp>

<comp id="129" class="1004" name="input_Dense_addr_2_gep_fu_129">
<pin_list>
<pin id="130" dir="0" index="0" bw="15" slack="0"/>
<pin id="131" dir="0" index="1" bw="1" slack="0"/>
<pin id="132" dir="0" index="2" bw="3" slack="0"/>
<pin id="133" dir="1" index="3" bw="4" slack="0"/>
</pin_list>
<bind>
<opcode="getelementptr(29) " fcode="getelementptr"/>
<opset="input_Dense_addr_2/2 "/>
</bind>
</comp>

<comp id="138" class="1004" name="input_Dense_addr_3_gep_fu_138">
<pin_list>
<pin id="139" dir="0" index="0" bw="15" slack="0"/>
<pin id="140" dir="0" index="1" bw="1" slack="0"/>
<pin id="141" dir="0" index="2" bw="3" slack="0"/>
<pin id="142" dir="1" index="3" bw="4" slack="0"/>
</pin_list>
<bind>
<opcode="getelementptr(29) " fcode="getelementptr"/>
<opset="input_Dense_addr_3/2 "/>
</bind>
</comp>

<comp id="147" class="1004" name="input_Dense_addr_4_gep_fu_147">
<pin_list>
<pin id="148" dir="0" index="0" bw="15" slack="0"/>
<pin id="149" dir="0" index="1" bw="1" slack="0"/>
<pin id="150" dir="0" index="2" bw="4" slack="0"/>
<pin id="151" dir="1" index="3" bw="4" slack="0"/>
</pin_list>
<bind>
<opcode="getelementptr(29) " fcode="getelementptr"/>
<opset="input_Dense_addr_4/3 "/>
</bind>
</comp>

<comp id="156" class="1004" name="input_Dense_addr_5_gep_fu_156">
<pin_list>
<pin id="157" dir="0" index="0" bw="15" slack="0"/>
<pin id="158" dir="0" index="1" bw="1" slack="0"/>
<pin id="159" dir="0" index="2" bw="4" slack="0"/>
<pin id="160" dir="1" index="3" bw="4" slack="0"/>
</pin_list>
<bind>
<opcode="getelementptr(29) " fcode="getelementptr"/>
<opset="input_Dense_addr_5/3 "/>
</bind>
</comp>

<comp id="165" class="1004" name="input_Dense_addr_6_gep_fu_165">
<pin_list>
<pin id="166" dir="0" index="0" bw="15" slack="0"/>
<pin id="167" dir="0" index="1" bw="1" slack="0"/>
<pin id="168" dir="0" index="2" bw="4" slack="0"/>
<pin id="169" dir="1" index="3" bw="4" slack="0"/>
</pin_list>
<bind>
<opcode="getelementptr(29) " fcode="getelementptr"/>
<opset="input_Dense_addr_6/4 "/>
</bind>
</comp>

<comp id="174" class="1004" name="input_Dense_addr_7_gep_fu_174">
<pin_list>
<pin id="175" dir="0" index="0" bw="15" slack="0"/>
<pin id="176" dir="0" index="1" bw="1" slack="0"/>
<pin id="177" dir="0" index="2" bw="4" slack="0"/>
<pin id="178" dir="1" index="3" bw="4" slack="0"/>
</pin_list>
<bind>
<opcode="getelementptr(29) " fcode="getelementptr"/>
<opset="input_Dense_addr_7/4 "/>
</bind>
</comp>

<comp id="183" class="1004" name="input_Dense_addr_8_gep_fu_183">
<pin_list>
<pin id="184" dir="0" index="0" bw="15" slack="0"/>
<pin id="185" dir="0" index="1" bw="1" slack="0"/>
<pin id="186" dir="0" index="2" bw="5" slack="0"/>
<pin id="187" dir="1" index="3" bw="4" slack="0"/>
</pin_list>
<bind>
<opcode="getelementptr(29) " fcode="getelementptr"/>
<opset="input_Dense_addr_8/5 "/>
</bind>
</comp>

<comp id="192" class="1004" name="input_Dense_addr_9_gep_fu_192">
<pin_list>
<pin id="193" dir="0" index="0" bw="15" slack="0"/>
<pin id="194" dir="0" index="1" bw="1" slack="0"/>
<pin id="195" dir="0" index="2" bw="5" slack="0"/>
<pin id="196" dir="1" index="3" bw="4" slack="0"/>
</pin_list>
<bind>
<opcode="getelementptr(29) " fcode="getelementptr"/>
<opset="input_Dense_addr_9/5 "/>
</bind>
</comp>

<comp id="201" class="1004" name="input_Dense_addr_10_gep_fu_201">
<pin_list>
<pin id="202" dir="0" index="0" bw="15" slack="0"/>
<pin id="203" dir="0" index="1" bw="1" slack="0"/>
<pin id="204" dir="0" index="2" bw="5" slack="0"/>
<pin id="205" dir="1" index="3" bw="4" slack="0"/>
</pin_list>
<bind>
<opcode="getelementptr(29) " fcode="getelementptr"/>
<opset="input_Dense_addr_10/6 "/>
</bind>
</comp>

<comp id="210" class="1004" name="input_Dense_addr_11_gep_fu_210">
<pin_list>
<pin id="211" dir="0" index="0" bw="15" slack="0"/>
<pin id="212" dir="0" index="1" bw="1" slack="0"/>
<pin id="213" dir="0" index="2" bw="5" slack="0"/>
<pin id="214" dir="1" index="3" bw="4" slack="0"/>
</pin_list>
<bind>
<opcode="getelementptr(29) " fcode="getelementptr"/>
<opset="input_Dense_addr_11/6 "/>
</bind>
</comp>

<comp id="219" class="1004" name="input_Dense_addr_12_gep_fu_219">
<pin_list>
<pin id="220" dir="0" index="0" bw="15" slack="0"/>
<pin id="221" dir="0" index="1" bw="1" slack="0"/>
<pin id="222" dir="0" index="2" bw="5" slack="0"/>
<pin id="223" dir="1" index="3" bw="4" slack="0"/>
</pin_list>
<bind>
<opcode="getelementptr(29) " fcode="getelementptr"/>
<opset="input_Dense_addr_12/7 "/>
</bind>
</comp>

<comp id="228" class="1004" name="input_Dense_addr_13_gep_fu_228">
<pin_list>
<pin id="229" dir="0" index="0" bw="15" slack="0"/>
<pin id="230" dir="0" index="1" bw="1" slack="0"/>
<pin id="231" dir="0" index="2" bw="5" slack="0"/>
<pin id="232" dir="1" index="3" bw="4" slack="0"/>
</pin_list>
<bind>
<opcode="getelementptr(29) " fcode="getelementptr"/>
<opset="input_Dense_addr_13/7 "/>
</bind>
</comp>

<comp id="237" class="1004" name="input_Dense_addr_14_gep_fu_237">
<pin_list>
<pin id="238" dir="0" index="0" bw="15" slack="0"/>
<pin id="239" dir="0" index="1" bw="1" slack="0"/>
<pin id="240" dir="0" index="2" bw="5" slack="0"/>
<pin id="241" dir="1" index="3" bw="4" slack="0"/>
</pin_list>
<bind>
<opcode="getelementptr(29) " fcode="getelementptr"/>
<opset="input_Dense_addr_14/8 "/>
</bind>
</comp>

<comp id="246" class="1004" name="input_Dense_addr_15_gep_fu_246">
<pin_list>
<pin id="247" dir="0" index="0" bw="15" slack="0"/>
<pin id="248" dir="0" index="1" bw="1" slack="0"/>
<pin id="249" dir="0" index="2" bw="5" slack="0"/>
<pin id="250" dir="1" index="3" bw="4" slack="0"/>
</pin_list>
<bind>
<opcode="getelementptr(29) " fcode="getelementptr"/>
<opset="input_Dense_addr_15/8 "/>
</bind>
</comp>

<comp id="255" class="1004" name="out_Dense_V_addr_gep_fu_255">
<pin_list>
<pin id="256" dir="0" index="0" bw="16" slack="2147483647"/>
<pin id="257" dir="0" index="1" bw="1" slack="0"/>
<pin id="258" dir="0" index="2" bw="1" slack="0"/>
<pin id="259" dir="1" index="3" bw="4" slack="0"/>
</pin_list>
<bind>
<opcode="getelementptr(29) " fcode="getelementptr"/>
<opset="out_Dense_V_addr/11 "/>
</bind>
</comp>

<comp id="262" class="1004" name="grp_access_fu_262">
<pin_list>
<pin id="263" dir="0" index="0" bw="4" slack="0"/>
<pin id="264" dir="0" index="1" bw="16" slack="2147483647"/>
<pin id="265" dir="0" index="2" bw="0" slack="2147483647"/>
<pin id="266" dir="1" index="3" bw="16" slack="1"/>
</pin_list>
<bind>
<opcode="load(27) " fcode="load"/>
<opset="max_V/11 max_value_V/15 max_2_V/21 "/>
</bind>
</comp>

<comp id="268" class="1004" name="out_Dense_V_addr_1_gep_fu_268">
<pin_list>
<pin id="269" dir="0" index="0" bw="16" slack="2147483647"/>
<pin id="270" dir="0" index="1" bw="1" slack="0"/>
<pin id="271" dir="0" index="2" bw="4" slack="0"/>
<pin id="272" dir="1" index="3" bw="4" slack="0"/>
</pin_list>
<bind>
<opcode="getelementptr(29) " fcode="getelementptr"/>
<opset="out_Dense_V_addr_1/15 "/>
</bind>
</comp>

<comp id="275" class="1004" name="grp_C_Dense_2_Pipeline_loop_for_a_Dense_2_fu_275">
<pin_list>
<pin id="276" dir="0" index="0" bw="0" slack="0"/>
<pin id="277" dir="0" index="1" bw="64" slack="0"/>
<pin id="278" dir="0" index="2" bw="16" slack="0"/>
<pin id="279" dir="0" index="3" bw="15" slack="7"/>
<pin id="280" dir="0" index="4" bw="15" slack="7"/>
<pin id="281" dir="0" index="5" bw="15" slack="6"/>
<pin id="282" dir="0" index="6" bw="15" slack="6"/>
<pin id="283" dir="0" index="7" bw="15" slack="5"/>
<pin id="284" dir="0" index="8" bw="15" slack="5"/>
<pin id="285" dir="0" index="9" bw="15" slack="4"/>
<pin id="286" dir="0" index="10" bw="15" slack="4"/>
<pin id="287" dir="0" index="11" bw="15" slack="3"/>
<pin id="288" dir="0" index="12" bw="15" slack="3"/>
<pin id="289" dir="0" index="13" bw="15" slack="2"/>
<pin id="290" dir="0" index="14" bw="15" slack="2"/>
<pin id="291" dir="0" index="15" bw="15" slack="1"/>
<pin id="292" dir="0" index="16" bw="15" slack="1"/>
<pin id="293" dir="0" index="17" bw="15" slack="0"/>
<pin id="294" dir="0" index="18" bw="15" slack="0"/>
<pin id="295" dir="0" index="19" bw="64" slack="0"/>
<pin id="296" dir="0" index="20" bw="16" slack="2147483647"/>
<pin id="297" dir="1" index="21" bw="0" slack="2147483647"/>
</pin_list>
<bind>
<opcode="call(48) " fcode="call"/>
<opset="call_ln1271/9 "/>
</bind>
</comp>

<comp id="304" class="1004" name="grp_C_Dense_2_Pipeline_loop_detect_fu_304">
<pin_list>
<pin id="305" dir="0" index="0" bw="0" slack="0"/>
<pin id="306" dir="0" index="1" bw="16" slack="1"/>
<pin id="307" dir="0" index="2" bw="16" slack="2147483647"/>
<pin id="308" dir="0" index="3" bw="4" slack="12"/>
<pin id="309" dir="1" index="4" bw="0" slack="2147483647"/>
</pin_list>
<bind>
<opcode="call(48) " fcode="call"/>
<opset="call_ln44/13 "/>
</bind>
</comp>

<comp id="311" class="1004" name="grp_C_Dense_2_Pipeline_VITIS_LOOP_53_1_fu_311">
<pin_list>
<pin id="312" dir="0" index="0" bw="0" slack="0"/>
<pin id="313" dir="0" index="1" bw="16" slack="2147483647"/>
<pin id="314" dir="0" index="2" bw="16" slack="1"/>
<pin id="315" dir="0" index="3" bw="16" slack="16"/>
<pin id="316" dir="0" index="4" bw="11" slack="0"/>
<pin id="317" dir="0" index="5" bw="25" slack="0"/>
<pin id="318" dir="0" index="6" bw="25" slack="0"/>
<pin id="319" dir="1" index="7" bw="0" slack="2147483647"/>
</pin_list>
<bind>
<opcode="call(48) " fcode="call"/>
<opset="call_ln813/17 "/>
</bind>
</comp>

<comp id="324" class="1004" name="grp_C_Dense_2_Pipeline_VITIS_LOOP_57_2_fu_324">
<pin_list>
<pin id="325" dir="0" index="0" bw="0" slack="0"/>
<pin id="326" dir="0" index="1" bw="16" slack="2147483647"/>
<pin id="327" dir="0" index="2" bw="16" slack="3"/>
<pin id="328" dir="0" index="3" bw="16" slack="0"/>
<pin id="329" dir="0" index="4" bw="11" slack="0"/>
<pin id="330" dir="0" index="5" bw="25" slack="0"/>
<pin id="331" dir="0" index="6" bw="25" slack="0"/>
<pin id="332" dir="1" index="7" bw="0" slack="2147483647"/>
</pin_list>
<bind>
<opcode="call(48) " fcode="call"/>
<opset="call_ln813/19 "/>
</bind>
</comp>

<comp id="337" class="1004" name="grp_C_Dense_2_Pipeline_VITIS_LOOP_62_3_fu_337">
<pin_list>
<pin id="338" dir="0" index="0" bw="0" slack="0"/>
<pin id="339" dir="0" index="1" bw="16" slack="1"/>
<pin id="340" dir="0" index="2" bw="16" slack="2147483647"/>
<pin id="341" dir="0" index="3" bw="16" slack="22"/>
<pin id="342" dir="1" index="4" bw="0" slack="2147483647"/>
</pin_list>
<bind>
<opcode="call(48) " fcode="call"/>
<opset="call_ln61/23 "/>
</bind>
</comp>

<comp id="344" class="1005" name="reg_344">
<pin_list>
<pin id="345" dir="0" index="0" bw="16" slack="1"/>
<pin id="346" dir="1" index="1" bw="16" slack="1"/>
</pin_list>
<bind>
<opset="max_V max_value_V max_2_V "/>
</bind>
</comp>

<comp id="352" class="1004" name="maxindex_loc_load_load_fu_352">
<pin_list>
<pin id="353" dir="0" index="0" bw="4" slack="14"/>
<pin id="354" dir="1" index="1" bw="4" slack="0"/>
</pin_list>
<bind>
<opcode="load(27) " fcode="load"/>
<opset="maxindex_loc_load/15 "/>
</bind>
</comp>

<comp id="355" class="1004" name="idxprom40_fu_355">
<pin_list>
<pin id="356" dir="0" index="0" bw="4" slack="0"/>
<pin id="357" dir="1" index="1" bw="64" slack="0"/>
</pin_list>
<bind>
<opcode="zext(34) " fcode="zext"/>
<opset="idxprom40/15 "/>
</bind>
</comp>

<comp id="360" class="1004" name="p_loc_load_load_fu_360">
<pin_list>
<pin id="361" dir="0" index="0" bw="16" slack="18"/>
<pin id="362" dir="1" index="1" bw="16" slack="0"/>
</pin_list>
<bind>
<opcode="load(27) " fcode="load"/>
<opset="p_loc_load/19 "/>
</bind>
</comp>

<comp id="364" class="1004" name="maxindex_2_V_loc_load_load_fu_364">
<pin_list>
<pin id="365" dir="0" index="0" bw="16" slack="24"/>
<pin id="366" dir="1" index="1" bw="16" slack="2147483647"/>
</pin_list>
<bind>
<opcode="load(27) " fcode="load"/>
<opset="maxindex_2_V_loc_load/25 "/>
</bind>
</comp>

<comp id="367" class="1005" name="maxindex_2_V_loc_reg_367">
<pin_list>
<pin id="368" dir="0" index="0" bw="16" slack="22"/>
<pin id="369" dir="1" index="1" bw="16" slack="22"/>
</pin_list>
<bind>
<opset="maxindex_2_V_loc "/>
</bind>
</comp>

<comp id="373" class="1005" name="p_loc_reg_373">
<pin_list>
<pin id="374" dir="0" index="0" bw="16" slack="16"/>
<pin id="375" dir="1" index="1" bw="16" slack="16"/>
</pin_list>
<bind>
<opset="p_loc "/>
</bind>
</comp>

<comp id="379" class="1005" name="maxindex_loc_reg_379">
<pin_list>
<pin id="380" dir="0" index="0" bw="4" slack="12"/>
<pin id="381" dir="1" index="1" bw="4" slack="12"/>
</pin_list>
<bind>
<opset="maxindex_loc "/>
</bind>
</comp>

<comp id="385" class="1005" name="input_Dense_addr_reg_385">
<pin_list>
<pin id="386" dir="0" index="0" bw="4" slack="1"/>
<pin id="387" dir="1" index="1" bw="4" slack="1"/>
</pin_list>
<bind>
<opset="input_Dense_addr "/>
</bind>
</comp>

<comp id="390" class="1005" name="input_Dense_addr_1_reg_390">
<pin_list>
<pin id="391" dir="0" index="0" bw="4" slack="1"/>
<pin id="392" dir="1" index="1" bw="4" slack="1"/>
</pin_list>
<bind>
<opset="input_Dense_addr_1 "/>
</bind>
</comp>

<comp id="395" class="1005" name="input_Dense_load_reg_395">
<pin_list>
<pin id="396" dir="0" index="0" bw="15" slack="7"/>
<pin id="397" dir="1" index="1" bw="15" slack="7"/>
</pin_list>
<bind>
<opset="input_Dense_load "/>
</bind>
</comp>

<comp id="400" class="1005" name="input_Dense_load_1_reg_400">
<pin_list>
<pin id="401" dir="0" index="0" bw="15" slack="7"/>
<pin id="402" dir="1" index="1" bw="15" slack="7"/>
</pin_list>
<bind>
<opset="input_Dense_load_1 "/>
</bind>
</comp>

<comp id="405" class="1005" name="input_Dense_addr_2_reg_405">
<pin_list>
<pin id="406" dir="0" index="0" bw="4" slack="1"/>
<pin id="407" dir="1" index="1" bw="4" slack="1"/>
</pin_list>
<bind>
<opset="input_Dense_addr_2 "/>
</bind>
</comp>

<comp id="410" class="1005" name="input_Dense_addr_3_reg_410">
<pin_list>
<pin id="411" dir="0" index="0" bw="4" slack="1"/>
<pin id="412" dir="1" index="1" bw="4" slack="1"/>
</pin_list>
<bind>
<opset="input_Dense_addr_3 "/>
</bind>
</comp>

<comp id="415" class="1005" name="input_Dense_load_2_reg_415">
<pin_list>
<pin id="416" dir="0" index="0" bw="15" slack="6"/>
<pin id="417" dir="1" index="1" bw="15" slack="6"/>
</pin_list>
<bind>
<opset="input_Dense_load_2 "/>
</bind>
</comp>

<comp id="420" class="1005" name="input_Dense_load_3_reg_420">
<pin_list>
<pin id="421" dir="0" index="0" bw="15" slack="6"/>
<pin id="422" dir="1" index="1" bw="15" slack="6"/>
</pin_list>
<bind>
<opset="input_Dense_load_3 "/>
</bind>
</comp>

<comp id="425" class="1005" name="input_Dense_addr_4_reg_425">
<pin_list>
<pin id="426" dir="0" index="0" bw="4" slack="1"/>
<pin id="427" dir="1" index="1" bw="4" slack="1"/>
</pin_list>
<bind>
<opset="input_Dense_addr_4 "/>
</bind>
</comp>

<comp id="430" class="1005" name="input_Dense_addr_5_reg_430">
<pin_list>
<pin id="431" dir="0" index="0" bw="4" slack="1"/>
<pin id="432" dir="1" index="1" bw="4" slack="1"/>
</pin_list>
<bind>
<opset="input_Dense_addr_5 "/>
</bind>
</comp>

<comp id="435" class="1005" name="input_Dense_load_4_reg_435">
<pin_list>
<pin id="436" dir="0" index="0" bw="15" slack="5"/>
<pin id="437" dir="1" index="1" bw="15" slack="5"/>
</pin_list>
<bind>
<opset="input_Dense_load_4 "/>
</bind>
</comp>

<comp id="440" class="1005" name="input_Dense_load_5_reg_440">
<pin_list>
<pin id="441" dir="0" index="0" bw="15" slack="5"/>
<pin id="442" dir="1" index="1" bw="15" slack="5"/>
</pin_list>
<bind>
<opset="input_Dense_load_5 "/>
</bind>
</comp>

<comp id="445" class="1005" name="input_Dense_addr_6_reg_445">
<pin_list>
<pin id="446" dir="0" index="0" bw="4" slack="1"/>
<pin id="447" dir="1" index="1" bw="4" slack="1"/>
</pin_list>
<bind>
<opset="input_Dense_addr_6 "/>
</bind>
</comp>

<comp id="450" class="1005" name="input_Dense_addr_7_reg_450">
<pin_list>
<pin id="451" dir="0" index="0" bw="4" slack="1"/>
<pin id="452" dir="1" index="1" bw="4" slack="1"/>
</pin_list>
<bind>
<opset="input_Dense_addr_7 "/>
</bind>
</comp>

<comp id="455" class="1005" name="input_Dense_load_6_reg_455">
<pin_list>
<pin id="456" dir="0" index="0" bw="15" slack="4"/>
<pin id="457" dir="1" index="1" bw="15" slack="4"/>
</pin_list>
<bind>
<opset="input_Dense_load_6 "/>
</bind>
</comp>

<comp id="460" class="1005" name="input_Dense_load_7_reg_460">
<pin_list>
<pin id="461" dir="0" index="0" bw="15" slack="4"/>
<pin id="462" dir="1" index="1" bw="15" slack="4"/>
</pin_list>
<bind>
<opset="input_Dense_load_7 "/>
</bind>
</comp>

<comp id="465" class="1005" name="input_Dense_addr_8_reg_465">
<pin_list>
<pin id="466" dir="0" index="0" bw="4" slack="1"/>
<pin id="467" dir="1" index="1" bw="4" slack="1"/>
</pin_list>
<bind>
<opset="input_Dense_addr_8 "/>
</bind>
</comp>

<comp id="470" class="1005" name="input_Dense_addr_9_reg_470">
<pin_list>
<pin id="471" dir="0" index="0" bw="4" slack="1"/>
<pin id="472" dir="1" index="1" bw="4" slack="1"/>
</pin_list>
<bind>
<opset="input_Dense_addr_9 "/>
</bind>
</comp>

<comp id="475" class="1005" name="input_Dense_load_8_reg_475">
<pin_list>
<pin id="476" dir="0" index="0" bw="15" slack="3"/>
<pin id="477" dir="1" index="1" bw="15" slack="3"/>
</pin_list>
<bind>
<opset="input_Dense_load_8 "/>
</bind>
</comp>

<comp id="480" class="1005" name="input_Dense_load_9_reg_480">
<pin_list>
<pin id="481" dir="0" index="0" bw="15" slack="3"/>
<pin id="482" dir="1" index="1" bw="15" slack="3"/>
</pin_list>
<bind>
<opset="input_Dense_load_9 "/>
</bind>
</comp>

<comp id="485" class="1005" name="input_Dense_addr_10_reg_485">
<pin_list>
<pin id="486" dir="0" index="0" bw="4" slack="1"/>
<pin id="487" dir="1" index="1" bw="4" slack="1"/>
</pin_list>
<bind>
<opset="input_Dense_addr_10 "/>
</bind>
</comp>

<comp id="490" class="1005" name="input_Dense_addr_11_reg_490">
<pin_list>
<pin id="491" dir="0" index="0" bw="4" slack="1"/>
<pin id="492" dir="1" index="1" bw="4" slack="1"/>
</pin_list>
<bind>
<opset="input_Dense_addr_11 "/>
</bind>
</comp>

<comp id="495" class="1005" name="input_Dense_load_10_reg_495">
<pin_list>
<pin id="496" dir="0" index="0" bw="15" slack="2"/>
<pin id="497" dir="1" index="1" bw="15" slack="2"/>
</pin_list>
<bind>
<opset="input_Dense_load_10 "/>
</bind>
</comp>

<comp id="500" class="1005" name="input_Dense_load_11_reg_500">
<pin_list>
<pin id="501" dir="0" index="0" bw="15" slack="2"/>
<pin id="502" dir="1" index="1" bw="15" slack="2"/>
</pin_list>
<bind>
<opset="input_Dense_load_11 "/>
</bind>
</comp>

<comp id="505" class="1005" name="input_Dense_addr_12_reg_505">
<pin_list>
<pin id="506" dir="0" index="0" bw="4" slack="1"/>
<pin id="507" dir="1" index="1" bw="4" slack="1"/>
</pin_list>
<bind>
<opset="input_Dense_addr_12 "/>
</bind>
</comp>

<comp id="510" class="1005" name="input_Dense_addr_13_reg_510">
<pin_list>
<pin id="511" dir="0" index="0" bw="4" slack="1"/>
<pin id="512" dir="1" index="1" bw="4" slack="1"/>
</pin_list>
<bind>
<opset="input_Dense_addr_13 "/>
</bind>
</comp>

<comp id="515" class="1005" name="input_Dense_load_12_reg_515">
<pin_list>
<pin id="516" dir="0" index="0" bw="15" slack="1"/>
<pin id="517" dir="1" index="1" bw="15" slack="1"/>
</pin_list>
<bind>
<opset="input_Dense_load_12 "/>
</bind>
</comp>

<comp id="520" class="1005" name="input_Dense_load_13_reg_520">
<pin_list>
<pin id="521" dir="0" index="0" bw="15" slack="1"/>
<pin id="522" dir="1" index="1" bw="15" slack="1"/>
</pin_list>
<bind>
<opset="input_Dense_load_13 "/>
</bind>
</comp>

<comp id="525" class="1005" name="input_Dense_addr_14_reg_525">
<pin_list>
<pin id="526" dir="0" index="0" bw="4" slack="1"/>
<pin id="527" dir="1" index="1" bw="4" slack="1"/>
</pin_list>
<bind>
<opset="input_Dense_addr_14 "/>
</bind>
</comp>

<comp id="530" class="1005" name="input_Dense_addr_15_reg_530">
<pin_list>
<pin id="531" dir="0" index="0" bw="4" slack="1"/>
<pin id="532" dir="1" index="1" bw="4" slack="1"/>
</pin_list>
<bind>
<opset="input_Dense_addr_15 "/>
</bind>
</comp>

<comp id="535" class="1005" name="weight_read_reg_535">
<pin_list>
<pin id="536" dir="0" index="0" bw="64" slack="1"/>
<pin id="537" dir="1" index="1" bw="64" slack="1"/>
</pin_list>
<bind>
<opset="weight_read "/>
</bind>
</comp>

<comp id="540" class="1005" name="bias_read_reg_540">
<pin_list>
<pin id="541" dir="0" index="0" bw="64" slack="1"/>
<pin id="542" dir="1" index="1" bw="64" slack="1"/>
</pin_list>
<bind>
<opset="bias_read "/>
</bind>
</comp>

<comp id="545" class="1005" name="input_Dense_load_14_reg_545">
<pin_list>
<pin id="546" dir="0" index="0" bw="15" slack="1"/>
<pin id="547" dir="1" index="1" bw="15" slack="1"/>
</pin_list>
<bind>
<opset="input_Dense_load_14 "/>
</bind>
</comp>

<comp id="550" class="1005" name="input_Dense_load_15_reg_550">
<pin_list>
<pin id="551" dir="0" index="0" bw="15" slack="1"/>
<pin id="552" dir="1" index="1" bw="15" slack="1"/>
</pin_list>
<bind>
<opset="input_Dense_load_15 "/>
</bind>
</comp>

<comp id="555" class="1005" name="out_Dense_V_addr_reg_555">
<pin_list>
<pin id="556" dir="0" index="0" bw="4" slack="1"/>
<pin id="557" dir="1" index="1" bw="4" slack="1"/>
</pin_list>
<bind>
<opset="out_Dense_V_addr "/>
</bind>
</comp>

<comp id="560" class="1005" name="out_Dense_V_addr_1_reg_560">
<pin_list>
<pin id="561" dir="0" index="0" bw="4" slack="1"/>
<pin id="562" dir="1" index="1" bw="4" slack="1"/>
</pin_list>
<bind>
<opset="out_Dense_V_addr_1 "/>
</bind>
</comp>

</comp_list>

<net_list>
<net id="77"><net_src comp="14" pin="0"/><net_sink comp="74" pin=0"/></net>

<net id="81"><net_src comp="14" pin="0"/><net_sink comp="78" pin=0"/></net>

<net id="85"><net_src comp="14" pin="0"/><net_sink comp="82" pin=0"/></net>

<net id="89"><net_src comp="14" pin="0"/><net_sink comp="86" pin=0"/></net>

<net id="94"><net_src comp="46" pin="0"/><net_sink comp="90" pin=0"/></net>

<net id="95"><net_src comp="6" pin="0"/><net_sink comp="90" pin=1"/></net>

<net id="100"><net_src comp="46" pin="0"/><net_sink comp="96" pin=0"/></net>

<net id="101"><net_src comp="4" pin="0"/><net_sink comp="96" pin=1"/></net>

<net id="107"><net_src comp="0" pin="0"/><net_sink comp="102" pin=0"/></net>

<net id="108"><net_src comp="16" pin="0"/><net_sink comp="102" pin=1"/></net>

<net id="109"><net_src comp="16" pin="0"/><net_sink comp="102" pin=2"/></net>

<net id="119"><net_src comp="102" pin="3"/><net_sink comp="110" pin=2"/></net>

<net id="125"><net_src comp="0" pin="0"/><net_sink comp="120" pin=0"/></net>

<net id="126"><net_src comp="16" pin="0"/><net_sink comp="120" pin=1"/></net>

<net id="127"><net_src comp="14" pin="0"/><net_sink comp="120" pin=2"/></net>

<net id="128"><net_src comp="120" pin="3"/><net_sink comp="110" pin=0"/></net>

<net id="134"><net_src comp="0" pin="0"/><net_sink comp="129" pin=0"/></net>

<net id="135"><net_src comp="16" pin="0"/><net_sink comp="129" pin=1"/></net>

<net id="136"><net_src comp="18" pin="0"/><net_sink comp="129" pin=2"/></net>

<net id="137"><net_src comp="129" pin="3"/><net_sink comp="110" pin=2"/></net>

<net id="143"><net_src comp="0" pin="0"/><net_sink comp="138" pin=0"/></net>

<net id="144"><net_src comp="16" pin="0"/><net_sink comp="138" pin=1"/></net>

<net id="145"><net_src comp="20" pin="0"/><net_sink comp="138" pin=2"/></net>

<net id="146"><net_src comp="138" pin="3"/><net_sink comp="110" pin=0"/></net>

<net id="152"><net_src comp="0" pin="0"/><net_sink comp="147" pin=0"/></net>

<net id="153"><net_src comp="16" pin="0"/><net_sink comp="147" pin=1"/></net>

<net id="154"><net_src comp="22" pin="0"/><net_sink comp="147" pin=2"/></net>

<net id="155"><net_src comp="147" pin="3"/><net_sink comp="110" pin=2"/></net>

<net id="161"><net_src comp="0" pin="0"/><net_sink comp="156" pin=0"/></net>

<net id="162"><net_src comp="16" pin="0"/><net_sink comp="156" pin=1"/></net>

<net id="163"><net_src comp="24" pin="0"/><net_sink comp="156" pin=2"/></net>

<net id="164"><net_src comp="156" pin="3"/><net_sink comp="110" pin=0"/></net>

<net id="170"><net_src comp="0" pin="0"/><net_sink comp="165" pin=0"/></net>

<net id="171"><net_src comp="16" pin="0"/><net_sink comp="165" pin=1"/></net>

<net id="172"><net_src comp="26" pin="0"/><net_sink comp="165" pin=2"/></net>

<net id="173"><net_src comp="165" pin="3"/><net_sink comp="110" pin=2"/></net>

<net id="179"><net_src comp="0" pin="0"/><net_sink comp="174" pin=0"/></net>

<net id="180"><net_src comp="16" pin="0"/><net_sink comp="174" pin=1"/></net>

<net id="181"><net_src comp="28" pin="0"/><net_sink comp="174" pin=2"/></net>

<net id="182"><net_src comp="174" pin="3"/><net_sink comp="110" pin=0"/></net>

<net id="188"><net_src comp="0" pin="0"/><net_sink comp="183" pin=0"/></net>

<net id="189"><net_src comp="16" pin="0"/><net_sink comp="183" pin=1"/></net>

<net id="190"><net_src comp="30" pin="0"/><net_sink comp="183" pin=2"/></net>

<net id="191"><net_src comp="183" pin="3"/><net_sink comp="110" pin=2"/></net>

<net id="197"><net_src comp="0" pin="0"/><net_sink comp="192" pin=0"/></net>

<net id="198"><net_src comp="16" pin="0"/><net_sink comp="192" pin=1"/></net>

<net id="199"><net_src comp="32" pin="0"/><net_sink comp="192" pin=2"/></net>

<net id="200"><net_src comp="192" pin="3"/><net_sink comp="110" pin=0"/></net>

<net id="206"><net_src comp="0" pin="0"/><net_sink comp="201" pin=0"/></net>

<net id="207"><net_src comp="16" pin="0"/><net_sink comp="201" pin=1"/></net>

<net id="208"><net_src comp="34" pin="0"/><net_sink comp="201" pin=2"/></net>

<net id="209"><net_src comp="201" pin="3"/><net_sink comp="110" pin=2"/></net>

<net id="215"><net_src comp="0" pin="0"/><net_sink comp="210" pin=0"/></net>

<net id="216"><net_src comp="16" pin="0"/><net_sink comp="210" pin=1"/></net>

<net id="217"><net_src comp="36" pin="0"/><net_sink comp="210" pin=2"/></net>

<net id="218"><net_src comp="210" pin="3"/><net_sink comp="110" pin=0"/></net>

<net id="224"><net_src comp="0" pin="0"/><net_sink comp="219" pin=0"/></net>

<net id="225"><net_src comp="16" pin="0"/><net_sink comp="219" pin=1"/></net>

<net id="226"><net_src comp="38" pin="0"/><net_sink comp="219" pin=2"/></net>

<net id="227"><net_src comp="219" pin="3"/><net_sink comp="110" pin=2"/></net>

<net id="233"><net_src comp="0" pin="0"/><net_sink comp="228" pin=0"/></net>

<net id="234"><net_src comp="16" pin="0"/><net_sink comp="228" pin=1"/></net>

<net id="235"><net_src comp="40" pin="0"/><net_sink comp="228" pin=2"/></net>

<net id="236"><net_src comp="228" pin="3"/><net_sink comp="110" pin=0"/></net>

<net id="242"><net_src comp="0" pin="0"/><net_sink comp="237" pin=0"/></net>

<net id="243"><net_src comp="16" pin="0"/><net_sink comp="237" pin=1"/></net>

<net id="244"><net_src comp="42" pin="0"/><net_sink comp="237" pin=2"/></net>

<net id="245"><net_src comp="237" pin="3"/><net_sink comp="110" pin=2"/></net>

<net id="251"><net_src comp="0" pin="0"/><net_sink comp="246" pin=0"/></net>

<net id="252"><net_src comp="16" pin="0"/><net_sink comp="246" pin=1"/></net>

<net id="253"><net_src comp="44" pin="0"/><net_sink comp="246" pin=2"/></net>

<net id="254"><net_src comp="246" pin="3"/><net_sink comp="110" pin=0"/></net>

<net id="260"><net_src comp="16" pin="0"/><net_sink comp="255" pin=1"/></net>

<net id="261"><net_src comp="16" pin="0"/><net_sink comp="255" pin=2"/></net>

<net id="267"><net_src comp="255" pin="3"/><net_sink comp="262" pin=0"/></net>

<net id="273"><net_src comp="16" pin="0"/><net_sink comp="268" pin=1"/></net>

<net id="274"><net_src comp="268" pin="3"/><net_sink comp="262" pin=0"/></net>

<net id="298"><net_src comp="48" pin="0"/><net_sink comp="275" pin=0"/></net>

<net id="299"><net_src comp="90" pin="2"/><net_sink comp="275" pin=1"/></net>

<net id="300"><net_src comp="2" pin="0"/><net_sink comp="275" pin=2"/></net>

<net id="301"><net_src comp="110" pin="7"/><net_sink comp="275" pin=17"/></net>

<net id="302"><net_src comp="110" pin="3"/><net_sink comp="275" pin=18"/></net>

<net id="303"><net_src comp="96" pin="2"/><net_sink comp="275" pin=19"/></net>

<net id="310"><net_src comp="50" pin="0"/><net_sink comp="304" pin=0"/></net>

<net id="320"><net_src comp="52" pin="0"/><net_sink comp="311" pin=0"/></net>

<net id="321"><net_src comp="8" pin="0"/><net_sink comp="311" pin=4"/></net>

<net id="322"><net_src comp="10" pin="0"/><net_sink comp="311" pin=5"/></net>

<net id="323"><net_src comp="12" pin="0"/><net_sink comp="311" pin=6"/></net>

<net id="333"><net_src comp="54" pin="0"/><net_sink comp="324" pin=0"/></net>

<net id="334"><net_src comp="8" pin="0"/><net_sink comp="324" pin=4"/></net>

<net id="335"><net_src comp="10" pin="0"/><net_sink comp="324" pin=5"/></net>

<net id="336"><net_src comp="12" pin="0"/><net_sink comp="324" pin=6"/></net>

<net id="343"><net_src comp="56" pin="0"/><net_sink comp="337" pin=0"/></net>

<net id="347"><net_src comp="262" pin="3"/><net_sink comp="344" pin=0"/></net>

<net id="348"><net_src comp="344" pin="1"/><net_sink comp="304" pin=1"/></net>

<net id="349"><net_src comp="344" pin="1"/><net_sink comp="311" pin=2"/></net>

<net id="350"><net_src comp="344" pin="1"/><net_sink comp="324" pin=2"/></net>

<net id="351"><net_src comp="344" pin="1"/><net_sink comp="337" pin=1"/></net>

<net id="358"><net_src comp="352" pin="1"/><net_sink comp="355" pin=0"/></net>

<net id="359"><net_src comp="355" pin="1"/><net_sink comp="268" pin=2"/></net>

<net id="363"><net_src comp="360" pin="1"/><net_sink comp="324" pin=3"/></net>

<net id="370"><net_src comp="74" pin="1"/><net_sink comp="367" pin=0"/></net>

<net id="371"><net_src comp="367" pin="1"/><net_sink comp="337" pin=3"/></net>

<net id="372"><net_src comp="367" pin="1"/><net_sink comp="364" pin=0"/></net>

<net id="376"><net_src comp="78" pin="1"/><net_sink comp="373" pin=0"/></net>

<net id="377"><net_src comp="373" pin="1"/><net_sink comp="311" pin=3"/></net>

<net id="378"><net_src comp="373" pin="1"/><net_sink comp="360" pin=0"/></net>

<net id="382"><net_src comp="82" pin="1"/><net_sink comp="379" pin=0"/></net>

<net id="383"><net_src comp="379" pin="1"/><net_sink comp="304" pin=3"/></net>

<net id="384"><net_src comp="379" pin="1"/><net_sink comp="352" pin=0"/></net>

<net id="388"><net_src comp="102" pin="3"/><net_sink comp="385" pin=0"/></net>

<net id="389"><net_src comp="385" pin="1"/><net_sink comp="110" pin=2"/></net>

<net id="393"><net_src comp="120" pin="3"/><net_sink comp="390" pin=0"/></net>

<net id="394"><net_src comp="390" pin="1"/><net_sink comp="110" pin=0"/></net>

<net id="398"><net_src comp="110" pin="7"/><net_sink comp="395" pin=0"/></net>

<net id="399"><net_src comp="395" pin="1"/><net_sink comp="275" pin=3"/></net>

<net id="403"><net_src comp="110" pin="3"/><net_sink comp="400" pin=0"/></net>

<net id="404"><net_src comp="400" pin="1"/><net_sink comp="275" pin=4"/></net>

<net id="408"><net_src comp="129" pin="3"/><net_sink comp="405" pin=0"/></net>

<net id="409"><net_src comp="405" pin="1"/><net_sink comp="110" pin=2"/></net>

<net id="413"><net_src comp="138" pin="3"/><net_sink comp="410" pin=0"/></net>

<net id="414"><net_src comp="410" pin="1"/><net_sink comp="110" pin=0"/></net>

<net id="418"><net_src comp="110" pin="7"/><net_sink comp="415" pin=0"/></net>

<net id="419"><net_src comp="415" pin="1"/><net_sink comp="275" pin=5"/></net>

<net id="423"><net_src comp="110" pin="3"/><net_sink comp="420" pin=0"/></net>

<net id="424"><net_src comp="420" pin="1"/><net_sink comp="275" pin=6"/></net>

<net id="428"><net_src comp="147" pin="3"/><net_sink comp="425" pin=0"/></net>

<net id="429"><net_src comp="425" pin="1"/><net_sink comp="110" pin=2"/></net>

<net id="433"><net_src comp="156" pin="3"/><net_sink comp="430" pin=0"/></net>

<net id="434"><net_src comp="430" pin="1"/><net_sink comp="110" pin=0"/></net>

<net id="438"><net_src comp="110" pin="7"/><net_sink comp="435" pin=0"/></net>

<net id="439"><net_src comp="435" pin="1"/><net_sink comp="275" pin=7"/></net>

<net id="443"><net_src comp="110" pin="3"/><net_sink comp="440" pin=0"/></net>

<net id="444"><net_src comp="440" pin="1"/><net_sink comp="275" pin=8"/></net>

<net id="448"><net_src comp="165" pin="3"/><net_sink comp="445" pin=0"/></net>

<net id="449"><net_src comp="445" pin="1"/><net_sink comp="110" pin=2"/></net>

<net id="453"><net_src comp="174" pin="3"/><net_sink comp="450" pin=0"/></net>

<net id="454"><net_src comp="450" pin="1"/><net_sink comp="110" pin=0"/></net>

<net id="458"><net_src comp="110" pin="7"/><net_sink comp="455" pin=0"/></net>

<net id="459"><net_src comp="455" pin="1"/><net_sink comp="275" pin=9"/></net>

<net id="463"><net_src comp="110" pin="3"/><net_sink comp="460" pin=0"/></net>

<net id="464"><net_src comp="460" pin="1"/><net_sink comp="275" pin=10"/></net>

<net id="468"><net_src comp="183" pin="3"/><net_sink comp="465" pin=0"/></net>

<net id="469"><net_src comp="465" pin="1"/><net_sink comp="110" pin=2"/></net>

<net id="473"><net_src comp="192" pin="3"/><net_sink comp="470" pin=0"/></net>

<net id="474"><net_src comp="470" pin="1"/><net_sink comp="110" pin=0"/></net>

<net id="478"><net_src comp="110" pin="7"/><net_sink comp="475" pin=0"/></net>

<net id="479"><net_src comp="475" pin="1"/><net_sink comp="275" pin=11"/></net>

<net id="483"><net_src comp="110" pin="3"/><net_sink comp="480" pin=0"/></net>

<net id="484"><net_src comp="480" pin="1"/><net_sink comp="275" pin=12"/></net>

<net id="488"><net_src comp="201" pin="3"/><net_sink comp="485" pin=0"/></net>

<net id="489"><net_src comp="485" pin="1"/><net_sink comp="110" pin=2"/></net>

<net id="493"><net_src comp="210" pin="3"/><net_sink comp="490" pin=0"/></net>

<net id="494"><net_src comp="490" pin="1"/><net_sink comp="110" pin=0"/></net>

<net id="498"><net_src comp="110" pin="7"/><net_sink comp="495" pin=0"/></net>

<net id="499"><net_src comp="495" pin="1"/><net_sink comp="275" pin=13"/></net>

<net id="503"><net_src comp="110" pin="3"/><net_sink comp="500" pin=0"/></net>

<net id="504"><net_src comp="500" pin="1"/><net_sink comp="275" pin=14"/></net>

<net id="508"><net_src comp="219" pin="3"/><net_sink comp="505" pin=0"/></net>

<net id="509"><net_src comp="505" pin="1"/><net_sink comp="110" pin=2"/></net>

<net id="513"><net_src comp="228" pin="3"/><net_sink comp="510" pin=0"/></net>

<net id="514"><net_src comp="510" pin="1"/><net_sink comp="110" pin=0"/></net>

<net id="518"><net_src comp="110" pin="7"/><net_sink comp="515" pin=0"/></net>

<net id="519"><net_src comp="515" pin="1"/><net_sink comp="275" pin=15"/></net>

<net id="523"><net_src comp="110" pin="3"/><net_sink comp="520" pin=0"/></net>

<net id="524"><net_src comp="520" pin="1"/><net_sink comp="275" pin=16"/></net>

<net id="528"><net_src comp="237" pin="3"/><net_sink comp="525" pin=0"/></net>

<net id="529"><net_src comp="525" pin="1"/><net_sink comp="110" pin=2"/></net>

<net id="533"><net_src comp="246" pin="3"/><net_sink comp="530" pin=0"/></net>

<net id="534"><net_src comp="530" pin="1"/><net_sink comp="110" pin=0"/></net>

<net id="538"><net_src comp="90" pin="2"/><net_sink comp="535" pin=0"/></net>

<net id="539"><net_src comp="535" pin="1"/><net_sink comp="275" pin=1"/></net>

<net id="543"><net_src comp="96" pin="2"/><net_sink comp="540" pin=0"/></net>

<net id="544"><net_src comp="540" pin="1"/><net_sink comp="275" pin=19"/></net>

<net id="548"><net_src comp="110" pin="7"/><net_sink comp="545" pin=0"/></net>

<net id="549"><net_src comp="545" pin="1"/><net_sink comp="275" pin=17"/></net>

<net id="553"><net_src comp="110" pin="3"/><net_sink comp="550" pin=0"/></net>

<net id="554"><net_src comp="550" pin="1"/><net_sink comp="275" pin=18"/></net>

<net id="558"><net_src comp="255" pin="3"/><net_sink comp="555" pin=0"/></net>

<net id="559"><net_src comp="555" pin="1"/><net_sink comp="262" pin=0"/></net>

<net id="563"><net_src comp="268" pin="3"/><net_sink comp="560" pin=0"/></net>

<net id="564"><net_src comp="560" pin="1"/><net_sink comp="262" pin=0"/></net>

</net_list>

</model> 
---------------- Datapath Model END ------------------

* FSMD analyzer results:
  - Output states:
 - Input state : 
	Port: C_Dense_2 : input_Dense | {1 2 3 4 5 6 7 8 9 }
	Port: C_Dense_2 : gmem1 | {9 10 }
	Port: C_Dense_2 : bias | {9 }
	Port: C_Dense_2 : weight | {9 }
	Port: C_Dense_2 : f_x_lsb_table_V | {17 18 19 20 }
	Port: C_Dense_2 : exp_x_msb_2_m_1_table_V | {17 18 19 20 }
	Port: C_Dense_2 : exp_x_msb_1_table_V | {17 18 19 20 }
  - Chain level:
	State 1
		input_Dense_load : 1
		input_Dense_load_1 : 1
	State 2
		input_Dense_load_2 : 1
		input_Dense_load_3 : 1
	State 3
		input_Dense_load_4 : 1
		input_Dense_load_5 : 1
	State 4
		input_Dense_load_6 : 1
		input_Dense_load_7 : 1
	State 5
		input_Dense_load_8 : 1
		input_Dense_load_9 : 1
	State 6
		input_Dense_load_10 : 1
		input_Dense_load_11 : 1
	State 7
		input_Dense_load_12 : 1
		input_Dense_load_13 : 1
	State 8
		input_Dense_load_14 : 1
		input_Dense_load_15 : 1
	State 9
		call_ln1271 : 1
	State 10
	State 11
		max_V : 1
	State 12
	State 13
	State 14
	State 15
		idxprom40 : 1
		out_Dense_V_addr_1 : 2
		max_value_V : 3
	State 16
	State 17
	State 18
	State 19
		call_ln813 : 1
	State 20
	State 21
	State 22
	State 23
	State 24
	State 25
		ret_ln69 : 1


============================================================
+ Verbose Summary: Datapath Resource usage 
============================================================

* Functional unit list:
|----------|--------------------------------------------------|---------|---------|---------|---------|
| Operation|                  Functional Unit                 |   DSP   |  Delay  |    FF   |   LUT   |
|----------|--------------------------------------------------|---------|---------|---------|---------|
|          | grp_C_Dense_2_Pipeline_loop_for_a_Dense_2_fu_275 |    16   |  7.567  |   1787  |   1660  |
|          |     grp_C_Dense_2_Pipeline_loop_detect_fu_304    |    0    |  0.427  |    61   |    91   |
|   call   |   grp_C_Dense_2_Pipeline_VITIS_LOOP_53_1_fu_311  |    3    |  2.562  |   212   |   354   |
|          |   grp_C_Dense_2_Pipeline_VITIS_LOOP_57_2_fu_324  |    3    |  2.989  |   1825  |   1517  |
|          |   grp_C_Dense_2_Pipeline_VITIS_LOOP_62_3_fu_337  |    0    |  0.427  |    44   |    75   |
|----------|--------------------------------------------------|---------|---------|---------|---------|
|   read   |              weight_read_read_fu_90              |    0    |    0    |    0    |    0    |
|          |               bias_read_read_fu_96               |    0    |    0    |    0    |    0    |
|----------|--------------------------------------------------|---------|---------|---------|---------|
|   zext   |                 idxprom40_fu_355                 |    0    |    0    |    0    |    0    |
|----------|--------------------------------------------------|---------|---------|---------|---------|
|   Total  |                                                  |    22   |  13.972 |   3929  |   3697  |
|----------|--------------------------------------------------|---------|---------|---------|---------|

Memories:
+-----------+--------+--------+--------+--------+
|           |  BRAM  |   FF   |   LUT  |  URAM  |
+-----------+--------+--------+--------+--------+
|out_Dense_V|    0   |   32   |    3   |    0   |
+-----------+--------+--------+--------+--------+
|   Total   |    0   |   32   |    3   |    0   |
+-----------+--------+--------+--------+--------+

* Register list:
+---------------------------+--------+
|                           |   FF   |
+---------------------------+--------+
|     bias_read_reg_540     |   64   |
|input_Dense_addr_10_reg_485|    4   |
|input_Dense_addr_11_reg_490|    4   |
|input_Dense_addr_12_reg_505|    4   |
|input_Dense_addr_13_reg_510|    4   |
|input_Dense_addr_14_reg_525|    4   |
|input_Dense_addr_15_reg_530|    4   |
| input_Dense_addr_1_reg_390|    4   |
| input_Dense_addr_2_reg_405|    4   |
| input_Dense_addr_3_reg_410|    4   |
| input_Dense_addr_4_reg_425|    4   |
| input_Dense_addr_5_reg_430|    4   |
| input_Dense_addr_6_reg_445|    4   |
| input_Dense_addr_7_reg_450|    4   |
| input_Dense_addr_8_reg_465|    4   |
| input_Dense_addr_9_reg_470|    4   |
|  input_Dense_addr_reg_385 |    4   |
|input_Dense_load_10_reg_495|   15   |
|input_Dense_load_11_reg_500|   15   |
|input_Dense_load_12_reg_515|   15   |
|input_Dense_load_13_reg_520|   15   |
|input_Dense_load_14_reg_545|   15   |
|input_Dense_load_15_reg_550|   15   |
| input_Dense_load_1_reg_400|   15   |
| input_Dense_load_2_reg_415|   15   |
| input_Dense_load_3_reg_420|   15   |
| input_Dense_load_4_reg_435|   15   |
| input_Dense_load_5_reg_440|   15   |
| input_Dense_load_6_reg_455|   15   |
| input_Dense_load_7_reg_460|   15   |
| input_Dense_load_8_reg_475|   15   |
| input_Dense_load_9_reg_480|   15   |
|  input_Dense_load_reg_395 |   15   |
|  maxindex_2_V_loc_reg_367 |   16   |
|    maxindex_loc_reg_379   |    4   |
| out_Dense_V_addr_1_reg_560|    4   |
|  out_Dense_V_addr_reg_555 |    4   |
|       p_loc_reg_373       |   16   |
|          reg_344          |   16   |
|    weight_read_reg_535    |   64   |
+---------------------------+--------+
|           Total           |   492  |
+---------------------------+--------+

* Multiplexer (MUX) list: 
|--------------------------------------------------|------|------|------|--------||---------||---------|
|                       Comp                       |  Pin | Size |  BW  | S x BW ||  Delay  ||   LUT   |
|--------------------------------------------------|------|------|------|--------||---------||---------|
|                 grp_access_fu_110                |  p0  |  16  |   4  |   64   ||    65   |
|                 grp_access_fu_110                |  p2  |  16  |   0  |    0   ||    65   |
|                 grp_access_fu_262                |  p0  |   4  |   4  |   16   ||    20   |
| grp_C_Dense_2_Pipeline_loop_for_a_Dense_2_fu_275 |  p1  |   2  |  64  |   128  ||    9    |
| grp_C_Dense_2_Pipeline_loop_for_a_Dense_2_fu_275 |  p17 |   2  |  15  |   30   ||    9    |
| grp_C_Dense_2_Pipeline_loop_for_a_Dense_2_fu_275 |  p18 |   2  |  15  |   30   ||    9    |
| grp_C_Dense_2_Pipeline_loop_for_a_Dense_2_fu_275 |  p19 |   2  |  64  |   128  ||    9    |
|--------------------------------------------------|------|------|------|--------||---------||---------|
|                       Total                      |      |      |      |   396  ||  3.211  ||   186   |
|--------------------------------------------------|------|------|------|--------||---------||---------|



* Summary:
+-----------+--------+--------+--------+--------+--------+--------+
|           |  BRAM  |   DSP  |  Delay |   FF   |   LUT  |  URAM  |
+-----------+--------+--------+--------+--------+--------+--------+
|  Function |    -   |   22   |   13   |  3929  |  3697  |    -   |
|   Memory  |    0   |    -   |    -   |   32   |    3   |    0   |
|Multiplexer|    -   |    -   |    3   |    -   |   186  |    -   |
|  Register |    -   |    -   |    -   |   492  |    -   |    -   |
+-----------+--------+--------+--------+--------+--------+--------+
|   Total   |    0   |   22   |   17   |  4453  |  3886  |    0   |
+-----------+--------+--------+--------+--------+--------+--------+
