

================================================================
== Vitis HLS Report for 'C_Dense_2_Pipeline_VITIS_LOOP_57_2'
================================================================
* Date:           Wed Apr 15 01:46:31 2026

* Version:        2022.2 (Build 3670227 on Oct 13 2022)
* Project:        ProjectOne
* Solution:       solution1 (Vivado IP Flow Target)
* Product family: zynquplus
* Target device:  xck26-sfvc784-2LV-c


================================================================
== Performance Estimates
================================================================
+ Timing: 
    * Summary: 
    +--------+----------+----------+------------+
    |  Clock |  Target  | Estimated| Uncertainty|
    +--------+----------+----------+------------+
    |ap_clk  |  10.00 ns|  5.868 ns|     2.70 ns|
    +--------+----------+----------+------------+

+ Latency: 
    * Summary: 
    +---------+---------+----------+----------+-----+-----+---------+
    |  Latency (cycles) |  Latency (absolute) |  Interval | Pipeline|
    |   min   |   max   |    min   |    max   | min | max |   Type  |
    +---------+---------+----------+----------+-----+-----+---------+
    |       46|       46|  0.460 us|  0.460 us|   46|   46|       no|
    +---------+---------+----------+----------+-----+-----+---------+

    + Detail: 
        * Instance: 
        +----------------------+------------+---------+---------+-----------+-----------+-----+-----+---------+
        |                      |            |  Latency (cycles) |   Latency (absolute)  |  Interval | Pipeline|
        |       Instance       |   Module   |   min   |   max   |    min    |    max    | min | max |   Type  |
        +----------------------+------------+---------+---------+-----------+-----------+-----+-----+---------+
        |grp_exp_17_9_s_fu_79  |exp_17_9_s  |        5|        5|  50.000 ns|  50.000 ns|    1|    1|      yes|
        +----------------------+------------+---------+---------+-----------+-----------+-----+-----+---------+

        * Loop: 
        +-------------------+---------+---------+----------+-----------+-----------+------+----------+
        |                   |  Latency (cycles) | Iteration|  Initiation Interval  | Trip |          |
        |     Loop Name     |   min   |   max   |  Latency |  achieved |   target  | Count| Pipelined|
        +-------------------+---------+---------+----------+-----------+-----------+------+----------+
        |- VITIS_LOOP_57_2  |       44|       44|        36|          1|          1|    10|       yes|
        +-------------------+---------+---------+----------+-----------+-----------+------+----------+

============================================================
+ Verbose Summary: Synthesis Manager
============================================================
InlineROM: 1
ExposeGlobal: 0
============================================================
+ Verbose Summary: CDFG Model
============================================================
IsTopModel: 0
ResetActiveHigh: 1
IsCombinational: 0
IsDatapathOnly: 0
HasWiredReturn: 1
HasMFsm: 2
HasVarLatency: 1
IsPipeline: 0
IsRtlPipelined: 0
IsInstanceOverlapped: 0
IsDontTouch: 0
HasImplIP: 0
IsGatedGlobalClock: 0

+ Individual pipeline summary: 
  * Pipeline-0: initiation interval (II) = 1, depth = 36


============================================================
+ Verbose Summary: Schedule
============================================================
* Number of FSM states : 36
* Pipeline : 1
  Pipeline-0 : II = 1, D = 36, States = { 1 2 3 4 5 6 7 8 9 10 11 12 13 14 15 16 17 18 19 20 21 22 23 24 25 26 27 28 29 30 31 32 33 34 35 36 }
* Dataflow Pipeline: 0

* FSM state transitions: 
1 --> 2 
2 --> 3 
3 --> 4 
4 --> 5 
5 --> 6 
6 --> 7 
7 --> 8 
8 --> 9 
9 --> 10 
10 --> 11 
11 --> 12 
12 --> 13 
13 --> 14 
14 --> 15 
15 --> 16 
16 --> 17 
17 --> 18 
18 --> 19 
19 --> 20 
20 --> 21 
21 --> 22 
22 --> 23 
23 --> 24 
24 --> 25 
25 --> 26 
26 --> 27 
27 --> 28 
28 --> 29 
29 --> 30 
30 --> 31 
31 --> 32 
32 --> 33 
33 --> 34 
34 --> 35 
35 --> 36 
36 --> 

* FSM state operations: 

State 1 <SV = 0> <Delay = 1.22>
ST_1 : Operation 39 [1/1] (0.00ns)   --->   "%i = alloca i32 1"   --->   Operation 39 'alloca' 'i' <Predicate = true> <Delay = 0.00>
ST_1 : Operation 40 [1/1] (0.00ns)   --->   "%p_cast_read = read i16 @_ssdm_op_Read.ap_auto.i16, i16 %p_cast"   --->   Operation 40 'read' 'p_cast_read' <Predicate = true> <Delay = 0.00>
ST_1 : Operation 41 [1/1] (0.00ns)   --->   "%sext_ln813_3_read = read i16 @_ssdm_op_Read.ap_auto.i16, i16 %sext_ln813_3"   --->   Operation 41 'read' 'sext_ln813_3_read' <Predicate = true> <Delay = 0.00>
ST_1 : Operation 42 [1/1] (0.00ns)   --->   "%p_cast_cast = sext i16 %p_cast_read"   --->   Operation 42 'sext' 'p_cast_cast' <Predicate = true> <Delay = 0.00>
ST_1 : Operation 43 [1/1] (0.00ns)   --->   "%sext_ln813_3_cast = sext i16 %sext_ln813_3_read"   --->   Operation 43 'sext' 'sext_ln813_3_cast' <Predicate = true> <Delay = 0.00>
ST_1 : Operation 44 [1/1] (0.42ns)   --->   "%store_ln0 = store i4 0, i4 %i"   --->   Operation 44 'store' 'store_ln0' <Predicate = true> <Delay = 0.42>
ST_1 : Operation 45 [1/1] (0.00ns)   --->   "%br_ln0 = br void %for.body52"   --->   Operation 45 'br' 'br_ln0' <Predicate = true> <Delay = 0.00>
ST_1 : Operation 46 [1/1] (0.00ns)   --->   "%i_6 = load i4 %i" [pipeline/C_Dense.cpp:57]   --->   Operation 46 'load' 'i_6' <Predicate = true> <Delay = 0.00>
ST_1 : Operation 47 [1/1] (0.00ns)   --->   "%specpipeline_ln0 = specpipeline void @_ssdm_op_SpecPipeline, i32 4294967295, i32 0, i32 1, i32 0, void @p_str"   --->   Operation 47 'specpipeline' 'specpipeline_ln0' <Predicate = true> <Delay = 0.00>
ST_1 : Operation 48 [1/1] (0.72ns)   --->   "%icmp_ln57 = icmp_eq  i4 %i_6, i4 10" [pipeline/C_Dense.cpp:57]   --->   Operation 48 'icmp' 'icmp_ln57' <Predicate = true> <Delay = 0.72> <CoreInst = "Cmp">   --->   Core 9 'Cmp' <Latency = 0> <II = 1> <Delay = 0.72> <FuncUnit> <Opcode : 'icmp'> <InPorts = 2> <OutPorts = 1>
ST_1 : Operation 49 [1/1] (0.00ns)   --->   "%empty = speclooptripcount i32 @_ssdm_op_SpecLoopTripCount, i64 10, i64 10, i64 10"   --->   Operation 49 'speclooptripcount' 'empty' <Predicate = true> <Delay = 0.00>
ST_1 : Operation 50 [1/1] (0.79ns)   --->   "%add_ln57 = add i4 %i_6, i4 1" [pipeline/C_Dense.cpp:57]   --->   Operation 50 'add' 'add_ln57' <Predicate = true> <Delay = 0.79> <CoreInst = "Adder">   --->   Core 1 'Adder' <Latency = 0> <II = 1> <Delay = 0.79> <FuncUnit> <Opcode : 'add' 'sub'> <InPorts = 2> <OutPorts = 1>
ST_1 : Operation 51 [1/1] (0.00ns)   --->   "%br_ln57 = br i1 %icmp_ln57, void %for.body52.split, void %_ZN8ap_fixedILi16ELi8EL9ap_q_mode5EL9ap_o_mode3ELi0EEC2Ei.exit30.exitStub" [pipeline/C_Dense.cpp:57]   --->   Operation 51 'br' 'br_ln57' <Predicate = true> <Delay = 0.00>
ST_1 : Operation 52 [1/1] (0.00ns)   --->   "%i_8_cast = zext i4 %i_6" [pipeline/C_Dense.cpp:57]   --->   Operation 52 'zext' 'i_8_cast' <Predicate = (!icmp_ln57)> <Delay = 0.00>
ST_1 : Operation 53 [1/1] (0.00ns)   --->   "%out_Dense_V_addr = getelementptr i16 %out_Dense_V, i64 0, i64 %i_8_cast"   --->   Operation 53 'getelementptr' 'out_Dense_V_addr' <Predicate = (!icmp_ln57)> <Delay = 0.00>
ST_1 : Operation 54 [2/2] (0.67ns)   --->   "%lhs = load i4 %out_Dense_V_addr"   --->   Operation 54 'load' 'lhs' <Predicate = (!icmp_ln57)> <Delay = 0.67> <CoreInst = "RAM">   --->   Core 83 'RAM' <Latency = 1> <II = 1> <Delay = 0.67> <Storage> <Opcode : 'load' 'store'> <Ports = 2> <Width = 16> <Depth = 10> <RAM>
ST_1 : Operation 55 [1/1] (0.42ns)   --->   "%store_ln57 = store i4 %add_ln57, i4 %i" [pipeline/C_Dense.cpp:57]   --->   Operation 55 'store' 'store_ln57' <Predicate = (!icmp_ln57)> <Delay = 0.42>

State 2 <SV = 1> <Delay = 2.76>
ST_2 : Operation 56 [1/2] (0.67ns)   --->   "%lhs = load i4 %out_Dense_V_addr"   --->   Operation 56 'load' 'lhs' <Predicate = true> <Delay = 0.67> <CoreInst = "RAM">   --->   Core 83 'RAM' <Latency = 1> <II = 1> <Delay = 0.67> <Storage> <Opcode : 'load' 'store'> <Ports = 2> <Width = 16> <Depth = 10> <RAM>
ST_2 : Operation 57 [1/1] (0.00ns)   --->   "%sext_ln813 = sext i16 %lhs"   --->   Operation 57 'sext' 'sext_ln813' <Predicate = true> <Delay = 0.00>
ST_2 : Operation 58 [1/1] (0.85ns)   --->   "%ret_V = sub i17 %sext_ln813, i17 %sext_ln813_3_cast"   --->   Operation 58 'sub' 'ret_V' <Predicate = true> <Delay = 0.85> <CoreInst = "Adder">   --->   Core 1 'Adder' <Latency = 0> <II = 1> <Delay = 0.85> <FuncUnit> <Opcode : 'add' 'sub'> <InPorts = 2> <OutPorts = 1>
ST_2 : Operation 59 [6/6] (1.23ns)   --->   "%t = call i17 @exp<17, 9>, i17 %ret_V, i11 %f_x_lsb_table_V, i25 %exp_x_msb_2_m_1_table_V, i25 %exp_x_msb_1_table_V" [D:/Xilinx/Vitis_HLS/2022.2/common/technology/autopilot\hls_math.h:1190]   --->   Operation 59 'call' 't' <Predicate = true> <Delay = 1.23> <CoreType = "Generic">   --->   Core 0 '' <Latency = 0> <II = 1> <Delay = 1.00> <Generic> <Opcode : >

State 3 <SV = 2> <Delay = 5.86>
ST_3 : Operation 60 [5/6] (5.86ns)   --->   "%t = call i17 @exp<17, 9>, i17 %ret_V, i11 %f_x_lsb_table_V, i25 %exp_x_msb_2_m_1_table_V, i25 %exp_x_msb_1_table_V" [D:/Xilinx/Vitis_HLS/2022.2/common/technology/autopilot\hls_math.h:1190]   --->   Operation 60 'call' 't' <Predicate = true> <Delay = 5.86> <CoreType = "Generic">   --->   Core 0 '' <Latency = 0> <II = 1> <Delay = 1.00> <Generic> <Opcode : >

State 4 <SV = 3> <Delay = 5.86>
ST_4 : Operation 61 [4/6] (5.86ns)   --->   "%t = call i17 @exp<17, 9>, i17 %ret_V, i11 %f_x_lsb_table_V, i25 %exp_x_msb_2_m_1_table_V, i25 %exp_x_msb_1_table_V" [D:/Xilinx/Vitis_HLS/2022.2/common/technology/autopilot\hls_math.h:1190]   --->   Operation 61 'call' 't' <Predicate = true> <Delay = 5.86> <CoreType = "Generic">   --->   Core 0 '' <Latency = 0> <II = 1> <Delay = 1.00> <Generic> <Opcode : >

State 5 <SV = 4> <Delay = 5.86>
ST_5 : Operation 62 [3/6] (5.86ns)   --->   "%t = call i17 @exp<17, 9>, i17 %ret_V, i11 %f_x_lsb_table_V, i25 %exp_x_msb_2_m_1_table_V, i25 %exp_x_msb_1_table_V" [D:/Xilinx/Vitis_HLS/2022.2/common/technology/autopilot\hls_math.h:1190]   --->   Operation 62 'call' 't' <Predicate = true> <Delay = 5.86> <CoreType = "Generic">   --->   Core 0 '' <Latency = 0> <II = 1> <Delay = 1.00> <Generic> <Opcode : >

State 6 <SV = 5> <Delay = 5.86>
ST_6 : Operation 63 [2/6] (5.86ns)   --->   "%t = call i17 @exp<17, 9>, i17 %ret_V, i11 %f_x_lsb_table_V, i25 %exp_x_msb_2_m_1_table_V, i25 %exp_x_msb_1_table_V" [D:/Xilinx/Vitis_HLS/2022.2/common/technology/autopilot\hls_math.h:1190]   --->   Operation 63 'call' 't' <Predicate = true> <Delay = 5.86> <CoreType = "Generic">   --->   Core 0 '' <Latency = 0> <II = 1> <Delay = 1.00> <Generic> <Opcode : >

State 7 <SV = 6> <Delay = 5.86>
ST_7 : Operation 64 [1/6] (5.86ns)   --->   "%t = call i17 @exp<17, 9>, i17 %ret_V, i11 %f_x_lsb_table_V, i25 %exp_x_msb_2_m_1_table_V, i25 %exp_x_msb_1_table_V" [D:/Xilinx/Vitis_HLS/2022.2/common/technology/autopilot\hls_math.h:1190]   --->   Operation 64 'call' 't' <Predicate = true> <Delay = 5.86> <CoreType = "Generic">   --->   Core 0 '' <Latency = 0> <II = 1> <Delay = 1.00> <Generic> <Opcode : >

State 8 <SV = 7> <Delay = 1.49>
ST_8 : Operation 65 [1/1] (0.00ns)   --->   "%t_1 = bitconcatenate i25 @_ssdm_op_BitConcatenate.i25.i17.i8, i17 %t, i8 0"   --->   Operation 65 'bitconcatenate' 't_1' <Predicate = true> <Delay = 0.00>
ST_8 : Operation 66 [29/29] (1.49ns)   --->   "%sdiv_ln1303 = sdiv i25 %t_1, i25 %p_cast_cast"   --->   Operation 66 'sdiv' 'sdiv_ln1303' <Predicate = true> <Delay = 1.49> <CoreInst = "Divider">   --->   Core 6 'Divider' <Latency = 28> <II = 1> <Delay = 1.49> <FuncUnit> <Opcode : 'sdiv' 'srem' 'udiv' 'urem'> <InPorts = 2> <OutPorts = 1>

State 9 <SV = 8> <Delay = 1.49>
ST_9 : Operation 67 [28/29] (1.49ns)   --->   "%sdiv_ln1303 = sdiv i25 %t_1, i25 %p_cast_cast"   --->   Operation 67 'sdiv' 'sdiv_ln1303' <Predicate = true> <Delay = 1.49> <CoreInst = "Divider">   --->   Core 6 'Divider' <Latency = 28> <II = 1> <Delay = 1.49> <FuncUnit> <Opcode : 'sdiv' 'srem' 'udiv' 'urem'> <InPorts = 2> <OutPorts = 1>

State 10 <SV = 9> <Delay = 1.49>
ST_10 : Operation 68 [27/29] (1.49ns)   --->   "%sdiv_ln1303 = sdiv i25 %t_1, i25 %p_cast_cast"   --->   Operation 68 'sdiv' 'sdiv_ln1303' <Predicate = true> <Delay = 1.49> <CoreInst = "Divider">   --->   Core 6 'Divider' <Latency = 28> <II = 1> <Delay = 1.49> <FuncUnit> <Opcode : 'sdiv' 'srem' 'udiv' 'urem'> <InPorts = 2> <OutPorts = 1>

State 11 <SV = 10> <Delay = 1.49>
ST_11 : Operation 69 [26/29] (1.49ns)   --->   "%sdiv_ln1303 = sdiv i25 %t_1, i25 %p_cast_cast"   --->   Operation 69 'sdiv' 'sdiv_ln1303' <Predicate = true> <Delay = 1.49> <CoreInst = "Divider">   --->   Core 6 'Divider' <Latency = 28> <II = 1> <Delay = 1.49> <FuncUnit> <Opcode : 'sdiv' 'srem' 'udiv' 'urem'> <InPorts = 2> <OutPorts = 1>

State 12 <SV = 11> <Delay = 1.49>
ST_12 : Operation 70 [25/29] (1.49ns)   --->   "%sdiv_ln1303 = sdiv i25 %t_1, i25 %p_cast_cast"   --->   Operation 70 'sdiv' 'sdiv_ln1303' <Predicate = true> <Delay = 1.49> <CoreInst = "Divider">   --->   Core 6 'Divider' <Latency = 28> <II = 1> <Delay = 1.49> <FuncUnit> <Opcode : 'sdiv' 'srem' 'udiv' 'urem'> <InPorts = 2> <OutPorts = 1>

State 13 <SV = 12> <Delay = 1.49>
ST_13 : Operation 71 [24/29] (1.49ns)   --->   "%sdiv_ln1303 = sdiv i25 %t_1, i25 %p_cast_cast"   --->   Operation 71 'sdiv' 'sdiv_ln1303' <Predicate = true> <Delay = 1.49> <CoreInst = "Divider">   --->   Core 6 'Divider' <Latency = 28> <II = 1> <Delay = 1.49> <FuncUnit> <Opcode : 'sdiv' 'srem' 'udiv' 'urem'> <InPorts = 2> <OutPorts = 1>

State 14 <SV = 13> <Delay = 1.49>
ST_14 : Operation 72 [23/29] (1.49ns)   --->   "%sdiv_ln1303 = sdiv i25 %t_1, i25 %p_cast_cast"   --->   Operation 72 'sdiv' 'sdiv_ln1303' <Predicate = true> <Delay = 1.49> <CoreInst = "Divider">   --->   Core 6 'Divider' <Latency = 28> <II = 1> <Delay = 1.49> <FuncUnit> <Opcode : 'sdiv' 'srem' 'udiv' 'urem'> <InPorts = 2> <OutPorts = 1>

State 15 <SV = 14> <Delay = 1.49>
ST_15 : Operation 73 [22/29] (1.49ns)   --->   "%sdiv_ln1303 = sdiv i25 %t_1, i25 %p_cast_cast"   --->   Operation 73 'sdiv' 'sdiv_ln1303' <Predicate = true> <Delay = 1.49> <CoreInst = "Divider">   --->   Core 6 'Divider' <Latency = 28> <II = 1> <Delay = 1.49> <FuncUnit> <Opcode : 'sdiv' 'srem' 'udiv' 'urem'> <InPorts = 2> <OutPorts = 1>

State 16 <SV = 15> <Delay = 1.49>
ST_16 : Operation 74 [21/29] (1.49ns)   --->   "%sdiv_ln1303 = sdiv i25 %t_1, i25 %p_cast_cast"   --->   Operation 74 'sdiv' 'sdiv_ln1303' <Predicate = true> <Delay = 1.49> <CoreInst = "Divider">   --->   Core 6 'Divider' <Latency = 28> <II = 1> <Delay = 1.49> <FuncUnit> <Opcode : 'sdiv' 'srem' 'udiv' 'urem'> <InPorts = 2> <OutPorts = 1>

State 17 <SV = 16> <Delay = 1.49>
ST_17 : Operation 75 [20/29] (1.49ns)   --->   "%sdiv_ln1303 = sdiv i25 %t_1, i25 %p_cast_cast"   --->   Operation 75 'sdiv' 'sdiv_ln1303' <Predicate = true> <Delay = 1.49> <CoreInst = "Divider">   --->   Core 6 'Divider' <Latency = 28> <II = 1> <Delay = 1.49> <FuncUnit> <Opcode : 'sdiv' 'srem' 'udiv' 'urem'> <InPorts = 2> <OutPorts = 1>

State 18 <SV = 17> <Delay = 1.49>
ST_18 : Operation 76 [19/29] (1.49ns)   --->   "%sdiv_ln1303 = sdiv i25 %t_1, i25 %p_cast_cast"   --->   Operation 76 'sdiv' 'sdiv_ln1303' <Predicate = true> <Delay = 1.49> <CoreInst = "Divider">   --->   Core 6 'Divider' <Latency = 28> <II = 1> <Delay = 1.49> <FuncUnit> <Opcode : 'sdiv' 'srem' 'udiv' 'urem'> <InPorts = 2> <OutPorts = 1>

State 19 <SV = 18> <Delay = 1.49>
ST_19 : Operation 77 [18/29] (1.49ns)   --->   "%sdiv_ln1303 = sdiv i25 %t_1, i25 %p_cast_cast"   --->   Operation 77 'sdiv' 'sdiv_ln1303' <Predicate = true> <Delay = 1.49> <CoreInst = "Divider">   --->   Core 6 'Divider' <Latency = 28> <II = 1> <Delay = 1.49> <FuncUnit> <Opcode : 'sdiv' 'srem' 'udiv' 'urem'> <InPorts = 2> <OutPorts = 1>

State 20 <SV = 19> <Delay = 1.49>
ST_20 : Operation 78 [17/29] (1.49ns)   --->   "%sdiv_ln1303 = sdiv i25 %t_1, i25 %p_cast_cast"   --->   Operation 78 'sdiv' 'sdiv_ln1303' <Predicate = true> <Delay = 1.49> <CoreInst = "Divider">   --->   Core 6 'Divider' <Latency = 28> <II = 1> <Delay = 1.49> <FuncUnit> <Opcode : 'sdiv' 'srem' 'udiv' 'urem'> <InPorts = 2> <OutPorts = 1>

State 21 <SV = 20> <Delay = 1.49>
ST_21 : Operation 79 [16/29] (1.49ns)   --->   "%sdiv_ln1303 = sdiv i25 %t_1, i25 %p_cast_cast"   --->   Operation 79 'sdiv' 'sdiv_ln1303' <Predicate = true> <Delay = 1.49> <CoreInst = "Divider">   --->   Core 6 'Divider' <Latency = 28> <II = 1> <Delay = 1.49> <FuncUnit> <Opcode : 'sdiv' 'srem' 'udiv' 'urem'> <InPorts = 2> <OutPorts = 1>

State 22 <SV = 21> <Delay = 1.49>
ST_22 : Operation 80 [15/29] (1.49ns)   --->   "%sdiv_ln1303 = sdiv i25 %t_1, i25 %p_cast_cast"   --->   Operation 80 'sdiv' 'sdiv_ln1303' <Predicate = true> <Delay = 1.49> <CoreInst = "Divider">   --->   Core 6 'Divider' <Latency = 28> <II = 1> <Delay = 1.49> <FuncUnit> <Opcode : 'sdiv' 'srem' 'udiv' 'urem'> <InPorts = 2> <OutPorts = 1>

State 23 <SV = 22> <Delay = 1.49>
ST_23 : Operation 81 [14/29] (1.49ns)   --->   "%sdiv_ln1303 = sdiv i25 %t_1, i25 %p_cast_cast"   --->   Operation 81 'sdiv' 'sdiv_ln1303' <Predicate = true> <Delay = 1.49> <CoreInst = "Divider">   --->   Core 6 'Divider' <Latency = 28> <II = 1> <Delay = 1.49> <FuncUnit> <Opcode : 'sdiv' 'srem' 'udiv' 'urem'> <InPorts = 2> <OutPorts = 1>

State 24 <SV = 23> <Delay = 1.49>
ST_24 : Operation 82 [13/29] (1.49ns)   --->   "%sdiv_ln1303 = sdiv i25 %t_1, i25 %p_cast_cast"   --->   Operation 82 'sdiv' 'sdiv_ln1303' <Predicate = true> <Delay = 1.49> <CoreInst = "Divider">   --->   Core 6 'Divider' <Latency = 28> <II = 1> <Delay = 1.49> <FuncUnit> <Opcode : 'sdiv' 'srem' 'udiv' 'urem'> <InPorts = 2> <OutPorts = 1>

State 25 <SV = 24> <Delay = 1.49>
ST_25 : Operation 83 [12/29] (1.49ns)   --->   "%sdiv_ln1303 = sdiv i25 %t_1, i25 %p_cast_cast"   --->   Operation 83 'sdiv' 'sdiv_ln1303' <Predicate = true> <Delay = 1.49> <CoreInst = "Divider">   --->   Core 6 'Divider' <Latency = 28> <II = 1> <Delay = 1.49> <FuncUnit> <Opcode : 'sdiv' 'srem' 'udiv' 'urem'> <InPorts = 2> <OutPorts = 1>

State 26 <SV = 25> <Delay = 1.49>
ST_26 : Operation 84 [11/29] (1.49ns)   --->   "%sdiv_ln1303 = sdiv i25 %t_1, i25 %p_cast_cast"   --->   Operation 84 'sdiv' 'sdiv_ln1303' <Predicate = true> <Delay = 1.49> <CoreInst = "Divider">   --->   Core 6 'Divider' <Latency = 28> <II = 1> <Delay = 1.49> <FuncUnit> <Opcode : 'sdiv' 'srem' 'udiv' 'urem'> <InPorts = 2> <OutPorts = 1>

State 27 <SV = 26> <Delay = 1.49>
ST_27 : Operation 85 [10/29] (1.49ns)   --->   "%sdiv_ln1303 = sdiv i25 %t_1, i25 %p_cast_cast"   --->   Operation 85 'sdiv' 'sdiv_ln1303' <Predicate = true> <Delay = 1.49> <CoreInst = "Divider">   --->   Core 6 'Divider' <Latency = 28> <II = 1> <Delay = 1.49> <FuncUnit> <Opcode : 'sdiv' 'srem' 'udiv' 'urem'> <InPorts = 2> <OutPorts = 1>

State 28 <SV = 27> <Delay = 1.49>
ST_28 : Operation 86 [9/29] (1.49ns)   --->   "%sdiv_ln1303 = sdiv i25 %t_1, i25 %p_cast_cast"   --->   Operation 86 'sdiv' 'sdiv_ln1303' <Predicate = true> <Delay = 1.49> <CoreInst = "Divider">   --->   Core 6 'Divider' <Latency = 28> <II = 1> <Delay = 1.49> <FuncUnit> <Opcode : 'sdiv' 'srem' 'udiv' 'urem'> <InPorts = 2> <OutPorts = 1>

State 29 <SV = 28> <Delay = 1.49>
ST_29 : Operation 87 [8/29] (1.49ns)   --->   "%sdiv_ln1303 = sdiv i25 %t_1, i25 %p_cast_cast"   --->   Operation 87 'sdiv' 'sdiv_ln1303' <Predicate = true> <Delay = 1.49> <CoreInst = "Divider">   --->   Core 6 'Divider' <Latency = 28> <II = 1> <Delay = 1.49> <FuncUnit> <Opcode : 'sdiv' 'srem' 'udiv' 'urem'> <InPorts = 2> <OutPorts = 1>

State 30 <SV = 29> <Delay = 1.49>
ST_30 : Operation 88 [7/29] (1.49ns)   --->   "%sdiv_ln1303 = sdiv i25 %t_1, i25 %p_cast_cast"   --->   Operation 88 'sdiv' 'sdiv_ln1303' <Predicate = true> <Delay = 1.49> <CoreInst = "Divider">   --->   Core 6 'Divider' <Latency = 28> <II = 1> <Delay = 1.49> <FuncUnit> <Opcode : 'sdiv' 'srem' 'udiv' 'urem'> <InPorts = 2> <OutPorts = 1>

State 31 <SV = 30> <Delay = 1.49>
ST_31 : Operation 89 [6/29] (1.49ns)   --->   "%sdiv_ln1303 = sdiv i25 %t_1, i25 %p_cast_cast"   --->   Operation 89 'sdiv' 'sdiv_ln1303' <Predicate = true> <Delay = 1.49> <CoreInst = "Divider">   --->   Core 6 'Divider' <Latency = 28> <II = 1> <Delay = 1.49> <FuncUnit> <Opcode : 'sdiv' 'srem' 'udiv' 'urem'> <InPorts = 2> <OutPorts = 1>

State 32 <SV = 31> <Delay = 1.49>
ST_32 : Operation 90 [5/29] (1.49ns)   --->   "%sdiv_ln1303 = sdiv i25 %t_1, i25 %p_cast_cast"   --->   Operation 90 'sdiv' 'sdiv_ln1303' <Predicate = true> <Delay = 1.49> <CoreInst = "Divider">   --->   Core 6 'Divider' <Latency = 28> <II = 1> <Delay = 1.49> <FuncUnit> <Opcode : 'sdiv' 'srem' 'udiv' 'urem'> <InPorts = 2> <OutPorts = 1>

State 33 <SV = 32> <Delay = 1.49>
ST_33 : Operation 91 [4/29] (1.49ns)   --->   "%sdiv_ln1303 = sdiv i25 %t_1, i25 %p_cast_cast"   --->   Operation 91 'sdiv' 'sdiv_ln1303' <Predicate = true> <Delay = 1.49> <CoreInst = "Divider">   --->   Core 6 'Divider' <Latency = 28> <II = 1> <Delay = 1.49> <FuncUnit> <Opcode : 'sdiv' 'srem' 'udiv' 'urem'> <InPorts = 2> <OutPorts = 1>

State 34 <SV = 33> <Delay = 1.49>
ST_34 : Operation 92 [3/29] (1.49ns)   --->   "%sdiv_ln1303 = sdiv i25 %t_1, i25 %p_cast_cast"   --->   Operation 92 'sdiv' 'sdiv_ln1303' <Predicate = true> <Delay = 1.49> <CoreInst = "Divider">   --->   Core 6 'Divider' <Latency = 28> <II = 1> <Delay = 1.49> <FuncUnit> <Opcode : 'sdiv' 'srem' 'udiv' 'urem'> <InPorts = 2> <OutPorts = 1>

State 35 <SV = 34> <Delay = 1.49>
ST_35 : Operation 93 [2/29] (1.49ns)   --->   "%sdiv_ln1303 = sdiv i25 %t_1, i25 %p_cast_cast"   --->   Operation 93 'sdiv' 'sdiv_ln1303' <Predicate = true> <Delay = 1.49> <CoreInst = "Divider">   --->   Core 6 'Divider' <Latency = 28> <II = 1> <Delay = 1.49> <FuncUnit> <Opcode : 'sdiv' 'srem' 'udiv' 'urem'> <InPorts = 2> <OutPorts = 1>
ST_35 : Operation 99 [1/1] (0.00ns)   --->   "%ret_ln0 = ret"   --->   Operation 99 'ret' 'ret_ln0' <Predicate = (icmp_ln57)> <Delay = 0.00>

State 36 <SV = 35> <Delay = 2.16>
ST_36 : Operation 94 [1/1] (0.00ns)   --->   "%specloopname_ln57 = specloopname void @_ssdm_op_SpecLoopName, void @empty_3" [pipeline/C_Dense.cpp:57]   --->   Operation 94 'specloopname' 'specloopname_ln57' <Predicate = true> <Delay = 0.00>
ST_36 : Operation 95 [1/29] (1.49ns)   --->   "%sdiv_ln1303 = sdiv i25 %t_1, i25 %p_cast_cast"   --->   Operation 95 'sdiv' 'sdiv_ln1303' <Predicate = true> <Delay = 1.49> <CoreInst = "Divider">   --->   Core 6 'Divider' <Latency = 28> <II = 1> <Delay = 1.49> <FuncUnit> <Opcode : 'sdiv' 'srem' 'udiv' 'urem'> <InPorts = 2> <OutPorts = 1>
ST_36 : Operation 96 [1/1] (0.00ns)   --->   "%trunc_ln813 = trunc i16 %sdiv_ln1303"   --->   Operation 96 'trunc' 'trunc_ln813' <Predicate = true> <Delay = 0.00>
ST_36 : Operation 97 [1/1] (0.67ns)   --->   "%store_ln58 = store i16 %trunc_ln813, i4 %out_Dense_V_addr" [pipeline/C_Dense.cpp:58]   --->   Operation 97 'store' 'store_ln58' <Predicate = true> <Delay = 0.67> <CoreInst = "RAM">   --->   Core 83 'RAM' <Latency = 1> <II = 1> <Delay = 0.67> <Storage> <Opcode : 'load' 'store'> <Ports = 2> <Width = 16> <Depth = 10> <RAM>
ST_36 : Operation 98 [1/1] (0.00ns)   --->   "%br_ln57 = br void %for.body52" [pipeline/C_Dense.cpp:57]   --->   Operation 98 'br' 'br_ln57' <Predicate = true> <Delay = 0.00>


============================================================
+ Verbose Summary: Binding
============================================================
STG Binding: 
---------------- STG Properties BEGIN ----------------
- Is combinational: 0
- Is one-state seq: 0
- Is datapath-only: 0
- Is pipelined: 0
- Is top level: 0
Port [ Return ] is wired: 1; IO mode=ap_ctrl_hs:ce=0
Port [ out_Dense_V]:  wired=1; compound=1; hidden=0; nouse=0; global=0; static=0; extern=0; dir=2; type=1; pingpong=0; private_global=0; MemPort=[01]; IO mode=ap_memory:ce=0
Port [ sext_ln813_3]:  wired=1; compound=0; hidden=0; nouse=0; global=0; static=0; extern=0; dir=0; type=0; pingpong=0; private_global=0; IO mode=ap_none:ce=0
Port [ p_cast]:  wired=1; compound=0; hidden=0; nouse=0; global=0; static=0; extern=0; dir=0; type=0; pingpong=0; private_global=0; IO mode=ap_none:ce=0
Port [ f_x_lsb_table_V]:  wired=0; compound=1; hidden=1; nouse=1; global=1; static=1; extern=0; dir=0; type=1; pingpong=0; private_global=0; MemPort=[1]; IO mode=ap_memory:ce=0
Port [ exp_x_msb_2_m_1_table_V]:  wired=0; compound=1; hidden=1; nouse=1; global=1; static=1; extern=0; dir=0; type=1; pingpong=0; private_global=0; MemPort=[1]; IO mode=ap_memory:ce=0
Port [ exp_x_msb_1_table_V]:  wired=0; compound=1; hidden=1; nouse=1; global=1; static=1; extern=0; dir=0; type=1; pingpong=0; private_global=0; MemPort=[1]; IO mode=ap_memory:ce=0
---------------- STG Properties END ------------------

---------------- Datapath Model BEGIN ----------------

<LifeTime>
<method=bitvector/>
i                 (alloca           ) [ 0100000000000000000000000000000000000]
p_cast_read       (read             ) [ 0000000000000000000000000000000000000]
sext_ln813_3_read (read             ) [ 0000000000000000000000000000000000000]
p_cast_cast       (sext             ) [ 0111111111111111111111111111111111111]
sext_ln813_3_cast (sext             ) [ 0110000000000000000000000000000000000]
store_ln0         (store            ) [ 0000000000000000000000000000000000000]
br_ln0            (br               ) [ 0000000000000000000000000000000000000]
i_6               (load             ) [ 0000000000000000000000000000000000000]
specpipeline_ln0  (specpipeline     ) [ 0000000000000000000000000000000000000]
icmp_ln57         (icmp             ) [ 0111111111111111111111111111111111110]
empty             (speclooptripcount) [ 0000000000000000000000000000000000000]
add_ln57          (add              ) [ 0000000000000000000000000000000000000]
br_ln57           (br               ) [ 0000000000000000000000000000000000000]
i_8_cast          (zext             ) [ 0000000000000000000000000000000000000]
out_Dense_V_addr  (getelementptr    ) [ 0111111111111111111111111111111111111]
store_ln57        (store            ) [ 0000000000000000000000000000000000000]
lhs               (load             ) [ 0000000000000000000000000000000000000]
sext_ln813        (sext             ) [ 0000000000000000000000000000000000000]
ret_V             (sub              ) [ 0000000000000000000000000000000000000]
t                 (call             ) [ 0100000010000000000000000000000000000]
t_1               (bitconcatenate   ) [ 0100000001111111111111111111111111111]
specloopname_ln57 (specloopname     ) [ 0000000000000000000000000000000000000]
sdiv_ln1303       (sdiv             ) [ 0000000000000000000000000000000000000]
trunc_ln813       (trunc            ) [ 0000000000000000000000000000000000000]
store_ln58        (store            ) [ 0000000000000000000000000000000000000]
br_ln57           (br               ) [ 0000000000000000000000000000000000000]
ret_ln0           (ret              ) [ 0000000000000000000000000000000000000]
</LifeTime>

<model>

<comp_list>
<comp id="0" class="1000" name="out_Dense_V">
<pin_list>
<pin id="1" dir="1" index="0" bw="1" slack="0"/>
</pin_list>
<bind>
<StgValue><ssdm name="out_Dense_V"/><MemPortTyVec>0 1 </MemPortTyVec>
</StgValue>
</bind>
</comp>

<comp id="2" class="1000" name="sext_ln813_3">
<pin_list>
<pin id="3" dir="1" index="0" bw="1" slack="0"/>
</pin_list>
<bind>
<StgValue><ssdm name="sext_ln813_3"/></StgValue>
</bind>
</comp>

<comp id="4" class="1000" name="p_cast">
<pin_list>
<pin id="5" dir="1" index="0" bw="1" slack="0"/>
</pin_list>
<bind>
<StgValue><ssdm name="p_cast"/></StgValue>
</bind>
</comp>

<comp id="6" class="1000" name="f_x_lsb_table_V">
<pin_list>
<pin id="7" dir="1" index="0" bw="1" slack="0"/>
</pin_list>
<bind>
<StgValue><ssdm name="f_x_lsb_table_V"/><MemPortTyVec>1 </MemPortTyVec>
</StgValue>
</bind>
</comp>

<comp id="8" class="1000" name="exp_x_msb_2_m_1_table_V">
<pin_list>
<pin id="9" dir="1" index="0" bw="1" slack="0"/>
</pin_list>
<bind>
<StgValue><ssdm name="exp_x_msb_2_m_1_table_V"/><MemPortTyVec>1 </MemPortTyVec>
</StgValue>
</bind>
</comp>

<comp id="10" class="1000" name="exp_x_msb_1_table_V">
<pin_list>
<pin id="11" dir="1" index="0" bw="1" slack="0"/>
</pin_list>
<bind>
<StgValue><ssdm name="exp_x_msb_1_table_V"/><MemPortTyVec>1 </MemPortTyVec>
</StgValue>
</bind>
</comp>

<comp id="12" class="1001" name="const_12">
<pin_list>
<pin id="13" dir="1" index="0" bw="1" slack="0"/>
</pin_list>
<bind>
<StgValue><ssdm name=""/></StgValue>
</bind>
</comp>

<comp id="14" class="1001" name="const_14">
<pin_list>
<pin id="15" dir="1" index="0" bw="1" slack="0"/>
</pin_list>
<bind>
<StgValue><ssdm name="_ssdm_op_Read.ap_auto.i16"/></StgValue>
</bind>
</comp>

<comp id="16" class="1001" name="const_16">
<pin_list>
<pin id="17" dir="1" index="0" bw="1" slack="0"/>
</pin_list>
<bind>
<StgValue><ssdm name=""/></StgValue>
</bind>
</comp>

<comp id="18" class="1001" name="const_18">
<pin_list>
<pin id="19" dir="1" index="0" bw="1" slack="2147483647"/>
</pin_list>
<bind>
<StgValue><ssdm name="_ssdm_op_SpecPipeline"/></StgValue>
</bind>
</comp>

<comp id="20" class="1001" name="const_20">
<pin_list>
<pin id="21" dir="1" index="0" bw="1" slack="2147483647"/>
</pin_list>
<bind>
<StgValue><ssdm name=""/></StgValue>
</bind>
</comp>

<comp id="22" class="1001" name="const_22">
<pin_list>
<pin id="23" dir="1" index="0" bw="1" slack="2147483647"/>
</pin_list>
<bind>
<StgValue><ssdm name=""/></StgValue>
</bind>
</comp>

<comp id="24" class="1001" name="const_24">
<pin_list>
<pin id="25" dir="1" index="0" bw="1" slack="2147483647"/>
</pin_list>
<bind>
<StgValue><ssdm name="p_str"/></StgValue>
</bind>
</comp>

<comp id="26" class="1001" name="const_26">
<pin_list>
<pin id="27" dir="1" index="0" bw="1" slack="0"/>
</pin_list>
<bind>
<StgValue><ssdm name=""/></StgValue>
</bind>
</comp>

<comp id="28" class="1001" name="const_28">
<pin_list>
<pin id="29" dir="1" index="0" bw="1" slack="2147483647"/>
</pin_list>
<bind>
<StgValue><ssdm name="_ssdm_op_SpecLoopTripCount"/></StgValue>
</bind>
</comp>

<comp id="30" class="1001" name="const_30">
<pin_list>
<pin id="31" dir="1" index="0" bw="1" slack="2147483647"/>
</pin_list>
<bind>
<StgValue><ssdm name=""/></StgValue>
</bind>
</comp>

<comp id="32" class="1001" name="const_32">
<pin_list>
<pin id="33" dir="1" index="0" bw="1" slack="0"/>
</pin_list>
<bind>
<StgValue><ssdm name=""/></StgValue>
</bind>
</comp>

<comp id="34" class="1001" name="const_34">
<pin_list>
<pin id="35" dir="1" index="0" bw="1" slack="0"/>
</pin_list>
<bind>
<StgValue><ssdm name=""/></StgValue>
</bind>
</comp>

<comp id="36" class="1001" name="const_36">
<pin_list>
<pin id="37" dir="1" index="0" bw="1" slack="0"/>
</pin_list>
<bind>
<StgValue><ssdm name="exp<17, 9>"/></StgValue>
</bind>
</comp>

<comp id="38" class="1001" name="const_38">
<pin_list>
<pin id="39" dir="1" index="0" bw="1" slack="0"/>
</pin_list>
<bind>
<StgValue><ssdm name="_ssdm_op_BitConcatenate.i25.i17.i8"/></StgValue>
</bind>
</comp>

<comp id="40" class="1001" name="const_40">
<pin_list>
<pin id="41" dir="1" index="0" bw="1" slack="0"/>
</pin_list>
<bind>
<StgValue><ssdm name=""/></StgValue>
</bind>
</comp>

<comp id="42" class="1001" name="const_42">
<pin_list>
<pin id="43" dir="1" index="0" bw="1" slack="2147483647"/>
</pin_list>
<bind>
<StgValue><ssdm name="_ssdm_op_SpecLoopName"/></StgValue>
</bind>
</comp>

<comp id="44" class="1001" name="const_44">
<pin_list>
<pin id="45" dir="1" index="0" bw="1" slack="2147483647"/>
</pin_list>
<bind>
<StgValue><ssdm name="empty_3"/></StgValue>
</bind>
</comp>

<comp id="46" class="1004" name="i_fu_46">
<pin_list>
<pin id="47" dir="0" index="0" bw="1" slack="0"/>
<pin id="48" dir="1" index="1" bw="4" slack="0"/>
</pin_list>
<bind>
<opcode="alloca(26) " fcode="alloca"/>
<opset="i/1 "/>
</bind>
</comp>

<comp id="50" class="1004" name="p_cast_read_read_fu_50">
<pin_list>
<pin id="51" dir="0" index="0" bw="16" slack="0"/>
<pin id="52" dir="0" index="1" bw="16" slack="0"/>
<pin id="53" dir="1" index="2" bw="16" slack="0"/>
</pin_list>
<bind>
<opcode="read(1150) " fcode="read"/>
<opset="p_cast_read/1 "/>
</bind>
</comp>

<comp id="56" class="1004" name="sext_ln813_3_read_read_fu_56">
<pin_list>
<pin id="57" dir="0" index="0" bw="16" slack="0"/>
<pin id="58" dir="0" index="1" bw="16" slack="0"/>
<pin id="59" dir="1" index="2" bw="16" slack="0"/>
</pin_list>
<bind>
<opcode="read(1150) " fcode="read"/>
<opset="sext_ln813_3_read/1 "/>
</bind>
</comp>

<comp id="62" class="1004" name="out_Dense_V_addr_gep_fu_62">
<pin_list>
<pin id="63" dir="0" index="0" bw="16" slack="0"/>
<pin id="64" dir="0" index="1" bw="1" slack="0"/>
<pin id="65" dir="0" index="2" bw="4" slack="0"/>
<pin id="66" dir="1" index="3" bw="4" slack="0"/>
</pin_list>
<bind>
<opcode="getelementptr(29) " fcode="getelementptr"/>
<opset="out_Dense_V_addr/1 "/>
</bind>
</comp>

<comp id="69" class="1004" name="grp_access_fu_69">
<pin_list>
<pin id="70" dir="0" index="0" bw="4" slack="35"/>
<pin id="71" dir="0" index="1" bw="16" slack="0"/>
<pin id="72" dir="0" index="2" bw="0" slack="0"/>
<pin id="74" dir="0" index="4" bw="4" slack="2147483647"/>
<pin id="75" dir="0" index="5" bw="16" slack="2147483647"/>
<pin id="76" dir="0" index="6" bw="0" slack="2147483647"/>
<pin id="73" dir="1" index="3" bw="16" slack="2147483647"/>
<pin id="77" dir="1" index="7" bw="16" slack="0"/>
</pin_list>
<bind>
<opcode="load(27) store(28) " fcode="store"/>
<opset="lhs/1 store_ln58/36 "/>
</bind>
</comp>

<comp id="79" class="1004" name="grp_exp_17_9_s_fu_79">
<pin_list>
<pin id="80" dir="0" index="0" bw="17" slack="0"/>
<pin id="81" dir="0" index="1" bw="17" slack="0"/>
<pin id="82" dir="0" index="2" bw="11" slack="0"/>
<pin id="83" dir="0" index="3" bw="25" slack="0"/>
<pin id="84" dir="0" index="4" bw="25" slack="0"/>
<pin id="85" dir="1" index="5" bw="17" slack="1"/>
</pin_list>
<bind>
<opcode="call(48) " fcode="call"/>
<opset="t/2 "/>
</bind>
</comp>

<comp id="90" class="1004" name="p_cast_cast_fu_90">
<pin_list>
<pin id="91" dir="0" index="0" bw="16" slack="0"/>
<pin id="92" dir="1" index="1" bw="25" slack="7"/>
</pin_list>
<bind>
<opcode="sext(35) " fcode="sext"/>
<opset="p_cast_cast/1 "/>
</bind>
</comp>

<comp id="94" class="1004" name="sext_ln813_3_cast_fu_94">
<pin_list>
<pin id="95" dir="0" index="0" bw="16" slack="0"/>
<pin id="96" dir="1" index="1" bw="17" slack="1"/>
</pin_list>
<bind>
<opcode="sext(35) " fcode="sext"/>
<opset="sext_ln813_3_cast/1 "/>
</bind>
</comp>

<comp id="98" class="1004" name="store_ln0_store_fu_98">
<pin_list>
<pin id="99" dir="0" index="0" bw="1" slack="0"/>
<pin id="100" dir="0" index="1" bw="4" slack="0"/>
<pin id="101" dir="1" index="2" bw="0" slack="2147483647"/>
</pin_list>
<bind>
<opcode="store(28) " fcode="store"/>
<opset="store_ln0/1 "/>
</bind>
</comp>

<comp id="103" class="1004" name="i_6_load_fu_103">
<pin_list>
<pin id="104" dir="0" index="0" bw="4" slack="0"/>
<pin id="105" dir="1" index="1" bw="4" slack="0"/>
</pin_list>
<bind>
<opcode="load(27) " fcode="load"/>
<opset="i_6/1 "/>
</bind>
</comp>

<comp id="106" class="1004" name="icmp_ln57_fu_106">
<pin_list>
<pin id="107" dir="0" index="0" bw="4" slack="0"/>
<pin id="108" dir="0" index="1" bw="4" slack="0"/>
<pin id="109" dir="1" index="2" bw="1" slack="34"/>
</pin_list>
<bind>
<opcode="icmp(45) " fcode="icmp"/>
<opset="icmp_ln57/1 "/>
</bind>
</comp>

<comp id="112" class="1004" name="add_ln57_fu_112">
<pin_list>
<pin id="113" dir="0" index="0" bw="4" slack="0"/>
<pin id="114" dir="0" index="1" bw="1" slack="0"/>
<pin id="115" dir="1" index="2" bw="4" slack="0"/>
</pin_list>
<bind>
<opcode="add(8) " fcode="add"/>
<opset="add_ln57/1 "/>
</bind>
</comp>

<comp id="118" class="1004" name="i_8_cast_fu_118">
<pin_list>
<pin id="119" dir="0" index="0" bw="4" slack="0"/>
<pin id="120" dir="1" index="1" bw="64" slack="0"/>
</pin_list>
<bind>
<opcode="zext(34) " fcode="zext"/>
<opset="i_8_cast/1 "/>
</bind>
</comp>

<comp id="123" class="1004" name="store_ln57_store_fu_123">
<pin_list>
<pin id="124" dir="0" index="0" bw="4" slack="0"/>
<pin id="125" dir="0" index="1" bw="4" slack="0"/>
<pin id="126" dir="1" index="2" bw="0" slack="2147483647"/>
</pin_list>
<bind>
<opcode="store(28) " fcode="store"/>
<opset="store_ln57/1 "/>
</bind>
</comp>

<comp id="128" class="1004" name="sext_ln813_fu_128">
<pin_list>
<pin id="129" dir="0" index="0" bw="16" slack="0"/>
<pin id="130" dir="1" index="1" bw="17" slack="0"/>
</pin_list>
<bind>
<opcode="sext(35) " fcode="sext"/>
<opset="sext_ln813/2 "/>
</bind>
</comp>

<comp id="132" class="1004" name="ret_V_fu_132">
<pin_list>
<pin id="133" dir="0" index="0" bw="16" slack="0"/>
<pin id="134" dir="0" index="1" bw="16" slack="1"/>
<pin id="135" dir="1" index="2" bw="17" slack="0"/>
</pin_list>
<bind>
<opcode="sub(10) " fcode="sub"/>
<opset="ret_V/2 "/>
</bind>
</comp>

<comp id="138" class="1004" name="t_1_fu_138">
<pin_list>
<pin id="139" dir="0" index="0" bw="25" slack="0"/>
<pin id="140" dir="0" index="1" bw="17" slack="1"/>
<pin id="141" dir="0" index="2" bw="1" slack="0"/>
<pin id="142" dir="1" index="3" bw="25" slack="0"/>
</pin_list>
<bind>
<opcode="bitconcatenate(1004) " fcode="bitconcatenate"/>
<opset="t_1/8 "/>
</bind>
</comp>

<comp id="145" class="1004" name="grp_fu_145">
<pin_list>
<pin id="146" dir="0" index="0" bw="25" slack="0"/>
<pin id="147" dir="0" index="1" bw="16" slack="7"/>
<pin id="148" dir="1" index="2" bw="16" slack="0"/>
</pin_list>
<bind>
<opcode="sdiv(15) " fcode="sdiv"/>
<opset="sdiv_ln1303/8 "/>
</bind>
</comp>

<comp id="150" class="1004" name="trunc_ln813_fu_150">
<pin_list>
<pin id="151" dir="0" index="0" bw="16" slack="0"/>
<pin id="152" dir="1" index="1" bw="16" slack="0"/>
</pin_list>
<bind>
<opcode="trunc(33) " fcode="trunc"/>
<opset="trunc_ln813/36 "/>
</bind>
</comp>

<comp id="155" class="1005" name="i_reg_155">
<pin_list>
<pin id="156" dir="0" index="0" bw="4" slack="0"/>
<pin id="157" dir="1" index="1" bw="4" slack="0"/>
</pin_list>
<bind>
<opset="i "/>
</bind>
</comp>

<comp id="162" class="1005" name="p_cast_cast_reg_162">
<pin_list>
<pin id="163" dir="0" index="0" bw="25" slack="7"/>
<pin id="164" dir="1" index="1" bw="25" slack="7"/>
</pin_list>
<bind>
<opset="p_cast_cast "/>
</bind>
</comp>

<comp id="167" class="1005" name="sext_ln813_3_cast_reg_167">
<pin_list>
<pin id="168" dir="0" index="0" bw="17" slack="1"/>
<pin id="169" dir="1" index="1" bw="17" slack="1"/>
</pin_list>
<bind>
<opset="sext_ln813_3_cast "/>
</bind>
</comp>

<comp id="172" class="1005" name="icmp_ln57_reg_172">
<pin_list>
<pin id="173" dir="0" index="0" bw="1" slack="34"/>
<pin id="174" dir="1" index="1" bw="1" slack="2147483647"/>
</pin_list>
<bind>
<opset="icmp_ln57 "/>
</bind>
</comp>

<comp id="176" class="1005" name="out_Dense_V_addr_reg_176">
<pin_list>
<pin id="177" dir="0" index="0" bw="4" slack="1"/>
<pin id="178" dir="1" index="1" bw="4" slack="1"/>
</pin_list>
<bind>
<opset="out_Dense_V_addr "/>
</bind>
</comp>

<comp id="182" class="1005" name="t_reg_182">
<pin_list>
<pin id="183" dir="0" index="0" bw="17" slack="1"/>
<pin id="184" dir="1" index="1" bw="17" slack="1"/>
</pin_list>
<bind>
<opset="t "/>
</bind>
</comp>

<comp id="187" class="1005" name="t_1_reg_187">
<pin_list>
<pin id="188" dir="0" index="0" bw="25" slack="1"/>
<pin id="189" dir="1" index="1" bw="25" slack="1"/>
</pin_list>
<bind>
<opset="t_1 "/>
</bind>
</comp>

</comp_list>

<net_list>
<net id="49"><net_src comp="12" pin="0"/><net_sink comp="46" pin=0"/></net>

<net id="54"><net_src comp="14" pin="0"/><net_sink comp="50" pin=0"/></net>

<net id="55"><net_src comp="4" pin="0"/><net_sink comp="50" pin=1"/></net>

<net id="60"><net_src comp="14" pin="0"/><net_sink comp="56" pin=0"/></net>

<net id="61"><net_src comp="2" pin="0"/><net_sink comp="56" pin=1"/></net>

<net id="67"><net_src comp="0" pin="0"/><net_sink comp="62" pin=0"/></net>

<net id="68"><net_src comp="34" pin="0"/><net_sink comp="62" pin=1"/></net>

<net id="78"><net_src comp="62" pin="3"/><net_sink comp="69" pin=2"/></net>

<net id="86"><net_src comp="36" pin="0"/><net_sink comp="79" pin=0"/></net>

<net id="87"><net_src comp="6" pin="0"/><net_sink comp="79" pin=2"/></net>

<net id="88"><net_src comp="8" pin="0"/><net_sink comp="79" pin=3"/></net>

<net id="89"><net_src comp="10" pin="0"/><net_sink comp="79" pin=4"/></net>

<net id="93"><net_src comp="50" pin="2"/><net_sink comp="90" pin=0"/></net>

<net id="97"><net_src comp="56" pin="2"/><net_sink comp="94" pin=0"/></net>

<net id="102"><net_src comp="16" pin="0"/><net_sink comp="98" pin=0"/></net>

<net id="110"><net_src comp="103" pin="1"/><net_sink comp="106" pin=0"/></net>

<net id="111"><net_src comp="26" pin="0"/><net_sink comp="106" pin=1"/></net>

<net id="116"><net_src comp="103" pin="1"/><net_sink comp="112" pin=0"/></net>

<net id="117"><net_src comp="32" pin="0"/><net_sink comp="112" pin=1"/></net>

<net id="121"><net_src comp="103" pin="1"/><net_sink comp="118" pin=0"/></net>

<net id="122"><net_src comp="118" pin="1"/><net_sink comp="62" pin=2"/></net>

<net id="127"><net_src comp="112" pin="2"/><net_sink comp="123" pin=0"/></net>

<net id="131"><net_src comp="69" pin="7"/><net_sink comp="128" pin=0"/></net>

<net id="136"><net_src comp="128" pin="1"/><net_sink comp="132" pin=0"/></net>

<net id="137"><net_src comp="132" pin="2"/><net_sink comp="79" pin=1"/></net>

<net id="143"><net_src comp="38" pin="0"/><net_sink comp="138" pin=0"/></net>

<net id="144"><net_src comp="40" pin="0"/><net_sink comp="138" pin=2"/></net>

<net id="149"><net_src comp="138" pin="3"/><net_sink comp="145" pin=0"/></net>

<net id="153"><net_src comp="145" pin="2"/><net_sink comp="150" pin=0"/></net>

<net id="154"><net_src comp="150" pin="1"/><net_sink comp="69" pin=1"/></net>

<net id="158"><net_src comp="46" pin="1"/><net_sink comp="155" pin=0"/></net>

<net id="159"><net_src comp="155" pin="1"/><net_sink comp="98" pin=1"/></net>

<net id="160"><net_src comp="155" pin="1"/><net_sink comp="103" pin=0"/></net>

<net id="161"><net_src comp="155" pin="1"/><net_sink comp="123" pin=1"/></net>

<net id="165"><net_src comp="90" pin="1"/><net_sink comp="162" pin=0"/></net>

<net id="166"><net_src comp="162" pin="1"/><net_sink comp="145" pin=1"/></net>

<net id="170"><net_src comp="94" pin="1"/><net_sink comp="167" pin=0"/></net>

<net id="171"><net_src comp="167" pin="1"/><net_sink comp="132" pin=1"/></net>

<net id="175"><net_src comp="106" pin="2"/><net_sink comp="172" pin=0"/></net>

<net id="179"><net_src comp="62" pin="3"/><net_sink comp="176" pin=0"/></net>

<net id="180"><net_src comp="176" pin="1"/><net_sink comp="69" pin=2"/></net>

<net id="181"><net_src comp="176" pin="1"/><net_sink comp="69" pin=0"/></net>

<net id="185"><net_src comp="79" pin="5"/><net_sink comp="182" pin=0"/></net>

<net id="186"><net_src comp="182" pin="1"/><net_sink comp="138" pin=1"/></net>

<net id="190"><net_src comp="138" pin="3"/><net_sink comp="187" pin=0"/></net>

<net id="191"><net_src comp="187" pin="1"/><net_sink comp="145" pin=0"/></net>

</net_list>

</model> 
---------------- Datapath Model END ------------------

* FSMD analyzer results:
  - Output states:
	Port: out_Dense_V | {36 }
 - Input state : 
	Port: C_Dense_2_Pipeline_VITIS_LOOP_57_2 : out_Dense_V | {1 2 }
	Port: C_Dense_2_Pipeline_VITIS_LOOP_57_2 : sext_ln813_3 | {1 }
	Port: C_Dense_2_Pipeline_VITIS_LOOP_57_2 : p_cast | {1 }
	Port: C_Dense_2_Pipeline_VITIS_LOOP_57_2 : f_x_lsb_table_V | {2 3 }
	Port: C_Dense_2_Pipeline_VITIS_LOOP_57_2 : exp_x_msb_2_m_1_table_V | {2 3 }
	Port: C_Dense_2_Pipeline_VITIS_LOOP_57_2 : exp_x_msb_1_table_V | {6 7 }
  - Chain level:
	State 1
		store_ln0 : 1
		i_6 : 1
		icmp_ln57 : 2
		add_ln57 : 2
		br_ln57 : 3
		i_8_cast : 2
		out_Dense_V_addr : 3
		lhs : 4
		store_ln57 : 3
	State 2
		sext_ln813 : 1
		ret_V : 2
		t : 3
	State 3
	State 4
	State 5
	State 6
	State 7
	State 8
		sdiv_ln1303 : 1
	State 9
	State 10
	State 11
	State 12
	State 13
	State 14
	State 15
	State 16
	State 17
	State 18
	State 19
	State 20
	State 21
	State 22
	State 23
	State 24
	State 25
	State 26
	State 27
	State 28
	State 29
	State 30
	State 31
	State 32
	State 33
	State 34
	State 35
	State 36
		trunc_ln813 : 1
		store_ln58 : 2


============================================================
+ Verbose Summary: Datapath Resource usage 
============================================================

* Functional unit list:
|----------|------------------------------|---------|---------|---------|---------|
| Operation|        Functional Unit       |   DSP   |  Delay  |    FF   |   LUT   |
|----------|------------------------------|---------|---------|---------|---------|
|   sdiv   |          grp_fu_145          |    0    |    0    |   1562  |   1177  |
|----------|------------------------------|---------|---------|---------|---------|
|   call   |     grp_exp_17_9_s_fu_79     |    3    |  2.135  |   170   |   278   |
|----------|------------------------------|---------|---------|---------|---------|
|    sub   |         ret_V_fu_132         |    0    |    0    |    0    |    23   |
|----------|------------------------------|---------|---------|---------|---------|
|    add   |        add_ln57_fu_112       |    0    |    0    |    0    |    12   |
|----------|------------------------------|---------|---------|---------|---------|
|   icmp   |       icmp_ln57_fu_106       |    0    |    0    |    0    |    9    |
|----------|------------------------------|---------|---------|---------|---------|
|   read   |    p_cast_read_read_fu_50    |    0    |    0    |    0    |    0    |
|          | sext_ln813_3_read_read_fu_56 |    0    |    0    |    0    |    0    |
|----------|------------------------------|---------|---------|---------|---------|
|          |       p_cast_cast_fu_90      |    0    |    0    |    0    |    0    |
|   sext   |    sext_ln813_3_cast_fu_94   |    0    |    0    |    0    |    0    |
|          |       sext_ln813_fu_128      |    0    |    0    |    0    |    0    |
|----------|------------------------------|---------|---------|---------|---------|
|   zext   |        i_8_cast_fu_118       |    0    |    0    |    0    |    0    |
|----------|------------------------------|---------|---------|---------|---------|
|bitconcatenate|          t_1_fu_138          |    0    |    0    |    0    |    0    |
|----------|------------------------------|---------|---------|---------|---------|
|   trunc  |      trunc_ln813_fu_150      |    0    |    0    |    0    |    0    |
|----------|------------------------------|---------|---------|---------|---------|
|   Total  |                              |    3    |  2.135  |   1732  |   1499  |
|----------|------------------------------|---------|---------|---------|---------|

Memories:
N/A

* Register list:
+-------------------------+--------+
|                         |   FF   |
+-------------------------+--------+
|        i_reg_155        |    4   |
|    icmp_ln57_reg_172    |    1   |
| out_Dense_V_addr_reg_176|    4   |
|   p_cast_cast_reg_162   |   25   |
|sext_ln813_3_cast_reg_167|   17   |
|       t_1_reg_187       |   25   |
|        t_reg_182        |   17   |
+-------------------------+--------+
|          Total          |   93   |
+-------------------------+--------+

* Multiplexer (MUX) list: 
|------------------|------|------|------|--------||---------||---------|
|       Comp       |  Pin | Size |  BW  | S x BW ||  Delay  ||   LUT   |
|------------------|------|------|------|--------||---------||---------|
| grp_access_fu_69 |  p2  |   2  |   0  |    0   ||    9    |
|    grp_fu_145    |  p0  |   2  |  25  |   50   ||    9    |
|------------------|------|------|------|--------||---------||---------|
|       Total      |      |      |      |   50   ||  0.854  ||    18   |
|------------------|------|------|------|--------||---------||---------|



* Summary:
+-----------+--------+--------+--------+--------+
|           |   DSP  |  Delay |   FF   |   LUT  |
+-----------+--------+--------+--------+--------+
|  Function |    3   |    2   |  1732  |  1499  |
|   Memory  |    -   |    -   |    -   |    -   |
|Multiplexer|    -   |    0   |    -   |   18   |
|  Register |    -   |    -   |   93   |    -   |
+-----------+--------+--------+--------+--------+
|   Total   |    3   |    2   |  1825  |  1517  |
+-----------+--------+--------+--------+--------+
