

================================================================
== Vitis HLS Report for 'C_Dense_2_Pipeline_loop_detect'
================================================================
* Date:           Wed Apr 15 01:46:54 2026

* Version:        2022.2 (Build 3670227 on Oct 13 2022)
* Project:        ProjectOne
* Solution:       solution1 (Vivado IP Flow Target)
* Product family: zynquplus
* Target device:  xck26-sfvc784-2LV-c


================================================================
== Performance Estimates
================================================================
+ Timing: 
    * Summary: 
    +--------+----------+----------+------------+
    |  Clock |  Target  | Estimated| Uncertainty|
    +--------+----------+----------+------------+
    |ap_clk  |  10.00 ns|  2.655 ns|     2.70 ns|
    +--------+----------+----------+------------+

+ Latency: 
    * Summary: 
    +---------+---------+----------+----------+-----+-----+---------+
    |  Latency (cycles) |  Latency (absolute) |  Interval | Pipeline|
    |   min   |   max   |    min   |    max   | min | max |   Type  |
    +---------+---------+----------+----------+-----+-----+---------+
    |       13|       13|  0.130 us|  0.130 us|   13|   13|       no|
    +---------+---------+----------+----------+-----+-----+---------+

    + Detail: 
        * Instance: 
        N/A

        * Loop: 
        +---------------+---------+---------+----------+-----------+-----------+------+----------+
        |               |  Latency (cycles) | Iteration|  Initiation Interval  | Trip |          |
        |   Loop Name   |   min   |   max   |  Latency |  achieved |   target  | Count| Pipelined|
        +---------------+---------+---------+----------+-----------+-----------+------+----------+
        |- loop_detect  |       11|       11|         2|          1|          1|    10|       yes|
        +---------------+---------+---------+----------+-----------+-----------+------+----------+



================================================================
== Utilization Estimates
================================================================
* Summary: 
+-----------------+---------+------+--------+--------+-----+
|       Name      | BRAM_18K|  DSP |   FF   |   LUT  | URAM|
+-----------------+---------+------+--------+--------+-----+
|DSP              |        -|     -|       -|       -|    -|
|Expression       |        -|     -|       0|      84|    -|
|FIFO             |        -|     -|       -|       -|    -|
|Instance         |        -|     -|       -|       -|    -|
|Memory           |        -|     -|       -|       -|    -|
|Multiplexer      |        -|     -|       -|      54|    -|
|Register         |        -|     -|      61|       -|    -|
+-----------------+---------+------+--------+--------+-----+
|Total            |        0|     0|      61|     138|    0|
+-----------------+---------+------+--------+--------+-----+
|Available        |      288|  1248|  234240|  117120|   64|
+-----------------+---------+------+--------+--------+-----+
|Utilization (%)  |        0|     0|      ~0|      ~0|    0|
+-----------------+---------+------+--------+--------+-----+

+ Detail: 
    * Instance: 
    N/A

    * DSP: 
    N/A

    * Memory: 
    N/A

    * FIFO: 
    N/A

    * Expression: 
    +-----------------------+----------+----+---+----+------------+------------+
    |     Variable Name     | Operation| DSP| FF| LUT| Bitwidth P0| Bitwidth P1|
    +-----------------------+----------+----+---+----+------------+------------+
    |add_ln46_fu_98_p2      |         +|   0|  0|  12|           4|           1|
    |icmp_ln1649_fu_125_p2  |      icmp|   0|  0|  13|          16|          16|
    |icmp_ln46_fu_92_p2     |      icmp|   0|  0|   9|           4|           4|
    |max_V_2_fu_131_p3      |    select|   0|  0|  16|           1|          16|
    |maxindex_3_fu_142_p3   |    select|   0|  0|  32|           1|          32|
    |ap_enable_pp0          |       xor|   0|  0|   2|           1|           2|
    +-----------------------+----------+----+---+----+------------+------------+
    |Total                  |          |   0|  0|  84|          27|          71|
    +-----------------------+----------+----+---+----+------------+------------+

    * Multiplexer: 
    +----------------------------------+----+-----------+-----+-----------+
    |               Name               | LUT| Input Size| Bits| Total Bits|
    +----------------------------------+----+-----------+-----+-----------+
    |ap_done_int                       |   9|          2|    1|          2|
    |ap_loop_exit_ready_pp0_iter1_reg  |   9|          2|    1|          2|
    |ap_sig_allocacmp_i_4              |   9|          2|    4|          8|
    |i_fu_44                           |   9|          2|    4|          8|
    |max_V_1_fu_36                     |   9|          2|   16|         32|
    |maxindex_fu_40                    |   9|          2|   32|         64|
    +----------------------------------+----+-----------+-----+-----------+
    |Total                             |  54|         12|   58|        116|
    +----------------------------------+----+-----------+-----+-----------+

    * Register: 
    +----------------------------------+----+----+-----+-----------+
    |               Name               | FF | LUT| Bits| Const Bits|
    +----------------------------------+----+----+-----+-----------+
    |ap_CS_fsm                         |   1|   0|    1|          0|
    |ap_done_reg                       |   1|   0|    1|          0|
    |ap_enable_reg_pp0_iter1           |   1|   0|    1|          0|
    |ap_loop_exit_ready_pp0_iter1_reg  |   1|   0|    1|          0|
    |i_4_reg_181                       |   4|   0|    4|          0|
    |i_fu_44                           |   4|   0|    4|          0|
    |icmp_ln46_reg_186                 |   1|   0|    1|          0|
    |max_V_1_fu_36                     |  16|   0|   16|          0|
    |maxindex_fu_40                    |  32|   0|   32|          0|
    +----------------------------------+----+----+-----+-----------+
    |Total                             |  61|   0|   61|          0|
    +----------------------------------+----+----+-----+-----------+



================================================================
== Interface
================================================================
* Summary: 
+----------------------+-----+-----+------------+--------------------------------+--------------+
|       RTL Ports      | Dir | Bits|  Protocol  |          Source Object         |    C Type    |
+----------------------+-----+-----+------------+--------------------------------+--------------+
|ap_clk                |   in|    1|  ap_ctrl_hs|  C_Dense_2_Pipeline_loop_detect|  return value|
|ap_rst                |   in|    1|  ap_ctrl_hs|  C_Dense_2_Pipeline_loop_detect|  return value|
|ap_start              |   in|    1|  ap_ctrl_hs|  C_Dense_2_Pipeline_loop_detect|  return value|
|ap_done               |  out|    1|  ap_ctrl_hs|  C_Dense_2_Pipeline_loop_detect|  return value|
|ap_idle               |  out|    1|  ap_ctrl_hs|  C_Dense_2_Pipeline_loop_detect|  return value|
|ap_ready              |  out|    1|  ap_ctrl_hs|  C_Dense_2_Pipeline_loop_detect|  return value|
|max_V                 |   in|   16|     ap_none|                           max_V|        scalar|
|out_Dense_V_address0  |  out|    4|   ap_memory|                     out_Dense_V|         array|
|out_Dense_V_ce0       |  out|    1|   ap_memory|                     out_Dense_V|         array|
|out_Dense_V_q0        |   in|   16|   ap_memory|                     out_Dense_V|         array|
|maxindex_out          |  out|    4|      ap_vld|                    maxindex_out|       pointer|
|maxindex_out_ap_vld   |  out|    1|      ap_vld|                    maxindex_out|       pointer|
+----------------------+-----+-----+------------+--------------------------------+--------------+

============================================================
+ Verbose Summary: Synthesis Manager
============================================================
InlineROM: 1
ExposeGlobal: 0
============================================================
+ Verbose Summary: CDFG Model
============================================================
IsTopModel: 0
ResetActiveHigh: 1
IsCombinational: 2
IsDatapathOnly: 2
HasWiredReturn: 1
HasMFsm: 2
HasVarLatency: 1
IsPipeline: 0
IsRtlPipelined: 0
IsInstanceOverlapped: 0
IsDontTouch: 0
HasImplIP: 0
IsGatedGlobalClock: 0

+ Individual pipeline summary: 
  * Pipeline-0: initiation interval (II) = 1, depth = 2


============================================================
+ Verbose Summary: Schedule
============================================================
* Number of FSM states : 2
* Pipeline : 1
  Pipeline-0 : II = 1, D = 2, States = { 1 2 }
* Dataflow Pipeline: 0

* FSM state transitions: 
1 --> 2 
2 --> 

* FSM state operations: 

State 1 <SV = 0> <Delay = 1.22>
ST_1 : Operation 5 [1/1] (0.00ns)   --->   "%max_V_1 = alloca i32 1"   --->   Operation 5 'alloca' 'max_V_1' <Predicate = true> <Delay = 0.00>
ST_1 : Operation 6 [1/1] (0.00ns)   --->   "%maxindex = alloca i32 1"   --->   Operation 6 'alloca' 'maxindex' <Predicate = true> <Delay = 0.00>
ST_1 : Operation 7 [1/1] (0.00ns)   --->   "%i = alloca i32 1"   --->   Operation 7 'alloca' 'i' <Predicate = true> <Delay = 0.00>
ST_1 : Operation 8 [1/1] (0.00ns)   --->   "%max_V_read = read i16 @_ssdm_op_Read.ap_auto.i16, i16 %max_V"   --->   Operation 8 'read' 'max_V_read' <Predicate = true> <Delay = 0.00>
ST_1 : Operation 9 [1/1] (0.42ns)   --->   "%store_ln0 = store i4 0, i4 %i"   --->   Operation 9 'store' 'store_ln0' <Predicate = true> <Delay = 0.42>
ST_1 : Operation 10 [1/1] (0.42ns)   --->   "%store_ln0 = store i32 0, i32 %maxindex"   --->   Operation 10 'store' 'store_ln0' <Predicate = true> <Delay = 0.42>
ST_1 : Operation 11 [1/1] (0.42ns)   --->   "%store_ln0 = store i16 %max_V_read, i16 %max_V_1"   --->   Operation 11 'store' 'store_ln0' <Predicate = true> <Delay = 0.42>
ST_1 : Operation 12 [1/1] (0.00ns)   --->   "%br_ln0 = br void %for.body23"   --->   Operation 12 'br' 'br_ln0' <Predicate = true> <Delay = 0.00>
ST_1 : Operation 13 [1/1] (0.00ns)   --->   "%i_4 = load i4 %i" [pipeline/C_Dense.cpp:46]   --->   Operation 13 'load' 'i_4' <Predicate = true> <Delay = 0.00>
ST_1 : Operation 14 [1/1] (0.72ns)   --->   "%icmp_ln46 = icmp_eq  i4 %i_4, i4 10" [pipeline/C_Dense.cpp:46]   --->   Operation 14 'icmp' 'icmp_ln46' <Predicate = true> <Delay = 0.72> <CoreInst = "Cmp">   --->   Core 9 'Cmp' <Latency = 0> <II = 1> <Delay = 0.72> <FuncUnit> <Opcode : 'icmp'> <InPorts = 2> <OutPorts = 1>
ST_1 : Operation 15 [1/1] (0.79ns)   --->   "%add_ln46 = add i4 %i_4, i4 1" [pipeline/C_Dense.cpp:46]   --->   Operation 15 'add' 'add_ln46' <Predicate = true> <Delay = 0.79> <CoreInst = "Adder">   --->   Core 1 'Adder' <Latency = 0> <II = 1> <Delay = 0.79> <FuncUnit> <Opcode : 'add' 'sub'> <InPorts = 2> <OutPorts = 1>
ST_1 : Operation 16 [1/1] (0.00ns)   --->   "%br_ln46 = br i1 %icmp_ln46, void %for.body23.split, void %for.end31.exitStub" [pipeline/C_Dense.cpp:46]   --->   Operation 16 'br' 'br_ln46' <Predicate = true> <Delay = 0.00>
ST_1 : Operation 17 [1/1] (0.00ns)   --->   "%trunc_ln47_cast = zext i4 %i_4" [pipeline/C_Dense.cpp:46]   --->   Operation 17 'zext' 'trunc_ln47_cast' <Predicate = (!icmp_ln46)> <Delay = 0.00>
ST_1 : Operation 18 [1/1] (0.00ns)   --->   "%out_Dense_V_addr = getelementptr i16 %out_Dense_V, i64 0, i64 %trunc_ln47_cast"   --->   Operation 18 'getelementptr' 'out_Dense_V_addr' <Predicate = (!icmp_ln46)> <Delay = 0.00>
ST_1 : Operation 19 [2/2] (0.67ns)   --->   "%out_Dense_V_load = load i4 %out_Dense_V_addr"   --->   Operation 19 'load' 'out_Dense_V_load' <Predicate = (!icmp_ln46)> <Delay = 0.67> <CoreInst = "RAM">   --->   Core 83 'RAM' <Latency = 1> <II = 1> <Delay = 0.67> <Storage> <Opcode : 'load' 'store'> <Ports = 2> <Width = 16> <Depth = 10> <RAM>
ST_1 : Operation 20 [1/1] (0.42ns)   --->   "%store_ln46 = store i4 %add_ln46, i4 %i" [pipeline/C_Dense.cpp:46]   --->   Operation 20 'store' 'store_ln46' <Predicate = (!icmp_ln46)> <Delay = 0.42>

State 2 <SV = 1> <Delay = 2.65>
ST_2 : Operation 21 [1/1] (0.00ns)   --->   "%maxindex_2 = load i32 %maxindex"   --->   Operation 21 'load' 'maxindex_2' <Predicate = true> <Delay = 0.00>
ST_2 : Operation 22 [1/1] (0.00ns)   --->   "%empty = trunc i32 %maxindex_2"   --->   Operation 22 'trunc' 'empty' <Predicate = true> <Delay = 0.00>
ST_2 : Operation 23 [1/1] (0.00ns)   --->   "%specpipeline_ln0 = specpipeline void @_ssdm_op_SpecPipeline, i32 4294967295, i32 0, i32 1, i32 0, void @p_str"   --->   Operation 23 'specpipeline' 'specpipeline_ln0' <Predicate = true> <Delay = 0.00>
ST_2 : Operation 24 [1/1] (0.00ns)   --->   "%empty_541 = speclooptripcount i32 @_ssdm_op_SpecLoopTripCount, i64 10, i64 10, i64 10"   --->   Operation 24 'speclooptripcount' 'empty_541' <Predicate = true> <Delay = 0.00>
ST_2 : Operation 25 [1/1] (0.00ns)   --->   "%max_V_1_load = load i16 %max_V_1" [pipeline/C_Dense.cpp:47]   --->   Operation 25 'load' 'max_V_1_load' <Predicate = (!icmp_ln46)> <Delay = 0.00>
ST_2 : Operation 26 [1/1] (0.00ns)   --->   "%specloopname_ln44 = specloopname void @_ssdm_op_SpecLoopName, void @empty_6" [pipeline/C_Dense.cpp:44]   --->   Operation 26 'specloopname' 'specloopname_ln44' <Predicate = (!icmp_ln46)> <Delay = 0.00>
ST_2 : Operation 27 [1/2] (0.67ns)   --->   "%out_Dense_V_load = load i4 %out_Dense_V_addr"   --->   Operation 27 'load' 'out_Dense_V_load' <Predicate = (!icmp_ln46)> <Delay = 0.67> <CoreInst = "RAM">   --->   Core 83 'RAM' <Latency = 1> <II = 1> <Delay = 0.67> <Storage> <Opcode : 'load' 'store'> <Ports = 2> <Width = 16> <Depth = 10> <RAM>
ST_2 : Operation 28 [1/1] (1.10ns)   --->   "%icmp_ln1649 = icmp_slt  i16 %max_V_1_load, i16 %out_Dense_V_load"   --->   Operation 28 'icmp' 'icmp_ln1649' <Predicate = (!icmp_ln46)> <Delay = 1.10> <CoreInst = "Cmp">   --->   Core 9 'Cmp' <Latency = 0> <II = 1> <Delay = 1.10> <FuncUnit> <Opcode : 'icmp'> <InPorts = 2> <OutPorts = 1>
ST_2 : Operation 29 [1/1] (0.35ns)   --->   "%max_V_2 = select i1 %icmp_ln1649, i16 %out_Dense_V_load, i16 %max_V_1_load" [pipeline/C_Dense.cpp:47]   --->   Operation 29 'select' 'max_V_2' <Predicate = (!icmp_ln46)> <Delay = 0.35> <CoreInst = "Sel">   --->   Core 73 'Sel' <Latency = 0> <II = 1> <Delay = 0.35> <FuncUnit> <Opcode : 'select'> <InPorts = 3> <OutPorts = 1>
ST_2 : Operation 30 [1/1] (0.00ns)   --->   "%zext_ln47 = zext i4 %i_4" [pipeline/C_Dense.cpp:47]   --->   Operation 30 'zext' 'zext_ln47' <Predicate = (!icmp_ln46)> <Delay = 0.00>
ST_2 : Operation 31 [1/1] (0.44ns)   --->   "%maxindex_3 = select i1 %icmp_ln1649, i32 %zext_ln47, i32 %maxindex_2" [pipeline/C_Dense.cpp:47]   --->   Operation 31 'select' 'maxindex_3' <Predicate = (!icmp_ln46)> <Delay = 0.44> <CoreInst = "Sel">   --->   Core 73 'Sel' <Latency = 0> <II = 1> <Delay = 0.44> <FuncUnit> <Opcode : 'select'> <InPorts = 3> <OutPorts = 1>
ST_2 : Operation 32 [1/1] (0.42ns)   --->   "%store_ln46 = store i32 %maxindex_3, i32 %maxindex" [pipeline/C_Dense.cpp:46]   --->   Operation 32 'store' 'store_ln46' <Predicate = (!icmp_ln46)> <Delay = 0.42>
ST_2 : Operation 33 [1/1] (0.42ns)   --->   "%store_ln46 = store i16 %max_V_2, i16 %max_V_1" [pipeline/C_Dense.cpp:46]   --->   Operation 33 'store' 'store_ln46' <Predicate = (!icmp_ln46)> <Delay = 0.42>
ST_2 : Operation 34 [1/1] (0.00ns)   --->   "%br_ln46 = br void %for.body23" [pipeline/C_Dense.cpp:46]   --->   Operation 34 'br' 'br_ln46' <Predicate = (!icmp_ln46)> <Delay = 0.00>
ST_2 : Operation 35 [1/1] (0.00ns)   --->   "%write_ln0 = write void @_ssdm_op_Write.ap_auto.i4P0A, i4 %maxindex_out, i4 %empty"   --->   Operation 35 'write' 'write_ln0' <Predicate = (icmp_ln46)> <Delay = 0.00>
ST_2 : Operation 36 [1/1] (0.00ns)   --->   "%ret_ln0 = ret"   --->   Operation 36 'ret' 'ret_ln0' <Predicate = (icmp_ln46)> <Delay = 0.00>


============================================================
+ Verbose Summary: Binding
============================================================
STG Binding: 
---------------- STG Properties BEGIN ----------------
- Is combinational: 0
- Is one-state seq: 0
- Is datapath-only: 0
- Is pipelined: 0
- Is top level: 0
Port [ Return ] is wired: 1; IO mode=ap_ctrl_hs:ce=0
Port [ max_V]:  wired=1; compound=0; hidden=0; nouse=0; global=0; static=0; extern=0; dir=0; type=0; pingpong=0; private_global=0; IO mode=ap_none:ce=0
Port [ out_Dense_V]:  wired=1; compound=1; hidden=0; nouse=0; global=0; static=0; extern=0; dir=0; type=1; pingpong=0; private_global=0; MemPort=[13]; IO mode=ap_memory:ce=0
Port [ maxindex_out]:  wired=1; compound=0; hidden=0; nouse=0; global=0; static=0; extern=0; dir=1; type=0; pingpong=0; private_global=0; IO mode=ap_vld:ce=0
---------------- STG Properties END ------------------

---------------- Datapath Model BEGIN ----------------

<LifeTime>
<method=bitvector/>
max_V_1           (alloca           ) [ 011]
maxindex          (alloca           ) [ 011]
i                 (alloca           ) [ 010]
max_V_read        (read             ) [ 000]
store_ln0         (store            ) [ 000]
store_ln0         (store            ) [ 000]
store_ln0         (store            ) [ 000]
br_ln0            (br               ) [ 000]
i_4               (load             ) [ 011]
icmp_ln46         (icmp             ) [ 011]
add_ln46          (add              ) [ 000]
br_ln46           (br               ) [ 000]
trunc_ln47_cast   (zext             ) [ 000]
out_Dense_V_addr  (getelementptr    ) [ 011]
store_ln46        (store            ) [ 000]
maxindex_2        (load             ) [ 000]
empty             (trunc            ) [ 000]
specpipeline_ln0  (specpipeline     ) [ 000]
empty_541         (speclooptripcount) [ 000]
max_V_1_load      (load             ) [ 000]
specloopname_ln44 (specloopname     ) [ 000]
out_Dense_V_load  (load             ) [ 000]
icmp_ln1649       (icmp             ) [ 000]
max_V_2           (select           ) [ 000]
zext_ln47         (zext             ) [ 000]
maxindex_3        (select           ) [ 000]
store_ln46        (store            ) [ 000]
store_ln46        (store            ) [ 000]
br_ln46           (br               ) [ 000]
write_ln0         (write            ) [ 000]
ret_ln0           (ret              ) [ 000]
</LifeTime>

<model>

<comp_list>
<comp id="0" class="1000" name="max_V">
<pin_list>
<pin id="1" dir="1" index="0" bw="1" slack="0"/>
</pin_list>
<bind>
<StgValue><ssdm name="max_V"/></StgValue>
</bind>
</comp>

<comp id="2" class="1000" name="out_Dense_V">
<pin_list>
<pin id="3" dir="1" index="0" bw="1" slack="0"/>
</pin_list>
<bind>
<StgValue><ssdm name="out_Dense_V"/><MemPortTyVec>1 3 </MemPortTyVec>
</StgValue>
</bind>
</comp>

<comp id="4" class="1000" name="maxindex_out">
<pin_list>
<pin id="5" dir="1" index="0" bw="1" slack="0"/>
</pin_list>
<bind>
<StgValue><ssdm name="maxindex_out"/></StgValue>
</bind>
</comp>

<comp id="6" class="1001" name="const_6">
<pin_list>
<pin id="7" dir="1" index="0" bw="1" slack="0"/>
</pin_list>
<bind>
<StgValue><ssdm name=""/></StgValue>
</bind>
</comp>

<comp id="8" class="1001" name="const_8">
<pin_list>
<pin id="9" dir="1" index="0" bw="1" slack="0"/>
</pin_list>
<bind>
<StgValue><ssdm name="_ssdm_op_Read.ap_auto.i16"/></StgValue>
</bind>
</comp>

<comp id="10" class="1001" name="const_10">
<pin_list>
<pin id="11" dir="1" index="0" bw="1" slack="0"/>
</pin_list>
<bind>
<StgValue><ssdm name=""/></StgValue>
</bind>
</comp>

<comp id="12" class="1001" name="const_12">
<pin_list>
<pin id="13" dir="1" index="0" bw="1" slack="0"/>
</pin_list>
<bind>
<StgValue><ssdm name=""/></StgValue>
</bind>
</comp>

<comp id="14" class="1001" name="const_14">
<pin_list>
<pin id="15" dir="1" index="0" bw="1" slack="0"/>
</pin_list>
<bind>
<StgValue><ssdm name=""/></StgValue>
</bind>
</comp>

<comp id="16" class="1001" name="const_16">
<pin_list>
<pin id="17" dir="1" index="0" bw="1" slack="0"/>
</pin_list>
<bind>
<StgValue><ssdm name=""/></StgValue>
</bind>
</comp>

<comp id="18" class="1001" name="const_18">
<pin_list>
<pin id="19" dir="1" index="0" bw="1" slack="0"/>
</pin_list>
<bind>
<StgValue><ssdm name=""/></StgValue>
</bind>
</comp>

<comp id="20" class="1001" name="const_20">
<pin_list>
<pin id="21" dir="1" index="0" bw="1" slack="2147483647"/>
</pin_list>
<bind>
<StgValue><ssdm name="_ssdm_op_SpecPipeline"/></StgValue>
</bind>
</comp>

<comp id="22" class="1001" name="const_22">
<pin_list>
<pin id="23" dir="1" index="0" bw="1" slack="2147483647"/>
</pin_list>
<bind>
<StgValue><ssdm name=""/></StgValue>
</bind>
</comp>

<comp id="24" class="1001" name="const_24">
<pin_list>
<pin id="25" dir="1" index="0" bw="1" slack="2147483647"/>
</pin_list>
<bind>
<StgValue><ssdm name="p_str"/></StgValue>
</bind>
</comp>

<comp id="26" class="1001" name="const_26">
<pin_list>
<pin id="27" dir="1" index="0" bw="1" slack="2147483647"/>
</pin_list>
<bind>
<StgValue><ssdm name="_ssdm_op_SpecLoopTripCount"/></StgValue>
</bind>
</comp>

<comp id="28" class="1001" name="const_28">
<pin_list>
<pin id="29" dir="1" index="0" bw="1" slack="2147483647"/>
</pin_list>
<bind>
<StgValue><ssdm name=""/></StgValue>
</bind>
</comp>

<comp id="30" class="1001" name="const_30">
<pin_list>
<pin id="31" dir="1" index="0" bw="1" slack="2147483647"/>
</pin_list>
<bind>
<StgValue><ssdm name="_ssdm_op_SpecLoopName"/></StgValue>
</bind>
</comp>

<comp id="32" class="1001" name="const_32">
<pin_list>
<pin id="33" dir="1" index="0" bw="1" slack="2147483647"/>
</pin_list>
<bind>
<StgValue><ssdm name="empty_6"/></StgValue>
</bind>
</comp>

<comp id="34" class="1001" name="const_34">
<pin_list>
<pin id="35" dir="1" index="0" bw="1" slack="0"/>
</pin_list>
<bind>
<StgValue><ssdm name="_ssdm_op_Write.ap_auto.i4P0A"/></StgValue>
</bind>
</comp>

<comp id="36" class="1004" name="max_V_1_fu_36">
<pin_list>
<pin id="37" dir="0" index="0" bw="1" slack="0"/>
<pin id="38" dir="1" index="1" bw="16" slack="0"/>
</pin_list>
<bind>
<opcode="alloca(26) " fcode="alloca"/>
<opset="max_V_1/1 "/>
</bind>
</comp>

<comp id="40" class="1004" name="maxindex_fu_40">
<pin_list>
<pin id="41" dir="0" index="0" bw="1" slack="0"/>
<pin id="42" dir="1" index="1" bw="32" slack="0"/>
</pin_list>
<bind>
<opcode="alloca(26) " fcode="alloca"/>
<opset="maxindex/1 "/>
</bind>
</comp>

<comp id="44" class="1004" name="i_fu_44">
<pin_list>
<pin id="45" dir="0" index="0" bw="1" slack="0"/>
<pin id="46" dir="1" index="1" bw="4" slack="0"/>
</pin_list>
<bind>
<opcode="alloca(26) " fcode="alloca"/>
<opset="i/1 "/>
</bind>
</comp>

<comp id="48" class="1004" name="max_V_read_read_fu_48">
<pin_list>
<pin id="49" dir="0" index="0" bw="16" slack="0"/>
<pin id="50" dir="0" index="1" bw="16" slack="0"/>
<pin id="51" dir="1" index="2" bw="16" slack="0"/>
</pin_list>
<bind>
<opcode="read(1150) " fcode="read"/>
<opset="max_V_read/1 "/>
</bind>
</comp>

<comp id="54" class="1004" name="write_ln0_write_fu_54">
<pin_list>
<pin id="55" dir="0" index="0" bw="0" slack="0"/>
<pin id="56" dir="0" index="1" bw="4" slack="0"/>
<pin id="57" dir="0" index="2" bw="4" slack="0"/>
<pin id="58" dir="1" index="3" bw="0" slack="2147483647"/>
</pin_list>
<bind>
<opcode="write(1151) " fcode="write"/>
<opset="write_ln0/2 "/>
</bind>
</comp>

<comp id="61" class="1004" name="out_Dense_V_addr_gep_fu_61">
<pin_list>
<pin id="62" dir="0" index="0" bw="16" slack="0"/>
<pin id="63" dir="0" index="1" bw="1" slack="0"/>
<pin id="64" dir="0" index="2" bw="4" slack="0"/>
<pin id="65" dir="1" index="3" bw="4" slack="0"/>
</pin_list>
<bind>
<opcode="getelementptr(29) " fcode="getelementptr"/>
<opset="out_Dense_V_addr/1 "/>
</bind>
</comp>

<comp id="68" class="1004" name="grp_access_fu_68">
<pin_list>
<pin id="69" dir="0" index="0" bw="4" slack="0"/>
<pin id="70" dir="0" index="1" bw="16" slack="2147483647"/>
<pin id="71" dir="0" index="2" bw="0" slack="2147483647"/>
<pin id="72" dir="1" index="3" bw="16" slack="0"/>
</pin_list>
<bind>
<opcode="load(27) " fcode="load"/>
<opset="out_Dense_V_load/1 "/>
</bind>
</comp>

<comp id="74" class="1004" name="store_ln0_store_fu_74">
<pin_list>
<pin id="75" dir="0" index="0" bw="1" slack="0"/>
<pin id="76" dir="0" index="1" bw="4" slack="0"/>
<pin id="77" dir="1" index="2" bw="0" slack="2147483647"/>
</pin_list>
<bind>
<opcode="store(28) " fcode="store"/>
<opset="store_ln0/1 "/>
</bind>
</comp>

<comp id="79" class="1004" name="store_ln0_store_fu_79">
<pin_list>
<pin id="80" dir="0" index="0" bw="1" slack="0"/>
<pin id="81" dir="0" index="1" bw="32" slack="0"/>
<pin id="82" dir="1" index="2" bw="0" slack="2147483647"/>
</pin_list>
<bind>
<opcode="store(28) " fcode="store"/>
<opset="store_ln0/1 "/>
</bind>
</comp>

<comp id="84" class="1004" name="store_ln0_store_fu_84">
<pin_list>
<pin id="85" dir="0" index="0" bw="16" slack="0"/>
<pin id="86" dir="0" index="1" bw="16" slack="0"/>
<pin id="87" dir="1" index="2" bw="0" slack="2147483647"/>
</pin_list>
<bind>
<opcode="store(28) " fcode="store"/>
<opset="store_ln0/1 "/>
</bind>
</comp>

<comp id="89" class="1004" name="i_4_load_fu_89">
<pin_list>
<pin id="90" dir="0" index="0" bw="4" slack="0"/>
<pin id="91" dir="1" index="1" bw="4" slack="0"/>
</pin_list>
<bind>
<opcode="load(27) " fcode="load"/>
<opset="i_4/1 "/>
</bind>
</comp>

<comp id="92" class="1004" name="icmp_ln46_fu_92">
<pin_list>
<pin id="93" dir="0" index="0" bw="4" slack="0"/>
<pin id="94" dir="0" index="1" bw="4" slack="0"/>
<pin id="95" dir="1" index="2" bw="1" slack="1"/>
</pin_list>
<bind>
<opcode="icmp(45) " fcode="icmp"/>
<opset="icmp_ln46/1 "/>
</bind>
</comp>

<comp id="98" class="1004" name="add_ln46_fu_98">
<pin_list>
<pin id="99" dir="0" index="0" bw="4" slack="0"/>
<pin id="100" dir="0" index="1" bw="1" slack="0"/>
<pin id="101" dir="1" index="2" bw="4" slack="0"/>
</pin_list>
<bind>
<opcode="add(8) " fcode="add"/>
<opset="add_ln46/1 "/>
</bind>
</comp>

<comp id="104" class="1004" name="trunc_ln47_cast_fu_104">
<pin_list>
<pin id="105" dir="0" index="0" bw="4" slack="0"/>
<pin id="106" dir="1" index="1" bw="64" slack="0"/>
</pin_list>
<bind>
<opcode="zext(34) " fcode="zext"/>
<opset="trunc_ln47_cast/1 "/>
</bind>
</comp>

<comp id="109" class="1004" name="store_ln46_store_fu_109">
<pin_list>
<pin id="110" dir="0" index="0" bw="4" slack="0"/>
<pin id="111" dir="0" index="1" bw="4" slack="0"/>
<pin id="112" dir="1" index="2" bw="0" slack="2147483647"/>
</pin_list>
<bind>
<opcode="store(28) " fcode="store"/>
<opset="store_ln46/1 "/>
</bind>
</comp>

<comp id="114" class="1004" name="maxindex_2_load_fu_114">
<pin_list>
<pin id="115" dir="0" index="0" bw="32" slack="1"/>
<pin id="116" dir="1" index="1" bw="32" slack="0"/>
</pin_list>
<bind>
<opcode="load(27) " fcode="load"/>
<opset="maxindex_2/2 "/>
</bind>
</comp>

<comp id="117" class="1004" name="empty_fu_117">
<pin_list>
<pin id="118" dir="0" index="0" bw="32" slack="0"/>
<pin id="119" dir="1" index="1" bw="4" slack="0"/>
</pin_list>
<bind>
<opcode="trunc(33) " fcode="trunc"/>
<opset="empty/2 "/>
</bind>
</comp>

<comp id="122" class="1004" name="max_V_1_load_load_fu_122">
<pin_list>
<pin id="123" dir="0" index="0" bw="16" slack="1"/>
<pin id="124" dir="1" index="1" bw="16" slack="0"/>
</pin_list>
<bind>
<opcode="load(27) " fcode="load"/>
<opset="max_V_1_load/2 "/>
</bind>
</comp>

<comp id="125" class="1004" name="icmp_ln1649_fu_125">
<pin_list>
<pin id="126" dir="0" index="0" bw="16" slack="0"/>
<pin id="127" dir="0" index="1" bw="16" slack="0"/>
<pin id="128" dir="1" index="2" bw="1" slack="0"/>
</pin_list>
<bind>
<opcode="icmp(45) " fcode="icmp"/>
<opset="icmp_ln1649/2 "/>
</bind>
</comp>

<comp id="131" class="1004" name="max_V_2_fu_131">
<pin_list>
<pin id="132" dir="0" index="0" bw="1" slack="0"/>
<pin id="133" dir="0" index="1" bw="16" slack="0"/>
<pin id="134" dir="0" index="2" bw="16" slack="0"/>
<pin id="135" dir="1" index="3" bw="16" slack="0"/>
</pin_list>
<bind>
<opcode="select(49) " fcode="select"/>
<opset="max_V_2/2 "/>
</bind>
</comp>

<comp id="139" class="1004" name="zext_ln47_fu_139">
<pin_list>
<pin id="140" dir="0" index="0" bw="4" slack="1"/>
<pin id="141" dir="1" index="1" bw="32" slack="0"/>
</pin_list>
<bind>
<opcode="zext(34) " fcode="zext"/>
<opset="zext_ln47/2 "/>
</bind>
</comp>

<comp id="142" class="1004" name="maxindex_3_fu_142">
<pin_list>
<pin id="143" dir="0" index="0" bw="1" slack="0"/>
<pin id="144" dir="0" index="1" bw="32" slack="0"/>
<pin id="145" dir="0" index="2" bw="32" slack="0"/>
<pin id="146" dir="1" index="3" bw="32" slack="0"/>
</pin_list>
<bind>
<opcode="select(49) " fcode="select"/>
<opset="maxindex_3/2 "/>
</bind>
</comp>

<comp id="150" class="1004" name="store_ln46_store_fu_150">
<pin_list>
<pin id="151" dir="0" index="0" bw="32" slack="0"/>
<pin id="152" dir="0" index="1" bw="32" slack="1"/>
<pin id="153" dir="1" index="2" bw="0" slack="2147483647"/>
</pin_list>
<bind>
<opcode="store(28) " fcode="store"/>
<opset="store_ln46/2 "/>
</bind>
</comp>

<comp id="155" class="1004" name="store_ln46_store_fu_155">
<pin_list>
<pin id="156" dir="0" index="0" bw="16" slack="0"/>
<pin id="157" dir="0" index="1" bw="16" slack="1"/>
<pin id="158" dir="1" index="2" bw="0" slack="2147483647"/>
</pin_list>
<bind>
<opcode="store(28) " fcode="store"/>
<opset="store_ln46/2 "/>
</bind>
</comp>

<comp id="160" class="1005" name="max_V_1_reg_160">
<pin_list>
<pin id="161" dir="0" index="0" bw="16" slack="0"/>
<pin id="162" dir="1" index="1" bw="16" slack="0"/>
</pin_list>
<bind>
<opset="max_V_1 "/>
</bind>
</comp>

<comp id="167" class="1005" name="maxindex_reg_167">
<pin_list>
<pin id="168" dir="0" index="0" bw="32" slack="0"/>
<pin id="169" dir="1" index="1" bw="32" slack="0"/>
</pin_list>
<bind>
<opset="maxindex "/>
</bind>
</comp>

<comp id="174" class="1005" name="i_reg_174">
<pin_list>
<pin id="175" dir="0" index="0" bw="4" slack="0"/>
<pin id="176" dir="1" index="1" bw="4" slack="0"/>
</pin_list>
<bind>
<opset="i "/>
</bind>
</comp>

<comp id="181" class="1005" name="i_4_reg_181">
<pin_list>
<pin id="182" dir="0" index="0" bw="4" slack="1"/>
<pin id="183" dir="1" index="1" bw="4" slack="1"/>
</pin_list>
<bind>
<opset="i_4 "/>
</bind>
</comp>

<comp id="186" class="1005" name="icmp_ln46_reg_186">
<pin_list>
<pin id="187" dir="0" index="0" bw="1" slack="1"/>
<pin id="188" dir="1" index="1" bw="1" slack="2147483647"/>
</pin_list>
<bind>
<opset="icmp_ln46 "/>
</bind>
</comp>

<comp id="190" class="1005" name="out_Dense_V_addr_reg_190">
<pin_list>
<pin id="191" dir="0" index="0" bw="4" slack="1"/>
<pin id="192" dir="1" index="1" bw="4" slack="1"/>
</pin_list>
<bind>
<opset="out_Dense_V_addr "/>
</bind>
</comp>

</comp_list>

<net_list>
<net id="39"><net_src comp="6" pin="0"/><net_sink comp="36" pin=0"/></net>

<net id="43"><net_src comp="6" pin="0"/><net_sink comp="40" pin=0"/></net>

<net id="47"><net_src comp="6" pin="0"/><net_sink comp="44" pin=0"/></net>

<net id="52"><net_src comp="8" pin="0"/><net_sink comp="48" pin=0"/></net>

<net id="53"><net_src comp="0" pin="0"/><net_sink comp="48" pin=1"/></net>

<net id="59"><net_src comp="34" pin="0"/><net_sink comp="54" pin=0"/></net>

<net id="60"><net_src comp="4" pin="0"/><net_sink comp="54" pin=1"/></net>

<net id="66"><net_src comp="2" pin="0"/><net_sink comp="61" pin=0"/></net>

<net id="67"><net_src comp="18" pin="0"/><net_sink comp="61" pin=1"/></net>

<net id="73"><net_src comp="61" pin="3"/><net_sink comp="68" pin=0"/></net>

<net id="78"><net_src comp="10" pin="0"/><net_sink comp="74" pin=0"/></net>

<net id="83"><net_src comp="12" pin="0"/><net_sink comp="79" pin=0"/></net>

<net id="88"><net_src comp="48" pin="2"/><net_sink comp="84" pin=0"/></net>

<net id="96"><net_src comp="89" pin="1"/><net_sink comp="92" pin=0"/></net>

<net id="97"><net_src comp="14" pin="0"/><net_sink comp="92" pin=1"/></net>

<net id="102"><net_src comp="89" pin="1"/><net_sink comp="98" pin=0"/></net>

<net id="103"><net_src comp="16" pin="0"/><net_sink comp="98" pin=1"/></net>

<net id="107"><net_src comp="89" pin="1"/><net_sink comp="104" pin=0"/></net>

<net id="108"><net_src comp="104" pin="1"/><net_sink comp="61" pin=2"/></net>

<net id="113"><net_src comp="98" pin="2"/><net_sink comp="109" pin=0"/></net>

<net id="120"><net_src comp="114" pin="1"/><net_sink comp="117" pin=0"/></net>

<net id="121"><net_src comp="117" pin="1"/><net_sink comp="54" pin=2"/></net>

<net id="129"><net_src comp="122" pin="1"/><net_sink comp="125" pin=0"/></net>

<net id="130"><net_src comp="68" pin="3"/><net_sink comp="125" pin=1"/></net>

<net id="136"><net_src comp="125" pin="2"/><net_sink comp="131" pin=0"/></net>

<net id="137"><net_src comp="68" pin="3"/><net_sink comp="131" pin=1"/></net>

<net id="138"><net_src comp="122" pin="1"/><net_sink comp="131" pin=2"/></net>

<net id="147"><net_src comp="125" pin="2"/><net_sink comp="142" pin=0"/></net>

<net id="148"><net_src comp="139" pin="1"/><net_sink comp="142" pin=1"/></net>

<net id="149"><net_src comp="114" pin="1"/><net_sink comp="142" pin=2"/></net>

<net id="154"><net_src comp="142" pin="3"/><net_sink comp="150" pin=0"/></net>

<net id="159"><net_src comp="131" pin="3"/><net_sink comp="155" pin=0"/></net>

<net id="163"><net_src comp="36" pin="1"/><net_sink comp="160" pin=0"/></net>

<net id="164"><net_src comp="160" pin="1"/><net_sink comp="84" pin=1"/></net>

<net id="165"><net_src comp="160" pin="1"/><net_sink comp="122" pin=0"/></net>

<net id="166"><net_src comp="160" pin="1"/><net_sink comp="155" pin=1"/></net>

<net id="170"><net_src comp="40" pin="1"/><net_sink comp="167" pin=0"/></net>

<net id="171"><net_src comp="167" pin="1"/><net_sink comp="79" pin=1"/></net>

<net id="172"><net_src comp="167" pin="1"/><net_sink comp="114" pin=0"/></net>

<net id="173"><net_src comp="167" pin="1"/><net_sink comp="150" pin=1"/></net>

<net id="177"><net_src comp="44" pin="1"/><net_sink comp="174" pin=0"/></net>

<net id="178"><net_src comp="174" pin="1"/><net_sink comp="74" pin=1"/></net>

<net id="179"><net_src comp="174" pin="1"/><net_sink comp="89" pin=0"/></net>

<net id="180"><net_src comp="174" pin="1"/><net_sink comp="109" pin=1"/></net>

<net id="184"><net_src comp="89" pin="1"/><net_sink comp="181" pin=0"/></net>

<net id="185"><net_src comp="181" pin="1"/><net_sink comp="139" pin=0"/></net>

<net id="189"><net_src comp="92" pin="2"/><net_sink comp="186" pin=0"/></net>

<net id="193"><net_src comp="61" pin="3"/><net_sink comp="190" pin=0"/></net>

<net id="194"><net_src comp="190" pin="1"/><net_sink comp="68" pin=0"/></net>

</net_list>

</model> 
---------------- Datapath Model END ------------------

* FSMD analyzer results:
  - Output states:
	Port: maxindex_out | {2 }
 - Input state : 
	Port: C_Dense_2_Pipeline_loop_detect : max_V | {1 }
	Port: C_Dense_2_Pipeline_loop_detect : out_Dense_V | {1 2 }
  - Chain level:
	State 1
		store_ln0 : 1
		store_ln0 : 1
		i_4 : 1
		icmp_ln46 : 2
		add_ln46 : 2
		br_ln46 : 3
		trunc_ln47_cast : 2
		out_Dense_V_addr : 3
		out_Dense_V_load : 4
		store_ln46 : 3
	State 2
		empty : 1
		icmp_ln1649 : 1
		max_V_2 : 2
		maxindex_3 : 2
		store_ln46 : 3
		store_ln46 : 3
		write_ln0 : 2


============================================================
+ Verbose Summary: Datapath Resource usage 
============================================================

* Functional unit list:
|----------|------------------------|---------|---------|
| Operation|     Functional Unit    |    FF   |   LUT   |
|----------|------------------------|---------|---------|
|  select  |     max_V_2_fu_131     |    0    |    16   |
|          |    maxindex_3_fu_142   |    0    |    32   |
|----------|------------------------|---------|---------|
|   icmp   |     icmp_ln46_fu_92    |    0    |    9    |
|          |   icmp_ln1649_fu_125   |    0    |    13   |
|----------|------------------------|---------|---------|
|    add   |     add_ln46_fu_98     |    0    |    12   |
|----------|------------------------|---------|---------|
|   read   |  max_V_read_read_fu_48 |    0    |    0    |
|----------|------------------------|---------|---------|
|   write  |  write_ln0_write_fu_54 |    0    |    0    |
|----------|------------------------|---------|---------|
|   zext   | trunc_ln47_cast_fu_104 |    0    |    0    |
|          |    zext_ln47_fu_139    |    0    |    0    |
|----------|------------------------|---------|---------|
|   trunc  |      empty_fu_117      |    0    |    0    |
|----------|------------------------|---------|---------|
|   Total  |                        |    0    |    82   |
|----------|------------------------|---------|---------|

Memories:
N/A

* Register list:
+------------------------+--------+
|                        |   FF   |
+------------------------+--------+
|       i_4_reg_181      |    4   |
|        i_reg_174       |    4   |
|    icmp_ln46_reg_186   |    1   |
|     max_V_1_reg_160    |   16   |
|    maxindex_reg_167    |   32   |
|out_Dense_V_addr_reg_190|    4   |
+------------------------+--------+
|          Total         |   61   |
+------------------------+--------+

* Multiplexer (MUX) list: 
|------------------|------|------|------|--------||---------||---------|
|       Comp       |  Pin | Size |  BW  | S x BW ||  Delay  ||   LUT   |
|------------------|------|------|------|--------||---------||---------|
| grp_access_fu_68 |  p0  |   2  |   4  |    8   ||    9    |
|------------------|------|------|------|--------||---------||---------|
|       Total      |      |      |      |    8   ||  0.427  ||    9    |
|------------------|------|------|------|--------||---------||---------|



* Summary:
+-----------+--------+--------+--------+
|           |  Delay |   FF   |   LUT  |
+-----------+--------+--------+--------+
|  Function |    -   |    0   |   82   |
|   Memory  |    -   |    -   |    -   |
|Multiplexer|    0   |    -   |    9   |
|  Register |    -   |   61   |    -   |
+-----------+--------+--------+--------+
|   Total   |    0   |   61   |   91   |
+-----------+--------+--------+--------+
