

================================================================
== Vitis HLS Report for 'C_Dense_2_Pipeline_VITIS_LOOP_53_1'
================================================================
* Date:           Wed Apr 15 01:46:30 2026

* Version:        2022.2 (Build 3670227 on Oct 13 2022)
* Project:        ProjectOne
* Solution:       solution1 (Vivado IP Flow Target)
* Product family: zynquplus
* Target device:  xck26-sfvc784-2LV-c


================================================================
== Performance Estimates
================================================================
+ Timing: 
    * Summary: 
    +--------+----------+----------+------------+
    |  Clock |  Target  | Estimated| Uncertainty|
    +--------+----------+----------+------------+
    |ap_clk  |  10.00 ns|  7.148 ns|     2.70 ns|
    +--------+----------+----------+------------+

+ Latency: 
    * Summary: 
    +---------+---------+----------+----------+-----+-----+---------+
    |  Latency (cycles) |  Latency (absolute) |  Interval | Pipeline|
    |   min   |   max   |    min   |    max   | min | max |   Type  |
    +---------+---------+----------+----------+-----+-----+---------+
    |       17|       17|  0.170 us|  0.170 us|   17|   17|       no|
    +---------+---------+----------+----------+-----+-----+---------+

    + Detail: 
        * Instance: 
        +----------------------+------------+---------+---------+-----------+-----------+-----+-----+---------+
        |                      |            |  Latency (cycles) |   Latency (absolute)  |  Interval | Pipeline|
        |       Instance       |   Module   |   min   |   max   |    min    |    max    | min | max |   Type  |
        +----------------------+------------+---------+---------+-----------+-----------+-----+-----+---------+
        |grp_exp_17_9_s_fu_80  |exp_17_9_s  |        5|        5|  50.000 ns|  50.000 ns|    1|    1|      yes|
        +----------------------+------------+---------+---------+-----------+-----------+-----+-----+---------+

        * Loop: 
        +-------------------+---------+---------+----------+-----------+-----------+------+----------+
        |                   |  Latency (cycles) | Iteration|  Initiation Interval  | Trip |          |
        |     Loop Name     |   min   |   max   |  Latency |  achieved |   target  | Count| Pipelined|
        +-------------------+---------+---------+----------+-----------+-----------+------+----------+
        |- VITIS_LOOP_53_1  |       15|       15|         7|          1|          1|    10|       yes|
        +-------------------+---------+---------+----------+-----------+-----------+------+----------+

============================================================
+ Verbose Summary: Synthesis Manager
============================================================
InlineROM: 1
ExposeGlobal: 0
============================================================
+ Verbose Summary: CDFG Model
============================================================
IsTopModel: 0
ResetActiveHigh: 1
IsCombinational: 0
IsDatapathOnly: 0
HasWiredReturn: 1
HasMFsm: 2
HasVarLatency: 1
IsPipeline: 0
IsRtlPipelined: 0
IsInstanceOverlapped: 0
IsDontTouch: 0
HasImplIP: 0
IsGatedGlobalClock: 0

+ Individual pipeline summary: 
  * Pipeline-0: initiation interval (II) = 1, depth = 7


============================================================
+ Verbose Summary: Schedule
============================================================
* Number of FSM states : 7
* Pipeline : 1
  Pipeline-0 : II = 1, D = 7, States = { 1 2 3 4 5 6 7 }
* Dataflow Pipeline: 0

* FSM state transitions: 
1 --> 2 
2 --> 3 
3 --> 4 
4 --> 5 
5 --> 6 
6 --> 7 
7 --> 

* FSM state operations: 

State 1 <SV = 0> <Delay = 1.22>
ST_1 : Operation 10 [1/1] (0.00ns)   --->   "%sum_exp_x_V_1 = alloca i32 1"   --->   Operation 10 'alloca' 'sum_exp_x_V_1' <Predicate = true> <Delay = 0.00>
ST_1 : Operation 11 [1/1] (0.00ns)   --->   "%i = alloca i32 1"   --->   Operation 11 'alloca' 'i' <Predicate = true> <Delay = 0.00>
ST_1 : Operation 12 [1/1] (0.00ns)   --->   "%sext_ln813_3_read = read i16 @_ssdm_op_Read.ap_auto.i16, i16 %sext_ln813_3"   --->   Operation 12 'read' 'sext_ln813_3_read' <Predicate = true> <Delay = 0.00>
ST_1 : Operation 13 [1/1] (0.00ns)   --->   "%sext_ln813_3_cast = sext i16 %sext_ln813_3_read"   --->   Operation 13 'sext' 'sext_ln813_3_cast' <Predicate = true> <Delay = 0.00>
ST_1 : Operation 14 [1/1] (0.42ns)   --->   "%store_ln0 = store i4 0, i4 %i"   --->   Operation 14 'store' 'store_ln0' <Predicate = true> <Delay = 0.42>
ST_1 : Operation 15 [1/1] (0.42ns)   --->   "%store_ln0 = store i16 0, i16 %sum_exp_x_V_1"   --->   Operation 15 'store' 'store_ln0' <Predicate = true> <Delay = 0.42>
ST_1 : Operation 16 [1/1] (0.00ns)   --->   "%br_ln0 = br void %for.body36"   --->   Operation 16 'br' 'br_ln0' <Predicate = true> <Delay = 0.00>
ST_1 : Operation 17 [1/1] (0.00ns)   --->   "%i_7 = load i4 %i" [pipeline/C_Dense.cpp:53]   --->   Operation 17 'load' 'i_7' <Predicate = true> <Delay = 0.00>
ST_1 : Operation 18 [1/1] (0.00ns)   --->   "%specpipeline_ln0 = specpipeline void @_ssdm_op_SpecPipeline, i32 4294967295, i32 0, i32 1, i32 0, void @p_str"   --->   Operation 18 'specpipeline' 'specpipeline_ln0' <Predicate = true> <Delay = 0.00>
ST_1 : Operation 19 [1/1] (0.72ns)   --->   "%icmp_ln53 = icmp_eq  i4 %i_7, i4 10" [pipeline/C_Dense.cpp:53]   --->   Operation 19 'icmp' 'icmp_ln53' <Predicate = true> <Delay = 0.72> <CoreInst = "Cmp">   --->   Core 9 'Cmp' <Latency = 0> <II = 1> <Delay = 0.72> <FuncUnit> <Opcode : 'icmp'> <InPorts = 2> <OutPorts = 1>
ST_1 : Operation 20 [1/1] (0.00ns)   --->   "%empty = speclooptripcount i32 @_ssdm_op_SpecLoopTripCount, i64 10, i64 10, i64 10"   --->   Operation 20 'speclooptripcount' 'empty' <Predicate = true> <Delay = 0.00>
ST_1 : Operation 21 [1/1] (0.79ns)   --->   "%add_ln53 = add i4 %i_7, i4 1" [pipeline/C_Dense.cpp:53]   --->   Operation 21 'add' 'add_ln53' <Predicate = true> <Delay = 0.79> <CoreInst = "Adder">   --->   Core 1 'Adder' <Latency = 0> <II = 1> <Delay = 0.79> <FuncUnit> <Opcode : 'add' 'sub'> <InPorts = 2> <OutPorts = 1>
ST_1 : Operation 22 [1/1] (0.00ns)   --->   "%br_ln53 = br i1 %icmp_ln53, void %for.body36.split, void %for.body52.preheader.exitStub" [pipeline/C_Dense.cpp:53]   --->   Operation 22 'br' 'br_ln53' <Predicate = true> <Delay = 0.00>
ST_1 : Operation 23 [1/1] (0.00ns)   --->   "%i_7_cast = zext i4 %i_7" [pipeline/C_Dense.cpp:53]   --->   Operation 23 'zext' 'i_7_cast' <Predicate = (!icmp_ln53)> <Delay = 0.00>
ST_1 : Operation 24 [1/1] (0.00ns)   --->   "%out_Dense_V_addr = getelementptr i16 %out_Dense_V, i64 0, i64 %i_7_cast"   --->   Operation 24 'getelementptr' 'out_Dense_V_addr' <Predicate = (!icmp_ln53)> <Delay = 0.00>
ST_1 : Operation 25 [2/2] (0.67ns)   --->   "%lhs = load i4 %out_Dense_V_addr"   --->   Operation 25 'load' 'lhs' <Predicate = (!icmp_ln53)> <Delay = 0.67> <CoreInst = "RAM">   --->   Core 83 'RAM' <Latency = 1> <II = 1> <Delay = 0.67> <Storage> <Opcode : 'load' 'store'> <Ports = 2> <Width = 16> <Depth = 10> <RAM>
ST_1 : Operation 26 [1/1] (0.42ns)   --->   "%store_ln53 = store i4 %add_ln53, i4 %i" [pipeline/C_Dense.cpp:53]   --->   Operation 26 'store' 'store_ln53' <Predicate = (!icmp_ln53)> <Delay = 0.42>

State 2 <SV = 1> <Delay = 2.76>
ST_2 : Operation 27 [1/2] (0.67ns)   --->   "%lhs = load i4 %out_Dense_V_addr"   --->   Operation 27 'load' 'lhs' <Predicate = true> <Delay = 0.67> <CoreInst = "RAM">   --->   Core 83 'RAM' <Latency = 1> <II = 1> <Delay = 0.67> <Storage> <Opcode : 'load' 'store'> <Ports = 2> <Width = 16> <Depth = 10> <RAM>
ST_2 : Operation 28 [1/1] (0.00ns)   --->   "%sext_ln813 = sext i16 %lhs"   --->   Operation 28 'sext' 'sext_ln813' <Predicate = true> <Delay = 0.00>
ST_2 : Operation 29 [1/1] (0.85ns)   --->   "%ret_V = sub i17 %sext_ln813, i17 %sext_ln813_3_cast"   --->   Operation 29 'sub' 'ret_V' <Predicate = true> <Delay = 0.85> <CoreInst = "Adder">   --->   Core 1 'Adder' <Latency = 0> <II = 1> <Delay = 0.85> <FuncUnit> <Opcode : 'add' 'sub'> <InPorts = 2> <OutPorts = 1>
ST_2 : Operation 30 [6/6] (1.23ns)   --->   "%op2_V = call i17 @exp<17, 9>, i17 %ret_V, i11 %f_x_lsb_table_V, i25 %exp_x_msb_2_m_1_table_V, i25 %exp_x_msb_1_table_V" [D:/Xilinx/Vitis_HLS/2022.2/common/technology/autopilot\hls_math.h:1190]   --->   Operation 30 'call' 'op2_V' <Predicate = true> <Delay = 1.23> <CoreType = "Generic">   --->   Core 0 '' <Latency = 0> <II = 1> <Delay = 1.00> <Generic> <Opcode : >

State 3 <SV = 2> <Delay = 5.86>
ST_3 : Operation 31 [5/6] (5.86ns)   --->   "%op2_V = call i17 @exp<17, 9>, i17 %ret_V, i11 %f_x_lsb_table_V, i25 %exp_x_msb_2_m_1_table_V, i25 %exp_x_msb_1_table_V" [D:/Xilinx/Vitis_HLS/2022.2/common/technology/autopilot\hls_math.h:1190]   --->   Operation 31 'call' 'op2_V' <Predicate = true> <Delay = 5.86> <CoreType = "Generic">   --->   Core 0 '' <Latency = 0> <II = 1> <Delay = 1.00> <Generic> <Opcode : >

State 4 <SV = 3> <Delay = 5.86>
ST_4 : Operation 32 [4/6] (5.86ns)   --->   "%op2_V = call i17 @exp<17, 9>, i17 %ret_V, i11 %f_x_lsb_table_V, i25 %exp_x_msb_2_m_1_table_V, i25 %exp_x_msb_1_table_V" [D:/Xilinx/Vitis_HLS/2022.2/common/technology/autopilot\hls_math.h:1190]   --->   Operation 32 'call' 'op2_V' <Predicate = true> <Delay = 5.86> <CoreType = "Generic">   --->   Core 0 '' <Latency = 0> <II = 1> <Delay = 1.00> <Generic> <Opcode : >

State 5 <SV = 4> <Delay = 5.86>
ST_5 : Operation 33 [3/6] (5.86ns)   --->   "%op2_V = call i17 @exp<17, 9>, i17 %ret_V, i11 %f_x_lsb_table_V, i25 %exp_x_msb_2_m_1_table_V, i25 %exp_x_msb_1_table_V" [D:/Xilinx/Vitis_HLS/2022.2/common/technology/autopilot\hls_math.h:1190]   --->   Operation 33 'call' 'op2_V' <Predicate = true> <Delay = 5.86> <CoreType = "Generic">   --->   Core 0 '' <Latency = 0> <II = 1> <Delay = 1.00> <Generic> <Opcode : >

State 6 <SV = 5> <Delay = 5.86>
ST_6 : Operation 34 [2/6] (5.86ns)   --->   "%op2_V = call i17 @exp<17, 9>, i17 %ret_V, i11 %f_x_lsb_table_V, i25 %exp_x_msb_2_m_1_table_V, i25 %exp_x_msb_1_table_V" [D:/Xilinx/Vitis_HLS/2022.2/common/technology/autopilot\hls_math.h:1190]   --->   Operation 34 'call' 'op2_V' <Predicate = true> <Delay = 5.86> <CoreType = "Generic">   --->   Core 0 '' <Latency = 0> <II = 1> <Delay = 1.00> <Generic> <Opcode : >
ST_6 : Operation 42 [1/1] (0.00ns)   --->   "%sum_exp_x_V_1_load = load i16 %sum_exp_x_V_1"   --->   Operation 42 'load' 'sum_exp_x_V_1_load' <Predicate = (icmp_ln53)> <Delay = 0.00>
ST_6 : Operation 43 [1/1] (0.00ns)   --->   "%write_ln0 = write void @_ssdm_op_Write.ap_auto.i16P0A, i16 %p_out, i16 %sum_exp_x_V_1_load"   --->   Operation 43 'write' 'write_ln0' <Predicate = (icmp_ln53)> <Delay = 0.00>
ST_6 : Operation 44 [1/1] (0.00ns)   --->   "%ret_ln0 = ret"   --->   Operation 44 'ret' 'ret_ln0' <Predicate = (icmp_ln53)> <Delay = 0.00>

State 7 <SV = 6> <Delay = 7.14>
ST_7 : Operation 35 [1/1] (0.00ns)   --->   "%sum_exp_x_V_1_load_1 = load i16 %sum_exp_x_V_1"   --->   Operation 35 'load' 'sum_exp_x_V_1_load_1' <Predicate = true> <Delay = 0.00>
ST_7 : Operation 36 [1/1] (0.00ns)   --->   "%specloopname_ln53 = specloopname void @_ssdm_op_SpecLoopName, void @empty_4" [pipeline/C_Dense.cpp:53]   --->   Operation 36 'specloopname' 'specloopname_ln53' <Predicate = true> <Delay = 0.00>
ST_7 : Operation 37 [1/6] (5.86ns)   --->   "%op2_V = call i17 @exp<17, 9>, i17 %ret_V, i11 %f_x_lsb_table_V, i25 %exp_x_msb_2_m_1_table_V, i25 %exp_x_msb_1_table_V" [D:/Xilinx/Vitis_HLS/2022.2/common/technology/autopilot\hls_math.h:1190]   --->   Operation 37 'call' 'op2_V' <Predicate = true> <Delay = 5.86> <CoreType = "Generic">   --->   Core 0 '' <Latency = 0> <II = 1> <Delay = 1.00> <Generic> <Opcode : >
ST_7 : Operation 38 [1/1] (0.00ns)   --->   "%trunc_ln813 = trunc i17 %op2_V"   --->   Operation 38 'trunc' 'trunc_ln813' <Predicate = true> <Delay = 0.00>
ST_7 : Operation 39 [1/1] (0.85ns)   --->   "%sum_exp_x_V = add i16 %trunc_ln813, i16 %sum_exp_x_V_1_load_1"   --->   Operation 39 'add' 'sum_exp_x_V' <Predicate = true> <Delay = 0.85> <CoreInst = "Adder">   --->   Core 1 'Adder' <Latency = 0> <II = 1> <Delay = 0.85> <FuncUnit> <Opcode : 'add' 'sub'> <InPorts = 2> <OutPorts = 1>
ST_7 : Operation 40 [1/1] (0.42ns)   --->   "%store_ln53 = store i16 %sum_exp_x_V, i16 %sum_exp_x_V_1" [pipeline/C_Dense.cpp:53]   --->   Operation 40 'store' 'store_ln53' <Predicate = true> <Delay = 0.42>
ST_7 : Operation 41 [1/1] (0.00ns)   --->   "%br_ln53 = br void %for.body36" [pipeline/C_Dense.cpp:53]   --->   Operation 41 'br' 'br_ln53' <Predicate = true> <Delay = 0.00>


============================================================
+ Verbose Summary: Binding
============================================================
STG Binding: 
---------------- STG Properties BEGIN ----------------
- Is combinational: 0
- Is one-state seq: 0
- Is datapath-only: 0
- Is pipelined: 0
- Is top level: 0
Port [ Return ] is wired: 1; IO mode=ap_ctrl_hs:ce=0
Port [ out_Dense_V]:  wired=1; compound=1; hidden=0; nouse=0; global=0; static=0; extern=0; dir=0; type=1; pingpong=0; private_global=0; MemPort=[13]; IO mode=ap_memory:ce=0
Port [ sext_ln813_3]:  wired=1; compound=0; hidden=0; nouse=0; global=0; static=0; extern=0; dir=0; type=0; pingpong=0; private_global=0; IO mode=ap_none:ce=0
Port [ p_out]:  wired=1; compound=0; hidden=0; nouse=0; global=0; static=0; extern=0; dir=1; type=0; pingpong=0; private_global=0; IO mode=ap_vld:ce=0
Port [ f_x_lsb_table_V]:  wired=0; compound=1; hidden=1; nouse=1; global=1; static=1; extern=0; dir=0; type=1; pingpong=0; private_global=0; MemPort=[1]; IO mode=ap_memory:ce=0
Port [ exp_x_msb_2_m_1_table_V]:  wired=0; compound=1; hidden=1; nouse=1; global=1; static=1; extern=0; dir=0; type=1; pingpong=0; private_global=0; MemPort=[1]; IO mode=ap_memory:ce=0
Port [ exp_x_msb_1_table_V]:  wired=0; compound=1; hidden=1; nouse=1; global=1; static=1; extern=0; dir=0; type=1; pingpong=0; private_global=0; MemPort=[1]; IO mode=ap_memory:ce=0
---------------- STG Properties END ------------------

---------------- Datapath Model BEGIN ----------------

<LifeTime>
<method=bitvector/>
sum_exp_x_V_1        (alloca           ) [ 01111111]
i                    (alloca           ) [ 01000000]
sext_ln813_3_read    (read             ) [ 00000000]
sext_ln813_3_cast    (sext             ) [ 01100000]
store_ln0            (store            ) [ 00000000]
store_ln0            (store            ) [ 00000000]
br_ln0               (br               ) [ 00000000]
i_7                  (load             ) [ 00000000]
specpipeline_ln0     (specpipeline     ) [ 00000000]
icmp_ln53            (icmp             ) [ 01111110]
empty                (speclooptripcount) [ 00000000]
add_ln53             (add              ) [ 00000000]
br_ln53              (br               ) [ 00000000]
i_7_cast             (zext             ) [ 00000000]
out_Dense_V_addr     (getelementptr    ) [ 01100000]
store_ln53           (store            ) [ 00000000]
lhs                  (load             ) [ 00000000]
sext_ln813           (sext             ) [ 00000000]
ret_V                (sub              ) [ 00000000]
sum_exp_x_V_1_load_1 (load             ) [ 00000000]
specloopname_ln53    (specloopname     ) [ 00000000]
op2_V                (call             ) [ 00000000]
trunc_ln813          (trunc            ) [ 00000000]
sum_exp_x_V          (add              ) [ 00000000]
store_ln53           (store            ) [ 00000000]
br_ln53              (br               ) [ 00000000]
sum_exp_x_V_1_load   (load             ) [ 00000000]
write_ln0            (write            ) [ 00000000]
ret_ln0              (ret              ) [ 00000000]
</LifeTime>

<model>

<comp_list>
<comp id="0" class="1000" name="out_Dense_V">
<pin_list>
<pin id="1" dir="1" index="0" bw="1" slack="0"/>
</pin_list>
<bind>
<StgValue><ssdm name="out_Dense_V"/><MemPortTyVec>1 3 </MemPortTyVec>
</StgValue>
</bind>
</comp>

<comp id="2" class="1000" name="sext_ln813_3">
<pin_list>
<pin id="3" dir="1" index="0" bw="1" slack="0"/>
</pin_list>
<bind>
<StgValue><ssdm name="sext_ln813_3"/></StgValue>
</bind>
</comp>

<comp id="4" class="1000" name="p_out">
<pin_list>
<pin id="5" dir="1" index="0" bw="1" slack="0"/>
</pin_list>
<bind>
<StgValue><ssdm name="p_out"/></StgValue>
</bind>
</comp>

<comp id="6" class="1000" name="f_x_lsb_table_V">
<pin_list>
<pin id="7" dir="1" index="0" bw="1" slack="0"/>
</pin_list>
<bind>
<StgValue><ssdm name="f_x_lsb_table_V"/><MemPortTyVec>1 </MemPortTyVec>
</StgValue>
</bind>
</comp>

<comp id="8" class="1000" name="exp_x_msb_2_m_1_table_V">
<pin_list>
<pin id="9" dir="1" index="0" bw="1" slack="0"/>
</pin_list>
<bind>
<StgValue><ssdm name="exp_x_msb_2_m_1_table_V"/><MemPortTyVec>1 </MemPortTyVec>
</StgValue>
</bind>
</comp>

<comp id="10" class="1000" name="exp_x_msb_1_table_V">
<pin_list>
<pin id="11" dir="1" index="0" bw="1" slack="0"/>
</pin_list>
<bind>
<StgValue><ssdm name="exp_x_msb_1_table_V"/><MemPortTyVec>1 </MemPortTyVec>
</StgValue>
</bind>
</comp>

<comp id="12" class="1001" name="const_12">
<pin_list>
<pin id="13" dir="1" index="0" bw="1" slack="0"/>
</pin_list>
<bind>
<StgValue><ssdm name=""/></StgValue>
</bind>
</comp>

<comp id="14" class="1001" name="const_14">
<pin_list>
<pin id="15" dir="1" index="0" bw="1" slack="0"/>
</pin_list>
<bind>
<StgValue><ssdm name="_ssdm_op_Read.ap_auto.i16"/></StgValue>
</bind>
</comp>

<comp id="16" class="1001" name="const_16">
<pin_list>
<pin id="17" dir="1" index="0" bw="1" slack="0"/>
</pin_list>
<bind>
<StgValue><ssdm name=""/></StgValue>
</bind>
</comp>

<comp id="18" class="1001" name="const_18">
<pin_list>
<pin id="19" dir="1" index="0" bw="1" slack="0"/>
</pin_list>
<bind>
<StgValue><ssdm name=""/></StgValue>
</bind>
</comp>

<comp id="20" class="1001" name="const_20">
<pin_list>
<pin id="21" dir="1" index="0" bw="1" slack="2147483647"/>
</pin_list>
<bind>
<StgValue><ssdm name="_ssdm_op_SpecPipeline"/></StgValue>
</bind>
</comp>

<comp id="22" class="1001" name="const_22">
<pin_list>
<pin id="23" dir="1" index="0" bw="1" slack="2147483647"/>
</pin_list>
<bind>
<StgValue><ssdm name=""/></StgValue>
</bind>
</comp>

<comp id="24" class="1001" name="const_24">
<pin_list>
<pin id="25" dir="1" index="0" bw="1" slack="2147483647"/>
</pin_list>
<bind>
<StgValue><ssdm name=""/></StgValue>
</bind>
</comp>

<comp id="26" class="1001" name="const_26">
<pin_list>
<pin id="27" dir="1" index="0" bw="1" slack="2147483647"/>
</pin_list>
<bind>
<StgValue><ssdm name="p_str"/></StgValue>
</bind>
</comp>

<comp id="28" class="1001" name="const_28">
<pin_list>
<pin id="29" dir="1" index="0" bw="1" slack="0"/>
</pin_list>
<bind>
<StgValue><ssdm name=""/></StgValue>
</bind>
</comp>

<comp id="30" class="1001" name="const_30">
<pin_list>
<pin id="31" dir="1" index="0" bw="1" slack="2147483647"/>
</pin_list>
<bind>
<StgValue><ssdm name="_ssdm_op_SpecLoopTripCount"/></StgValue>
</bind>
</comp>

<comp id="32" class="1001" name="const_32">
<pin_list>
<pin id="33" dir="1" index="0" bw="1" slack="2147483647"/>
</pin_list>
<bind>
<StgValue><ssdm name=""/></StgValue>
</bind>
</comp>

<comp id="34" class="1001" name="const_34">
<pin_list>
<pin id="35" dir="1" index="0" bw="1" slack="0"/>
</pin_list>
<bind>
<StgValue><ssdm name=""/></StgValue>
</bind>
</comp>

<comp id="36" class="1001" name="const_36">
<pin_list>
<pin id="37" dir="1" index="0" bw="1" slack="0"/>
</pin_list>
<bind>
<StgValue><ssdm name=""/></StgValue>
</bind>
</comp>

<comp id="38" class="1001" name="const_38">
<pin_list>
<pin id="39" dir="1" index="0" bw="1" slack="0"/>
</pin_list>
<bind>
<StgValue><ssdm name="exp<17, 9>"/></StgValue>
</bind>
</comp>

<comp id="40" class="1001" name="const_40">
<pin_list>
<pin id="41" dir="1" index="0" bw="1" slack="2147483647"/>
</pin_list>
<bind>
<StgValue><ssdm name="_ssdm_op_SpecLoopName"/></StgValue>
</bind>
</comp>

<comp id="42" class="1001" name="const_42">
<pin_list>
<pin id="43" dir="1" index="0" bw="1" slack="2147483647"/>
</pin_list>
<bind>
<StgValue><ssdm name="empty_4"/></StgValue>
</bind>
</comp>

<comp id="44" class="1001" name="const_44">
<pin_list>
<pin id="45" dir="1" index="0" bw="1" slack="0"/>
</pin_list>
<bind>
<StgValue><ssdm name="_ssdm_op_Write.ap_auto.i16P0A"/></StgValue>
</bind>
</comp>

<comp id="46" class="1004" name="sum_exp_x_V_1_fu_46">
<pin_list>
<pin id="47" dir="0" index="0" bw="1" slack="0"/>
<pin id="48" dir="1" index="1" bw="16" slack="0"/>
</pin_list>
<bind>
<opcode="alloca(26) " fcode="alloca"/>
<opset="sum_exp_x_V_1/1 "/>
</bind>
</comp>

<comp id="50" class="1004" name="i_fu_50">
<pin_list>
<pin id="51" dir="0" index="0" bw="1" slack="0"/>
<pin id="52" dir="1" index="1" bw="4" slack="0"/>
</pin_list>
<bind>
<opcode="alloca(26) " fcode="alloca"/>
<opset="i/1 "/>
</bind>
</comp>

<comp id="54" class="1004" name="sext_ln813_3_read_read_fu_54">
<pin_list>
<pin id="55" dir="0" index="0" bw="16" slack="0"/>
<pin id="56" dir="0" index="1" bw="16" slack="0"/>
<pin id="57" dir="1" index="2" bw="16" slack="0"/>
</pin_list>
<bind>
<opcode="read(1150) " fcode="read"/>
<opset="sext_ln813_3_read/1 "/>
</bind>
</comp>

<comp id="60" class="1004" name="write_ln0_write_fu_60">
<pin_list>
<pin id="61" dir="0" index="0" bw="0" slack="0"/>
<pin id="62" dir="0" index="1" bw="16" slack="0"/>
<pin id="63" dir="0" index="2" bw="16" slack="0"/>
<pin id="64" dir="1" index="3" bw="0" slack="2147483647"/>
</pin_list>
<bind>
<opcode="write(1151) " fcode="write"/>
<opset="write_ln0/6 "/>
</bind>
</comp>

<comp id="67" class="1004" name="out_Dense_V_addr_gep_fu_67">
<pin_list>
<pin id="68" dir="0" index="0" bw="16" slack="0"/>
<pin id="69" dir="0" index="1" bw="1" slack="0"/>
<pin id="70" dir="0" index="2" bw="4" slack="0"/>
<pin id="71" dir="1" index="3" bw="4" slack="0"/>
</pin_list>
<bind>
<opcode="getelementptr(29) " fcode="getelementptr"/>
<opset="out_Dense_V_addr/1 "/>
</bind>
</comp>

<comp id="74" class="1004" name="grp_access_fu_74">
<pin_list>
<pin id="75" dir="0" index="0" bw="4" slack="0"/>
<pin id="76" dir="0" index="1" bw="16" slack="2147483647"/>
<pin id="77" dir="0" index="2" bw="0" slack="2147483647"/>
<pin id="78" dir="1" index="3" bw="16" slack="0"/>
</pin_list>
<bind>
<opcode="load(27) " fcode="load"/>
<opset="lhs/1 "/>
</bind>
</comp>

<comp id="80" class="1004" name="grp_exp_17_9_s_fu_80">
<pin_list>
<pin id="81" dir="0" index="0" bw="17" slack="0"/>
<pin id="82" dir="0" index="1" bw="17" slack="0"/>
<pin id="83" dir="0" index="2" bw="11" slack="0"/>
<pin id="84" dir="0" index="3" bw="25" slack="0"/>
<pin id="85" dir="0" index="4" bw="25" slack="0"/>
<pin id="86" dir="1" index="5" bw="17" slack="0"/>
</pin_list>
<bind>
<opcode="call(48) " fcode="call"/>
<opset="op2_V/2 "/>
</bind>
</comp>

<comp id="91" class="1004" name="sext_ln813_3_cast_fu_91">
<pin_list>
<pin id="92" dir="0" index="0" bw="16" slack="0"/>
<pin id="93" dir="1" index="1" bw="17" slack="1"/>
</pin_list>
<bind>
<opcode="sext(35) " fcode="sext"/>
<opset="sext_ln813_3_cast/1 "/>
</bind>
</comp>

<comp id="95" class="1004" name="store_ln0_store_fu_95">
<pin_list>
<pin id="96" dir="0" index="0" bw="1" slack="0"/>
<pin id="97" dir="0" index="1" bw="4" slack="0"/>
<pin id="98" dir="1" index="2" bw="0" slack="2147483647"/>
</pin_list>
<bind>
<opcode="store(28) " fcode="store"/>
<opset="store_ln0/1 "/>
</bind>
</comp>

<comp id="100" class="1004" name="store_ln0_store_fu_100">
<pin_list>
<pin id="101" dir="0" index="0" bw="1" slack="0"/>
<pin id="102" dir="0" index="1" bw="16" slack="0"/>
<pin id="103" dir="1" index="2" bw="0" slack="2147483647"/>
</pin_list>
<bind>
<opcode="store(28) " fcode="store"/>
<opset="store_ln0/1 "/>
</bind>
</comp>

<comp id="105" class="1004" name="i_7_load_fu_105">
<pin_list>
<pin id="106" dir="0" index="0" bw="4" slack="0"/>
<pin id="107" dir="1" index="1" bw="4" slack="0"/>
</pin_list>
<bind>
<opcode="load(27) " fcode="load"/>
<opset="i_7/1 "/>
</bind>
</comp>

<comp id="108" class="1004" name="icmp_ln53_fu_108">
<pin_list>
<pin id="109" dir="0" index="0" bw="4" slack="0"/>
<pin id="110" dir="0" index="1" bw="4" slack="0"/>
<pin id="111" dir="1" index="2" bw="1" slack="5"/>
</pin_list>
<bind>
<opcode="icmp(45) " fcode="icmp"/>
<opset="icmp_ln53/1 "/>
</bind>
</comp>

<comp id="114" class="1004" name="add_ln53_fu_114">
<pin_list>
<pin id="115" dir="0" index="0" bw="4" slack="0"/>
<pin id="116" dir="0" index="1" bw="1" slack="0"/>
<pin id="117" dir="1" index="2" bw="4" slack="0"/>
</pin_list>
<bind>
<opcode="add(8) " fcode="add"/>
<opset="add_ln53/1 "/>
</bind>
</comp>

<comp id="120" class="1004" name="i_7_cast_fu_120">
<pin_list>
<pin id="121" dir="0" index="0" bw="4" slack="0"/>
<pin id="122" dir="1" index="1" bw="64" slack="0"/>
</pin_list>
<bind>
<opcode="zext(34) " fcode="zext"/>
<opset="i_7_cast/1 "/>
</bind>
</comp>

<comp id="125" class="1004" name="store_ln53_store_fu_125">
<pin_list>
<pin id="126" dir="0" index="0" bw="4" slack="0"/>
<pin id="127" dir="0" index="1" bw="4" slack="0"/>
<pin id="128" dir="1" index="2" bw="0" slack="2147483647"/>
</pin_list>
<bind>
<opcode="store(28) " fcode="store"/>
<opset="store_ln53/1 "/>
</bind>
</comp>

<comp id="130" class="1004" name="sext_ln813_fu_130">
<pin_list>
<pin id="131" dir="0" index="0" bw="16" slack="0"/>
<pin id="132" dir="1" index="1" bw="17" slack="0"/>
</pin_list>
<bind>
<opcode="sext(35) " fcode="sext"/>
<opset="sext_ln813/2 "/>
</bind>
</comp>

<comp id="134" class="1004" name="ret_V_fu_134">
<pin_list>
<pin id="135" dir="0" index="0" bw="16" slack="0"/>
<pin id="136" dir="0" index="1" bw="16" slack="1"/>
<pin id="137" dir="1" index="2" bw="17" slack="0"/>
</pin_list>
<bind>
<opcode="sub(10) " fcode="sub"/>
<opset="ret_V/2 "/>
</bind>
</comp>

<comp id="140" class="1004" name="sum_exp_x_V_1_load_1_load_fu_140">
<pin_list>
<pin id="141" dir="0" index="0" bw="16" slack="6"/>
<pin id="142" dir="1" index="1" bw="16" slack="0"/>
</pin_list>
<bind>
<opcode="load(27) " fcode="load"/>
<opset="sum_exp_x_V_1_load_1/7 "/>
</bind>
</comp>

<comp id="143" class="1004" name="trunc_ln813_fu_143">
<pin_list>
<pin id="144" dir="0" index="0" bw="17" slack="0"/>
<pin id="145" dir="1" index="1" bw="16" slack="0"/>
</pin_list>
<bind>
<opcode="trunc(33) " fcode="trunc"/>
<opset="trunc_ln813/7 "/>
</bind>
</comp>

<comp id="147" class="1004" name="sum_exp_x_V_fu_147">
<pin_list>
<pin id="148" dir="0" index="0" bw="16" slack="0"/>
<pin id="149" dir="0" index="1" bw="16" slack="0"/>
<pin id="150" dir="1" index="2" bw="16" slack="0"/>
</pin_list>
<bind>
<opcode="add(8) " fcode="add"/>
<opset="sum_exp_x_V/7 "/>
</bind>
</comp>

<comp id="153" class="1004" name="store_ln53_store_fu_153">
<pin_list>
<pin id="154" dir="0" index="0" bw="16" slack="0"/>
<pin id="155" dir="0" index="1" bw="16" slack="6"/>
<pin id="156" dir="1" index="2" bw="0" slack="2147483647"/>
</pin_list>
<bind>
<opcode="store(28) " fcode="store"/>
<opset="store_ln53/7 "/>
</bind>
</comp>

<comp id="158" class="1004" name="sum_exp_x_V_1_load_load_fu_158">
<pin_list>
<pin id="159" dir="0" index="0" bw="16" slack="5"/>
<pin id="160" dir="1" index="1" bw="16" slack="0"/>
</pin_list>
<bind>
<opcode="load(27) " fcode="load"/>
<opset="sum_exp_x_V_1_load/6 "/>
</bind>
</comp>

<comp id="162" class="1005" name="sum_exp_x_V_1_reg_162">
<pin_list>
<pin id="163" dir="0" index="0" bw="16" slack="0"/>
<pin id="164" dir="1" index="1" bw="16" slack="0"/>
</pin_list>
<bind>
<opset="sum_exp_x_V_1 "/>
</bind>
</comp>

<comp id="170" class="1005" name="i_reg_170">
<pin_list>
<pin id="171" dir="0" index="0" bw="4" slack="0"/>
<pin id="172" dir="1" index="1" bw="4" slack="0"/>
</pin_list>
<bind>
<opset="i "/>
</bind>
</comp>

<comp id="177" class="1005" name="sext_ln813_3_cast_reg_177">
<pin_list>
<pin id="178" dir="0" index="0" bw="17" slack="1"/>
<pin id="179" dir="1" index="1" bw="17" slack="1"/>
</pin_list>
<bind>
<opset="sext_ln813_3_cast "/>
</bind>
</comp>

<comp id="182" class="1005" name="icmp_ln53_reg_182">
<pin_list>
<pin id="183" dir="0" index="0" bw="1" slack="5"/>
<pin id="184" dir="1" index="1" bw="1" slack="2147483647"/>
</pin_list>
<bind>
<opset="icmp_ln53 "/>
</bind>
</comp>

<comp id="186" class="1005" name="out_Dense_V_addr_reg_186">
<pin_list>
<pin id="187" dir="0" index="0" bw="4" slack="1"/>
<pin id="188" dir="1" index="1" bw="4" slack="1"/>
</pin_list>
<bind>
<opset="out_Dense_V_addr "/>
</bind>
</comp>

</comp_list>

<net_list>
<net id="49"><net_src comp="12" pin="0"/><net_sink comp="46" pin=0"/></net>

<net id="53"><net_src comp="12" pin="0"/><net_sink comp="50" pin=0"/></net>

<net id="58"><net_src comp="14" pin="0"/><net_sink comp="54" pin=0"/></net>

<net id="59"><net_src comp="2" pin="0"/><net_sink comp="54" pin=1"/></net>

<net id="65"><net_src comp="44" pin="0"/><net_sink comp="60" pin=0"/></net>

<net id="66"><net_src comp="4" pin="0"/><net_sink comp="60" pin=1"/></net>

<net id="72"><net_src comp="0" pin="0"/><net_sink comp="67" pin=0"/></net>

<net id="73"><net_src comp="36" pin="0"/><net_sink comp="67" pin=1"/></net>

<net id="79"><net_src comp="67" pin="3"/><net_sink comp="74" pin=0"/></net>

<net id="87"><net_src comp="38" pin="0"/><net_sink comp="80" pin=0"/></net>

<net id="88"><net_src comp="6" pin="0"/><net_sink comp="80" pin=2"/></net>

<net id="89"><net_src comp="8" pin="0"/><net_sink comp="80" pin=3"/></net>

<net id="90"><net_src comp="10" pin="0"/><net_sink comp="80" pin=4"/></net>

<net id="94"><net_src comp="54" pin="2"/><net_sink comp="91" pin=0"/></net>

<net id="99"><net_src comp="16" pin="0"/><net_sink comp="95" pin=0"/></net>

<net id="104"><net_src comp="18" pin="0"/><net_sink comp="100" pin=0"/></net>

<net id="112"><net_src comp="105" pin="1"/><net_sink comp="108" pin=0"/></net>

<net id="113"><net_src comp="28" pin="0"/><net_sink comp="108" pin=1"/></net>

<net id="118"><net_src comp="105" pin="1"/><net_sink comp="114" pin=0"/></net>

<net id="119"><net_src comp="34" pin="0"/><net_sink comp="114" pin=1"/></net>

<net id="123"><net_src comp="105" pin="1"/><net_sink comp="120" pin=0"/></net>

<net id="124"><net_src comp="120" pin="1"/><net_sink comp="67" pin=2"/></net>

<net id="129"><net_src comp="114" pin="2"/><net_sink comp="125" pin=0"/></net>

<net id="133"><net_src comp="74" pin="3"/><net_sink comp="130" pin=0"/></net>

<net id="138"><net_src comp="130" pin="1"/><net_sink comp="134" pin=0"/></net>

<net id="139"><net_src comp="134" pin="2"/><net_sink comp="80" pin=1"/></net>

<net id="146"><net_src comp="80" pin="5"/><net_sink comp="143" pin=0"/></net>

<net id="151"><net_src comp="143" pin="1"/><net_sink comp="147" pin=0"/></net>

<net id="152"><net_src comp="140" pin="1"/><net_sink comp="147" pin=1"/></net>

<net id="157"><net_src comp="147" pin="2"/><net_sink comp="153" pin=0"/></net>

<net id="161"><net_src comp="158" pin="1"/><net_sink comp="60" pin=2"/></net>

<net id="165"><net_src comp="46" pin="1"/><net_sink comp="162" pin=0"/></net>

<net id="166"><net_src comp="162" pin="1"/><net_sink comp="100" pin=1"/></net>

<net id="167"><net_src comp="162" pin="1"/><net_sink comp="140" pin=0"/></net>

<net id="168"><net_src comp="162" pin="1"/><net_sink comp="153" pin=1"/></net>

<net id="169"><net_src comp="162" pin="1"/><net_sink comp="158" pin=0"/></net>

<net id="173"><net_src comp="50" pin="1"/><net_sink comp="170" pin=0"/></net>

<net id="174"><net_src comp="170" pin="1"/><net_sink comp="95" pin=1"/></net>

<net id="175"><net_src comp="170" pin="1"/><net_sink comp="105" pin=0"/></net>

<net id="176"><net_src comp="170" pin="1"/><net_sink comp="125" pin=1"/></net>

<net id="180"><net_src comp="91" pin="1"/><net_sink comp="177" pin=0"/></net>

<net id="181"><net_src comp="177" pin="1"/><net_sink comp="134" pin=1"/></net>

<net id="185"><net_src comp="108" pin="2"/><net_sink comp="182" pin=0"/></net>

<net id="189"><net_src comp="67" pin="3"/><net_sink comp="186" pin=0"/></net>

<net id="190"><net_src comp="186" pin="1"/><net_sink comp="74" pin=0"/></net>

</net_list>

</model> 
---------------- Datapath Model END ------------------

* FSMD analyzer results:
  - Output states:
	Port: p_out | {6 }
 - Input state : 
	Port: C_Dense_2_Pipeline_VITIS_LOOP_53_1 : out_Dense_V | {1 2 }
	Port: C_Dense_2_Pipeline_VITIS_LOOP_53_1 : sext_ln813_3 | {1 }
	Port: C_Dense_2_Pipeline_VITIS_LOOP_53_1 : f_x_lsb_table_V | {2 3 }
	Port: C_Dense_2_Pipeline_VITIS_LOOP_53_1 : exp_x_msb_2_m_1_table_V | {2 3 }
	Port: C_Dense_2_Pipeline_VITIS_LOOP_53_1 : exp_x_msb_1_table_V | {6 7 }
  - Chain level:
	State 1
		store_ln0 : 1
		store_ln0 : 1
		i_7 : 1
		icmp_ln53 : 2
		add_ln53 : 2
		br_ln53 : 3
		i_7_cast : 2
		out_Dense_V_addr : 3
		lhs : 4
		store_ln53 : 3
	State 2
		sext_ln813 : 1
		ret_V : 2
		op2_V : 3
	State 3
	State 4
	State 5
	State 6
		write_ln0 : 1
	State 7
		trunc_ln813 : 1
		sum_exp_x_V : 2
		store_ln53 : 3


============================================================
+ Verbose Summary: Datapath Resource usage 
============================================================

* Functional unit list:
|----------|------------------------------|---------|---------|---------|---------|
| Operation|        Functional Unit       |   DSP   |  Delay  |    FF   |   LUT   |
|----------|------------------------------|---------|---------|---------|---------|
|   call   |     grp_exp_17_9_s_fu_80     |    3    |  2.135  |   170   |   278   |
|----------|------------------------------|---------|---------|---------|---------|
|    add   |        add_ln53_fu_114       |    0    |    0    |    0    |    12   |
|          |      sum_exp_x_V_fu_147      |    0    |    0    |    0    |    23   |
|----------|------------------------------|---------|---------|---------|---------|
|    sub   |         ret_V_fu_134         |    0    |    0    |    0    |    23   |
|----------|------------------------------|---------|---------|---------|---------|
|   icmp   |       icmp_ln53_fu_108       |    0    |    0    |    0    |    9    |
|----------|------------------------------|---------|---------|---------|---------|
|   read   | sext_ln813_3_read_read_fu_54 |    0    |    0    |    0    |    0    |
|----------|------------------------------|---------|---------|---------|---------|
|   write  |     write_ln0_write_fu_60    |    0    |    0    |    0    |    0    |
|----------|------------------------------|---------|---------|---------|---------|
|   sext   |    sext_ln813_3_cast_fu_91   |    0    |    0    |    0    |    0    |
|          |       sext_ln813_fu_130      |    0    |    0    |    0    |    0    |
|----------|------------------------------|---------|---------|---------|---------|
|   zext   |        i_7_cast_fu_120       |    0    |    0    |    0    |    0    |
|----------|------------------------------|---------|---------|---------|---------|
|   trunc  |      trunc_ln813_fu_143      |    0    |    0    |    0    |    0    |
|----------|------------------------------|---------|---------|---------|---------|
|   Total  |                              |    3    |  2.135  |   170   |   345   |
|----------|------------------------------|---------|---------|---------|---------|

Memories:
N/A

* Register list:
+-------------------------+--------+
|                         |   FF   |
+-------------------------+--------+
|        i_reg_170        |    4   |
|    icmp_ln53_reg_182    |    1   |
| out_Dense_V_addr_reg_186|    4   |
|sext_ln813_3_cast_reg_177|   17   |
|  sum_exp_x_V_1_reg_162  |   16   |
+-------------------------+--------+
|          Total          |   42   |
+-------------------------+--------+

* Multiplexer (MUX) list: 
|------------------|------|------|------|--------||---------||---------|
|       Comp       |  Pin | Size |  BW  | S x BW ||  Delay  ||   LUT   |
|------------------|------|------|------|--------||---------||---------|
| grp_access_fu_74 |  p0  |   2  |   4  |    8   ||    9    |
|------------------|------|------|------|--------||---------||---------|
|       Total      |      |      |      |    8   ||  0.427  ||    9    |
|------------------|------|------|------|--------||---------||---------|



* Summary:
+-----------+--------+--------+--------+--------+
|           |   DSP  |  Delay |   FF   |   LUT  |
+-----------+--------+--------+--------+--------+
|  Function |    3   |    2   |   170  |   345  |
|   Memory  |    -   |    -   |    -   |    -   |
|Multiplexer|    -   |    0   |    -   |    9   |
|  Register |    -   |    -   |   42   |    -   |
+-----------+--------+--------+--------+--------+
|   Total   |    3   |    2   |   212  |   354  |
+-----------+--------+--------+--------+--------+
