

================================================================
== Vitis HLS Report for 'C_Dense_2'
================================================================
* Date:           Wed Apr 15 01:46:32 2026

* Version:        2022.2 (Build 3670227 on Oct 13 2022)
* Project:        ProjectOne
* Solution:       solution1 (Vivado IP Flow Target)
* Product family: zynquplus
* Target device:  xck26-sfvc784-2LV-c


================================================================
== Performance Estimates
================================================================
+ Timing: 
    * Summary: 
    +--------+----------+----------+------------+
    |  Clock |  Target  | Estimated| Uncertainty|
    +--------+----------+----------+------------+
    |ap_clk  |  10.00 ns|  7.300 ns|     2.70 ns|
    +--------+----------+----------+------------+

+ Latency: 
    * Summary: 
    +---------+---------+----------+----------+-----+-----+---------+
    |  Latency (cycles) |  Latency (absolute) |  Interval | Pipeline|
    |   min   |   max   |    min   |    max   | min | max |   Type  |
    +---------+---------+----------+----------+-----+-----+---------+
    |      295|      295|  2.950 us|  2.950 us|  295|  295|       no|
    +---------+---------+----------+----------+-----+-----+---------+

    + Detail: 
        * Instance: 
        N/A

        * Loop: 
        N/A

============================================================
+ Verbose Summary: Synthesis Manager
============================================================
InlineROM: 1
ExposeGlobal: 0
============================================================
+ Verbose Summary: CDFG Model
============================================================
IsTopModel: 0
ResetActiveHigh: 1
IsCombinational: 0
IsDatapathOnly: 0
HasWiredReturn: 1
HasMFsm: 0
HasVarLatency: 1
IsPipeline: 0
IsRtlPipelined: 0
IsInstanceOverlapped: 0
IsDontTouch: 0
HasImplIP: 0
IsGatedGlobalClock: 0


============================================================
+ Verbose Summary: Schedule
============================================================
* Number of FSM states : 25
* Pipeline : 0
* Dataflow Pipeline: 0

* FSM state transitions: 
1 --> 2 
2 --> 3 
3 --> 4 
4 --> 5 
5 --> 6 
6 --> 7 
7 --> 8 
8 --> 9 
9 --> 10 
10 --> 11 
11 --> 12 
12 --> 13 
13 --> 14 
14 --> 15 
15 --> 16 
16 --> 17 
17 --> 18 
18 --> 19 
19 --> 20 
20 --> 21 
21 --> 22 
22 --> 23 
23 --> 24 
24 --> 25 
25 --> 

* FSM state operations: 

State 1 <SV = 0> <Delay = 0.67>
ST_1 : Operation 26 [1/1] (0.00ns)   --->   "%maxindex_2_V_loc = alloca i64 1"   --->   Operation 26 'alloca' 'maxindex_2_V_loc' <Predicate = true> <Delay = 0.00>
ST_1 : Operation 27 [1/1] (0.00ns)   --->   "%p_loc = alloca i64 1"   --->   Operation 27 'alloca' 'p_loc' <Predicate = true> <Delay = 0.00>
ST_1 : Operation 28 [1/1] (0.00ns)   --->   "%maxindex_loc = alloca i64 1"   --->   Operation 28 'alloca' 'maxindex_loc' <Predicate = true> <Delay = 0.00>
ST_1 : Operation 29 [1/1] (0.00ns)   --->   "%out_Dense_V = alloca i64 1" [pipeline/C_Dense.cpp:33]   --->   Operation 29 'alloca' 'out_Dense_V' <Predicate = true> <Delay = 0.00> <CoreInst = "RAM">   --->   Core 83 'RAM' <Latency = 1> <II = 1> <Delay = 0.67> <Storage> <Opcode : 'load' 'store'> <Ports = 2> <Width = 16> <Depth = 10> <RAM>
ST_1 : Operation 30 [1/1] (0.00ns)   --->   "%input_Dense_addr = getelementptr i15 %input_Dense, i64 0, i64 0"   --->   Operation 30 'getelementptr' 'input_Dense_addr' <Predicate = true> <Delay = 0.00>
ST_1 : Operation 31 [2/2] (0.67ns)   --->   "%input_Dense_load = load i4 %input_Dense_addr"   --->   Operation 31 'load' 'input_Dense_load' <Predicate = true> <Delay = 0.67> <CoreInst = "RAM">   --->   Core 83 'RAM' <Latency = 1> <II = 1> <Delay = 0.67> <Storage> <Opcode : 'load' 'store'> <Ports = 2> <Width = 15> <Depth = 16> <RAM>
ST_1 : Operation 32 [1/1] (0.00ns)   --->   "%input_Dense_addr_1 = getelementptr i15 %input_Dense, i64 0, i64 1"   --->   Operation 32 'getelementptr' 'input_Dense_addr_1' <Predicate = true> <Delay = 0.00>
ST_1 : Operation 33 [2/2] (0.67ns)   --->   "%input_Dense_load_1 = load i4 %input_Dense_addr_1"   --->   Operation 33 'load' 'input_Dense_load_1' <Predicate = true> <Delay = 0.67> <CoreInst = "RAM">   --->   Core 83 'RAM' <Latency = 1> <II = 1> <Delay = 0.67> <Storage> <Opcode : 'load' 'store'> <Ports = 2> <Width = 15> <Depth = 16> <RAM>

State 2 <SV = 1> <Delay = 0.67>
ST_2 : Operation 34 [1/2] (0.67ns)   --->   "%input_Dense_load = load i4 %input_Dense_addr"   --->   Operation 34 'load' 'input_Dense_load' <Predicate = true> <Delay = 0.67> <CoreInst = "RAM">   --->   Core 83 'RAM' <Latency = 1> <II = 1> <Delay = 0.67> <Storage> <Opcode : 'load' 'store'> <Ports = 2> <Width = 15> <Depth = 16> <RAM>
ST_2 : Operation 35 [1/2] (0.67ns)   --->   "%input_Dense_load_1 = load i4 %input_Dense_addr_1"   --->   Operation 35 'load' 'input_Dense_load_1' <Predicate = true> <Delay = 0.67> <CoreInst = "RAM">   --->   Core 83 'RAM' <Latency = 1> <II = 1> <Delay = 0.67> <Storage> <Opcode : 'load' 'store'> <Ports = 2> <Width = 15> <Depth = 16> <RAM>
ST_2 : Operation 36 [1/1] (0.00ns)   --->   "%input_Dense_addr_2 = getelementptr i15 %input_Dense, i64 0, i64 2"   --->   Operation 36 'getelementptr' 'input_Dense_addr_2' <Predicate = true> <Delay = 0.00>
ST_2 : Operation 37 [2/2] (0.67ns)   --->   "%input_Dense_load_2 = load i4 %input_Dense_addr_2"   --->   Operation 37 'load' 'input_Dense_load_2' <Predicate = true> <Delay = 0.67> <CoreInst = "RAM">   --->   Core 83 'RAM' <Latency = 1> <II = 1> <Delay = 0.67> <Storage> <Opcode : 'load' 'store'> <Ports = 2> <Width = 15> <Depth = 16> <RAM>
ST_2 : Operation 38 [1/1] (0.00ns)   --->   "%input_Dense_addr_3 = getelementptr i15 %input_Dense, i64 0, i64 3"   --->   Operation 38 'getelementptr' 'input_Dense_addr_3' <Predicate = true> <Delay = 0.00>
ST_2 : Operation 39 [2/2] (0.67ns)   --->   "%input_Dense_load_3 = load i4 %input_Dense_addr_3"   --->   Operation 39 'load' 'input_Dense_load_3' <Predicate = true> <Delay = 0.67> <CoreInst = "RAM">   --->   Core 83 'RAM' <Latency = 1> <II = 1> <Delay = 0.67> <Storage> <Opcode : 'load' 'store'> <Ports = 2> <Width = 15> <Depth = 16> <RAM>

State 3 <SV = 2> <Delay = 0.67>
ST_3 : Operation 40 [1/2] (0.67ns)   --->   "%input_Dense_load_2 = load i4 %input_Dense_addr_2"   --->   Operation 40 'load' 'input_Dense_load_2' <Predicate = true> <Delay = 0.67> <CoreInst = "RAM">   --->   Core 83 'RAM' <Latency = 1> <II = 1> <Delay = 0.67> <Storage> <Opcode : 'load' 'store'> <Ports = 2> <Width = 15> <Depth = 16> <RAM>
ST_3 : Operation 41 [1/2] (0.67ns)   --->   "%input_Dense_load_3 = load i4 %input_Dense_addr_3"   --->   Operation 41 'load' 'input_Dense_load_3' <Predicate = true> <Delay = 0.67> <CoreInst = "RAM">   --->   Core 83 'RAM' <Latency = 1> <II = 1> <Delay = 0.67> <Storage> <Opcode : 'load' 'store'> <Ports = 2> <Width = 15> <Depth = 16> <RAM>
ST_3 : Operation 42 [1/1] (0.00ns)   --->   "%input_Dense_addr_4 = getelementptr i15 %input_Dense, i64 0, i64 4"   --->   Operation 42 'getelementptr' 'input_Dense_addr_4' <Predicate = true> <Delay = 0.00>
ST_3 : Operation 43 [2/2] (0.67ns)   --->   "%input_Dense_load_4 = load i4 %input_Dense_addr_4"   --->   Operation 43 'load' 'input_Dense_load_4' <Predicate = true> <Delay = 0.67> <CoreInst = "RAM">   --->   Core 83 'RAM' <Latency = 1> <II = 1> <Delay = 0.67> <Storage> <Opcode : 'load' 'store'> <Ports = 2> <Width = 15> <Depth = 16> <RAM>
ST_3 : Operation 44 [1/1] (0.00ns)   --->   "%input_Dense_addr_5 = getelementptr i15 %input_Dense, i64 0, i64 5"   --->   Operation 44 'getelementptr' 'input_Dense_addr_5' <Predicate = true> <Delay = 0.00>
ST_3 : Operation 45 [2/2] (0.67ns)   --->   "%input_Dense_load_5 = load i4 %input_Dense_addr_5"   --->   Operation 45 'load' 'input_Dense_load_5' <Predicate = true> <Delay = 0.67> <CoreInst = "RAM">   --->   Core 83 'RAM' <Latency = 1> <II = 1> <Delay = 0.67> <Storage> <Opcode : 'load' 'store'> <Ports = 2> <Width = 15> <Depth = 16> <RAM>

State 4 <SV = 3> <Delay = 0.67>
ST_4 : Operation 46 [1/2] (0.67ns)   --->   "%input_Dense_load_4 = load i4 %input_Dense_addr_4"   --->   Operation 46 'load' 'input_Dense_load_4' <Predicate = true> <Delay = 0.67> <CoreInst = "RAM">   --->   Core 83 'RAM' <Latency = 1> <II = 1> <Delay = 0.67> <Storage> <Opcode : 'load' 'store'> <Ports = 2> <Width = 15> <Depth = 16> <RAM>
ST_4 : Operation 47 [1/2] (0.67ns)   --->   "%input_Dense_load_5 = load i4 %input_Dense_addr_5"   --->   Operation 47 'load' 'input_Dense_load_5' <Predicate = true> <Delay = 0.67> <CoreInst = "RAM">   --->   Core 83 'RAM' <Latency = 1> <II = 1> <Delay = 0.67> <Storage> <Opcode : 'load' 'store'> <Ports = 2> <Width = 15> <Depth = 16> <RAM>
ST_4 : Operation 48 [1/1] (0.00ns)   --->   "%input_Dense_addr_6 = getelementptr i15 %input_Dense, i64 0, i64 6"   --->   Operation 48 'getelementptr' 'input_Dense_addr_6' <Predicate = true> <Delay = 0.00>
ST_4 : Operation 49 [2/2] (0.67ns)   --->   "%input_Dense_load_6 = load i4 %input_Dense_addr_6"   --->   Operation 49 'load' 'input_Dense_load_6' <Predicate = true> <Delay = 0.67> <CoreInst = "RAM">   --->   Core 83 'RAM' <Latency = 1> <II = 1> <Delay = 0.67> <Storage> <Opcode : 'load' 'store'> <Ports = 2> <Width = 15> <Depth = 16> <RAM>
ST_4 : Operation 50 [1/1] (0.00ns)   --->   "%input_Dense_addr_7 = getelementptr i15 %input_Dense, i64 0, i64 7"   --->   Operation 50 'getelementptr' 'input_Dense_addr_7' <Predicate = true> <Delay = 0.00>
ST_4 : Operation 51 [2/2] (0.67ns)   --->   "%input_Dense_load_7 = load i4 %input_Dense_addr_7"   --->   Operation 51 'load' 'input_Dense_load_7' <Predicate = true> <Delay = 0.67> <CoreInst = "RAM">   --->   Core 83 'RAM' <Latency = 1> <II = 1> <Delay = 0.67> <Storage> <Opcode : 'load' 'store'> <Ports = 2> <Width = 15> <Depth = 16> <RAM>

State 5 <SV = 4> <Delay = 0.67>
ST_5 : Operation 52 [1/2] (0.67ns)   --->   "%input_Dense_load_6 = load i4 %input_Dense_addr_6"   --->   Operation 52 'load' 'input_Dense_load_6' <Predicate = true> <Delay = 0.67> <CoreInst = "RAM">   --->   Core 83 'RAM' <Latency = 1> <II = 1> <Delay = 0.67> <Storage> <Opcode : 'load' 'store'> <Ports = 2> <Width = 15> <Depth = 16> <RAM>
ST_5 : Operation 53 [1/2] (0.67ns)   --->   "%input_Dense_load_7 = load i4 %input_Dense_addr_7"   --->   Operation 53 'load' 'input_Dense_load_7' <Predicate = true> <Delay = 0.67> <CoreInst = "RAM">   --->   Core 83 'RAM' <Latency = 1> <II = 1> <Delay = 0.67> <Storage> <Opcode : 'load' 'store'> <Ports = 2> <Width = 15> <Depth = 16> <RAM>
ST_5 : Operation 54 [1/1] (0.00ns)   --->   "%input_Dense_addr_8 = getelementptr i15 %input_Dense, i64 0, i64 8"   --->   Operation 54 'getelementptr' 'input_Dense_addr_8' <Predicate = true> <Delay = 0.00>
ST_5 : Operation 55 [2/2] (0.67ns)   --->   "%input_Dense_load_8 = load i4 %input_Dense_addr_8"   --->   Operation 55 'load' 'input_Dense_load_8' <Predicate = true> <Delay = 0.67> <CoreInst = "RAM">   --->   Core 83 'RAM' <Latency = 1> <II = 1> <Delay = 0.67> <Storage> <Opcode : 'load' 'store'> <Ports = 2> <Width = 15> <Depth = 16> <RAM>
ST_5 : Operation 56 [1/1] (0.00ns)   --->   "%input_Dense_addr_9 = getelementptr i15 %input_Dense, i64 0, i64 9"   --->   Operation 56 'getelementptr' 'input_Dense_addr_9' <Predicate = true> <Delay = 0.00>
ST_5 : Operation 57 [2/2] (0.67ns)   --->   "%input_Dense_load_9 = load i4 %input_Dense_addr_9"   --->   Operation 57 'load' 'input_Dense_load_9' <Predicate = true> <Delay = 0.67> <CoreInst = "RAM">   --->   Core 83 'RAM' <Latency = 1> <II = 1> <Delay = 0.67> <Storage> <Opcode : 'load' 'store'> <Ports = 2> <Width = 15> <Depth = 16> <RAM>

State 6 <SV = 5> <Delay = 0.67>
ST_6 : Operation 58 [1/2] (0.67ns)   --->   "%input_Dense_load_8 = load i4 %input_Dense_addr_8"   --->   Operation 58 'load' 'input_Dense_load_8' <Predicate = true> <Delay = 0.67> <CoreInst = "RAM">   --->   Core 83 'RAM' <Latency = 1> <II = 1> <Delay = 0.67> <Storage> <Opcode : 'load' 'store'> <Ports = 2> <Width = 15> <Depth = 16> <RAM>
ST_6 : Operation 59 [1/2] (0.67ns)   --->   "%input_Dense_load_9 = load i4 %input_Dense_addr_9"   --->   Operation 59 'load' 'input_Dense_load_9' <Predicate = true> <Delay = 0.67> <CoreInst = "RAM">   --->   Core 83 'RAM' <Latency = 1> <II = 1> <Delay = 0.67> <Storage> <Opcode : 'load' 'store'> <Ports = 2> <Width = 15> <Depth = 16> <RAM>
ST_6 : Operation 60 [1/1] (0.00ns)   --->   "%input_Dense_addr_10 = getelementptr i15 %input_Dense, i64 0, i64 10"   --->   Operation 60 'getelementptr' 'input_Dense_addr_10' <Predicate = true> <Delay = 0.00>
ST_6 : Operation 61 [2/2] (0.67ns)   --->   "%input_Dense_load_10 = load i4 %input_Dense_addr_10"   --->   Operation 61 'load' 'input_Dense_load_10' <Predicate = true> <Delay = 0.67> <CoreInst = "RAM">   --->   Core 83 'RAM' <Latency = 1> <II = 1> <Delay = 0.67> <Storage> <Opcode : 'load' 'store'> <Ports = 2> <Width = 15> <Depth = 16> <RAM>
ST_6 : Operation 62 [1/1] (0.00ns)   --->   "%input_Dense_addr_11 = getelementptr i15 %input_Dense, i64 0, i64 11"   --->   Operation 62 'getelementptr' 'input_Dense_addr_11' <Predicate = true> <Delay = 0.00>
ST_6 : Operation 63 [2/2] (0.67ns)   --->   "%input_Dense_load_11 = load i4 %input_Dense_addr_11"   --->   Operation 63 'load' 'input_Dense_load_11' <Predicate = true> <Delay = 0.67> <CoreInst = "RAM">   --->   Core 83 'RAM' <Latency = 1> <II = 1> <Delay = 0.67> <Storage> <Opcode : 'load' 'store'> <Ports = 2> <Width = 15> <Depth = 16> <RAM>

State 7 <SV = 6> <Delay = 0.67>
ST_7 : Operation 64 [1/2] (0.67ns)   --->   "%input_Dense_load_10 = load i4 %input_Dense_addr_10"   --->   Operation 64 'load' 'input_Dense_load_10' <Predicate = true> <Delay = 0.67> <CoreInst = "RAM">   --->   Core 83 'RAM' <Latency = 1> <II = 1> <Delay = 0.67> <Storage> <Opcode : 'load' 'store'> <Ports = 2> <Width = 15> <Depth = 16> <RAM>
ST_7 : Operation 65 [1/2] (0.67ns)   --->   "%input_Dense_load_11 = load i4 %input_Dense_addr_11"   --->   Operation 65 'load' 'input_Dense_load_11' <Predicate = true> <Delay = 0.67> <CoreInst = "RAM">   --->   Core 83 'RAM' <Latency = 1> <II = 1> <Delay = 0.67> <Storage> <Opcode : 'load' 'store'> <Ports = 2> <Width = 15> <Depth = 16> <RAM>
ST_7 : Operation 66 [1/1] (0.00ns)   --->   "%input_Dense_addr_12 = getelementptr i15 %input_Dense, i64 0, i64 12"   --->   Operation 66 'getelementptr' 'input_Dense_addr_12' <Predicate = true> <Delay = 0.00>
ST_7 : Operation 67 [2/2] (0.67ns)   --->   "%input_Dense_load_12 = load i4 %input_Dense_addr_12"   --->   Operation 67 'load' 'input_Dense_load_12' <Predicate = true> <Delay = 0.67> <CoreInst = "RAM">   --->   Core 83 'RAM' <Latency = 1> <II = 1> <Delay = 0.67> <Storage> <Opcode : 'load' 'store'> <Ports = 2> <Width = 15> <Depth = 16> <RAM>
ST_7 : Operation 68 [1/1] (0.00ns)   --->   "%input_Dense_addr_13 = getelementptr i15 %input_Dense, i64 0, i64 13"   --->   Operation 68 'getelementptr' 'input_Dense_addr_13' <Predicate = true> <Delay = 0.00>
ST_7 : Operation 69 [2/2] (0.67ns)   --->   "%input_Dense_load_13 = load i4 %input_Dense_addr_13"   --->   Operation 69 'load' 'input_Dense_load_13' <Predicate = true> <Delay = 0.67> <CoreInst = "RAM">   --->   Core 83 'RAM' <Latency = 1> <II = 1> <Delay = 0.67> <Storage> <Opcode : 'load' 'store'> <Ports = 2> <Width = 15> <Depth = 16> <RAM>

State 8 <SV = 7> <Delay = 0.67>
ST_8 : Operation 70 [1/2] (0.67ns)   --->   "%input_Dense_load_12 = load i4 %input_Dense_addr_12"   --->   Operation 70 'load' 'input_Dense_load_12' <Predicate = true> <Delay = 0.67> <CoreInst = "RAM">   --->   Core 83 'RAM' <Latency = 1> <II = 1> <Delay = 0.67> <Storage> <Opcode : 'load' 'store'> <Ports = 2> <Width = 15> <Depth = 16> <RAM>
ST_8 : Operation 71 [1/2] (0.67ns)   --->   "%input_Dense_load_13 = load i4 %input_Dense_addr_13"   --->   Operation 71 'load' 'input_Dense_load_13' <Predicate = true> <Delay = 0.67> <CoreInst = "RAM">   --->   Core 83 'RAM' <Latency = 1> <II = 1> <Delay = 0.67> <Storage> <Opcode : 'load' 'store'> <Ports = 2> <Width = 15> <Depth = 16> <RAM>
ST_8 : Operation 72 [1/1] (0.00ns)   --->   "%input_Dense_addr_14 = getelementptr i15 %input_Dense, i64 0, i64 14"   --->   Operation 72 'getelementptr' 'input_Dense_addr_14' <Predicate = true> <Delay = 0.00>
ST_8 : Operation 73 [2/2] (0.67ns)   --->   "%input_Dense_load_14 = load i4 %input_Dense_addr_14"   --->   Operation 73 'load' 'input_Dense_load_14' <Predicate = true> <Delay = 0.67> <CoreInst = "RAM">   --->   Core 83 'RAM' <Latency = 1> <II = 1> <Delay = 0.67> <Storage> <Opcode : 'load' 'store'> <Ports = 2> <Width = 15> <Depth = 16> <RAM>
ST_8 : Operation 74 [1/1] (0.00ns)   --->   "%input_Dense_addr_15 = getelementptr i15 %input_Dense, i64 0, i64 15"   --->   Operation 74 'getelementptr' 'input_Dense_addr_15' <Predicate = true> <Delay = 0.00>
ST_8 : Operation 75 [2/2] (0.67ns)   --->   "%input_Dense_load_15 = load i4 %input_Dense_addr_15"   --->   Operation 75 'load' 'input_Dense_load_15' <Predicate = true> <Delay = 0.67> <CoreInst = "RAM">   --->   Core 83 'RAM' <Latency = 1> <II = 1> <Delay = 0.67> <Storage> <Opcode : 'load' 'store'> <Ports = 2> <Width = 15> <Depth = 16> <RAM>

State 9 <SV = 8> <Delay = 1.76>
ST_9 : Operation 76 [1/1] (0.00ns)   --->   "%weight_read = read i64 @_ssdm_op_Read.ap_auto.i64, i64 %weight"   --->   Operation 76 'read' 'weight_read' <Predicate = true> <Delay = 0.00>
ST_9 : Operation 77 [1/1] (0.00ns)   --->   "%bias_read = read i64 @_ssdm_op_Read.ap_auto.i64, i64 %bias"   --->   Operation 77 'read' 'bias_read' <Predicate = true> <Delay = 0.00>
ST_9 : Operation 78 [1/2] (0.67ns)   --->   "%input_Dense_load_14 = load i4 %input_Dense_addr_14"   --->   Operation 78 'load' 'input_Dense_load_14' <Predicate = true> <Delay = 0.67> <CoreInst = "RAM">   --->   Core 83 'RAM' <Latency = 1> <II = 1> <Delay = 0.67> <Storage> <Opcode : 'load' 'store'> <Ports = 2> <Width = 15> <Depth = 16> <RAM>
ST_9 : Operation 79 [1/2] (0.67ns)   --->   "%input_Dense_load_15 = load i4 %input_Dense_addr_15"   --->   Operation 79 'load' 'input_Dense_load_15' <Predicate = true> <Delay = 0.67> <CoreInst = "RAM">   --->   Core 83 'RAM' <Latency = 1> <II = 1> <Delay = 0.67> <Storage> <Opcode : 'load' 'store'> <Ports = 2> <Width = 15> <Depth = 16> <RAM>
ST_9 : Operation 80 [2/2] (1.08ns)   --->   "%call_ln1271 = call void @C_Dense_2_Pipeline_loop_for_a_Dense_2, i64 %weight_read, i16 %gmem1, i15 %input_Dense_load, i15 %input_Dense_load_1, i15 %input_Dense_load_2, i15 %input_Dense_load_3, i15 %input_Dense_load_4, i15 %input_Dense_load_5, i15 %input_Dense_load_6, i15 %input_Dense_load_7, i15 %input_Dense_load_8, i15 %input_Dense_load_9, i15 %input_Dense_load_10, i15 %input_Dense_load_11, i15 %input_Dense_load_12, i15 %input_Dense_load_13, i15 %input_Dense_load_14, i15 %input_Dense_load_15, i64 %bias_read, i16 %out_Dense_V"   --->   Operation 80 'call' 'call_ln1271' <Predicate = true> <Delay = 1.08> <CoreType = "Generic">   --->   Core 0 '' <Latency = 0> <II = 1> <Delay = 1.00> <Generic> <Opcode : >

State 10 <SV = 9> <Delay = 0.00>
ST_10 : Operation 81 [1/2] (0.00ns)   --->   "%call_ln1271 = call void @C_Dense_2_Pipeline_loop_for_a_Dense_2, i64 %weight_read, i16 %gmem1, i15 %input_Dense_load, i15 %input_Dense_load_1, i15 %input_Dense_load_2, i15 %input_Dense_load_3, i15 %input_Dense_load_4, i15 %input_Dense_load_5, i15 %input_Dense_load_6, i15 %input_Dense_load_7, i15 %input_Dense_load_8, i15 %input_Dense_load_9, i15 %input_Dense_load_10, i15 %input_Dense_load_11, i15 %input_Dense_load_12, i15 %input_Dense_load_13, i15 %input_Dense_load_14, i15 %input_Dense_load_15, i64 %bias_read, i16 %out_Dense_V"   --->   Operation 81 'call' 'call_ln1271' <Predicate = true> <Delay = 0.00> <CoreType = "Generic">   --->   Core 0 '' <Latency = 0> <II = 1> <Delay = 1.00> <Generic> <Opcode : >

State 11 <SV = 10> <Delay = 0.67>
ST_11 : Operation 82 [1/1] (0.00ns)   --->   "%out_Dense_V_addr = getelementptr i16 %out_Dense_V, i64 0, i64 0" [pipeline/C_Dense.cpp:44]   --->   Operation 82 'getelementptr' 'out_Dense_V_addr' <Predicate = true> <Delay = 0.00>
ST_11 : Operation 83 [2/2] (0.67ns)   --->   "%max_V = load i4 %out_Dense_V_addr" [pipeline/C_Dense.cpp:44]   --->   Operation 83 'load' 'max_V' <Predicate = true> <Delay = 0.67> <CoreInst = "RAM">   --->   Core 83 'RAM' <Latency = 1> <II = 1> <Delay = 0.67> <Storage> <Opcode : 'load' 'store'> <Ports = 2> <Width = 16> <Depth = 10> <RAM>

State 12 <SV = 11> <Delay = 0.67>
ST_12 : Operation 84 [1/2] (0.67ns)   --->   "%max_V = load i4 %out_Dense_V_addr" [pipeline/C_Dense.cpp:44]   --->   Operation 84 'load' 'max_V' <Predicate = true> <Delay = 0.67> <CoreInst = "RAM">   --->   Core 83 'RAM' <Latency = 1> <II = 1> <Delay = 0.67> <Storage> <Opcode : 'load' 'store'> <Ports = 2> <Width = 16> <Depth = 10> <RAM>

State 13 <SV = 12> <Delay = 0.42>
ST_13 : Operation 85 [2/2] (0.42ns)   --->   "%call_ln44 = call void @C_Dense_2_Pipeline_loop_detect, i16 %max_V, i16 %out_Dense_V, i4 %maxindex_loc" [pipeline/C_Dense.cpp:44]   --->   Operation 85 'call' 'call_ln44' <Predicate = true> <Delay = 0.42> <CoreType = "Generic">   --->   Core 0 '' <Latency = 0> <II = 1> <Delay = 1.00> <Generic> <Opcode : >

State 14 <SV = 13> <Delay = 0.00>
ST_14 : Operation 86 [1/2] (0.00ns)   --->   "%call_ln44 = call void @C_Dense_2_Pipeline_loop_detect, i16 %max_V, i16 %out_Dense_V, i4 %maxindex_loc" [pipeline/C_Dense.cpp:44]   --->   Operation 86 'call' 'call_ln44' <Predicate = true> <Delay = 0.00> <CoreType = "Generic">   --->   Core 0 '' <Latency = 0> <II = 1> <Delay = 1.00> <Generic> <Opcode : >

State 15 <SV = 14> <Delay = 0.67>
ST_15 : Operation 87 [1/1] (0.00ns)   --->   "%maxindex_loc_load = load i4 %maxindex_loc"   --->   Operation 87 'load' 'maxindex_loc_load' <Predicate = true> <Delay = 0.00>
ST_15 : Operation 88 [1/1] (0.00ns)   --->   "%idxprom40 = zext i4 %maxindex_loc_load"   --->   Operation 88 'zext' 'idxprom40' <Predicate = true> <Delay = 0.00>
ST_15 : Operation 89 [1/1] (0.00ns)   --->   "%out_Dense_V_addr_1 = getelementptr i16 %out_Dense_V, i64 0, i64 %idxprom40"   --->   Operation 89 'getelementptr' 'out_Dense_V_addr_1' <Predicate = true> <Delay = 0.00>
ST_15 : Operation 90 [2/2] (0.67ns)   --->   "%max_value_V = load i4 %out_Dense_V_addr_1"   --->   Operation 90 'load' 'max_value_V' <Predicate = true> <Delay = 0.67> <CoreInst = "RAM">   --->   Core 83 'RAM' <Latency = 1> <II = 1> <Delay = 0.67> <Storage> <Opcode : 'load' 'store'> <Ports = 2> <Width = 16> <Depth = 10> <RAM>

State 16 <SV = 15> <Delay = 0.67>
ST_16 : Operation 91 [1/2] (0.67ns)   --->   "%max_value_V = load i4 %out_Dense_V_addr_1"   --->   Operation 91 'load' 'max_value_V' <Predicate = true> <Delay = 0.67> <CoreInst = "RAM">   --->   Core 83 'RAM' <Latency = 1> <II = 1> <Delay = 0.67> <Storage> <Opcode : 'load' 'store'> <Ports = 2> <Width = 16> <Depth = 10> <RAM>

State 17 <SV = 16> <Delay = 0.00>
ST_17 : Operation 92 [2/2] (0.00ns)   --->   "%call_ln813 = call void @C_Dense_2_Pipeline_VITIS_LOOP_53_1, i16 %out_Dense_V, i16 %max_value_V, i16 %p_loc, i11 %f_x_lsb_table_V, i25 %exp_x_msb_2_m_1_table_V, i25 %exp_x_msb_1_table_V"   --->   Operation 92 'call' 'call_ln813' <Predicate = true> <Delay = 0.00> <CoreType = "Generic">   --->   Core 0 '' <Latency = 0> <II = 1> <Delay = 1.00> <Generic> <Opcode : >

State 18 <SV = 17> <Delay = 0.00>
ST_18 : Operation 93 [1/2] (0.00ns)   --->   "%call_ln813 = call void @C_Dense_2_Pipeline_VITIS_LOOP_53_1, i16 %out_Dense_V, i16 %max_value_V, i16 %p_loc, i11 %f_x_lsb_table_V, i25 %exp_x_msb_2_m_1_table_V, i25 %exp_x_msb_1_table_V"   --->   Operation 93 'call' 'call_ln813' <Predicate = true> <Delay = 0.00> <CoreType = "Generic">   --->   Core 0 '' <Latency = 0> <II = 1> <Delay = 1.00> <Generic> <Opcode : >

State 19 <SV = 18> <Delay = 0.00>
ST_19 : Operation 94 [1/1] (0.00ns)   --->   "%p_loc_load = load i16 %p_loc"   --->   Operation 94 'load' 'p_loc_load' <Predicate = true> <Delay = 0.00>
ST_19 : Operation 95 [2/2] (0.00ns)   --->   "%call_ln813 = call void @C_Dense_2_Pipeline_VITIS_LOOP_57_2, i16 %out_Dense_V, i16 %max_value_V, i16 %p_loc_load, i11 %f_x_lsb_table_V, i25 %exp_x_msb_2_m_1_table_V, i25 %exp_x_msb_1_table_V"   --->   Operation 95 'call' 'call_ln813' <Predicate = true> <Delay = 0.00> <CoreType = "Generic">   --->   Core 0 '' <Latency = 0> <II = 1> <Delay = 1.00> <Generic> <Opcode : >

State 20 <SV = 19> <Delay = 0.00>
ST_20 : Operation 96 [1/2] (0.00ns)   --->   "%call_ln813 = call void @C_Dense_2_Pipeline_VITIS_LOOP_57_2, i16 %out_Dense_V, i16 %max_value_V, i16 %p_loc_load, i11 %f_x_lsb_table_V, i25 %exp_x_msb_2_m_1_table_V, i25 %exp_x_msb_1_table_V"   --->   Operation 96 'call' 'call_ln813' <Predicate = true> <Delay = 0.00> <CoreType = "Generic">   --->   Core 0 '' <Latency = 0> <II = 1> <Delay = 1.00> <Generic> <Opcode : >

State 21 <SV = 20> <Delay = 0.67>
ST_21 : Operation 97 [2/2] (0.67ns)   --->   "%max_2_V = load i4 %out_Dense_V_addr" [pipeline/C_Dense.cpp:61]   --->   Operation 97 'load' 'max_2_V' <Predicate = true> <Delay = 0.67> <CoreInst = "RAM">   --->   Core 83 'RAM' <Latency = 1> <II = 1> <Delay = 0.67> <Storage> <Opcode : 'load' 'store'> <Ports = 2> <Width = 16> <Depth = 10> <RAM>

State 22 <SV = 21> <Delay = 0.67>
ST_22 : Operation 98 [1/2] (0.67ns)   --->   "%max_2_V = load i4 %out_Dense_V_addr" [pipeline/C_Dense.cpp:61]   --->   Operation 98 'load' 'max_2_V' <Predicate = true> <Delay = 0.67> <CoreInst = "RAM">   --->   Core 83 'RAM' <Latency = 1> <II = 1> <Delay = 0.67> <Storage> <Opcode : 'load' 'store'> <Ports = 2> <Width = 16> <Depth = 10> <RAM>

State 23 <SV = 22> <Delay = 0.42>
ST_23 : Operation 99 [2/2] (0.42ns)   --->   "%call_ln61 = call void @C_Dense_2_Pipeline_VITIS_LOOP_62_3, i16 %max_2_V, i16 %out_Dense_V, i16 %maxindex_2_V_loc" [pipeline/C_Dense.cpp:61]   --->   Operation 99 'call' 'call_ln61' <Predicate = true> <Delay = 0.42> <CoreType = "Generic">   --->   Core 0 '' <Latency = 0> <II = 1> <Delay = 1.00> <Generic> <Opcode : >

State 24 <SV = 23> <Delay = 1.14>
ST_24 : Operation 100 [1/2] (1.14ns)   --->   "%call_ln61 = call void @C_Dense_2_Pipeline_VITIS_LOOP_62_3, i16 %max_2_V, i16 %out_Dense_V, i16 %maxindex_2_V_loc" [pipeline/C_Dense.cpp:61]   --->   Operation 100 'call' 'call_ln61' <Predicate = true> <Delay = 1.14> <CoreType = "Generic">   --->   Core 0 '' <Latency = 0> <II = 1> <Delay = 1.00> <Generic> <Opcode : >

State 25 <SV = 24> <Delay = 0.00>
ST_25 : Operation 101 [1/1] (0.00ns)   --->   "%specinterface_ln0 = specinterface void @_ssdm_op_SpecInterface, i16 %gmem1, void @empty_7, i32 0, i32 0, void @empty_8, i32 0, i32 0, void @empty_11, void @empty_1, void @empty_8, i32 16, i32 16, i32 16, i32 16, void @empty_8, void @empty_8, i32 4294967295, i32 0"   --->   Operation 101 'specinterface' 'specinterface_ln0' <Predicate = true> <Delay = 0.00>
ST_25 : Operation 102 [1/1] (0.00ns)   --->   "%maxindex_2_V_loc_load = load i16 %maxindex_2_V_loc"   --->   Operation 102 'load' 'maxindex_2_V_loc_load' <Predicate = true> <Delay = 0.00>
ST_25 : Operation 103 [1/1] (0.00ns)   --->   "%ret_ln69 = ret i16 %maxindex_2_V_loc_load" [pipeline/C_Dense.cpp:69]   --->   Operation 103 'ret' 'ret_ln69' <Predicate = true> <Delay = 0.00>


============================================================
+ Verbose Summary: Timing violations
============================================================
Target clock period: 10ns, clock uncertainty: 2.7ns.

 <State 1>: 0.677ns
The critical path consists of the following:
	'getelementptr' operation ('input_Dense_addr') [15]  (0 ns)
	'load' operation ('input_Dense_load') on array 'input_Dense' [16]  (0.677 ns)

 <State 2>: 0.677ns
The critical path consists of the following:
	'load' operation ('input_Dense_load') on array 'input_Dense' [16]  (0.677 ns)

 <State 3>: 0.677ns
The critical path consists of the following:
	'load' operation ('input_Dense_load_2') on array 'input_Dense' [20]  (0.677 ns)

 <State 4>: 0.677ns
The critical path consists of the following:
	'load' operation ('input_Dense_load_4') on array 'input_Dense' [24]  (0.677 ns)

 <State 5>: 0.677ns
The critical path consists of the following:
	'load' operation ('input_Dense_load_6') on array 'input_Dense' [28]  (0.677 ns)

 <State 6>: 0.677ns
The critical path consists of the following:
	'load' operation ('input_Dense_load_8') on array 'input_Dense' [32]  (0.677 ns)

 <State 7>: 0.677ns
The critical path consists of the following:
	'load' operation ('input_Dense_load_10') on array 'input_Dense' [36]  (0.677 ns)

 <State 8>: 0.677ns
The critical path consists of the following:
	'load' operation ('input_Dense_load_12') on array 'input_Dense' [40]  (0.677 ns)

 <State 9>: 1.76ns
The critical path consists of the following:
	'load' operation ('input_Dense_load_14') on array 'input_Dense' [44]  (0.677 ns)
	'call' operation ('call_ln1271') to 'C_Dense_2_Pipeline_loop_for_a_Dense_2' [47]  (1.08 ns)

 <State 10>: 0ns
The critical path consists of the following:

 <State 11>: 0.677ns
The critical path consists of the following:
	'getelementptr' operation ('out_Dense_V_addr', pipeline/C_Dense.cpp:44) [48]  (0 ns)
	'load' operation ('max.V', pipeline/C_Dense.cpp:44) on array 'out_Dense.V', pipeline/C_Dense.cpp:33 [49]  (0.677 ns)

 <State 12>: 0.677ns
The critical path consists of the following:
	'load' operation ('max.V', pipeline/C_Dense.cpp:44) on array 'out_Dense.V', pipeline/C_Dense.cpp:33 [49]  (0.677 ns)

 <State 13>: 0.427ns
The critical path consists of the following:
	'call' operation ('call_ln44', pipeline/C_Dense.cpp:44) to 'C_Dense_2_Pipeline_loop_detect' [50]  (0.427 ns)

 <State 14>: 0ns
The critical path consists of the following:

 <State 15>: 0.677ns
The critical path consists of the following:
	'load' operation ('maxindex_loc_load') on local variable 'maxindex_loc' [51]  (0 ns)
	'getelementptr' operation ('out_Dense_V_addr_1') [53]  (0 ns)
	'load' operation ('max_value.V') on array 'out_Dense.V', pipeline/C_Dense.cpp:33 [54]  (0.677 ns)

 <State 16>: 0.677ns
The critical path consists of the following:
	'load' operation ('max_value.V') on array 'out_Dense.V', pipeline/C_Dense.cpp:33 [54]  (0.677 ns)

 <State 17>: 0ns
The critical path consists of the following:

 <State 18>: 0ns
The critical path consists of the following:

 <State 19>: 0ns
The critical path consists of the following:

 <State 20>: 0ns
The critical path consists of the following:

 <State 21>: 0.677ns
The critical path consists of the following:
	'load' operation ('max_2.V', pipeline/C_Dense.cpp:61) on array 'out_Dense.V', pipeline/C_Dense.cpp:33 [58]  (0.677 ns)

 <State 22>: 0.677ns
The critical path consists of the following:
	'load' operation ('max_2.V', pipeline/C_Dense.cpp:61) on array 'out_Dense.V', pipeline/C_Dense.cpp:33 [58]  (0.677 ns)

 <State 23>: 0.427ns
The critical path consists of the following:
	'call' operation ('call_ln61', pipeline/C_Dense.cpp:61) to 'C_Dense_2_Pipeline_VITIS_LOOP_62_3' [59]  (0.427 ns)

 <State 24>: 1.15ns
The critical path consists of the following:
	'call' operation ('call_ln61', pipeline/C_Dense.cpp:61) to 'C_Dense_2_Pipeline_VITIS_LOOP_62_3' [59]  (1.15 ns)

 <State 25>: 0ns
The critical path consists of the following:


============================================================
+ Verbose Summary: Binding
============================================================
N/A
* FSMD analyzer results:
  - Output states:
 - Input state : 
  - Chain level:
	State 1
	State 2
	State 3
	State 4
	State 5
	State 6
	State 7
	State 8
	State 9
	State 10
	State 11
	State 12
	State 13
	State 14
	State 15
	State 16
	State 17
	State 18
	State 19
	State 20
	State 21
	State 22
	State 23
	State 24
	State 25


============================================================
+ Verbose Summary: Datapath Resource usage 
============================================================
N/A
