

================================================================
== Vitis HLS Report for 'C_Dense_2_Pipeline_VITIS_LOOP_53_1'
================================================================
* Date:           Wed Apr 15 01:46:30 2026

* Version:        2022.2 (Build 3670227 on Oct 13 2022)
* Project:        ProjectOne
* Solution:       solution1 (Vivado IP Flow Target)
* Product family: zynquplus
* Target device:  xck26-sfvc784-2LV-c


================================================================
== Performance Estimates
================================================================
+ Timing: 
    * Summary: 
    +--------+----------+----------+------------+
    |  Clock |  Target  | Estimated| Uncertainty|
    +--------+----------+----------+------------+
    |ap_clk  |  10.00 ns|  7.148 ns|     2.70 ns|
    +--------+----------+----------+------------+

+ Latency: 
    * Summary: 
    +---------+---------+----------+----------+-----+-----+---------+
    |  Latency (cycles) |  Latency (absolute) |  Interval | Pipeline|
    |   min   |   max   |    min   |    max   | min | max |   Type  |
    +---------+---------+----------+----------+-----+-----+---------+
    |       17|       17|  0.170 us|  0.170 us|   17|   17|       no|
    +---------+---------+----------+----------+-----+-----+---------+

    + Detail: 
        * Instance: 
        N/A

        * Loop: 
        +-------------------+---------+---------+----------+-----------+-----------+------+----------+
        |                   |  Latency (cycles) | Iteration|  Initiation Interval  | Trip |          |
        |     Loop Name     |   min   |   max   |  Latency |  achieved |   target  | Count| Pipelined|
        +-------------------+---------+---------+----------+-----------+-----------+------+----------+
        |- VITIS_LOOP_53_1  |       15|       15|         7|          1|          1|    10|       yes|
        +-------------------+---------+---------+----------+-----------+-----------+------+----------+

============================================================
+ Verbose Summary: Synthesis Manager
============================================================
InlineROM: 1
ExposeGlobal: 0
============================================================
+ Verbose Summary: CDFG Model
============================================================
IsTopModel: 0
ResetActiveHigh: 1
IsCombinational: 0
IsDatapathOnly: 0
HasWiredReturn: 1
HasMFsm: 2
HasVarLatency: 1
IsPipeline: 0
IsRtlPipelined: 0
IsInstanceOverlapped: 0
IsDontTouch: 0
HasImplIP: 0
IsGatedGlobalClock: 0

+ Individual pipeline summary: 
  * Pipeline-0: initiation interval (II) = 1, depth = 7


============================================================
+ Verbose Summary: Schedule
============================================================
* Number of FSM states : 7
* Pipeline : 1
  Pipeline-0 : II = 1, D = 7, States = { 1 2 3 4 5 6 7 }
* Dataflow Pipeline: 0

* FSM state transitions: 
1 --> 2 
2 --> 3 
3 --> 4 
4 --> 5 
5 --> 6 
6 --> 7 
7 --> 

* FSM state operations: 

State 1 <SV = 0> <Delay = 1.22>
ST_1 : Operation 10 [1/1] (0.00ns)   --->   "%sum_exp_x_V_1 = alloca i32 1"   --->   Operation 10 'alloca' 'sum_exp_x_V_1' <Predicate = true> <Delay = 0.00>
ST_1 : Operation 11 [1/1] (0.00ns)   --->   "%i = alloca i32 1"   --->   Operation 11 'alloca' 'i' <Predicate = true> <Delay = 0.00>
ST_1 : Operation 12 [1/1] (0.00ns)   --->   "%sext_ln813_3_read = read i16 @_ssdm_op_Read.ap_auto.i16, i16 %sext_ln813_3"   --->   Operation 12 'read' 'sext_ln813_3_read' <Predicate = true> <Delay = 0.00>
ST_1 : Operation 13 [1/1] (0.00ns)   --->   "%sext_ln813_3_cast = sext i16 %sext_ln813_3_read"   --->   Operation 13 'sext' 'sext_ln813_3_cast' <Predicate = true> <Delay = 0.00>
ST_1 : Operation 14 [1/1] (0.42ns)   --->   "%store_ln0 = store i4 0, i4 %i"   --->   Operation 14 'store' 'store_ln0' <Predicate = true> <Delay = 0.42>
ST_1 : Operation 15 [1/1] (0.42ns)   --->   "%store_ln0 = store i16 0, i16 %sum_exp_x_V_1"   --->   Operation 15 'store' 'store_ln0' <Predicate = true> <Delay = 0.42>
ST_1 : Operation 16 [1/1] (0.00ns)   --->   "%br_ln0 = br void %for.body36"   --->   Operation 16 'br' 'br_ln0' <Predicate = true> <Delay = 0.00>
ST_1 : Operation 17 [1/1] (0.00ns)   --->   "%i_7 = load i4 %i" [pipeline/C_Dense.cpp:53]   --->   Operation 17 'load' 'i_7' <Predicate = true> <Delay = 0.00>
ST_1 : Operation 18 [1/1] (0.00ns)   --->   "%specpipeline_ln0 = specpipeline void @_ssdm_op_SpecPipeline, i32 4294967295, i32 0, i32 1, i32 0, void @p_str"   --->   Operation 18 'specpipeline' 'specpipeline_ln0' <Predicate = true> <Delay = 0.00>
ST_1 : Operation 19 [1/1] (0.72ns)   --->   "%icmp_ln53 = icmp_eq  i4 %i_7, i4 10" [pipeline/C_Dense.cpp:53]   --->   Operation 19 'icmp' 'icmp_ln53' <Predicate = true> <Delay = 0.72> <CoreInst = "Cmp">   --->   Core 9 'Cmp' <Latency = 0> <II = 1> <Delay = 0.72> <FuncUnit> <Opcode : 'icmp'> <InPorts = 2> <OutPorts = 1>
ST_1 : Operation 20 [1/1] (0.00ns)   --->   "%empty = speclooptripcount i32 @_ssdm_op_SpecLoopTripCount, i64 10, i64 10, i64 10"   --->   Operation 20 'speclooptripcount' 'empty' <Predicate = true> <Delay = 0.00>
ST_1 : Operation 21 [1/1] (0.79ns)   --->   "%add_ln53 = add i4 %i_7, i4 1" [pipeline/C_Dense.cpp:53]   --->   Operation 21 'add' 'add_ln53' <Predicate = true> <Delay = 0.79> <CoreInst = "Adder">   --->   Core 1 'Adder' <Latency = 0> <II = 1> <Delay = 0.79> <FuncUnit> <Opcode : 'add' 'sub'> <InPorts = 2> <OutPorts = 1>
ST_1 : Operation 22 [1/1] (0.00ns)   --->   "%br_ln53 = br i1 %icmp_ln53, void %for.body36.split, void %for.body52.preheader.exitStub" [pipeline/C_Dense.cpp:53]   --->   Operation 22 'br' 'br_ln53' <Predicate = true> <Delay = 0.00>
ST_1 : Operation 23 [1/1] (0.00ns)   --->   "%i_7_cast = zext i4 %i_7" [pipeline/C_Dense.cpp:53]   --->   Operation 23 'zext' 'i_7_cast' <Predicate = (!icmp_ln53)> <Delay = 0.00>
ST_1 : Operation 24 [1/1] (0.00ns)   --->   "%out_Dense_V_addr = getelementptr i16 %out_Dense_V, i64 0, i64 %i_7_cast"   --->   Operation 24 'getelementptr' 'out_Dense_V_addr' <Predicate = (!icmp_ln53)> <Delay = 0.00>
ST_1 : Operation 25 [2/2] (0.67ns)   --->   "%lhs = load i4 %out_Dense_V_addr"   --->   Operation 25 'load' 'lhs' <Predicate = (!icmp_ln53)> <Delay = 0.67> <CoreInst = "RAM">   --->   Core 83 'RAM' <Latency = 1> <II = 1> <Delay = 0.67> <Storage> <Opcode : 'load' 'store'> <Ports = 2> <Width = 16> <Depth = 10> <RAM>
ST_1 : Operation 26 [1/1] (0.42ns)   --->   "%store_ln53 = store i4 %add_ln53, i4 %i" [pipeline/C_Dense.cpp:53]   --->   Operation 26 'store' 'store_ln53' <Predicate = (!icmp_ln53)> <Delay = 0.42>

State 2 <SV = 1> <Delay = 2.76>
ST_2 : Operation 27 [1/2] (0.67ns)   --->   "%lhs = load i4 %out_Dense_V_addr"   --->   Operation 27 'load' 'lhs' <Predicate = true> <Delay = 0.67> <CoreInst = "RAM">   --->   Core 83 'RAM' <Latency = 1> <II = 1> <Delay = 0.67> <Storage> <Opcode : 'load' 'store'> <Ports = 2> <Width = 16> <Depth = 10> <RAM>
ST_2 : Operation 28 [1/1] (0.00ns)   --->   "%sext_ln813 = sext i16 %lhs"   --->   Operation 28 'sext' 'sext_ln813' <Predicate = true> <Delay = 0.00>
ST_2 : Operation 29 [1/1] (0.85ns)   --->   "%ret_V = sub i17 %sext_ln813, i17 %sext_ln813_3_cast"   --->   Operation 29 'sub' 'ret_V' <Predicate = true> <Delay = 0.85> <CoreInst = "Adder">   --->   Core 1 'Adder' <Latency = 0> <II = 1> <Delay = 0.85> <FuncUnit> <Opcode : 'add' 'sub'> <InPorts = 2> <OutPorts = 1>
ST_2 : Operation 30 [6/6] (1.23ns)   --->   "%op2_V = call i17 @exp<17, 9>, i17 %ret_V, i11 %f_x_lsb_table_V, i25 %exp_x_msb_2_m_1_table_V, i25 %exp_x_msb_1_table_V" [D:/Xilinx/Vitis_HLS/2022.2/common/technology/autopilot\hls_math.h:1190]   --->   Operation 30 'call' 'op2_V' <Predicate = true> <Delay = 1.23> <CoreType = "Generic">   --->   Core 0 '' <Latency = 0> <II = 1> <Delay = 1.00> <Generic> <Opcode : >

State 3 <SV = 2> <Delay = 5.86>
ST_3 : Operation 31 [5/6] (5.86ns)   --->   "%op2_V = call i17 @exp<17, 9>, i17 %ret_V, i11 %f_x_lsb_table_V, i25 %exp_x_msb_2_m_1_table_V, i25 %exp_x_msb_1_table_V" [D:/Xilinx/Vitis_HLS/2022.2/common/technology/autopilot\hls_math.h:1190]   --->   Operation 31 'call' 'op2_V' <Predicate = true> <Delay = 5.86> <CoreType = "Generic">   --->   Core 0 '' <Latency = 0> <II = 1> <Delay = 1.00> <Generic> <Opcode : >

State 4 <SV = 3> <Delay = 5.86>
ST_4 : Operation 32 [4/6] (5.86ns)   --->   "%op2_V = call i17 @exp<17, 9>, i17 %ret_V, i11 %f_x_lsb_table_V, i25 %exp_x_msb_2_m_1_table_V, i25 %exp_x_msb_1_table_V" [D:/Xilinx/Vitis_HLS/2022.2/common/technology/autopilot\hls_math.h:1190]   --->   Operation 32 'call' 'op2_V' <Predicate = true> <Delay = 5.86> <CoreType = "Generic">   --->   Core 0 '' <Latency = 0> <II = 1> <Delay = 1.00> <Generic> <Opcode : >

State 5 <SV = 4> <Delay = 5.86>
ST_5 : Operation 33 [3/6] (5.86ns)   --->   "%op2_V = call i17 @exp<17, 9>, i17 %ret_V, i11 %f_x_lsb_table_V, i25 %exp_x_msb_2_m_1_table_V, i25 %exp_x_msb_1_table_V" [D:/Xilinx/Vitis_HLS/2022.2/common/technology/autopilot\hls_math.h:1190]   --->   Operation 33 'call' 'op2_V' <Predicate = true> <Delay = 5.86> <CoreType = "Generic">   --->   Core 0 '' <Latency = 0> <II = 1> <Delay = 1.00> <Generic> <Opcode : >

State 6 <SV = 5> <Delay = 5.86>
ST_6 : Operation 34 [2/6] (5.86ns)   --->   "%op2_V = call i17 @exp<17, 9>, i17 %ret_V, i11 %f_x_lsb_table_V, i25 %exp_x_msb_2_m_1_table_V, i25 %exp_x_msb_1_table_V" [D:/Xilinx/Vitis_HLS/2022.2/common/technology/autopilot\hls_math.h:1190]   --->   Operation 34 'call' 'op2_V' <Predicate = true> <Delay = 5.86> <CoreType = "Generic">   --->   Core 0 '' <Latency = 0> <II = 1> <Delay = 1.00> <Generic> <Opcode : >
ST_6 : Operation 42 [1/1] (0.00ns)   --->   "%sum_exp_x_V_1_load = load i16 %sum_exp_x_V_1"   --->   Operation 42 'load' 'sum_exp_x_V_1_load' <Predicate = (icmp_ln53)> <Delay = 0.00>
ST_6 : Operation 43 [1/1] (0.00ns)   --->   "%write_ln0 = write void @_ssdm_op_Write.ap_auto.i16P0A, i16 %p_out, i16 %sum_exp_x_V_1_load"   --->   Operation 43 'write' 'write_ln0' <Predicate = (icmp_ln53)> <Delay = 0.00>
ST_6 : Operation 44 [1/1] (0.00ns)   --->   "%ret_ln0 = ret"   --->   Operation 44 'ret' 'ret_ln0' <Predicate = (icmp_ln53)> <Delay = 0.00>

State 7 <SV = 6> <Delay = 7.14>
ST_7 : Operation 35 [1/1] (0.00ns)   --->   "%sum_exp_x_V_1_load_1 = load i16 %sum_exp_x_V_1"   --->   Operation 35 'load' 'sum_exp_x_V_1_load_1' <Predicate = true> <Delay = 0.00>
ST_7 : Operation 36 [1/1] (0.00ns)   --->   "%specloopname_ln53 = specloopname void @_ssdm_op_SpecLoopName, void @empty_4" [pipeline/C_Dense.cpp:53]   --->   Operation 36 'specloopname' 'specloopname_ln53' <Predicate = true> <Delay = 0.00>
ST_7 : Operation 37 [1/6] (5.86ns)   --->   "%op2_V = call i17 @exp<17, 9>, i17 %ret_V, i11 %f_x_lsb_table_V, i25 %exp_x_msb_2_m_1_table_V, i25 %exp_x_msb_1_table_V" [D:/Xilinx/Vitis_HLS/2022.2/common/technology/autopilot\hls_math.h:1190]   --->   Operation 37 'call' 'op2_V' <Predicate = true> <Delay = 5.86> <CoreType = "Generic">   --->   Core 0 '' <Latency = 0> <II = 1> <Delay = 1.00> <Generic> <Opcode : >
ST_7 : Operation 38 [1/1] (0.00ns)   --->   "%trunc_ln813 = trunc i17 %op2_V"   --->   Operation 38 'trunc' 'trunc_ln813' <Predicate = true> <Delay = 0.00>
ST_7 : Operation 39 [1/1] (0.85ns)   --->   "%sum_exp_x_V = add i16 %trunc_ln813, i16 %sum_exp_x_V_1_load_1"   --->   Operation 39 'add' 'sum_exp_x_V' <Predicate = true> <Delay = 0.85> <CoreInst = "Adder">   --->   Core 1 'Adder' <Latency = 0> <II = 1> <Delay = 0.85> <FuncUnit> <Opcode : 'add' 'sub'> <InPorts = 2> <OutPorts = 1>
ST_7 : Operation 40 [1/1] (0.42ns)   --->   "%store_ln53 = store i16 %sum_exp_x_V, i16 %sum_exp_x_V_1" [pipeline/C_Dense.cpp:53]   --->   Operation 40 'store' 'store_ln53' <Predicate = true> <Delay = 0.42>
ST_7 : Operation 41 [1/1] (0.00ns)   --->   "%br_ln53 = br void %for.body36" [pipeline/C_Dense.cpp:53]   --->   Operation 41 'br' 'br_ln53' <Predicate = true> <Delay = 0.00>


============================================================
+ Verbose Summary: Timing violations
============================================================
Target clock period: 10ns, clock uncertainty: 2.7ns.

 <State 1>: 1.22ns
The critical path consists of the following:
	'alloca' operation ('i') [8]  (0 ns)
	'load' operation ('i', pipeline/C_Dense.cpp:53) on local variable 'i' [15]  (0 ns)
	'add' operation ('add_ln53', pipeline/C_Dense.cpp:53) [19]  (0.797 ns)
	'store' operation ('store_ln53', pipeline/C_Dense.cpp:53) of variable 'add_ln53', pipeline/C_Dense.cpp:53 on local variable 'i' [32]  (0.427 ns)

 <State 2>: 2.76ns
The critical path consists of the following:
	'load' operation ('lhs') on array 'out_Dense_V' [26]  (0.677 ns)
	'sub' operation ('ret.V') [28]  (0.853 ns)
	'call' operation ('op2_V', D:/Xilinx/Vitis_HLS/2022.2/common/technology/autopilot\hls_math.h:1190) to 'exp<17, 9>' [29]  (1.23 ns)

 <State 3>: 5.87ns
The critical path consists of the following:
	'call' operation ('op2_V', D:/Xilinx/Vitis_HLS/2022.2/common/technology/autopilot\hls_math.h:1190) to 'exp<17, 9>' [29]  (5.87 ns)

 <State 4>: 5.87ns
The critical path consists of the following:
	'call' operation ('op2_V', D:/Xilinx/Vitis_HLS/2022.2/common/technology/autopilot\hls_math.h:1190) to 'exp<17, 9>' [29]  (5.87 ns)

 <State 5>: 5.87ns
The critical path consists of the following:
	'call' operation ('op2_V', D:/Xilinx/Vitis_HLS/2022.2/common/technology/autopilot\hls_math.h:1190) to 'exp<17, 9>' [29]  (5.87 ns)

 <State 6>: 5.87ns
The critical path consists of the following:
	'call' operation ('op2_V', D:/Xilinx/Vitis_HLS/2022.2/common/technology/autopilot\hls_math.h:1190) to 'exp<17, 9>' [29]  (5.87 ns)

 <State 7>: 7.15ns
The critical path consists of the following:
	'call' operation ('op2_V', D:/Xilinx/Vitis_HLS/2022.2/common/technology/autopilot\hls_math.h:1190) to 'exp<17, 9>' [29]  (5.87 ns)
	'add' operation ('sum_exp_x.V') [31]  (0.853 ns)
	'store' operation ('store_ln53', pipeline/C_Dense.cpp:53) of variable 'sum_exp_x.V' on local variable 'sum_exp_x.V' [33]  (0.427 ns)


============================================================
+ Verbose Summary: Binding
============================================================
N/A
* FSMD analyzer results:
  - Output states:
 - Input state : 
  - Chain level:
	State 1
	State 2
	State 3
	State 4
	State 5
	State 6
	State 7


============================================================
+ Verbose Summary: Datapath Resource usage 
============================================================
N/A
