

================================================================
== Vitis HLS Report for 'C_Dense_2_Pipeline_VITIS_LOOP_62_3'
================================================================
* Date:           Wed Apr 15 01:46:55 2026

* Version:        2022.2 (Build 3670227 on Oct 13 2022)
* Project:        ProjectOne
* Solution:       solution1 (Vivado IP Flow Target)
* Product family: zynquplus
* Target device:  xck26-sfvc784-2LV-c


================================================================
== Performance Estimates
================================================================
+ Timing: 
    * Summary: 
    +--------+----------+----------+------------+
    |  Clock |  Target  | Estimated| Uncertainty|
    +--------+----------+----------+------------+
    |ap_clk  |  10.00 ns|  2.563 ns|     2.70 ns|
    +--------+----------+----------+------------+

+ Latency: 
    * Summary: 
    +---------+---------+----------+----------+-----+-----+---------+
    |  Latency (cycles) |  Latency (absolute) |  Interval | Pipeline|
    |   min   |   max   |    min   |    max   | min | max |   Type  |
    +---------+---------+----------+----------+-----+-----+---------+
    |       12|       12|  0.120 us|  0.120 us|   12|   12|       no|
    +---------+---------+----------+----------+-----+-----+---------+

    + Detail: 
        * Instance: 
        N/A

        * Loop: 
        +-------------------+---------+---------+----------+-----------+-----------+------+----------+
        |                   |  Latency (cycles) | Iteration|  Initiation Interval  | Trip |          |
        |     Loop Name     |   min   |   max   |  Latency |  achieved |   target  | Count| Pipelined|
        +-------------------+---------+---------+----------+-----------+-----------+------+----------+
        |- VITIS_LOOP_62_3  |       10|       10|         2|          1|          1|    10|       yes|
        +-------------------+---------+---------+----------+-----------+-----------+------+----------+



================================================================
== Utilization Estimates
================================================================
* Summary: 
+-----------------+---------+------+--------+--------+-----+
|       Name      | BRAM_18K|  DSP |   FF   |   LUT  | URAM|
+-----------------+---------+------+--------+--------+-----+
|DSP              |        -|     -|       -|       -|    -|
|Expression       |        -|     -|       0|      68|    -|
|FIFO             |        -|     -|       -|       -|    -|
|Instance         |        -|     -|       -|       -|    -|
|Memory           |        -|     -|       -|       -|    -|
|Multiplexer      |        -|     -|       -|      54|    -|
|Register         |        -|     -|      43|       -|    -|
+-----------------+---------+------+--------+--------+-----+
|Total            |        0|     0|      43|     122|    0|
+-----------------+---------+------+--------+--------+-----+
|Available        |      288|  1248|  234240|  117120|   64|
+-----------------+---------+------+--------+--------+-----+
|Utilization (%)  |        0|     0|      ~0|      ~0|    0|
+-----------------+---------+------+--------+--------+-----+

+ Detail: 
    * Instance: 
    N/A

    * DSP: 
    N/A

    * Memory: 
    N/A

    * FIFO: 
    N/A

    * Expression: 
    +--------------------------+----------+----+---+----+------------+------------+
    |       Variable Name      | Operation| DSP| FF| LUT| Bitwidth P0| Bitwidth P1|
    +--------------------------+----------+----+---+----+------------+------------+
    |i_fu_104_p2               |         +|   0|  0|  12|           4|           1|
    |icmp_ln1649_fu_126_p2     |      icmp|   0|  0|  13|          16|          16|
    |icmp_ln62_fu_98_p2        |      icmp|   0|  0|   9|           4|           4|
    |max_2_V_3_fu_151_p3       |    select|   0|  0|  16|           1|          16|
    |maxindex_2_V_2_fu_143_p3  |    select|   0|  0|  16|           1|          16|
    |ap_enable_pp0             |       xor|   0|  0|   2|           1|           2|
    +--------------------------+----------+----+---+----+------------+------------+
    |Total                     |          |   0|  0|  68|          27|          55|
    +--------------------------+----------+----+---+----+------------+------------+

    * Multiplexer: 
    +-------------------------+----+-----------+-----+-----------+
    |           Name          | LUT| Input Size| Bits| Total Bits|
    +-------------------------+----+-----------+-----+-----------+
    |ap_done_int              |   9|          2|    1|          2|
    |ap_enable_reg_pp0_iter1  |   9|          2|    1|          2|
    |ap_sig_allocacmp_i_5     |   9|          2|    4|          8|
    |max_2_V_1_fu_46          |   9|          2|   16|         32|
    |maxindex_2_V_fu_42       |   9|          2|   16|         32|
    |tmp_fu_50                |   9|          2|    4|          8|
    +-------------------------+----+-----------+-----+-----------+
    |Total                    |  54|         12|   42|         84|
    +-------------------------+----+-----------+-----+-----------+

    * Register: 
    +-------------------------+----+----+-----+-----------+
    |           Name          | FF | LUT| Bits| Const Bits|
    +-------------------------+----+----+-----+-----------+
    |ap_CS_fsm                |   1|   0|    1|          0|
    |ap_done_reg              |   1|   0|    1|          0|
    |ap_enable_reg_pp0_iter1  |   1|   0|    1|          0|
    |i_5_reg_195              |   4|   0|    4|          0|
    |max_2_V_1_fu_46          |  16|   0|   16|          0|
    |maxindex_2_V_fu_42       |  16|   0|   16|          0|
    |tmp_fu_50                |   4|   0|    4|          0|
    +-------------------------+----+----+-----+-----------+
    |Total                    |  43|   0|   43|          0|
    +-------------------------+----+----+-----+-----------+



================================================================
== Interface
================================================================
* Summary: 
+-------------------------+-----+-----+------------+------------------------------------+--------------+
|        RTL Ports        | Dir | Bits|  Protocol  |            Source Object           |    C Type    |
+-------------------------+-----+-----+------------+------------------------------------+--------------+
|ap_clk                   |   in|    1|  ap_ctrl_hs|  C_Dense_2_Pipeline_VITIS_LOOP_62_3|  return value|
|ap_rst                   |   in|    1|  ap_ctrl_hs|  C_Dense_2_Pipeline_VITIS_LOOP_62_3|  return value|
|ap_start                 |   in|    1|  ap_ctrl_hs|  C_Dense_2_Pipeline_VITIS_LOOP_62_3|  return value|
|ap_done                  |  out|    1|  ap_ctrl_hs|  C_Dense_2_Pipeline_VITIS_LOOP_62_3|  return value|
|ap_idle                  |  out|    1|  ap_ctrl_hs|  C_Dense_2_Pipeline_VITIS_LOOP_62_3|  return value|
|ap_ready                 |  out|    1|  ap_ctrl_hs|  C_Dense_2_Pipeline_VITIS_LOOP_62_3|  return value|
|max_2_V                  |   in|   16|     ap_none|                             max_2_V|        scalar|
|out_Dense_V_address0     |  out|    4|   ap_memory|                         out_Dense_V|         array|
|out_Dense_V_ce0          |  out|    1|   ap_memory|                         out_Dense_V|         array|
|out_Dense_V_q0           |   in|   16|   ap_memory|                         out_Dense_V|         array|
|maxindex_2_V_out         |  out|   16|      ap_vld|                    maxindex_2_V_out|       pointer|
|maxindex_2_V_out_ap_vld  |  out|    1|      ap_vld|                    maxindex_2_V_out|       pointer|
+-------------------------+-----+-----+------------+------------------------------------+--------------+

============================================================
+ Verbose Summary: Synthesis Manager
============================================================
InlineROM: 1
ExposeGlobal: 0
============================================================
+ Verbose Summary: CDFG Model
============================================================
IsTopModel: 0
ResetActiveHigh: 1
IsCombinational: 2
IsDatapathOnly: 2
HasWiredReturn: 1
HasMFsm: 2
HasVarLatency: 1
IsPipeline: 0
IsRtlPipelined: 0
IsInstanceOverlapped: 0
IsDontTouch: 0
HasImplIP: 0
IsGatedGlobalClock: 0

+ Individual pipeline summary: 
  * Pipeline-0: initiation interval (II) = 1, depth = 2


============================================================
+ Verbose Summary: Schedule
============================================================
* Number of FSM states : 2
* Pipeline : 1
  Pipeline-0 : II = 1, D = 2, States = { 1 2 }
* Dataflow Pipeline: 0

* FSM state transitions: 
1 --> 2 
2 --> 

* FSM state operations: 

State 1 <SV = 0> <Delay = 1.22>
ST_1 : Operation 5 [1/1] (0.00ns)   --->   "%maxindex_2_V = alloca i32 1"   --->   Operation 5 'alloca' 'maxindex_2_V' <Predicate = true> <Delay = 0.00>
ST_1 : Operation 6 [1/1] (0.00ns)   --->   "%max_2_V_1 = alloca i32 1"   --->   Operation 6 'alloca' 'max_2_V_1' <Predicate = true> <Delay = 0.00>
ST_1 : Operation 7 [1/1] (0.00ns)   --->   "%tmp = alloca i32 1"   --->   Operation 7 'alloca' 'tmp' <Predicate = true> <Delay = 0.00>
ST_1 : Operation 8 [1/1] (0.00ns)   --->   "%max_2_V_read = read i16 @_ssdm_op_Read.ap_auto.i16, i16 %max_2_V"   --->   Operation 8 'read' 'max_2_V_read' <Predicate = true> <Delay = 0.00>
ST_1 : Operation 9 [1/1] (0.42ns)   --->   "%store_ln0 = store i4 0, i4 %tmp"   --->   Operation 9 'store' 'store_ln0' <Predicate = true> <Delay = 0.42>
ST_1 : Operation 10 [1/1] (0.42ns)   --->   "%store_ln0 = store i16 %max_2_V_read, i16 %max_2_V_1"   --->   Operation 10 'store' 'store_ln0' <Predicate = true> <Delay = 0.42>
ST_1 : Operation 11 [1/1] (0.42ns)   --->   "%store_ln0 = store i16 0, i16 %maxindex_2_V"   --->   Operation 11 'store' 'store_ln0' <Predicate = true> <Delay = 0.42>
ST_1 : Operation 12 [1/1] (0.00ns)   --->   "%br_ln0 = br void %for.body68"   --->   Operation 12 'br' 'br_ln0' <Predicate = true> <Delay = 0.00>
ST_1 : Operation 13 [1/1] (0.00ns)   --->   "%i_5 = load i4 %tmp" [pipeline/C_Dense.cpp:62]   --->   Operation 13 'load' 'i_5' <Predicate = true> <Delay = 0.00>
ST_1 : Operation 14 [1/1] (0.00ns)   --->   "%specpipeline_ln0 = specpipeline void @_ssdm_op_SpecPipeline, i32 4294967295, i32 0, i32 1, i32 0, void @p_str"   --->   Operation 14 'specpipeline' 'specpipeline_ln0' <Predicate = true> <Delay = 0.00>
ST_1 : Operation 15 [1/1] (0.72ns)   --->   "%icmp_ln62 = icmp_eq  i4 %i_5, i4 10" [pipeline/C_Dense.cpp:62]   --->   Operation 15 'icmp' 'icmp_ln62' <Predicate = true> <Delay = 0.72> <CoreInst = "Cmp">   --->   Core 9 'Cmp' <Latency = 0> <II = 1> <Delay = 0.72> <FuncUnit> <Opcode : 'icmp'> <InPorts = 2> <OutPorts = 1>
ST_1 : Operation 16 [1/1] (0.00ns)   --->   "%empty = speclooptripcount i32 @_ssdm_op_SpecLoopTripCount, i64 10, i64 10, i64 10"   --->   Operation 16 'speclooptripcount' 'empty' <Predicate = true> <Delay = 0.00>
ST_1 : Operation 17 [1/1] (0.79ns)   --->   "%i = add i4 %i_5, i4 1" [pipeline/C_Dense.cpp:62]   --->   Operation 17 'add' 'i' <Predicate = true> <Delay = 0.79> <CoreInst = "Adder">   --->   Core 1 'Adder' <Latency = 0> <II = 1> <Delay = 0.79> <FuncUnit> <Opcode : 'add' 'sub'> <InPorts = 2> <OutPorts = 1>
ST_1 : Operation 18 [1/1] (0.00ns)   --->   "%br_ln62 = br i1 %icmp_ln62, void %for.body68.split, void %for.end79.exitStub" [pipeline/C_Dense.cpp:62]   --->   Operation 18 'br' 'br_ln62' <Predicate = true> <Delay = 0.00>
ST_1 : Operation 19 [1/1] (0.00ns)   --->   "%i_11_cast = zext i4 %i_5" [pipeline/C_Dense.cpp:62]   --->   Operation 19 'zext' 'i_11_cast' <Predicate = (!icmp_ln62)> <Delay = 0.00>
ST_1 : Operation 20 [1/1] (0.00ns)   --->   "%out_Dense_V_addr = getelementptr i16 %out_Dense_V, i64 0, i64 %i_11_cast"   --->   Operation 20 'getelementptr' 'out_Dense_V_addr' <Predicate = (!icmp_ln62)> <Delay = 0.00>
ST_1 : Operation 21 [2/2] (0.67ns)   --->   "%max_2_V_2 = load i4 %out_Dense_V_addr"   --->   Operation 21 'load' 'max_2_V_2' <Predicate = (!icmp_ln62)> <Delay = 0.67> <CoreInst = "RAM">   --->   Core 83 'RAM' <Latency = 1> <II = 1> <Delay = 0.67> <Storage> <Opcode : 'load' 'store'> <Ports = 2> <Width = 16> <Depth = 10> <RAM>
ST_1 : Operation 22 [1/1] (0.42ns)   --->   "%store_ln62 = store i4 %i, i4 %tmp" [pipeline/C_Dense.cpp:62]   --->   Operation 22 'store' 'store_ln62' <Predicate = (!icmp_ln62)> <Delay = 0.42>
ST_1 : Operation 35 [1/1] (0.00ns)   --->   "%maxindex_2_V_load = load i16 %maxindex_2_V"   --->   Operation 35 'load' 'maxindex_2_V_load' <Predicate = (icmp_ln62)> <Delay = 0.00>
ST_1 : Operation 36 [1/1] (0.00ns)   --->   "%write_ln0 = write void @_ssdm_op_Write.ap_auto.i16P0A, i16 %maxindex_2_V_out, i16 %maxindex_2_V_load"   --->   Operation 36 'write' 'write_ln0' <Predicate = (icmp_ln62)> <Delay = 0.00>
ST_1 : Operation 37 [1/1] (0.00ns)   --->   "%ret_ln0 = ret"   --->   Operation 37 'ret' 'ret_ln0' <Predicate = (icmp_ln62)> <Delay = 0.00>

State 2 <SV = 1> <Delay = 2.56>
ST_2 : Operation 23 [1/1] (0.00ns)   --->   "%maxindex_2_V_load_1 = load i16 %maxindex_2_V" [pipeline/C_Dense.cpp:63]   --->   Operation 23 'load' 'maxindex_2_V_load_1' <Predicate = true> <Delay = 0.00>
ST_2 : Operation 24 [1/1] (0.00ns)   --->   "%max_2_V_1_load = load i16 %max_2_V_1" [pipeline/C_Dense.cpp:63]   --->   Operation 24 'load' 'max_2_V_1_load' <Predicate = true> <Delay = 0.00>
ST_2 : Operation 25 [1/1] (0.00ns)   --->   "%specloopname_ln60 = specloopname void @_ssdm_op_SpecLoopName, void @empty_32" [pipeline/C_Dense.cpp:60]   --->   Operation 25 'specloopname' 'specloopname_ln60' <Predicate = true> <Delay = 0.00>
ST_2 : Operation 26 [1/2] (0.67ns)   --->   "%max_2_V_2 = load i4 %out_Dense_V_addr"   --->   Operation 26 'load' 'max_2_V_2' <Predicate = true> <Delay = 0.67> <CoreInst = "RAM">   --->   Core 83 'RAM' <Latency = 1> <II = 1> <Delay = 0.67> <Storage> <Opcode : 'load' 'store'> <Ports = 2> <Width = 16> <Depth = 10> <RAM>
ST_2 : Operation 27 [1/1] (1.10ns)   --->   "%icmp_ln1649 = icmp_slt  i16 %max_2_V_1_load, i16 %max_2_V_2"   --->   Operation 27 'icmp' 'icmp_ln1649' <Predicate = true> <Delay = 1.10> <CoreInst = "Cmp">   --->   Core 9 'Cmp' <Latency = 0> <II = 1> <Delay = 1.10> <FuncUnit> <Opcode : 'icmp'> <InPorts = 2> <OutPorts = 1>
ST_2 : Operation 28 [1/1] (0.00ns)   --->   "%maxindex_2_V_1 = bitconcatenate i12 @_ssdm_op_BitConcatenate.i12.i4.i8, i4 %i_5, i8 0"   --->   Operation 28 'bitconcatenate' 'maxindex_2_V_1' <Predicate = true> <Delay = 0.00>
ST_2 : Operation 29 [1/1] (0.00ns)   --->   "%zext_ln60 = zext i12 %maxindex_2_V_1" [pipeline/C_Dense.cpp:60]   --->   Operation 29 'zext' 'zext_ln60' <Predicate = true> <Delay = 0.00>
ST_2 : Operation 30 [1/1] (0.35ns)   --->   "%maxindex_2_V_2 = select i1 %icmp_ln1649, i16 %zext_ln60, i16 %maxindex_2_V_load_1" [pipeline/C_Dense.cpp:63]   --->   Operation 30 'select' 'maxindex_2_V_2' <Predicate = true> <Delay = 0.35> <CoreInst = "Sel">   --->   Core 73 'Sel' <Latency = 0> <II = 1> <Delay = 0.35> <FuncUnit> <Opcode : 'select'> <InPorts = 3> <OutPorts = 1>
ST_2 : Operation 31 [1/1] (0.35ns)   --->   "%max_2_V_3 = select i1 %icmp_ln1649, i16 %max_2_V_2, i16 %max_2_V_1_load" [pipeline/C_Dense.cpp:63]   --->   Operation 31 'select' 'max_2_V_3' <Predicate = true> <Delay = 0.35> <CoreInst = "Sel">   --->   Core 73 'Sel' <Latency = 0> <II = 1> <Delay = 0.35> <FuncUnit> <Opcode : 'select'> <InPorts = 3> <OutPorts = 1>
ST_2 : Operation 32 [1/1] (0.42ns)   --->   "%store_ln62 = store i16 %max_2_V_3, i16 %max_2_V_1" [pipeline/C_Dense.cpp:62]   --->   Operation 32 'store' 'store_ln62' <Predicate = true> <Delay = 0.42>
ST_2 : Operation 33 [1/1] (0.42ns)   --->   "%store_ln62 = store i16 %maxindex_2_V_2, i16 %maxindex_2_V" [pipeline/C_Dense.cpp:62]   --->   Operation 33 'store' 'store_ln62' <Predicate = true> <Delay = 0.42>
ST_2 : Operation 34 [1/1] (0.00ns)   --->   "%br_ln62 = br void %for.body68" [pipeline/C_Dense.cpp:62]   --->   Operation 34 'br' 'br_ln62' <Predicate = true> <Delay = 0.00>


============================================================
+ Verbose Summary: Binding
============================================================
STG Binding: 
---------------- STG Properties BEGIN ----------------
- Is combinational: 0
- Is one-state seq: 0
- Is datapath-only: 0
- Is pipelined: 0
- Is top level: 0
Port [ Return ] is wired: 1; IO mode=ap_ctrl_hs:ce=0
Port [ max_2_V]:  wired=1; compound=0; hidden=0; nouse=0; global=0; static=0; extern=0; dir=0; type=0; pingpong=0; private_global=0; IO mode=ap_none:ce=0
Port [ out_Dense_V]:  wired=1; compound=1; hidden=0; nouse=0; global=0; static=0; extern=0; dir=0; type=1; pingpong=0; private_global=0; MemPort=[13]; IO mode=ap_memory:ce=0
Port [ maxindex_2_V_out]:  wired=1; compound=0; hidden=0; nouse=0; global=0; static=0; extern=0; dir=1; type=0; pingpong=0; private_global=0; IO mode=ap_vld:ce=0
---------------- STG Properties END ------------------

---------------- Datapath Model BEGIN ----------------

<LifeTime>
<method=bitvector/>
maxindex_2_V        (alloca           ) [ 011]
max_2_V_1           (alloca           ) [ 011]
tmp                 (alloca           ) [ 010]
max_2_V_read        (read             ) [ 000]
store_ln0           (store            ) [ 000]
store_ln0           (store            ) [ 000]
store_ln0           (store            ) [ 000]
br_ln0              (br               ) [ 000]
i_5                 (load             ) [ 011]
specpipeline_ln0    (specpipeline     ) [ 000]
icmp_ln62           (icmp             ) [ 010]
empty               (speclooptripcount) [ 000]
i                   (add              ) [ 000]
br_ln62             (br               ) [ 000]
i_11_cast           (zext             ) [ 000]
out_Dense_V_addr    (getelementptr    ) [ 011]
store_ln62          (store            ) [ 000]
maxindex_2_V_load_1 (load             ) [ 000]
max_2_V_1_load      (load             ) [ 000]
specloopname_ln60   (specloopname     ) [ 000]
max_2_V_2           (load             ) [ 000]
icmp_ln1649         (icmp             ) [ 000]
maxindex_2_V_1      (bitconcatenate   ) [ 000]
zext_ln60           (zext             ) [ 000]
maxindex_2_V_2      (select           ) [ 000]
max_2_V_3           (select           ) [ 000]
store_ln62          (store            ) [ 000]
store_ln62          (store            ) [ 000]
br_ln62             (br               ) [ 000]
maxindex_2_V_load   (load             ) [ 000]
write_ln0           (write            ) [ 000]
ret_ln0             (ret              ) [ 000]
</LifeTime>

<model>

<comp_list>
<comp id="0" class="1000" name="max_2_V">
<pin_list>
<pin id="1" dir="1" index="0" bw="1" slack="0"/>
</pin_list>
<bind>
<StgValue><ssdm name="max_2_V"/></StgValue>
</bind>
</comp>

<comp id="2" class="1000" name="out_Dense_V">
<pin_list>
<pin id="3" dir="1" index="0" bw="1" slack="0"/>
</pin_list>
<bind>
<StgValue><ssdm name="out_Dense_V"/><MemPortTyVec>1 3 </MemPortTyVec>
</StgValue>
</bind>
</comp>

<comp id="4" class="1000" name="maxindex_2_V_out">
<pin_list>
<pin id="5" dir="1" index="0" bw="1" slack="0"/>
</pin_list>
<bind>
<StgValue><ssdm name="maxindex_2_V_out"/></StgValue>
</bind>
</comp>

<comp id="6" class="1001" name="const_6">
<pin_list>
<pin id="7" dir="1" index="0" bw="1" slack="0"/>
</pin_list>
<bind>
<StgValue><ssdm name=""/></StgValue>
</bind>
</comp>

<comp id="8" class="1001" name="const_8">
<pin_list>
<pin id="9" dir="1" index="0" bw="1" slack="0"/>
</pin_list>
<bind>
<StgValue><ssdm name="_ssdm_op_Read.ap_auto.i16"/></StgValue>
</bind>
</comp>

<comp id="10" class="1001" name="const_10">
<pin_list>
<pin id="11" dir="1" index="0" bw="1" slack="0"/>
</pin_list>
<bind>
<StgValue><ssdm name=""/></StgValue>
</bind>
</comp>

<comp id="12" class="1001" name="const_12">
<pin_list>
<pin id="13" dir="1" index="0" bw="1" slack="0"/>
</pin_list>
<bind>
<StgValue><ssdm name=""/></StgValue>
</bind>
</comp>

<comp id="14" class="1001" name="const_14">
<pin_list>
<pin id="15" dir="1" index="0" bw="1" slack="2147483647"/>
</pin_list>
<bind>
<StgValue><ssdm name="_ssdm_op_SpecPipeline"/></StgValue>
</bind>
</comp>

<comp id="16" class="1001" name="const_16">
<pin_list>
<pin id="17" dir="1" index="0" bw="1" slack="2147483647"/>
</pin_list>
<bind>
<StgValue><ssdm name=""/></StgValue>
</bind>
</comp>

<comp id="18" class="1001" name="const_18">
<pin_list>
<pin id="19" dir="1" index="0" bw="1" slack="2147483647"/>
</pin_list>
<bind>
<StgValue><ssdm name=""/></StgValue>
</bind>
</comp>

<comp id="20" class="1001" name="const_20">
<pin_list>
<pin id="21" dir="1" index="0" bw="1" slack="2147483647"/>
</pin_list>
<bind>
<StgValue><ssdm name="p_str"/></StgValue>
</bind>
</comp>

<comp id="22" class="1001" name="const_22">
<pin_list>
<pin id="23" dir="1" index="0" bw="1" slack="0"/>
</pin_list>
<bind>
<StgValue><ssdm name=""/></StgValue>
</bind>
</comp>

<comp id="24" class="1001" name="const_24">
<pin_list>
<pin id="25" dir="1" index="0" bw="1" slack="2147483647"/>
</pin_list>
<bind>
<StgValue><ssdm name="_ssdm_op_SpecLoopTripCount"/></StgValue>
</bind>
</comp>

<comp id="26" class="1001" name="const_26">
<pin_list>
<pin id="27" dir="1" index="0" bw="1" slack="2147483647"/>
</pin_list>
<bind>
<StgValue><ssdm name=""/></StgValue>
</bind>
</comp>

<comp id="28" class="1001" name="const_28">
<pin_list>
<pin id="29" dir="1" index="0" bw="1" slack="0"/>
</pin_list>
<bind>
<StgValue><ssdm name=""/></StgValue>
</bind>
</comp>

<comp id="30" class="1001" name="const_30">
<pin_list>
<pin id="31" dir="1" index="0" bw="1" slack="0"/>
</pin_list>
<bind>
<StgValue><ssdm name=""/></StgValue>
</bind>
</comp>

<comp id="32" class="1001" name="const_32">
<pin_list>
<pin id="33" dir="1" index="0" bw="1" slack="2147483647"/>
</pin_list>
<bind>
<StgValue><ssdm name="_ssdm_op_SpecLoopName"/></StgValue>
</bind>
</comp>

<comp id="34" class="1001" name="const_34">
<pin_list>
<pin id="35" dir="1" index="0" bw="1" slack="2147483647"/>
</pin_list>
<bind>
<StgValue><ssdm name="empty_32"/></StgValue>
</bind>
</comp>

<comp id="36" class="1001" name="const_36">
<pin_list>
<pin id="37" dir="1" index="0" bw="1" slack="0"/>
</pin_list>
<bind>
<StgValue><ssdm name="_ssdm_op_BitConcatenate.i12.i4.i8"/></StgValue>
</bind>
</comp>

<comp id="38" class="1001" name="const_38">
<pin_list>
<pin id="39" dir="1" index="0" bw="1" slack="0"/>
</pin_list>
<bind>
<StgValue><ssdm name=""/></StgValue>
</bind>
</comp>

<comp id="40" class="1001" name="const_40">
<pin_list>
<pin id="41" dir="1" index="0" bw="1" slack="0"/>
</pin_list>
<bind>
<StgValue><ssdm name="_ssdm_op_Write.ap_auto.i16P0A"/></StgValue>
</bind>
</comp>

<comp id="42" class="1004" name="maxindex_2_V_fu_42">
<pin_list>
<pin id="43" dir="0" index="0" bw="1" slack="0"/>
<pin id="44" dir="1" index="1" bw="16" slack="0"/>
</pin_list>
<bind>
<opcode="alloca(26) " fcode="alloca"/>
<opset="maxindex_2_V/1 "/>
</bind>
</comp>

<comp id="46" class="1004" name="max_2_V_1_fu_46">
<pin_list>
<pin id="47" dir="0" index="0" bw="1" slack="0"/>
<pin id="48" dir="1" index="1" bw="16" slack="0"/>
</pin_list>
<bind>
<opcode="alloca(26) " fcode="alloca"/>
<opset="max_2_V_1/1 "/>
</bind>
</comp>

<comp id="50" class="1004" name="tmp_fu_50">
<pin_list>
<pin id="51" dir="0" index="0" bw="1" slack="0"/>
<pin id="52" dir="1" index="1" bw="4" slack="0"/>
</pin_list>
<bind>
<opcode="alloca(26) " fcode="alloca"/>
<opset="tmp/1 "/>
</bind>
</comp>

<comp id="54" class="1004" name="max_2_V_read_read_fu_54">
<pin_list>
<pin id="55" dir="0" index="0" bw="16" slack="0"/>
<pin id="56" dir="0" index="1" bw="16" slack="0"/>
<pin id="57" dir="1" index="2" bw="16" slack="0"/>
</pin_list>
<bind>
<opcode="read(1150) " fcode="read"/>
<opset="max_2_V_read/1 "/>
</bind>
</comp>

<comp id="60" class="1004" name="write_ln0_write_fu_60">
<pin_list>
<pin id="61" dir="0" index="0" bw="0" slack="0"/>
<pin id="62" dir="0" index="1" bw="16" slack="0"/>
<pin id="63" dir="0" index="2" bw="16" slack="0"/>
<pin id="64" dir="1" index="3" bw="0" slack="2147483647"/>
</pin_list>
<bind>
<opcode="write(1151) " fcode="write"/>
<opset="write_ln0/1 "/>
</bind>
</comp>

<comp id="67" class="1004" name="out_Dense_V_addr_gep_fu_67">
<pin_list>
<pin id="68" dir="0" index="0" bw="16" slack="0"/>
<pin id="69" dir="0" index="1" bw="1" slack="0"/>
<pin id="70" dir="0" index="2" bw="4" slack="0"/>
<pin id="71" dir="1" index="3" bw="4" slack="0"/>
</pin_list>
<bind>
<opcode="getelementptr(29) " fcode="getelementptr"/>
<opset="out_Dense_V_addr/1 "/>
</bind>
</comp>

<comp id="74" class="1004" name="grp_access_fu_74">
<pin_list>
<pin id="75" dir="0" index="0" bw="4" slack="0"/>
<pin id="76" dir="0" index="1" bw="16" slack="2147483647"/>
<pin id="77" dir="0" index="2" bw="0" slack="2147483647"/>
<pin id="78" dir="1" index="3" bw="16" slack="0"/>
</pin_list>
<bind>
<opcode="load(27) " fcode="load"/>
<opset="max_2_V_2/1 "/>
</bind>
</comp>

<comp id="80" class="1004" name="store_ln0_store_fu_80">
<pin_list>
<pin id="81" dir="0" index="0" bw="1" slack="0"/>
<pin id="82" dir="0" index="1" bw="4" slack="0"/>
<pin id="83" dir="1" index="2" bw="0" slack="2147483647"/>
</pin_list>
<bind>
<opcode="store(28) " fcode="store"/>
<opset="store_ln0/1 "/>
</bind>
</comp>

<comp id="85" class="1004" name="store_ln0_store_fu_85">
<pin_list>
<pin id="86" dir="0" index="0" bw="16" slack="0"/>
<pin id="87" dir="0" index="1" bw="16" slack="0"/>
<pin id="88" dir="1" index="2" bw="0" slack="2147483647"/>
</pin_list>
<bind>
<opcode="store(28) " fcode="store"/>
<opset="store_ln0/1 "/>
</bind>
</comp>

<comp id="90" class="1004" name="store_ln0_store_fu_90">
<pin_list>
<pin id="91" dir="0" index="0" bw="1" slack="0"/>
<pin id="92" dir="0" index="1" bw="16" slack="0"/>
<pin id="93" dir="1" index="2" bw="0" slack="2147483647"/>
</pin_list>
<bind>
<opcode="store(28) " fcode="store"/>
<opset="store_ln0/1 "/>
</bind>
</comp>

<comp id="95" class="1004" name="i_5_load_fu_95">
<pin_list>
<pin id="96" dir="0" index="0" bw="4" slack="0"/>
<pin id="97" dir="1" index="1" bw="4" slack="0"/>
</pin_list>
<bind>
<opcode="load(27) " fcode="load"/>
<opset="i_5/1 "/>
</bind>
</comp>

<comp id="98" class="1004" name="icmp_ln62_fu_98">
<pin_list>
<pin id="99" dir="0" index="0" bw="4" slack="0"/>
<pin id="100" dir="0" index="1" bw="4" slack="0"/>
<pin id="101" dir="1" index="2" bw="1" slack="2147483647"/>
</pin_list>
<bind>
<opcode="icmp(45) " fcode="icmp"/>
<opset="icmp_ln62/1 "/>
</bind>
</comp>

<comp id="104" class="1004" name="i_fu_104">
<pin_list>
<pin id="105" dir="0" index="0" bw="4" slack="0"/>
<pin id="106" dir="0" index="1" bw="1" slack="0"/>
<pin id="107" dir="1" index="2" bw="4" slack="0"/>
</pin_list>
<bind>
<opcode="add(8) " fcode="add"/>
<opset="i/1 "/>
</bind>
</comp>

<comp id="110" class="1004" name="i_11_cast_fu_110">
<pin_list>
<pin id="111" dir="0" index="0" bw="4" slack="0"/>
<pin id="112" dir="1" index="1" bw="64" slack="0"/>
</pin_list>
<bind>
<opcode="zext(34) " fcode="zext"/>
<opset="i_11_cast/1 "/>
</bind>
</comp>

<comp id="115" class="1004" name="store_ln62_store_fu_115">
<pin_list>
<pin id="116" dir="0" index="0" bw="4" slack="0"/>
<pin id="117" dir="0" index="1" bw="4" slack="0"/>
<pin id="118" dir="1" index="2" bw="0" slack="2147483647"/>
</pin_list>
<bind>
<opcode="store(28) " fcode="store"/>
<opset="store_ln62/1 "/>
</bind>
</comp>

<comp id="120" class="1004" name="maxindex_2_V_load_1_load_fu_120">
<pin_list>
<pin id="121" dir="0" index="0" bw="16" slack="1"/>
<pin id="122" dir="1" index="1" bw="16" slack="0"/>
</pin_list>
<bind>
<opcode="load(27) " fcode="load"/>
<opset="maxindex_2_V_load_1/2 "/>
</bind>
</comp>

<comp id="123" class="1004" name="max_2_V_1_load_load_fu_123">
<pin_list>
<pin id="124" dir="0" index="0" bw="16" slack="1"/>
<pin id="125" dir="1" index="1" bw="16" slack="0"/>
</pin_list>
<bind>
<opcode="load(27) " fcode="load"/>
<opset="max_2_V_1_load/2 "/>
</bind>
</comp>

<comp id="126" class="1004" name="icmp_ln1649_fu_126">
<pin_list>
<pin id="127" dir="0" index="0" bw="16" slack="0"/>
<pin id="128" dir="0" index="1" bw="16" slack="0"/>
<pin id="129" dir="1" index="2" bw="1" slack="0"/>
</pin_list>
<bind>
<opcode="icmp(45) " fcode="icmp"/>
<opset="icmp_ln1649/2 "/>
</bind>
</comp>

<comp id="132" class="1004" name="maxindex_2_V_1_fu_132">
<pin_list>
<pin id="133" dir="0" index="0" bw="12" slack="0"/>
<pin id="134" dir="0" index="1" bw="4" slack="1"/>
<pin id="135" dir="0" index="2" bw="1" slack="0"/>
<pin id="136" dir="1" index="3" bw="12" slack="0"/>
</pin_list>
<bind>
<opcode="bitconcatenate(1004) " fcode="bitconcatenate"/>
<opset="maxindex_2_V_1/2 "/>
</bind>
</comp>

<comp id="139" class="1004" name="zext_ln60_fu_139">
<pin_list>
<pin id="140" dir="0" index="0" bw="12" slack="0"/>
<pin id="141" dir="1" index="1" bw="16" slack="0"/>
</pin_list>
<bind>
<opcode="zext(34) " fcode="zext"/>
<opset="zext_ln60/2 "/>
</bind>
</comp>

<comp id="143" class="1004" name="maxindex_2_V_2_fu_143">
<pin_list>
<pin id="144" dir="0" index="0" bw="1" slack="0"/>
<pin id="145" dir="0" index="1" bw="16" slack="0"/>
<pin id="146" dir="0" index="2" bw="16" slack="0"/>
<pin id="147" dir="1" index="3" bw="16" slack="0"/>
</pin_list>
<bind>
<opcode="select(49) " fcode="select"/>
<opset="maxindex_2_V_2/2 "/>
</bind>
</comp>

<comp id="151" class="1004" name="max_2_V_3_fu_151">
<pin_list>
<pin id="152" dir="0" index="0" bw="1" slack="0"/>
<pin id="153" dir="0" index="1" bw="16" slack="0"/>
<pin id="154" dir="0" index="2" bw="16" slack="0"/>
<pin id="155" dir="1" index="3" bw="16" slack="0"/>
</pin_list>
<bind>
<opcode="select(49) " fcode="select"/>
<opset="max_2_V_3/2 "/>
</bind>
</comp>

<comp id="159" class="1004" name="store_ln62_store_fu_159">
<pin_list>
<pin id="160" dir="0" index="0" bw="16" slack="0"/>
<pin id="161" dir="0" index="1" bw="16" slack="1"/>
<pin id="162" dir="1" index="2" bw="0" slack="2147483647"/>
</pin_list>
<bind>
<opcode="store(28) " fcode="store"/>
<opset="store_ln62/2 "/>
</bind>
</comp>

<comp id="164" class="1004" name="store_ln62_store_fu_164">
<pin_list>
<pin id="165" dir="0" index="0" bw="16" slack="0"/>
<pin id="166" dir="0" index="1" bw="16" slack="1"/>
<pin id="167" dir="1" index="2" bw="0" slack="2147483647"/>
</pin_list>
<bind>
<opcode="store(28) " fcode="store"/>
<opset="store_ln62/2 "/>
</bind>
</comp>

<comp id="169" class="1004" name="maxindex_2_V_load_load_fu_169">
<pin_list>
<pin id="170" dir="0" index="0" bw="16" slack="0"/>
<pin id="171" dir="1" index="1" bw="16" slack="0"/>
</pin_list>
<bind>
<opcode="load(27) " fcode="load"/>
<opset="maxindex_2_V_load/1 "/>
</bind>
</comp>

<comp id="173" class="1005" name="maxindex_2_V_reg_173">
<pin_list>
<pin id="174" dir="0" index="0" bw="16" slack="0"/>
<pin id="175" dir="1" index="1" bw="16" slack="0"/>
</pin_list>
<bind>
<opset="maxindex_2_V "/>
</bind>
</comp>

<comp id="181" class="1005" name="max_2_V_1_reg_181">
<pin_list>
<pin id="182" dir="0" index="0" bw="16" slack="0"/>
<pin id="183" dir="1" index="1" bw="16" slack="0"/>
</pin_list>
<bind>
<opset="max_2_V_1 "/>
</bind>
</comp>

<comp id="188" class="1005" name="tmp_reg_188">
<pin_list>
<pin id="189" dir="0" index="0" bw="4" slack="0"/>
<pin id="190" dir="1" index="1" bw="4" slack="0"/>
</pin_list>
<bind>
<opset="tmp "/>
</bind>
</comp>

<comp id="195" class="1005" name="i_5_reg_195">
<pin_list>
<pin id="196" dir="0" index="0" bw="4" slack="1"/>
<pin id="197" dir="1" index="1" bw="4" slack="1"/>
</pin_list>
<bind>
<opset="i_5 "/>
</bind>
</comp>

<comp id="203" class="1005" name="out_Dense_V_addr_reg_203">
<pin_list>
<pin id="204" dir="0" index="0" bw="4" slack="1"/>
<pin id="205" dir="1" index="1" bw="4" slack="1"/>
</pin_list>
<bind>
<opset="out_Dense_V_addr "/>
</bind>
</comp>

</comp_list>

<net_list>
<net id="45"><net_src comp="6" pin="0"/><net_sink comp="42" pin=0"/></net>

<net id="49"><net_src comp="6" pin="0"/><net_sink comp="46" pin=0"/></net>

<net id="53"><net_src comp="6" pin="0"/><net_sink comp="50" pin=0"/></net>

<net id="58"><net_src comp="8" pin="0"/><net_sink comp="54" pin=0"/></net>

<net id="59"><net_src comp="0" pin="0"/><net_sink comp="54" pin=1"/></net>

<net id="65"><net_src comp="40" pin="0"/><net_sink comp="60" pin=0"/></net>

<net id="66"><net_src comp="4" pin="0"/><net_sink comp="60" pin=1"/></net>

<net id="72"><net_src comp="2" pin="0"/><net_sink comp="67" pin=0"/></net>

<net id="73"><net_src comp="30" pin="0"/><net_sink comp="67" pin=1"/></net>

<net id="79"><net_src comp="67" pin="3"/><net_sink comp="74" pin=0"/></net>

<net id="84"><net_src comp="10" pin="0"/><net_sink comp="80" pin=0"/></net>

<net id="89"><net_src comp="54" pin="2"/><net_sink comp="85" pin=0"/></net>

<net id="94"><net_src comp="12" pin="0"/><net_sink comp="90" pin=0"/></net>

<net id="102"><net_src comp="95" pin="1"/><net_sink comp="98" pin=0"/></net>

<net id="103"><net_src comp="22" pin="0"/><net_sink comp="98" pin=1"/></net>

<net id="108"><net_src comp="95" pin="1"/><net_sink comp="104" pin=0"/></net>

<net id="109"><net_src comp="28" pin="0"/><net_sink comp="104" pin=1"/></net>

<net id="113"><net_src comp="95" pin="1"/><net_sink comp="110" pin=0"/></net>

<net id="114"><net_src comp="110" pin="1"/><net_sink comp="67" pin=2"/></net>

<net id="119"><net_src comp="104" pin="2"/><net_sink comp="115" pin=0"/></net>

<net id="130"><net_src comp="123" pin="1"/><net_sink comp="126" pin=0"/></net>

<net id="131"><net_src comp="74" pin="3"/><net_sink comp="126" pin=1"/></net>

<net id="137"><net_src comp="36" pin="0"/><net_sink comp="132" pin=0"/></net>

<net id="138"><net_src comp="38" pin="0"/><net_sink comp="132" pin=2"/></net>

<net id="142"><net_src comp="132" pin="3"/><net_sink comp="139" pin=0"/></net>

<net id="148"><net_src comp="126" pin="2"/><net_sink comp="143" pin=0"/></net>

<net id="149"><net_src comp="139" pin="1"/><net_sink comp="143" pin=1"/></net>

<net id="150"><net_src comp="120" pin="1"/><net_sink comp="143" pin=2"/></net>

<net id="156"><net_src comp="126" pin="2"/><net_sink comp="151" pin=0"/></net>

<net id="157"><net_src comp="74" pin="3"/><net_sink comp="151" pin=1"/></net>

<net id="158"><net_src comp="123" pin="1"/><net_sink comp="151" pin=2"/></net>

<net id="163"><net_src comp="151" pin="3"/><net_sink comp="159" pin=0"/></net>

<net id="168"><net_src comp="143" pin="3"/><net_sink comp="164" pin=0"/></net>

<net id="172"><net_src comp="169" pin="1"/><net_sink comp="60" pin=2"/></net>

<net id="176"><net_src comp="42" pin="1"/><net_sink comp="173" pin=0"/></net>

<net id="177"><net_src comp="173" pin="1"/><net_sink comp="90" pin=1"/></net>

<net id="178"><net_src comp="173" pin="1"/><net_sink comp="120" pin=0"/></net>

<net id="179"><net_src comp="173" pin="1"/><net_sink comp="164" pin=1"/></net>

<net id="180"><net_src comp="173" pin="1"/><net_sink comp="169" pin=0"/></net>

<net id="184"><net_src comp="46" pin="1"/><net_sink comp="181" pin=0"/></net>

<net id="185"><net_src comp="181" pin="1"/><net_sink comp="85" pin=1"/></net>

<net id="186"><net_src comp="181" pin="1"/><net_sink comp="123" pin=0"/></net>

<net id="187"><net_src comp="181" pin="1"/><net_sink comp="159" pin=1"/></net>

<net id="191"><net_src comp="50" pin="1"/><net_sink comp="188" pin=0"/></net>

<net id="192"><net_src comp="188" pin="1"/><net_sink comp="80" pin=1"/></net>

<net id="193"><net_src comp="188" pin="1"/><net_sink comp="95" pin=0"/></net>

<net id="194"><net_src comp="188" pin="1"/><net_sink comp="115" pin=1"/></net>

<net id="198"><net_src comp="95" pin="1"/><net_sink comp="195" pin=0"/></net>

<net id="199"><net_src comp="195" pin="1"/><net_sink comp="132" pin=1"/></net>

<net id="206"><net_src comp="67" pin="3"/><net_sink comp="203" pin=0"/></net>

<net id="207"><net_src comp="203" pin="1"/><net_sink comp="74" pin=0"/></net>

</net_list>

</model> 
---------------- Datapath Model END ------------------

* FSMD analyzer results:
  - Output states:
	Port: maxindex_2_V_out | {1 }
 - Input state : 
	Port: C_Dense_2_Pipeline_VITIS_LOOP_62_3 : max_2_V | {1 }
	Port: C_Dense_2_Pipeline_VITIS_LOOP_62_3 : out_Dense_V | {1 2 }
  - Chain level:
	State 1
		store_ln0 : 1
		store_ln0 : 1
		i_5 : 1
		icmp_ln62 : 2
		i : 2
		br_ln62 : 3
		i_11_cast : 2
		out_Dense_V_addr : 3
		max_2_V_2 : 4
		store_ln62 : 3
		maxindex_2_V_load : 1
		write_ln0 : 2
	State 2
		icmp_ln1649 : 1
		zext_ln60 : 1
		maxindex_2_V_2 : 2
		max_2_V_3 : 2
		store_ln62 : 3
		store_ln62 : 3


============================================================
+ Verbose Summary: Datapath Resource usage 
============================================================

* Functional unit list:
|----------|-------------------------|---------|---------|
| Operation|     Functional Unit     |    FF   |   LUT   |
|----------|-------------------------|---------|---------|
|  select  |  maxindex_2_V_2_fu_143  |    0    |    16   |
|          |     max_2_V_3_fu_151    |    0    |    16   |
|----------|-------------------------|---------|---------|
|   icmp   |     icmp_ln62_fu_98     |    0    |    9    |
|          |    icmp_ln1649_fu_126   |    0    |    13   |
|----------|-------------------------|---------|---------|
|    add   |         i_fu_104        |    0    |    12   |
|----------|-------------------------|---------|---------|
|   read   | max_2_V_read_read_fu_54 |    0    |    0    |
|----------|-------------------------|---------|---------|
|   write  |  write_ln0_write_fu_60  |    0    |    0    |
|----------|-------------------------|---------|---------|
|   zext   |     i_11_cast_fu_110    |    0    |    0    |
|          |     zext_ln60_fu_139    |    0    |    0    |
|----------|-------------------------|---------|---------|
|bitconcatenate|  maxindex_2_V_1_fu_132  |    0    |    0    |
|----------|-------------------------|---------|---------|
|   Total  |                         |    0    |    66   |
|----------|-------------------------|---------|---------|

Memories:
N/A

* Register list:
+------------------------+--------+
|                        |   FF   |
+------------------------+--------+
|       i_5_reg_195      |    4   |
|    max_2_V_1_reg_181   |   16   |
|  maxindex_2_V_reg_173  |   16   |
|out_Dense_V_addr_reg_203|    4   |
|       tmp_reg_188      |    4   |
+------------------------+--------+
|          Total         |   44   |
+------------------------+--------+

* Multiplexer (MUX) list: 
|------------------|------|------|------|--------||---------||---------|
|       Comp       |  Pin | Size |  BW  | S x BW ||  Delay  ||   LUT   |
|------------------|------|------|------|--------||---------||---------|
| grp_access_fu_74 |  p0  |   2  |   4  |    8   ||    9    |
|------------------|------|------|------|--------||---------||---------|
|       Total      |      |      |      |    8   ||  0.427  ||    9    |
|------------------|------|------|------|--------||---------||---------|



* Summary:
+-----------+--------+--------+--------+
|           |  Delay |   FF   |   LUT  |
+-----------+--------+--------+--------+
|  Function |    -   |    0   |   66   |
|   Memory  |    -   |    -   |    -   |
|Multiplexer|    0   |    -   |    9   |
|  Register |    -   |   44   |    -   |
+-----------+--------+--------+--------+
|   Total   |    0   |   44   |   75   |
+-----------+--------+--------+--------+
