

================================================================
== Vitis HLS Report for 'D_CNN_Pipeline_loop_for_3_channel_pad_3_loop_for_channel_pad_3_loop_for_weight_p'
================================================================
* Date:           Wed Apr 15 01:46:13 2026

* Version:        2022.2 (Build 3670227 on Oct 13 2022)
* Project:        ProjectOne
* Solution:       solution1 (Vivado IP Flow Target)
* Product family: zynquplus
* Target device:  xck26-sfvc784-2LV-c


================================================================
== Performance Estimates
================================================================
+ Timing: 
    * Summary: 
    +--------+----------+----------+------------+
    |  Clock |  Target  | Estimated| Uncertainty|
    +--------+----------+----------+------------+
    |ap_clk  |  10.00 ns|  4.995 ns|     2.70 ns|
    +--------+----------+----------+------------+

+ Latency: 
    * Summary: 
    +---------+---------+-----------+-----------+------+------+---------+
    |  Latency (cycles) |   Latency (absolute)  |   Interval  | Pipeline|
    |   min   |   max   |    min    |    max    |  min |  max |   Type  |
    +---------+---------+-----------+-----------+------+------+---------+
    |     3604|     3604|  36.040 us|  36.040 us|  3604|  3604|       no|
    +---------+---------+-----------+-----------+------+------+---------+

    + Detail: 
        * Instance: 
        N/A

        * Loop: 
        +-------------------------------------------------------------------------+---------+---------+----------+-----------+-----------+------+----------+
        |                                                                         |  Latency (cycles) | Iteration|  Initiation Interval  | Trip |          |
        |                                Loop Name                                |   min   |   max   |  Latency |  achieved |   target  | Count| Pipelined|
        +-------------------------------------------------------------------------+---------+---------+----------+-----------+-----------+------+----------+
        |- loop_for_3_channel_pad_3_loop_for_channel_pad_3_loop_for_weight_pad_3  |     3602|     3602|         4|          1|          1|  3600|       yes|
        +-------------------------------------------------------------------------+---------+---------+----------+-----------+-----------+------+----------+

============================================================
+ Verbose Summary: Synthesis Manager
============================================================
InlineROM: 1
ExposeGlobal: 0
============================================================
+ Verbose Summary: CDFG Model
============================================================
IsTopModel: 0
ResetActiveHigh: 1
IsCombinational: 0
IsDatapathOnly: 0
HasWiredReturn: 1
HasMFsm: 2
HasVarLatency: 1
IsPipeline: 0
IsRtlPipelined: 0
IsInstanceOverlapped: 0
IsDontTouch: 0
HasImplIP: 0
IsGatedGlobalClock: 0

+ Individual pipeline summary: 
  * Pipeline-0: initiation interval (II) = 1, depth = 4


============================================================
+ Verbose Summary: Schedule
============================================================
* Number of FSM states : 4
* Pipeline : 1
  Pipeline-0 : II = 1, D = 4, States = { 1 2 3 4 }
* Dataflow Pipeline: 0

* FSM state transitions: 
1 --> 2 
2 --> 3 
3 --> 4 
4 --> 

* FSM state operations: 

State 1 <SV = 0> <Delay = 2.11>
ST_1 : Operation 7 [1/1] (0.00ns)   --->   "%i = alloca i32 1"   --->   Operation 7 'alloca' 'i' <Predicate = true> <Delay = 0.00>
ST_1 : Operation 8 [1/1] (0.00ns)   --->   "%n = alloca i32 1"   --->   Operation 8 'alloca' 'n' <Predicate = true> <Delay = 0.00>
ST_1 : Operation 9 [1/1] (0.00ns)   --->   "%indvar_flatten554 = alloca i32 1"   --->   Operation 9 'alloca' 'indvar_flatten554' <Predicate = true> <Delay = 0.00>
ST_1 : Operation 10 [1/1] (0.00ns)   --->   "%c = alloca i32 1"   --->   Operation 10 'alloca' 'c' <Predicate = true> <Delay = 0.00>
ST_1 : Operation 11 [1/1] (0.00ns)   --->   "%indvar_flatten606 = alloca i32 1"   --->   Operation 11 'alloca' 'indvar_flatten606' <Predicate = true> <Delay = 0.00>
ST_1 : Operation 12 [1/1] (0.42ns)   --->   "%store_ln0 = store i12 0, i12 %indvar_flatten606"   --->   Operation 12 'store' 'store_ln0' <Predicate = true> <Delay = 0.42>
ST_1 : Operation 13 [1/1] (0.42ns)   --->   "%store_ln0 = store i3 0, i3 %c"   --->   Operation 13 'store' 'store_ln0' <Predicate = true> <Delay = 0.42>
ST_1 : Operation 14 [1/1] (0.42ns)   --->   "%store_ln0 = store i10 0, i10 %indvar_flatten554"   --->   Operation 14 'store' 'store_ln0' <Predicate = true> <Delay = 0.42>
ST_1 : Operation 15 [1/1] (0.42ns)   --->   "%store_ln0 = store i5 0, i5 %n"   --->   Operation 15 'store' 'store_ln0' <Predicate = true> <Delay = 0.42>
ST_1 : Operation 16 [1/1] (0.42ns)   --->   "%store_ln0 = store i5 0, i5 %i"   --->   Operation 16 'store' 'store_ln0' <Predicate = true> <Delay = 0.42>
ST_1 : Operation 17 [1/1] (0.00ns)   --->   "%br_ln0 = br void %for.body8.i280"   --->   Operation 17 'br' 'br_ln0' <Predicate = true> <Delay = 0.00>
ST_1 : Operation 18 [1/1] (0.00ns)   --->   "%c_1 = load i3 %c" [pipeline/D_Conv.cpp:115]   --->   Operation 18 'load' 'c_1' <Predicate = true> <Delay = 0.00>
ST_1 : Operation 19 [1/1] (0.00ns)   --->   "%indvar_flatten606_load = load i12 %indvar_flatten606" [pipeline/D_Conv.cpp:115]   --->   Operation 19 'load' 'indvar_flatten606_load' <Predicate = true> <Delay = 0.00>
ST_1 : Operation 20 [1/1] (0.97ns)   --->   "%icmp_ln115 = icmp_eq  i12 %indvar_flatten606_load, i12 3600" [pipeline/D_Conv.cpp:115]   --->   Operation 20 'icmp' 'icmp_ln115' <Predicate = true> <Delay = 0.97> <CoreInst = "Cmp">   --->   Core 9 'Cmp' <Latency = 0> <II = 1> <Delay = 0.97> <FuncUnit> <Opcode : 'icmp'> <InPorts = 2> <OutPorts = 1>
ST_1 : Operation 21 [1/1] (0.80ns)   --->   "%add_ln115 = add i12 %indvar_flatten606_load, i12 1" [pipeline/D_Conv.cpp:115]   --->   Operation 21 'add' 'add_ln115' <Predicate = true> <Delay = 0.80> <CoreInst = "Adder">   --->   Core 1 'Adder' <Latency = 0> <II = 1> <Delay = 0.80> <FuncUnit> <Opcode : 'add' 'sub'> <InPorts = 2> <OutPorts = 1>
ST_1 : Operation 22 [1/1] (0.00ns)   --->   "%br_ln115 = br i1 %icmp_ln115, void %for.inc42.i311, void %_Z18D_Padding_Conv2D_3P8ap_fixedILi16ELi8EL9ap_q_mode5EL9ap_o_mode3ELi0EES3_.exit.exitStub" [pipeline/D_Conv.cpp:115]   --->   Operation 22 'br' 'br_ln115' <Predicate = true> <Delay = 0.00>
ST_1 : Operation 23 [1/1] (0.00ns)   --->   "%indvar_flatten554_load = load i10 %indvar_flatten554" [pipeline/D_Conv.cpp:117]   --->   Operation 23 'load' 'indvar_flatten554_load' <Predicate = (!icmp_ln115)> <Delay = 0.00>
ST_1 : Operation 24 [1/1] (0.91ns)   --->   "%icmp_ln117 = icmp_eq  i10 %indvar_flatten554_load, i10 900" [pipeline/D_Conv.cpp:117]   --->   Operation 24 'icmp' 'icmp_ln117' <Predicate = (!icmp_ln115)> <Delay = 0.91> <CoreInst = "Cmp">   --->   Core 9 'Cmp' <Latency = 0> <II = 1> <Delay = 0.91> <FuncUnit> <Opcode : 'icmp'> <InPorts = 2> <OutPorts = 1>
ST_1 : Operation 25 [1/1] (0.67ns)   --->   "%add_ln115_1 = add i3 %c_1, i3 1" [pipeline/D_Conv.cpp:115]   --->   Operation 25 'add' 'add_ln115_1' <Predicate = (!icmp_ln115)> <Delay = 0.67> <CoreInst = "Adder">   --->   Core 1 'Adder' <Latency = 0> <II = 1> <Delay = 0.67> <FuncUnit> <Opcode : 'add' 'sub'> <InPorts = 2> <OutPorts = 1>
ST_1 : Operation 26 [1/1] (0.20ns)   --->   "%select_ln115_1 = select i1 %icmp_ln117, i3 %add_ln115_1, i3 %c_1" [pipeline/D_Conv.cpp:115]   --->   Operation 26 'select' 'select_ln115_1' <Predicate = (!icmp_ln115)> <Delay = 0.20> <CoreInst = "Sel">   --->   Core 73 'Sel' <Latency = 0> <II = 1> <Delay = 0.20> <FuncUnit> <Opcode : 'select'> <InPorts = 3> <OutPorts = 1>
ST_1 : Operation 27 [1/1] (0.00ns)   --->   "%zext_ln115 = zext i3 %select_ln115_1" [pipeline/D_Conv.cpp:115]   --->   Operation 27 'zext' 'zext_ln115' <Predicate = (!icmp_ln115)> <Delay = 0.00>
ST_1 : Operation 28 [3/3] (0.99ns) (grouped into DSP with root node add_ln120_1)   --->   "%mul_ln115 = mul i12 %zext_ln115, i12 900" [pipeline/D_Conv.cpp:115]   --->   Operation 28 'mul' 'mul_ln115' <Predicate = (!icmp_ln115)> <Delay = 0.99> <CoreInst = "DSP48">   --->   Core 127 'DSP48' <Latency = 3> <II = 1> <Delay = 0.53> <IPBlock> <Opcode : 'mul' 'add' 'sub' 'select'> <InPorts = 0> <OutPorts = 1> <Sync> <CReg>
ST_1 : Operation 29 [1/1] (0.78ns)   --->   "%add_ln117_1 = add i10 %indvar_flatten554_load, i10 1" [pipeline/D_Conv.cpp:117]   --->   Operation 29 'add' 'add_ln117_1' <Predicate = (!icmp_ln115)> <Delay = 0.78> <CoreInst = "Adder">   --->   Core 1 'Adder' <Latency = 0> <II = 1> <Delay = 0.78> <FuncUnit> <Opcode : 'add' 'sub'> <InPorts = 2> <OutPorts = 1>
ST_1 : Operation 30 [1/1] (0.40ns)   --->   "%select_ln117_5 = select i1 %icmp_ln117, i10 1, i10 %add_ln117_1" [pipeline/D_Conv.cpp:117]   --->   Operation 30 'select' 'select_ln117_5' <Predicate = (!icmp_ln115)> <Delay = 0.40> <CoreInst = "Sel">   --->   Core 73 'Sel' <Latency = 0> <II = 1> <Delay = 0.40> <FuncUnit> <Opcode : 'select'> <InPorts = 3> <OutPorts = 1>
ST_1 : Operation 31 [1/1] (0.42ns)   --->   "%store_ln119 = store i12 %add_ln115, i12 %indvar_flatten606" [pipeline/D_Conv.cpp:119]   --->   Operation 31 'store' 'store_ln119' <Predicate = (!icmp_ln115)> <Delay = 0.42>
ST_1 : Operation 32 [1/1] (0.42ns)   --->   "%store_ln119 = store i3 %select_ln115_1, i3 %c" [pipeline/D_Conv.cpp:119]   --->   Operation 32 'store' 'store_ln119' <Predicate = (!icmp_ln115)> <Delay = 0.42>
ST_1 : Operation 33 [1/1] (0.42ns)   --->   "%store_ln119 = store i10 %select_ln117_5, i10 %indvar_flatten554" [pipeline/D_Conv.cpp:119]   --->   Operation 33 'store' 'store_ln119' <Predicate = (!icmp_ln115)> <Delay = 0.42>

State 2 <SV = 1> <Delay = 0.99>
ST_2 : Operation 34 [2/3] (0.99ns) (grouped into DSP with root node add_ln120_1)   --->   "%mul_ln115 = mul i12 %zext_ln115, i12 900" [pipeline/D_Conv.cpp:115]   --->   Operation 34 'mul' 'mul_ln115' <Predicate = (!icmp_ln115)> <Delay = 0.99> <CoreInst = "DSP48">   --->   Core 127 'DSP48' <Latency = 3> <II = 1> <Delay = 0.53> <IPBlock> <Opcode : 'mul' 'add' 'sub' 'select'> <InPorts = 0> <OutPorts = 1> <Sync> <CReg>

State 3 <SV = 2> <Delay = 4.99>
ST_3 : Operation 35 [1/1] (0.00ns)   --->   "%n_2 = load i5 %n"   --->   Operation 35 'load' 'n_2' <Predicate = true> <Delay = 0.00>
ST_3 : Operation 36 [1/1] (0.00ns)   --->   "%c_3_cast = zext i3 %c_1" [pipeline/D_Conv.cpp:115]   --->   Operation 36 'zext' 'c_3_cast' <Predicate = true> <Delay = 0.00>
ST_3 : Operation 37 [1/1] (2.14ns)   --->   "%mul_ln117 = mul i12 %c_3_cast, i12 784" [pipeline/D_Conv.cpp:117]   --->   Operation 37 'mul' 'mul_ln117' <Predicate = true> <Delay = 2.14> <CoreInst = "Multiplier">   --->   Core 3 'Multiplier' <Latency = 0> <II = 1> <Delay = 2.14> <FuncUnit> <Opcode : 'mul'> <InPorts = 2> <OutPorts = 1>
ST_3 : Operation 38 [1/1] (0.75ns)   --->   "%cmp9_i271 = icmp_eq  i5 %n_2, i5 0"   --->   Operation 38 'icmp' 'cmp9_i271' <Predicate = true> <Delay = 0.75> <CoreInst = "Cmp">   --->   Core 9 'Cmp' <Latency = 0> <II = 1> <Delay = 0.75> <FuncUnit> <Opcode : 'icmp'> <InPorts = 2> <OutPorts = 1>
ST_3 : Operation 39 [1/1] (0.75ns)   --->   "%cmp10_i272 = icmp_ugt  i5 %n_2, i5 28"   --->   Operation 39 'icmp' 'cmp10_i272' <Predicate = true> <Delay = 0.75> <CoreInst = "Cmp">   --->   Core 9 'Cmp' <Latency = 0> <II = 1> <Delay = 0.75> <FuncUnit> <Opcode : 'icmp'> <InPorts = 2> <OutPorts = 1>
ST_3 : Operation 40 [1/1] (0.00ns)   --->   "%p_shl = bitconcatenate i10 @_ssdm_op_BitConcatenate.i10.i5.i5, i5 %n_2, i5 0"   --->   Operation 40 'bitconcatenate' 'p_shl' <Predicate = true> <Delay = 0.00>
ST_3 : Operation 41 [1/1] (0.00ns)   --->   "%p_shl37_cast = zext i10 %p_shl"   --->   Operation 41 'zext' 'p_shl37_cast' <Predicate = true> <Delay = 0.00>
ST_3 : Operation 42 [1/1] (0.00ns)   --->   "%p_shl2 = bitconcatenate i6 @_ssdm_op_BitConcatenate.i6.i5.i1, i5 %n_2, i1 0"   --->   Operation 42 'bitconcatenate' 'p_shl2' <Predicate = (!icmp_ln117)> <Delay = 0.00>
ST_3 : Operation 43 [1/1] (0.00ns)   --->   "%p_shl38_cast = zext i6 %p_shl2"   --->   Operation 43 'zext' 'p_shl38_cast' <Predicate = (!icmp_ln117)> <Delay = 0.00>
ST_3 : Operation 44 [1/1] (0.78ns)   --->   "%empty = sub i11 %p_shl37_cast, i11 %p_shl38_cast"   --->   Operation 44 'sub' 'empty' <Predicate = (!icmp_ln117)> <Delay = 0.78> <CoreInst = "Adder">   --->   Core 1 'Adder' <Latency = 0> <II = 1> <Delay = 0.78> <FuncUnit> <Opcode : 'add' 'sub'> <InPorts = 2> <OutPorts = 1>
ST_3 : Operation 45 [1/1] (0.00ns)   --->   "%p_shl3 = bitconcatenate i7 @_ssdm_op_BitConcatenate.i7.i5.i2, i5 %n_2, i2 0"   --->   Operation 45 'bitconcatenate' 'p_shl3' <Predicate = (!icmp_ln117)> <Delay = 0.00>
ST_3 : Operation 46 [1/1] (0.00ns)   --->   "%p_shl36_cast = zext i7 %p_shl3"   --->   Operation 46 'zext' 'p_shl36_cast' <Predicate = (!icmp_ln117)> <Delay = 0.00>
ST_3 : Operation 47 [1/1] (0.78ns)   --->   "%empty_493 = sub i11 %p_shl37_cast, i11 %p_shl36_cast"   --->   Operation 47 'sub' 'empty_493' <Predicate = (!icmp_ln117)> <Delay = 0.78> <CoreInst = "Adder">   --->   Core 1 'Adder' <Latency = 0> <II = 1> <Delay = 0.78> <FuncUnit> <Opcode : 'add' 'sub'> <InPorts = 2> <OutPorts = 1>
ST_3 : Operation 48 [1/1] (0.00ns)   --->   "%sext_ln119 = sext i11 %empty_493" [pipeline/D_Conv.cpp:119]   --->   Operation 48 'sext' 'sext_ln119' <Predicate = (!icmp_ln117)> <Delay = 0.00>
ST_3 : Operation 49 [1/1] (0.80ns)   --->   "%add_ln122 = add i12 %mul_ln117, i12 %sext_ln119" [pipeline/D_Conv.cpp:122]   --->   Operation 49 'add' 'add_ln122' <Predicate = (!icmp_ln117)> <Delay = 0.80> <CoreInst = "Adder">   --->   Core 1 'Adder' <Latency = 0> <II = 1> <Delay = 0.80> <FuncUnit> <Opcode : 'add' 'sub'> <InPorts = 2> <OutPorts = 1>
ST_3 : Operation 50 [1/1] (0.28ns)   --->   "%or_ln122 = or i1 %cmp9_i271, i1 %cmp10_i272" [pipeline/D_Conv.cpp:122]   --->   Operation 50 'or' 'or_ln122' <Predicate = true> <Delay = 0.28> <CoreInst = "LogicGate">   --->   Core 74 'LogicGate' <Latency = 0> <II = 1> <Delay = 0.28> <FuncUnit> <Opcode : 'and' 'or' 'xor'> <InPorts = 2> <OutPorts = 1>
ST_3 : Operation 51 [1/1] (0.00ns)   --->   "%specpipeline_ln0 = specpipeline void @_ssdm_op_SpecPipeline, i32 4294967295, i32 0, i32 1, i32 0, void @p_str"   --->   Operation 51 'specpipeline' 'specpipeline_ln0' <Predicate = true> <Delay = 0.00>
ST_3 : Operation 52 [1/1] (0.00ns)   --->   "%i_load = load i5 %i" [pipeline/D_Conv.cpp:119]   --->   Operation 52 'load' 'i_load' <Predicate = (!icmp_ln115)> <Delay = 0.00>
ST_3 : Operation 53 [1/1] (0.41ns)   --->   "%select_ln115 = select i1 %icmp_ln117, i5 0, i5 %n_2" [pipeline/D_Conv.cpp:115]   --->   Operation 53 'select' 'select_ln115' <Predicate = (!icmp_ln115)> <Delay = 0.41> <CoreInst = "Sel">   --->   Core 73 'Sel' <Latency = 0> <II = 1> <Delay = 0.41> <FuncUnit> <Opcode : 'select'> <InPorts = 3> <OutPorts = 1>
ST_3 : Operation 54 [1/1] (0.00ns)   --->   "%p_mid1566 = zext i3 %add_ln115_1" [pipeline/D_Conv.cpp:115]   --->   Operation 54 'zext' 'p_mid1566' <Predicate = (!icmp_ln115)> <Delay = 0.00>
ST_3 : Operation 55 [1/3] (0.00ns) (grouped into DSP with root node add_ln120_1)   --->   "%mul_ln115 = mul i12 %zext_ln115, i12 900" [pipeline/D_Conv.cpp:115]   --->   Operation 55 'mul' 'mul_ln115' <Predicate = (!icmp_ln115)> <Delay = 0.00> <CoreInst = "DSP48">   --->   Core 127 'DSP48' <Latency = 3> <II = 1> <Delay = 0.53> <IPBlock> <Opcode : 'mul' 'add' 'sub' 'select'> <InPorts = 0> <OutPorts = 1> <Sync> <CReg>
ST_3 : Operation 56 [1/1] (2.14ns)   --->   "%mul_ln117_1 = mul i12 %p_mid1566, i12 784" [pipeline/D_Conv.cpp:117]   --->   Operation 56 'mul' 'mul_ln117_1' <Predicate = (!icmp_ln115)> <Delay = 2.14> <CoreInst = "Multiplier">   --->   Core 3 'Multiplier' <Latency = 0> <II = 1> <Delay = 2.14> <FuncUnit> <Opcode : 'mul'> <InPorts = 2> <OutPorts = 1>
ST_3 : Operation 57 [1/1] (0.00ns) (grouped into LUT with out node add_ln122_3)   --->   "%select_ln115_2 = select i1 %icmp_ln117, i12 %mul_ln117_1, i12 %mul_ln117" [pipeline/D_Conv.cpp:115]   --->   Operation 57 'select' 'select_ln115_2' <Predicate = (!icmp_ln115)> <Delay = 0.00> <CoreInst = "Sel">   --->   Core 73 'Sel' <Latency = 0> <II = 1> <Delay = 0.37> <FuncUnit> <Opcode : 'select'> <InPorts = 3> <OutPorts = 1>
ST_3 : Operation 58 [1/1] (0.00ns) (grouped into LUT with out node add_ln122_1)   --->   "%select_ln115_4 = select i1 %icmp_ln117, i12 %mul_ln117_1, i12 %add_ln122" [pipeline/D_Conv.cpp:115]   --->   Operation 58 'select' 'select_ln115_4' <Predicate = (!icmp_ln115)> <Delay = 0.00> <CoreInst = "Sel">   --->   Core 73 'Sel' <Latency = 0> <II = 1> <Delay = 0.37> <FuncUnit> <Opcode : 'select'> <InPorts = 3> <OutPorts = 1>
ST_3 : Operation 59 [1/1] (0.00ns) (grouped into LUT with out node select_ln117_3)   --->   "%or_ln115 = or i1 %icmp_ln117, i1 %or_ln122" [pipeline/D_Conv.cpp:115]   --->   Operation 59 'or' 'or_ln115' <Predicate = (!icmp_ln115)> <Delay = 0.00> <CoreInst = "LogicGate">   --->   Core 74 'LogicGate' <Latency = 0> <II = 1> <Delay = 0.28> <FuncUnit> <Opcode : 'and' 'or' 'xor'> <InPorts = 2> <OutPorts = 1>
ST_3 : Operation 60 [1/1] (0.00ns) (grouped into LUT with out node and_ln115)   --->   "%xor_ln115 = xor i1 %icmp_ln117, i1 1" [pipeline/D_Conv.cpp:115]   --->   Operation 60 'xor' 'xor_ln115' <Predicate = (!icmp_ln115)> <Delay = 0.00> <CoreInst = "LogicGate">   --->   Core 74 'LogicGate' <Latency = 0> <II = 1> <Delay = 0.28> <FuncUnit> <Opcode : 'and' 'or' 'xor'> <InPorts = 2> <OutPorts = 1>
ST_3 : Operation 61 [1/1] (0.75ns)   --->   "%icmp_ln119 = icmp_eq  i5 %i_load, i5 30" [pipeline/D_Conv.cpp:119]   --->   Operation 61 'icmp' 'icmp_ln119' <Predicate = (!icmp_ln115)> <Delay = 0.75> <CoreInst = "Cmp">   --->   Core 9 'Cmp' <Latency = 0> <II = 1> <Delay = 0.75> <FuncUnit> <Opcode : 'icmp'> <InPorts = 2> <OutPorts = 1>
ST_3 : Operation 62 [1/1] (0.28ns) (out node of the LUT)   --->   "%and_ln115 = and i1 %icmp_ln119, i1 %xor_ln115" [pipeline/D_Conv.cpp:115]   --->   Operation 62 'and' 'and_ln115' <Predicate = (!icmp_ln115)> <Delay = 0.28> <CoreInst = "LogicGate">   --->   Core 74 'LogicGate' <Latency = 0> <II = 1> <Delay = 0.28> <FuncUnit> <Opcode : 'and' 'or' 'xor'> <InPorts = 2> <OutPorts = 1>
ST_3 : Operation 63 [1/1] (0.78ns)   --->   "%add_ln117 = add i5 %select_ln115, i5 1" [pipeline/D_Conv.cpp:117]   --->   Operation 63 'add' 'add_ln117' <Predicate = (!icmp_ln115)> <Delay = 0.78> <CoreInst = "Adder">   --->   Core 1 'Adder' <Latency = 0> <II = 1> <Delay = 0.78> <FuncUnit> <Opcode : 'add' 'sub'> <InPorts = 2> <OutPorts = 1>
ST_3 : Operation 64 [1/1] (0.00ns) (grouped into LUT with out node select_ln117)   --->   "%or_ln117 = or i1 %and_ln115, i1 %icmp_ln117" [pipeline/D_Conv.cpp:117]   --->   Operation 64 'or' 'or_ln117' <Predicate = (!icmp_ln115)> <Delay = 0.00> <CoreInst = "LogicGate">   --->   Core 74 'LogicGate' <Latency = 0> <II = 1> <Delay = 0.28> <FuncUnit> <Opcode : 'and' 'or' 'xor'> <InPorts = 2> <OutPorts = 1>
ST_3 : Operation 65 [1/1] (0.41ns) (out node of the LUT)   --->   "%select_ln117 = select i1 %or_ln117, i5 0, i5 %i_load" [pipeline/D_Conv.cpp:117]   --->   Operation 65 'select' 'select_ln117' <Predicate = (!icmp_ln115)> <Delay = 0.41> <CoreInst = "Sel">   --->   Core 73 'Sel' <Latency = 0> <II = 1> <Delay = 0.41> <FuncUnit> <Opcode : 'select'> <InPorts = 3> <OutPorts = 1>
ST_3 : Operation 66 [1/1] (0.75ns)   --->   "%cmp9_i271_mid1 = icmp_eq  i5 %add_ln117, i5 0" [pipeline/D_Conv.cpp:117]   --->   Operation 66 'icmp' 'cmp9_i271_mid1' <Predicate = (!icmp_ln115)> <Delay = 0.75> <CoreInst = "Cmp">   --->   Core 9 'Cmp' <Latency = 0> <II = 1> <Delay = 0.75> <FuncUnit> <Opcode : 'icmp'> <InPorts = 2> <OutPorts = 1>
ST_3 : Operation 67 [1/1] (0.75ns)   --->   "%cmp10_i272_mid1 = icmp_ugt  i5 %add_ln117, i5 28" [pipeline/D_Conv.cpp:117]   --->   Operation 67 'icmp' 'cmp10_i272_mid1' <Predicate = (!icmp_ln115)> <Delay = 0.75> <CoreInst = "Cmp">   --->   Core 9 'Cmp' <Latency = 0> <II = 1> <Delay = 0.75> <FuncUnit> <Opcode : 'icmp'> <InPorts = 2> <OutPorts = 1>
ST_3 : Operation 68 [1/1] (0.00ns)   --->   "%p_shl37_mid1 = bitconcatenate i10 @_ssdm_op_BitConcatenate.i10.i5.i5, i5 %add_ln117, i5 0" [pipeline/D_Conv.cpp:117]   --->   Operation 68 'bitconcatenate' 'p_shl37_mid1' <Predicate = (!icmp_ln115)> <Delay = 0.00>
ST_3 : Operation 69 [1/1] (0.00ns)   --->   "%p_shl37_cast_mid1 = zext i10 %p_shl37_mid1" [pipeline/D_Conv.cpp:117]   --->   Operation 69 'zext' 'p_shl37_cast_mid1' <Predicate = (!icmp_ln115)> <Delay = 0.00>
ST_3 : Operation 70 [1/1] (0.00ns)   --->   "%p_shl38_mid1 = bitconcatenate i6 @_ssdm_op_BitConcatenate.i6.i5.i1, i5 %add_ln117, i1 0" [pipeline/D_Conv.cpp:117]   --->   Operation 70 'bitconcatenate' 'p_shl38_mid1' <Predicate = (!icmp_ln115)> <Delay = 0.00>
ST_3 : Operation 71 [1/1] (0.00ns)   --->   "%p_shl38_cast_mid1 = zext i6 %p_shl38_mid1" [pipeline/D_Conv.cpp:117]   --->   Operation 71 'zext' 'p_shl38_cast_mid1' <Predicate = (!icmp_ln115)> <Delay = 0.00>
ST_3 : Operation 72 [1/1] (0.78ns)   --->   "%p_mid1550 = sub i11 %p_shl37_cast_mid1, i11 %p_shl38_cast_mid1" [pipeline/D_Conv.cpp:117]   --->   Operation 72 'sub' 'p_mid1550' <Predicate = (!icmp_ln115)> <Delay = 0.78> <CoreInst = "Adder">   --->   Core 1 'Adder' <Latency = 0> <II = 1> <Delay = 0.78> <FuncUnit> <Opcode : 'add' 'sub'> <InPorts = 2> <OutPorts = 1>
ST_3 : Operation 73 [1/1] (0.00ns)   --->   "%p_shl36_mid1 = bitconcatenate i7 @_ssdm_op_BitConcatenate.i7.i5.i2, i5 %add_ln117, i2 0" [pipeline/D_Conv.cpp:117]   --->   Operation 73 'bitconcatenate' 'p_shl36_mid1' <Predicate = (!icmp_ln115)> <Delay = 0.00>
ST_3 : Operation 74 [1/1] (0.00ns)   --->   "%p_shl36_cast_mid1 = zext i7 %p_shl36_mid1" [pipeline/D_Conv.cpp:117]   --->   Operation 74 'zext' 'p_shl36_cast_mid1' <Predicate = (!icmp_ln115)> <Delay = 0.00>
ST_3 : Operation 75 [1/1] (0.78ns)   --->   "%p_mid1552 = sub i11 %p_shl37_cast_mid1, i11 %p_shl36_cast_mid1" [pipeline/D_Conv.cpp:117]   --->   Operation 75 'sub' 'p_mid1552' <Predicate = (!icmp_ln115)> <Delay = 0.78> <CoreInst = "Adder">   --->   Core 1 'Adder' <Latency = 0> <II = 1> <Delay = 0.78> <FuncUnit> <Opcode : 'add' 'sub'> <InPorts = 2> <OutPorts = 1>
ST_3 : Operation 76 [1/1] (0.00ns) (grouped into LUT with out node add_ln122_3)   --->   "%sext_ln119_1 = sext i11 %p_mid1552" [pipeline/D_Conv.cpp:119]   --->   Operation 76 'sext' 'sext_ln119_1' <Predicate = (!icmp_ln115)> <Delay = 0.00>
ST_3 : Operation 77 [1/1] (0.80ns) (out node of the LUT)   --->   "%add_ln122_3 = add i12 %select_ln115_2, i12 %sext_ln119_1" [pipeline/D_Conv.cpp:122]   --->   Operation 77 'add' 'add_ln122_3' <Predicate = (!icmp_ln115)> <Delay = 0.80> <CoreInst = "Adder">   --->   Core 1 'Adder' <Latency = 0> <II = 1> <Delay = 0.80> <FuncUnit> <Opcode : 'add' 'sub'> <InPorts = 2> <OutPorts = 1>
ST_3 : Operation 78 [1/1] (0.00ns) (grouped into LUT with out node add_ln122_1)   --->   "%select_ln117_2 = select i1 %and_ln115, i12 %add_ln122_3, i12 %select_ln115_4" [pipeline/D_Conv.cpp:117]   --->   Operation 78 'select' 'select_ln117_2' <Predicate = (!icmp_ln115)> <Delay = 0.00> <CoreInst = "Sel">   --->   Core 73 'Sel' <Latency = 0> <II = 1> <Delay = 0.37> <FuncUnit> <Opcode : 'select'> <InPorts = 3> <OutPorts = 1>
ST_3 : Operation 79 [1/1] (0.00ns) (grouped into LUT with out node select_ln117_3)   --->   "%or_ln122_3 = or i1 %cmp9_i271_mid1, i1 %cmp10_i272_mid1" [pipeline/D_Conv.cpp:122]   --->   Operation 79 'or' 'or_ln122_3' <Predicate = (!icmp_ln115)> <Delay = 0.00> <CoreInst = "LogicGate">   --->   Core 74 'LogicGate' <Latency = 0> <II = 1> <Delay = 0.28> <FuncUnit> <Opcode : 'and' 'or' 'xor'> <InPorts = 2> <OutPorts = 1>
ST_3 : Operation 80 [1/1] (0.28ns) (out node of the LUT)   --->   "%select_ln117_3 = select i1 %and_ln115, i1 %or_ln122_3, i1 %or_ln115" [pipeline/D_Conv.cpp:117]   --->   Operation 80 'select' 'select_ln117_3' <Predicate = (!icmp_ln115)> <Delay = 0.28> <CoreInst = "Sel">   --->   Core 73 'Sel' <Latency = 0> <II = 1> <Delay = 0.17> <FuncUnit> <Opcode : 'select'> <InPorts = 3> <OutPorts = 1>
ST_3 : Operation 81 [1/1] (0.41ns)   --->   "%select_ln117_4 = select i1 %and_ln115, i5 %add_ln117, i5 %select_ln115" [pipeline/D_Conv.cpp:117]   --->   Operation 81 'select' 'select_ln117_4' <Predicate = (!icmp_ln115)> <Delay = 0.41> <CoreInst = "Sel">   --->   Core 73 'Sel' <Latency = 0> <II = 1> <Delay = 0.41> <FuncUnit> <Opcode : 'select'> <InPorts = 3> <OutPorts = 1>
ST_3 : Operation 82 [1/1] (0.00ns)   --->   "%i_4_cast101 = zext i5 %select_ln117" [pipeline/D_Conv.cpp:117]   --->   Operation 82 'zext' 'i_4_cast101' <Predicate = (!icmp_ln115)> <Delay = 0.00>
ST_3 : Operation 83 [1/1] (0.00ns)   --->   "%i_4_cast = zext i5 %select_ln117" [pipeline/D_Conv.cpp:117]   --->   Operation 83 'zext' 'i_4_cast' <Predicate = (!icmp_ln115)> <Delay = 0.00>
ST_3 : Operation 84 [2/2] (0.64ns) (root node of the DSP)   --->   "%add_ln120_1 = add i12 %mul_ln115, i12 %i_4_cast" [pipeline/D_Conv.cpp:120]   --->   Operation 84 'add' 'add_ln120_1' <Predicate = (!icmp_ln115)> <Delay = 0.64> <CoreInst = "DSP48">   --->   Core 127 'DSP48' <Latency = 3> <II = 1> <Delay = 0.53> <IPBlock> <Opcode : 'mul' 'add' 'sub' 'select'> <InPorts = 0> <OutPorts = 1> <Sync> <CReg>
ST_3 : Operation 85 [1/1] (0.75ns)   --->   "%icmp_ln122 = icmp_eq  i5 %select_ln117, i5 0" [pipeline/D_Conv.cpp:122]   --->   Operation 85 'icmp' 'icmp_ln122' <Predicate = (!icmp_ln115)> <Delay = 0.75> <CoreInst = "Cmp">   --->   Core 9 'Cmp' <Latency = 0> <II = 1> <Delay = 0.75> <FuncUnit> <Opcode : 'icmp'> <InPorts = 2> <OutPorts = 1>
ST_3 : Operation 86 [1/1] (0.75ns)   --->   "%icmp_ln122_1 = icmp_ugt  i5 %select_ln117, i5 28" [pipeline/D_Conv.cpp:122]   --->   Operation 86 'icmp' 'icmp_ln122_1' <Predicate = (!icmp_ln115)> <Delay = 0.75> <CoreInst = "Cmp">   --->   Core 9 'Cmp' <Latency = 0> <II = 1> <Delay = 0.75> <FuncUnit> <Opcode : 'icmp'> <InPorts = 2> <OutPorts = 1>
ST_3 : Operation 87 [1/1] (0.78ns)   --->   "%add_ln122_2 = add i6 %i_4_cast101, i6 35" [pipeline/D_Conv.cpp:122]   --->   Operation 87 'add' 'add_ln122_2' <Predicate = (!icmp_ln115)> <Delay = 0.78> <CoreInst = "Adder">   --->   Core 1 'Adder' <Latency = 0> <II = 1> <Delay = 0.78> <FuncUnit> <Opcode : 'add' 'sub'> <InPorts = 2> <OutPorts = 1>
ST_3 : Operation 88 [1/1] (0.00ns) (grouped into LUT with out node add_ln122_1)   --->   "%sext_ln122 = sext i6 %add_ln122_2" [pipeline/D_Conv.cpp:122]   --->   Operation 88 'sext' 'sext_ln122' <Predicate = (!icmp_ln115)> <Delay = 0.00>
ST_3 : Operation 89 [1/1] (0.80ns) (out node of the LUT)   --->   "%add_ln122_1 = add i12 %sext_ln122, i12 %select_ln117_2" [pipeline/D_Conv.cpp:122]   --->   Operation 89 'add' 'add_ln122_1' <Predicate = (!icmp_ln115)> <Delay = 0.80> <CoreInst = "Adder">   --->   Core 1 'Adder' <Latency = 0> <II = 1> <Delay = 0.80> <FuncUnit> <Opcode : 'add' 'sub'> <InPorts = 2> <OutPorts = 1>
ST_3 : Operation 90 [1/1] (0.00ns)   --->   "%zext_ln122 = zext i12 %add_ln122_1" [pipeline/D_Conv.cpp:122]   --->   Operation 90 'zext' 'zext_ln122' <Predicate = (!icmp_ln115)> <Delay = 0.00>
ST_3 : Operation 91 [1/1] (0.00ns)   --->   "%conv3_V_addr = getelementptr i16 %conv3_V, i64 0, i64 %zext_ln122" [pipeline/D_Conv.cpp:122]   --->   Operation 91 'getelementptr' 'conv3_V_addr' <Predicate = (!icmp_ln115)> <Delay = 0.00>
ST_3 : Operation 92 [2/2] (1.23ns)   --->   "%conv3_V_load = load i12 %conv3_V_addr" [pipeline/D_Conv.cpp:122]   --->   Operation 92 'load' 'conv3_V_load' <Predicate = (!icmp_ln115)> <Delay = 1.23> <CoreInst = "RAM">   --->   Core 83 'RAM' <Latency = 1> <II = 1> <Delay = 1.23> <Storage> <Opcode : 'load' 'store'> <Ports = 2> <Width = 16> <Depth = 3136> <RAM>
ST_3 : Operation 93 [1/1] (0.78ns)   --->   "%add_ln119 = add i5 %select_ln117, i5 1" [pipeline/D_Conv.cpp:119]   --->   Operation 93 'add' 'add_ln119' <Predicate = (!icmp_ln115)> <Delay = 0.78> <CoreInst = "Adder">   --->   Core 1 'Adder' <Latency = 0> <II = 1> <Delay = 0.78> <FuncUnit> <Opcode : 'add' 'sub'> <InPorts = 2> <OutPorts = 1>
ST_3 : Operation 94 [1/1] (0.42ns)   --->   "%store_ln119 = store i5 %select_ln117_4, i5 %n" [pipeline/D_Conv.cpp:119]   --->   Operation 94 'store' 'store_ln119' <Predicate = (!icmp_ln115)> <Delay = 0.42>
ST_3 : Operation 95 [1/1] (0.42ns)   --->   "%store_ln119 = store i5 %add_ln119, i5 %i" [pipeline/D_Conv.cpp:119]   --->   Operation 95 'store' 'store_ln119' <Predicate = (!icmp_ln115)> <Delay = 0.42>
ST_3 : Operation 115 [1/1] (0.00ns)   --->   "%ret_ln0 = ret"   --->   Operation 115 'ret' 'ret_ln0' <Predicate = (icmp_ln115)> <Delay = 0.00>

State 4 <SV = 3> <Delay = 2.83>
ST_4 : Operation 96 [1/1] (0.00ns)   --->   "%specloopname_ln0 = specloopname void @_ssdm_op_SpecLoopName, void @loop_for_3_channel_pad_3_loop_for_channel_pad_3_loop_for_weight_pad_3_str"   --->   Operation 96 'specloopname' 'specloopname_ln0' <Predicate = true> <Delay = 0.00>
ST_4 : Operation 97 [1/1] (0.00ns)   --->   "%empty_494 = speclooptripcount i32 @_ssdm_op_SpecLoopTripCount, i64 3600, i64 3600, i64 3600"   --->   Operation 97 'speclooptripcount' 'empty_494' <Predicate = true> <Delay = 0.00>
ST_4 : Operation 98 [1/1] (0.00ns) (grouped into LUT with out node add_ln120)   --->   "%select_ln115_3 = select i1 %icmp_ln117, i11 0, i11 %empty" [pipeline/D_Conv.cpp:115]   --->   Operation 98 'select' 'select_ln115_3' <Predicate = (!and_ln115)> <Delay = 0.00> <CoreInst = "Sel">   --->   Core 73 'Sel' <Latency = 0> <II = 1> <Delay = 0.38> <FuncUnit> <Opcode : 'select'> <InPorts = 3> <OutPorts = 1>
ST_4 : Operation 99 [1/1] (0.00ns)   --->   "%specpipeline_ln0 = specpipeline void @_ssdm_op_SpecPipeline, i32 4294967295, i32 0, i32 1, i32 0, void @p_str"   --->   Operation 99 'specpipeline' 'specpipeline_ln0' <Predicate = true> <Delay = 0.00>
ST_4 : Operation 100 [1/1] (0.00ns)   --->   "%specloopname_ln0 = specloopname void @_ssdm_op_SpecLoopName, void @loop_for_channel_pad_3_loop_for_weight_pad_3_str"   --->   Operation 100 'specloopname' 'specloopname_ln0' <Predicate = true> <Delay = 0.00>
ST_4 : Operation 101 [1/1] (0.00ns) (grouped into LUT with out node add_ln120)   --->   "%select_ln117_1 = select i1 %and_ln115, i11 %p_mid1550, i11 %select_ln115_3" [pipeline/D_Conv.cpp:117]   --->   Operation 101 'select' 'select_ln117_1' <Predicate = true> <Delay = 0.00> <CoreInst = "Sel">   --->   Core 73 'Sel' <Latency = 0> <II = 1> <Delay = 0.38> <FuncUnit> <Opcode : 'select'> <InPorts = 3> <OutPorts = 1>
ST_4 : Operation 102 [1/1] (0.00ns) (grouped into LUT with out node add_ln120)   --->   "%select_ln117_1_cast = sext i11 %select_ln117_1" [pipeline/D_Conv.cpp:117]   --->   Operation 102 'sext' 'select_ln117_1_cast' <Predicate = true> <Delay = 0.00>
ST_4 : Operation 103 [1/1] (0.00ns)   --->   "%specpipeline_ln0 = specpipeline void @_ssdm_op_SpecPipeline, i32 4294967295, i32 0, i32 1, i32 0, void @p_str"   --->   Operation 103 'specpipeline' 'specpipeline_ln0' <Predicate = true> <Delay = 0.00>
ST_4 : Operation 104 [1/1] (0.00ns)   --->   "%specloopname_ln119 = specloopname void @_ssdm_op_SpecLoopName, void @empty_5" [pipeline/D_Conv.cpp:119]   --->   Operation 104 'specloopname' 'specloopname_ln119' <Predicate = true> <Delay = 0.00>
ST_4 : Operation 105 [1/2] (0.64ns) (root node of the DSP)   --->   "%add_ln120_1 = add i12 %mul_ln115, i12 %i_4_cast" [pipeline/D_Conv.cpp:120]   --->   Operation 105 'add' 'add_ln120_1' <Predicate = true> <Delay = 0.64> <CoreInst = "DSP48">   --->   Core 127 'DSP48' <Latency = 3> <II = 1> <Delay = 0.53> <IPBlock> <Opcode : 'mul' 'add' 'sub' 'select'> <InPorts = 0> <OutPorts = 1> <Sync> <CReg>
ST_4 : Operation 106 [1/1] (0.80ns) (out node of the LUT)   --->   "%add_ln120 = add i12 %add_ln120_1, i12 %select_ln117_1_cast" [pipeline/D_Conv.cpp:120]   --->   Operation 106 'add' 'add_ln120' <Predicate = true> <Delay = 0.80> <CoreInst = "Adder">   --->   Core 1 'Adder' <Latency = 0> <II = 1> <Delay = 0.80> <FuncUnit> <Opcode : 'add' 'sub'> <InPorts = 2> <OutPorts = 1>
ST_4 : Operation 107 [1/1] (0.00ns)   --->   "%zext_ln120 = zext i12 %add_ln120" [pipeline/D_Conv.cpp:120]   --->   Operation 107 'zext' 'zext_ln120' <Predicate = true> <Delay = 0.00>
ST_4 : Operation 108 [1/1] (0.00ns)   --->   "%OutPadConv3_V_addr = getelementptr i16 %OutPadConv3_V, i64 0, i64 %zext_ln120" [pipeline/D_Conv.cpp:120]   --->   Operation 108 'getelementptr' 'OutPadConv3_V_addr' <Predicate = true> <Delay = 0.00>
ST_4 : Operation 109 [1/2] (1.23ns)   --->   "%conv3_V_load = load i12 %conv3_V_addr" [pipeline/D_Conv.cpp:122]   --->   Operation 109 'load' 'conv3_V_load' <Predicate = true> <Delay = 1.23> <CoreInst = "RAM">   --->   Core 83 'RAM' <Latency = 1> <II = 1> <Delay = 1.23> <Storage> <Opcode : 'load' 'store'> <Ports = 2> <Width = 16> <Depth = 3136> <RAM>
ST_4 : Operation 110 [1/1] (0.00ns) (grouped into LUT with out node select_ln122)   --->   "%or_ln122_1 = or i1 %icmp_ln122_1, i1 %icmp_ln122" [pipeline/D_Conv.cpp:122]   --->   Operation 110 'or' 'or_ln122_1' <Predicate = true> <Delay = 0.00> <CoreInst = "LogicGate">   --->   Core 74 'LogicGate' <Latency = 0> <II = 1> <Delay = 0.28> <FuncUnit> <Opcode : 'and' 'or' 'xor'> <InPorts = 2> <OutPorts = 1>
ST_4 : Operation 111 [1/1] (0.00ns) (grouped into LUT with out node select_ln122)   --->   "%or_ln122_2 = or i1 %or_ln122_1, i1 %select_ln117_3" [pipeline/D_Conv.cpp:122]   --->   Operation 111 'or' 'or_ln122_2' <Predicate = true> <Delay = 0.00> <CoreInst = "LogicGate">   --->   Core 74 'LogicGate' <Latency = 0> <II = 1> <Delay = 0.28> <FuncUnit> <Opcode : 'and' 'or' 'xor'> <InPorts = 2> <OutPorts = 1>
ST_4 : Operation 112 [1/1] (0.35ns) (out node of the LUT)   --->   "%select_ln122 = select i1 %or_ln122_2, i16 0, i16 %conv3_V_load" [pipeline/D_Conv.cpp:122]   --->   Operation 112 'select' 'select_ln122' <Predicate = true> <Delay = 0.35> <CoreInst = "Sel">   --->   Core 73 'Sel' <Latency = 0> <II = 1> <Delay = 0.35> <FuncUnit> <Opcode : 'select'> <InPorts = 3> <OutPorts = 1>
ST_4 : Operation 113 [1/1] (1.23ns)   --->   "%store_ln120 = store i16 %select_ln122, i12 %OutPadConv3_V_addr" [pipeline/D_Conv.cpp:120]   --->   Operation 113 'store' 'store_ln120' <Predicate = true> <Delay = 1.23> <CoreInst = "RAM_1WnR">   --->   Core 84 'RAM_1WnR' <Latency = 1> <II = 1> <Delay = 1.23> <Storage> <Opcode : 'load' 'store'> <Ports = 17> <Width = 16> <Depth = 3600> <RAM>
ST_4 : Operation 114 [1/1] (0.00ns)   --->   "%br_ln119 = br void %for.body8.i280" [pipeline/D_Conv.cpp:119]   --->   Operation 114 'br' 'br_ln119' <Predicate = true> <Delay = 0.00>


============================================================
+ Verbose Summary: Timing violations
============================================================
Target clock period: 10ns, clock uncertainty: 2.7ns.

 <State 1>: 2.12ns
The critical path consists of the following:
	'alloca' operation ('indvar_flatten554') [5]  (0 ns)
	'load' operation ('indvar_flatten554_load', pipeline/D_Conv.cpp:117) on local variable 'indvar_flatten554' [39]  (0 ns)
	'icmp' operation ('icmp_ln117', pipeline/D_Conv.cpp:117) [42]  (0.912 ns)
	'select' operation ('select_ln115_1', pipeline/D_Conv.cpp:115) [46]  (0.208 ns)
	'mul' operation of DSP[84] ('mul_ln115', pipeline/D_Conv.cpp:115) [48]  (0.996 ns)

 <State 2>: 0.996ns
The critical path consists of the following:
	'mul' operation of DSP[84] ('mul_ln115', pipeline/D_Conv.cpp:115) [48]  (0.996 ns)

 <State 3>: 5ns
The critical path consists of the following:
	'mul' operation ('mul_ln117', pipeline/D_Conv.cpp:117) [19]  (2.14 ns)
	'add' operation ('add_ln122', pipeline/D_Conv.cpp:122) [31]  (0.809 ns)
	'select' operation ('select_ln115_4', pipeline/D_Conv.cpp:115) [52]  (0 ns)
	'select' operation ('select_ln117_2', pipeline/D_Conv.cpp:117) [76]  (0 ns)
	'add' operation ('add_ln122_1', pipeline/D_Conv.cpp:122) [92]  (0.809 ns)
	'getelementptr' operation ('conv3_V_addr', pipeline/D_Conv.cpp:122) [94]  (0 ns)
	'load' operation ('conv3_V_load', pipeline/D_Conv.cpp:122) on array 'conv3_V' [95]  (1.24 ns)

 <State 4>: 2.83ns
The critical path consists of the following:
	'load' operation ('conv3_V_load', pipeline/D_Conv.cpp:122) on array 'conv3_V' [95]  (1.24 ns)
	'select' operation ('select_ln122', pipeline/D_Conv.cpp:122) [98]  (0.357 ns)
	'store' operation ('store_ln120', pipeline/D_Conv.cpp:120) of variable 'select_ln122', pipeline/D_Conv.cpp:122 on array 'OutPadConv3_V' [99]  (1.24 ns)


============================================================
+ Verbose Summary: Binding
============================================================
N/A
* FSMD analyzer results:
  - Output states:
 - Input state : 
  - Chain level:
	State 1
	State 2
	State 3
	State 4


============================================================
+ Verbose Summary: Datapath Resource usage 
============================================================
N/A
