

================================================================
== Vitis HLS Report for 'D_CNN_Pipeline_VITIS_LOOP_6_1_VITIS_LOOP_8_2_VITIS_LOOP_9_3'
================================================================
* Date:           Wed Apr 15 01:46:07 2026

* Version:        2022.2 (Build 3670227 on Oct 13 2022)
* Project:        ProjectOne
* Solution:       solution1 (Vivado IP Flow Target)
* Product family: zynquplus
* Target device:  xck26-sfvc784-2LV-c


================================================================
== Performance Estimates
================================================================
+ Timing: 
    * Summary: 
    +--------+----------+----------+------------+
    |  Clock |  Target  | Estimated| Uncertainty|
    +--------+----------+----------+------------+
    |ap_clk  |  10.00 ns|  7.073 ns|     2.70 ns|
    +--------+----------+----------+------------+

+ Latency: 
    * Summary: 
    +---------+---------+----------+----------+-----+-----+---------+
    |  Latency (cycles) |  Latency (absolute) |  Interval | Pipeline|
    |   min   |   max   |    min   |    max   | min | max |   Type  |
    +---------+---------+----------+----------+-----+-----+---------+
    |      790|      790|  7.900 us|  7.900 us|  790|  790|       no|
    +---------+---------+----------+----------+-----+-----+---------+

    + Detail: 
        * Instance: 
        N/A

        * Loop: 
        +------------------------------------------------+---------+---------+----------+-----------+-----------+------+----------+
        |                                                |  Latency (cycles) | Iteration|  Initiation Interval  | Trip |          |
        |                    Loop Name                   |   min   |   max   |  Latency |  achieved |   target  | Count| Pipelined|
        +------------------------------------------------+---------+---------+----------+-----------+-----------+------+----------+
        |- VITIS_LOOP_6_1_VITIS_LOOP_8_2_VITIS_LOOP_9_3  |      788|      788|         6|          1|          1|   784|       yes|
        +------------------------------------------------+---------+---------+----------+-----------+-----------+------+----------+

============================================================
+ Verbose Summary: Synthesis Manager
============================================================
InlineROM: 1
ExposeGlobal: 0
============================================================
+ Verbose Summary: CDFG Model
============================================================
IsTopModel: 0
ResetActiveHigh: 1
IsCombinational: 0
IsDatapathOnly: 0
HasWiredReturn: 1
HasMFsm: 2
HasVarLatency: 1
IsPipeline: 0
IsRtlPipelined: 0
IsInstanceOverlapped: 0
IsDontTouch: 0
HasImplIP: 0
IsGatedGlobalClock: 0

+ Individual pipeline summary: 
  * Pipeline-0: initiation interval (II) = 1, depth = 6


============================================================
+ Verbose Summary: Schedule
============================================================
* Number of FSM states : 6
* Pipeline : 1
  Pipeline-0 : II = 1, D = 6, States = { 1 2 3 4 5 6 }
* Dataflow Pipeline: 0

* FSM state transitions: 
1 --> 2 
2 --> 3 
3 --> 4 
4 --> 5 
5 --> 6 
6 --> 

* FSM state operations: 

State 1 <SV = 0> <Delay = 2.05>
ST_1 : Operation 9 [1/1] (0.00ns)   --->   "%y = alloca i32 1"   --->   Operation 9 'alloca' 'y' <Predicate = true> <Delay = 0.00>
ST_1 : Operation 10 [1/1] (0.00ns)   --->   "%index_1 = alloca i32 1"   --->   Operation 10 'alloca' 'index_1' <Predicate = true> <Delay = 0.00>
ST_1 : Operation 11 [1/1] (0.00ns)   --->   "%z = alloca i32 1"   --->   Operation 11 'alloca' 'z' <Predicate = true> <Delay = 0.00>
ST_1 : Operation 12 [1/1] (0.00ns)   --->   "%index = alloca i32 1"   --->   Operation 12 'alloca' 'index' <Predicate = true> <Delay = 0.00>
ST_1 : Operation 13 [1/1] (0.00ns)   --->   "%indvar_flatten112 = alloca i32 1"   --->   Operation 13 'alloca' 'indvar_flatten112' <Predicate = true> <Delay = 0.00>
ST_1 : Operation 14 [1/1] (0.00ns)   --->   "%i = alloca i32 1"   --->   Operation 14 'alloca' 'i' <Predicate = true> <Delay = 0.00>
ST_1 : Operation 15 [1/1] (0.00ns)   --->   "%indvar_flatten145 = alloca i32 1"   --->   Operation 15 'alloca' 'indvar_flatten145' <Predicate = true> <Delay = 0.00>
ST_1 : Operation 16 [1/1] (0.42ns)   --->   "%store_ln0 = store i10 0, i10 %indvar_flatten145"   --->   Operation 16 'store' 'store_ln0' <Predicate = true> <Delay = 0.42>
ST_1 : Operation 17 [1/1] (0.42ns)   --->   "%store_ln0 = store i3 0, i3 %i"   --->   Operation 17 'store' 'store_ln0' <Predicate = true> <Delay = 0.42>
ST_1 : Operation 18 [1/1] (0.42ns)   --->   "%store_ln0 = store i8 0, i8 %indvar_flatten112"   --->   Operation 18 'store' 'store_ln0' <Predicate = true> <Delay = 0.42>
ST_1 : Operation 19 [1/1] (0.42ns)   --->   "%store_ln0 = store i8 0, i8 %index"   --->   Operation 19 'store' 'store_ln0' <Predicate = true> <Delay = 0.42>
ST_1 : Operation 20 [1/1] (0.42ns)   --->   "%store_ln0 = store i4 0, i4 %z"   --->   Operation 20 'store' 'store_ln0' <Predicate = true> <Delay = 0.42>
ST_1 : Operation 21 [1/1] (0.42ns)   --->   "%store_ln0 = store i8 0, i8 %index_1"   --->   Operation 21 'store' 'store_ln0' <Predicate = true> <Delay = 0.42>
ST_1 : Operation 22 [1/1] (0.42ns)   --->   "%store_ln0 = store i4 0, i4 %y"   --->   Operation 22 'store' 'store_ln0' <Predicate = true> <Delay = 0.42>
ST_1 : Operation 23 [1/1] (0.00ns)   --->   "%br_ln0 = br void %if.end.i.i.i.i"   --->   Operation 23 'br' 'br_ln0' <Predicate = true> <Delay = 0.00>
ST_1 : Operation 24 [1/1] (0.00ns)   --->   "%indvar_flatten145_load = load i10 %indvar_flatten145" [pipeline/D_Pool.cpp:6]   --->   Operation 24 'load' 'indvar_flatten145_load' <Predicate = true> <Delay = 0.00>
ST_1 : Operation 25 [1/1] (0.91ns)   --->   "%icmp_ln6 = icmp_eq  i10 %indvar_flatten145_load, i10 784" [pipeline/D_Pool.cpp:6]   --->   Operation 25 'icmp' 'icmp_ln6' <Predicate = true> <Delay = 0.91> <CoreInst = "Cmp">   --->   Core 9 'Cmp' <Latency = 0> <II = 1> <Delay = 0.91> <FuncUnit> <Opcode : 'icmp'> <InPorts = 2> <OutPorts = 1>
ST_1 : Operation 26 [1/1] (0.78ns)   --->   "%add_ln6 = add i10 %indvar_flatten145_load, i10 1" [pipeline/D_Pool.cpp:6]   --->   Operation 26 'add' 'add_ln6' <Predicate = true> <Delay = 0.78> <CoreInst = "Adder">   --->   Core 1 'Adder' <Latency = 0> <II = 1> <Delay = 0.78> <FuncUnit> <Opcode : 'add' 'sub'> <InPorts = 2> <OutPorts = 1>
ST_1 : Operation 27 [1/1] (0.00ns)   --->   "%br_ln6 = br i1 %icmp_ln6, void %for.inc38.i, void %for.body8.i28.preheader.exitStub" [pipeline/D_Pool.cpp:6]   --->   Operation 27 'br' 'br_ln6' <Predicate = true> <Delay = 0.00>
ST_1 : Operation 28 [1/1] (0.00ns)   --->   "%indvar_flatten112_load = load i8 %indvar_flatten112" [pipeline/D_Pool.cpp:8]   --->   Operation 28 'load' 'indvar_flatten112_load' <Predicate = (!icmp_ln6)> <Delay = 0.00>
ST_1 : Operation 29 [1/1] (0.00ns)   --->   "%i_load = load i3 %i" [pipeline/D_Pool.cpp:6]   --->   Operation 29 'load' 'i_load' <Predicate = (!icmp_ln6)> <Delay = 0.00>
ST_1 : Operation 30 [1/1] (0.84ns)   --->   "%icmp_ln8 = icmp_eq  i8 %indvar_flatten112_load, i8 196" [pipeline/D_Pool.cpp:8]   --->   Operation 30 'icmp' 'icmp_ln8' <Predicate = (!icmp_ln6)> <Delay = 0.84> <CoreInst = "Cmp">   --->   Core 9 'Cmp' <Latency = 0> <II = 1> <Delay = 0.84> <FuncUnit> <Opcode : 'icmp'> <InPorts = 2> <OutPorts = 1>
ST_1 : Operation 31 [1/1] (0.67ns)   --->   "%add_ln6_1 = add i3 %i_load, i3 1" [pipeline/D_Pool.cpp:6]   --->   Operation 31 'add' 'add_ln6_1' <Predicate = (!icmp_ln6)> <Delay = 0.67> <CoreInst = "Adder">   --->   Core 1 'Adder' <Latency = 0> <II = 1> <Delay = 0.67> <FuncUnit> <Opcode : 'add' 'sub'> <InPorts = 2> <OutPorts = 1>
ST_1 : Operation 32 [1/1] (0.20ns)   --->   "%select_ln8_3 = select i1 %icmp_ln8, i3 %add_ln6_1, i3 %i_load" [pipeline/D_Pool.cpp:8]   --->   Operation 32 'select' 'select_ln8_3' <Predicate = (!icmp_ln6)> <Delay = 0.20> <CoreInst = "Sel">   --->   Core 73 'Sel' <Latency = 0> <II = 1> <Delay = 0.20> <FuncUnit> <Opcode : 'select'> <InPorts = 3> <OutPorts = 1>
ST_1 : Operation 33 [1/1] (0.00ns)   --->   "%zext_ln8 = zext i3 %select_ln8_3" [pipeline/D_Pool.cpp:8]   --->   Operation 33 'zext' 'zext_ln8' <Predicate = (!icmp_ln6)> <Delay = 0.00>
ST_1 : Operation 34 [3/3] (0.99ns) (grouped into DSP with root node add_ln13_3)   --->   "%mul_ln8 = mul i12 %zext_ln8, i12 784" [pipeline/D_Pool.cpp:8]   --->   Operation 34 'mul' 'mul_ln8' <Predicate = (!icmp_ln6)> <Delay = 0.99> <CoreInst = "DSP48">   --->   Core 127 'DSP48' <Latency = 3> <II = 1> <Delay = 0.53> <IPBlock> <Opcode : 'mul' 'add' 'sub' 'select'> <InPorts = 0> <OutPorts = 1> <Sync> <CReg>
ST_1 : Operation 35 [1/1] (0.76ns)   --->   "%add_ln8_2 = add i8 %indvar_flatten112_load, i8 1" [pipeline/D_Pool.cpp:8]   --->   Operation 35 'add' 'add_ln8_2' <Predicate = (!icmp_ln6)> <Delay = 0.76> <CoreInst = "Adder">   --->   Core 1 'Adder' <Latency = 0> <II = 1> <Delay = 0.76> <FuncUnit> <Opcode : 'add' 'sub'> <InPorts = 2> <OutPorts = 1>
ST_1 : Operation 36 [1/1] (0.39ns)   --->   "%select_ln8_10 = select i1 %icmp_ln8, i8 1, i8 %add_ln8_2" [pipeline/D_Pool.cpp:8]   --->   Operation 36 'select' 'select_ln8_10' <Predicate = (!icmp_ln6)> <Delay = 0.39> <CoreInst = "Sel">   --->   Core 73 'Sel' <Latency = 0> <II = 1> <Delay = 0.39> <FuncUnit> <Opcode : 'select'> <InPorts = 3> <OutPorts = 1>
ST_1 : Operation 37 [1/1] (0.42ns)   --->   "%store_ln9 = store i10 %add_ln6, i10 %indvar_flatten145" [pipeline/D_Pool.cpp:9]   --->   Operation 37 'store' 'store_ln9' <Predicate = (!icmp_ln6)> <Delay = 0.42>
ST_1 : Operation 38 [1/1] (0.42ns)   --->   "%store_ln9 = store i3 %select_ln8_3, i3 %i" [pipeline/D_Pool.cpp:9]   --->   Operation 38 'store' 'store_ln9' <Predicate = (!icmp_ln6)> <Delay = 0.42>
ST_1 : Operation 39 [1/1] (0.42ns)   --->   "%store_ln9 = store i8 %select_ln8_10, i8 %indvar_flatten112" [pipeline/D_Pool.cpp:9]   --->   Operation 39 'store' 'store_ln9' <Predicate = (!icmp_ln6)> <Delay = 0.42>

State 2 <SV = 1> <Delay = 0.99>
ST_2 : Operation 40 [2/3] (0.99ns) (grouped into DSP with root node add_ln13_3)   --->   "%mul_ln8 = mul i12 %zext_ln8, i12 784" [pipeline/D_Pool.cpp:8]   --->   Operation 40 'mul' 'mul_ln8' <Predicate = (!icmp_ln6)> <Delay = 0.99> <CoreInst = "DSP48">   --->   Core 127 'DSP48' <Latency = 3> <II = 1> <Delay = 0.53> <IPBlock> <Opcode : 'mul' 'add' 'sub' 'select'> <InPorts = 0> <OutPorts = 1> <Sync> <CReg>

State 3 <SV = 2> <Delay = 2.62>
ST_3 : Operation 41 [1/1] (0.00ns)   --->   "%y_load = load i4 %y" [pipeline/D_Pool.cpp:9]   --->   Operation 41 'load' 'y_load' <Predicate = (!icmp_ln6)> <Delay = 0.00>
ST_3 : Operation 42 [1/3] (0.00ns) (grouped into DSP with root node add_ln13_3)   --->   "%mul_ln8 = mul i12 %zext_ln8, i12 784" [pipeline/D_Pool.cpp:8]   --->   Operation 42 'mul' 'mul_ln8' <Predicate = (!icmp_ln6)> <Delay = 0.00> <CoreInst = "DSP48">   --->   Core 127 'DSP48' <Latency = 3> <II = 1> <Delay = 0.53> <IPBlock> <Opcode : 'mul' 'add' 'sub' 'select'> <InPorts = 0> <OutPorts = 1> <Sync> <CReg>
ST_3 : Operation 43 [1/1] (0.00ns)   --->   "%zext_ln8_1 = zext i3 %select_ln8_3" [pipeline/D_Pool.cpp:8]   --->   Operation 43 'zext' 'zext_ln8_1' <Predicate = (!icmp_ln6)> <Delay = 0.00>
ST_3 : Operation 44 [3/3] (0.99ns) (grouped into DSP with root node add_ln18)   --->   "%mul_ln8_1 = mul i10 %zext_ln8_1, i10 196" [pipeline/D_Pool.cpp:8]   --->   Operation 44 'mul' 'mul_ln8_1' <Predicate = (!icmp_ln6)> <Delay = 0.99> <CoreInst = "DSP48">   --->   Core 127 'DSP48' <Latency = 3> <II = 1> <Delay = 0.53> <IPBlock> <Opcode : 'mul' 'add' 'sub' 'select'> <InPorts = 0> <OutPorts = 1> <Sync> <CReg>
ST_3 : Operation 45 [1/1] (0.00ns) (grouped into LUT with out node and_ln8)   --->   "%xor_ln8 = xor i1 %icmp_ln8, i1 1" [pipeline/D_Pool.cpp:8]   --->   Operation 45 'xor' 'xor_ln8' <Predicate = (!icmp_ln6)> <Delay = 0.00> <CoreInst = "LogicGate">   --->   Core 74 'LogicGate' <Latency = 0> <II = 1> <Delay = 0.28> <FuncUnit> <Opcode : 'and' 'or' 'xor'> <InPorts = 2> <OutPorts = 1>
ST_3 : Operation 46 [1/1] (0.72ns)   --->   "%icmp_ln9 = icmp_eq  i4 %y_load, i4 14" [pipeline/D_Pool.cpp:9]   --->   Operation 46 'icmp' 'icmp_ln9' <Predicate = (!icmp_ln6)> <Delay = 0.72> <CoreInst = "Cmp">   --->   Core 9 'Cmp' <Latency = 0> <II = 1> <Delay = 0.72> <FuncUnit> <Opcode : 'icmp'> <InPorts = 2> <OutPorts = 1>
ST_3 : Operation 47 [1/1] (0.28ns) (out node of the LUT)   --->   "%and_ln8 = and i1 %icmp_ln9, i1 %xor_ln8" [pipeline/D_Pool.cpp:8]   --->   Operation 47 'and' 'and_ln8' <Predicate = (!icmp_ln6)> <Delay = 0.28> <CoreInst = "LogicGate">   --->   Core 74 'LogicGate' <Latency = 0> <II = 1> <Delay = 0.28> <FuncUnit> <Opcode : 'and' 'or' 'xor'> <InPorts = 2> <OutPorts = 1>
ST_3 : Operation 48 [1/1] (0.00ns) (grouped into LUT with out node select_ln8_6)   --->   "%or_ln8 = or i1 %and_ln8, i1 %icmp_ln8" [pipeline/D_Pool.cpp:8]   --->   Operation 48 'or' 'or_ln8' <Predicate = (!icmp_ln6)> <Delay = 0.00> <CoreInst = "LogicGate">   --->   Core 74 'LogicGate' <Latency = 0> <II = 1> <Delay = 0.28> <FuncUnit> <Opcode : 'and' 'or' 'xor'> <InPorts = 2> <OutPorts = 1>
ST_3 : Operation 49 [1/1] (0.39ns) (out node of the LUT)   --->   "%select_ln8_6 = select i1 %or_ln8, i4 0, i4 %y_load" [pipeline/D_Pool.cpp:8]   --->   Operation 49 'select' 'select_ln8_6' <Predicate = (!icmp_ln6)> <Delay = 0.39> <CoreInst = "Sel">   --->   Core 73 'Sel' <Latency = 0> <II = 1> <Delay = 0.39> <FuncUnit> <Opcode : 'select'> <InPorts = 3> <OutPorts = 1>
ST_3 : Operation 50 [1/1] (0.00ns)   --->   "%tmp_s = bitconcatenate i5 @_ssdm_op_BitConcatenate.i5.i4.i1, i4 %select_ln8_6, i1 0" [pipeline/D_Pool.cpp:8]   --->   Operation 50 'bitconcatenate' 'tmp_s' <Predicate = (!icmp_ln6)> <Delay = 0.00>
ST_3 : Operation 51 [1/1] (0.00ns)   --->   "%zext_ln13 = zext i5 %tmp_s" [pipeline/D_Pool.cpp:13]   --->   Operation 51 'zext' 'zext_ln13' <Predicate = (!icmp_ln6)> <Delay = 0.00>
ST_3 : Operation 52 [2/2] (0.64ns) (root node of the DSP)   --->   "%add_ln13_3 = add i12 %mul_ln8, i12 %zext_ln13" [pipeline/D_Pool.cpp:13]   --->   Operation 52 'add' 'add_ln13_3' <Predicate = (!icmp_ln6)> <Delay = 0.64> <CoreInst = "DSP48">   --->   Core 127 'DSP48' <Latency = 3> <II = 1> <Delay = 0.53> <IPBlock> <Opcode : 'mul' 'add' 'sub' 'select'> <InPorts = 0> <OutPorts = 1> <Sync> <CReg>
ST_3 : Operation 53 [1/1] (0.79ns)   --->   "%add_ln9_1 = add i4 %select_ln8_6, i4 1" [pipeline/D_Pool.cpp:9]   --->   Operation 53 'add' 'add_ln9_1' <Predicate = (!icmp_ln6)> <Delay = 0.79> <CoreInst = "Adder">   --->   Core 1 'Adder' <Latency = 0> <II = 1> <Delay = 0.79> <FuncUnit> <Opcode : 'add' 'sub'> <InPorts = 2> <OutPorts = 1>
ST_3 : Operation 54 [1/1] (0.42ns)   --->   "%store_ln9 = store i4 %add_ln9_1, i4 %y" [pipeline/D_Pool.cpp:9]   --->   Operation 54 'store' 'store_ln9' <Predicate = (!icmp_ln6)> <Delay = 0.42>

State 4 <SV = 3> <Delay = 4.83>
ST_4 : Operation 55 [1/1] (0.00ns)   --->   "%z_1 = load i4 %z"   --->   Operation 55 'load' 'z_1' <Predicate = true> <Delay = 0.00>
ST_4 : Operation 56 [1/1] (0.00ns)   --->   "%p_shl1 = bitconcatenate i10 @_ssdm_op_BitConcatenate.i10.i4.i6, i4 %z_1, i6 0"   --->   Operation 56 'bitconcatenate' 'p_shl1' <Predicate = (!icmp_ln8 & !and_ln8)> <Delay = 0.00>
ST_4 : Operation 57 [1/1] (0.00ns)   --->   "%p_shl11_cast = zext i10 %p_shl1"   --->   Operation 57 'zext' 'p_shl11_cast' <Predicate = (!icmp_ln8 & !and_ln8)> <Delay = 0.00>
ST_4 : Operation 58 [1/1] (0.00ns)   --->   "%p_shl9 = bitconcatenate i7 @_ssdm_op_BitConcatenate.i7.i4.i3, i4 %z_1, i3 0"   --->   Operation 58 'bitconcatenate' 'p_shl9' <Predicate = (!icmp_ln8 & !and_ln8)> <Delay = 0.00>
ST_4 : Operation 59 [1/1] (0.00ns)   --->   "%p_shl12_cast = zext i7 %p_shl9"   --->   Operation 59 'zext' 'p_shl12_cast' <Predicate = (!icmp_ln8 & !and_ln8)> <Delay = 0.00>
ST_4 : Operation 60 [1/1] (0.78ns)   --->   "%empty = sub i11 %p_shl11_cast, i11 %p_shl12_cast"   --->   Operation 60 'sub' 'empty' <Predicate = (!icmp_ln8 & !and_ln8)> <Delay = 0.78> <CoreInst = "Adder">   --->   Core 1 'Adder' <Latency = 0> <II = 1> <Delay = 0.78> <FuncUnit> <Opcode : 'add' 'sub'> <InPorts = 2> <OutPorts = 1>
ST_4 : Operation 61 [1/1] (0.00ns)   --->   "%specpipeline_ln0 = specpipeline void @_ssdm_op_SpecPipeline, i32 4294967295, i32 0, i32 1, i32 0, void @p_str"   --->   Operation 61 'specpipeline' 'specpipeline_ln0' <Predicate = true> <Delay = 0.00>
ST_4 : Operation 62 [1/1] (0.39ns)   --->   "%select_ln8_1 = select i1 %icmp_ln8, i4 0, i4 %z_1" [pipeline/D_Pool.cpp:8]   --->   Operation 62 'select' 'select_ln8_1' <Predicate = (!icmp_ln6)> <Delay = 0.39> <CoreInst = "Sel">   --->   Core 73 'Sel' <Latency = 0> <II = 1> <Delay = 0.39> <FuncUnit> <Opcode : 'select'> <InPorts = 3> <OutPorts = 1>
ST_4 : Operation 63 [2/3] (0.99ns) (grouped into DSP with root node add_ln18)   --->   "%mul_ln8_1 = mul i10 %zext_ln8_1, i10 196" [pipeline/D_Pool.cpp:8]   --->   Operation 63 'mul' 'mul_ln8_1' <Predicate = (!icmp_ln6)> <Delay = 0.99> <CoreInst = "DSP48">   --->   Core 127 'DSP48' <Latency = 3> <II = 1> <Delay = 0.53> <IPBlock> <Opcode : 'mul' 'add' 'sub' 'select'> <InPorts = 0> <OutPorts = 1> <Sync> <CReg>
ST_4 : Operation 64 [1/1] (0.00ns) (grouped into LUT with out node add_ln13)   --->   "%select_ln8_4 = select i1 %icmp_ln8, i11 0, i11 %empty" [pipeline/D_Pool.cpp:8]   --->   Operation 64 'select' 'select_ln8_4' <Predicate = (!icmp_ln6 & !and_ln8)> <Delay = 0.00> <CoreInst = "Sel">   --->   Core 73 'Sel' <Latency = 0> <II = 1> <Delay = 0.38> <FuncUnit> <Opcode : 'select'> <InPorts = 3> <OutPorts = 1>
ST_4 : Operation 65 [1/1] (0.79ns)   --->   "%add_ln8 = add i4 %select_ln8_1, i4 1" [pipeline/D_Pool.cpp:8]   --->   Operation 65 'add' 'add_ln8' <Predicate = (!icmp_ln6)> <Delay = 0.79> <CoreInst = "Adder">   --->   Core 1 'Adder' <Latency = 0> <II = 1> <Delay = 0.79> <FuncUnit> <Opcode : 'add' 'sub'> <InPorts = 2> <OutPorts = 1>
ST_4 : Operation 66 [1/1] (0.00ns)   --->   "%p_shl11_mid1 = bitconcatenate i10 @_ssdm_op_BitConcatenate.i10.i4.i6, i4 %add_ln8, i6 0" [pipeline/D_Pool.cpp:8]   --->   Operation 66 'bitconcatenate' 'p_shl11_mid1' <Predicate = (!icmp_ln6 & and_ln8)> <Delay = 0.00>
ST_4 : Operation 67 [1/1] (0.00ns)   --->   "%p_shl11_cast_mid1 = zext i10 %p_shl11_mid1" [pipeline/D_Pool.cpp:8]   --->   Operation 67 'zext' 'p_shl11_cast_mid1' <Predicate = (!icmp_ln6 & and_ln8)> <Delay = 0.00>
ST_4 : Operation 68 [1/1] (0.00ns)   --->   "%p_shl12_mid1 = bitconcatenate i7 @_ssdm_op_BitConcatenate.i7.i4.i3, i4 %add_ln8, i3 0" [pipeline/D_Pool.cpp:8]   --->   Operation 68 'bitconcatenate' 'p_shl12_mid1' <Predicate = (!icmp_ln6 & and_ln8)> <Delay = 0.00>
ST_4 : Operation 69 [1/1] (0.00ns)   --->   "%p_shl12_cast_mid1 = zext i7 %p_shl12_mid1" [pipeline/D_Pool.cpp:8]   --->   Operation 69 'zext' 'p_shl12_cast_mid1' <Predicate = (!icmp_ln6 & and_ln8)> <Delay = 0.00>
ST_4 : Operation 70 [1/1] (0.78ns)   --->   "%p_mid1110 = sub i11 %p_shl11_cast_mid1, i11 %p_shl12_cast_mid1" [pipeline/D_Pool.cpp:8]   --->   Operation 70 'sub' 'p_mid1110' <Predicate = (!icmp_ln6 & and_ln8)> <Delay = 0.78> <CoreInst = "Adder">   --->   Core 1 'Adder' <Latency = 0> <II = 1> <Delay = 0.78> <FuncUnit> <Opcode : 'add' 'sub'> <InPorts = 2> <OutPorts = 1>
ST_4 : Operation 71 [1/1] (0.00ns) (grouped into LUT with out node add_ln13)   --->   "%select_ln8_7 = select i1 %and_ln8, i11 %p_mid1110, i11 %select_ln8_4" [pipeline/D_Pool.cpp:8]   --->   Operation 71 'select' 'select_ln8_7' <Predicate = (!icmp_ln6)> <Delay = 0.00> <CoreInst = "Sel">   --->   Core 73 'Sel' <Latency = 0> <II = 1> <Delay = 0.38> <FuncUnit> <Opcode : 'select'> <InPorts = 3> <OutPorts = 1>
ST_4 : Operation 72 [1/1] (0.00ns) (grouped into LUT with out node add_ln13)   --->   "%select_ln8_8_cast = sext i11 %select_ln8_7" [pipeline/D_Pool.cpp:8]   --->   Operation 72 'sext' 'select_ln8_8_cast' <Predicate = (!icmp_ln6)> <Delay = 0.00>
ST_4 : Operation 73 [1/1] (0.39ns)   --->   "%select_ln8_9 = select i1 %and_ln8, i4 %add_ln8, i4 %select_ln8_1" [pipeline/D_Pool.cpp:8]   --->   Operation 73 'select' 'select_ln8_9' <Predicate = (!icmp_ln6)> <Delay = 0.39> <CoreInst = "Sel">   --->   Core 73 'Sel' <Latency = 0> <II = 1> <Delay = 0.39> <FuncUnit> <Opcode : 'select'> <InPorts = 3> <OutPorts = 1>
ST_4 : Operation 74 [1/2] (0.64ns) (root node of the DSP)   --->   "%add_ln13_3 = add i12 %mul_ln8, i12 %zext_ln13" [pipeline/D_Pool.cpp:13]   --->   Operation 74 'add' 'add_ln13_3' <Predicate = (!icmp_ln6)> <Delay = 0.64> <CoreInst = "DSP48">   --->   Core 127 'DSP48' <Latency = 3> <II = 1> <Delay = 0.53> <IPBlock> <Opcode : 'mul' 'add' 'sub' 'select'> <InPorts = 0> <OutPorts = 1> <Sync> <CReg>
ST_4 : Operation 75 [1/1] (0.80ns) (out node of the LUT)   --->   "%add_ln13 = add i12 %add_ln13_3, i12 %select_ln8_8_cast" [pipeline/D_Pool.cpp:13]   --->   Operation 75 'add' 'add_ln13' <Predicate = (!icmp_ln6)> <Delay = 0.80> <CoreInst = "Adder">   --->   Core 1 'Adder' <Latency = 0> <II = 1> <Delay = 0.80> <FuncUnit> <Opcode : 'add' 'sub'> <InPorts = 2> <OutPorts = 1>
ST_4 : Operation 76 [1/1] (0.00ns)   --->   "%zext_ln14 = zext i12 %add_ln13" [pipeline/D_Pool.cpp:14]   --->   Operation 76 'zext' 'zext_ln14' <Predicate = (!icmp_ln6)> <Delay = 0.00>
ST_4 : Operation 77 [1/1] (0.00ns)   --->   "%conv1_V_addr = getelementptr i16 %conv1_V, i64 0, i64 %zext_ln14" [pipeline/D_Pool.cpp:14]   --->   Operation 77 'getelementptr' 'conv1_V_addr' <Predicate = (!icmp_ln6)> <Delay = 0.00>
ST_4 : Operation 78 [2/2] (1.23ns)   --->   "%conv1_V_load = load i12 %conv1_V_addr" [pipeline/D_Pool.cpp:14]   --->   Operation 78 'load' 'conv1_V_load' <Predicate = (!icmp_ln6)> <Delay = 1.23> <CoreInst = "RAM_1WnR">   --->   Core 84 'RAM_1WnR' <Latency = 1> <II = 1> <Delay = 1.23> <Storage> <Opcode : 'load' 'store'> <Ports = 17> <Width = 16> <Depth = 3136> <RAM>
ST_4 : Operation 79 [1/1] (0.00ns)   --->   "%or_ln13 = or i12 %add_ln13, i12 1" [pipeline/D_Pool.cpp:13]   --->   Operation 79 'or' 'or_ln13' <Predicate = (!icmp_ln6)> <Delay = 0.00>
ST_4 : Operation 80 [1/1] (0.00ns)   --->   "%zext_ln14_1 = zext i12 %or_ln13" [pipeline/D_Pool.cpp:14]   --->   Operation 80 'zext' 'zext_ln14_1' <Predicate = (!icmp_ln6)> <Delay = 0.00>
ST_4 : Operation 81 [1/1] (0.00ns)   --->   "%conv1_V_addr_1 = getelementptr i16 %conv1_V, i64 0, i64 %zext_ln14_1" [pipeline/D_Pool.cpp:14]   --->   Operation 81 'getelementptr' 'conv1_V_addr_1' <Predicate = (!icmp_ln6)> <Delay = 0.00>
ST_4 : Operation 82 [2/2] (1.23ns)   --->   "%conv1_V_load_1 = load i12 %conv1_V_addr_1" [pipeline/D_Pool.cpp:14]   --->   Operation 82 'load' 'conv1_V_load_1' <Predicate = (!icmp_ln6)> <Delay = 1.23> <CoreInst = "RAM_1WnR">   --->   Core 84 'RAM_1WnR' <Latency = 1> <II = 1> <Delay = 1.23> <Storage> <Opcode : 'load' 'store'> <Ports = 17> <Width = 16> <Depth = 3136> <RAM>
ST_4 : Operation 83 [1/1] (0.80ns)   --->   "%add_ln13_1 = add i12 %add_ln13, i12 28" [pipeline/D_Pool.cpp:13]   --->   Operation 83 'add' 'add_ln13_1' <Predicate = (!icmp_ln6)> <Delay = 0.80> <CoreInst = "Adder">   --->   Core 1 'Adder' <Latency = 0> <II = 1> <Delay = 0.80> <FuncUnit> <Opcode : 'add' 'sub'> <InPorts = 2> <OutPorts = 1>
ST_4 : Operation 84 [1/1] (0.00ns)   --->   "%zext_ln14_2 = zext i12 %add_ln13_1" [pipeline/D_Pool.cpp:14]   --->   Operation 84 'zext' 'zext_ln14_2' <Predicate = (!icmp_ln6)> <Delay = 0.00>
ST_4 : Operation 85 [1/1] (0.00ns)   --->   "%conv1_V_addr_2 = getelementptr i16 %conv1_V, i64 0, i64 %zext_ln14_2" [pipeline/D_Pool.cpp:14]   --->   Operation 85 'getelementptr' 'conv1_V_addr_2' <Predicate = (!icmp_ln6)> <Delay = 0.00>
ST_4 : Operation 86 [2/2] (1.23ns)   --->   "%conv1_V_load_2 = load i12 %conv1_V_addr_2" [pipeline/D_Pool.cpp:14]   --->   Operation 86 'load' 'conv1_V_load_2' <Predicate = (!icmp_ln6)> <Delay = 1.23> <CoreInst = "RAM_1WnR">   --->   Core 84 'RAM_1WnR' <Latency = 1> <II = 1> <Delay = 1.23> <Storage> <Opcode : 'load' 'store'> <Ports = 17> <Width = 16> <Depth = 3136> <RAM>
ST_4 : Operation 87 [1/1] (0.80ns)   --->   "%add_ln13_2 = add i12 %add_ln13, i12 29" [pipeline/D_Pool.cpp:13]   --->   Operation 87 'add' 'add_ln13_2' <Predicate = (!icmp_ln6)> <Delay = 0.80> <CoreInst = "Adder">   --->   Core 1 'Adder' <Latency = 0> <II = 1> <Delay = 0.80> <FuncUnit> <Opcode : 'add' 'sub'> <InPorts = 2> <OutPorts = 1>
ST_4 : Operation 88 [1/1] (0.00ns)   --->   "%zext_ln14_3 = zext i12 %add_ln13_2" [pipeline/D_Pool.cpp:14]   --->   Operation 88 'zext' 'zext_ln14_3' <Predicate = (!icmp_ln6)> <Delay = 0.00>
ST_4 : Operation 89 [1/1] (0.00ns)   --->   "%conv1_V_addr_3 = getelementptr i16 %conv1_V, i64 0, i64 %zext_ln14_3" [pipeline/D_Pool.cpp:14]   --->   Operation 89 'getelementptr' 'conv1_V_addr_3' <Predicate = (!icmp_ln6)> <Delay = 0.00>
ST_4 : Operation 90 [2/2] (1.23ns)   --->   "%conv1_V_load_3 = load i12 %conv1_V_addr_3" [pipeline/D_Pool.cpp:14]   --->   Operation 90 'load' 'conv1_V_load_3' <Predicate = (!icmp_ln6)> <Delay = 1.23> <CoreInst = "RAM_1WnR">   --->   Core 84 'RAM_1WnR' <Latency = 1> <II = 1> <Delay = 1.23> <Storage> <Opcode : 'load' 'store'> <Ports = 17> <Width = 16> <Depth = 3136> <RAM>
ST_4 : Operation 91 [1/1] (0.42ns)   --->   "%store_ln9 = store i4 %select_ln8_9, i4 %z" [pipeline/D_Pool.cpp:9]   --->   Operation 91 'store' 'store_ln9' <Predicate = (!icmp_ln6)> <Delay = 0.42>

State 5 <SV = 4> <Delay = 7.07>
ST_5 : Operation 92 [1/1] (0.00ns)   --->   "%index_1_load = load i8 %index_1" [pipeline/D_Pool.cpp:8]   --->   Operation 92 'load' 'index_1_load' <Predicate = (!icmp_ln8 & !and_ln8)> <Delay = 0.00>
ST_5 : Operation 93 [1/1] (0.00ns)   --->   "%index_load = load i8 %index" [pipeline/D_Pool.cpp:8]   --->   Operation 93 'load' 'index_load' <Predicate = (!icmp_ln8)> <Delay = 0.00>
ST_5 : Operation 94 [1/1] (0.39ns)   --->   "%select_ln8 = select i1 %icmp_ln8, i8 0, i8 %index_load" [pipeline/D_Pool.cpp:8]   --->   Operation 94 'select' 'select_ln8' <Predicate = true> <Delay = 0.39> <CoreInst = "Sel">   --->   Core 73 'Sel' <Latency = 0> <II = 1> <Delay = 0.39> <FuncUnit> <Opcode : 'select'> <InPorts = 3> <OutPorts = 1>
ST_5 : Operation 95 [1/1] (0.00ns) (grouped into LUT with out node select_ln8_5)   --->   "%select_ln8_2 = select i1 %icmp_ln8, i8 0, i8 %index_1_load" [pipeline/D_Pool.cpp:8]   --->   Operation 95 'select' 'select_ln8_2' <Predicate = (!and_ln8)> <Delay = 0.00> <CoreInst = "Sel">   --->   Core 73 'Sel' <Latency = 0> <II = 1> <Delay = 0.39> <FuncUnit> <Opcode : 'select'> <InPorts = 3> <OutPorts = 1>
ST_5 : Operation 96 [1/3] (0.00ns) (grouped into DSP with root node add_ln18)   --->   "%mul_ln8_1 = mul i10 %zext_ln8_1, i10 196" [pipeline/D_Pool.cpp:8]   --->   Operation 96 'mul' 'mul_ln8_1' <Predicate = true> <Delay = 0.00> <CoreInst = "DSP48">   --->   Core 127 'DSP48' <Latency = 3> <II = 1> <Delay = 0.53> <IPBlock> <Opcode : 'mul' 'add' 'sub' 'select'> <InPorts = 0> <OutPorts = 1> <Sync> <CReg>
ST_5 : Operation 97 [1/1] (0.76ns)   --->   "%add_ln8_1 = add i8 %select_ln8, i8 14" [pipeline/D_Pool.cpp:8]   --->   Operation 97 'add' 'add_ln8_1' <Predicate = true> <Delay = 0.76> <CoreInst = "Adder">   --->   Core 1 'Adder' <Latency = 0> <II = 1> <Delay = 0.76> <FuncUnit> <Opcode : 'add' 'sub'> <InPorts = 2> <OutPorts = 1>
ST_5 : Operation 98 [1/1] (0.39ns) (out node of the LUT)   --->   "%select_ln8_5 = select i1 %and_ln8, i8 %add_ln8_1, i8 %select_ln8_2" [pipeline/D_Pool.cpp:8]   --->   Operation 98 'select' 'select_ln8_5' <Predicate = true> <Delay = 0.39> <CoreInst = "Sel">   --->   Core 73 'Sel' <Latency = 0> <II = 1> <Delay = 0.39> <FuncUnit> <Opcode : 'select'> <InPorts = 3> <OutPorts = 1>
ST_5 : Operation 99 [1/1] (0.39ns)   --->   "%select_ln8_8 = select i1 %and_ln8, i8 %add_ln8_1, i8 %select_ln8" [pipeline/D_Pool.cpp:8]   --->   Operation 99 'select' 'select_ln8_8' <Predicate = true> <Delay = 0.39> <CoreInst = "Sel">   --->   Core 73 'Sel' <Latency = 0> <II = 1> <Delay = 0.39> <FuncUnit> <Opcode : 'select'> <InPorts = 3> <OutPorts = 1>
ST_5 : Operation 100 [1/1] (0.00ns)   --->   "%index_1_cast = zext i8 %select_ln8_5" [pipeline/D_Pool.cpp:8]   --->   Operation 100 'zext' 'index_1_cast' <Predicate = true> <Delay = 0.00>
ST_5 : Operation 101 [1/2] (1.23ns)   --->   "%conv1_V_load = load i12 %conv1_V_addr" [pipeline/D_Pool.cpp:14]   --->   Operation 101 'load' 'conv1_V_load' <Predicate = true> <Delay = 1.23> <CoreInst = "RAM_1WnR">   --->   Core 84 'RAM_1WnR' <Latency = 1> <II = 1> <Delay = 1.23> <Storage> <Opcode : 'load' 'store'> <Ports = 17> <Width = 16> <Depth = 3136> <RAM>
ST_5 : Operation 102 [1/1] (1.10ns)   --->   "%icmp_ln1651 = icmp_slt  i16 %conv1_V_load, i16 62976"   --->   Operation 102 'icmp' 'icmp_ln1651' <Predicate = true> <Delay = 1.10> <CoreInst = "Cmp">   --->   Core 9 'Cmp' <Latency = 0> <II = 1> <Delay = 1.10> <FuncUnit> <Opcode : 'icmp'> <InPorts = 2> <OutPorts = 1>
ST_5 : Operation 103 [1/1] (0.35ns)   --->   "%select_ln15 = select i1 %icmp_ln1651, i16 62976, i16 %conv1_V_load" [pipeline/D_Pool.cpp:15]   --->   Operation 103 'select' 'select_ln15' <Predicate = true> <Delay = 0.35> <CoreInst = "Sel">   --->   Core 73 'Sel' <Latency = 0> <II = 1> <Delay = 0.35> <FuncUnit> <Opcode : 'select'> <InPorts = 3> <OutPorts = 1>
ST_5 : Operation 104 [1/2] (1.23ns)   --->   "%conv1_V_load_1 = load i12 %conv1_V_addr_1" [pipeline/D_Pool.cpp:14]   --->   Operation 104 'load' 'conv1_V_load_1' <Predicate = true> <Delay = 1.23> <CoreInst = "RAM_1WnR">   --->   Core 84 'RAM_1WnR' <Latency = 1> <II = 1> <Delay = 1.23> <Storage> <Opcode : 'load' 'store'> <Ports = 17> <Width = 16> <Depth = 3136> <RAM>
ST_5 : Operation 105 [1/1] (1.10ns)   --->   "%icmp_ln1651_1 = icmp_slt  i16 %conv1_V_load_1, i16 %select_ln15"   --->   Operation 105 'icmp' 'icmp_ln1651_1' <Predicate = true> <Delay = 1.10> <CoreInst = "Cmp">   --->   Core 9 'Cmp' <Latency = 0> <II = 1> <Delay = 1.10> <FuncUnit> <Opcode : 'icmp'> <InPorts = 2> <OutPorts = 1>
ST_5 : Operation 106 [1/1] (0.00ns) (grouped into LUT with out node select_ln15_1)   --->   "%xor_ln1651 = xor i1 %icmp_ln1651_1, i1 1"   --->   Operation 106 'xor' 'xor_ln1651' <Predicate = true> <Delay = 0.00> <CoreInst = "LogicGate">   --->   Core 74 'LogicGate' <Latency = 0> <II = 1> <Delay = 0.28> <FuncUnit> <Opcode : 'and' 'or' 'xor'> <InPorts = 2> <OutPorts = 1>
ST_5 : Operation 107 [1/1] (0.35ns) (out node of the LUT)   --->   "%select_ln15_1 = select i1 %xor_ln1651, i16 %conv1_V_load_1, i16 %select_ln15" [pipeline/D_Pool.cpp:15]   --->   Operation 107 'select' 'select_ln15_1' <Predicate = true> <Delay = 0.35> <CoreInst = "Sel">   --->   Core 73 'Sel' <Latency = 0> <II = 1> <Delay = 0.35> <FuncUnit> <Opcode : 'select'> <InPorts = 3> <OutPorts = 1>
ST_5 : Operation 108 [1/2] (1.23ns)   --->   "%conv1_V_load_2 = load i12 %conv1_V_addr_2" [pipeline/D_Pool.cpp:14]   --->   Operation 108 'load' 'conv1_V_load_2' <Predicate = true> <Delay = 1.23> <CoreInst = "RAM_1WnR">   --->   Core 84 'RAM_1WnR' <Latency = 1> <II = 1> <Delay = 1.23> <Storage> <Opcode : 'load' 'store'> <Ports = 17> <Width = 16> <Depth = 3136> <RAM>
ST_5 : Operation 109 [1/1] (1.10ns)   --->   "%icmp_ln1651_2 = icmp_slt  i16 %conv1_V_load_2, i16 %select_ln15_1"   --->   Operation 109 'icmp' 'icmp_ln1651_2' <Predicate = true> <Delay = 1.10> <CoreInst = "Cmp">   --->   Core 9 'Cmp' <Latency = 0> <II = 1> <Delay = 1.10> <FuncUnit> <Opcode : 'icmp'> <InPorts = 2> <OutPorts = 1>
ST_5 : Operation 110 [1/1] (0.00ns) (grouped into LUT with out node select_ln15_2)   --->   "%xor_ln1651_1 = xor i1 %icmp_ln1651_2, i1 1"   --->   Operation 110 'xor' 'xor_ln1651_1' <Predicate = true> <Delay = 0.00> <CoreInst = "LogicGate">   --->   Core 74 'LogicGate' <Latency = 0> <II = 1> <Delay = 0.28> <FuncUnit> <Opcode : 'and' 'or' 'xor'> <InPorts = 2> <OutPorts = 1>
ST_5 : Operation 111 [1/1] (0.35ns) (out node of the LUT)   --->   "%select_ln15_2 = select i1 %xor_ln1651_1, i16 %conv1_V_load_2, i16 %select_ln15_1" [pipeline/D_Pool.cpp:15]   --->   Operation 111 'select' 'select_ln15_2' <Predicate = true> <Delay = 0.35> <CoreInst = "Sel">   --->   Core 73 'Sel' <Latency = 0> <II = 1> <Delay = 0.35> <FuncUnit> <Opcode : 'select'> <InPorts = 3> <OutPorts = 1>
ST_5 : Operation 112 [1/2] (1.23ns)   --->   "%conv1_V_load_3 = load i12 %conv1_V_addr_3" [pipeline/D_Pool.cpp:14]   --->   Operation 112 'load' 'conv1_V_load_3' <Predicate = true> <Delay = 1.23> <CoreInst = "RAM_1WnR">   --->   Core 84 'RAM_1WnR' <Latency = 1> <II = 1> <Delay = 1.23> <Storage> <Opcode : 'load' 'store'> <Ports = 17> <Width = 16> <Depth = 3136> <RAM>
ST_5 : Operation 113 [1/1] (1.10ns)   --->   "%icmp_ln1651_3 = icmp_slt  i16 %conv1_V_load_3, i16 %select_ln15_2"   --->   Operation 113 'icmp' 'icmp_ln1651_3' <Predicate = true> <Delay = 1.10> <CoreInst = "Cmp">   --->   Core 9 'Cmp' <Latency = 0> <II = 1> <Delay = 1.10> <FuncUnit> <Opcode : 'icmp'> <InPorts = 2> <OutPorts = 1>
ST_5 : Operation 114 [1/1] (0.00ns) (grouped into LUT with out node select_ln15_3)   --->   "%xor_ln1651_2 = xor i1 %icmp_ln1651_3, i1 1"   --->   Operation 114 'xor' 'xor_ln1651_2' <Predicate = true> <Delay = 0.00> <CoreInst = "LogicGate">   --->   Core 74 'LogicGate' <Latency = 0> <II = 1> <Delay = 0.28> <FuncUnit> <Opcode : 'and' 'or' 'xor'> <InPorts = 2> <OutPorts = 1>
ST_5 : Operation 115 [1/1] (0.35ns) (out node of the LUT)   --->   "%select_ln15_3 = select i1 %xor_ln1651_2, i16 %conv1_V_load_3, i16 %select_ln15_2" [pipeline/D_Pool.cpp:15]   --->   Operation 115 'select' 'select_ln15_3' <Predicate = true> <Delay = 0.35> <CoreInst = "Sel">   --->   Core 73 'Sel' <Latency = 0> <II = 1> <Delay = 0.35> <FuncUnit> <Opcode : 'select'> <InPorts = 3> <OutPorts = 1>
ST_5 : Operation 116 [2/2] (0.64ns) (root node of the DSP)   --->   "%add_ln18 = add i10 %index_1_cast, i10 %mul_ln8_1" [pipeline/D_Pool.cpp:18]   --->   Operation 116 'add' 'add_ln18' <Predicate = true> <Delay = 0.64> <CoreInst = "DSP48">   --->   Core 127 'DSP48' <Latency = 3> <II = 1> <Delay = 0.53> <IPBlock> <Opcode : 'mul' 'add' 'sub' 'select'> <InPorts = 0> <OutPorts = 1> <Sync> <CReg>
ST_5 : Operation 117 [1/1] (0.76ns)   --->   "%add_ln20 = add i8 %select_ln8_5, i8 1" [pipeline/D_Pool.cpp:20]   --->   Operation 117 'add' 'add_ln20' <Predicate = true> <Delay = 0.76> <CoreInst = "Adder">   --->   Core 1 'Adder' <Latency = 0> <II = 1> <Delay = 0.76> <FuncUnit> <Opcode : 'add' 'sub'> <InPorts = 2> <OutPorts = 1>
ST_5 : Operation 118 [1/1] (0.42ns)   --->   "%store_ln9 = store i8 %select_ln8_8, i8 %index" [pipeline/D_Pool.cpp:9]   --->   Operation 118 'store' 'store_ln9' <Predicate = true> <Delay = 0.42>
ST_5 : Operation 119 [1/1] (0.42ns)   --->   "%store_ln9 = store i8 %add_ln20, i8 %index_1" [pipeline/D_Pool.cpp:9]   --->   Operation 119 'store' 'store_ln9' <Predicate = true> <Delay = 0.42>
ST_5 : Operation 131 [1/1] (0.00ns)   --->   "%ret_ln0 = ret"   --->   Operation 131 'ret' 'ret_ln0' <Predicate = (icmp_ln6)> <Delay = 0.00>

State 6 <SV = 5> <Delay = 1.88>
ST_6 : Operation 120 [1/1] (0.00ns)   --->   "%specloopname_ln0 = specloopname void @_ssdm_op_SpecLoopName, void @VITIS_LOOP_6_1_VITIS_LOOP_8_2_VITIS_LOOP_9_3_str"   --->   Operation 120 'specloopname' 'specloopname_ln0' <Predicate = true> <Delay = 0.00>
ST_6 : Operation 121 [1/1] (0.00ns)   --->   "%empty_502 = speclooptripcount i32 @_ssdm_op_SpecLoopTripCount, i64 784, i64 784, i64 784"   --->   Operation 121 'speclooptripcount' 'empty_502' <Predicate = true> <Delay = 0.00>
ST_6 : Operation 122 [1/1] (0.00ns)   --->   "%specpipeline_ln0 = specpipeline void @_ssdm_op_SpecPipeline, i32 4294967295, i32 0, i32 1, i32 0, void @p_str"   --->   Operation 122 'specpipeline' 'specpipeline_ln0' <Predicate = true> <Delay = 0.00>
ST_6 : Operation 123 [1/1] (0.00ns)   --->   "%specloopname_ln0 = specloopname void @_ssdm_op_SpecLoopName, void @VITIS_LOOP_8_2_VITIS_LOOP_9_3_str"   --->   Operation 123 'specloopname' 'specloopname_ln0' <Predicate = true> <Delay = 0.00>
ST_6 : Operation 124 [1/1] (0.00ns)   --->   "%specpipeline_ln0 = specpipeline void @_ssdm_op_SpecPipeline, i32 4294967295, i32 0, i32 1, i32 0, void @p_str"   --->   Operation 124 'specpipeline' 'specpipeline_ln0' <Predicate = true> <Delay = 0.00>
ST_6 : Operation 125 [1/1] (0.00ns)   --->   "%specloopname_ln5 = specloopname void @_ssdm_op_SpecLoopName, void @empty_29" [pipeline/D_Pool.cpp:5]   --->   Operation 125 'specloopname' 'specloopname_ln5' <Predicate = true> <Delay = 0.00>
ST_6 : Operation 126 [1/2] (0.64ns) (root node of the DSP)   --->   "%add_ln18 = add i10 %index_1_cast, i10 %mul_ln8_1" [pipeline/D_Pool.cpp:18]   --->   Operation 126 'add' 'add_ln18' <Predicate = true> <Delay = 0.64> <CoreInst = "DSP48">   --->   Core 127 'DSP48' <Latency = 3> <II = 1> <Delay = 0.53> <IPBlock> <Opcode : 'mul' 'add' 'sub' 'select'> <InPorts = 0> <OutPorts = 1> <Sync> <CReg>
ST_6 : Operation 127 [1/1] (0.00ns)   --->   "%zext_ln19 = zext i10 %add_ln18" [pipeline/D_Pool.cpp:19]   --->   Operation 127 'zext' 'zext_ln19' <Predicate = true> <Delay = 0.00>
ST_6 : Operation 128 [1/1] (0.00ns)   --->   "%pool_V_addr = getelementptr i16 %pool_V, i64 0, i64 %zext_ln19" [pipeline/D_Pool.cpp:19]   --->   Operation 128 'getelementptr' 'pool_V_addr' <Predicate = true> <Delay = 0.00>
ST_6 : Operation 129 [1/1] (1.23ns)   --->   "%store_ln19 = store i16 %select_ln15_3, i10 %pool_V_addr" [pipeline/D_Pool.cpp:19]   --->   Operation 129 'store' 'store_ln19' <Predicate = true> <Delay = 1.23> <CoreInst = "RAM">   --->   Core 83 'RAM' <Latency = 1> <II = 1> <Delay = 1.23> <Storage> <Opcode : 'load' 'store'> <Ports = 2> <Width = 16> <Depth = 784> <RAM>
ST_6 : Operation 130 [1/1] (0.00ns)   --->   "%br_ln9 = br void %if.end.i.i.i.i" [pipeline/D_Pool.cpp:9]   --->   Operation 130 'br' 'br_ln9' <Predicate = true> <Delay = 0.00>


============================================================
+ Verbose Summary: Timing violations
============================================================
Target clock period: 10ns, clock uncertainty: 2.7ns.

 <State 1>: 2.05ns
The critical path consists of the following:
	'alloca' operation ('indvar_flatten112') [7]  (0 ns)
	'load' operation ('indvar_flatten112_load', pipeline/D_Pool.cpp:8) on local variable 'indvar_flatten112' [34]  (0 ns)
	'icmp' operation ('icmp_ln8', pipeline/D_Pool.cpp:8) [38]  (0.849 ns)
	'select' operation ('select_ln8_3', pipeline/D_Pool.cpp:8) [43]  (0.208 ns)
	'mul' operation of DSP[73] ('mul_ln8', pipeline/D_Pool.cpp:8) [45]  (0.996 ns)

 <State 2>: 0.996ns
The critical path consists of the following:
	'mul' operation of DSP[73] ('mul_ln8', pipeline/D_Pool.cpp:8) [45]  (0.996 ns)

 <State 3>: 2.62ns
The critical path consists of the following:
	'load' operation ('y_load', pipeline/D_Pool.cpp:9) on local variable 'y' [31]  (0 ns)
	'icmp' operation ('icmp_ln9', pipeline/D_Pool.cpp:9) [51]  (0.721 ns)
	'and' operation ('and_ln8', pipeline/D_Pool.cpp:8) [52]  (0.287 ns)
	'or' operation ('or_ln8', pipeline/D_Pool.cpp:8) [57]  (0 ns)
	'select' operation ('select_ln8_6', pipeline/D_Pool.cpp:8) [58]  (0.391 ns)
	'add' operation ('add_ln9_1', pipeline/D_Pool.cpp:9) [106]  (0.797 ns)
	'store' operation ('store_ln9', pipeline/D_Pool.cpp:9) of variable 'add_ln9_1', pipeline/D_Pool.cpp:9 on local variable 'y' [115]  (0.427 ns)

 <State 4>: 4.83ns
The critical path consists of the following:
	'load' operation ('z') on local variable 'z' [19]  (0 ns)
	'select' operation ('select_ln8_1', pipeline/D_Pool.cpp:8) [40]  (0.391 ns)
	'add' operation ('add_ln8', pipeline/D_Pool.cpp:8) [53]  (0.797 ns)
	'sub' operation ('p_mid1110', pipeline/D_Pool.cpp:8) [63]  (0.787 ns)
	'select' operation ('select_ln8_7', pipeline/D_Pool.cpp:8) [64]  (0 ns)
	'add' operation ('add_ln13', pipeline/D_Pool.cpp:13) [74]  (0.809 ns)
	'add' operation ('add_ln13_1', pipeline/D_Pool.cpp:13) [87]  (0.809 ns)
	'getelementptr' operation ('conv1_V_addr_2', pipeline/D_Pool.cpp:14) [89]  (0 ns)
	'load' operation ('conv1_V_load_2', pipeline/D_Pool.cpp:14) on array 'conv1_V' [90]  (1.24 ns)

 <State 5>: 7.07ns
The critical path consists of the following:
	'load' operation ('conv1_V_load', pipeline/D_Pool.cpp:14) on array 'conv1_V' [77]  (1.24 ns)
	'icmp' operation ('icmp_ln1651') [78]  (1.1 ns)
	'select' operation ('select_ln15', pipeline/D_Pool.cpp:15) [79]  (0.357 ns)
	'icmp' operation ('icmp_ln1651_1') [84]  (1.1 ns)
	'xor' operation ('xor_ln1651') [85]  (0 ns)
	'select' operation ('select_ln15_1', pipeline/D_Pool.cpp:15) [86]  (0.357 ns)
	'icmp' operation ('icmp_ln1651_2') [91]  (1.1 ns)
	'xor' operation ('xor_ln1651_1') [92]  (0 ns)
	'select' operation ('select_ln15_2', pipeline/D_Pool.cpp:15) [93]  (0.357 ns)
	'icmp' operation ('icmp_ln1651_3') [98]  (1.1 ns)
	'xor' operation ('xor_ln1651_2') [99]  (0 ns)
	'select' operation ('select_ln15_3', pipeline/D_Pool.cpp:15) [100]  (0.357 ns)

 <State 6>: 1.88ns
The critical path consists of the following:
	'add' operation of DSP[101] ('add_ln18', pipeline/D_Pool.cpp:18) [101]  (0.645 ns)
	'getelementptr' operation ('pool_V_addr', pipeline/D_Pool.cpp:19) [103]  (0 ns)
	'store' operation ('store_ln19', pipeline/D_Pool.cpp:19) of variable 'select_ln15_3', pipeline/D_Pool.cpp:15 on array 'pool_V' [104]  (1.24 ns)


============================================================
+ Verbose Summary: Binding
============================================================
N/A
* FSMD analyzer results:
  - Output states:
 - Input state : 
  - Chain level:
	State 1
	State 2
	State 3
	State 4
	State 5
	State 6


============================================================
+ Verbose Summary: Datapath Resource usage 
============================================================
N/A
