

================================================================
== Vitis HLS Report for 'D_CNN_Pipeline_loop_for_3_channel_pad_1_loop_for_channel_pad_1_loop_for_weight_p'
================================================================
* Date:           Wed Apr 15 01:46:08 2026

* Version:        2022.2 (Build 3670227 on Oct 13 2022)
* Project:        ProjectOne
* Solution:       solution1 (Vivado IP Flow Target)
* Product family: zynquplus
* Target device:  xck26-sfvc784-2LV-c


================================================================
== Performance Estimates
================================================================
+ Timing: 
    * Summary: 
    +--------+----------+----------+------------+
    |  Clock |  Target  | Estimated| Uncertainty|
    +--------+----------+----------+------------+
    |ap_clk  |  10.00 ns|  5.691 ns|     2.70 ns|
    +--------+----------+----------+------------+

+ Latency: 
    * Summary: 
    +---------+---------+-----------+-----------+------+------+---------+
    |  Latency (cycles) |   Latency (absolute)  |   Interval  | Pipeline|
    |   min   |   max   |    min    |    max    |  min |  max |   Type  |
    +---------+---------+-----------+-----------+------+------+---------+
    |     1026|     1026|  10.260 us|  10.260 us|  1026|  1026|       no|
    +---------+---------+-----------+-----------+------+------+---------+

    + Detail: 
        * Instance: 
        N/A

        * Loop: 
        +-------------------------------------------------------------------------+---------+---------+----------+-----------+-----------+------+----------+
        |                                                                         |  Latency (cycles) | Iteration|  Initiation Interval  | Trip |          |
        |                                Loop Name                                |   min   |   max   |  Latency |  achieved |   target  | Count| Pipelined|
        +-------------------------------------------------------------------------+---------+---------+----------+-----------+-----------+------+----------+
        |- loop_for_3_channel_pad_1_loop_for_channel_pad_1_loop_for_weight_pad_1  |     1024|     1024|         2|          1|          1|  1024|       yes|
        +-------------------------------------------------------------------------+---------+---------+----------+-----------+-----------+------+----------+

============================================================
+ Verbose Summary: Synthesis Manager
============================================================
InlineROM: 1
ExposeGlobal: 0
============================================================
+ Verbose Summary: CDFG Model
============================================================
IsTopModel: 0
ResetActiveHigh: 1
IsCombinational: 0
IsDatapathOnly: 0
HasWiredReturn: 1
HasMFsm: 2
HasVarLatency: 1
IsPipeline: 0
IsRtlPipelined: 0
IsInstanceOverlapped: 0
IsDontTouch: 0
HasImplIP: 0
IsGatedGlobalClock: 0

+ Individual pipeline summary: 
  * Pipeline-0: initiation interval (II) = 1, depth = 3


============================================================
+ Verbose Summary: Schedule
============================================================
* Number of FSM states : 3
* Pipeline : 1
  Pipeline-0 : II = 1, D = 3, States = { 1 2 3 }
* Dataflow Pipeline: 0

* FSM state transitions: 
1 --> 2 
2 --> 3 
3 --> 

* FSM state operations: 

State 1 <SV = 0> <Delay = 0.42>
ST_1 : Operation 5 [1/1] (0.00ns)   --->   "%i_1 = alloca i32 1"   --->   Operation 5 'alloca' 'i_1' <Predicate = true> <Delay = 0.00>
ST_1 : Operation 6 [1/1] (0.00ns)   --->   "%n_3 = alloca i32 1"   --->   Operation 6 'alloca' 'n_3' <Predicate = true> <Delay = 0.00>
ST_1 : Operation 7 [1/1] (0.00ns)   --->   "%indvar_flatten158 = alloca i32 1"   --->   Operation 7 'alloca' 'indvar_flatten158' <Predicate = true> <Delay = 0.00>
ST_1 : Operation 8 [1/1] (0.00ns)   --->   "%c = alloca i32 1"   --->   Operation 8 'alloca' 'c' <Predicate = true> <Delay = 0.00>
ST_1 : Operation 9 [1/1] (0.00ns)   --->   "%indvar_flatten194 = alloca i32 1"   --->   Operation 9 'alloca' 'indvar_flatten194' <Predicate = true> <Delay = 0.00>
ST_1 : Operation 10 [1/1] (0.42ns)   --->   "%store_ln0 = store i11 0, i11 %indvar_flatten194"   --->   Operation 10 'store' 'store_ln0' <Predicate = true> <Delay = 0.42>
ST_1 : Operation 11 [1/1] (0.42ns)   --->   "%store_ln0 = store i3 0, i3 %c"   --->   Operation 11 'store' 'store_ln0' <Predicate = true> <Delay = 0.42>
ST_1 : Operation 12 [1/1] (0.42ns)   --->   "%store_ln0 = store i10 0, i10 %indvar_flatten158"   --->   Operation 12 'store' 'store_ln0' <Predicate = true> <Delay = 0.42>
ST_1 : Operation 13 [1/1] (0.42ns)   --->   "%store_ln0 = store i5 0, i5 %n_3"   --->   Operation 13 'store' 'store_ln0' <Predicate = true> <Delay = 0.42>
ST_1 : Operation 14 [1/1] (0.42ns)   --->   "%store_ln0 = store i5 0, i5 %i_1"   --->   Operation 14 'store' 'store_ln0' <Predicate = true> <Delay = 0.42>
ST_1 : Operation 15 [1/1] (0.00ns)   --->   "%br_ln0 = br void %for.body8.i28"   --->   Operation 15 'br' 'br_ln0' <Predicate = true> <Delay = 0.00>

State 2 <SV = 1> <Delay = 5.69>
ST_2 : Operation 16 [1/1] (0.00ns)   --->   "%n = load i5 %n_3"   --->   Operation 16 'load' 'n' <Predicate = true> <Delay = 0.00>
ST_2 : Operation 17 [1/1] (0.00ns)   --->   "%c_3 = load i3 %c" [pipeline/D_Conv.cpp:41]   --->   Operation 17 'load' 'c_3' <Predicate = true> <Delay = 0.00>
ST_2 : Operation 18 [1/1] (0.00ns)   --->   "%indvar_flatten194_load = load i11 %indvar_flatten194" [pipeline/D_Conv.cpp:41]   --->   Operation 18 'load' 'indvar_flatten194_load' <Predicate = true> <Delay = 0.00>
ST_2 : Operation 19 [1/1] (0.00ns)   --->   "%zext_ln43 = zext i3 %c_3" [pipeline/D_Conv.cpp:43]   --->   Operation 19 'zext' 'zext_ln43' <Predicate = true> <Delay = 0.00>
ST_2 : Operation 20 [1/1] (1.74ns)   --->   "%mul_ln43 = mul i10 %zext_ln43, i10 196" [pipeline/D_Conv.cpp:43]   --->   Operation 20 'mul' 'mul_ln43' <Predicate = true> <Delay = 1.74> <CoreInst = "Multiplier">   --->   Core 3 'Multiplier' <Latency = 0> <II = 1> <Delay = 1.74> <FuncUnit> <Opcode : 'mul'> <InPorts = 2> <OutPorts = 1>
ST_2 : Operation 21 [1/1] (0.75ns)   --->   "%cmp9_i20 = icmp_eq  i5 %n, i5 0"   --->   Operation 21 'icmp' 'cmp9_i20' <Predicate = true> <Delay = 0.75> <CoreInst = "Cmp">   --->   Core 9 'Cmp' <Latency = 0> <II = 1> <Delay = 0.75> <FuncUnit> <Opcode : 'icmp'> <InPorts = 2> <OutPorts = 1>
ST_2 : Operation 22 [1/1] (0.75ns)   --->   "%cmp10_i21 = icmp_ugt  i5 %n, i5 14"   --->   Operation 22 'icmp' 'cmp10_i21' <Predicate = true> <Delay = 0.75> <CoreInst = "Cmp">   --->   Core 9 'Cmp' <Latency = 0> <II = 1> <Delay = 0.75> <FuncUnit> <Opcode : 'icmp'> <InPorts = 2> <OutPorts = 1>
ST_2 : Operation 23 [1/1] (0.00ns)   --->   "%empty = trunc i5 %n"   --->   Operation 23 'trunc' 'empty' <Predicate = true> <Delay = 0.00>
ST_2 : Operation 24 [1/1] (0.00ns)   --->   "%tmp_s = bitconcatenate i8 @_ssdm_op_BitConcatenate.i8.i4.i4, i4 %empty, i4 0"   --->   Operation 24 'bitconcatenate' 'tmp_s' <Predicate = true> <Delay = 0.00>
ST_2 : Operation 25 [1/1] (0.00ns) (grouped into LUT with out node empty_498)   --->   "%p_cast54 = zext i8 %tmp_s"   --->   Operation 25 'zext' 'p_cast54' <Predicate = true> <Delay = 0.00>
ST_2 : Operation 26 [1/1] (0.00ns) (grouped into LUT with out node empty_498)   --->   "%empty_497 = shl i5 %n, i5 1"   --->   Operation 26 'shl' 'empty_497' <Predicate = true> <Delay = 0.00>
ST_2 : Operation 27 [1/1] (0.00ns) (grouped into LUT with out node empty_498)   --->   "%p_shl16_cast = zext i5 %empty_497"   --->   Operation 27 'zext' 'p_shl16_cast' <Predicate = true> <Delay = 0.00>
ST_2 : Operation 28 [1/1] (0.76ns) (out node of the LUT)   --->   "%empty_498 = sub i9 %p_cast54, i9 %p_shl16_cast"   --->   Operation 28 'sub' 'empty_498' <Predicate = true> <Delay = 0.76> <CoreInst = "Adder">   --->   Core 1 'Adder' <Latency = 0> <II = 1> <Delay = 0.76> <FuncUnit> <Opcode : 'add' 'sub'> <InPorts = 2> <OutPorts = 1>
ST_2 : Operation 29 [1/1] (0.00ns)   --->   "%sext_ln45 = sext i9 %empty_498" [pipeline/D_Conv.cpp:45]   --->   Operation 29 'sext' 'sext_ln45' <Predicate = true> <Delay = 0.00>
ST_2 : Operation 30 [1/1] (0.78ns)   --->   "%add_ln48 = add i10 %mul_ln43, i10 %sext_ln45" [pipeline/D_Conv.cpp:48]   --->   Operation 30 'add' 'add_ln48' <Predicate = true> <Delay = 0.78> <CoreInst = "Adder">   --->   Core 1 'Adder' <Latency = 0> <II = 1> <Delay = 0.78> <FuncUnit> <Opcode : 'add' 'sub'> <InPorts = 2> <OutPorts = 1>
ST_2 : Operation 31 [1/1] (0.28ns)   --->   "%or_ln48 = or i1 %cmp9_i20, i1 %cmp10_i21" [pipeline/D_Conv.cpp:48]   --->   Operation 31 'or' 'or_ln48' <Predicate = true> <Delay = 0.28> <CoreInst = "LogicGate">   --->   Core 74 'LogicGate' <Latency = 0> <II = 1> <Delay = 0.28> <FuncUnit> <Opcode : 'and' 'or' 'xor'> <InPorts = 2> <OutPorts = 1>
ST_2 : Operation 32 [1/1] (0.00ns)   --->   "%specpipeline_ln0 = specpipeline void @_ssdm_op_SpecPipeline, i32 4294967295, i32 0, i32 1, i32 0, void @p_str"   --->   Operation 32 'specpipeline' 'specpipeline_ln0' <Predicate = true> <Delay = 0.00>
ST_2 : Operation 33 [1/1] (0.94ns)   --->   "%icmp_ln41 = icmp_eq  i11 %indvar_flatten194_load, i11 1024" [pipeline/D_Conv.cpp:41]   --->   Operation 33 'icmp' 'icmp_ln41' <Predicate = true> <Delay = 0.94> <CoreInst = "Cmp">   --->   Core 9 'Cmp' <Latency = 0> <II = 1> <Delay = 0.94> <FuncUnit> <Opcode : 'icmp'> <InPorts = 2> <OutPorts = 1>
ST_2 : Operation 34 [1/1] (0.79ns)   --->   "%add_ln41 = add i11 %indvar_flatten194_load, i11 1" [pipeline/D_Conv.cpp:41]   --->   Operation 34 'add' 'add_ln41' <Predicate = true> <Delay = 0.79> <CoreInst = "Adder">   --->   Core 1 'Adder' <Latency = 0> <II = 1> <Delay = 0.79> <FuncUnit> <Opcode : 'add' 'sub'> <InPorts = 2> <OutPorts = 1>
ST_2 : Operation 35 [1/1] (0.00ns)   --->   "%br_ln41 = br i1 %icmp_ln41, void %for.inc42.i, void %for.body8.i69.preheader.exitStub" [pipeline/D_Conv.cpp:41]   --->   Operation 35 'br' 'br_ln41' <Predicate = true> <Delay = 0.00>
ST_2 : Operation 36 [1/1] (0.00ns)   --->   "%i_1_load = load i5 %i_1" [pipeline/D_Conv.cpp:45]   --->   Operation 36 'load' 'i_1_load' <Predicate = (!icmp_ln41)> <Delay = 0.00>
ST_2 : Operation 37 [1/1] (0.00ns)   --->   "%indvar_flatten158_load = load i10 %indvar_flatten158" [pipeline/D_Conv.cpp:43]   --->   Operation 37 'load' 'indvar_flatten158_load' <Predicate = (!icmp_ln41)> <Delay = 0.00>
ST_2 : Operation 38 [1/1] (0.91ns)   --->   "%icmp_ln43 = icmp_eq  i10 %indvar_flatten158_load, i10 256" [pipeline/D_Conv.cpp:43]   --->   Operation 38 'icmp' 'icmp_ln43' <Predicate = (!icmp_ln41)> <Delay = 0.91> <CoreInst = "Cmp">   --->   Core 9 'Cmp' <Latency = 0> <II = 1> <Delay = 0.91> <FuncUnit> <Opcode : 'icmp'> <InPorts = 2> <OutPorts = 1>
ST_2 : Operation 39 [1/1] (0.41ns)   --->   "%select_ln43 = select i1 %icmp_ln43, i5 0, i5 %n" [pipeline/D_Conv.cpp:43]   --->   Operation 39 'select' 'select_ln43' <Predicate = (!icmp_ln41)> <Delay = 0.41> <CoreInst = "Sel">   --->   Core 73 'Sel' <Latency = 0> <II = 1> <Delay = 0.41> <FuncUnit> <Opcode : 'select'> <InPorts = 3> <OutPorts = 1>
ST_2 : Operation 40 [1/1] (0.67ns)   --->   "%add_ln41_1 = add i3 %c_3, i3 1" [pipeline/D_Conv.cpp:41]   --->   Operation 40 'add' 'add_ln41_1' <Predicate = (!icmp_ln41)> <Delay = 0.67> <CoreInst = "Adder">   --->   Core 1 'Adder' <Latency = 0> <II = 1> <Delay = 0.67> <FuncUnit> <Opcode : 'add' 'sub'> <InPorts = 2> <OutPorts = 1>
ST_2 : Operation 41 [1/1] (0.00ns)   --->   "%zext_ln43_1 = zext i3 %add_ln41_1" [pipeline/D_Conv.cpp:43]   --->   Operation 41 'zext' 'zext_ln43_1' <Predicate = (!icmp_ln41)> <Delay = 0.00>
ST_2 : Operation 42 [1/1] (1.74ns)   --->   "%mul_ln43_1 = mul i10 %zext_ln43_1, i10 196" [pipeline/D_Conv.cpp:43]   --->   Operation 42 'mul' 'mul_ln43_1' <Predicate = (!icmp_ln41)> <Delay = 1.74> <CoreInst = "Multiplier">   --->   Core 3 'Multiplier' <Latency = 0> <II = 1> <Delay = 1.74> <FuncUnit> <Opcode : 'mul'> <InPorts = 2> <OutPorts = 1>
ST_2 : Operation 43 [1/1] (0.00ns) (grouped into LUT with out node add_ln48_3)   --->   "%select_ln43_1 = select i1 %icmp_ln43, i10 %mul_ln43_1, i10 %mul_ln43" [pipeline/D_Conv.cpp:43]   --->   Operation 43 'select' 'select_ln43_1' <Predicate = (!icmp_ln41)> <Delay = 0.00> <CoreInst = "Sel">   --->   Core 73 'Sel' <Latency = 0> <II = 1> <Delay = 0.40> <FuncUnit> <Opcode : 'select'> <InPorts = 3> <OutPorts = 1>
ST_2 : Operation 44 [1/1] (0.00ns) (grouped into LUT with out node add_ln46)   --->   "%select_ln43_2 = select i1 %icmp_ln43, i8 0, i8 %tmp_s" [pipeline/D_Conv.cpp:43]   --->   Operation 44 'select' 'select_ln43_2' <Predicate = (!icmp_ln41)> <Delay = 0.00> <CoreInst = "Sel">   --->   Core 73 'Sel' <Latency = 0> <II = 1> <Delay = 0.39> <FuncUnit> <Opcode : 'select'> <InPorts = 3> <OutPorts = 1>
ST_2 : Operation 45 [1/1] (0.00ns) (grouped into LUT with out node add_ln48_1)   --->   "%select_ln43_3 = select i1 %icmp_ln43, i10 %mul_ln43_1, i10 %add_ln48" [pipeline/D_Conv.cpp:43]   --->   Operation 45 'select' 'select_ln43_3' <Predicate = (!icmp_ln41)> <Delay = 0.00> <CoreInst = "Sel">   --->   Core 73 'Sel' <Latency = 0> <II = 1> <Delay = 0.40> <FuncUnit> <Opcode : 'select'> <InPorts = 3> <OutPorts = 1>
ST_2 : Operation 46 [1/1] (0.00ns) (grouped into LUT with out node select_ln43_7)   --->   "%or_ln43 = or i1 %icmp_ln43, i1 %or_ln48" [pipeline/D_Conv.cpp:43]   --->   Operation 46 'or' 'or_ln43' <Predicate = (!icmp_ln41)> <Delay = 0.00> <CoreInst = "LogicGate">   --->   Core 74 'LogicGate' <Latency = 0> <II = 1> <Delay = 0.28> <FuncUnit> <Opcode : 'and' 'or' 'xor'> <InPorts = 2> <OutPorts = 1>
ST_2 : Operation 47 [1/1] (0.00ns) (grouped into LUT with out node and_ln43)   --->   "%xor_ln43 = xor i1 %icmp_ln43, i1 1" [pipeline/D_Conv.cpp:43]   --->   Operation 47 'xor' 'xor_ln43' <Predicate = (!icmp_ln41)> <Delay = 0.00> <CoreInst = "LogicGate">   --->   Core 74 'LogicGate' <Latency = 0> <II = 1> <Delay = 0.28> <FuncUnit> <Opcode : 'and' 'or' 'xor'> <InPorts = 2> <OutPorts = 1>
ST_2 : Operation 48 [1/1] (0.75ns)   --->   "%icmp_ln45 = icmp_eq  i5 %i_1_load, i5 16" [pipeline/D_Conv.cpp:45]   --->   Operation 48 'icmp' 'icmp_ln45' <Predicate = (!icmp_ln41)> <Delay = 0.75> <CoreInst = "Cmp">   --->   Core 9 'Cmp' <Latency = 0> <II = 1> <Delay = 0.75> <FuncUnit> <Opcode : 'icmp'> <InPorts = 2> <OutPorts = 1>
ST_2 : Operation 49 [1/1] (0.28ns) (out node of the LUT)   --->   "%and_ln43 = and i1 %icmp_ln45, i1 %xor_ln43" [pipeline/D_Conv.cpp:43]   --->   Operation 49 'and' 'and_ln43' <Predicate = (!icmp_ln41)> <Delay = 0.28> <CoreInst = "LogicGate">   --->   Core 74 'LogicGate' <Latency = 0> <II = 1> <Delay = 0.28> <FuncUnit> <Opcode : 'and' 'or' 'xor'> <InPorts = 2> <OutPorts = 1>
ST_2 : Operation 50 [1/1] (0.20ns)   --->   "%select_ln41 = select i1 %icmp_ln43, i3 %add_ln41_1, i3 %c_3" [pipeline/D_Conv.cpp:41]   --->   Operation 50 'select' 'select_ln41' <Predicate = (!icmp_ln41)> <Delay = 0.20> <CoreInst = "Sel">   --->   Core 73 'Sel' <Latency = 0> <II = 1> <Delay = 0.20> <FuncUnit> <Opcode : 'select'> <InPorts = 3> <OutPorts = 1>
ST_2 : Operation 51 [1/1] (0.78ns)   --->   "%add_ln43 = add i5 %select_ln43, i5 1" [pipeline/D_Conv.cpp:43]   --->   Operation 51 'add' 'add_ln43' <Predicate = (!icmp_ln41)> <Delay = 0.78> <CoreInst = "Adder">   --->   Core 1 'Adder' <Latency = 0> <II = 1> <Delay = 0.78> <FuncUnit> <Opcode : 'add' 'sub'> <InPorts = 2> <OutPorts = 1>
ST_2 : Operation 52 [1/1] (0.00ns) (grouped into LUT with out node select_ln43_4)   --->   "%or_ln43_1 = or i1 %and_ln43, i1 %icmp_ln43" [pipeline/D_Conv.cpp:43]   --->   Operation 52 'or' 'or_ln43_1' <Predicate = (!icmp_ln41)> <Delay = 0.00> <CoreInst = "LogicGate">   --->   Core 74 'LogicGate' <Latency = 0> <II = 1> <Delay = 0.28> <FuncUnit> <Opcode : 'and' 'or' 'xor'> <InPorts = 2> <OutPorts = 1>
ST_2 : Operation 53 [1/1] (0.41ns) (out node of the LUT)   --->   "%select_ln43_4 = select i1 %or_ln43_1, i5 0, i5 %i_1_load" [pipeline/D_Conv.cpp:43]   --->   Operation 53 'select' 'select_ln43_4' <Predicate = (!icmp_ln41)> <Delay = 0.41> <CoreInst = "Sel">   --->   Core 73 'Sel' <Latency = 0> <II = 1> <Delay = 0.41> <FuncUnit> <Opcode : 'select'> <InPorts = 3> <OutPorts = 1>
ST_2 : Operation 54 [1/1] (0.75ns)   --->   "%cmp9_i20_mid1 = icmp_eq  i5 %add_ln43, i5 0" [pipeline/D_Conv.cpp:43]   --->   Operation 54 'icmp' 'cmp9_i20_mid1' <Predicate = (!icmp_ln41)> <Delay = 0.75> <CoreInst = "Cmp">   --->   Core 9 'Cmp' <Latency = 0> <II = 1> <Delay = 0.75> <FuncUnit> <Opcode : 'icmp'> <InPorts = 2> <OutPorts = 1>
ST_2 : Operation 55 [1/1] (0.75ns)   --->   "%cmp10_i21_mid1 = icmp_ugt  i5 %add_ln43, i5 14" [pipeline/D_Conv.cpp:43]   --->   Operation 55 'icmp' 'cmp10_i21_mid1' <Predicate = (!icmp_ln41)> <Delay = 0.75> <CoreInst = "Cmp">   --->   Core 9 'Cmp' <Latency = 0> <II = 1> <Delay = 0.75> <FuncUnit> <Opcode : 'icmp'> <InPorts = 2> <OutPorts = 1>
ST_2 : Operation 56 [1/1] (0.00ns)   --->   "%empty_500 = trunc i5 %add_ln43" [pipeline/D_Conv.cpp:43]   --->   Operation 56 'trunc' 'empty_500' <Predicate = (!icmp_ln41)> <Delay = 0.00>
ST_2 : Operation 57 [1/1] (0.00ns)   --->   "%p_mid = bitconcatenate i8 @_ssdm_op_BitConcatenate.i8.i4.i4, i4 %empty_500, i4 0" [pipeline/D_Conv.cpp:43]   --->   Operation 57 'bitconcatenate' 'p_mid' <Predicate = (!icmp_ln41)> <Delay = 0.00>
ST_2 : Operation 58 [1/1] (0.00ns) (grouped into LUT with out node add_ln46)   --->   "%select_ln43_5 = select i1 %and_ln43, i8 %p_mid, i8 %select_ln43_2" [pipeline/D_Conv.cpp:43]   --->   Operation 58 'select' 'select_ln43_5' <Predicate = (!icmp_ln41)> <Delay = 0.00> <CoreInst = "Sel">   --->   Core 73 'Sel' <Latency = 0> <II = 1> <Delay = 0.39> <FuncUnit> <Opcode : 'select'> <InPorts = 3> <OutPorts = 1>
ST_2 : Operation 59 [1/1] (0.00ns) (grouped into LUT with out node add_ln46)   --->   "%select_ln43_5_cast = zext i8 %select_ln43_5" [pipeline/D_Conv.cpp:43]   --->   Operation 59 'zext' 'select_ln43_5_cast' <Predicate = (!icmp_ln41)> <Delay = 0.00>
ST_2 : Operation 60 [1/1] (0.00ns) (grouped into LUT with out node p_mid1156)   --->   "%p_cast54_mid1 = zext i8 %p_mid" [pipeline/D_Conv.cpp:43]   --->   Operation 60 'zext' 'p_cast54_mid1' <Predicate = (!icmp_ln41)> <Delay = 0.00>
ST_2 : Operation 61 [1/1] (0.00ns) (grouped into LUT with out node p_mid1156)   --->   "%empty_501 = shl i5 %add_ln43, i5 1" [pipeline/D_Conv.cpp:43]   --->   Operation 61 'shl' 'empty_501' <Predicate = (!icmp_ln41)> <Delay = 0.00>
ST_2 : Operation 62 [1/1] (0.00ns) (grouped into LUT with out node p_mid1156)   --->   "%p_shl16_cast_mid1 = zext i5 %empty_501" [pipeline/D_Conv.cpp:43]   --->   Operation 62 'zext' 'p_shl16_cast_mid1' <Predicate = (!icmp_ln41)> <Delay = 0.00>
ST_2 : Operation 63 [1/1] (0.76ns) (out node of the LUT)   --->   "%p_mid1156 = sub i9 %p_cast54_mid1, i9 %p_shl16_cast_mid1" [pipeline/D_Conv.cpp:43]   --->   Operation 63 'sub' 'p_mid1156' <Predicate = (!icmp_ln41)> <Delay = 0.76> <CoreInst = "Adder">   --->   Core 1 'Adder' <Latency = 0> <II = 1> <Delay = 0.76> <FuncUnit> <Opcode : 'add' 'sub'> <InPorts = 2> <OutPorts = 1>
ST_2 : Operation 64 [1/1] (0.00ns) (grouped into LUT with out node add_ln48_3)   --->   "%sext_ln45_1 = sext i9 %p_mid1156" [pipeline/D_Conv.cpp:45]   --->   Operation 64 'sext' 'sext_ln45_1' <Predicate = (!icmp_ln41)> <Delay = 0.00>
ST_2 : Operation 65 [1/1] (0.78ns) (out node of the LUT)   --->   "%add_ln48_3 = add i10 %select_ln43_1, i10 %sext_ln45_1" [pipeline/D_Conv.cpp:48]   --->   Operation 65 'add' 'add_ln48_3' <Predicate = (!icmp_ln41)> <Delay = 0.78> <CoreInst = "Adder">   --->   Core 1 'Adder' <Latency = 0> <II = 1> <Delay = 0.78> <FuncUnit> <Opcode : 'add' 'sub'> <InPorts = 2> <OutPorts = 1>
ST_2 : Operation 66 [1/1] (0.00ns) (grouped into LUT with out node add_ln48_1)   --->   "%select_ln43_6 = select i1 %and_ln43, i10 %add_ln48_3, i10 %select_ln43_3" [pipeline/D_Conv.cpp:43]   --->   Operation 66 'select' 'select_ln43_6' <Predicate = (!icmp_ln41)> <Delay = 0.00> <CoreInst = "Sel">   --->   Core 73 'Sel' <Latency = 0> <II = 1> <Delay = 0.40> <FuncUnit> <Opcode : 'select'> <InPorts = 3> <OutPorts = 1>
ST_2 : Operation 67 [1/1] (0.00ns) (grouped into LUT with out node select_ln43_7)   --->   "%or_ln48_3 = or i1 %cmp9_i20_mid1, i1 %cmp10_i21_mid1" [pipeline/D_Conv.cpp:48]   --->   Operation 67 'or' 'or_ln48_3' <Predicate = (!icmp_ln41)> <Delay = 0.00> <CoreInst = "LogicGate">   --->   Core 74 'LogicGate' <Latency = 0> <II = 1> <Delay = 0.28> <FuncUnit> <Opcode : 'and' 'or' 'xor'> <InPorts = 2> <OutPorts = 1>
ST_2 : Operation 68 [1/1] (0.28ns) (out node of the LUT)   --->   "%select_ln43_7 = select i1 %and_ln43, i1 %or_ln48_3, i1 %or_ln43" [pipeline/D_Conv.cpp:43]   --->   Operation 68 'select' 'select_ln43_7' <Predicate = (!icmp_ln41)> <Delay = 0.28> <CoreInst = "Sel">   --->   Core 73 'Sel' <Latency = 0> <II = 1> <Delay = 0.17> <FuncUnit> <Opcode : 'select'> <InPorts = 3> <OutPorts = 1>
ST_2 : Operation 69 [1/1] (0.41ns)   --->   "%select_ln43_8 = select i1 %and_ln43, i5 %add_ln43, i5 %select_ln43" [pipeline/D_Conv.cpp:43]   --->   Operation 69 'select' 'select_ln43_8' <Predicate = (!icmp_ln41)> <Delay = 0.41> <CoreInst = "Sel">   --->   Core 73 'Sel' <Latency = 0> <II = 1> <Delay = 0.41> <FuncUnit> <Opcode : 'select'> <InPorts = 3> <OutPorts = 1>
ST_2 : Operation 70 [1/1] (0.00ns) (grouped into LUT with out node add_ln46)   --->   "%trunc_ln46 = trunc i3 %select_ln41" [pipeline/D_Conv.cpp:46]   --->   Operation 70 'trunc' 'trunc_ln46' <Predicate = (!icmp_ln41)> <Delay = 0.00>
ST_2 : Operation 71 [1/1] (0.00ns) (grouped into LUT with out node add_ln46)   --->   "%tmp8 = bitconcatenate i10 @_ssdm_op_BitConcatenate.i10.i2.i3.i5, i2 %trunc_ln46, i3 0, i5 %select_ln43_4" [pipeline/D_Conv.cpp:46]   --->   Operation 71 'bitconcatenate' 'tmp8' <Predicate = (!icmp_ln41)> <Delay = 0.00>
ST_2 : Operation 72 [1/1] (0.78ns) (out node of the LUT)   --->   "%add_ln46 = add i10 %tmp8, i10 %select_ln43_5_cast" [pipeline/D_Conv.cpp:46]   --->   Operation 72 'add' 'add_ln46' <Predicate = (!icmp_ln41)> <Delay = 0.78> <CoreInst = "Adder">   --->   Core 1 'Adder' <Latency = 0> <II = 1> <Delay = 0.78> <FuncUnit> <Opcode : 'add' 'sub'> <InPorts = 2> <OutPorts = 1>
ST_2 : Operation 73 [1/1] (0.75ns)   --->   "%icmp_ln48 = icmp_eq  i5 %select_ln43_4, i5 0" [pipeline/D_Conv.cpp:48]   --->   Operation 73 'icmp' 'icmp_ln48' <Predicate = (!icmp_ln41)> <Delay = 0.75> <CoreInst = "Cmp">   --->   Core 9 'Cmp' <Latency = 0> <II = 1> <Delay = 0.75> <FuncUnit> <Opcode : 'icmp'> <InPorts = 2> <OutPorts = 1>
ST_2 : Operation 74 [1/1] (0.75ns)   --->   "%icmp_ln48_1 = icmp_ugt  i5 %select_ln43_4, i5 14" [pipeline/D_Conv.cpp:48]   --->   Operation 74 'icmp' 'icmp_ln48_1' <Predicate = (!icmp_ln41)> <Delay = 0.75> <CoreInst = "Cmp">   --->   Core 9 'Cmp' <Latency = 0> <II = 1> <Delay = 0.75> <FuncUnit> <Opcode : 'icmp'> <InPorts = 2> <OutPorts = 1>
ST_2 : Operation 75 [1/1] (0.78ns)   --->   "%add_ln48_2 = add i5 %select_ln43_4, i5 17" [pipeline/D_Conv.cpp:48]   --->   Operation 75 'add' 'add_ln48_2' <Predicate = (!icmp_ln41)> <Delay = 0.78> <CoreInst = "Adder">   --->   Core 1 'Adder' <Latency = 0> <II = 1> <Delay = 0.78> <FuncUnit> <Opcode : 'add' 'sub'> <InPorts = 2> <OutPorts = 1>
ST_2 : Operation 76 [1/1] (0.00ns) (grouped into LUT with out node add_ln48_1)   --->   "%sext_ln48 = sext i5 %add_ln48_2" [pipeline/D_Conv.cpp:48]   --->   Operation 76 'sext' 'sext_ln48' <Predicate = (!icmp_ln41)> <Delay = 0.00>
ST_2 : Operation 77 [1/1] (0.78ns) (out node of the LUT)   --->   "%add_ln48_1 = add i10 %sext_ln48, i10 %select_ln43_6" [pipeline/D_Conv.cpp:48]   --->   Operation 77 'add' 'add_ln48_1' <Predicate = (!icmp_ln41)> <Delay = 0.78> <CoreInst = "Adder">   --->   Core 1 'Adder' <Latency = 0> <II = 1> <Delay = 0.78> <FuncUnit> <Opcode : 'add' 'sub'> <InPorts = 2> <OutPorts = 1>
ST_2 : Operation 78 [1/1] (0.00ns)   --->   "%zext_ln48 = zext i10 %add_ln48_1" [pipeline/D_Conv.cpp:48]   --->   Operation 78 'zext' 'zext_ln48' <Predicate = (!icmp_ln41)> <Delay = 0.00>
ST_2 : Operation 79 [1/1] (0.00ns)   --->   "%pool_V_addr = getelementptr i16 %pool_V, i64 0, i64 %zext_ln48" [pipeline/D_Conv.cpp:48]   --->   Operation 79 'getelementptr' 'pool_V_addr' <Predicate = (!icmp_ln41)> <Delay = 0.00>
ST_2 : Operation 80 [2/2] (1.23ns)   --->   "%pool_V_load = load i10 %pool_V_addr" [pipeline/D_Conv.cpp:48]   --->   Operation 80 'load' 'pool_V_load' <Predicate = (!icmp_ln41)> <Delay = 1.23> <CoreInst = "RAM">   --->   Core 83 'RAM' <Latency = 1> <II = 1> <Delay = 1.23> <Storage> <Opcode : 'load' 'store'> <Ports = 2> <Width = 16> <Depth = 784> <RAM>
ST_2 : Operation 81 [1/1] (0.78ns)   --->   "%add_ln45 = add i5 %select_ln43_4, i5 1" [pipeline/D_Conv.cpp:45]   --->   Operation 81 'add' 'add_ln45' <Predicate = (!icmp_ln41)> <Delay = 0.78> <CoreInst = "Adder">   --->   Core 1 'Adder' <Latency = 0> <II = 1> <Delay = 0.78> <FuncUnit> <Opcode : 'add' 'sub'> <InPorts = 2> <OutPorts = 1>
ST_2 : Operation 82 [1/1] (0.78ns)   --->   "%add_ln43_1 = add i10 %indvar_flatten158_load, i10 1" [pipeline/D_Conv.cpp:43]   --->   Operation 82 'add' 'add_ln43_1' <Predicate = (!icmp_ln41)> <Delay = 0.78> <CoreInst = "Adder">   --->   Core 1 'Adder' <Latency = 0> <II = 1> <Delay = 0.78> <FuncUnit> <Opcode : 'add' 'sub'> <InPorts = 2> <OutPorts = 1>
ST_2 : Operation 83 [1/1] (0.40ns)   --->   "%select_ln43_9 = select i1 %icmp_ln43, i10 1, i10 %add_ln43_1" [pipeline/D_Conv.cpp:43]   --->   Operation 83 'select' 'select_ln43_9' <Predicate = (!icmp_ln41)> <Delay = 0.40> <CoreInst = "Sel">   --->   Core 73 'Sel' <Latency = 0> <II = 1> <Delay = 0.40> <FuncUnit> <Opcode : 'select'> <InPorts = 3> <OutPorts = 1>
ST_2 : Operation 84 [1/1] (0.42ns)   --->   "%store_ln45 = store i11 %add_ln41, i11 %indvar_flatten194" [pipeline/D_Conv.cpp:45]   --->   Operation 84 'store' 'store_ln45' <Predicate = (!icmp_ln41)> <Delay = 0.42>
ST_2 : Operation 85 [1/1] (0.42ns)   --->   "%store_ln45 = store i3 %select_ln41, i3 %c" [pipeline/D_Conv.cpp:45]   --->   Operation 85 'store' 'store_ln45' <Predicate = (!icmp_ln41)> <Delay = 0.42>
ST_2 : Operation 86 [1/1] (0.42ns)   --->   "%store_ln45 = store i10 %select_ln43_9, i10 %indvar_flatten158" [pipeline/D_Conv.cpp:45]   --->   Operation 86 'store' 'store_ln45' <Predicate = (!icmp_ln41)> <Delay = 0.42>
ST_2 : Operation 87 [1/1] (0.42ns)   --->   "%store_ln45 = store i5 %select_ln43_8, i5 %n_3" [pipeline/D_Conv.cpp:45]   --->   Operation 87 'store' 'store_ln45' <Predicate = (!icmp_ln41)> <Delay = 0.42>
ST_2 : Operation 88 [1/1] (0.42ns)   --->   "%store_ln45 = store i5 %add_ln45, i5 %i_1" [pipeline/D_Conv.cpp:45]   --->   Operation 88 'store' 'store_ln45' <Predicate = (!icmp_ln41)> <Delay = 0.42>
ST_2 : Operation 103 [1/1] (0.00ns)   --->   "%ret_ln0 = ret"   --->   Operation 103 'ret' 'ret_ln0' <Predicate = (icmp_ln41)> <Delay = 0.00>

State 3 <SV = 2> <Delay = 2.83>
ST_3 : Operation 89 [1/1] (0.00ns)   --->   "%specloopname_ln0 = specloopname void @_ssdm_op_SpecLoopName, void @loop_for_3_channel_pad_1_loop_for_channel_pad_1_loop_for_weight_pad_1_str"   --->   Operation 89 'specloopname' 'specloopname_ln0' <Predicate = true> <Delay = 0.00>
ST_3 : Operation 90 [1/1] (0.00ns)   --->   "%empty_499 = speclooptripcount i32 @_ssdm_op_SpecLoopTripCount, i64 1024, i64 1024, i64 1024"   --->   Operation 90 'speclooptripcount' 'empty_499' <Predicate = true> <Delay = 0.00>
ST_3 : Operation 91 [1/1] (0.00ns)   --->   "%specpipeline_ln0 = specpipeline void @_ssdm_op_SpecPipeline, i32 4294967295, i32 0, i32 1, i32 0, void @p_str"   --->   Operation 91 'specpipeline' 'specpipeline_ln0' <Predicate = true> <Delay = 0.00>
ST_3 : Operation 92 [1/1] (0.00ns)   --->   "%specloopname_ln0 = specloopname void @_ssdm_op_SpecLoopName, void @loop_for_channel_pad_1_loop_for_weight_pad_1_str"   --->   Operation 92 'specloopname' 'specloopname_ln0' <Predicate = true> <Delay = 0.00>
ST_3 : Operation 93 [1/1] (0.00ns)   --->   "%specpipeline_ln0 = specpipeline void @_ssdm_op_SpecPipeline, i32 4294967295, i32 0, i32 1, i32 0, void @p_str"   --->   Operation 93 'specpipeline' 'specpipeline_ln0' <Predicate = true> <Delay = 0.00>
ST_3 : Operation 94 [1/1] (0.00ns)   --->   "%specloopname_ln45 = specloopname void @_ssdm_op_SpecLoopName, void @empty_27" [pipeline/D_Conv.cpp:45]   --->   Operation 94 'specloopname' 'specloopname_ln45' <Predicate = true> <Delay = 0.00>
ST_3 : Operation 95 [1/1] (0.00ns)   --->   "%zext_ln46 = zext i10 %add_ln46" [pipeline/D_Conv.cpp:46]   --->   Operation 95 'zext' 'zext_ln46' <Predicate = true> <Delay = 0.00>
ST_3 : Operation 96 [1/1] (0.00ns)   --->   "%OutPadConv1_V_addr = getelementptr i16 %OutPadConv1_V, i64 0, i64 %zext_ln46" [pipeline/D_Conv.cpp:46]   --->   Operation 96 'getelementptr' 'OutPadConv1_V_addr' <Predicate = true> <Delay = 0.00>
ST_3 : Operation 97 [1/2] (1.23ns)   --->   "%pool_V_load = load i10 %pool_V_addr" [pipeline/D_Conv.cpp:48]   --->   Operation 97 'load' 'pool_V_load' <Predicate = true> <Delay = 1.23> <CoreInst = "RAM">   --->   Core 83 'RAM' <Latency = 1> <II = 1> <Delay = 1.23> <Storage> <Opcode : 'load' 'store'> <Ports = 2> <Width = 16> <Depth = 784> <RAM>
ST_3 : Operation 98 [1/1] (0.00ns) (grouped into LUT with out node select_ln48)   --->   "%or_ln48_1 = or i1 %icmp_ln48_1, i1 %icmp_ln48" [pipeline/D_Conv.cpp:48]   --->   Operation 98 'or' 'or_ln48_1' <Predicate = true> <Delay = 0.00> <CoreInst = "LogicGate">   --->   Core 74 'LogicGate' <Latency = 0> <II = 1> <Delay = 0.28> <FuncUnit> <Opcode : 'and' 'or' 'xor'> <InPorts = 2> <OutPorts = 1>
ST_3 : Operation 99 [1/1] (0.00ns) (grouped into LUT with out node select_ln48)   --->   "%or_ln48_2 = or i1 %or_ln48_1, i1 %select_ln43_7" [pipeline/D_Conv.cpp:48]   --->   Operation 99 'or' 'or_ln48_2' <Predicate = true> <Delay = 0.00> <CoreInst = "LogicGate">   --->   Core 74 'LogicGate' <Latency = 0> <II = 1> <Delay = 0.28> <FuncUnit> <Opcode : 'and' 'or' 'xor'> <InPorts = 2> <OutPorts = 1>
ST_3 : Operation 100 [1/1] (0.35ns) (out node of the LUT)   --->   "%select_ln48 = select i1 %or_ln48_2, i16 0, i16 %pool_V_load" [pipeline/D_Conv.cpp:48]   --->   Operation 100 'select' 'select_ln48' <Predicate = true> <Delay = 0.35> <CoreInst = "Sel">   --->   Core 73 'Sel' <Latency = 0> <II = 1> <Delay = 0.35> <FuncUnit> <Opcode : 'select'> <InPorts = 3> <OutPorts = 1>
ST_3 : Operation 101 [1/1] (1.23ns)   --->   "%store_ln46 = store i16 %select_ln48, i10 %OutPadConv1_V_addr" [pipeline/D_Conv.cpp:46]   --->   Operation 101 'store' 'store_ln46' <Predicate = true> <Delay = 1.23> <CoreInst = "RAM_1WnR">   --->   Core 84 'RAM_1WnR' <Latency = 1> <II = 1> <Delay = 1.23> <Storage> <Opcode : 'load' 'store'> <Ports = 17> <Width = 16> <Depth = 1024> <RAM>
ST_3 : Operation 102 [1/1] (0.00ns)   --->   "%br_ln45 = br void %for.body8.i28" [pipeline/D_Conv.cpp:45]   --->   Operation 102 'br' 'br_ln45' <Predicate = true> <Delay = 0.00>


============================================================
+ Verbose Summary: Timing violations
============================================================
Target clock period: 10ns, clock uncertainty: 2.7ns.

 <State 1>: 0.427ns
The critical path consists of the following:
	'alloca' operation ('indvar_flatten194') [7]  (0 ns)
	'store' operation ('store_ln0') of constant 0 on local variable 'indvar_flatten194' [8]  (0.427 ns)

 <State 2>: 5.69ns
The critical path consists of the following:
	'load' operation ('indvar_flatten158_load', pipeline/D_Conv.cpp:43) on local variable 'indvar_flatten158' [37]  (0 ns)
	'icmp' operation ('icmp_ln43', pipeline/D_Conv.cpp:43) [40]  (0.912 ns)
	'select' operation ('select_ln43', pipeline/D_Conv.cpp:43) [41]  (0.414 ns)
	'add' operation ('add_ln43', pipeline/D_Conv.cpp:43) [54]  (0.789 ns)
	'sub' operation ('p_mid1156', pipeline/D_Conv.cpp:43) [67]  (0.765 ns)
	'add' operation ('add_ln48_3', pipeline/D_Conv.cpp:48) [69]  (0.787 ns)
	'select' operation ('select_ln43_6', pipeline/D_Conv.cpp:43) [70]  (0 ns)
	'add' operation ('add_ln48_1', pipeline/D_Conv.cpp:48) [85]  (0.787 ns)
	'getelementptr' operation ('pool_V_addr', pipeline/D_Conv.cpp:48) [87]  (0 ns)
	'load' operation ('pool_V_load', pipeline/D_Conv.cpp:48) on array 'pool_V' [88]  (1.24 ns)

 <State 3>: 2.83ns
The critical path consists of the following:
	'load' operation ('pool_V_load', pipeline/D_Conv.cpp:48) on array 'pool_V' [88]  (1.24 ns)
	'select' operation ('select_ln48', pipeline/D_Conv.cpp:48) [91]  (0.357 ns)
	'store' operation ('store_ln46', pipeline/D_Conv.cpp:46) of variable 'select_ln48', pipeline/D_Conv.cpp:48 on array 'OutPadConv1_V' [92]  (1.24 ns)


============================================================
+ Verbose Summary: Binding
============================================================
N/A
* FSMD analyzer results:
  - Output states:
 - Input state : 
  - Chain level:
	State 1
	State 2
	State 3


============================================================
+ Verbose Summary: Datapath Resource usage 
============================================================
N/A
