

================================================================
== Vitis HLS Report for 'D_CNN_Pipeline_loop_for_fc_2_loop_for_fb_2_loop_for_fa_2'
================================================================
* Date:           Wed Apr 15 01:46:12 2026

* Version:        2022.2 (Build 3670227 on Oct 13 2022)
* Project:        ProjectOne
* Solution:       solution1 (Vivado IP Flow Target)
* Product family: zynquplus
* Target device:  xck26-sfvc784-2LV-c


================================================================
== Performance Estimates
================================================================
+ Timing: 
    * Summary: 
    +--------+----------+----------+------------+
    |  Clock |  Target  | Estimated| Uncertainty|
    +--------+----------+----------+------------+
    |ap_clk  |  10.00 ns|  7.300 ns|     2.70 ns|
    +--------+----------+----------+------------+

+ Latency: 
    * Summary: 
    +---------+---------+----------+----------+-----+-----+---------+
    |  Latency (cycles) |  Latency (absolute) |  Interval | Pipeline|
    |   min   |   max   |    min   |    max   | min | max |   Type  |
    +---------+---------+----------+----------+-----+-----+---------+
    |       80|       80|  0.800 us|  0.800 us|   80|   80|       no|
    +---------+---------+----------+----------+-----+-----+---------+

    + Detail: 
        * Instance: 
        N/A

        * Loop: 
        +---------------------------------------------+---------+---------+----------+-----------+-----------+------+----------+
        |                                             |  Latency (cycles) | Iteration|  Initiation Interval  | Trip |          |
        |                  Loop Name                  |   min   |   max   |  Latency |  achieved |   target  | Count| Pipelined|
        +---------------------------------------------+---------+---------+----------+-----------+-----------+------+----------+
        |- loop_for_fc_2_loop_for_fb_2_loop_for_fa_2  |       78|       78|         8|          1|          1|    72|       yes|
        +---------------------------------------------+---------+---------+----------+-----------+-----------+------+----------+

============================================================
+ Verbose Summary: Synthesis Manager
============================================================
InlineROM: 1
ExposeGlobal: 0
============================================================
+ Verbose Summary: CDFG Model
============================================================
IsTopModel: 0
ResetActiveHigh: 1
IsCombinational: 0
IsDatapathOnly: 0
HasWiredReturn: 1
HasMFsm: 2
HasVarLatency: 1
IsPipeline: 0
IsRtlPipelined: 0
IsInstanceOverlapped: 0
IsDontTouch: 0
HasImplIP: 0
IsGatedGlobalClock: 0

+ Individual pipeline summary: 
  * Pipeline-0: initiation interval (II) = 1, depth = 8


============================================================
+ Verbose Summary: Schedule
============================================================
* Number of FSM states : 8
* Pipeline : 1
  Pipeline-0 : II = 1, D = 8, States = { 1 2 3 4 5 6 7 8 }
* Dataflow Pipeline: 0

* FSM state transitions: 
1 --> 2 
2 --> 3 
3 --> 4 
4 --> 5 
5 --> 6 
6 --> 7 
7 --> 8 
8 --> 

* FSM state operations: 

State 1 <SV = 0> <Delay = 2.18>
ST_1 : Operation 11 [1/1] (0.00ns)   --->   "%lhs = alloca i32 1"   --->   Operation 11 'alloca' 'lhs' <Predicate = true> <Delay = 0.00>
ST_1 : Operation 12 [1/1] (0.00ns)   --->   "%j = alloca i32 1"   --->   Operation 12 'alloca' 'j' <Predicate = true> <Delay = 0.00>
ST_1 : Operation 13 [1/1] (0.00ns)   --->   "%i = alloca i32 1"   --->   Operation 13 'alloca' 'i' <Predicate = true> <Delay = 0.00>
ST_1 : Operation 14 [1/1] (0.00ns)   --->   "%indvar_flatten455 = alloca i32 1"   --->   Operation 14 'alloca' 'indvar_flatten455' <Predicate = true> <Delay = 0.00>
ST_1 : Operation 15 [1/1] (0.00ns)   --->   "%k = alloca i32 1"   --->   Operation 15 'alloca' 'k' <Predicate = true> <Delay = 0.00>
ST_1 : Operation 16 [1/1] (0.00ns)   --->   "%indvar_flatten487 = alloca i32 1"   --->   Operation 16 'alloca' 'indvar_flatten487' <Predicate = true> <Delay = 0.00>
ST_1 : Operation 17 [1/1] (0.00ns)   --->   "%p_mid1483_read = read i11 @_ssdm_op_Read.ap_auto.i11, i11 %p_mid1483"   --->   Operation 17 'read' 'p_mid1483_read' <Predicate = true> <Delay = 0.00>
ST_1 : Operation 18 [1/1] (0.00ns)   --->   "%zext_ln97_read = read i5 @_ssdm_op_Read.ap_auto.i5, i5 %zext_ln97"   --->   Operation 18 'read' 'zext_ln97_read' <Predicate = true> <Delay = 0.00>
ST_1 : Operation 19 [1/1] (0.00ns)   --->   "%select_ln95_2_read = read i5 @_ssdm_op_Read.ap_auto.i5, i5 %select_ln95_2"   --->   Operation 19 'read' 'select_ln95_2_read' <Predicate = true> <Delay = 0.00>
ST_1 : Operation 20 [1/1] (0.00ns)   --->   "%sext_ln100_mid2_read = read i63 @_ssdm_op_Read.ap_auto.i63, i63 %sext_ln100_mid2"   --->   Operation 20 'read' 'sext_ln100_mid2_read' <Predicate = true> <Delay = 0.00>
ST_1 : Operation 21 [1/1] (0.00ns)   --->   "%zext_ln97_cast = zext i5 %zext_ln97_read"   --->   Operation 21 'zext' 'zext_ln97_cast' <Predicate = true> <Delay = 0.00>
ST_1 : Operation 22 [1/1] (0.00ns)   --->   "%sext_ln100_mid2_cast = sext i63 %sext_ln100_mid2_read"   --->   Operation 22 'sext' 'sext_ln100_mid2_cast' <Predicate = true> <Delay = 0.00>
ST_1 : Operation 23 [1/1] (0.00ns)   --->   "%specinterface_ln0 = specinterface void @_ssdm_op_SpecInterface, i16 %gmem1, void @empty_7, i32 0, i32 0, void @empty_8, i32 0, i32 0, void @empty_11, void @empty_1, void @empty_8, i32 16, i32 16, i32 16, i32 16, void @empty_8, void @empty_8, i32 4294967295, i32 0"   --->   Operation 23 'specinterface' 'specinterface_ln0' <Predicate = true> <Delay = 0.00>
ST_1 : Operation 24 [1/1] (0.42ns)   --->   "%store_ln0 = store i7 0, i7 %indvar_flatten487"   --->   Operation 24 'store' 'store_ln0' <Predicate = true> <Delay = 0.42>
ST_1 : Operation 25 [1/1] (0.42ns)   --->   "%store_ln0 = store i4 0, i4 %k"   --->   Operation 25 'store' 'store_ln0' <Predicate = true> <Delay = 0.42>
ST_1 : Operation 26 [1/1] (0.42ns)   --->   "%store_ln0 = store i4 0, i4 %indvar_flatten455"   --->   Operation 26 'store' 'store_ln0' <Predicate = true> <Delay = 0.42>
ST_1 : Operation 27 [1/1] (0.42ns)   --->   "%store_ln0 = store i2 0, i2 %i"   --->   Operation 27 'store' 'store_ln0' <Predicate = true> <Delay = 0.42>
ST_1 : Operation 28 [1/1] (0.42ns)   --->   "%store_ln0 = store i2 0, i2 %j"   --->   Operation 28 'store' 'store_ln0' <Predicate = true> <Delay = 0.42>
ST_1 : Operation 29 [1/1] (0.42ns)   --->   "%store_ln0 = store i16 0, i16 %lhs"   --->   Operation 29 'store' 'store_ln0' <Predicate = true> <Delay = 0.42>
ST_1 : Operation 30 [1/1] (0.00ns)   --->   "%br_ln0 = br void %for.body20.i231"   --->   Operation 30 'br' 'br_ln0' <Predicate = true> <Delay = 0.00>
ST_1 : Operation 31 [1/1] (0.00ns)   --->   "%indvar_flatten487_load = load i7 %indvar_flatten487" [pipeline/D_Conv.cpp:100]   --->   Operation 31 'load' 'indvar_flatten487_load' <Predicate = true> <Delay = 0.00>
ST_1 : Operation 32 [1/1] (0.81ns)   --->   "%icmp_ln100 = icmp_eq  i7 %indvar_flatten487_load, i7 72" [pipeline/D_Conv.cpp:100]   --->   Operation 32 'icmp' 'icmp_ln100' <Predicate = true> <Delay = 0.81> <CoreInst = "Cmp">   --->   Core 9 'Cmp' <Latency = 0> <II = 1> <Delay = 0.81> <FuncUnit> <Opcode : 'icmp'> <InPorts = 2> <OutPorts = 1>
ST_1 : Operation 33 [1/1] (0.77ns)   --->   "%add_ln100 = add i7 %indvar_flatten487_load, i7 1" [pipeline/D_Conv.cpp:100]   --->   Operation 33 'add' 'add_ln100' <Predicate = true> <Delay = 0.77> <CoreInst = "Adder">   --->   Core 1 'Adder' <Latency = 0> <II = 1> <Delay = 0.77> <FuncUnit> <Opcode : 'add' 'sub'> <InPorts = 2> <OutPorts = 1>
ST_1 : Operation 34 [1/1] (0.00ns)   --->   "%br_ln100 = br i1 %icmp_ln100, void %for.inc40.i237, void %_ZN13ap_fixed_baseILi17ELi9ELb1EL9ap_q_mode5EL9ap_o_mode3ELi0EEC2Ei.exit.i70.i243.exitStub" [pipeline/D_Conv.cpp:100]   --->   Operation 34 'br' 'br_ln100' <Predicate = true> <Delay = 0.00>
ST_1 : Operation 35 [1/1] (0.00ns)   --->   "%indvar_flatten455_load = load i4 %indvar_flatten455" [pipeline/D_Conv.cpp:102]   --->   Operation 35 'load' 'indvar_flatten455_load' <Predicate = (!icmp_ln100)> <Delay = 0.00>
ST_1 : Operation 36 [1/1] (0.00ns)   --->   "%k_load = load i4 %k" [pipeline/D_Conv.cpp:100]   --->   Operation 36 'load' 'k_load' <Predicate = (!icmp_ln100)> <Delay = 0.00>
ST_1 : Operation 37 [1/1] (0.72ns)   --->   "%icmp_ln102 = icmp_eq  i4 %indvar_flatten455_load, i4 9" [pipeline/D_Conv.cpp:102]   --->   Operation 37 'icmp' 'icmp_ln102' <Predicate = (!icmp_ln100)> <Delay = 0.72> <CoreInst = "Cmp">   --->   Core 9 'Cmp' <Latency = 0> <II = 1> <Delay = 0.72> <FuncUnit> <Opcode : 'icmp'> <InPorts = 2> <OutPorts = 1>
ST_1 : Operation 38 [1/1] (0.79ns)   --->   "%add_ln100_1 = add i4 %k_load, i4 1" [pipeline/D_Conv.cpp:100]   --->   Operation 38 'add' 'add_ln100_1' <Predicate = (!icmp_ln100)> <Delay = 0.79> <CoreInst = "Adder">   --->   Core 1 'Adder' <Latency = 0> <II = 1> <Delay = 0.79> <FuncUnit> <Opcode : 'add' 'sub'> <InPorts = 2> <OutPorts = 1>
ST_1 : Operation 39 [1/1] (0.39ns)   --->   "%select_ln102_1 = select i1 %icmp_ln102, i4 %add_ln100_1, i4 %k_load" [pipeline/D_Conv.cpp:102]   --->   Operation 39 'select' 'select_ln102_1' <Predicate = (!icmp_ln100)> <Delay = 0.39> <CoreInst = "Sel">   --->   Core 73 'Sel' <Latency = 0> <II = 1> <Delay = 0.39> <FuncUnit> <Opcode : 'select'> <InPorts = 3> <OutPorts = 1>
ST_1 : Operation 40 [1/1] (0.00ns)   --->   "%zext_ln102_1 = zext i4 %select_ln102_1" [pipeline/D_Conv.cpp:102]   --->   Operation 40 'zext' 'zext_ln102_1' <Predicate = (!icmp_ln100)> <Delay = 0.00>
ST_1 : Operation 41 [3/3] (0.99ns) (grouped into DSP with root node add_ln102_1)   --->   "%mul_ln102 = mul i13 %zext_ln102_1, i13 900" [pipeline/D_Conv.cpp:102]   --->   Operation 41 'mul' 'mul_ln102' <Predicate = (!icmp_ln100)> <Delay = 0.99> <CoreInst = "DSP48">   --->   Core 127 'DSP48' <Latency = 3> <II = 1> <Delay = 0.53> <IPBlock> <Opcode : 'mul' 'add' 'sub' 'select'> <InPorts = 0> <OutPorts = 1> <Sync> <CReg>
ST_1 : Operation 42 [1/1] (0.79ns)   --->   "%add_ln102_2 = add i4 %indvar_flatten455_load, i4 1" [pipeline/D_Conv.cpp:102]   --->   Operation 42 'add' 'add_ln102_2' <Predicate = (!icmp_ln100)> <Delay = 0.79> <CoreInst = "Adder">   --->   Core 1 'Adder' <Latency = 0> <II = 1> <Delay = 0.79> <FuncUnit> <Opcode : 'add' 'sub'> <InPorts = 2> <OutPorts = 1>
ST_1 : Operation 43 [1/1] (0.39ns)   --->   "%select_ln102_6 = select i1 %icmp_ln102, i4 1, i4 %add_ln102_2" [pipeline/D_Conv.cpp:102]   --->   Operation 43 'select' 'select_ln102_6' <Predicate = (!icmp_ln100)> <Delay = 0.39> <CoreInst = "Sel">   --->   Core 73 'Sel' <Latency = 0> <II = 1> <Delay = 0.39> <FuncUnit> <Opcode : 'select'> <InPorts = 3> <OutPorts = 1>
ST_1 : Operation 44 [1/1] (0.42ns)   --->   "%store_ln104 = store i7 %add_ln100, i7 %indvar_flatten487" [pipeline/D_Conv.cpp:104]   --->   Operation 44 'store' 'store_ln104' <Predicate = (!icmp_ln100)> <Delay = 0.42>
ST_1 : Operation 45 [1/1] (0.42ns)   --->   "%store_ln104 = store i4 %select_ln102_1, i4 %k" [pipeline/D_Conv.cpp:104]   --->   Operation 45 'store' 'store_ln104' <Predicate = (!icmp_ln100)> <Delay = 0.42>
ST_1 : Operation 46 [1/1] (0.42ns)   --->   "%store_ln104 = store i4 %select_ln102_6, i4 %indvar_flatten455" [pipeline/D_Conv.cpp:104]   --->   Operation 46 'store' 'store_ln104' <Predicate = (!icmp_ln100)> <Delay = 0.42>

State 2 <SV = 1> <Delay = 0.99>
ST_2 : Operation 47 [2/3] (0.99ns) (grouped into DSP with root node add_ln102_1)   --->   "%mul_ln102 = mul i13 %zext_ln102_1, i13 900" [pipeline/D_Conv.cpp:102]   --->   Operation 47 'mul' 'mul_ln102' <Predicate = (!icmp_ln100)> <Delay = 0.99> <CoreInst = "DSP48">   --->   Core 127 'DSP48' <Latency = 3> <II = 1> <Delay = 0.53> <IPBlock> <Opcode : 'mul' 'add' 'sub' 'select'> <InPorts = 0> <OutPorts = 1> <Sync> <CReg>

State 3 <SV = 2> <Delay = 0.64>
ST_3 : Operation 48 [1/3] (0.00ns) (grouped into DSP with root node add_ln102_1)   --->   "%mul_ln102 = mul i13 %zext_ln102_1, i13 900" [pipeline/D_Conv.cpp:102]   --->   Operation 48 'mul' 'mul_ln102' <Predicate = (!icmp_ln100)> <Delay = 0.00> <CoreInst = "DSP48">   --->   Core 127 'DSP48' <Latency = 3> <II = 1> <Delay = 0.53> <IPBlock> <Opcode : 'mul' 'add' 'sub' 'select'> <InPorts = 0> <OutPorts = 1> <Sync> <CReg>
ST_3 : Operation 49 [2/2] (0.64ns) (root node of the DSP)   --->   "%add_ln102_1 = add i13 %mul_ln102, i13 %zext_ln97_cast" [pipeline/D_Conv.cpp:102]   --->   Operation 49 'add' 'add_ln102_1' <Predicate = (!icmp_ln100)> <Delay = 0.64> <CoreInst = "DSP48">   --->   Core 127 'DSP48' <Latency = 3> <II = 1> <Delay = 0.53> <IPBlock> <Opcode : 'mul' 'add' 'sub' 'select'> <InPorts = 0> <OutPorts = 1> <Sync> <CReg>

State 4 <SV = 3> <Delay = 7.30>
ST_4 : Operation 50 [1/1] (0.00ns)   --->   "%i_1 = load i2 %i" [pipeline/D_Conv.cpp:102]   --->   Operation 50 'load' 'i_1' <Predicate = true> <Delay = 0.00>
ST_4 : Operation 51 [1/1] (0.00ns)   --->   "%gmem1_addr = getelementptr i16 %gmem1, i64 %sext_ln100_mid2_cast" [pipeline/D_Conv.cpp:100]   --->   Operation 51 'getelementptr' 'gmem1_addr' <Predicate = true> <Delay = 0.00>
ST_4 : Operation 52 [1/1] (0.00ns)   --->   "%zext_ln102 = zext i2 %i_1" [pipeline/D_Conv.cpp:102]   --->   Operation 52 'zext' 'zext_ln102' <Predicate = (!icmp_ln102)> <Delay = 0.00>
ST_4 : Operation 53 [1/1] (0.78ns)   --->   "%empty = add i5 %zext_ln102, i5 %select_ln95_2_read" [pipeline/D_Conv.cpp:102]   --->   Operation 53 'add' 'empty' <Predicate = (!icmp_ln102)> <Delay = 0.78> <CoreInst = "Adder">   --->   Core 1 'Adder' <Latency = 0> <II = 1> <Delay = 0.78> <FuncUnit> <Opcode : 'add' 'sub'> <InPorts = 2> <OutPorts = 1>
ST_4 : Operation 54 [1/1] (0.00ns)   --->   "%p_shl = bitconcatenate i10 @_ssdm_op_BitConcatenate.i10.i5.i5, i5 %empty, i5 0" [pipeline/D_Conv.cpp:102]   --->   Operation 54 'bitconcatenate' 'p_shl' <Predicate = (!icmp_ln102)> <Delay = 0.00>
ST_4 : Operation 55 [1/1] (0.00ns)   --->   "%p_shl33_cast = zext i10 %p_shl" [pipeline/D_Conv.cpp:102]   --->   Operation 55 'zext' 'p_shl33_cast' <Predicate = (!icmp_ln102)> <Delay = 0.00>
ST_4 : Operation 56 [1/1] (0.00ns)   --->   "%p_shl1 = bitconcatenate i6 @_ssdm_op_BitConcatenate.i6.i5.i1, i5 %empty, i1 0" [pipeline/D_Conv.cpp:102]   --->   Operation 56 'bitconcatenate' 'p_shl1' <Predicate = (!icmp_ln102)> <Delay = 0.00>
ST_4 : Operation 57 [1/1] (0.00ns)   --->   "%p_shl34_cast = zext i6 %p_shl1" [pipeline/D_Conv.cpp:102]   --->   Operation 57 'zext' 'p_shl34_cast' <Predicate = (!icmp_ln102)> <Delay = 0.00>
ST_4 : Operation 58 [1/1] (0.78ns)   --->   "%empty_405 = sub i11 %p_shl33_cast, i11 %p_shl34_cast" [pipeline/D_Conv.cpp:102]   --->   Operation 58 'sub' 'empty_405' <Predicate = (!icmp_ln102)> <Delay = 0.78> <CoreInst = "Adder">   --->   Core 1 'Adder' <Latency = 0> <II = 1> <Delay = 0.78> <FuncUnit> <Opcode : 'add' 'sub'> <InPorts = 2> <OutPorts = 1>
ST_4 : Operation 59 [1/1] (0.00ns)   --->   "%specpipeline_ln0 = specpipeline void @_ssdm_op_SpecPipeline, i32 4294967295, i32 0, i32 1, i32 0, void @p_str"   --->   Operation 59 'specpipeline' 'specpipeline_ln0' <Predicate = true> <Delay = 0.00>
ST_4 : Operation 60 [1/1] (0.00ns)   --->   "%j_load = load i2 %j" [pipeline/D_Conv.cpp:104]   --->   Operation 60 'load' 'j_load' <Predicate = (!icmp_ln100)> <Delay = 0.00>
ST_4 : Operation 61 [1/1] (0.17ns)   --->   "%select_ln102 = select i1 %icmp_ln102, i2 0, i2 %i_1" [pipeline/D_Conv.cpp:102]   --->   Operation 61 'select' 'select_ln102' <Predicate = (!icmp_ln100)> <Delay = 0.17> <CoreInst = "Sel">   --->   Core 73 'Sel' <Latency = 0> <II = 1> <Delay = 0.17> <FuncUnit> <Opcode : 'select'> <InPorts = 3> <OutPorts = 1>
ST_4 : Operation 62 [1/2] (0.64ns) (root node of the DSP)   --->   "%add_ln102_1 = add i13 %mul_ln102, i13 %zext_ln97_cast" [pipeline/D_Conv.cpp:102]   --->   Operation 62 'add' 'add_ln102_1' <Predicate = (!icmp_ln100)> <Delay = 0.64> <CoreInst = "DSP48">   --->   Core 127 'DSP48' <Latency = 3> <II = 1> <Delay = 0.53> <IPBlock> <Opcode : 'mul' 'add' 'sub' 'select'> <InPorts = 0> <OutPorts = 1> <Sync> <CReg>
ST_4 : Operation 63 [1/1] (0.00ns) (grouped into LUT with out node add_ln105)   --->   "%select_ln102_2 = select i1 %icmp_ln102, i11 %p_mid1483_read, i11 %empty_405" [pipeline/D_Conv.cpp:102]   --->   Operation 63 'select' 'select_ln102_2' <Predicate = (!icmp_ln100)> <Delay = 0.00> <CoreInst = "Sel">   --->   Core 73 'Sel' <Latency = 0> <II = 1> <Delay = 0.38> <FuncUnit> <Opcode : 'select'> <InPorts = 3> <OutPorts = 1>
ST_4 : Operation 64 [1/1] (0.00ns) (grouped into LUT with out node and_ln102)   --->   "%xor_ln102 = xor i1 %icmp_ln102, i1 1" [pipeline/D_Conv.cpp:102]   --->   Operation 64 'xor' 'xor_ln102' <Predicate = (!icmp_ln100)> <Delay = 0.00> <CoreInst = "LogicGate">   --->   Core 74 'LogicGate' <Latency = 0> <II = 1> <Delay = 0.28> <FuncUnit> <Opcode : 'and' 'or' 'xor'> <InPorts = 2> <OutPorts = 1>
ST_4 : Operation 65 [1/1] (0.44ns)   --->   "%icmp_ln104 = icmp_eq  i2 %j_load, i2 3" [pipeline/D_Conv.cpp:104]   --->   Operation 65 'icmp' 'icmp_ln104' <Predicate = (!icmp_ln100)> <Delay = 0.44> <CoreInst = "Cmp">   --->   Core 9 'Cmp' <Latency = 0> <II = 1> <Delay = 0.44> <FuncUnit> <Opcode : 'icmp'> <InPorts = 2> <OutPorts = 1>
ST_4 : Operation 66 [1/1] (0.28ns) (out node of the LUT)   --->   "%and_ln102 = and i1 %icmp_ln104, i1 %xor_ln102" [pipeline/D_Conv.cpp:102]   --->   Operation 66 'and' 'and_ln102' <Predicate = (!icmp_ln100)> <Delay = 0.28> <CoreInst = "LogicGate">   --->   Core 74 'LogicGate' <Latency = 0> <II = 1> <Delay = 0.28> <FuncUnit> <Opcode : 'and' 'or' 'xor'> <InPorts = 2> <OutPorts = 1>
ST_4 : Operation 67 [1/1] (0.54ns)   --->   "%add_ln102 = add i2 %select_ln102, i2 1" [pipeline/D_Conv.cpp:102]   --->   Operation 67 'add' 'add_ln102' <Predicate = (!icmp_ln100)> <Delay = 0.54> <CoreInst = "Adder">   --->   Core 1 'Adder' <Latency = 0> <II = 1> <Delay = 0.54> <FuncUnit> <Opcode : 'add' 'sub'> <InPorts = 2> <OutPorts = 1>
ST_4 : Operation 68 [1/1] (0.00ns) (grouped into LUT with out node select_ln102_3)   --->   "%or_ln102 = or i1 %and_ln102, i1 %icmp_ln102" [pipeline/D_Conv.cpp:102]   --->   Operation 68 'or' 'or_ln102' <Predicate = (!icmp_ln100)> <Delay = 0.00> <CoreInst = "LogicGate">   --->   Core 74 'LogicGate' <Latency = 0> <II = 1> <Delay = 0.28> <FuncUnit> <Opcode : 'and' 'or' 'xor'> <InPorts = 2> <OutPorts = 1>
ST_4 : Operation 69 [1/1] (0.28ns) (out node of the LUT)   --->   "%select_ln102_3 = select i1 %or_ln102, i2 0, i2 %j_load" [pipeline/D_Conv.cpp:102]   --->   Operation 69 'select' 'select_ln102_3' <Predicate = (!icmp_ln100)> <Delay = 0.28> <CoreInst = "Sel">   --->   Core 73 'Sel' <Latency = 0> <II = 1> <Delay = 0.17> <FuncUnit> <Opcode : 'select'> <InPorts = 3> <OutPorts = 1>
ST_4 : Operation 70 [1/1] (0.00ns)   --->   "%zext_ln102_2 = zext i2 %add_ln102" [pipeline/D_Conv.cpp:102]   --->   Operation 70 'zext' 'zext_ln102_2' <Predicate = (!icmp_ln100)> <Delay = 0.00>
ST_4 : Operation 71 [1/1] (0.78ns)   --->   "%p_mid1451 = add i5 %zext_ln102_2, i5 %select_ln95_2_read" [pipeline/D_Conv.cpp:102]   --->   Operation 71 'add' 'p_mid1451' <Predicate = (!icmp_ln100)> <Delay = 0.78> <CoreInst = "Adder">   --->   Core 1 'Adder' <Latency = 0> <II = 1> <Delay = 0.78> <FuncUnit> <Opcode : 'add' 'sub'> <InPorts = 2> <OutPorts = 1>
ST_4 : Operation 72 [1/1] (0.00ns)   --->   "%p_shl33_mid1 = bitconcatenate i10 @_ssdm_op_BitConcatenate.i10.i5.i5, i5 %p_mid1451, i5 0" [pipeline/D_Conv.cpp:102]   --->   Operation 72 'bitconcatenate' 'p_shl33_mid1' <Predicate = (!icmp_ln100)> <Delay = 0.00>
ST_4 : Operation 73 [1/1] (0.00ns)   --->   "%p_shl33_cast_mid1 = zext i10 %p_shl33_mid1" [pipeline/D_Conv.cpp:102]   --->   Operation 73 'zext' 'p_shl33_cast_mid1' <Predicate = (!icmp_ln100)> <Delay = 0.00>
ST_4 : Operation 74 [1/1] (0.00ns)   --->   "%p_shl34_mid1 = bitconcatenate i6 @_ssdm_op_BitConcatenate.i6.i5.i1, i5 %p_mid1451, i1 0" [pipeline/D_Conv.cpp:102]   --->   Operation 74 'bitconcatenate' 'p_shl34_mid1' <Predicate = (!icmp_ln100)> <Delay = 0.00>
ST_4 : Operation 75 [1/1] (0.00ns)   --->   "%p_shl34_cast_mid1 = zext i6 %p_shl34_mid1" [pipeline/D_Conv.cpp:102]   --->   Operation 75 'zext' 'p_shl34_cast_mid1' <Predicate = (!icmp_ln100)> <Delay = 0.00>
ST_4 : Operation 76 [1/1] (0.78ns)   --->   "%p_mid1453 = sub i11 %p_shl33_cast_mid1, i11 %p_shl34_cast_mid1" [pipeline/D_Conv.cpp:102]   --->   Operation 76 'sub' 'p_mid1453' <Predicate = (!icmp_ln100)> <Delay = 0.78> <CoreInst = "Adder">   --->   Core 1 'Adder' <Latency = 0> <II = 1> <Delay = 0.78> <FuncUnit> <Opcode : 'add' 'sub'> <InPorts = 2> <OutPorts = 1>
ST_4 : Operation 77 [1/1] (0.00ns) (grouped into LUT with out node add_ln105)   --->   "%select_ln102_4 = select i1 %and_ln102, i11 %p_mid1453, i11 %select_ln102_2" [pipeline/D_Conv.cpp:102]   --->   Operation 77 'select' 'select_ln102_4' <Predicate = (!icmp_ln100)> <Delay = 0.00> <CoreInst = "Sel">   --->   Core 73 'Sel' <Latency = 0> <II = 1> <Delay = 0.38> <FuncUnit> <Opcode : 'select'> <InPorts = 3> <OutPorts = 1>
ST_4 : Operation 78 [1/1] (0.17ns)   --->   "%select_ln102_5 = select i1 %and_ln102, i2 %add_ln102, i2 %select_ln102" [pipeline/D_Conv.cpp:102]   --->   Operation 78 'select' 'select_ln102_5' <Predicate = (!icmp_ln100)> <Delay = 0.17> <CoreInst = "Sel">   --->   Core 73 'Sel' <Latency = 0> <II = 1> <Delay = 0.17> <FuncUnit> <Opcode : 'select'> <InPorts = 3> <OutPorts = 1>
ST_4 : Operation 79 [1/1] (0.00ns) (grouped into LUT with out node add_ln105)   --->   "%j_cast = zext i2 %select_ln102_3" [pipeline/D_Conv.cpp:102]   --->   Operation 79 'zext' 'j_cast' <Predicate = (!icmp_ln100)> <Delay = 0.00>
ST_4 : Operation 80 [1/1] (0.79ns) (out node of the LUT)   --->   "%add_ln105 = add i11 %select_ln102_4, i11 %j_cast" [pipeline/D_Conv.cpp:105]   --->   Operation 80 'add' 'add_ln105' <Predicate = (!icmp_ln100)> <Delay = 0.79> <CoreInst = "Adder">   --->   Core 1 'Adder' <Latency = 0> <II = 1> <Delay = 0.79> <FuncUnit> <Opcode : 'add' 'sub'> <InPorts = 2> <OutPorts = 1>
ST_4 : Operation 81 [1/1] (0.00ns)   --->   "%sext_ln105 = sext i11 %add_ln105" [pipeline/D_Conv.cpp:105]   --->   Operation 81 'sext' 'sext_ln105' <Predicate = (!icmp_ln100)> <Delay = 0.00>
ST_4 : Operation 82 [1/1] (0.82ns)   --->   "%add_ln105_1 = add i13 %sext_ln105, i13 %add_ln102_1" [pipeline/D_Conv.cpp:105]   --->   Operation 82 'add' 'add_ln105_1' <Predicate = (!icmp_ln100)> <Delay = 0.82> <CoreInst = "Adder">   --->   Core 1 'Adder' <Latency = 0> <II = 1> <Delay = 0.82> <FuncUnit> <Opcode : 'add' 'sub'> <InPorts = 2> <OutPorts = 1>
ST_4 : Operation 83 [1/1] (0.00ns)   --->   "%zext_ln1271 = zext i13 %add_ln105_1"   --->   Operation 83 'zext' 'zext_ln1271' <Predicate = (!icmp_ln100)> <Delay = 0.00>
ST_4 : Operation 84 [1/1] (7.30ns)   --->   "%r_V = read i16 @_ssdm_op_Read.m_axi.p1i16, i16 %gmem1_addr"   --->   Operation 84 'read' 'r_V' <Predicate = (!icmp_ln100)> <Delay = 7.30> <CoreInst = "m_axi">   --->   Core 121 'm_axi' <Latency = 0> <II = 1> <Delay = 1.00> <Adapter> <Opcode : 'read' 'write' 'readreq' 'writereq' 'writeresp'>
ST_4 : Operation 85 [1/1] (0.00ns)   --->   "%OutPadConv2_V_addr = getelementptr i16 %OutPadConv2_V, i64 0, i64 %zext_ln1271"   --->   Operation 85 'getelementptr' 'OutPadConv2_V_addr' <Predicate = (!icmp_ln100)> <Delay = 0.00>
ST_4 : Operation 86 [2/2] (1.23ns)   --->   "%OutPadConv2_V_load = load i13 %OutPadConv2_V_addr"   --->   Operation 86 'load' 'OutPadConv2_V_load' <Predicate = (!icmp_ln100)> <Delay = 1.23> <CoreInst = "RAM">   --->   Core 83 'RAM' <Latency = 1> <II = 1> <Delay = 1.23> <Storage> <Opcode : 'load' 'store'> <Ports = 2> <Width = 16> <Depth = 7200> <RAM>
ST_4 : Operation 87 [1/1] (0.54ns)   --->   "%add_ln104 = add i2 %select_ln102_3, i2 1" [pipeline/D_Conv.cpp:104]   --->   Operation 87 'add' 'add_ln104' <Predicate = (!icmp_ln100)> <Delay = 0.54> <CoreInst = "Adder">   --->   Core 1 'Adder' <Latency = 0> <II = 1> <Delay = 0.54> <FuncUnit> <Opcode : 'add' 'sub'> <InPorts = 2> <OutPorts = 1>
ST_4 : Operation 88 [1/1] (0.42ns)   --->   "%store_ln104 = store i2 %select_ln102_5, i2 %i" [pipeline/D_Conv.cpp:104]   --->   Operation 88 'store' 'store_ln104' <Predicate = (!icmp_ln100)> <Delay = 0.42>
ST_4 : Operation 89 [1/1] (0.42ns)   --->   "%store_ln104 = store i2 %add_ln104, i2 %j" [pipeline/D_Conv.cpp:104]   --->   Operation 89 'store' 'store_ln104' <Predicate = (!icmp_ln100)> <Delay = 0.42>

State 5 <SV = 4> <Delay = 2.23>
ST_5 : Operation 90 [1/1] (0.00ns)   --->   "%sext_ln1347 = sext i16 %r_V"   --->   Operation 90 'sext' 'sext_ln1347' <Predicate = true> <Delay = 0.00>
ST_5 : Operation 91 [1/2] (1.23ns)   --->   "%OutPadConv2_V_load = load i13 %OutPadConv2_V_addr"   --->   Operation 91 'load' 'OutPadConv2_V_load' <Predicate = true> <Delay = 1.23> <CoreInst = "RAM">   --->   Core 83 'RAM' <Latency = 1> <II = 1> <Delay = 1.23> <Storage> <Opcode : 'load' 'store'> <Ports = 2> <Width = 16> <Depth = 7200> <RAM>
ST_5 : Operation 92 [1/1] (0.00ns)   --->   "%sext_ln1347_70 = sext i16 %OutPadConv2_V_load"   --->   Operation 92 'sext' 'sext_ln1347_70' <Predicate = true> <Delay = 0.00>
ST_5 : Operation 93 [3/3] (0.99ns) (grouped into DSP with root node ret_V)   --->   "%mul_ln1347 = mul i24 %sext_ln1347_70, i24 %sext_ln1347"   --->   Operation 93 'mul' 'mul_ln1347' <Predicate = true> <Delay = 0.99> <CoreInst = "DSP48">   --->   Core 127 'DSP48' <Latency = 3> <II = 1> <Delay = 0.53> <IPBlock> <Opcode : 'mul' 'add' 'sub' 'select'> <InPorts = 0> <OutPorts = 1> <Sync> <CReg>

State 6 <SV = 5> <Delay = 0.99>
ST_6 : Operation 94 [2/3] (0.99ns) (grouped into DSP with root node ret_V)   --->   "%mul_ln1347 = mul i24 %sext_ln1347_70, i24 %sext_ln1347"   --->   Operation 94 'mul' 'mul_ln1347' <Predicate = true> <Delay = 0.99> <CoreInst = "DSP48">   --->   Core 127 'DSP48' <Latency = 3> <II = 1> <Delay = 0.53> <IPBlock> <Opcode : 'mul' 'add' 'sub' 'select'> <InPorts = 0> <OutPorts = 1> <Sync> <CReg>

State 7 <SV = 6> <Delay = 0.64>
ST_7 : Operation 95 [1/1] (0.00ns)   --->   "%lhs_load_1 = load i16 %lhs"   --->   Operation 95 'load' 'lhs_load_1' <Predicate = true> <Delay = 0.00>
ST_7 : Operation 96 [1/3] (0.00ns) (grouped into DSP with root node ret_V)   --->   "%mul_ln1347 = mul i24 %sext_ln1347_70, i24 %sext_ln1347"   --->   Operation 96 'mul' 'mul_ln1347' <Predicate = true> <Delay = 0.00> <CoreInst = "DSP48">   --->   Core 127 'DSP48' <Latency = 3> <II = 1> <Delay = 0.53> <IPBlock> <Opcode : 'mul' 'add' 'sub' 'select'> <InPorts = 0> <OutPorts = 1> <Sync> <CReg>
ST_7 : Operation 97 [1/1] (0.00ns)   --->   "%lhs_1 = bitconcatenate i24 @_ssdm_op_BitConcatenate.i24.i16.i8, i16 %lhs_load_1, i8 0"   --->   Operation 97 'bitconcatenate' 'lhs_1' <Predicate = true> <Delay = 0.00>
ST_7 : Operation 98 [2/2] (0.64ns) (root node of the DSP)   --->   "%ret_V = add i24 %lhs_1, i24 %mul_ln1347"   --->   Operation 98 'add' 'ret_V' <Predicate = true> <Delay = 0.64> <CoreInst = "DSP48">   --->   Core 127 'DSP48' <Latency = 3> <II = 1> <Delay = 0.53> <IPBlock> <Opcode : 'mul' 'add' 'sub' 'select'> <InPorts = 0> <OutPorts = 1> <Sync> <CReg>
ST_7 : Operation 109 [1/1] (0.00ns)   --->   "%lhs_load = load i16 %lhs"   --->   Operation 109 'load' 'lhs_load' <Predicate = (icmp_ln100)> <Delay = 0.00>
ST_7 : Operation 110 [1/1] (0.00ns)   --->   "%write_ln0 = write void @_ssdm_op_Write.ap_auto.i16P0A, i16 %s_V_2_out, i16 %lhs_load"   --->   Operation 110 'write' 'write_ln0' <Predicate = (icmp_ln100)> <Delay = 0.00>
ST_7 : Operation 111 [1/1] (0.00ns)   --->   "%ret_ln0 = ret"   --->   Operation 111 'ret' 'ret_ln0' <Predicate = (icmp_ln100)> <Delay = 0.00>

State 8 <SV = 7> <Delay = 1.07>
ST_8 : Operation 99 [1/1] (0.00ns)   --->   "%specloopname_ln0 = specloopname void @_ssdm_op_SpecLoopName, void @loop_for_fc_2_loop_for_fb_2_loop_for_fa_2_str"   --->   Operation 99 'specloopname' 'specloopname_ln0' <Predicate = true> <Delay = 0.00>
ST_8 : Operation 100 [1/1] (0.00ns)   --->   "%empty_406 = speclooptripcount i32 @_ssdm_op_SpecLoopTripCount, i64 72, i64 72, i64 72"   --->   Operation 100 'speclooptripcount' 'empty_406' <Predicate = true> <Delay = 0.00>
ST_8 : Operation 101 [1/1] (0.00ns)   --->   "%specpipeline_ln0 = specpipeline void @_ssdm_op_SpecPipeline, i32 4294967295, i32 0, i32 1, i32 0, void @p_str"   --->   Operation 101 'specpipeline' 'specpipeline_ln0' <Predicate = true> <Delay = 0.00>
ST_8 : Operation 102 [1/1] (0.00ns)   --->   "%specloopname_ln0 = specloopname void @_ssdm_op_SpecLoopName, void @loop_for_fb_2_loop_for_fa_2_str"   --->   Operation 102 'specloopname' 'specloopname_ln0' <Predicate = true> <Delay = 0.00>
ST_8 : Operation 103 [1/1] (0.00ns)   --->   "%specpipeline_ln0 = specpipeline void @_ssdm_op_SpecPipeline, i32 4294967295, i32 0, i32 1, i32 0, void @p_str"   --->   Operation 103 'specpipeline' 'specpipeline_ln0' <Predicate = true> <Delay = 0.00>
ST_8 : Operation 104 [1/1] (0.00ns)   --->   "%specloopname_ln98 = specloopname void @_ssdm_op_SpecLoopName, void @empty_9" [pipeline/D_Conv.cpp:98]   --->   Operation 104 'specloopname' 'specloopname_ln98' <Predicate = true> <Delay = 0.00>
ST_8 : Operation 105 [1/2] (0.64ns) (root node of the DSP)   --->   "%ret_V = add i24 %lhs_1, i24 %mul_ln1347"   --->   Operation 105 'add' 'ret_V' <Predicate = true> <Delay = 0.64> <CoreInst = "DSP48">   --->   Core 127 'DSP48' <Latency = 3> <II = 1> <Delay = 0.53> <IPBlock> <Opcode : 'mul' 'add' 'sub' 'select'> <InPorts = 0> <OutPorts = 1> <Sync> <CReg>
ST_8 : Operation 106 [1/1] (0.00ns)   --->   "%s_V = partselect i16 @_ssdm_op_PartSelect.i16.i24.i32.i32, i24 %ret_V, i32 8, i32 23"   --->   Operation 106 'partselect' 's_V' <Predicate = true> <Delay = 0.00>
ST_8 : Operation 107 [1/1] (0.42ns)   --->   "%store_ln104 = store i16 %s_V, i16 %lhs" [pipeline/D_Conv.cpp:104]   --->   Operation 107 'store' 'store_ln104' <Predicate = true> <Delay = 0.42>
ST_8 : Operation 108 [1/1] (0.00ns)   --->   "%br_ln104 = br void %for.body20.i231" [pipeline/D_Conv.cpp:104]   --->   Operation 108 'br' 'br_ln104' <Predicate = true> <Delay = 0.00>


============================================================
+ Verbose Summary: Timing violations
============================================================
Target clock period: 10ns, clock uncertainty: 2.7ns.

 <State 1>: 2.18ns
The critical path consists of the following:
	'alloca' operation ('k') [12]  (0 ns)
	'load' operation ('k_load', pipeline/D_Conv.cpp:100) on local variable 'k' [47]  (0 ns)
	'add' operation ('add_ln100_1', pipeline/D_Conv.cpp:100) [52]  (0.797 ns)
	'select' operation ('select_ln102_1', pipeline/D_Conv.cpp:102) [53]  (0.391 ns)
	'mul' operation of DSP[56] ('mul_ln102', pipeline/D_Conv.cpp:102) [55]  (0.996 ns)

 <State 2>: 0.996ns
The critical path consists of the following:
	'mul' operation of DSP[56] ('mul_ln102', pipeline/D_Conv.cpp:102) [55]  (0.996 ns)

 <State 3>: 0.645ns
The critical path consists of the following:
	'mul' operation of DSP[56] ('mul_ln102', pipeline/D_Conv.cpp:102) [55]  (0 ns)
	'add' operation of DSP[56] ('add_ln102_1', pipeline/D_Conv.cpp:102) [56]  (0.645 ns)

 <State 4>: 7.3ns
The critical path consists of the following:
	'getelementptr' operation ('gmem1_addr', pipeline/D_Conv.cpp:100) [31]  (0 ns)
	bus read operation ('r.V') on port 'gmem1' [82]  (7.3 ns)

 <State 5>: 2.23ns
The critical path consists of the following:
	'load' operation ('OutPadConv2_V_load') on array 'OutPadConv2_V' [85]  (1.24 ns)
	'mul' operation of DSP[89] ('mul_ln1347') [87]  (0.996 ns)

 <State 6>: 0.996ns
The critical path consists of the following:
	'mul' operation of DSP[89] ('mul_ln1347') [87]  (0.996 ns)

 <State 7>: 0.645ns
The critical path consists of the following:
	'load' operation ('lhs_load_1') on local variable 'lhs' [44]  (0 ns)
	'add' operation of DSP[89] ('ret.V') [89]  (0.645 ns)

 <State 8>: 1.07ns
The critical path consists of the following:
	'add' operation of DSP[89] ('ret.V') [89]  (0.645 ns)
	'store' operation ('store_ln104', pipeline/D_Conv.cpp:104) of variable 's_V' on local variable 'lhs' [99]  (0.427 ns)


============================================================
+ Verbose Summary: Binding
============================================================
N/A
* FSMD analyzer results:
  - Output states:
 - Input state : 
  - Chain level:
	State 1
	State 2
	State 3
	State 4
	State 5
	State 6
	State 7
	State 8


============================================================
+ Verbose Summary: Datapath Resource usage 
============================================================
N/A
