

================================================================
== Vitis HLS Report for 'D_CNN_Pipeline_loop_for_3_channel_pad_2_loop_for_channel_pad_2_loop_for_weight_p'
================================================================
* Date:           Wed Apr 15 01:46:11 2026

* Version:        2022.2 (Build 3670227 on Oct 13 2022)
* Project:        ProjectOne
* Solution:       solution1 (Vivado IP Flow Target)
* Product family: zynquplus
* Target device:  xck26-sfvc784-2LV-c


================================================================
== Performance Estimates
================================================================
+ Timing: 
    * Summary: 
    +--------+----------+----------+------------+
    |  Clock |  Target  | Estimated| Uncertainty|
    +--------+----------+----------+------------+
    |ap_clk  |  10.00 ns|  5.017 ns|     2.70 ns|
    +--------+----------+----------+------------+

+ Latency: 
    * Summary: 
    +---------+---------+-----------+-----------+------+------+---------+
    |  Latency (cycles) |   Latency (absolute)  |   Interval  | Pipeline|
    |   min   |   max   |    min    |    max    |  min |  max |   Type  |
    +---------+---------+-----------+-----------+------+------+---------+
    |     7204|     7204|  72.040 us|  72.040 us|  7204|  7204|       no|
    +---------+---------+-----------+-----------+------+------+---------+

    + Detail: 
        * Instance: 
        N/A

        * Loop: 
        +-------------------------------------------------------------------------+---------+---------+----------+-----------+-----------+------+----------+
        |                                                                         |  Latency (cycles) | Iteration|  Initiation Interval  | Trip |          |
        |                                Loop Name                                |   min   |   max   |  Latency |  achieved |   target  | Count| Pipelined|
        +-------------------------------------------------------------------------+---------+---------+----------+-----------+-----------+------+----------+
        |- loop_for_3_channel_pad_2_loop_for_channel_pad_2_loop_for_weight_pad_2  |     7202|     7202|         4|          1|          1|  7200|       yes|
        +-------------------------------------------------------------------------+---------+---------+----------+-----------+-----------+------+----------+

============================================================
+ Verbose Summary: Synthesis Manager
============================================================
InlineROM: 1
ExposeGlobal: 0
============================================================
+ Verbose Summary: CDFG Model
============================================================
IsTopModel: 0
ResetActiveHigh: 1
IsCombinational: 0
IsDatapathOnly: 0
HasWiredReturn: 1
HasMFsm: 2
HasVarLatency: 1
IsPipeline: 0
IsRtlPipelined: 0
IsInstanceOverlapped: 0
IsDontTouch: 0
HasImplIP: 0
IsGatedGlobalClock: 0

+ Individual pipeline summary: 
  * Pipeline-0: initiation interval (II) = 1, depth = 4


============================================================
+ Verbose Summary: Schedule
============================================================
* Number of FSM states : 4
* Pipeline : 1
  Pipeline-0 : II = 1, D = 4, States = { 1 2 3 4 }
* Dataflow Pipeline: 0

* FSM state transitions: 
1 --> 2 
2 --> 3 
3 --> 4 
4 --> 

* FSM state operations: 

State 1 <SV = 0> <Delay = 2.29>
ST_1 : Operation 7 [1/1] (0.00ns)   --->   "%i = alloca i32 1"   --->   Operation 7 'alloca' 'i' <Predicate = true> <Delay = 0.00>
ST_1 : Operation 8 [1/1] (0.00ns)   --->   "%n = alloca i32 1"   --->   Operation 8 'alloca' 'n' <Predicate = true> <Delay = 0.00>
ST_1 : Operation 9 [1/1] (0.00ns)   --->   "%indvar_flatten390 = alloca i32 1"   --->   Operation 9 'alloca' 'indvar_flatten390' <Predicate = true> <Delay = 0.00>
ST_1 : Operation 10 [1/1] (0.00ns)   --->   "%c = alloca i32 1"   --->   Operation 10 'alloca' 'c' <Predicate = true> <Delay = 0.00>
ST_1 : Operation 11 [1/1] (0.00ns)   --->   "%indvar_flatten442 = alloca i32 1"   --->   Operation 11 'alloca' 'indvar_flatten442' <Predicate = true> <Delay = 0.00>
ST_1 : Operation 12 [1/1] (0.42ns)   --->   "%store_ln0 = store i13 0, i13 %indvar_flatten442"   --->   Operation 12 'store' 'store_ln0' <Predicate = true> <Delay = 0.42>
ST_1 : Operation 13 [1/1] (0.42ns)   --->   "%store_ln0 = store i4 0, i4 %c"   --->   Operation 13 'store' 'store_ln0' <Predicate = true> <Delay = 0.42>
ST_1 : Operation 14 [1/1] (0.42ns)   --->   "%store_ln0 = store i10 0, i10 %indvar_flatten390"   --->   Operation 14 'store' 'store_ln0' <Predicate = true> <Delay = 0.42>
ST_1 : Operation 15 [1/1] (0.42ns)   --->   "%store_ln0 = store i5 0, i5 %n"   --->   Operation 15 'store' 'store_ln0' <Predicate = true> <Delay = 0.42>
ST_1 : Operation 16 [1/1] (0.42ns)   --->   "%store_ln0 = store i5 0, i5 %i"   --->   Operation 16 'store' 'store_ln0' <Predicate = true> <Delay = 0.42>
ST_1 : Operation 17 [1/1] (0.00ns)   --->   "%br_ln0 = br void %for.body8.i155"   --->   Operation 17 'br' 'br_ln0' <Predicate = true> <Delay = 0.00>
ST_1 : Operation 18 [1/1] (0.00ns)   --->   "%c_2 = load i4 %c" [pipeline/D_Conv.cpp:78]   --->   Operation 18 'load' 'c_2' <Predicate = true> <Delay = 0.00>
ST_1 : Operation 19 [1/1] (0.00ns)   --->   "%indvar_flatten442_load = load i13 %indvar_flatten442" [pipeline/D_Conv.cpp:78]   --->   Operation 19 'load' 'indvar_flatten442_load' <Predicate = true> <Delay = 0.00>
ST_1 : Operation 20 [1/1] (1.00ns)   --->   "%icmp_ln78 = icmp_eq  i13 %indvar_flatten442_load, i13 7200" [pipeline/D_Conv.cpp:78]   --->   Operation 20 'icmp' 'icmp_ln78' <Predicate = true> <Delay = 1.00> <CoreInst = "Cmp">   --->   Core 9 'Cmp' <Latency = 0> <II = 1> <Delay = 1.00> <FuncUnit> <Opcode : 'icmp'> <InPorts = 2> <OutPorts = 1>
ST_1 : Operation 21 [1/1] (0.82ns)   --->   "%add_ln78 = add i13 %indvar_flatten442_load, i13 1" [pipeline/D_Conv.cpp:78]   --->   Operation 21 'add' 'add_ln78' <Predicate = true> <Delay = 0.82> <CoreInst = "Adder">   --->   Core 1 'Adder' <Latency = 0> <II = 1> <Delay = 0.82> <FuncUnit> <Opcode : 'add' 'sub'> <InPorts = 2> <OutPorts = 1>
ST_1 : Operation 22 [1/1] (0.00ns)   --->   "%br_ln78 = br i1 %icmp_ln78, void %for.inc42.i186, void %for.body8.i198.preheader.exitStub" [pipeline/D_Conv.cpp:78]   --->   Operation 22 'br' 'br_ln78' <Predicate = true> <Delay = 0.00>
ST_1 : Operation 23 [1/1] (0.00ns)   --->   "%indvar_flatten390_load = load i10 %indvar_flatten390" [pipeline/D_Conv.cpp:80]   --->   Operation 23 'load' 'indvar_flatten390_load' <Predicate = (!icmp_ln78)> <Delay = 0.00>
ST_1 : Operation 24 [1/1] (0.91ns)   --->   "%icmp_ln80 = icmp_eq  i10 %indvar_flatten390_load, i10 900" [pipeline/D_Conv.cpp:80]   --->   Operation 24 'icmp' 'icmp_ln80' <Predicate = (!icmp_ln78)> <Delay = 0.91> <CoreInst = "Cmp">   --->   Core 9 'Cmp' <Latency = 0> <II = 1> <Delay = 0.91> <FuncUnit> <Opcode : 'icmp'> <InPorts = 2> <OutPorts = 1>
ST_1 : Operation 25 [1/1] (0.79ns)   --->   "%add_ln78_1 = add i4 %c_2, i4 1" [pipeline/D_Conv.cpp:78]   --->   Operation 25 'add' 'add_ln78_1' <Predicate = (!icmp_ln78)> <Delay = 0.79> <CoreInst = "Adder">   --->   Core 1 'Adder' <Latency = 0> <II = 1> <Delay = 0.79> <FuncUnit> <Opcode : 'add' 'sub'> <InPorts = 2> <OutPorts = 1>
ST_1 : Operation 26 [1/1] (0.39ns)   --->   "%select_ln78_1 = select i1 %icmp_ln80, i4 %add_ln78_1, i4 %c_2" [pipeline/D_Conv.cpp:78]   --->   Operation 26 'select' 'select_ln78_1' <Predicate = (!icmp_ln78)> <Delay = 0.39> <CoreInst = "Sel">   --->   Core 73 'Sel' <Latency = 0> <II = 1> <Delay = 0.39> <FuncUnit> <Opcode : 'select'> <InPorts = 3> <OutPorts = 1>
ST_1 : Operation 27 [1/1] (0.00ns)   --->   "%zext_ln78 = zext i4 %select_ln78_1" [pipeline/D_Conv.cpp:78]   --->   Operation 27 'zext' 'zext_ln78' <Predicate = (!icmp_ln78)> <Delay = 0.00>
ST_1 : Operation 28 [3/3] (0.99ns) (grouped into DSP with root node add_ln83_1)   --->   "%mul_ln78 = mul i13 %zext_ln78, i13 900" [pipeline/D_Conv.cpp:78]   --->   Operation 28 'mul' 'mul_ln78' <Predicate = (!icmp_ln78)> <Delay = 0.99> <CoreInst = "DSP48">   --->   Core 127 'DSP48' <Latency = 3> <II = 1> <Delay = 0.53> <IPBlock> <Opcode : 'mul' 'add' 'sub' 'select'> <InPorts = 0> <OutPorts = 1> <Sync> <CReg>
ST_1 : Operation 29 [1/1] (0.78ns)   --->   "%add_ln80_1 = add i10 %indvar_flatten390_load, i10 1" [pipeline/D_Conv.cpp:80]   --->   Operation 29 'add' 'add_ln80_1' <Predicate = (!icmp_ln78)> <Delay = 0.78> <CoreInst = "Adder">   --->   Core 1 'Adder' <Latency = 0> <II = 1> <Delay = 0.78> <FuncUnit> <Opcode : 'add' 'sub'> <InPorts = 2> <OutPorts = 1>
ST_1 : Operation 30 [1/1] (0.40ns)   --->   "%select_ln80_5 = select i1 %icmp_ln80, i10 1, i10 %add_ln80_1" [pipeline/D_Conv.cpp:80]   --->   Operation 30 'select' 'select_ln80_5' <Predicate = (!icmp_ln78)> <Delay = 0.40> <CoreInst = "Sel">   --->   Core 73 'Sel' <Latency = 0> <II = 1> <Delay = 0.40> <FuncUnit> <Opcode : 'select'> <InPorts = 3> <OutPorts = 1>
ST_1 : Operation 31 [1/1] (0.42ns)   --->   "%store_ln82 = store i13 %add_ln78, i13 %indvar_flatten442" [pipeline/D_Conv.cpp:82]   --->   Operation 31 'store' 'store_ln82' <Predicate = (!icmp_ln78)> <Delay = 0.42>
ST_1 : Operation 32 [1/1] (0.42ns)   --->   "%store_ln82 = store i4 %select_ln78_1, i4 %c" [pipeline/D_Conv.cpp:82]   --->   Operation 32 'store' 'store_ln82' <Predicate = (!icmp_ln78)> <Delay = 0.42>
ST_1 : Operation 33 [1/1] (0.42ns)   --->   "%store_ln82 = store i10 %select_ln80_5, i10 %indvar_flatten390" [pipeline/D_Conv.cpp:82]   --->   Operation 33 'store' 'store_ln82' <Predicate = (!icmp_ln78)> <Delay = 0.42>

State 2 <SV = 1> <Delay = 0.99>
ST_2 : Operation 34 [2/3] (0.99ns) (grouped into DSP with root node add_ln83_1)   --->   "%mul_ln78 = mul i13 %zext_ln78, i13 900" [pipeline/D_Conv.cpp:78]   --->   Operation 34 'mul' 'mul_ln78' <Predicate = (!icmp_ln78)> <Delay = 0.99> <CoreInst = "DSP48">   --->   Core 127 'DSP48' <Latency = 3> <II = 1> <Delay = 0.53> <IPBlock> <Opcode : 'mul' 'add' 'sub' 'select'> <InPorts = 0> <OutPorts = 1> <Sync> <CReg>

State 3 <SV = 2> <Delay = 5.01>
ST_3 : Operation 35 [1/1] (0.00ns)   --->   "%n_3 = load i5 %n"   --->   Operation 35 'load' 'n_3' <Predicate = true> <Delay = 0.00>
ST_3 : Operation 36 [1/1] (0.00ns)   --->   "%c_2_cast = zext i4 %c_2" [pipeline/D_Conv.cpp:78]   --->   Operation 36 'zext' 'c_2_cast' <Predicate = true> <Delay = 0.00>
ST_3 : Operation 37 [1/1] (2.14ns)   --->   "%mul_ln80 = mul i13 %c_2_cast, i13 784" [pipeline/D_Conv.cpp:80]   --->   Operation 37 'mul' 'mul_ln80' <Predicate = true> <Delay = 2.14> <CoreInst = "Multiplier">   --->   Core 3 'Multiplier' <Latency = 0> <II = 1> <Delay = 2.14> <FuncUnit> <Opcode : 'mul'> <InPorts = 2> <OutPorts = 1>
ST_3 : Operation 38 [1/1] (0.75ns)   --->   "%cmp9_i146 = icmp_eq  i5 %n_3, i5 0"   --->   Operation 38 'icmp' 'cmp9_i146' <Predicate = true> <Delay = 0.75> <CoreInst = "Cmp">   --->   Core 9 'Cmp' <Latency = 0> <II = 1> <Delay = 0.75> <FuncUnit> <Opcode : 'icmp'> <InPorts = 2> <OutPorts = 1>
ST_3 : Operation 39 [1/1] (0.75ns)   --->   "%cmp10_i147 = icmp_ugt  i5 %n_3, i5 28"   --->   Operation 39 'icmp' 'cmp10_i147' <Predicate = true> <Delay = 0.75> <CoreInst = "Cmp">   --->   Core 9 'Cmp' <Latency = 0> <II = 1> <Delay = 0.75> <FuncUnit> <Opcode : 'icmp'> <InPorts = 2> <OutPorts = 1>
ST_3 : Operation 40 [1/1] (0.00ns)   --->   "%p_shl = bitconcatenate i10 @_ssdm_op_BitConcatenate.i10.i5.i5, i5 %n_3, i5 0"   --->   Operation 40 'bitconcatenate' 'p_shl' <Predicate = true> <Delay = 0.00>
ST_3 : Operation 41 [1/1] (0.00ns)   --->   "%p_shl27_cast = zext i10 %p_shl"   --->   Operation 41 'zext' 'p_shl27_cast' <Predicate = true> <Delay = 0.00>
ST_3 : Operation 42 [1/1] (0.00ns)   --->   "%p_shl4 = bitconcatenate i6 @_ssdm_op_BitConcatenate.i6.i5.i1, i5 %n_3, i1 0"   --->   Operation 42 'bitconcatenate' 'p_shl4' <Predicate = (!icmp_ln80)> <Delay = 0.00>
ST_3 : Operation 43 [1/1] (0.00ns)   --->   "%p_shl28_cast = zext i6 %p_shl4"   --->   Operation 43 'zext' 'p_shl28_cast' <Predicate = (!icmp_ln80)> <Delay = 0.00>
ST_3 : Operation 44 [1/1] (0.78ns)   --->   "%empty = sub i11 %p_shl27_cast, i11 %p_shl28_cast"   --->   Operation 44 'sub' 'empty' <Predicate = (!icmp_ln80)> <Delay = 0.78> <CoreInst = "Adder">   --->   Core 1 'Adder' <Latency = 0> <II = 1> <Delay = 0.78> <FuncUnit> <Opcode : 'add' 'sub'> <InPorts = 2> <OutPorts = 1>
ST_3 : Operation 45 [1/1] (0.00ns)   --->   "%p_shl5 = bitconcatenate i7 @_ssdm_op_BitConcatenate.i7.i5.i2, i5 %n_3, i2 0"   --->   Operation 45 'bitconcatenate' 'p_shl5' <Predicate = (!icmp_ln80)> <Delay = 0.00>
ST_3 : Operation 46 [1/1] (0.00ns)   --->   "%p_shl26_cast = zext i7 %p_shl5"   --->   Operation 46 'zext' 'p_shl26_cast' <Predicate = (!icmp_ln80)> <Delay = 0.00>
ST_3 : Operation 47 [1/1] (0.78ns)   --->   "%empty_495 = sub i11 %p_shl27_cast, i11 %p_shl26_cast"   --->   Operation 47 'sub' 'empty_495' <Predicate = (!icmp_ln80)> <Delay = 0.78> <CoreInst = "Adder">   --->   Core 1 'Adder' <Latency = 0> <II = 1> <Delay = 0.78> <FuncUnit> <Opcode : 'add' 'sub'> <InPorts = 2> <OutPorts = 1>
ST_3 : Operation 48 [1/1] (0.00ns)   --->   "%sext_ln82 = sext i11 %empty_495" [pipeline/D_Conv.cpp:82]   --->   Operation 48 'sext' 'sext_ln82' <Predicate = (!icmp_ln80)> <Delay = 0.00>
ST_3 : Operation 49 [1/1] (0.82ns)   --->   "%add_ln85 = add i13 %mul_ln80, i13 %sext_ln82" [pipeline/D_Conv.cpp:85]   --->   Operation 49 'add' 'add_ln85' <Predicate = (!icmp_ln80)> <Delay = 0.82> <CoreInst = "Adder">   --->   Core 1 'Adder' <Latency = 0> <II = 1> <Delay = 0.82> <FuncUnit> <Opcode : 'add' 'sub'> <InPorts = 2> <OutPorts = 1>
ST_3 : Operation 50 [1/1] (0.28ns)   --->   "%or_ln85 = or i1 %cmp9_i146, i1 %cmp10_i147" [pipeline/D_Conv.cpp:85]   --->   Operation 50 'or' 'or_ln85' <Predicate = true> <Delay = 0.28> <CoreInst = "LogicGate">   --->   Core 74 'LogicGate' <Latency = 0> <II = 1> <Delay = 0.28> <FuncUnit> <Opcode : 'and' 'or' 'xor'> <InPorts = 2> <OutPorts = 1>
ST_3 : Operation 51 [1/1] (0.00ns)   --->   "%specpipeline_ln0 = specpipeline void @_ssdm_op_SpecPipeline, i32 4294967295, i32 0, i32 1, i32 0, void @p_str"   --->   Operation 51 'specpipeline' 'specpipeline_ln0' <Predicate = true> <Delay = 0.00>
ST_3 : Operation 52 [1/1] (0.00ns)   --->   "%i_load = load i5 %i" [pipeline/D_Conv.cpp:82]   --->   Operation 52 'load' 'i_load' <Predicate = (!icmp_ln78)> <Delay = 0.00>
ST_3 : Operation 53 [1/1] (0.41ns)   --->   "%select_ln78 = select i1 %icmp_ln80, i5 0, i5 %n_3" [pipeline/D_Conv.cpp:78]   --->   Operation 53 'select' 'select_ln78' <Predicate = (!icmp_ln78)> <Delay = 0.41> <CoreInst = "Sel">   --->   Core 73 'Sel' <Latency = 0> <II = 1> <Delay = 0.41> <FuncUnit> <Opcode : 'select'> <InPorts = 3> <OutPorts = 1>
ST_3 : Operation 54 [1/1] (0.00ns)   --->   "%p_mid1402 = zext i4 %add_ln78_1" [pipeline/D_Conv.cpp:78]   --->   Operation 54 'zext' 'p_mid1402' <Predicate = (!icmp_ln78)> <Delay = 0.00>
ST_3 : Operation 55 [1/3] (0.00ns) (grouped into DSP with root node add_ln83_1)   --->   "%mul_ln78 = mul i13 %zext_ln78, i13 900" [pipeline/D_Conv.cpp:78]   --->   Operation 55 'mul' 'mul_ln78' <Predicate = (!icmp_ln78)> <Delay = 0.00> <CoreInst = "DSP48">   --->   Core 127 'DSP48' <Latency = 3> <II = 1> <Delay = 0.53> <IPBlock> <Opcode : 'mul' 'add' 'sub' 'select'> <InPorts = 0> <OutPorts = 1> <Sync> <CReg>
ST_3 : Operation 56 [1/1] (2.14ns)   --->   "%mul_ln80_1 = mul i13 %p_mid1402, i13 784" [pipeline/D_Conv.cpp:80]   --->   Operation 56 'mul' 'mul_ln80_1' <Predicate = (!icmp_ln78)> <Delay = 2.14> <CoreInst = "Multiplier">   --->   Core 3 'Multiplier' <Latency = 0> <II = 1> <Delay = 2.14> <FuncUnit> <Opcode : 'mul'> <InPorts = 2> <OutPorts = 1>
ST_3 : Operation 57 [1/1] (0.00ns) (grouped into LUT with out node add_ln85_3)   --->   "%select_ln78_2 = select i1 %icmp_ln80, i13 %mul_ln80_1, i13 %mul_ln80" [pipeline/D_Conv.cpp:78]   --->   Operation 57 'select' 'select_ln78_2' <Predicate = (!icmp_ln78)> <Delay = 0.00> <CoreInst = "Sel">   --->   Core 73 'Sel' <Latency = 0> <II = 1> <Delay = 0.30> <FuncUnit> <Opcode : 'select'> <InPorts = 3> <OutPorts = 1>
ST_3 : Operation 58 [1/1] (0.00ns) (grouped into LUT with out node add_ln85_1)   --->   "%select_ln78_4 = select i1 %icmp_ln80, i13 %mul_ln80_1, i13 %add_ln85" [pipeline/D_Conv.cpp:78]   --->   Operation 58 'select' 'select_ln78_4' <Predicate = (!icmp_ln78)> <Delay = 0.00> <CoreInst = "Sel">   --->   Core 73 'Sel' <Latency = 0> <II = 1> <Delay = 0.30> <FuncUnit> <Opcode : 'select'> <InPorts = 3> <OutPorts = 1>
ST_3 : Operation 59 [1/1] (0.00ns) (grouped into LUT with out node select_ln80_3)   --->   "%or_ln78 = or i1 %icmp_ln80, i1 %or_ln85" [pipeline/D_Conv.cpp:78]   --->   Operation 59 'or' 'or_ln78' <Predicate = (!icmp_ln78)> <Delay = 0.00> <CoreInst = "LogicGate">   --->   Core 74 'LogicGate' <Latency = 0> <II = 1> <Delay = 0.28> <FuncUnit> <Opcode : 'and' 'or' 'xor'> <InPorts = 2> <OutPorts = 1>
ST_3 : Operation 60 [1/1] (0.00ns) (grouped into LUT with out node and_ln78)   --->   "%xor_ln78 = xor i1 %icmp_ln80, i1 1" [pipeline/D_Conv.cpp:78]   --->   Operation 60 'xor' 'xor_ln78' <Predicate = (!icmp_ln78)> <Delay = 0.00> <CoreInst = "LogicGate">   --->   Core 74 'LogicGate' <Latency = 0> <II = 1> <Delay = 0.28> <FuncUnit> <Opcode : 'and' 'or' 'xor'> <InPorts = 2> <OutPorts = 1>
ST_3 : Operation 61 [1/1] (0.75ns)   --->   "%icmp_ln82 = icmp_eq  i5 %i_load, i5 30" [pipeline/D_Conv.cpp:82]   --->   Operation 61 'icmp' 'icmp_ln82' <Predicate = (!icmp_ln78)> <Delay = 0.75> <CoreInst = "Cmp">   --->   Core 9 'Cmp' <Latency = 0> <II = 1> <Delay = 0.75> <FuncUnit> <Opcode : 'icmp'> <InPorts = 2> <OutPorts = 1>
ST_3 : Operation 62 [1/1] (0.28ns) (out node of the LUT)   --->   "%and_ln78 = and i1 %icmp_ln82, i1 %xor_ln78" [pipeline/D_Conv.cpp:78]   --->   Operation 62 'and' 'and_ln78' <Predicate = (!icmp_ln78)> <Delay = 0.28> <CoreInst = "LogicGate">   --->   Core 74 'LogicGate' <Latency = 0> <II = 1> <Delay = 0.28> <FuncUnit> <Opcode : 'and' 'or' 'xor'> <InPorts = 2> <OutPorts = 1>
ST_3 : Operation 63 [1/1] (0.78ns)   --->   "%add_ln80 = add i5 %select_ln78, i5 1" [pipeline/D_Conv.cpp:80]   --->   Operation 63 'add' 'add_ln80' <Predicate = (!icmp_ln78)> <Delay = 0.78> <CoreInst = "Adder">   --->   Core 1 'Adder' <Latency = 0> <II = 1> <Delay = 0.78> <FuncUnit> <Opcode : 'add' 'sub'> <InPorts = 2> <OutPorts = 1>
ST_3 : Operation 64 [1/1] (0.00ns) (grouped into LUT with out node select_ln80)   --->   "%or_ln80 = or i1 %and_ln78, i1 %icmp_ln80" [pipeline/D_Conv.cpp:80]   --->   Operation 64 'or' 'or_ln80' <Predicate = (!icmp_ln78)> <Delay = 0.00> <CoreInst = "LogicGate">   --->   Core 74 'LogicGate' <Latency = 0> <II = 1> <Delay = 0.28> <FuncUnit> <Opcode : 'and' 'or' 'xor'> <InPorts = 2> <OutPorts = 1>
ST_3 : Operation 65 [1/1] (0.41ns) (out node of the LUT)   --->   "%select_ln80 = select i1 %or_ln80, i5 0, i5 %i_load" [pipeline/D_Conv.cpp:80]   --->   Operation 65 'select' 'select_ln80' <Predicate = (!icmp_ln78)> <Delay = 0.41> <CoreInst = "Sel">   --->   Core 73 'Sel' <Latency = 0> <II = 1> <Delay = 0.41> <FuncUnit> <Opcode : 'select'> <InPorts = 3> <OutPorts = 1>
ST_3 : Operation 66 [1/1] (0.75ns)   --->   "%cmp9_i146_mid1 = icmp_eq  i5 %add_ln80, i5 0" [pipeline/D_Conv.cpp:80]   --->   Operation 66 'icmp' 'cmp9_i146_mid1' <Predicate = (!icmp_ln78)> <Delay = 0.75> <CoreInst = "Cmp">   --->   Core 9 'Cmp' <Latency = 0> <II = 1> <Delay = 0.75> <FuncUnit> <Opcode : 'icmp'> <InPorts = 2> <OutPorts = 1>
ST_3 : Operation 67 [1/1] (0.75ns)   --->   "%cmp10_i147_mid1 = icmp_ugt  i5 %add_ln80, i5 28" [pipeline/D_Conv.cpp:80]   --->   Operation 67 'icmp' 'cmp10_i147_mid1' <Predicate = (!icmp_ln78)> <Delay = 0.75> <CoreInst = "Cmp">   --->   Core 9 'Cmp' <Latency = 0> <II = 1> <Delay = 0.75> <FuncUnit> <Opcode : 'icmp'> <InPorts = 2> <OutPorts = 1>
ST_3 : Operation 68 [1/1] (0.00ns)   --->   "%p_shl27_mid1 = bitconcatenate i10 @_ssdm_op_BitConcatenate.i10.i5.i5, i5 %add_ln80, i5 0" [pipeline/D_Conv.cpp:80]   --->   Operation 68 'bitconcatenate' 'p_shl27_mid1' <Predicate = (!icmp_ln78)> <Delay = 0.00>
ST_3 : Operation 69 [1/1] (0.00ns)   --->   "%p_shl27_cast_mid1 = zext i10 %p_shl27_mid1" [pipeline/D_Conv.cpp:80]   --->   Operation 69 'zext' 'p_shl27_cast_mid1' <Predicate = (!icmp_ln78)> <Delay = 0.00>
ST_3 : Operation 70 [1/1] (0.00ns)   --->   "%p_shl28_mid1 = bitconcatenate i6 @_ssdm_op_BitConcatenate.i6.i5.i1, i5 %add_ln80, i1 0" [pipeline/D_Conv.cpp:80]   --->   Operation 70 'bitconcatenate' 'p_shl28_mid1' <Predicate = (!icmp_ln78)> <Delay = 0.00>
ST_3 : Operation 71 [1/1] (0.00ns)   --->   "%p_shl28_cast_mid1 = zext i6 %p_shl28_mid1" [pipeline/D_Conv.cpp:80]   --->   Operation 71 'zext' 'p_shl28_cast_mid1' <Predicate = (!icmp_ln78)> <Delay = 0.00>
ST_3 : Operation 72 [1/1] (0.78ns)   --->   "%p_mid1386 = sub i11 %p_shl27_cast_mid1, i11 %p_shl28_cast_mid1" [pipeline/D_Conv.cpp:80]   --->   Operation 72 'sub' 'p_mid1386' <Predicate = (!icmp_ln78)> <Delay = 0.78> <CoreInst = "Adder">   --->   Core 1 'Adder' <Latency = 0> <II = 1> <Delay = 0.78> <FuncUnit> <Opcode : 'add' 'sub'> <InPorts = 2> <OutPorts = 1>
ST_3 : Operation 73 [1/1] (0.00ns)   --->   "%p_shl26_mid1 = bitconcatenate i7 @_ssdm_op_BitConcatenate.i7.i5.i2, i5 %add_ln80, i2 0" [pipeline/D_Conv.cpp:80]   --->   Operation 73 'bitconcatenate' 'p_shl26_mid1' <Predicate = (!icmp_ln78)> <Delay = 0.00>
ST_3 : Operation 74 [1/1] (0.00ns)   --->   "%p_shl26_cast_mid1 = zext i7 %p_shl26_mid1" [pipeline/D_Conv.cpp:80]   --->   Operation 74 'zext' 'p_shl26_cast_mid1' <Predicate = (!icmp_ln78)> <Delay = 0.00>
ST_3 : Operation 75 [1/1] (0.78ns)   --->   "%p_mid1388 = sub i11 %p_shl27_cast_mid1, i11 %p_shl26_cast_mid1" [pipeline/D_Conv.cpp:80]   --->   Operation 75 'sub' 'p_mid1388' <Predicate = (!icmp_ln78)> <Delay = 0.78> <CoreInst = "Adder">   --->   Core 1 'Adder' <Latency = 0> <II = 1> <Delay = 0.78> <FuncUnit> <Opcode : 'add' 'sub'> <InPorts = 2> <OutPorts = 1>
ST_3 : Operation 76 [1/1] (0.00ns) (grouped into LUT with out node add_ln85_3)   --->   "%sext_ln82_1 = sext i11 %p_mid1388" [pipeline/D_Conv.cpp:82]   --->   Operation 76 'sext' 'sext_ln82_1' <Predicate = (!icmp_ln78)> <Delay = 0.00>
ST_3 : Operation 77 [1/1] (0.82ns) (out node of the LUT)   --->   "%add_ln85_3 = add i13 %select_ln78_2, i13 %sext_ln82_1" [pipeline/D_Conv.cpp:85]   --->   Operation 77 'add' 'add_ln85_3' <Predicate = (!icmp_ln78)> <Delay = 0.82> <CoreInst = "Adder">   --->   Core 1 'Adder' <Latency = 0> <II = 1> <Delay = 0.82> <FuncUnit> <Opcode : 'add' 'sub'> <InPorts = 2> <OutPorts = 1>
ST_3 : Operation 78 [1/1] (0.00ns) (grouped into LUT with out node add_ln85_1)   --->   "%select_ln80_2 = select i1 %and_ln78, i13 %add_ln85_3, i13 %select_ln78_4" [pipeline/D_Conv.cpp:80]   --->   Operation 78 'select' 'select_ln80_2' <Predicate = (!icmp_ln78)> <Delay = 0.00> <CoreInst = "Sel">   --->   Core 73 'Sel' <Latency = 0> <II = 1> <Delay = 0.30> <FuncUnit> <Opcode : 'select'> <InPorts = 3> <OutPorts = 1>
ST_3 : Operation 79 [1/1] (0.00ns) (grouped into LUT with out node select_ln80_3)   --->   "%or_ln85_3 = or i1 %cmp9_i146_mid1, i1 %cmp10_i147_mid1" [pipeline/D_Conv.cpp:85]   --->   Operation 79 'or' 'or_ln85_3' <Predicate = (!icmp_ln78)> <Delay = 0.00> <CoreInst = "LogicGate">   --->   Core 74 'LogicGate' <Latency = 0> <II = 1> <Delay = 0.28> <FuncUnit> <Opcode : 'and' 'or' 'xor'> <InPorts = 2> <OutPorts = 1>
ST_3 : Operation 80 [1/1] (0.28ns) (out node of the LUT)   --->   "%select_ln80_3 = select i1 %and_ln78, i1 %or_ln85_3, i1 %or_ln78" [pipeline/D_Conv.cpp:80]   --->   Operation 80 'select' 'select_ln80_3' <Predicate = (!icmp_ln78)> <Delay = 0.28> <CoreInst = "Sel">   --->   Core 73 'Sel' <Latency = 0> <II = 1> <Delay = 0.17> <FuncUnit> <Opcode : 'select'> <InPorts = 3> <OutPorts = 1>
ST_3 : Operation 81 [1/1] (0.41ns)   --->   "%select_ln80_4 = select i1 %and_ln78, i5 %add_ln80, i5 %select_ln78" [pipeline/D_Conv.cpp:80]   --->   Operation 81 'select' 'select_ln80_4' <Predicate = (!icmp_ln78)> <Delay = 0.41> <CoreInst = "Sel">   --->   Core 73 'Sel' <Latency = 0> <II = 1> <Delay = 0.41> <FuncUnit> <Opcode : 'select'> <InPorts = 3> <OutPorts = 1>
ST_3 : Operation 82 [1/1] (0.00ns)   --->   "%i_3_cast94 = zext i5 %select_ln80" [pipeline/D_Conv.cpp:80]   --->   Operation 82 'zext' 'i_3_cast94' <Predicate = (!icmp_ln78)> <Delay = 0.00>
ST_3 : Operation 83 [1/1] (0.00ns)   --->   "%i_3_cast = zext i5 %select_ln80" [pipeline/D_Conv.cpp:80]   --->   Operation 83 'zext' 'i_3_cast' <Predicate = (!icmp_ln78)> <Delay = 0.00>
ST_3 : Operation 84 [2/2] (0.64ns) (root node of the DSP)   --->   "%add_ln83_1 = add i13 %mul_ln78, i13 %i_3_cast" [pipeline/D_Conv.cpp:83]   --->   Operation 84 'add' 'add_ln83_1' <Predicate = (!icmp_ln78)> <Delay = 0.64> <CoreInst = "DSP48">   --->   Core 127 'DSP48' <Latency = 3> <II = 1> <Delay = 0.53> <IPBlock> <Opcode : 'mul' 'add' 'sub' 'select'> <InPorts = 0> <OutPorts = 1> <Sync> <CReg>
ST_3 : Operation 85 [1/1] (0.75ns)   --->   "%icmp_ln85 = icmp_eq  i5 %select_ln80, i5 0" [pipeline/D_Conv.cpp:85]   --->   Operation 85 'icmp' 'icmp_ln85' <Predicate = (!icmp_ln78)> <Delay = 0.75> <CoreInst = "Cmp">   --->   Core 9 'Cmp' <Latency = 0> <II = 1> <Delay = 0.75> <FuncUnit> <Opcode : 'icmp'> <InPorts = 2> <OutPorts = 1>
ST_3 : Operation 86 [1/1] (0.75ns)   --->   "%icmp_ln85_1 = icmp_ugt  i5 %select_ln80, i5 28" [pipeline/D_Conv.cpp:85]   --->   Operation 86 'icmp' 'icmp_ln85_1' <Predicate = (!icmp_ln78)> <Delay = 0.75> <CoreInst = "Cmp">   --->   Core 9 'Cmp' <Latency = 0> <II = 1> <Delay = 0.75> <FuncUnit> <Opcode : 'icmp'> <InPorts = 2> <OutPorts = 1>
ST_3 : Operation 87 [1/1] (0.78ns)   --->   "%add_ln85_2 = add i6 %i_3_cast94, i6 35" [pipeline/D_Conv.cpp:85]   --->   Operation 87 'add' 'add_ln85_2' <Predicate = (!icmp_ln78)> <Delay = 0.78> <CoreInst = "Adder">   --->   Core 1 'Adder' <Latency = 0> <II = 1> <Delay = 0.78> <FuncUnit> <Opcode : 'add' 'sub'> <InPorts = 2> <OutPorts = 1>
ST_3 : Operation 88 [1/1] (0.00ns) (grouped into LUT with out node add_ln85_1)   --->   "%sext_ln85 = sext i6 %add_ln85_2" [pipeline/D_Conv.cpp:85]   --->   Operation 88 'sext' 'sext_ln85' <Predicate = (!icmp_ln78)> <Delay = 0.00>
ST_3 : Operation 89 [1/1] (0.82ns) (out node of the LUT)   --->   "%add_ln85_1 = add i13 %sext_ln85, i13 %select_ln80_2" [pipeline/D_Conv.cpp:85]   --->   Operation 89 'add' 'add_ln85_1' <Predicate = (!icmp_ln78)> <Delay = 0.82> <CoreInst = "Adder">   --->   Core 1 'Adder' <Latency = 0> <II = 1> <Delay = 0.82> <FuncUnit> <Opcode : 'add' 'sub'> <InPorts = 2> <OutPorts = 1>
ST_3 : Operation 90 [1/1] (0.00ns)   --->   "%zext_ln85 = zext i13 %add_ln85_1" [pipeline/D_Conv.cpp:85]   --->   Operation 90 'zext' 'zext_ln85' <Predicate = (!icmp_ln78)> <Delay = 0.00>
ST_3 : Operation 91 [1/1] (0.00ns)   --->   "%upsample_V_addr = getelementptr i16 %upsample_V, i64 0, i64 %zext_ln85" [pipeline/D_Conv.cpp:85]   --->   Operation 91 'getelementptr' 'upsample_V_addr' <Predicate = (!icmp_ln78)> <Delay = 0.00>
ST_3 : Operation 92 [2/2] (1.23ns)   --->   "%upsample_V_load = load i13 %upsample_V_addr" [pipeline/D_Conv.cpp:85]   --->   Operation 92 'load' 'upsample_V_load' <Predicate = (!icmp_ln78)> <Delay = 1.23> <CoreInst = "RAM">   --->   Core 83 'RAM' <Latency = 1> <II = 1> <Delay = 1.23> <Storage> <Opcode : 'load' 'store'> <Ports = 2> <Width = 16> <Depth = 6272> <RAM>
ST_3 : Operation 93 [1/1] (0.78ns)   --->   "%add_ln82 = add i5 %select_ln80, i5 1" [pipeline/D_Conv.cpp:82]   --->   Operation 93 'add' 'add_ln82' <Predicate = (!icmp_ln78)> <Delay = 0.78> <CoreInst = "Adder">   --->   Core 1 'Adder' <Latency = 0> <II = 1> <Delay = 0.78> <FuncUnit> <Opcode : 'add' 'sub'> <InPorts = 2> <OutPorts = 1>
ST_3 : Operation 94 [1/1] (0.42ns)   --->   "%store_ln82 = store i5 %select_ln80_4, i5 %n" [pipeline/D_Conv.cpp:82]   --->   Operation 94 'store' 'store_ln82' <Predicate = (!icmp_ln78)> <Delay = 0.42>
ST_3 : Operation 95 [1/1] (0.42ns)   --->   "%store_ln82 = store i5 %add_ln82, i5 %i" [pipeline/D_Conv.cpp:82]   --->   Operation 95 'store' 'store_ln82' <Predicate = (!icmp_ln78)> <Delay = 0.42>
ST_3 : Operation 115 [1/1] (0.00ns)   --->   "%ret_ln0 = ret"   --->   Operation 115 'ret' 'ret_ln0' <Predicate = (icmp_ln78)> <Delay = 0.00>

State 4 <SV = 3> <Delay = 2.83>
ST_4 : Operation 96 [1/1] (0.00ns)   --->   "%specloopname_ln0 = specloopname void @_ssdm_op_SpecLoopName, void @loop_for_3_channel_pad_2_loop_for_channel_pad_2_loop_for_weight_pad_2_str"   --->   Operation 96 'specloopname' 'specloopname_ln0' <Predicate = true> <Delay = 0.00>
ST_4 : Operation 97 [1/1] (0.00ns)   --->   "%empty_496 = speclooptripcount i32 @_ssdm_op_SpecLoopTripCount, i64 7200, i64 7200, i64 7200"   --->   Operation 97 'speclooptripcount' 'empty_496' <Predicate = true> <Delay = 0.00>
ST_4 : Operation 98 [1/1] (0.00ns) (grouped into LUT with out node add_ln83)   --->   "%select_ln78_3 = select i1 %icmp_ln80, i11 0, i11 %empty" [pipeline/D_Conv.cpp:78]   --->   Operation 98 'select' 'select_ln78_3' <Predicate = (!and_ln78)> <Delay = 0.00> <CoreInst = "Sel">   --->   Core 73 'Sel' <Latency = 0> <II = 1> <Delay = 0.38> <FuncUnit> <Opcode : 'select'> <InPorts = 3> <OutPorts = 1>
ST_4 : Operation 99 [1/1] (0.00ns)   --->   "%specpipeline_ln0 = specpipeline void @_ssdm_op_SpecPipeline, i32 4294967295, i32 0, i32 1, i32 0, void @p_str"   --->   Operation 99 'specpipeline' 'specpipeline_ln0' <Predicate = true> <Delay = 0.00>
ST_4 : Operation 100 [1/1] (0.00ns)   --->   "%specloopname_ln0 = specloopname void @_ssdm_op_SpecLoopName, void @loop_for_channel_pad_2_loop_for_weight_pad_2_str"   --->   Operation 100 'specloopname' 'specloopname_ln0' <Predicate = true> <Delay = 0.00>
ST_4 : Operation 101 [1/1] (0.00ns) (grouped into LUT with out node add_ln83)   --->   "%select_ln80_1 = select i1 %and_ln78, i11 %p_mid1386, i11 %select_ln78_3" [pipeline/D_Conv.cpp:80]   --->   Operation 101 'select' 'select_ln80_1' <Predicate = true> <Delay = 0.00> <CoreInst = "Sel">   --->   Core 73 'Sel' <Latency = 0> <II = 1> <Delay = 0.38> <FuncUnit> <Opcode : 'select'> <InPorts = 3> <OutPorts = 1>
ST_4 : Operation 102 [1/1] (0.00ns) (grouped into LUT with out node add_ln83)   --->   "%select_ln80_1_cast = sext i11 %select_ln80_1" [pipeline/D_Conv.cpp:80]   --->   Operation 102 'sext' 'select_ln80_1_cast' <Predicate = true> <Delay = 0.00>
ST_4 : Operation 103 [1/1] (0.00ns)   --->   "%specpipeline_ln0 = specpipeline void @_ssdm_op_SpecPipeline, i32 4294967295, i32 0, i32 1, i32 0, void @p_str"   --->   Operation 103 'specpipeline' 'specpipeline_ln0' <Predicate = true> <Delay = 0.00>
ST_4 : Operation 104 [1/1] (0.00ns)   --->   "%specloopname_ln82 = specloopname void @_ssdm_op_SpecLoopName, void @empty_23" [pipeline/D_Conv.cpp:82]   --->   Operation 104 'specloopname' 'specloopname_ln82' <Predicate = true> <Delay = 0.00>
ST_4 : Operation 105 [1/2] (0.64ns) (root node of the DSP)   --->   "%add_ln83_1 = add i13 %mul_ln78, i13 %i_3_cast" [pipeline/D_Conv.cpp:83]   --->   Operation 105 'add' 'add_ln83_1' <Predicate = true> <Delay = 0.64> <CoreInst = "DSP48">   --->   Core 127 'DSP48' <Latency = 3> <II = 1> <Delay = 0.53> <IPBlock> <Opcode : 'mul' 'add' 'sub' 'select'> <InPorts = 0> <OutPorts = 1> <Sync> <CReg>
ST_4 : Operation 106 [1/1] (0.82ns) (out node of the LUT)   --->   "%add_ln83 = add i13 %add_ln83_1, i13 %select_ln80_1_cast" [pipeline/D_Conv.cpp:83]   --->   Operation 106 'add' 'add_ln83' <Predicate = true> <Delay = 0.82> <CoreInst = "Adder">   --->   Core 1 'Adder' <Latency = 0> <II = 1> <Delay = 0.82> <FuncUnit> <Opcode : 'add' 'sub'> <InPorts = 2> <OutPorts = 1>
ST_4 : Operation 107 [1/1] (0.00ns)   --->   "%zext_ln83 = zext i13 %add_ln83" [pipeline/D_Conv.cpp:83]   --->   Operation 107 'zext' 'zext_ln83' <Predicate = true> <Delay = 0.00>
ST_4 : Operation 108 [1/1] (0.00ns)   --->   "%OutPadConv2_V_addr = getelementptr i16 %OutPadConv2_V, i64 0, i64 %zext_ln83" [pipeline/D_Conv.cpp:83]   --->   Operation 108 'getelementptr' 'OutPadConv2_V_addr' <Predicate = true> <Delay = 0.00>
ST_4 : Operation 109 [1/2] (1.23ns)   --->   "%upsample_V_load = load i13 %upsample_V_addr" [pipeline/D_Conv.cpp:85]   --->   Operation 109 'load' 'upsample_V_load' <Predicate = true> <Delay = 1.23> <CoreInst = "RAM">   --->   Core 83 'RAM' <Latency = 1> <II = 1> <Delay = 1.23> <Storage> <Opcode : 'load' 'store'> <Ports = 2> <Width = 16> <Depth = 6272> <RAM>
ST_4 : Operation 110 [1/1] (0.00ns) (grouped into LUT with out node select_ln85)   --->   "%or_ln85_1 = or i1 %icmp_ln85_1, i1 %icmp_ln85" [pipeline/D_Conv.cpp:85]   --->   Operation 110 'or' 'or_ln85_1' <Predicate = true> <Delay = 0.00> <CoreInst = "LogicGate">   --->   Core 74 'LogicGate' <Latency = 0> <II = 1> <Delay = 0.28> <FuncUnit> <Opcode : 'and' 'or' 'xor'> <InPorts = 2> <OutPorts = 1>
ST_4 : Operation 111 [1/1] (0.00ns) (grouped into LUT with out node select_ln85)   --->   "%or_ln85_2 = or i1 %or_ln85_1, i1 %select_ln80_3" [pipeline/D_Conv.cpp:85]   --->   Operation 111 'or' 'or_ln85_2' <Predicate = true> <Delay = 0.00> <CoreInst = "LogicGate">   --->   Core 74 'LogicGate' <Latency = 0> <II = 1> <Delay = 0.28> <FuncUnit> <Opcode : 'and' 'or' 'xor'> <InPorts = 2> <OutPorts = 1>
ST_4 : Operation 112 [1/1] (0.35ns) (out node of the LUT)   --->   "%select_ln85 = select i1 %or_ln85_2, i16 0, i16 %upsample_V_load" [pipeline/D_Conv.cpp:85]   --->   Operation 112 'select' 'select_ln85' <Predicate = true> <Delay = 0.35> <CoreInst = "Sel">   --->   Core 73 'Sel' <Latency = 0> <II = 1> <Delay = 0.35> <FuncUnit> <Opcode : 'select'> <InPorts = 3> <OutPorts = 1>
ST_4 : Operation 113 [1/1] (1.23ns)   --->   "%store_ln83 = store i16 %select_ln85, i13 %OutPadConv2_V_addr" [pipeline/D_Conv.cpp:83]   --->   Operation 113 'store' 'store_ln83' <Predicate = true> <Delay = 1.23> <CoreInst = "RAM">   --->   Core 83 'RAM' <Latency = 1> <II = 1> <Delay = 1.23> <Storage> <Opcode : 'load' 'store'> <Ports = 2> <Width = 16> <Depth = 7200> <RAM>
ST_4 : Operation 114 [1/1] (0.00ns)   --->   "%br_ln82 = br void %for.body8.i155" [pipeline/D_Conv.cpp:82]   --->   Operation 114 'br' 'br_ln82' <Predicate = true> <Delay = 0.00>


============================================================
+ Verbose Summary: Timing violations
============================================================
Target clock period: 10ns, clock uncertainty: 2.7ns.

 <State 1>: 2.3ns
The critical path consists of the following:
	'alloca' operation ('indvar_flatten390') [5]  (0 ns)
	'load' operation ('indvar_flatten390_load', pipeline/D_Conv.cpp:80) on local variable 'indvar_flatten390' [39]  (0 ns)
	'icmp' operation ('icmp_ln80', pipeline/D_Conv.cpp:80) [42]  (0.912 ns)
	'select' operation ('select_ln78_1', pipeline/D_Conv.cpp:78) [46]  (0.391 ns)
	'mul' operation of DSP[84] ('mul_ln78', pipeline/D_Conv.cpp:78) [48]  (0.996 ns)

 <State 2>: 0.996ns
The critical path consists of the following:
	'mul' operation of DSP[84] ('mul_ln78', pipeline/D_Conv.cpp:78) [48]  (0.996 ns)

 <State 3>: 5.02ns
The critical path consists of the following:
	'mul' operation ('mul_ln80', pipeline/D_Conv.cpp:80) [19]  (2.14 ns)
	'add' operation ('add_ln85', pipeline/D_Conv.cpp:85) [31]  (0.82 ns)
	'select' operation ('select_ln78_4', pipeline/D_Conv.cpp:78) [52]  (0 ns)
	'select' operation ('select_ln80_2', pipeline/D_Conv.cpp:80) [76]  (0 ns)
	'add' operation ('add_ln85_1', pipeline/D_Conv.cpp:85) [92]  (0.82 ns)
	'getelementptr' operation ('upsample_V_addr', pipeline/D_Conv.cpp:85) [94]  (0 ns)
	'load' operation ('upsample_V_load', pipeline/D_Conv.cpp:85) on array 'upsample_V' [95]  (1.24 ns)

 <State 4>: 2.83ns
The critical path consists of the following:
	'load' operation ('upsample_V_load', pipeline/D_Conv.cpp:85) on array 'upsample_V' [95]  (1.24 ns)
	'select' operation ('select_ln85', pipeline/D_Conv.cpp:85) [98]  (0.357 ns)
	'store' operation ('store_ln83', pipeline/D_Conv.cpp:83) of variable 'select_ln85', pipeline/D_Conv.cpp:85 on array 'OutPadConv2_V' [99]  (1.24 ns)


============================================================
+ Verbose Summary: Binding
============================================================
N/A
* FSMD analyzer results:
  - Output states:
 - Input state : 
  - Chain level:
	State 1
	State 2
	State 3
	State 4


============================================================
+ Verbose Summary: Datapath Resource usage 
============================================================
N/A
