

================================================================
== Vitis HLS Report for 'exp_17_9_s'
================================================================
* Date:           Wed Apr 15 01:46:30 2026

* Version:        2022.2 (Build 3670227 on Oct 13 2022)
* Project:        ProjectOne
* Solution:       solution1 (Vivado IP Flow Target)
* Product family: zynquplus
* Target device:  xck26-sfvc784-2LV-c


================================================================
== Performance Estimates
================================================================
+ Timing: 
    * Summary: 
    +--------+----------+----------+------------+
    |  Clock |  Target  | Estimated| Uncertainty|
    +--------+----------+----------+------------+
    |ap_clk  |  10.00 ns|  5.868 ns|     2.70 ns|
    +--------+----------+----------+------------+

+ Latency: 
    * Summary: 
    +---------+---------+-----------+-----------+-----+-----+---------+
    |  Latency (cycles) |   Latency (absolute)  |  Interval | Pipeline|
    |   min   |   max   |    min    |    max    | min | max |   Type  |
    +---------+---------+-----------+-----------+-----+-----+---------+
    |        5|        5|  50.000 ns|  50.000 ns|    1|    1|      yes|
    +---------+---------+-----------+-----------+-----+-----+---------+

    + Detail: 
        * Instance: 
        N/A

        * Loop: 
        N/A

============================================================
+ Verbose Summary: Synthesis Manager
============================================================
InlineROM: 1
ExposeGlobal: 0
============================================================
+ Verbose Summary: CDFG Model
============================================================
IsTopModel: 0
ResetActiveHigh: 1
IsCombinational: 0
IsDatapathOnly: 0
HasWiredReturn: 1
HasMFsm: 2
HasVarLatency: 0
IsPipeline: 1
IsRtlPipelined: 1
IsInstanceOverlapped: 0
IsDontTouch: 0
HasImplIP: 0
IsGatedGlobalClock: 0

+ Individual pipeline summary: 
  * Pipeline-0: initiation interval (II) = 1, depth = 6


============================================================
+ Verbose Summary: Schedule
============================================================
* Number of FSM states : 6
* Pipeline : 1
  Pipeline-0 : II = 1, D = 6, States = { 1 2 3 4 5 6 }
* Dataflow Pipeline: 0

* FSM state transitions: 
1 --> 2 
2 --> 3 
3 --> 4 
4 --> 5 
5 --> 6 
6 --> 

* FSM state operations: 

State 1 <SV = 0> <Delay = 1.23>
ST_1 : Operation 7 [1/1] (0.00ns)   --->   "%x_read = read i17 @_ssdm_op_Read.ap_auto.i17, i17 %x"   --->   Operation 7 'read' 'x_read' <Predicate = true> <Delay = 0.00>
ST_1 : Operation 8 [1/1] (0.00ns)   --->   "%x_l_int = partselect i4 @_ssdm_op_PartSelect.i4.i17.i32.i32, i17 %x_read, i32 8, i32 11"   --->   Operation 8 'partselect' 'x_l_int' <Predicate = true> <Delay = 0.00>
ST_1 : Operation 9 [1/1] (0.00ns)   --->   "%trunc_ln594 = trunc i17 %x_read"   --->   Operation 9 'trunc' 'trunc_ln594' <Predicate = true> <Delay = 0.00>
ST_1 : Operation 10 [1/1] (0.00ns)   --->   "%x_l_fract = bitconcatenate i11 @_ssdm_op_BitConcatenate.i11.i8.i3, i8 %trunc_ln594, i3 0"   --->   Operation 10 'bitconcatenate' 'x_l_fract' <Predicate = true> <Delay = 0.00>
ST_1 : Operation 11 [1/1] (0.00ns)   --->   "%p_Result_s = bitselect i1 @_ssdm_op_BitSelect.i1.i17.i32, i17 %x_read, i32 16"   --->   Operation 11 'bitselect' 'p_Result_s' <Predicate = true> <Delay = 0.00>
ST_1 : Operation 12 [1/1] (0.00ns) (grouped into LUT with out node or_ln202)   --->   "%p_Result_1 = bitselect i1 @_ssdm_op_BitSelect.i1.i17.i32, i17 %x_read, i32 11"   --->   Operation 12 'bitselect' 'p_Result_1' <Predicate = true> <Delay = 0.00>
ST_1 : Operation 13 [1/1] (0.00ns) (grouped into LUT with out node or_ln202)   --->   "%overf = xor i1 %p_Result_s, i1 %p_Result_1"   --->   Operation 13 'xor' 'overf' <Predicate = true> <Delay = 0.00> <CoreInst = "LogicGate">   --->   Core 74 'LogicGate' <Latency = 0> <II = 1> <Delay = 0.28> <FuncUnit> <Opcode : 'and' 'or' 'xor'> <InPorts = 2> <OutPorts = 1>
ST_1 : Operation 14 [1/1] (0.00ns) (grouped into LUT with out node or_ln202)   --->   "%p_Result_2 = bitselect i1 @_ssdm_op_BitSelect.i1.i17.i32, i17 %x_read, i32 12"   --->   Operation 14 'bitselect' 'p_Result_2' <Predicate = true> <Delay = 0.00>
ST_1 : Operation 15 [1/1] (0.00ns) (grouped into LUT with out node or_ln202)   --->   "%xor_ln176 = xor i1 %p_Result_s, i1 %p_Result_2"   --->   Operation 15 'xor' 'xor_ln176' <Predicate = true> <Delay = 0.00> <CoreInst = "LogicGate">   --->   Core 74 'LogicGate' <Latency = 0> <II = 1> <Delay = 0.28> <FuncUnit> <Opcode : 'and' 'or' 'xor'> <InPorts = 2> <OutPorts = 1>
ST_1 : Operation 16 [1/1] (0.00ns) (grouped into LUT with out node or_ln202_2)   --->   "%p_Result_3 = bitselect i1 @_ssdm_op_BitSelect.i1.i17.i32, i17 %x_read, i32 13"   --->   Operation 16 'bitselect' 'p_Result_3' <Predicate = true> <Delay = 0.00>
ST_1 : Operation 17 [1/1] (0.00ns) (grouped into LUT with out node or_ln202_2)   --->   "%xor_ln176_1 = xor i1 %p_Result_s, i1 %p_Result_3"   --->   Operation 17 'xor' 'xor_ln176_1' <Predicate = true> <Delay = 0.00> <CoreInst = "LogicGate">   --->   Core 74 'LogicGate' <Latency = 0> <II = 1> <Delay = 0.28> <FuncUnit> <Opcode : 'and' 'or' 'xor'> <InPorts = 2> <OutPorts = 1>
ST_1 : Operation 18 [1/1] (0.00ns) (grouped into LUT with out node or_ln202_2)   --->   "%p_Result_4 = bitselect i1 @_ssdm_op_BitSelect.i1.i17.i32, i17 %x_read, i32 14"   --->   Operation 18 'bitselect' 'p_Result_4' <Predicate = true> <Delay = 0.00>
ST_1 : Operation 19 [1/1] (0.00ns) (grouped into LUT with out node or_ln202_2)   --->   "%xor_ln176_2 = xor i1 %p_Result_s, i1 %p_Result_4"   --->   Operation 19 'xor' 'xor_ln176_2' <Predicate = true> <Delay = 0.00> <CoreInst = "LogicGate">   --->   Core 74 'LogicGate' <Latency = 0> <II = 1> <Delay = 0.28> <FuncUnit> <Opcode : 'and' 'or' 'xor'> <InPorts = 2> <OutPorts = 1>
ST_1 : Operation 20 [1/1] (0.00ns) (grouped into LUT with out node or_ln202_4)   --->   "%p_Result_5 = bitselect i1 @_ssdm_op_BitSelect.i1.i17.i32, i17 %x_read, i32 15"   --->   Operation 20 'bitselect' 'p_Result_5' <Predicate = true> <Delay = 0.00>
ST_1 : Operation 21 [1/1] (0.00ns) (grouped into LUT with out node or_ln202_4)   --->   "%xor_ln176_3 = xor i1 %p_Result_s, i1 %p_Result_5"   --->   Operation 21 'xor' 'xor_ln176_3' <Predicate = true> <Delay = 0.00> <CoreInst = "LogicGate">   --->   Core 74 'LogicGate' <Latency = 0> <II = 1> <Delay = 0.28> <FuncUnit> <Opcode : 'and' 'or' 'xor'> <InPorts = 2> <OutPorts = 1>
ST_1 : Operation 22 [1/1] (0.72ns)   --->   "%icmp_ln1653 = icmp_eq  i4 %x_l_int, i4 7"   --->   Operation 22 'icmp' 'icmp_ln1653' <Predicate = true> <Delay = 0.72> <CoreInst = "Cmp">   --->   Core 9 'Cmp' <Latency = 0> <II = 1> <Delay = 0.72> <FuncUnit> <Opcode : 'icmp'> <InPorts = 2> <OutPorts = 1>
ST_1 : Operation 23 [1/1] (0.94ns)   --->   "%icmp_ln1649 = icmp_ugt  i11 %x_l_fract, i11 1280"   --->   Operation 23 'icmp' 'icmp_ln1649' <Predicate = true> <Delay = 0.94> <CoreInst = "Cmp">   --->   Core 9 'Cmp' <Latency = 0> <II = 1> <Delay = 0.94> <FuncUnit> <Opcode : 'icmp'> <InPorts = 2> <OutPorts = 1>
ST_1 : Operation 24 [1/1] (0.00ns) (grouped into LUT with out node or_ln202_4)   --->   "%and_ln202 = and i1 %icmp_ln1653, i1 %icmp_ln1649" [D:/Xilinx/Vitis_HLS/2022.2/common/technology/autopilot/hls_exp_apfixed.h:202]   --->   Operation 24 'and' 'and_ln202' <Predicate = true> <Delay = 0.00> <CoreInst = "LogicGate">   --->   Core 74 'LogicGate' <Latency = 0> <II = 1> <Delay = 0.28> <FuncUnit> <Opcode : 'and' 'or' 'xor'> <InPorts = 2> <OutPorts = 1>
ST_1 : Operation 25 [1/1] (0.00ns)   --->   "%tmp = partselect i4 @_ssdm_op_PartSelect.i4.i17.i32.i32, i17 %x_read, i32 7, i32 10"   --->   Operation 25 'partselect' 'tmp' <Predicate = true> <Delay = 0.00>
ST_1 : Operation 26 [1/1] (0.00ns)   --->   "%tmp_12 = partselect i5 @_ssdm_op_PartSelect.i5.i17.i32.i32, i17 %x_read, i32 2, i32 6"   --->   Operation 26 'partselect' 'tmp_12' <Predicate = true> <Delay = 0.00>
ST_1 : Operation 27 [1/1] (0.00ns)   --->   "%trunc_ln594_1 = trunc i17 %x_read"   --->   Operation 27 'trunc' 'trunc_ln594_1' <Predicate = true> <Delay = 0.00>
ST_1 : Operation 28 [1/1] (0.00ns)   --->   "%tmp_13 = bitconcatenate i5 @_ssdm_op_BitConcatenate.i5.i2.i3, i2 %trunc_ln594_1, i3 0"   --->   Operation 28 'bitconcatenate' 'tmp_13' <Predicate = true> <Delay = 0.00>
ST_1 : Operation 29 [1/1] (0.00ns)   --->   "%zext_ln541 = zext i5 %tmp_13"   --->   Operation 29 'zext' 'zext_ln541' <Predicate = true> <Delay = 0.00>
ST_1 : Operation 30 [1/1] (0.00ns)   --->   "%f_x_lsb_table_V_addr = getelementptr i11 %f_x_lsb_table_V, i64 0, i64 %zext_ln541" [D:/Xilinx/Vitis_HLS/2022.2/common/technology/autopilot/hls_exp_apfixed.h:230]   --->   Operation 30 'getelementptr' 'f_x_lsb_table_V_addr' <Predicate = true> <Delay = 0.00>
ST_1 : Operation 31 [2/2] (0.67ns)   --->   "%f_x_lsb_V = load i5 %f_x_lsb_table_V_addr" [D:/Xilinx/Vitis_HLS/2022.2/common/technology/autopilot/hls_exp_apfixed.h:230]   --->   Operation 31 'load' 'f_x_lsb_V' <Predicate = true> <Delay = 0.67> <CoreInst = "ROM">   --->   Core 101 'ROM' <Latency = 1> <II = 1> <Delay = 0.67> <Storage> <Opcode : 'load'> <Ports = 0> <Width = 11> <Depth = 32> <ROM>
ST_1 : Operation 32 [1/1] (0.00ns)   --->   "%zext_ln541_1 = zext i5 %tmp_12"   --->   Operation 32 'zext' 'zext_ln541_1' <Predicate = true> <Delay = 0.00>
ST_1 : Operation 33 [1/1] (0.00ns)   --->   "%exp_x_msb_2_m_1_table_V_addr = getelementptr i25 %exp_x_msb_2_m_1_table_V, i64 0, i64 %zext_ln541_1" [D:/Xilinx/Vitis_HLS/2022.2/common/technology/autopilot/hls_exp_apfixed.h:245]   --->   Operation 33 'getelementptr' 'exp_x_msb_2_m_1_table_V_addr' <Predicate = true> <Delay = 0.00>
ST_1 : Operation 34 [2/2] (0.67ns)   --->   "%exp_x_msb_2_m_1_V = load i5 %exp_x_msb_2_m_1_table_V_addr" [D:/Xilinx/Vitis_HLS/2022.2/common/technology/autopilot/hls_exp_apfixed.h:245]   --->   Operation 34 'load' 'exp_x_msb_2_m_1_V' <Predicate = true> <Delay = 0.67> <CoreInst = "ROM">   --->   Core 101 'ROM' <Latency = 1> <II = 1> <Delay = 0.67> <Storage> <Opcode : 'load'> <Ports = 0> <Width = 25> <Depth = 32> <ROM>
ST_1 : Operation 35 [1/1] (0.28ns) (out node of the LUT)   --->   "%or_ln202 = or i1 %xor_ln176, i1 %overf" [D:/Xilinx/Vitis_HLS/2022.2/common/technology/autopilot/hls_exp_apfixed.h:202]   --->   Operation 35 'or' 'or_ln202' <Predicate = true> <Delay = 0.28> <CoreInst = "LogicGate">   --->   Core 74 'LogicGate' <Latency = 0> <II = 1> <Delay = 0.28> <FuncUnit> <Opcode : 'and' 'or' 'xor'> <InPorts = 2> <OutPorts = 1>
ST_1 : Operation 36 [1/1] (0.00ns) (grouped into LUT with out node or_ln202_2)   --->   "%or_ln202_1 = or i1 %xor_ln176_1, i1 %xor_ln176_2" [D:/Xilinx/Vitis_HLS/2022.2/common/technology/autopilot/hls_exp_apfixed.h:202]   --->   Operation 36 'or' 'or_ln202_1' <Predicate = true> <Delay = 0.00> <CoreInst = "LogicGate">   --->   Core 74 'LogicGate' <Latency = 0> <II = 1> <Delay = 0.28> <FuncUnit> <Opcode : 'and' 'or' 'xor'> <InPorts = 2> <OutPorts = 1>
ST_1 : Operation 37 [1/1] (0.28ns) (out node of the LUT)   --->   "%or_ln202_2 = or i1 %or_ln202_1, i1 %or_ln202" [D:/Xilinx/Vitis_HLS/2022.2/common/technology/autopilot/hls_exp_apfixed.h:202]   --->   Operation 37 'or' 'or_ln202_2' <Predicate = true> <Delay = 0.28> <CoreInst = "LogicGate">   --->   Core 74 'LogicGate' <Latency = 0> <II = 1> <Delay = 0.28> <FuncUnit> <Opcode : 'and' 'or' 'xor'> <InPorts = 2> <OutPorts = 1>
ST_1 : Operation 38 [1/1] (0.00ns) (grouped into LUT with out node or_ln202_4)   --->   "%or_ln202_3 = or i1 %and_ln202, i1 %xor_ln176_3" [D:/Xilinx/Vitis_HLS/2022.2/common/technology/autopilot/hls_exp_apfixed.h:202]   --->   Operation 38 'or' 'or_ln202_3' <Predicate = true> <Delay = 0.00> <CoreInst = "LogicGate">   --->   Core 74 'LogicGate' <Latency = 0> <II = 1> <Delay = 0.28> <FuncUnit> <Opcode : 'and' 'or' 'xor'> <InPorts = 2> <OutPorts = 1>
ST_1 : Operation 39 [1/1] (0.28ns) (out node of the LUT)   --->   "%or_ln202_4 = or i1 %or_ln202_3, i1 %or_ln202_2" [D:/Xilinx/Vitis_HLS/2022.2/common/technology/autopilot/hls_exp_apfixed.h:202]   --->   Operation 39 'or' 'or_ln202_4' <Predicate = true> <Delay = 0.28> <CoreInst = "LogicGate">   --->   Core 74 'LogicGate' <Latency = 0> <II = 1> <Delay = 0.28> <FuncUnit> <Opcode : 'and' 'or' 'xor'> <InPorts = 2> <OutPorts = 1>

State 2 <SV = 1> <Delay = 1.21>
ST_2 : Operation 40 [1/2] (0.67ns)   --->   "%f_x_lsb_V = load i5 %f_x_lsb_table_V_addr" [D:/Xilinx/Vitis_HLS/2022.2/common/technology/autopilot/hls_exp_apfixed.h:230]   --->   Operation 40 'load' 'f_x_lsb_V' <Predicate = true> <Delay = 0.67> <CoreInst = "ROM">   --->   Core 101 'ROM' <Latency = 1> <II = 1> <Delay = 0.67> <Storage> <Opcode : 'load'> <Ports = 0> <Width = 11> <Depth = 32> <ROM>
ST_2 : Operation 41 [1/1] (0.00ns)   --->   "%p_Result_13 = bitconcatenate i18 @_ssdm_op_BitConcatenate.i18.i2.i5.i11, i2 %trunc_ln594_1, i5 0, i11 %f_x_lsb_V"   --->   Operation 41 'bitconcatenate' 'p_Result_13' <Predicate = (!or_ln202_4)> <Delay = 0.00>
ST_2 : Operation 42 [1/2] (0.67ns)   --->   "%exp_x_msb_2_m_1_V = load i5 %exp_x_msb_2_m_1_table_V_addr" [D:/Xilinx/Vitis_HLS/2022.2/common/technology/autopilot/hls_exp_apfixed.h:245]   --->   Operation 42 'load' 'exp_x_msb_2_m_1_V' <Predicate = true> <Delay = 0.67> <CoreInst = "ROM">   --->   Core 101 'ROM' <Latency = 1> <II = 1> <Delay = 0.67> <Storage> <Opcode : 'load'> <Ports = 0> <Width = 25> <Depth = 32> <ROM>
ST_2 : Operation 43 [1/1] (0.00ns)   --->   "%zext_ln1271 = zext i25 %exp_x_msb_2_m_1_V"   --->   Operation 43 'zext' 'zext_ln1271' <Predicate = (!or_ln202_4)> <Delay = 0.00>
ST_2 : Operation 44 [1/1] (0.00ns)   --->   "%zext_ln1273 = zext i18 %p_Result_13"   --->   Operation 44 'zext' 'zext_ln1273' <Predicate = (!or_ln202_4)> <Delay = 0.00>
ST_2 : Operation 45 [4/4] (0.53ns) (root node of the DSP)   --->   "%r_V = mul i43 %zext_ln1271, i43 %zext_ln1273"   --->   Operation 45 'mul' 'r_V' <Predicate = (!or_ln202_4)> <Delay = 0.53> <CoreInst = "DSP48">   --->   Core 127 'DSP48' <Latency = 3> <II = 1> <Delay = 0.53> <IPBlock> <Opcode : 'mul' 'add' 'sub' 'select'> <InPorts = 0> <OutPorts = 1> <Sync> <CReg>

State 3 <SV = 2> <Delay = 0.53>
ST_3 : Operation 46 [3/4] (0.53ns) (root node of the DSP)   --->   "%r_V = mul i43 %zext_ln1271, i43 %zext_ln1273"   --->   Operation 46 'mul' 'r_V' <Predicate = (!or_ln202_4)> <Delay = 0.53> <CoreInst = "DSP48">   --->   Core 127 'DSP48' <Latency = 3> <II = 1> <Delay = 0.53> <IPBlock> <Opcode : 'mul' 'add' 'sub' 'select'> <InPorts = 0> <OutPorts = 1> <Sync> <CReg>

State 4 <SV = 3> <Delay = 0.53>
ST_4 : Operation 47 [2/4] (0.53ns) (root node of the DSP)   --->   "%r_V = mul i43 %zext_ln1271, i43 %zext_ln1273"   --->   Operation 47 'mul' 'r_V' <Predicate = (!or_ln202_4)> <Delay = 0.53> <CoreInst = "DSP48">   --->   Core 127 'DSP48' <Latency = 3> <II = 1> <Delay = 0.53> <IPBlock> <Opcode : 'mul' 'add' 'sub' 'select'> <InPorts = 0> <OutPorts = 1> <Sync> <CReg>

State 5 <SV = 4> <Delay = 1.82>
ST_5 : Operation 48 [1/1] (0.00ns)   --->   "%p_Result_12 = bitconcatenate i5 @_ssdm_op_BitConcatenate.i5.i1.i4, i1 %p_Result_s, i4 %tmp"   --->   Operation 48 'bitconcatenate' 'p_Result_12' <Predicate = (!or_ln202_4)> <Delay = 0.00>
ST_5 : Operation 49 [1/4] (0.00ns) (root node of the DSP)   --->   "%r_V = mul i43 %zext_ln1271, i43 %zext_ln1273"   --->   Operation 49 'mul' 'r_V' <Predicate = (!or_ln202_4)> <Delay = 0.00> <CoreInst = "DSP48">   --->   Core 127 'DSP48' <Latency = 3> <II = 1> <Delay = 0.53> <IPBlock> <Opcode : 'mul' 'add' 'sub' 'select'> <InPorts = 0> <OutPorts = 1> <Sync> <CReg>
ST_5 : Operation 50 [1/1] (0.00ns)   --->   "%trunc_ln1 = partselect i19 @_ssdm_op_PartSelect.i19.i43.i32.i32, i43 %r_V, i32 24, i32 42"   --->   Operation 50 'partselect' 'trunc_ln1' <Predicate = (!or_ln202_4)> <Delay = 0.00>
ST_5 : Operation 51 [1/1] (0.00ns)   --->   "%zext_ln813_1 = zext i19 %trunc_ln1"   --->   Operation 51 'zext' 'zext_ln813_1' <Predicate = (!or_ln202_4)> <Delay = 0.00>
ST_5 : Operation 52 [1/1] (0.00ns)   --->   "%rhs_1 = bitconcatenate i19 @_ssdm_op_BitConcatenate.i19.i2.i5.i11.i1, i2 %trunc_ln594_1, i5 0, i11 %f_x_lsb_V, i1 0"   --->   Operation 52 'bitconcatenate' 'rhs_1' <Predicate = (!or_ln202_4)> <Delay = 0.00>
ST_5 : Operation 53 [1/1] (0.00ns)   --->   "%zext_ln1347 = zext i19 %rhs_1"   --->   Operation 53 'zext' 'zext_ln1347' <Predicate = (!or_ln202_4)> <Delay = 0.00>
ST_5 : Operation 54 [1/1] (0.88ns)   --->   "%ret_V = add i20 %zext_ln1347, i20 %zext_ln813_1"   --->   Operation 54 'add' 'ret_V' <Predicate = (!or_ln202_4)> <Delay = 0.88> <CoreInst = "Adder">   --->   Core 1 'Adder' <Latency = 0> <II = 1> <Delay = 0.88> <FuncUnit> <Opcode : 'add' 'sub'> <InPorts = 2> <OutPorts = 1>
ST_5 : Operation 55 [1/1] (0.00ns)   --->   "%zext_ln813 = zext i20 %ret_V"   --->   Operation 55 'zext' 'zext_ln813' <Predicate = (!or_ln202_4)> <Delay = 0.00>
ST_5 : Operation 56 [1/1] (0.94ns)   --->   "%exp_x_msb_2_lsb_m_1_V = add i25 %exp_x_msb_2_m_1_V, i25 %zext_ln813"   --->   Operation 56 'add' 'exp_x_msb_2_lsb_m_1_V' <Predicate = (!or_ln202_4)> <Delay = 0.94> <CoreInst = "Adder">   --->   Core 1 'Adder' <Latency = 0> <II = 1> <Delay = 0.94> <FuncUnit> <Opcode : 'add' 'sub'> <InPorts = 2> <OutPorts = 1>
ST_5 : Operation 57 [1/1] (0.00ns)   --->   "%zext_ln541_2 = zext i5 %p_Result_12"   --->   Operation 57 'zext' 'zext_ln541_2' <Predicate = (!or_ln202_4)> <Delay = 0.00>
ST_5 : Operation 58 [1/1] (0.00ns)   --->   "%exp_x_msb_1_table_V_addr = getelementptr i25 %exp_x_msb_1_table_V, i64 0, i64 %zext_ln541_2" [D:/Xilinx/Vitis_HLS/2022.2/common/technology/autopilot/hls_exp_apfixed.h:261]   --->   Operation 58 'getelementptr' 'exp_x_msb_1_table_V_addr' <Predicate = (!or_ln202_4)> <Delay = 0.00>
ST_5 : Operation 59 [2/2] (0.67ns)   --->   "%exp_x_msb_1_V = load i5 %exp_x_msb_1_table_V_addr" [D:/Xilinx/Vitis_HLS/2022.2/common/technology/autopilot/hls_exp_apfixed.h:261]   --->   Operation 59 'load' 'exp_x_msb_1_V' <Predicate = (!or_ln202_4)> <Delay = 0.67> <CoreInst = "ROM">   --->   Core 101 'ROM' <Latency = 1> <II = 1> <Delay = 0.67> <Storage> <Opcode : 'load'> <Ports = 0> <Width = 25> <Depth = 32> <ROM>

State 6 <SV = 5> <Delay = 5.86>
ST_6 : Operation 60 [1/1] (0.00ns)   --->   "%specpipeline_ln41 = specpipeline void @_ssdm_op_SpecPipeline, i32 4294967295, i32 0, i32 0, i32 0, void @empty_8" [D:/Xilinx/Vitis_HLS/2022.2/common/technology/autopilot/hls_exp_apfixed.h:41]   --->   Operation 60 'specpipeline' 'specpipeline_ln41' <Predicate = true> <Delay = 0.00>
ST_6 : Operation 61 [1/1] (0.00ns) (grouped into LUT with out node y_V_3)   --->   "%y_V = xor i1 %p_Result_s, i1 1" [D:/Xilinx/Vitis_HLS/2022.2/common/technology/autopilot/hls_exp_apfixed.h:203]   --->   Operation 61 'xor' 'y_V' <Predicate = (or_ln202_4)> <Delay = 0.00> <CoreInst = "LogicGate">   --->   Core 74 'LogicGate' <Latency = 0> <II = 1> <Delay = 0.28> <FuncUnit> <Opcode : 'and' 'or' 'xor'> <InPorts = 2> <OutPorts = 1>
ST_6 : Operation 62 [1/1] (0.00ns) (grouped into LUT with out node y_V_3)   --->   "%select_ln190 = select i1 %y_V, i22 4194303, i22 0" [D:/Xilinx/Vitis_HLS/2022.2/common/technology/autopilot/hls_exp_apfixed.h:190]   --->   Operation 62 'select' 'select_ln190' <Predicate = (or_ln202_4)> <Delay = 0.00> <CoreInst = "Sel">   --->   Core 73 'Sel' <Latency = 0> <II = 1> <Delay = 0.17> <FuncUnit> <Opcode : 'select'> <InPorts = 3> <OutPorts = 1>
ST_6 : Operation 63 [1/2] (0.67ns)   --->   "%exp_x_msb_1_V = load i5 %exp_x_msb_1_table_V_addr" [D:/Xilinx/Vitis_HLS/2022.2/common/technology/autopilot/hls_exp_apfixed.h:261]   --->   Operation 63 'load' 'exp_x_msb_1_V' <Predicate = (!or_ln202_4)> <Delay = 0.67> <CoreInst = "ROM">   --->   Core 101 'ROM' <Latency = 1> <II = 1> <Delay = 0.67> <Storage> <Opcode : 'load'> <Ports = 0> <Width = 25> <Depth = 32> <ROM>
ST_6 : Operation 64 [1/1] (0.00ns)   --->   "%zext_ln1271_1 = zext i25 %exp_x_msb_1_V"   --->   Operation 64 'zext' 'zext_ln1271_1' <Predicate = (!or_ln202_4)> <Delay = 0.00>
ST_6 : Operation 65 [1/1] (0.00ns)   --->   "%zext_ln1273_1 = zext i25 %exp_x_msb_2_lsb_m_1_V"   --->   Operation 65 'zext' 'zext_ln1273_1' <Predicate = (!or_ln202_4)> <Delay = 0.00>
ST_6 : Operation 66 [1/1] (3.10ns)   --->   "%r_V_4 = mul i50 %zext_ln1273_1, i50 %zext_ln1271_1"   --->   Operation 66 'mul' 'r_V_4' <Predicate = (!or_ln202_4)> <Delay = 3.10> <CoreInst = "Multiplier">   --->   Core 3 'Multiplier' <Latency = 0> <II = 1> <Delay = 3.10> <FuncUnit> <Opcode : 'mul'> <InPorts = 2> <OutPorts = 1>
ST_6 : Operation 67 [1/1] (0.00ns)   --->   "%y_lo_s_V = partselect i25 @_ssdm_op_PartSelect.i25.i50.i32.i32, i50 %r_V_4, i32 25, i32 49"   --->   Operation 67 'partselect' 'y_lo_s_V' <Predicate = (!or_ln202_4)> <Delay = 0.00>
ST_6 : Operation 68 [1/1] (0.94ns)   --->   "%y_l_V = add i25 %exp_x_msb_1_V, i25 %y_lo_s_V"   --->   Operation 68 'add' 'y_l_V' <Predicate = (!or_ln202_4)> <Delay = 0.94> <CoreInst = "Adder">   --->   Core 1 'Adder' <Latency = 0> <II = 1> <Delay = 0.94> <FuncUnit> <Opcode : 'add' 'sub'> <InPorts = 2> <OutPorts = 1>
ST_6 : Operation 69 [1/1] (0.00ns) (grouped into LUT with out node y_V_3)   --->   "%y_V_1 = partselect i22 @_ssdm_op_PartSelect.i22.i25.i32.i32, i25 %y_l_V, i32 3, i32 24"   --->   Operation 69 'partselect' 'y_V_1' <Predicate = (!or_ln202_4)> <Delay = 0.00>
ST_6 : Operation 70 [1/1] (0.34ns) (out node of the LUT)   --->   "%y_V_3 = select i1 %or_ln202_4, i22 %select_ln190, i22 %y_V_1" [D:/Xilinx/Vitis_HLS/2022.2/common/technology/autopilot/hls_exp_apfixed.h:202]   --->   Operation 70 'select' 'y_V_3' <Predicate = true> <Delay = 0.34> <CoreInst = "Sel">   --->   Core 73 'Sel' <Latency = 0> <II = 1> <Delay = 0.34> <FuncUnit> <Opcode : 'select'> <InPorts = 3> <OutPorts = 1>
ST_6 : Operation 71 [1/1] (0.00ns)   --->   "%tmp_9 = partselect i2 @_ssdm_op_PartSelect.i2.i22.i32.i32, i22 %y_V_3, i32 20, i32 21" [D:/Xilinx/Vitis_HLS/2022.2/common/technology/autopilot/hls_exp_apfixed.h:271]   --->   Operation 71 'partselect' 'tmp_9' <Predicate = true> <Delay = 0.00>
ST_6 : Operation 72 [1/1] (0.44ns)   --->   "%overf_1 = icmp_ne  i2 %tmp_9, i2 0" [D:/Xilinx/Vitis_HLS/2022.2/common/technology/autopilot/hls_exp_apfixed.h:271]   --->   Operation 72 'icmp' 'overf_1' <Predicate = true> <Delay = 0.44> <CoreInst = "Cmp">   --->   Core 9 'Cmp' <Latency = 0> <II = 1> <Delay = 0.44> <FuncUnit> <Opcode : 'icmp'> <InPorts = 2> <OutPorts = 1>
ST_6 : Operation 73 [1/1] (0.00ns) (grouped into LUT with out node select_ln274)   --->   "%p_Result_11 = bitselect i1 @_ssdm_op_BitSelect.i1.i22.i32, i22 %y_V_3, i32 19"   --->   Operation 73 'bitselect' 'p_Result_11' <Predicate = true> <Delay = 0.00>
ST_6 : Operation 74 [1/1] (0.00ns) (grouped into LUT with out node select_ln274)   --->   "%overf_2 = or i1 %p_Result_11, i1 %overf_1" [D:/Xilinx/Vitis_HLS/2022.2/common/technology/autopilot/hls_exp_apfixed.h:271]   --->   Operation 74 'or' 'overf_2' <Predicate = true> <Delay = 0.00> <CoreInst = "LogicGate">   --->   Core 74 'LogicGate' <Latency = 0> <II = 1> <Delay = 0.28> <FuncUnit> <Opcode : 'and' 'or' 'xor'> <InPorts = 2> <OutPorts = 1>
ST_6 : Operation 75 [1/1] (0.00ns) (grouped into LUT with out node select_ln274)   --->   "%tmp_s = partselect i17 @_ssdm_op_PartSelect.i17.i22.i32.i32, i22 %y_V_3, i32 3, i32 19"   --->   Operation 75 'partselect' 'tmp_s' <Predicate = true> <Delay = 0.00>
ST_6 : Operation 76 [1/1] (0.35ns) (out node of the LUT)   --->   "%select_ln274 = select i1 %overf_2, i17 65535, i17 %tmp_s" [D:/Xilinx/Vitis_HLS/2022.2/common/technology/autopilot/hls_exp_apfixed.h:274]   --->   Operation 76 'select' 'select_ln274' <Predicate = true> <Delay = 0.35> <CoreInst = "Sel">   --->   Core 73 'Sel' <Latency = 0> <II = 1> <Delay = 0.35> <FuncUnit> <Opcode : 'select'> <InPorts = 3> <OutPorts = 1>
ST_6 : Operation 77 [1/1] (0.00ns)   --->   "%ret_ln953 = ret i17 %select_ln274" [D:/Xilinx/Vitis_HLS/2022.2/common/technology/autopilot/hls_exp_apfixed.h:953]   --->   Operation 77 'ret' 'ret_ln953' <Predicate = true> <Delay = 0.00>


============================================================
+ Verbose Summary: Binding
============================================================
STG Binding: 
---------------- STG Properties BEGIN ----------------
- Is combinational: 0
- Is one-state seq: 0
- Is datapath-only: 0
- Is pipelined: 1
- Is top level: 0
Port [ Return ] is wired: 1; IO mode=ap_ctrl_hs:ce=0
Port [ x]:  wired=1; compound=0; hidden=0; nouse=0; global=0; static=0; extern=0; dir=0; type=0; pingpong=0; private_global=0; IO mode=ap_none:ce=0
Port [ f_x_lsb_table_V]:  wired=0; compound=1; hidden=1; nouse=0; global=1; static=1; extern=0; dir=0; type=1; pingpong=0; private_global=0; MemPort=[1]; IO mode=ap_memory:ce=0
Port [ exp_x_msb_2_m_1_table_V]:  wired=0; compound=1; hidden=1; nouse=0; global=1; static=1; extern=0; dir=0; type=1; pingpong=0; private_global=0; MemPort=[1]; IO mode=ap_memory:ce=0
Port [ exp_x_msb_1_table_V]:  wired=0; compound=1; hidden=1; nouse=0; global=1; static=1; extern=0; dir=0; type=1; pingpong=0; private_global=0; MemPort=[1]; IO mode=ap_memory:ce=0
---------------- STG Properties END ------------------

---------------- Datapath Model BEGIN ----------------

<LifeTime>
<method=bitvector/>
x_read                       (read          ) [ 0000000]
x_l_int                      (partselect    ) [ 0000000]
trunc_ln594                  (trunc         ) [ 0000000]
x_l_fract                    (bitconcatenate) [ 0000000]
p_Result_s                   (bitselect     ) [ 0111111]
p_Result_1                   (bitselect     ) [ 0000000]
overf                        (xor           ) [ 0000000]
p_Result_2                   (bitselect     ) [ 0000000]
xor_ln176                    (xor           ) [ 0000000]
p_Result_3                   (bitselect     ) [ 0000000]
xor_ln176_1                  (xor           ) [ 0000000]
p_Result_4                   (bitselect     ) [ 0000000]
xor_ln176_2                  (xor           ) [ 0000000]
p_Result_5                   (bitselect     ) [ 0000000]
xor_ln176_3                  (xor           ) [ 0000000]
icmp_ln1653                  (icmp          ) [ 0000000]
icmp_ln1649                  (icmp          ) [ 0000000]
and_ln202                    (and           ) [ 0000000]
tmp                          (partselect    ) [ 0111110]
tmp_12                       (partselect    ) [ 0000000]
trunc_ln594_1                (trunc         ) [ 0111110]
tmp_13                       (bitconcatenate) [ 0000000]
zext_ln541                   (zext          ) [ 0000000]
f_x_lsb_table_V_addr         (getelementptr ) [ 0110000]
zext_ln541_1                 (zext          ) [ 0000000]
exp_x_msb_2_m_1_table_V_addr (getelementptr ) [ 0110000]
or_ln202                     (or            ) [ 0000000]
or_ln202_1                   (or            ) [ 0000000]
or_ln202_2                   (or            ) [ 0000000]
or_ln202_3                   (or            ) [ 0000000]
or_ln202_4                   (or            ) [ 0111111]
f_x_lsb_V                    (load          ) [ 0101110]
p_Result_13                  (bitconcatenate) [ 0000000]
exp_x_msb_2_m_1_V            (load          ) [ 0101110]
zext_ln1271                  (zext          ) [ 0101110]
zext_ln1273                  (zext          ) [ 0101110]
p_Result_12                  (bitconcatenate) [ 0000000]
r_V                          (mul           ) [ 0000000]
trunc_ln1                    (partselect    ) [ 0000000]
zext_ln813_1                 (zext          ) [ 0000000]
rhs_1                        (bitconcatenate) [ 0000000]
zext_ln1347                  (zext          ) [ 0000000]
ret_V                        (add           ) [ 0000000]
zext_ln813                   (zext          ) [ 0000000]
exp_x_msb_2_lsb_m_1_V        (add           ) [ 0100001]
zext_ln541_2                 (zext          ) [ 0000000]
exp_x_msb_1_table_V_addr     (getelementptr ) [ 0100001]
specpipeline_ln41            (specpipeline  ) [ 0000000]
y_V                          (xor           ) [ 0000000]
select_ln190                 (select        ) [ 0000000]
exp_x_msb_1_V                (load          ) [ 0000000]
zext_ln1271_1                (zext          ) [ 0000000]
zext_ln1273_1                (zext          ) [ 0000000]
r_V_4                        (mul           ) [ 0000000]
y_lo_s_V                     (partselect    ) [ 0000000]
y_l_V                        (add           ) [ 0000000]
y_V_1                        (partselect    ) [ 0000000]
y_V_3                        (select        ) [ 0000000]
tmp_9                        (partselect    ) [ 0000000]
overf_1                      (icmp          ) [ 0000000]
p_Result_11                  (bitselect     ) [ 0000000]
overf_2                      (or            ) [ 0000000]
tmp_s                        (partselect    ) [ 0000000]
select_ln274                 (select        ) [ 0000000]
ret_ln953                    (ret           ) [ 0000000]
</LifeTime>

<model>

<comp_list>
<comp id="0" class="1000" name="x">
<pin_list>
<pin id="1" dir="1" index="0" bw="1" slack="0"/>
</pin_list>
<bind>
<StgValue><ssdm name="x"/></StgValue>
</bind>
</comp>

<comp id="2" class="1000" name="f_x_lsb_table_V">
<pin_list>
<pin id="3" dir="1" index="0" bw="1" slack="0"/>
</pin_list>
<bind>
<StgValue><ssdm name="f_x_lsb_table_V"/><MemPortTyVec>1 </MemPortTyVec>
</StgValue>
</bind>
</comp>

<comp id="4" class="1000" name="exp_x_msb_2_m_1_table_V">
<pin_list>
<pin id="5" dir="1" index="0" bw="1" slack="0"/>
</pin_list>
<bind>
<StgValue><ssdm name="exp_x_msb_2_m_1_table_V"/><MemPortTyVec>1 </MemPortTyVec>
</StgValue>
</bind>
</comp>

<comp id="6" class="1000" name="exp_x_msb_1_table_V">
<pin_list>
<pin id="7" dir="1" index="0" bw="1" slack="0"/>
</pin_list>
<bind>
<StgValue><ssdm name="exp_x_msb_1_table_V"/><MemPortTyVec>1 </MemPortTyVec>
</StgValue>
</bind>
</comp>

<comp id="8" class="1001" name="const_8">
<pin_list>
<pin id="9" dir="1" index="0" bw="1" slack="0"/>
</pin_list>
<bind>
<StgValue><ssdm name="_ssdm_op_Read.ap_auto.i17"/></StgValue>
</bind>
</comp>

<comp id="10" class="1001" name="const_10">
<pin_list>
<pin id="11" dir="1" index="0" bw="1" slack="0"/>
</pin_list>
<bind>
<StgValue><ssdm name="_ssdm_op_PartSelect.i4.i17.i32.i32"/></StgValue>
</bind>
</comp>

<comp id="12" class="1001" name="const_12">
<pin_list>
<pin id="13" dir="1" index="0" bw="1" slack="0"/>
</pin_list>
<bind>
<StgValue><ssdm name=""/></StgValue>
</bind>
</comp>

<comp id="14" class="1001" name="const_14">
<pin_list>
<pin id="15" dir="1" index="0" bw="1" slack="0"/>
</pin_list>
<bind>
<StgValue><ssdm name=""/></StgValue>
</bind>
</comp>

<comp id="16" class="1001" name="const_16">
<pin_list>
<pin id="17" dir="1" index="0" bw="1" slack="0"/>
</pin_list>
<bind>
<StgValue><ssdm name="_ssdm_op_BitConcatenate.i11.i8.i3"/></StgValue>
</bind>
</comp>

<comp id="18" class="1001" name="const_18">
<pin_list>
<pin id="19" dir="1" index="0" bw="1" slack="0"/>
</pin_list>
<bind>
<StgValue><ssdm name=""/></StgValue>
</bind>
</comp>

<comp id="20" class="1001" name="const_20">
<pin_list>
<pin id="21" dir="1" index="0" bw="1" slack="0"/>
</pin_list>
<bind>
<StgValue><ssdm name="_ssdm_op_BitSelect.i1.i17.i32"/></StgValue>
</bind>
</comp>

<comp id="22" class="1001" name="const_22">
<pin_list>
<pin id="23" dir="1" index="0" bw="1" slack="0"/>
</pin_list>
<bind>
<StgValue><ssdm name=""/></StgValue>
</bind>
</comp>

<comp id="24" class="1001" name="const_24">
<pin_list>
<pin id="25" dir="1" index="0" bw="1" slack="0"/>
</pin_list>
<bind>
<StgValue><ssdm name=""/></StgValue>
</bind>
</comp>

<comp id="26" class="1001" name="const_26">
<pin_list>
<pin id="27" dir="1" index="0" bw="1" slack="0"/>
</pin_list>
<bind>
<StgValue><ssdm name=""/></StgValue>
</bind>
</comp>

<comp id="28" class="1001" name="const_28">
<pin_list>
<pin id="29" dir="1" index="0" bw="1" slack="0"/>
</pin_list>
<bind>
<StgValue><ssdm name=""/></StgValue>
</bind>
</comp>

<comp id="30" class="1001" name="const_30">
<pin_list>
<pin id="31" dir="1" index="0" bw="1" slack="0"/>
</pin_list>
<bind>
<StgValue><ssdm name=""/></StgValue>
</bind>
</comp>

<comp id="32" class="1001" name="const_32">
<pin_list>
<pin id="33" dir="1" index="0" bw="1" slack="0"/>
</pin_list>
<bind>
<StgValue><ssdm name=""/></StgValue>
</bind>
</comp>

<comp id="34" class="1001" name="const_34">
<pin_list>
<pin id="35" dir="1" index="0" bw="1" slack="0"/>
</pin_list>
<bind>
<StgValue><ssdm name=""/></StgValue>
</bind>
</comp>

<comp id="36" class="1001" name="const_36">
<pin_list>
<pin id="37" dir="1" index="0" bw="1" slack="0"/>
</pin_list>
<bind>
<StgValue><ssdm name=""/></StgValue>
</bind>
</comp>

<comp id="38" class="1001" name="const_38">
<pin_list>
<pin id="39" dir="1" index="0" bw="1" slack="0"/>
</pin_list>
<bind>
<StgValue><ssdm name=""/></StgValue>
</bind>
</comp>

<comp id="40" class="1001" name="const_40">
<pin_list>
<pin id="41" dir="1" index="0" bw="1" slack="0"/>
</pin_list>
<bind>
<StgValue><ssdm name="_ssdm_op_PartSelect.i5.i17.i32.i32"/></StgValue>
</bind>
</comp>

<comp id="42" class="1001" name="const_42">
<pin_list>
<pin id="43" dir="1" index="0" bw="1" slack="0"/>
</pin_list>
<bind>
<StgValue><ssdm name=""/></StgValue>
</bind>
</comp>

<comp id="44" class="1001" name="const_44">
<pin_list>
<pin id="45" dir="1" index="0" bw="1" slack="0"/>
</pin_list>
<bind>
<StgValue><ssdm name=""/></StgValue>
</bind>
</comp>

<comp id="46" class="1001" name="const_46">
<pin_list>
<pin id="47" dir="1" index="0" bw="1" slack="0"/>
</pin_list>
<bind>
<StgValue><ssdm name="_ssdm_op_BitConcatenate.i5.i2.i3"/></StgValue>
</bind>
</comp>

<comp id="48" class="1001" name="const_48">
<pin_list>
<pin id="49" dir="1" index="0" bw="1" slack="0"/>
</pin_list>
<bind>
<StgValue><ssdm name=""/></StgValue>
</bind>
</comp>

<comp id="50" class="1001" name="const_50">
<pin_list>
<pin id="51" dir="1" index="0" bw="1" slack="0"/>
</pin_list>
<bind>
<StgValue><ssdm name="_ssdm_op_BitConcatenate.i18.i2.i5.i11"/></StgValue>
</bind>
</comp>

<comp id="52" class="1001" name="const_52">
<pin_list>
<pin id="53" dir="1" index="0" bw="1" slack="0"/>
</pin_list>
<bind>
<StgValue><ssdm name=""/></StgValue>
</bind>
</comp>

<comp id="54" class="1001" name="const_54">
<pin_list>
<pin id="55" dir="1" index="0" bw="1" slack="0"/>
</pin_list>
<bind>
<StgValue><ssdm name="_ssdm_op_BitConcatenate.i5.i1.i4"/></StgValue>
</bind>
</comp>

<comp id="56" class="1001" name="const_56">
<pin_list>
<pin id="57" dir="1" index="0" bw="1" slack="0"/>
</pin_list>
<bind>
<StgValue><ssdm name="_ssdm_op_PartSelect.i19.i43.i32.i32"/></StgValue>
</bind>
</comp>

<comp id="58" class="1001" name="const_58">
<pin_list>
<pin id="59" dir="1" index="0" bw="1" slack="0"/>
</pin_list>
<bind>
<StgValue><ssdm name=""/></StgValue>
</bind>
</comp>

<comp id="60" class="1001" name="const_60">
<pin_list>
<pin id="61" dir="1" index="0" bw="1" slack="0"/>
</pin_list>
<bind>
<StgValue><ssdm name=""/></StgValue>
</bind>
</comp>

<comp id="62" class="1001" name="const_62">
<pin_list>
<pin id="63" dir="1" index="0" bw="1" slack="0"/>
</pin_list>
<bind>
<StgValue><ssdm name="_ssdm_op_BitConcatenate.i19.i2.i5.i11.i1"/></StgValue>
</bind>
</comp>

<comp id="64" class="1001" name="const_64">
<pin_list>
<pin id="65" dir="1" index="0" bw="1" slack="0"/>
</pin_list>
<bind>
<StgValue><ssdm name=""/></StgValue>
</bind>
</comp>

<comp id="66" class="1001" name="const_66">
<pin_list>
<pin id="67" dir="1" index="0" bw="1" slack="2147483647"/>
</pin_list>
<bind>
<StgValue><ssdm name="_ssdm_op_SpecPipeline"/></StgValue>
</bind>
</comp>

<comp id="68" class="1001" name="const_68">
<pin_list>
<pin id="69" dir="1" index="0" bw="1" slack="2147483647"/>
</pin_list>
<bind>
<StgValue><ssdm name=""/></StgValue>
</bind>
</comp>

<comp id="70" class="1001" name="const_70">
<pin_list>
<pin id="71" dir="1" index="0" bw="1" slack="2147483647"/>
</pin_list>
<bind>
<StgValue><ssdm name=""/></StgValue>
</bind>
</comp>

<comp id="72" class="1001" name="const_72">
<pin_list>
<pin id="73" dir="1" index="0" bw="1" slack="2147483647"/>
</pin_list>
<bind>
<StgValue><ssdm name="empty_8"/></StgValue>
</bind>
</comp>

<comp id="74" class="1001" name="const_74">
<pin_list>
<pin id="75" dir="1" index="0" bw="1" slack="0"/>
</pin_list>
<bind>
<StgValue><ssdm name=""/></StgValue>
</bind>
</comp>

<comp id="76" class="1001" name="const_76">
<pin_list>
<pin id="77" dir="1" index="0" bw="1" slack="0"/>
</pin_list>
<bind>
<StgValue><ssdm name=""/></StgValue>
</bind>
</comp>

<comp id="78" class="1001" name="const_78">
<pin_list>
<pin id="79" dir="1" index="0" bw="1" slack="0"/>
</pin_list>
<bind>
<StgValue><ssdm name=""/></StgValue>
</bind>
</comp>

<comp id="80" class="1001" name="const_80">
<pin_list>
<pin id="81" dir="1" index="0" bw="1" slack="0"/>
</pin_list>
<bind>
<StgValue><ssdm name="_ssdm_op_PartSelect.i25.i50.i32.i32"/></StgValue>
</bind>
</comp>

<comp id="82" class="1001" name="const_82">
<pin_list>
<pin id="83" dir="1" index="0" bw="1" slack="0"/>
</pin_list>
<bind>
<StgValue><ssdm name=""/></StgValue>
</bind>
</comp>

<comp id="84" class="1001" name="const_84">
<pin_list>
<pin id="85" dir="1" index="0" bw="1" slack="0"/>
</pin_list>
<bind>
<StgValue><ssdm name=""/></StgValue>
</bind>
</comp>

<comp id="86" class="1001" name="const_86">
<pin_list>
<pin id="87" dir="1" index="0" bw="1" slack="0"/>
</pin_list>
<bind>
<StgValue><ssdm name="_ssdm_op_PartSelect.i22.i25.i32.i32"/></StgValue>
</bind>
</comp>

<comp id="88" class="1001" name="const_88">
<pin_list>
<pin id="89" dir="1" index="0" bw="1" slack="0"/>
</pin_list>
<bind>
<StgValue><ssdm name=""/></StgValue>
</bind>
</comp>

<comp id="90" class="1001" name="const_90">
<pin_list>
<pin id="91" dir="1" index="0" bw="1" slack="0"/>
</pin_list>
<bind>
<StgValue><ssdm name="_ssdm_op_PartSelect.i2.i22.i32.i32"/></StgValue>
</bind>
</comp>

<comp id="92" class="1001" name="const_92">
<pin_list>
<pin id="93" dir="1" index="0" bw="1" slack="0"/>
</pin_list>
<bind>
<StgValue><ssdm name=""/></StgValue>
</bind>
</comp>

<comp id="94" class="1001" name="const_94">
<pin_list>
<pin id="95" dir="1" index="0" bw="1" slack="0"/>
</pin_list>
<bind>
<StgValue><ssdm name=""/></StgValue>
</bind>
</comp>

<comp id="96" class="1001" name="const_96">
<pin_list>
<pin id="97" dir="1" index="0" bw="1" slack="0"/>
</pin_list>
<bind>
<StgValue><ssdm name=""/></StgValue>
</bind>
</comp>

<comp id="98" class="1001" name="const_98">
<pin_list>
<pin id="99" dir="1" index="0" bw="1" slack="0"/>
</pin_list>
<bind>
<StgValue><ssdm name="_ssdm_op_BitSelect.i1.i22.i32"/></StgValue>
</bind>
</comp>

<comp id="100" class="1001" name="const_100">
<pin_list>
<pin id="101" dir="1" index="0" bw="1" slack="0"/>
</pin_list>
<bind>
<StgValue><ssdm name=""/></StgValue>
</bind>
</comp>

<comp id="102" class="1001" name="const_102">
<pin_list>
<pin id="103" dir="1" index="0" bw="1" slack="0"/>
</pin_list>
<bind>
<StgValue><ssdm name="_ssdm_op_PartSelect.i17.i22.i32.i32"/></StgValue>
</bind>
</comp>

<comp id="104" class="1001" name="const_104">
<pin_list>
<pin id="105" dir="1" index="0" bw="1" slack="0"/>
</pin_list>
<bind>
<StgValue><ssdm name=""/></StgValue>
</bind>
</comp>

<comp id="106" class="1004" name="x_read_read_fu_106">
<pin_list>
<pin id="107" dir="0" index="0" bw="17" slack="0"/>
<pin id="108" dir="0" index="1" bw="17" slack="0"/>
<pin id="109" dir="1" index="2" bw="17" slack="0"/>
</pin_list>
<bind>
<opcode="read(1150) " fcode="read"/>
<opset="x_read/1 "/>
</bind>
</comp>

<comp id="112" class="1004" name="f_x_lsb_table_V_addr_gep_fu_112">
<pin_list>
<pin id="113" dir="0" index="0" bw="11" slack="0"/>
<pin id="114" dir="0" index="1" bw="1" slack="0"/>
<pin id="115" dir="0" index="2" bw="5" slack="0"/>
<pin id="116" dir="1" index="3" bw="5" slack="0"/>
</pin_list>
<bind>
<opcode="getelementptr(29) " fcode="getelementptr"/>
<opset="f_x_lsb_table_V_addr/1 "/>
</bind>
</comp>

<comp id="119" class="1004" name="grp_access_fu_119">
<pin_list>
<pin id="120" dir="0" index="0" bw="5" slack="0"/>
<pin id="121" dir="0" index="1" bw="11" slack="2147483647"/>
<pin id="122" dir="0" index="2" bw="0" slack="2147483647"/>
<pin id="123" dir="1" index="3" bw="11" slack="0"/>
</pin_list>
<bind>
<opcode="load(27) " fcode="load"/>
<opset="f_x_lsb_V/1 "/>
</bind>
</comp>

<comp id="125" class="1004" name="exp_x_msb_2_m_1_table_V_addr_gep_fu_125">
<pin_list>
<pin id="126" dir="0" index="0" bw="25" slack="0"/>
<pin id="127" dir="0" index="1" bw="1" slack="0"/>
<pin id="128" dir="0" index="2" bw="5" slack="0"/>
<pin id="129" dir="1" index="3" bw="5" slack="0"/>
</pin_list>
<bind>
<opcode="getelementptr(29) " fcode="getelementptr"/>
<opset="exp_x_msb_2_m_1_table_V_addr/1 "/>
</bind>
</comp>

<comp id="132" class="1004" name="grp_access_fu_132">
<pin_list>
<pin id="133" dir="0" index="0" bw="5" slack="0"/>
<pin id="134" dir="0" index="1" bw="25" slack="2147483647"/>
<pin id="135" dir="0" index="2" bw="0" slack="2147483647"/>
<pin id="136" dir="1" index="3" bw="25" slack="0"/>
</pin_list>
<bind>
<opcode="load(27) " fcode="load"/>
<opset="exp_x_msb_2_m_1_V/1 "/>
</bind>
</comp>

<comp id="138" class="1004" name="exp_x_msb_1_table_V_addr_gep_fu_138">
<pin_list>
<pin id="139" dir="0" index="0" bw="25" slack="0"/>
<pin id="140" dir="0" index="1" bw="1" slack="0"/>
<pin id="141" dir="0" index="2" bw="5" slack="0"/>
<pin id="142" dir="1" index="3" bw="5" slack="0"/>
</pin_list>
<bind>
<opcode="getelementptr(29) " fcode="getelementptr"/>
<opset="exp_x_msb_1_table_V_addr/5 "/>
</bind>
</comp>

<comp id="145" class="1004" name="grp_access_fu_145">
<pin_list>
<pin id="146" dir="0" index="0" bw="5" slack="0"/>
<pin id="147" dir="0" index="1" bw="25" slack="2147483647"/>
<pin id="148" dir="0" index="2" bw="0" slack="2147483647"/>
<pin id="149" dir="1" index="3" bw="25" slack="0"/>
</pin_list>
<bind>
<opcode="load(27) " fcode="load"/>
<opset="exp_x_msb_1_V/5 "/>
</bind>
</comp>

<comp id="151" class="1004" name="x_l_int_fu_151">
<pin_list>
<pin id="152" dir="0" index="0" bw="4" slack="0"/>
<pin id="153" dir="0" index="1" bw="17" slack="0"/>
<pin id="154" dir="0" index="2" bw="5" slack="0"/>
<pin id="155" dir="0" index="3" bw="5" slack="0"/>
<pin id="156" dir="1" index="4" bw="4" slack="0"/>
</pin_list>
<bind>
<opcode="partselect(1002) " fcode="partselect"/>
<opset="x_l_int/1 "/>
</bind>
</comp>

<comp id="161" class="1004" name="trunc_ln594_fu_161">
<pin_list>
<pin id="162" dir="0" index="0" bw="17" slack="0"/>
<pin id="163" dir="1" index="1" bw="8" slack="0"/>
</pin_list>
<bind>
<opcode="trunc(33) " fcode="trunc"/>
<opset="trunc_ln594/1 "/>
</bind>
</comp>

<comp id="165" class="1004" name="x_l_fract_fu_165">
<pin_list>
<pin id="166" dir="0" index="0" bw="11" slack="0"/>
<pin id="167" dir="0" index="1" bw="8" slack="0"/>
<pin id="168" dir="0" index="2" bw="1" slack="0"/>
<pin id="169" dir="1" index="3" bw="11" slack="0"/>
</pin_list>
<bind>
<opcode="bitconcatenate(1004) " fcode="bitconcatenate"/>
<opset="x_l_fract/1 "/>
</bind>
</comp>

<comp id="173" class="1004" name="p_Result_s_fu_173">
<pin_list>
<pin id="174" dir="0" index="0" bw="1" slack="0"/>
<pin id="175" dir="0" index="1" bw="17" slack="0"/>
<pin id="176" dir="0" index="2" bw="6" slack="0"/>
<pin id="177" dir="1" index="3" bw="1" slack="0"/>
</pin_list>
<bind>
<opcode="bitselect(1000) " fcode="bitselect"/>
<opset="p_Result_s/1 "/>
</bind>
</comp>

<comp id="181" class="1004" name="p_Result_1_fu_181">
<pin_list>
<pin id="182" dir="0" index="0" bw="1" slack="0"/>
<pin id="183" dir="0" index="1" bw="17" slack="0"/>
<pin id="184" dir="0" index="2" bw="5" slack="0"/>
<pin id="185" dir="1" index="3" bw="1" slack="0"/>
</pin_list>
<bind>
<opcode="bitselect(1000) " fcode="bitselect"/>
<opset="p_Result_1/1 "/>
</bind>
</comp>

<comp id="189" class="1004" name="overf_fu_189">
<pin_list>
<pin id="190" dir="0" index="0" bw="1" slack="0"/>
<pin id="191" dir="0" index="1" bw="1" slack="0"/>
<pin id="192" dir="1" index="2" bw="1" slack="0"/>
</pin_list>
<bind>
<opcode="xor(25) " fcode="xor"/>
<opset="overf/1 "/>
</bind>
</comp>

<comp id="195" class="1004" name="p_Result_2_fu_195">
<pin_list>
<pin id="196" dir="0" index="0" bw="1" slack="0"/>
<pin id="197" dir="0" index="1" bw="17" slack="0"/>
<pin id="198" dir="0" index="2" bw="5" slack="0"/>
<pin id="199" dir="1" index="3" bw="1" slack="0"/>
</pin_list>
<bind>
<opcode="bitselect(1000) " fcode="bitselect"/>
<opset="p_Result_2/1 "/>
</bind>
</comp>

<comp id="203" class="1004" name="xor_ln176_fu_203">
<pin_list>
<pin id="204" dir="0" index="0" bw="1" slack="0"/>
<pin id="205" dir="0" index="1" bw="1" slack="0"/>
<pin id="206" dir="1" index="2" bw="1" slack="0"/>
</pin_list>
<bind>
<opcode="xor(25) " fcode="xor"/>
<opset="xor_ln176/1 "/>
</bind>
</comp>

<comp id="209" class="1004" name="p_Result_3_fu_209">
<pin_list>
<pin id="210" dir="0" index="0" bw="1" slack="0"/>
<pin id="211" dir="0" index="1" bw="17" slack="0"/>
<pin id="212" dir="0" index="2" bw="5" slack="0"/>
<pin id="213" dir="1" index="3" bw="1" slack="0"/>
</pin_list>
<bind>
<opcode="bitselect(1000) " fcode="bitselect"/>
<opset="p_Result_3/1 "/>
</bind>
</comp>

<comp id="217" class="1004" name="xor_ln176_1_fu_217">
<pin_list>
<pin id="218" dir="0" index="0" bw="1" slack="0"/>
<pin id="219" dir="0" index="1" bw="1" slack="0"/>
<pin id="220" dir="1" index="2" bw="1" slack="0"/>
</pin_list>
<bind>
<opcode="xor(25) " fcode="xor"/>
<opset="xor_ln176_1/1 "/>
</bind>
</comp>

<comp id="223" class="1004" name="p_Result_4_fu_223">
<pin_list>
<pin id="224" dir="0" index="0" bw="1" slack="0"/>
<pin id="225" dir="0" index="1" bw="17" slack="0"/>
<pin id="226" dir="0" index="2" bw="5" slack="0"/>
<pin id="227" dir="1" index="3" bw="1" slack="0"/>
</pin_list>
<bind>
<opcode="bitselect(1000) " fcode="bitselect"/>
<opset="p_Result_4/1 "/>
</bind>
</comp>

<comp id="231" class="1004" name="xor_ln176_2_fu_231">
<pin_list>
<pin id="232" dir="0" index="0" bw="1" slack="0"/>
<pin id="233" dir="0" index="1" bw="1" slack="0"/>
<pin id="234" dir="1" index="2" bw="1" slack="0"/>
</pin_list>
<bind>
<opcode="xor(25) " fcode="xor"/>
<opset="xor_ln176_2/1 "/>
</bind>
</comp>

<comp id="237" class="1004" name="p_Result_5_fu_237">
<pin_list>
<pin id="238" dir="0" index="0" bw="1" slack="0"/>
<pin id="239" dir="0" index="1" bw="17" slack="0"/>
<pin id="240" dir="0" index="2" bw="5" slack="0"/>
<pin id="241" dir="1" index="3" bw="1" slack="0"/>
</pin_list>
<bind>
<opcode="bitselect(1000) " fcode="bitselect"/>
<opset="p_Result_5/1 "/>
</bind>
</comp>

<comp id="245" class="1004" name="xor_ln176_3_fu_245">
<pin_list>
<pin id="246" dir="0" index="0" bw="1" slack="0"/>
<pin id="247" dir="0" index="1" bw="1" slack="0"/>
<pin id="248" dir="1" index="2" bw="1" slack="0"/>
</pin_list>
<bind>
<opcode="xor(25) " fcode="xor"/>
<opset="xor_ln176_3/1 "/>
</bind>
</comp>

<comp id="251" class="1004" name="icmp_ln1653_fu_251">
<pin_list>
<pin id="252" dir="0" index="0" bw="4" slack="0"/>
<pin id="253" dir="0" index="1" bw="4" slack="0"/>
<pin id="254" dir="1" index="2" bw="1" slack="0"/>
</pin_list>
<bind>
<opcode="icmp(45) " fcode="icmp"/>
<opset="icmp_ln1653/1 "/>
</bind>
</comp>

<comp id="257" class="1004" name="icmp_ln1649_fu_257">
<pin_list>
<pin id="258" dir="0" index="0" bw="11" slack="0"/>
<pin id="259" dir="0" index="1" bw="11" slack="0"/>
<pin id="260" dir="1" index="2" bw="1" slack="0"/>
</pin_list>
<bind>
<opcode="icmp(45) " fcode="icmp"/>
<opset="icmp_ln1649/1 "/>
</bind>
</comp>

<comp id="263" class="1004" name="and_ln202_fu_263">
<pin_list>
<pin id="264" dir="0" index="0" bw="1" slack="0"/>
<pin id="265" dir="0" index="1" bw="1" slack="0"/>
<pin id="266" dir="1" index="2" bw="1" slack="0"/>
</pin_list>
<bind>
<opcode="and(23) " fcode="and"/>
<opset="and_ln202/1 "/>
</bind>
</comp>

<comp id="269" class="1004" name="tmp_fu_269">
<pin_list>
<pin id="270" dir="0" index="0" bw="4" slack="0"/>
<pin id="271" dir="0" index="1" bw="17" slack="0"/>
<pin id="272" dir="0" index="2" bw="4" slack="0"/>
<pin id="273" dir="0" index="3" bw="5" slack="0"/>
<pin id="274" dir="1" index="4" bw="4" slack="4"/>
</pin_list>
<bind>
<opcode="partselect(1002) " fcode="partselect"/>
<opset="tmp/1 "/>
</bind>
</comp>

<comp id="279" class="1004" name="tmp_12_fu_279">
<pin_list>
<pin id="280" dir="0" index="0" bw="5" slack="0"/>
<pin id="281" dir="0" index="1" bw="17" slack="0"/>
<pin id="282" dir="0" index="2" bw="3" slack="0"/>
<pin id="283" dir="0" index="3" bw="4" slack="0"/>
<pin id="284" dir="1" index="4" bw="5" slack="0"/>
</pin_list>
<bind>
<opcode="partselect(1002) " fcode="partselect"/>
<opset="tmp_12/1 "/>
</bind>
</comp>

<comp id="289" class="1004" name="trunc_ln594_1_fu_289">
<pin_list>
<pin id="290" dir="0" index="0" bw="17" slack="0"/>
<pin id="291" dir="1" index="1" bw="2" slack="0"/>
</pin_list>
<bind>
<opcode="trunc(33) " fcode="trunc"/>
<opset="trunc_ln594_1/1 "/>
</bind>
</comp>

<comp id="293" class="1004" name="tmp_13_fu_293">
<pin_list>
<pin id="294" dir="0" index="0" bw="5" slack="0"/>
<pin id="295" dir="0" index="1" bw="2" slack="0"/>
<pin id="296" dir="0" index="2" bw="1" slack="0"/>
<pin id="297" dir="1" index="3" bw="5" slack="0"/>
</pin_list>
<bind>
<opcode="bitconcatenate(1004) " fcode="bitconcatenate"/>
<opset="tmp_13/1 "/>
</bind>
</comp>

<comp id="301" class="1004" name="zext_ln541_fu_301">
<pin_list>
<pin id="302" dir="0" index="0" bw="5" slack="0"/>
<pin id="303" dir="1" index="1" bw="64" slack="0"/>
</pin_list>
<bind>
<opcode="zext(34) " fcode="zext"/>
<opset="zext_ln541/1 "/>
</bind>
</comp>

<comp id="306" class="1004" name="zext_ln541_1_fu_306">
<pin_list>
<pin id="307" dir="0" index="0" bw="5" slack="0"/>
<pin id="308" dir="1" index="1" bw="64" slack="0"/>
</pin_list>
<bind>
<opcode="zext(34) " fcode="zext"/>
<opset="zext_ln541_1/1 "/>
</bind>
</comp>

<comp id="311" class="1004" name="or_ln202_fu_311">
<pin_list>
<pin id="312" dir="0" index="0" bw="1" slack="0"/>
<pin id="313" dir="0" index="1" bw="1" slack="0"/>
<pin id="314" dir="1" index="2" bw="1" slack="0"/>
</pin_list>
<bind>
<opcode="or(24) " fcode="or"/>
<opset="or_ln202/1 "/>
</bind>
</comp>

<comp id="317" class="1004" name="or_ln202_1_fu_317">
<pin_list>
<pin id="318" dir="0" index="0" bw="1" slack="0"/>
<pin id="319" dir="0" index="1" bw="1" slack="0"/>
<pin id="320" dir="1" index="2" bw="1" slack="0"/>
</pin_list>
<bind>
<opcode="or(24) " fcode="or"/>
<opset="or_ln202_1/1 "/>
</bind>
</comp>

<comp id="323" class="1004" name="or_ln202_2_fu_323">
<pin_list>
<pin id="324" dir="0" index="0" bw="1" slack="0"/>
<pin id="325" dir="0" index="1" bw="1" slack="0"/>
<pin id="326" dir="1" index="2" bw="1" slack="0"/>
</pin_list>
<bind>
<opcode="or(24) " fcode="or"/>
<opset="or_ln202_2/1 "/>
</bind>
</comp>

<comp id="329" class="1004" name="or_ln202_3_fu_329">
<pin_list>
<pin id="330" dir="0" index="0" bw="1" slack="0"/>
<pin id="331" dir="0" index="1" bw="1" slack="0"/>
<pin id="332" dir="1" index="2" bw="1" slack="0"/>
</pin_list>
<bind>
<opcode="or(24) " fcode="or"/>
<opset="or_ln202_3/1 "/>
</bind>
</comp>

<comp id="335" class="1004" name="or_ln202_4_fu_335">
<pin_list>
<pin id="336" dir="0" index="0" bw="1" slack="0"/>
<pin id="337" dir="0" index="1" bw="1" slack="0"/>
<pin id="338" dir="1" index="2" bw="1" slack="1"/>
</pin_list>
<bind>
<opcode="or(24) " fcode="or"/>
<opset="or_ln202_4/1 "/>
</bind>
</comp>

<comp id="341" class="1004" name="p_Result_13_fu_341">
<pin_list>
<pin id="342" dir="0" index="0" bw="18" slack="0"/>
<pin id="343" dir="0" index="1" bw="2" slack="1"/>
<pin id="344" dir="0" index="2" bw="1" slack="0"/>
<pin id="345" dir="0" index="3" bw="11" slack="0"/>
<pin id="346" dir="1" index="4" bw="18" slack="0"/>
</pin_list>
<bind>
<opcode="bitconcatenate(1004) " fcode="bitconcatenate"/>
<opset="p_Result_13/2 "/>
</bind>
</comp>

<comp id="350" class="1004" name="zext_ln1271_fu_350">
<pin_list>
<pin id="351" dir="0" index="0" bw="25" slack="0"/>
<pin id="352" dir="1" index="1" bw="43" slack="0"/>
</pin_list>
<bind>
<opcode="zext(34) " fcode="zext"/>
<opset="zext_ln1271/2 "/>
</bind>
</comp>

<comp id="354" class="1004" name="zext_ln1273_fu_354">
<pin_list>
<pin id="355" dir="0" index="0" bw="18" slack="0"/>
<pin id="356" dir="1" index="1" bw="43" slack="0"/>
</pin_list>
<bind>
<opcode="zext(34) " fcode="zext"/>
<opset="zext_ln1273/2 "/>
</bind>
</comp>

<comp id="358" class="1004" name="p_Result_12_fu_358">
<pin_list>
<pin id="359" dir="0" index="0" bw="5" slack="0"/>
<pin id="360" dir="0" index="1" bw="1" slack="4"/>
<pin id="361" dir="0" index="2" bw="4" slack="4"/>
<pin id="362" dir="1" index="3" bw="5" slack="0"/>
</pin_list>
<bind>
<opcode="bitconcatenate(1004) " fcode="bitconcatenate"/>
<opset="p_Result_12/5 "/>
</bind>
</comp>

<comp id="364" class="1004" name="trunc_ln1_fu_364">
<pin_list>
<pin id="365" dir="0" index="0" bw="19" slack="0"/>
<pin id="366" dir="0" index="1" bw="43" slack="0"/>
<pin id="367" dir="0" index="2" bw="6" slack="0"/>
<pin id="368" dir="0" index="3" bw="7" slack="0"/>
<pin id="369" dir="1" index="4" bw="19" slack="0"/>
</pin_list>
<bind>
<opcode="partselect(1002) " fcode="partselect"/>
<opset="trunc_ln1/5 "/>
</bind>
</comp>

<comp id="373" class="1004" name="zext_ln813_1_fu_373">
<pin_list>
<pin id="374" dir="0" index="0" bw="19" slack="0"/>
<pin id="375" dir="1" index="1" bw="20" slack="0"/>
</pin_list>
<bind>
<opcode="zext(34) " fcode="zext"/>
<opset="zext_ln813_1/5 "/>
</bind>
</comp>

<comp id="377" class="1004" name="rhs_1_fu_377">
<pin_list>
<pin id="378" dir="0" index="0" bw="19" slack="0"/>
<pin id="379" dir="0" index="1" bw="2" slack="4"/>
<pin id="380" dir="0" index="2" bw="1" slack="0"/>
<pin id="381" dir="0" index="3" bw="11" slack="3"/>
<pin id="382" dir="0" index="4" bw="1" slack="0"/>
<pin id="383" dir="1" index="5" bw="19" slack="0"/>
</pin_list>
<bind>
<opcode="bitconcatenate(1004) " fcode="bitconcatenate"/>
<opset="rhs_1/5 "/>
</bind>
</comp>

<comp id="387" class="1004" name="zext_ln1347_fu_387">
<pin_list>
<pin id="388" dir="0" index="0" bw="19" slack="0"/>
<pin id="389" dir="1" index="1" bw="20" slack="0"/>
</pin_list>
<bind>
<opcode="zext(34) " fcode="zext"/>
<opset="zext_ln1347/5 "/>
</bind>
</comp>

<comp id="391" class="1004" name="ret_V_fu_391">
<pin_list>
<pin id="392" dir="0" index="0" bw="19" slack="0"/>
<pin id="393" dir="0" index="1" bw="19" slack="0"/>
<pin id="394" dir="1" index="2" bw="20" slack="0"/>
</pin_list>
<bind>
<opcode="add(8) " fcode="add"/>
<opset="ret_V/5 "/>
</bind>
</comp>

<comp id="397" class="1004" name="zext_ln813_fu_397">
<pin_list>
<pin id="398" dir="0" index="0" bw="20" slack="0"/>
<pin id="399" dir="1" index="1" bw="25" slack="0"/>
</pin_list>
<bind>
<opcode="zext(34) " fcode="zext"/>
<opset="zext_ln813/5 "/>
</bind>
</comp>

<comp id="401" class="1004" name="exp_x_msb_2_lsb_m_1_V_fu_401">
<pin_list>
<pin id="402" dir="0" index="0" bw="25" slack="3"/>
<pin id="403" dir="0" index="1" bw="20" slack="0"/>
<pin id="404" dir="1" index="2" bw="25" slack="1"/>
</pin_list>
<bind>
<opcode="add(8) " fcode="add"/>
<opset="exp_x_msb_2_lsb_m_1_V/5 "/>
</bind>
</comp>

<comp id="406" class="1004" name="zext_ln541_2_fu_406">
<pin_list>
<pin id="407" dir="0" index="0" bw="5" slack="0"/>
<pin id="408" dir="1" index="1" bw="64" slack="0"/>
</pin_list>
<bind>
<opcode="zext(34) " fcode="zext"/>
<opset="zext_ln541_2/5 "/>
</bind>
</comp>

<comp id="411" class="1004" name="y_V_fu_411">
<pin_list>
<pin id="412" dir="0" index="0" bw="1" slack="5"/>
<pin id="413" dir="0" index="1" bw="1" slack="0"/>
<pin id="414" dir="1" index="2" bw="1" slack="0"/>
</pin_list>
<bind>
<opcode="xor(25) " fcode="xor"/>
<opset="y_V/6 "/>
</bind>
</comp>

<comp id="416" class="1004" name="select_ln190_fu_416">
<pin_list>
<pin id="417" dir="0" index="0" bw="1" slack="0"/>
<pin id="418" dir="0" index="1" bw="1" slack="0"/>
<pin id="419" dir="0" index="2" bw="1" slack="0"/>
<pin id="420" dir="1" index="3" bw="22" slack="0"/>
</pin_list>
<bind>
<opcode="select(49) " fcode="select"/>
<opset="select_ln190/6 "/>
</bind>
</comp>

<comp id="424" class="1004" name="zext_ln1271_1_fu_424">
<pin_list>
<pin id="425" dir="0" index="0" bw="25" slack="0"/>
<pin id="426" dir="1" index="1" bw="50" slack="0"/>
</pin_list>
<bind>
<opcode="zext(34) " fcode="zext"/>
<opset="zext_ln1271_1/6 "/>
</bind>
</comp>

<comp id="428" class="1004" name="zext_ln1273_1_fu_428">
<pin_list>
<pin id="429" dir="0" index="0" bw="25" slack="1"/>
<pin id="430" dir="1" index="1" bw="50" slack="0"/>
</pin_list>
<bind>
<opcode="zext(34) " fcode="zext"/>
<opset="zext_ln1273_1/6 "/>
</bind>
</comp>

<comp id="431" class="1004" name="r_V_4_fu_431">
<pin_list>
<pin id="432" dir="0" index="0" bw="25" slack="0"/>
<pin id="433" dir="0" index="1" bw="25" slack="0"/>
<pin id="434" dir="1" index="2" bw="50" slack="0"/>
</pin_list>
<bind>
<opcode="mul(12) " fcode="mul"/>
<opset="r_V_4/6 "/>
</bind>
</comp>

<comp id="437" class="1004" name="y_lo_s_V_fu_437">
<pin_list>
<pin id="438" dir="0" index="0" bw="25" slack="0"/>
<pin id="439" dir="0" index="1" bw="50" slack="0"/>
<pin id="440" dir="0" index="2" bw="6" slack="0"/>
<pin id="441" dir="0" index="3" bw="7" slack="0"/>
<pin id="442" dir="1" index="4" bw="25" slack="0"/>
</pin_list>
<bind>
<opcode="partselect(1002) " fcode="partselect"/>
<opset="y_lo_s_V/6 "/>
</bind>
</comp>

<comp id="447" class="1004" name="y_l_V_fu_447">
<pin_list>
<pin id="448" dir="0" index="0" bw="25" slack="0"/>
<pin id="449" dir="0" index="1" bw="25" slack="0"/>
<pin id="450" dir="1" index="2" bw="25" slack="0"/>
</pin_list>
<bind>
<opcode="add(8) " fcode="add"/>
<opset="y_l_V/6 "/>
</bind>
</comp>

<comp id="453" class="1004" name="y_V_1_fu_453">
<pin_list>
<pin id="454" dir="0" index="0" bw="22" slack="0"/>
<pin id="455" dir="0" index="1" bw="25" slack="0"/>
<pin id="456" dir="0" index="2" bw="3" slack="0"/>
<pin id="457" dir="0" index="3" bw="6" slack="0"/>
<pin id="458" dir="1" index="4" bw="22" slack="0"/>
</pin_list>
<bind>
<opcode="partselect(1002) " fcode="partselect"/>
<opset="y_V_1/6 "/>
</bind>
</comp>

<comp id="463" class="1004" name="y_V_3_fu_463">
<pin_list>
<pin id="464" dir="0" index="0" bw="1" slack="5"/>
<pin id="465" dir="0" index="1" bw="22" slack="0"/>
<pin id="466" dir="0" index="2" bw="22" slack="0"/>
<pin id="467" dir="1" index="3" bw="22" slack="0"/>
</pin_list>
<bind>
<opcode="select(49) " fcode="select"/>
<opset="y_V_3/6 "/>
</bind>
</comp>

<comp id="470" class="1004" name="tmp_9_fu_470">
<pin_list>
<pin id="471" dir="0" index="0" bw="2" slack="0"/>
<pin id="472" dir="0" index="1" bw="22" slack="0"/>
<pin id="473" dir="0" index="2" bw="6" slack="0"/>
<pin id="474" dir="0" index="3" bw="6" slack="0"/>
<pin id="475" dir="1" index="4" bw="2" slack="0"/>
</pin_list>
<bind>
<opcode="partselect(1002) " fcode="partselect"/>
<opset="tmp_9/6 "/>
</bind>
</comp>

<comp id="480" class="1004" name="overf_1_fu_480">
<pin_list>
<pin id="481" dir="0" index="0" bw="2" slack="0"/>
<pin id="482" dir="0" index="1" bw="1" slack="0"/>
<pin id="483" dir="1" index="2" bw="1" slack="0"/>
</pin_list>
<bind>
<opcode="icmp(45) " fcode="icmp"/>
<opset="overf_1/6 "/>
</bind>
</comp>

<comp id="486" class="1004" name="p_Result_11_fu_486">
<pin_list>
<pin id="487" dir="0" index="0" bw="1" slack="0"/>
<pin id="488" dir="0" index="1" bw="22" slack="0"/>
<pin id="489" dir="0" index="2" bw="6" slack="0"/>
<pin id="490" dir="1" index="3" bw="1" slack="0"/>
</pin_list>
<bind>
<opcode="bitselect(1000) " fcode="bitselect"/>
<opset="p_Result_11/6 "/>
</bind>
</comp>

<comp id="494" class="1004" name="overf_2_fu_494">
<pin_list>
<pin id="495" dir="0" index="0" bw="1" slack="0"/>
<pin id="496" dir="0" index="1" bw="1" slack="0"/>
<pin id="497" dir="1" index="2" bw="1" slack="0"/>
</pin_list>
<bind>
<opcode="or(24) " fcode="or"/>
<opset="overf_2/6 "/>
</bind>
</comp>

<comp id="500" class="1004" name="tmp_s_fu_500">
<pin_list>
<pin id="501" dir="0" index="0" bw="17" slack="0"/>
<pin id="502" dir="0" index="1" bw="22" slack="0"/>
<pin id="503" dir="0" index="2" bw="3" slack="0"/>
<pin id="504" dir="0" index="3" bw="6" slack="0"/>
<pin id="505" dir="1" index="4" bw="17" slack="0"/>
</pin_list>
<bind>
<opcode="partselect(1002) " fcode="partselect"/>
<opset="tmp_s/6 "/>
</bind>
</comp>

<comp id="510" class="1004" name="select_ln274_fu_510">
<pin_list>
<pin id="511" dir="0" index="0" bw="1" slack="0"/>
<pin id="512" dir="0" index="1" bw="17" slack="0"/>
<pin id="513" dir="0" index="2" bw="17" slack="0"/>
<pin id="514" dir="1" index="3" bw="17" slack="2147483647"/>
</pin_list>
<bind>
<opcode="select(49) " fcode="select"/>
<opset="select_ln274/6 "/>
</bind>
</comp>

<comp id="518" class="1007" name="grp_fu_518">
<pin_list>
<pin id="519" dir="0" index="0" bw="25" slack="0"/>
<pin id="520" dir="0" index="1" bw="18" slack="0"/>
<pin id="521" dir="1" index="2" bw="43" slack="0"/>
</pin_list>
<bind>
<opcode="mul(12) " fcode="mul"/>
<opset="r_V/2 "/>
</bind>
</comp>

<comp id="525" class="1005" name="p_Result_s_reg_525">
<pin_list>
<pin id="526" dir="0" index="0" bw="1" slack="4"/>
<pin id="527" dir="1" index="1" bw="1" slack="4"/>
</pin_list>
<bind>
<opset="p_Result_s "/>
</bind>
</comp>

<comp id="531" class="1005" name="tmp_reg_531">
<pin_list>
<pin id="532" dir="0" index="0" bw="4" slack="4"/>
<pin id="533" dir="1" index="1" bw="4" slack="4"/>
</pin_list>
<bind>
<opset="tmp "/>
</bind>
</comp>

<comp id="536" class="1005" name="trunc_ln594_1_reg_536">
<pin_list>
<pin id="537" dir="0" index="0" bw="2" slack="1"/>
<pin id="538" dir="1" index="1" bw="2" slack="1"/>
</pin_list>
<bind>
<opset="trunc_ln594_1 "/>
</bind>
</comp>

<comp id="542" class="1005" name="f_x_lsb_table_V_addr_reg_542">
<pin_list>
<pin id="543" dir="0" index="0" bw="5" slack="1"/>
<pin id="544" dir="1" index="1" bw="5" slack="1"/>
</pin_list>
<bind>
<opset="f_x_lsb_table_V_addr "/>
</bind>
</comp>

<comp id="547" class="1005" name="exp_x_msb_2_m_1_table_V_addr_reg_547">
<pin_list>
<pin id="548" dir="0" index="0" bw="5" slack="1"/>
<pin id="549" dir="1" index="1" bw="5" slack="1"/>
</pin_list>
<bind>
<opset="exp_x_msb_2_m_1_table_V_addr "/>
</bind>
</comp>

<comp id="552" class="1005" name="or_ln202_4_reg_552">
<pin_list>
<pin id="553" dir="0" index="0" bw="1" slack="1"/>
<pin id="554" dir="1" index="1" bw="1" slack="5"/>
</pin_list>
<bind>
<opset="or_ln202_4 "/>
</bind>
</comp>

<comp id="557" class="1005" name="f_x_lsb_V_reg_557">
<pin_list>
<pin id="558" dir="0" index="0" bw="11" slack="3"/>
<pin id="559" dir="1" index="1" bw="11" slack="3"/>
</pin_list>
<bind>
<opset="f_x_lsb_V "/>
</bind>
</comp>

<comp id="562" class="1005" name="exp_x_msb_2_m_1_V_reg_562">
<pin_list>
<pin id="563" dir="0" index="0" bw="25" slack="3"/>
<pin id="564" dir="1" index="1" bw="25" slack="3"/>
</pin_list>
<bind>
<opset="exp_x_msb_2_m_1_V "/>
</bind>
</comp>

<comp id="567" class="1005" name="zext_ln1271_reg_567">
<pin_list>
<pin id="568" dir="0" index="0" bw="43" slack="1"/>
<pin id="569" dir="1" index="1" bw="43" slack="1"/>
</pin_list>
<bind>
<opset="zext_ln1271 "/>
</bind>
</comp>

<comp id="572" class="1005" name="zext_ln1273_reg_572">
<pin_list>
<pin id="573" dir="0" index="0" bw="43" slack="1"/>
<pin id="574" dir="1" index="1" bw="43" slack="1"/>
</pin_list>
<bind>
<opset="zext_ln1273 "/>
</bind>
</comp>

<comp id="577" class="1005" name="exp_x_msb_2_lsb_m_1_V_reg_577">
<pin_list>
<pin id="578" dir="0" index="0" bw="25" slack="1"/>
<pin id="579" dir="1" index="1" bw="25" slack="1"/>
</pin_list>
<bind>
<opset="exp_x_msb_2_lsb_m_1_V "/>
</bind>
</comp>

<comp id="582" class="1005" name="exp_x_msb_1_table_V_addr_reg_582">
<pin_list>
<pin id="583" dir="0" index="0" bw="5" slack="1"/>
<pin id="584" dir="1" index="1" bw="5" slack="1"/>
</pin_list>
<bind>
<opset="exp_x_msb_1_table_V_addr "/>
</bind>
</comp>

</comp_list>

<net_list>
<net id="110"><net_src comp="8" pin="0"/><net_sink comp="106" pin=0"/></net>

<net id="111"><net_src comp="0" pin="0"/><net_sink comp="106" pin=1"/></net>

<net id="117"><net_src comp="2" pin="0"/><net_sink comp="112" pin=0"/></net>

<net id="118"><net_src comp="48" pin="0"/><net_sink comp="112" pin=1"/></net>

<net id="124"><net_src comp="112" pin="3"/><net_sink comp="119" pin=0"/></net>

<net id="130"><net_src comp="4" pin="0"/><net_sink comp="125" pin=0"/></net>

<net id="131"><net_src comp="48" pin="0"/><net_sink comp="125" pin=1"/></net>

<net id="137"><net_src comp="125" pin="3"/><net_sink comp="132" pin=0"/></net>

<net id="143"><net_src comp="6" pin="0"/><net_sink comp="138" pin=0"/></net>

<net id="144"><net_src comp="48" pin="0"/><net_sink comp="138" pin=1"/></net>

<net id="150"><net_src comp="138" pin="3"/><net_sink comp="145" pin=0"/></net>

<net id="157"><net_src comp="10" pin="0"/><net_sink comp="151" pin=0"/></net>

<net id="158"><net_src comp="106" pin="2"/><net_sink comp="151" pin=1"/></net>

<net id="159"><net_src comp="12" pin="0"/><net_sink comp="151" pin=2"/></net>

<net id="160"><net_src comp="14" pin="0"/><net_sink comp="151" pin=3"/></net>

<net id="164"><net_src comp="106" pin="2"/><net_sink comp="161" pin=0"/></net>

<net id="170"><net_src comp="16" pin="0"/><net_sink comp="165" pin=0"/></net>

<net id="171"><net_src comp="161" pin="1"/><net_sink comp="165" pin=1"/></net>

<net id="172"><net_src comp="18" pin="0"/><net_sink comp="165" pin=2"/></net>

<net id="178"><net_src comp="20" pin="0"/><net_sink comp="173" pin=0"/></net>

<net id="179"><net_src comp="106" pin="2"/><net_sink comp="173" pin=1"/></net>

<net id="180"><net_src comp="22" pin="0"/><net_sink comp="173" pin=2"/></net>

<net id="186"><net_src comp="20" pin="0"/><net_sink comp="181" pin=0"/></net>

<net id="187"><net_src comp="106" pin="2"/><net_sink comp="181" pin=1"/></net>

<net id="188"><net_src comp="14" pin="0"/><net_sink comp="181" pin=2"/></net>

<net id="193"><net_src comp="173" pin="3"/><net_sink comp="189" pin=0"/></net>

<net id="194"><net_src comp="181" pin="3"/><net_sink comp="189" pin=1"/></net>

<net id="200"><net_src comp="20" pin="0"/><net_sink comp="195" pin=0"/></net>

<net id="201"><net_src comp="106" pin="2"/><net_sink comp="195" pin=1"/></net>

<net id="202"><net_src comp="24" pin="0"/><net_sink comp="195" pin=2"/></net>

<net id="207"><net_src comp="173" pin="3"/><net_sink comp="203" pin=0"/></net>

<net id="208"><net_src comp="195" pin="3"/><net_sink comp="203" pin=1"/></net>

<net id="214"><net_src comp="20" pin="0"/><net_sink comp="209" pin=0"/></net>

<net id="215"><net_src comp="106" pin="2"/><net_sink comp="209" pin=1"/></net>

<net id="216"><net_src comp="26" pin="0"/><net_sink comp="209" pin=2"/></net>

<net id="221"><net_src comp="173" pin="3"/><net_sink comp="217" pin=0"/></net>

<net id="222"><net_src comp="209" pin="3"/><net_sink comp="217" pin=1"/></net>

<net id="228"><net_src comp="20" pin="0"/><net_sink comp="223" pin=0"/></net>

<net id="229"><net_src comp="106" pin="2"/><net_sink comp="223" pin=1"/></net>

<net id="230"><net_src comp="28" pin="0"/><net_sink comp="223" pin=2"/></net>

<net id="235"><net_src comp="173" pin="3"/><net_sink comp="231" pin=0"/></net>

<net id="236"><net_src comp="223" pin="3"/><net_sink comp="231" pin=1"/></net>

<net id="242"><net_src comp="20" pin="0"/><net_sink comp="237" pin=0"/></net>

<net id="243"><net_src comp="106" pin="2"/><net_sink comp="237" pin=1"/></net>

<net id="244"><net_src comp="30" pin="0"/><net_sink comp="237" pin=2"/></net>

<net id="249"><net_src comp="173" pin="3"/><net_sink comp="245" pin=0"/></net>

<net id="250"><net_src comp="237" pin="3"/><net_sink comp="245" pin=1"/></net>

<net id="255"><net_src comp="151" pin="4"/><net_sink comp="251" pin=0"/></net>

<net id="256"><net_src comp="32" pin="0"/><net_sink comp="251" pin=1"/></net>

<net id="261"><net_src comp="165" pin="3"/><net_sink comp="257" pin=0"/></net>

<net id="262"><net_src comp="34" pin="0"/><net_sink comp="257" pin=1"/></net>

<net id="267"><net_src comp="251" pin="2"/><net_sink comp="263" pin=0"/></net>

<net id="268"><net_src comp="257" pin="2"/><net_sink comp="263" pin=1"/></net>

<net id="275"><net_src comp="10" pin="0"/><net_sink comp="269" pin=0"/></net>

<net id="276"><net_src comp="106" pin="2"/><net_sink comp="269" pin=1"/></net>

<net id="277"><net_src comp="36" pin="0"/><net_sink comp="269" pin=2"/></net>

<net id="278"><net_src comp="38" pin="0"/><net_sink comp="269" pin=3"/></net>

<net id="285"><net_src comp="40" pin="0"/><net_sink comp="279" pin=0"/></net>

<net id="286"><net_src comp="106" pin="2"/><net_sink comp="279" pin=1"/></net>

<net id="287"><net_src comp="42" pin="0"/><net_sink comp="279" pin=2"/></net>

<net id="288"><net_src comp="44" pin="0"/><net_sink comp="279" pin=3"/></net>

<net id="292"><net_src comp="106" pin="2"/><net_sink comp="289" pin=0"/></net>

<net id="298"><net_src comp="46" pin="0"/><net_sink comp="293" pin=0"/></net>

<net id="299"><net_src comp="289" pin="1"/><net_sink comp="293" pin=1"/></net>

<net id="300"><net_src comp="18" pin="0"/><net_sink comp="293" pin=2"/></net>

<net id="304"><net_src comp="293" pin="3"/><net_sink comp="301" pin=0"/></net>

<net id="305"><net_src comp="301" pin="1"/><net_sink comp="112" pin=2"/></net>

<net id="309"><net_src comp="279" pin="4"/><net_sink comp="306" pin=0"/></net>

<net id="310"><net_src comp="306" pin="1"/><net_sink comp="125" pin=2"/></net>

<net id="315"><net_src comp="203" pin="2"/><net_sink comp="311" pin=0"/></net>

<net id="316"><net_src comp="189" pin="2"/><net_sink comp="311" pin=1"/></net>

<net id="321"><net_src comp="217" pin="2"/><net_sink comp="317" pin=0"/></net>

<net id="322"><net_src comp="231" pin="2"/><net_sink comp="317" pin=1"/></net>

<net id="327"><net_src comp="317" pin="2"/><net_sink comp="323" pin=0"/></net>

<net id="328"><net_src comp="311" pin="2"/><net_sink comp="323" pin=1"/></net>

<net id="333"><net_src comp="263" pin="2"/><net_sink comp="329" pin=0"/></net>

<net id="334"><net_src comp="245" pin="2"/><net_sink comp="329" pin=1"/></net>

<net id="339"><net_src comp="329" pin="2"/><net_sink comp="335" pin=0"/></net>

<net id="340"><net_src comp="323" pin="2"/><net_sink comp="335" pin=1"/></net>

<net id="347"><net_src comp="50" pin="0"/><net_sink comp="341" pin=0"/></net>

<net id="348"><net_src comp="52" pin="0"/><net_sink comp="341" pin=2"/></net>

<net id="349"><net_src comp="119" pin="3"/><net_sink comp="341" pin=3"/></net>

<net id="353"><net_src comp="132" pin="3"/><net_sink comp="350" pin=0"/></net>

<net id="357"><net_src comp="341" pin="4"/><net_sink comp="354" pin=0"/></net>

<net id="363"><net_src comp="54" pin="0"/><net_sink comp="358" pin=0"/></net>

<net id="370"><net_src comp="56" pin="0"/><net_sink comp="364" pin=0"/></net>

<net id="371"><net_src comp="58" pin="0"/><net_sink comp="364" pin=2"/></net>

<net id="372"><net_src comp="60" pin="0"/><net_sink comp="364" pin=3"/></net>

<net id="376"><net_src comp="364" pin="4"/><net_sink comp="373" pin=0"/></net>

<net id="384"><net_src comp="62" pin="0"/><net_sink comp="377" pin=0"/></net>

<net id="385"><net_src comp="52" pin="0"/><net_sink comp="377" pin=2"/></net>

<net id="386"><net_src comp="64" pin="0"/><net_sink comp="377" pin=4"/></net>

<net id="390"><net_src comp="377" pin="5"/><net_sink comp="387" pin=0"/></net>

<net id="395"><net_src comp="387" pin="1"/><net_sink comp="391" pin=0"/></net>

<net id="396"><net_src comp="373" pin="1"/><net_sink comp="391" pin=1"/></net>

<net id="400"><net_src comp="391" pin="2"/><net_sink comp="397" pin=0"/></net>

<net id="405"><net_src comp="397" pin="1"/><net_sink comp="401" pin=1"/></net>

<net id="409"><net_src comp="358" pin="3"/><net_sink comp="406" pin=0"/></net>

<net id="410"><net_src comp="406" pin="1"/><net_sink comp="138" pin=2"/></net>

<net id="415"><net_src comp="74" pin="0"/><net_sink comp="411" pin=1"/></net>

<net id="421"><net_src comp="411" pin="2"/><net_sink comp="416" pin=0"/></net>

<net id="422"><net_src comp="76" pin="0"/><net_sink comp="416" pin=1"/></net>

<net id="423"><net_src comp="78" pin="0"/><net_sink comp="416" pin=2"/></net>

<net id="427"><net_src comp="145" pin="3"/><net_sink comp="424" pin=0"/></net>

<net id="435"><net_src comp="428" pin="1"/><net_sink comp="431" pin=0"/></net>

<net id="436"><net_src comp="424" pin="1"/><net_sink comp="431" pin=1"/></net>

<net id="443"><net_src comp="80" pin="0"/><net_sink comp="437" pin=0"/></net>

<net id="444"><net_src comp="431" pin="2"/><net_sink comp="437" pin=1"/></net>

<net id="445"><net_src comp="82" pin="0"/><net_sink comp="437" pin=2"/></net>

<net id="446"><net_src comp="84" pin="0"/><net_sink comp="437" pin=3"/></net>

<net id="451"><net_src comp="145" pin="3"/><net_sink comp="447" pin=0"/></net>

<net id="452"><net_src comp="437" pin="4"/><net_sink comp="447" pin=1"/></net>

<net id="459"><net_src comp="86" pin="0"/><net_sink comp="453" pin=0"/></net>

<net id="460"><net_src comp="447" pin="2"/><net_sink comp="453" pin=1"/></net>

<net id="461"><net_src comp="88" pin="0"/><net_sink comp="453" pin=2"/></net>

<net id="462"><net_src comp="58" pin="0"/><net_sink comp="453" pin=3"/></net>

<net id="468"><net_src comp="416" pin="3"/><net_sink comp="463" pin=1"/></net>

<net id="469"><net_src comp="453" pin="4"/><net_sink comp="463" pin=2"/></net>

<net id="476"><net_src comp="90" pin="0"/><net_sink comp="470" pin=0"/></net>

<net id="477"><net_src comp="463" pin="3"/><net_sink comp="470" pin=1"/></net>

<net id="478"><net_src comp="92" pin="0"/><net_sink comp="470" pin=2"/></net>

<net id="479"><net_src comp="94" pin="0"/><net_sink comp="470" pin=3"/></net>

<net id="484"><net_src comp="470" pin="4"/><net_sink comp="480" pin=0"/></net>

<net id="485"><net_src comp="96" pin="0"/><net_sink comp="480" pin=1"/></net>

<net id="491"><net_src comp="98" pin="0"/><net_sink comp="486" pin=0"/></net>

<net id="492"><net_src comp="463" pin="3"/><net_sink comp="486" pin=1"/></net>

<net id="493"><net_src comp="100" pin="0"/><net_sink comp="486" pin=2"/></net>

<net id="498"><net_src comp="486" pin="3"/><net_sink comp="494" pin=0"/></net>

<net id="499"><net_src comp="480" pin="2"/><net_sink comp="494" pin=1"/></net>

<net id="506"><net_src comp="102" pin="0"/><net_sink comp="500" pin=0"/></net>

<net id="507"><net_src comp="463" pin="3"/><net_sink comp="500" pin=1"/></net>

<net id="508"><net_src comp="88" pin="0"/><net_sink comp="500" pin=2"/></net>

<net id="509"><net_src comp="100" pin="0"/><net_sink comp="500" pin=3"/></net>

<net id="515"><net_src comp="494" pin="2"/><net_sink comp="510" pin=0"/></net>

<net id="516"><net_src comp="104" pin="0"/><net_sink comp="510" pin=1"/></net>

<net id="517"><net_src comp="500" pin="4"/><net_sink comp="510" pin=2"/></net>

<net id="522"><net_src comp="350" pin="1"/><net_sink comp="518" pin=0"/></net>

<net id="523"><net_src comp="354" pin="1"/><net_sink comp="518" pin=1"/></net>

<net id="524"><net_src comp="518" pin="2"/><net_sink comp="364" pin=1"/></net>

<net id="528"><net_src comp="173" pin="3"/><net_sink comp="525" pin=0"/></net>

<net id="529"><net_src comp="525" pin="1"/><net_sink comp="358" pin=1"/></net>

<net id="530"><net_src comp="525" pin="1"/><net_sink comp="411" pin=0"/></net>

<net id="534"><net_src comp="269" pin="4"/><net_sink comp="531" pin=0"/></net>

<net id="535"><net_src comp="531" pin="1"/><net_sink comp="358" pin=2"/></net>

<net id="539"><net_src comp="289" pin="1"/><net_sink comp="536" pin=0"/></net>

<net id="540"><net_src comp="536" pin="1"/><net_sink comp="341" pin=1"/></net>

<net id="541"><net_src comp="536" pin="1"/><net_sink comp="377" pin=1"/></net>

<net id="545"><net_src comp="112" pin="3"/><net_sink comp="542" pin=0"/></net>

<net id="546"><net_src comp="542" pin="1"/><net_sink comp="119" pin=0"/></net>

<net id="550"><net_src comp="125" pin="3"/><net_sink comp="547" pin=0"/></net>

<net id="551"><net_src comp="547" pin="1"/><net_sink comp="132" pin=0"/></net>

<net id="555"><net_src comp="335" pin="2"/><net_sink comp="552" pin=0"/></net>

<net id="556"><net_src comp="552" pin="1"/><net_sink comp="463" pin=0"/></net>

<net id="560"><net_src comp="119" pin="3"/><net_sink comp="557" pin=0"/></net>

<net id="561"><net_src comp="557" pin="1"/><net_sink comp="377" pin=3"/></net>

<net id="565"><net_src comp="132" pin="3"/><net_sink comp="562" pin=0"/></net>

<net id="566"><net_src comp="562" pin="1"/><net_sink comp="401" pin=0"/></net>

<net id="570"><net_src comp="350" pin="1"/><net_sink comp="567" pin=0"/></net>

<net id="571"><net_src comp="567" pin="1"/><net_sink comp="518" pin=0"/></net>

<net id="575"><net_src comp="354" pin="1"/><net_sink comp="572" pin=0"/></net>

<net id="576"><net_src comp="572" pin="1"/><net_sink comp="518" pin=1"/></net>

<net id="580"><net_src comp="401" pin="2"/><net_sink comp="577" pin=0"/></net>

<net id="581"><net_src comp="577" pin="1"/><net_sink comp="428" pin=0"/></net>

<net id="585"><net_src comp="138" pin="3"/><net_sink comp="582" pin=0"/></net>

<net id="586"><net_src comp="582" pin="1"/><net_sink comp="145" pin=0"/></net>

</net_list>

</model> 
---------------- Datapath Model END ------------------

* FSMD analyzer results:
  - Output states:
 - Input state : 
	Port: exp<17, 9> : x | {1 }
	Port: exp<17, 9> : f_x_lsb_table_V | {1 2 }
	Port: exp<17, 9> : exp_x_msb_2_m_1_table_V | {1 2 }
	Port: exp<17, 9> : exp_x_msb_1_table_V | {5 6 }
  - Chain level:
	State 1
		x_l_fract : 1
		overf : 1
		xor_ln176 : 1
		xor_ln176_1 : 1
		xor_ln176_2 : 1
		xor_ln176_3 : 1
		icmp_ln1653 : 1
		icmp_ln1649 : 2
		and_ln202 : 3
		tmp_13 : 1
		zext_ln541 : 2
		f_x_lsb_table_V_addr : 3
		f_x_lsb_V : 4
		zext_ln541_1 : 1
		exp_x_msb_2_m_1_table_V_addr : 2
		exp_x_msb_2_m_1_V : 3
		or_ln202 : 1
		or_ln202_1 : 1
		or_ln202_2 : 1
		or_ln202_3 : 3
		or_ln202_4 : 3
	State 2
		p_Result_13 : 1
		zext_ln1271 : 1
		zext_ln1273 : 2
		r_V : 3
	State 3
	State 4
	State 5
		trunc_ln1 : 1
		zext_ln813_1 : 2
		zext_ln1347 : 1
		ret_V : 3
		zext_ln813 : 4
		exp_x_msb_2_lsb_m_1_V : 5
		zext_ln541_2 : 1
		exp_x_msb_1_table_V_addr : 2
		exp_x_msb_1_V : 3
	State 6
		zext_ln1271_1 : 1
		r_V_4 : 2
		y_lo_s_V : 3
		y_l_V : 4
		y_V_1 : 5
		y_V_3 : 6
		tmp_9 : 7
		overf_1 : 8
		p_Result_11 : 7
		overf_2 : 9
		tmp_s : 7
		select_ln274 : 9
		ret_ln953 : 10


============================================================
+ Verbose Summary: Datapath Resource usage 
============================================================

* Functional unit list:
|----------|------------------------------|---------|---------|---------|
| Operation|        Functional Unit       |   DSP   |    FF   |   LUT   |
|----------|------------------------------|---------|---------|---------|
|          |         ret_V_fu_391         |    0    |    0    |    26   |
|    add   | exp_x_msb_2_lsb_m_1_V_fu_401 |    0    |    0    |    32   |
|          |         y_l_V_fu_447         |    0    |    0    |    32   |
|----------|------------------------------|---------|---------|---------|
|    mul   |         r_V_4_fu_431         |    2    |    0    |    50   |
|          |          grp_fu_518          |    1    |    0    |    0    |
|----------|------------------------------|---------|---------|---------|
|          |      select_ln190_fu_416     |    0    |    0    |    2    |
|  select  |         y_V_3_fu_463         |    0    |    0    |    21   |
|          |      select_ln274_fu_510     |    0    |    0    |    16   |
|----------|------------------------------|---------|---------|---------|
|          |      icmp_ln1653_fu_251      |    0    |    0    |    9    |
|   icmp   |      icmp_ln1649_fu_257      |    0    |    0    |    11   |
|          |        overf_1_fu_480        |    0    |    0    |    8    |
|----------|------------------------------|---------|---------|---------|
|          |         overf_fu_189         |    0    |    0    |    2    |
|          |       xor_ln176_fu_203       |    0    |    0    |    2    |
|    xor   |      xor_ln176_1_fu_217      |    0    |    0    |    2    |
|          |      xor_ln176_2_fu_231      |    0    |    0    |    2    |
|          |      xor_ln176_3_fu_245      |    0    |    0    |    2    |
|          |          y_V_fu_411          |    0    |    0    |    2    |
|----------|------------------------------|---------|---------|---------|
|          |        or_ln202_fu_311       |    0    |    0    |    2    |
|          |       or_ln202_1_fu_317      |    0    |    0    |    2    |
|    or    |       or_ln202_2_fu_323      |    0    |    0    |    2    |
|          |       or_ln202_3_fu_329      |    0    |    0    |    2    |
|          |       or_ln202_4_fu_335      |    0    |    0    |    2    |
|          |        overf_2_fu_494        |    0    |    0    |    2    |
|----------|------------------------------|---------|---------|---------|
|    and   |       and_ln202_fu_263       |    0    |    0    |    2    |
|----------|------------------------------|---------|---------|---------|
|   read   |      x_read_read_fu_106      |    0    |    0    |    0    |
|----------|------------------------------|---------|---------|---------|
|          |        x_l_int_fu_151        |    0    |    0    |    0    |
|          |          tmp_fu_269          |    0    |    0    |    0    |
|          |         tmp_12_fu_279        |    0    |    0    |    0    |
|partselect|       trunc_ln1_fu_364       |    0    |    0    |    0    |
|          |        y_lo_s_V_fu_437       |    0    |    0    |    0    |
|          |         y_V_1_fu_453         |    0    |    0    |    0    |
|          |         tmp_9_fu_470         |    0    |    0    |    0    |
|          |         tmp_s_fu_500         |    0    |    0    |    0    |
|----------|------------------------------|---------|---------|---------|
|   trunc  |      trunc_ln594_fu_161      |    0    |    0    |    0    |
|          |     trunc_ln594_1_fu_289     |    0    |    0    |    0    |
|----------|------------------------------|---------|---------|---------|
|          |       x_l_fract_fu_165       |    0    |    0    |    0    |
|          |         tmp_13_fu_293        |    0    |    0    |    0    |
|bitconcatenate|      p_Result_13_fu_341      |    0    |    0    |    0    |
|          |      p_Result_12_fu_358      |    0    |    0    |    0    |
|          |         rhs_1_fu_377         |    0    |    0    |    0    |
|----------|------------------------------|---------|---------|---------|
|          |       p_Result_s_fu_173      |    0    |    0    |    0    |
|          |       p_Result_1_fu_181      |    0    |    0    |    0    |
|          |       p_Result_2_fu_195      |    0    |    0    |    0    |
| bitselect|       p_Result_3_fu_209      |    0    |    0    |    0    |
|          |       p_Result_4_fu_223      |    0    |    0    |    0    |
|          |       p_Result_5_fu_237      |    0    |    0    |    0    |
|          |      p_Result_11_fu_486      |    0    |    0    |    0    |
|----------|------------------------------|---------|---------|---------|
|          |       zext_ln541_fu_301      |    0    |    0    |    0    |
|          |      zext_ln541_1_fu_306     |    0    |    0    |    0    |
|          |      zext_ln1271_fu_350      |    0    |    0    |    0    |
|          |      zext_ln1273_fu_354      |    0    |    0    |    0    |
|   zext   |      zext_ln813_1_fu_373     |    0    |    0    |    0    |
|          |      zext_ln1347_fu_387      |    0    |    0    |    0    |
|          |       zext_ln813_fu_397      |    0    |    0    |    0    |
|          |      zext_ln541_2_fu_406     |    0    |    0    |    0    |
|          |     zext_ln1271_1_fu_424     |    0    |    0    |    0    |
|          |     zext_ln1273_1_fu_428     |    0    |    0    |    0    |
|----------|------------------------------|---------|---------|---------|
|   Total  |                              |    3    |    0    |   233   |
|----------|------------------------------|---------|---------|---------|

Memories:
N/A

* Register list:
+------------------------------------+--------+
|                                    |   FF   |
+------------------------------------+--------+
|  exp_x_msb_1_table_V_addr_reg_582  |    5   |
|    exp_x_msb_2_lsb_m_1_V_reg_577   |   25   |
|      exp_x_msb_2_m_1_V_reg_562     |   25   |
|exp_x_msb_2_m_1_table_V_addr_reg_547|    5   |
|          f_x_lsb_V_reg_557         |   11   |
|    f_x_lsb_table_V_addr_reg_542    |    5   |
|         or_ln202_4_reg_552         |    1   |
|         p_Result_s_reg_525         |    1   |
|             tmp_reg_531            |    4   |
|        trunc_ln594_1_reg_536       |    2   |
|         zext_ln1271_reg_567        |   43   |
|         zext_ln1273_reg_572        |   43   |
+------------------------------------+--------+
|                Total               |   170  |
+------------------------------------+--------+

* Multiplexer (MUX) list: 
|-------------------|------|------|------|--------||---------||---------|
|        Comp       |  Pin | Size |  BW  | S x BW ||  Delay  ||   LUT   |
|-------------------|------|------|------|--------||---------||---------|
| grp_access_fu_119 |  p0  |   2  |   5  |   10   ||    9    |
| grp_access_fu_132 |  p0  |   2  |   5  |   10   ||    9    |
| grp_access_fu_145 |  p0  |   2  |   5  |   10   ||    9    |
|     grp_fu_518    |  p0  |   2  |  25  |   50   ||    9    |
|     grp_fu_518    |  p1  |   2  |  18  |   36   ||    9    |
|-------------------|------|------|------|--------||---------||---------|
|       Total       |      |      |      |   116  ||  2.135  ||    45   |
|-------------------|------|------|------|--------||---------||---------|



* Summary:
+-----------+--------+--------+--------+--------+
|           |   DSP  |  Delay |   FF   |   LUT  |
+-----------+--------+--------+--------+--------+
|  Function |    3   |    -   |    0   |   233  |
|   Memory  |    -   |    -   |    -   |    -   |
|Multiplexer|    -   |    2   |    -   |   45   |
|  Register |    -   |    -   |   170  |    -   |
+-----------+--------+--------+--------+--------+
|   Total   |    3   |    2   |   170  |   278  |
+-----------+--------+--------+--------+--------+
