

================================================================
== Vitis HLS Report for 'inference_top'
================================================================
* Date:           Wed Apr 15 01:46:34 2026

* Version:        2022.2 (Build 3670227 on Oct 13 2022)
* Project:        ProjectOne
* Solution:       solution1 (Vivado IP Flow Target)
* Product family: zynquplus
* Target device:  xck26-sfvc784-2LV-c


================================================================
== Performance Estimates
================================================================
+ Timing: 
    * Summary: 
    +--------+----------+----------+------------+
    |  Clock |  Target  | Estimated| Uncertainty|
    +--------+----------+----------+------------+
    |ap_clk  |  10.00 ns|  7.300 ns|     2.70 ns|
    +--------+----------+----------+------------+

+ Latency: 
    * Summary: 
    +---------+---------+----------+----------+--------+--------+---------+
    |  Latency (cycles) |  Latency (absolute) |     Interval    | Pipeline|
    |   min   |   max   |    min   |    max   |   min  |   max  |   Type  |
    +---------+---------+----------+----------+--------+--------+---------+
    |   646329|   675513|  6.463 ms|  6.755 ms|  646330|  675514|       no|
    +---------+---------+----------+----------+--------+--------+---------+

    + Detail: 
        * Instance: 
        N/A

        * Loop: 
        N/A

============================================================
+ Verbose Summary: Synthesis Manager
============================================================
InlineROM: 1
ExposeGlobal: 0
============================================================
+ Verbose Summary: CDFG Model
============================================================
IsTopModel: 1
ResetActiveHigh: 1
IsCombinational: 0
IsDatapathOnly: 0
HasWiredReturn: 1
HasMFsm: 0
HasVarLatency: 1
IsPipeline: 0
IsRtlPipelined: 0
IsInstanceOverlapped: 0
IsDontTouch: 0
HasImplIP: 0
IsGatedGlobalClock: 0


============================================================
+ Verbose Summary: Schedule
============================================================
* Number of FSM states : 4
* Pipeline : 0
* Dataflow Pipeline: 0

* FSM state transitions: 
1 --> 2 
2 --> 3 
3 --> 4 
4 --> 

* FSM state operations: 

State 1 <SV = 0> <Delay = 2.08>
ST_1 : Operation 5 [1/1] (1.00ns)   --->   "%classifier_w_read = read i64 @_ssdm_op_Read.s_axilite.i64, i64 %classifier_w"   --->   Operation 5 'read' 'classifier_w_read' <Predicate = true> <Delay = 1.00> <CoreInst = "s_axilite">   --->   Core 122 's_axilite' <Latency = 0> <II = 1> <Delay = 1.00> <Adapter> <Opcode : 'read' 'write'>
ST_1 : Operation 6 [1/1] (1.00ns)   --->   "%denoiser_w_read = read i64 @_ssdm_op_Read.s_axilite.i64, i64 %denoiser_w"   --->   Operation 6 'read' 'denoiser_w_read' <Predicate = true> <Delay = 1.00> <CoreInst = "s_axilite">   --->   Core 122 's_axilite' <Latency = 0> <II = 1> <Delay = 1.00> <Adapter> <Opcode : 'read' 'write'>
ST_1 : Operation 7 [1/1] (1.00ns)   --->   "%input_r_read = read i64 @_ssdm_op_Read.s_axilite.i64, i64 %input_r"   --->   Operation 7 'read' 'input_r_read' <Predicate = true> <Delay = 1.00> <CoreInst = "s_axilite">   --->   Core 122 's_axilite' <Latency = 0> <II = 1> <Delay = 1.00> <Adapter> <Opcode : 'read' 'write'>
ST_1 : Operation 8 [1/1] (0.00ns)   --->   "%denoised_V = alloca i64 1" [pipeline/inference_top.cpp:17]   --->   Operation 8 'alloca' 'denoised_V' <Predicate = true> <Delay = 0.00>
ST_1 : Operation 9 [2/2] (1.08ns)   --->   "%call_ln21 = call void @D_CNN, i16 %gmem0, i64 %input_r_read, i16 %denoised_V, i16 %gmem1, i64 %denoiser_w_read" [pipeline/inference_top.cpp:21]   --->   Operation 9 'call' 'call_ln21' <Predicate = true> <Delay = 1.08> <CoreType = "Generic">   --->   Core 0 '' <Latency = 0> <II = 1> <Delay = 1.00> <Generic> <Opcode : >

State 2 <SV = 1> <Delay = 0.00>
ST_2 : Operation 10 [1/2] (0.00ns)   --->   "%call_ln21 = call void @D_CNN, i16 %gmem0, i64 %input_r_read, i16 %denoised_V, i16 %gmem1, i64 %denoiser_w_read" [pipeline/inference_top.cpp:21]   --->   Operation 10 'call' 'call_ln21' <Predicate = true> <Delay = 0.00> <CoreType = "Generic">   --->   Core 0 '' <Latency = 0> <II = 1> <Delay = 1.00> <Generic> <Opcode : >

State 3 <SV = 2> <Delay = 0.00>
ST_3 : Operation 11 [2/2] (0.00ns)   --->   "%digit_fxp_V = call i16 @C_CNN, i16 %denoised_V, i16 %gmem1, i64 %classifier_w_read, i11 %f_x_lsb_table_V, i25 %exp_x_msb_2_m_1_table_V, i25 %exp_x_msb_1_table_V" [pipeline/inference_top.cpp:24]   --->   Operation 11 'call' 'digit_fxp_V' <Predicate = true> <Delay = 0.00> <CoreType = "Generic">   --->   Core 0 '' <Latency = 0> <II = 1> <Delay = 1.00> <Generic> <Opcode : >

State 4 <SV = 3> <Delay = 2.24>
ST_4 : Operation 12 [1/1] (0.00ns)   --->   "%spectopmodule_ln8 = spectopmodule void @_ssdm_op_SpecTopModule, void @empty_10" [pipeline/inference_top.cpp:8]   --->   Operation 12 'spectopmodule' 'spectopmodule_ln8' <Predicate = true> <Delay = 0.00>
ST_4 : Operation 13 [1/1] (0.00ns)   --->   "%specinterface_ln0 = specinterface void @_ssdm_op_SpecInterface, i16 %gmem0, void @empty_7, i32 0, i32 0, void @empty_8, i32 0, i32 0, void @empty_21, void @empty_1, void @empty_8, i32 16, i32 16, i32 16, i32 16, void @empty_8, void @empty_8, i32 4294967295, i32 0"   --->   Operation 13 'specinterface' 'specinterface_ln0' <Predicate = true> <Delay = 0.00>
ST_4 : Operation 14 [1/1] (0.00ns)   --->   "%specbitsmap_ln0 = specbitsmap void @_ssdm_op_SpecBitsMap, i16 %gmem0"   --->   Operation 14 'specbitsmap' 'specbitsmap_ln0' <Predicate = true> <Delay = 0.00>
ST_4 : Operation 15 [1/1] (0.00ns)   --->   "%specinterface_ln0 = specinterface void @_ssdm_op_SpecInterface, i16 %gmem1, void @empty_7, i32 0, i32 0, void @empty_8, i32 0, i32 0, void @empty_11, void @empty_1, void @empty_8, i32 16, i32 16, i32 16, i32 16, void @empty_8, void @empty_8, i32 4294967295, i32 0"   --->   Operation 15 'specinterface' 'specinterface_ln0' <Predicate = true> <Delay = 0.00>
ST_4 : Operation 16 [1/1] (0.00ns)   --->   "%specbitsmap_ln0 = specbitsmap void @_ssdm_op_SpecBitsMap, i16 %gmem1"   --->   Operation 16 'specbitsmap' 'specbitsmap_ln0' <Predicate = true> <Delay = 0.00>
ST_4 : Operation 17 [1/1] (0.00ns)   --->   "%specinterface_ln0 = specinterface void @_ssdm_op_SpecInterface, i64 %input_r, void @empty_35, i32 0, i32 0, void @empty_8, i32 0, i32 0, void @empty_13, void @empty_19, void @empty_8, i32 0, i32 0, i32 0, i32 0, void @empty_8, void @empty_14, i32 4294967295, i32 0"   --->   Operation 17 'specinterface' 'specinterface_ln0' <Predicate = true> <Delay = 0.00>
ST_4 : Operation 18 [1/1] (0.00ns)   --->   "%specinterface_ln0 = specinterface void @_ssdm_op_SpecInterface, i64 %input_r, void @empty_15, i32 0, i32 0, void @empty_8, i32 0, i32 0, void @empty_8, void @empty_8, void @empty_8, i32 0, i32 0, i32 0, i32 0, void @empty_8, void @empty_14, i32 4294967295, i32 0"   --->   Operation 18 'specinterface' 'specinterface_ln0' <Predicate = true> <Delay = 0.00>
ST_4 : Operation 19 [1/1] (0.00ns)   --->   "%specbitsmap_ln0 = specbitsmap void @_ssdm_op_SpecBitsMap, i32 %digit"   --->   Operation 19 'specbitsmap' 'specbitsmap_ln0' <Predicate = true> <Delay = 0.00>
ST_4 : Operation 20 [1/1] (0.00ns)   --->   "%specinterface_ln0 = specinterface void @_ssdm_op_SpecInterface, i32 %digit, void @empty_35, i32 0, i32 0, void @empty_8, i32 0, i32 0, void @empty_16, void @empty_19, void @empty_8, i32 0, i32 0, i32 0, i32 0, void @empty_8, void @empty_8, i32 4294967295, i32 0"   --->   Operation 20 'specinterface' 'specinterface_ln0' <Predicate = true> <Delay = 0.00>
ST_4 : Operation 21 [1/1] (0.00ns)   --->   "%specinterface_ln0 = specinterface void @_ssdm_op_SpecInterface, i32 %digit, void @empty_15, i32 0, i32 0, void @empty_8, i32 0, i32 0, void @empty_8, void @empty_8, void @empty_8, i32 0, i32 0, i32 0, i32 0, void @empty_8, void @empty_8, i32 4294967295, i32 0"   --->   Operation 21 'specinterface' 'specinterface_ln0' <Predicate = true> <Delay = 0.00>
ST_4 : Operation 22 [1/1] (0.00ns)   --->   "%specinterface_ln0 = specinterface void @_ssdm_op_SpecInterface, i64 %denoiser_w, void @empty_35, i32 0, i32 0, void @empty_8, i32 0, i32 0, void @empty_13, void @empty_17, void @empty_8, i32 0, i32 0, i32 0, i32 0, void @empty_8, void @empty_14, i32 4294967295, i32 0"   --->   Operation 22 'specinterface' 'specinterface_ln0' <Predicate = true> <Delay = 0.00>
ST_4 : Operation 23 [1/1] (0.00ns)   --->   "%specinterface_ln0 = specinterface void @_ssdm_op_SpecInterface, i64 %denoiser_w, void @empty_15, i32 0, i32 0, void @empty_8, i32 0, i32 0, void @empty_8, void @empty_8, void @empty_8, i32 0, i32 0, i32 0, i32 0, void @empty_8, void @empty_14, i32 4294967295, i32 0"   --->   Operation 23 'specinterface' 'specinterface_ln0' <Predicate = true> <Delay = 0.00>
ST_4 : Operation 24 [1/1] (0.00ns)   --->   "%specinterface_ln0 = specinterface void @_ssdm_op_SpecInterface, i64 %classifier_w, void @empty_35, i32 0, i32 0, void @empty_8, i32 0, i32 0, void @empty_13, void @empty_18, void @empty_8, i32 0, i32 0, i32 0, i32 0, void @empty_8, void @empty_14, i32 4294967295, i32 0"   --->   Operation 24 'specinterface' 'specinterface_ln0' <Predicate = true> <Delay = 0.00>
ST_4 : Operation 25 [1/1] (0.00ns)   --->   "%specinterface_ln0 = specinterface void @_ssdm_op_SpecInterface, i64 %classifier_w, void @empty_15, i32 0, i32 0, void @empty_8, i32 0, i32 0, void @empty_8, void @empty_8, void @empty_8, i32 0, i32 0, i32 0, i32 0, void @empty_8, void @empty_14, i32 4294967295, i32 0"   --->   Operation 25 'specinterface' 'specinterface_ln0' <Predicate = true> <Delay = 0.00>
ST_4 : Operation 26 [1/1] (0.00ns)   --->   "%specinterface_ln0 = specinterface void @_ssdm_op_SpecInterface, i32 0, void @empty_35, i32 0, i32 0, void @empty_8, i32 0, i32 0, void @empty_16, void @empty_8, void @empty_8, i32 0, i32 0, i32 0, i32 0, void @empty_8, void @empty_8, i32 4294967295, i32 0"   --->   Operation 26 'specinterface' 'specinterface_ln0' <Predicate = true> <Delay = 0.00>
ST_4 : Operation 27 [1/2] (0.00ns)   --->   "%digit_fxp_V = call i16 @C_CNN, i16 %denoised_V, i16 %gmem1, i64 %classifier_w_read, i11 %f_x_lsb_table_V, i25 %exp_x_msb_2_m_1_table_V, i25 %exp_x_msb_1_table_V" [pipeline/inference_top.cpp:24]   --->   Operation 27 'call' 'digit_fxp_V' <Predicate = true> <Delay = 0.00> <CoreType = "Generic">   --->   Core 0 '' <Latency = 0> <II = 1> <Delay = 1.00> <Generic> <Opcode : >
ST_4 : Operation 28 [1/1] (0.00ns)   --->   "%ret_V = partselect i8 @_ssdm_op_PartSelect.i8.i16.i32.i32, i16 %digit_fxp_V, i32 8, i32 15"   --->   Operation 28 'partselect' 'ret_V' <Predicate = true> <Delay = 0.00>
ST_4 : Operation 29 [1/1] (0.00ns) (grouped into LUT with out node ret_V_2)   --->   "%p_Result_s = bitselect i1 @_ssdm_op_BitSelect.i1.i16.i32, i16 %digit_fxp_V, i32 15"   --->   Operation 29 'bitselect' 'p_Result_s' <Predicate = true> <Delay = 0.00>
ST_4 : Operation 30 [1/1] (0.00ns)   --->   "%trunc_ln1003 = trunc i16 %digit_fxp_V"   --->   Operation 30 'trunc' 'trunc_ln1003' <Predicate = true> <Delay = 0.00>
ST_4 : Operation 31 [1/1] (0.84ns)   --->   "%icmp_ln1003 = icmp_eq  i8 %trunc_ln1003, i8 0"   --->   Operation 31 'icmp' 'icmp_ln1003' <Predicate = true> <Delay = 0.84> <CoreInst = "Cmp">   --->   Core 9 'Cmp' <Latency = 0> <II = 1> <Delay = 0.84> <FuncUnit> <Opcode : 'icmp'> <InPorts = 2> <OutPorts = 1>
ST_4 : Operation 32 [1/1] (0.76ns)   --->   "%ret_V_1 = add i8 %ret_V, i8 1"   --->   Operation 32 'add' 'ret_V_1' <Predicate = true> <Delay = 0.76> <CoreInst = "Adder">   --->   Core 1 'Adder' <Latency = 0> <II = 1> <Delay = 0.76> <FuncUnit> <Opcode : 'add' 'sub'> <InPorts = 2> <OutPorts = 1>
ST_4 : Operation 33 [1/1] (0.00ns) (grouped into LUT with out node ret_V_2)   --->   "%select_ln1002 = select i1 %icmp_ln1003, i8 %ret_V, i8 %ret_V_1"   --->   Operation 33 'select' 'select_ln1002' <Predicate = true> <Delay = 0.00> <CoreInst = "Sel">   --->   Core 73 'Sel' <Latency = 0> <II = 1> <Delay = 0.39> <FuncUnit> <Opcode : 'select'> <InPorts = 3> <OutPorts = 1>
ST_4 : Operation 34 [1/1] (0.39ns) (out node of the LUT)   --->   "%ret_V_2 = select i1 %p_Result_s, i8 %select_ln1002, i8 %ret_V"   --->   Operation 34 'select' 'ret_V_2' <Predicate = true> <Delay = 0.39> <CoreInst = "Sel">   --->   Core 73 'Sel' <Latency = 0> <II = 1> <Delay = 0.39> <FuncUnit> <Opcode : 'select'> <InPorts = 3> <OutPorts = 1>
ST_4 : Operation 35 [1/1] (0.00ns)   --->   "%sext_ln552 = sext i8 %ret_V_2"   --->   Operation 35 'sext' 'sext_ln552' <Predicate = true> <Delay = 0.00>
ST_4 : Operation 36 [1/1] (1.00ns)   --->   "%write_ln26 = write void @_ssdm_op_Write.s_axilite.i32P0A, i32 %digit, i32 %sext_ln552" [pipeline/inference_top.cpp:26]   --->   Operation 36 'write' 'write_ln26' <Predicate = true> <Delay = 1.00> <CoreInst = "s_axilite">   --->   Core 122 's_axilite' <Latency = 0> <II = 1> <Delay = 1.00> <Adapter> <Opcode : 'read' 'write'>
ST_4 : Operation 37 [1/1] (0.00ns)   --->   "%ret_ln27 = ret" [pipeline/inference_top.cpp:27]   --->   Operation 37 'ret' 'ret_ln27' <Predicate = true> <Delay = 0.00>


============================================================
+ Verbose Summary: Timing violations
============================================================
Target clock period: 10ns, clock uncertainty: 2.7ns.

 <State 1>: 2.08ns
The critical path consists of the following:
	s_axi read operation ('denoiser_w_read') on port 'denoiser_w' [26]  (1 ns)
	'call' operation ('call_ln21', pipeline/inference_top.cpp:21) to 'D_CNN' [29]  (1.08 ns)

 <State 2>: 0ns
The critical path consists of the following:

 <State 3>: 0ns
The critical path consists of the following:

 <State 4>: 2.24ns
The critical path consists of the following:
	'call' operation ('digit_fxp.V', pipeline/inference_top.cpp:24) to 'C_CNN' [30]  (0 ns)
	'icmp' operation ('icmp_ln1003') [34]  (0.849 ns)
	'select' operation ('select_ln1002') [36]  (0 ns)
	'select' operation ('ret.V') [37]  (0.393 ns)
	s_axi write operation ('write_ln26', pipeline/inference_top.cpp:26) on port 'digit' (pipeline/inference_top.cpp:26) [39]  (1 ns)


============================================================
+ Verbose Summary: Binding
============================================================
N/A
* FSMD analyzer results:
  - Output states:
 - Input state : 
  - Chain level:
	State 1
	State 2
	State 3
	State 4


============================================================
+ Verbose Summary: Datapath Resource usage 
============================================================
N/A
