

================================================================
== Vitis HLS Report for 'C_CNN_Pipeline_VITIS_LOOP_6_1_VITIS_LOOP_8_2_VITIS_LOOP_9_3'
================================================================
* Date:           Wed Apr 15 01:46:48 2026

* Version:        2022.2 (Build 3670227 on Oct 13 2022)
* Project:        ProjectOne
* Solution:       solution1 (Vivado IP Flow Target)
* Product family: zynquplus
* Target device:  xck26-sfvc784-2LV-c


================================================================
== Performance Estimates
================================================================
+ Timing: 
    * Summary: 
    +--------+----------+----------+------------+
    |  Clock |  Target  | Estimated| Uncertainty|
    +--------+----------+----------+------------+
    |ap_clk  |  10.00 ns|  7.073 ns|     2.70 ns|
    +--------+----------+----------+------------+

+ Latency: 
    * Summary: 
    +---------+---------+----------+----------+-----+-----+---------+
    |  Latency (cycles) |  Latency (absolute) |  Interval | Pipeline|
    |   min   |   max   |    min   |    max   | min | max |   Type  |
    +---------+---------+----------+----------+-----+-----+---------+
    |      579|      579|  5.790 us|  5.790 us|  579|  579|       no|
    +---------+---------+----------+----------+-----+-----+---------+

    + Detail: 
        * Instance: 
        N/A

        * Loop: 
        +------------------------------------------------+---------+---------+----------+-----------+-----------+------+----------+
        |                                                |  Latency (cycles) | Iteration|  Initiation Interval  | Trip |          |
        |                    Loop Name                   |   min   |   max   |  Latency |  achieved |   target  | Count| Pipelined|
        +------------------------------------------------+---------+---------+----------+-----------+-----------+------+----------+
        |- VITIS_LOOP_6_1_VITIS_LOOP_8_2_VITIS_LOOP_9_3  |      577|      577|         3|          1|          1|   576|       yes|
        +------------------------------------------------+---------+---------+----------+-----------+-----------+------+----------+



================================================================
== Utilization Estimates
================================================================
* Summary: 
+-----------------+---------+------+--------+--------+-----+
|       Name      | BRAM_18K|  DSP |   FF   |   LUT  | URAM|
+-----------------+---------+------+--------+--------+-----+
|DSP              |        -|     -|       -|       -|    -|
|Expression       |        -|     -|       0|     509|    -|
|FIFO             |        -|     -|       -|       -|    -|
|Instance         |        -|     -|       -|       -|    -|
|Memory           |        -|     -|       -|       -|    -|
|Multiplexer      |        -|     -|       -|     126|    -|
|Register         |        -|     -|      74|       -|    -|
+-----------------+---------+------+--------+--------+-----+
|Total            |        0|     0|      74|     635|    0|
+-----------------+---------+------+--------+--------+-----+
|Available        |      288|  1248|  234240|  117120|   64|
+-----------------+---------+------+--------+--------+-----+
|Utilization (%)  |        0|     0|      ~0|      ~0|    0|
+-----------------+---------+------+--------+--------+-----+

+ Detail: 
    * Instance: 
    N/A

    * DSP: 
    N/A

    * Memory: 
    N/A

    * FIFO: 
    N/A

    * Expression: 
    +-------------------------+----------+----+---+----+------------+------------+
    |      Variable Name      | Operation| DSP| FF| LUT| Bitwidth P0| Bitwidth P1|
    +-------------------------+----------+----+---+----+------------+------------+
    |add_ln13_4_fu_484_p2     |         +|   0|  0|  19|          12|           5|
    |add_ln13_5_fu_495_p2     |         +|   0|  0|  19|          12|           5|
    |add_ln13_6_fu_260_p2     |         +|   0|  0|  17|          11|          11|
    |add_ln13_7_fu_420_p2     |         +|   0|  0|  17|          11|          11|
    |add_ln13_fu_462_p2       |         +|   0|  0|  19|          12|          12|
    |add_ln18_1_fu_687_p2     |         +|   0|  0|  15|           8|           8|
    |add_ln18_fu_697_p2       |         +|   0|  0|  17|          10|          10|
    |add_ln20_1_fu_708_p2     |         +|   0|  0|  15|           8|           1|
    |add_ln6_2_fu_298_p2      |         +|   0|  0|  10|           3|           1|
    |add_ln6_fu_272_p2        |         +|   0|  0|  17|          10|           1|
    |add_ln8_2_fu_667_p2      |         +|   0|  0|  15|           8|           4|
    |add_ln8_3_fu_512_p2      |         +|   0|  0|  15|           8|           1|
    |add_ln8_fu_370_p2        |         +|   0|  0|  12|           4|           1|
    |add_ln9_fu_506_p2        |         +|   0|  0|  12|           4|           1|
    |empty_558_fu_254_p2      |         -|   0|  0|  17|          11|          11|
    |p_mid1164_fu_414_p2      |         -|   0|  0|  17|          11|          11|
    |and_ln6_fu_364_p2        |       and|   0|  0|   2|           1|           1|
    |icmp_ln1651_4_fu_565_p2  |      icmp|   0|  0|  13|          16|          16|
    |icmp_ln1651_5_fu_585_p2  |      icmp|   0|  0|  13|          16|          16|
    |icmp_ln1651_6_fu_605_p2  |      icmp|   0|  0|  13|          16|          16|
    |icmp_ln1651_fu_551_p2    |      icmp|   0|  0|  13|          16|          13|
    |icmp_ln6_fu_266_p2       |      icmp|   0|  0|  11|          10|          10|
    |icmp_ln8_fu_284_p2       |      icmp|   0|  0|  11|           8|           8|
    |icmp_ln9_fu_358_p2       |      icmp|   0|  0|   9|           4|           4|
    |or_ln13_fu_473_p2        |        or|   0|  0|  12|           1|          12|
    |or_ln8_fu_376_p2         |        or|   0|  0|   2|           1|           1|
    |select_ln15_4_fu_577_p3  |    select|   0|  0|  16|           1|          16|
    |select_ln15_5_fu_597_p3  |    select|   0|  0|  16|           1|          16|
    |select_ln15_6_fu_617_p3  |    select|   0|  0|  16|           1|          16|
    |select_ln15_fu_557_p3    |    select|   0|  0|  16|           1|          13|
    |select_ln6_1_fu_290_p3   |    select|   0|  0|   4|           1|           1|
    |select_ln6_2_fu_638_p3   |    select|   0|  0|   8|           1|           1|
    |select_ln6_3_fu_316_p3   |    select|   0|  0|   8|           1|           8|
    |select_ln6_4_fu_328_p3   |    select|   0|  0|   3|           1|           3|
    |select_ln6_5_fu_344_p3   |    select|   0|  0|  10|           1|          11|
    |select_ln6_fu_631_p3     |    select|   0|  0|   8|           1|           1|
    |select_ln8_11_fu_382_p3  |    select|   0|  0|   4|           1|           1|
    |select_ln8_12_fu_426_p3  |    select|   0|  0|  10|           1|          11|
    |select_ln8_13_fu_680_p3  |    select|   0|  0|   8|           1|           8|
    |select_ln8_14_fu_438_p3  |    select|   0|  0|   4|           1|           4|
    |select_ln8_15_fu_518_p3  |    select|   0|  0|   8|           1|           1|
    |select_ln8_fu_673_p3     |    select|   0|  0|   8|           1|           8|
    |ap_enable_pp0            |       xor|   0|  0|   2|           1|           2|
    |xor_ln1651_3_fu_591_p2   |       xor|   0|  0|   2|           1|           2|
    |xor_ln1651_4_fu_611_p2   |       xor|   0|  0|   2|           1|           2|
    |xor_ln1651_fu_571_p2     |       xor|   0|  0|   2|           1|           2|
    |xor_ln6_fu_352_p2        |       xor|   0|  0|   2|           1|           2|
    +-------------------------+----------+----+---+----+------------+------------+
    |Total                    |          |   0|  0| 509|         253|         320|
    +-------------------------+----------+----+---+----+------------+------------+

    * Multiplexer: 
    +-----------------------------------------+----+-----------+-----+-----------+
    |                   Name                  | LUT| Input Size| Bits| Total Bits|
    +-----------------------------------------+----+-----------+-----+-----------+
    |ap_done_int                              |   9|          2|    1|          2|
    |ap_enable_reg_pp0_iter1                  |   9|          2|    1|          2|
    |ap_sig_allocacmp_i_10                    |   9|          2|    3|          6|
    |ap_sig_allocacmp_indvar_flatten166_load  |   9|          2|    8|         16|
    |ap_sig_allocacmp_indvar_flatten198_load  |   9|          2|   10|         20|
    |ap_sig_allocacmp_y_load                  |   9|          2|    4|          8|
    |ap_sig_allocacmp_z_2                     |   9|          2|    4|          8|
    |i_fu_100                                 |   9|          2|    3|          6|
    |index_2_fu_84                            |   9|          2|    8|         16|
    |index_fu_92                              |   9|          2|    8|         16|
    |indvar_flatten166_fu_96                  |   9|          2|    8|         16|
    |indvar_flatten198_fu_104                 |   9|          2|   10|         20|
    |y_fu_80                                  |   9|          2|    4|          8|
    |z_fu_88                                  |   9|          2|    4|          8|
    +-----------------------------------------+----+-----------+-----+-----------+
    |Total                                    | 126|         28|   76|        152|
    +-----------------------------------------+----+-----------+-----+-----------+

    * Register: 
    +----------------------------------+----+----+-----+-----------+
    |               Name               | FF | LUT| Bits| Const Bits|
    +----------------------------------+----+----+-----+-----------+
    |and_ln6_reg_789                   |   1|   0|    1|          0|
    |and_ln6_reg_789_pp0_iter1_reg     |   1|   0|    1|          0|
    |ap_CS_fsm                         |   1|   0|    1|          0|
    |ap_done_reg                       |   1|   0|    1|          0|
    |ap_enable_reg_pp0_iter1           |   1|   0|    1|          0|
    |ap_enable_reg_pp0_iter2           |   1|   0|    1|          0|
    |ap_loop_exit_ready_pp0_iter1_reg  |   1|   0|    1|          0|
    |i_fu_100                          |   3|   0|    3|          0|
    |icmp_ln8_reg_777                  |   1|   0|    1|          0|
    |icmp_ln8_reg_777_pp0_iter1_reg    |   1|   0|    1|          0|
    |index_2_fu_84                     |   8|   0|    8|          0|
    |index_fu_92                       |   8|   0|    8|          0|
    |indvar_flatten166_fu_96           |   8|   0|    8|          0|
    |indvar_flatten198_fu_104          |  10|   0|   10|          0|
    |select_ln15_6_reg_815             |  16|   0|   16|          0|
    |trunc_ln6_reg_783                 |   2|   0|    2|          0|
    |trunc_ln6_reg_783_pp0_iter1_reg   |   2|   0|    2|          0|
    |y_fu_80                           |   4|   0|    4|          0|
    |z_fu_88                           |   4|   0|    4|          0|
    +----------------------------------+----+----+-----+-----------+
    |Total                             |  74|   0|   74|          0|
    +----------------------------------+----+----+-----+-----------+



================================================================
== Interface
================================================================
* Summary: 
+-----------------------+-----+-----+------------+-------------------------------------------------------------+--------------+
|       RTL Ports       | Dir | Bits|  Protocol  |                        Source Object                        |    C Type    |
+-----------------------+-----+-----+------------+-------------------------------------------------------------+--------------+
|ap_clk                 |   in|    1|  ap_ctrl_hs|  C_CNN_Pipeline_VITIS_LOOP_6_1_VITIS_LOOP_8_2_VITIS_LOOP_9_3|  return value|
|ap_rst                 |   in|    1|  ap_ctrl_hs|  C_CNN_Pipeline_VITIS_LOOP_6_1_VITIS_LOOP_8_2_VITIS_LOOP_9_3|  return value|
|ap_start               |   in|    1|  ap_ctrl_hs|  C_CNN_Pipeline_VITIS_LOOP_6_1_VITIS_LOOP_8_2_VITIS_LOOP_9_3|  return value|
|ap_done                |  out|    1|  ap_ctrl_hs|  C_CNN_Pipeline_VITIS_LOOP_6_1_VITIS_LOOP_8_2_VITIS_LOOP_9_3|  return value|
|ap_idle                |  out|    1|  ap_ctrl_hs|  C_CNN_Pipeline_VITIS_LOOP_6_1_VITIS_LOOP_8_2_VITIS_LOOP_9_3|  return value|
|ap_ready               |  out|    1|  ap_ctrl_hs|  C_CNN_Pipeline_VITIS_LOOP_6_1_VITIS_LOOP_8_2_VITIS_LOOP_9_3|  return value|
|Conv1_C1_V_address0    |  out|   12|   ap_memory|                                                   Conv1_C1_V|         array|
|Conv1_C1_V_ce0         |  out|    1|   ap_memory|                                                   Conv1_C1_V|         array|
|Conv1_C1_V_q0          |   in|   16|   ap_memory|                                                   Conv1_C1_V|         array|
|Conv1_C1_V_address1    |  out|   12|   ap_memory|                                                   Conv1_C1_V|         array|
|Conv1_C1_V_ce1         |  out|    1|   ap_memory|                                                   Conv1_C1_V|         array|
|Conv1_C1_V_q1          |   in|   16|   ap_memory|                                                   Conv1_C1_V|         array|
|Conv1_C1_V_address2    |  out|   12|   ap_memory|                                                   Conv1_C1_V|         array|
|Conv1_C1_V_ce2         |  out|    1|   ap_memory|                                                   Conv1_C1_V|         array|
|Conv1_C1_V_q2          |   in|   16|   ap_memory|                                                   Conv1_C1_V|         array|
|Conv1_C1_V_address3    |  out|   12|   ap_memory|                                                   Conv1_C1_V|         array|
|Conv1_C1_V_ce3         |  out|    1|   ap_memory|                                                   Conv1_C1_V|         array|
|Conv1_C1_V_q3          |   in|   16|   ap_memory|                                                   Conv1_C1_V|         array|
|MaxPool_S2_V_address0  |  out|   10|   ap_memory|                                                 MaxPool_S2_V|         array|
|MaxPool_S2_V_ce0       |  out|    1|   ap_memory|                                                 MaxPool_S2_V|         array|
|MaxPool_S2_V_we0       |  out|    1|   ap_memory|                                                 MaxPool_S2_V|         array|
|MaxPool_S2_V_d0        |  out|   16|   ap_memory|                                                 MaxPool_S2_V|         array|
+-----------------------+-----+-----+------------+-------------------------------------------------------------+--------------+

