

================================================================
== Vitis HLS Report for 'C_CNN_Pipeline_VITIS_LOOP_29_1_VITIS_LOOP_31_2_VITIS_LOOP_32_3'
================================================================
* Date:           Wed Apr 15 01:46:50 2026

* Version:        2022.2 (Build 3670227 on Oct 13 2022)
* Project:        ProjectOne
* Solution:       solution1 (Vivado IP Flow Target)
* Product family: zynquplus
* Target device:  xck26-sfvc784-2LV-c


================================================================
== Performance Estimates
================================================================
+ Timing: 
    * Summary: 
    +--------+----------+----------+------------+
    |  Clock |  Target  | Estimated| Uncertainty|
    +--------+----------+----------+------------+
    |ap_clk  |  10.00 ns|  7.073 ns|     2.70 ns|
    +--------+----------+----------+------------+

+ Latency: 
    * Summary: 
    +---------+---------+----------+----------+-----+-----+---------+
    |  Latency (cycles) |  Latency (absolute) |  Interval | Pipeline|
    |   min   |   max   |    min   |    max   | min | max |   Type  |
    +---------+---------+----------+----------+-----+-----+---------+
    |      131|      131|  1.310 us|  1.310 us|  131|  131|       no|
    +---------+---------+----------+----------+-----+-----+---------+

    + Detail: 
        * Instance: 
        N/A

        * Loop: 
        +---------------------------------------------------+---------+---------+----------+-----------+-----------+------+----------+
        |                                                   |  Latency (cycles) | Iteration|  Initiation Interval  | Trip |          |
        |                     Loop Name                     |   min   |   max   |  Latency |  achieved |   target  | Count| Pipelined|
        +---------------------------------------------------+---------+---------+----------+-----------+-----------+------+----------+
        |- VITIS_LOOP_29_1_VITIS_LOOP_31_2_VITIS_LOOP_32_3  |      129|      129|         3|          1|          1|   128|       yes|
        +---------------------------------------------------+---------+---------+----------+-----------+-----------+------+----------+



================================================================
== Utilization Estimates
================================================================
* Summary: 
+-----------------+---------+------+--------+--------+-----+
|       Name      | BRAM_18K|  DSP |   FF   |   LUT  | URAM|
+-----------------+---------+------+--------+--------+-----+
|DSP              |        -|     -|       -|       -|    -|
|Expression       |        -|     -|       0|     328|    -|
|FIFO             |        -|     -|       -|       -|    -|
|Instance         |        -|     -|       -|       -|    -|
|Memory           |        -|     -|       -|       -|    -|
|Multiplexer      |        -|     -|       -|     126|    -|
|Register         |        -|     -|      65|       -|    -|
+-----------------+---------+------+--------+--------+-----+
|Total            |        0|     0|      65|     454|    0|
+-----------------+---------+------+--------+--------+-----+
|Available        |      288|  1248|  234240|  117120|   64|
+-----------------+---------+------+--------+--------+-----+
|Utilization (%)  |        0|     0|      ~0|      ~0|    0|
+-----------------+---------+------+--------+--------+-----+

+ Detail: 
    * Instance: 
    N/A

    * DSP: 
    N/A

    * Memory: 
    N/A

    * FIFO: 
    N/A

    * Expression: 
    +-------------------------+----------+----+---+----+------------+------------+
    |      Variable Name      | Operation| DSP| FF| LUT| Bitwidth P0| Bitwidth P1|
    +-------------------------+----------+----+---+----+------------+------------+
    |add_ln29_4_fu_244_p2     |         +|   0|  0|  12|           4|           1|
    |add_ln29_fu_215_p2       |         +|   0|  0|  15|           8|           1|
    |add_ln31_2_fu_530_p2     |         +|   0|  0|  12|           5|           3|
    |add_ln31_9_fu_390_p2     |         +|   0|  0|  13|           6|           1|
    |add_ln31_fu_280_p2       |         +|   0|  0|  10|           3|           1|
    |add_ln32_fu_384_p2       |         +|   0|  0|  10|           3|           1|
    |add_ln41_fu_554_p2       |         +|   0|  0|  14|           7|           7|
    |add_ln43_1_fu_565_p2     |         +|   0|  0|  12|           5|           1|
    |and_ln29_fu_274_p2       |       and|   0|  0|   2|           1|           1|
    |icmp_ln1651_7_fu_443_p2  |      icmp|   0|  0|  13|          16|          16|
    |icmp_ln1651_8_fu_463_p2  |      icmp|   0|  0|  13|          16|          16|
    |icmp_ln1651_9_fu_483_p2  |      icmp|   0|  0|  13|          16|          16|
    |icmp_ln1651_fu_429_p2    |      icmp|   0|  0|  13|          16|          13|
    |icmp_ln29_fu_209_p2      |      icmp|   0|  0|  11|           8|           9|
    |icmp_ln31_fu_230_p2      |      icmp|   0|  0|  10|           6|           5|
    |icmp_ln32_fu_268_p2      |      icmp|   0|  0|   9|           3|           4|
    |or_ln31_fu_286_p2        |        or|   0|  0|   2|           1|           1|
    |or_ln36_1_fu_362_p2      |        or|   0|  0|   9|           4|           9|
    |or_ln36_2_fu_373_p2      |        or|   0|  0|   9|           4|           9|
    |or_ln36_fu_351_p2        |        or|   0|  0|   9|           1|           9|
    |select_ln29_1_fu_236_p3  |    select|   0|  0|   3|           1|           1|
    |select_ln29_2_fu_516_p3  |    select|   0|  0|   5|           1|           1|
    |select_ln29_3_fu_250_p3  |    select|   0|  0|   4|           1|           4|
    |select_ln29_4_fu_316_p3  |    select|   0|  0|   2|           1|           1|
    |select_ln29_fu_509_p3    |    select|   0|  0|   5|           1|           1|
    |select_ln31_1_fu_292_p3  |    select|   0|  0|   3|           1|           1|
    |select_ln31_2_fu_543_p3  |    select|   0|  0|   5|           1|           5|
    |select_ln31_3_fu_304_p3  |    select|   0|  0|   3|           1|           3|
    |select_ln31_4_fu_324_p3  |    select|   0|  0|   2|           1|           2|
    |select_ln31_5_fu_396_p3  |    select|   0|  0|   6|           1|           1|
    |select_ln31_fu_536_p3    |    select|   0|  0|   5|           1|           5|
    |select_ln38_1_fu_455_p3  |    select|   0|  0|  16|           1|          16|
    |select_ln38_2_fu_475_p3  |    select|   0|  0|  16|           1|          16|
    |select_ln38_3_fu_495_p3  |    select|   0|  0|  16|           1|          16|
    |select_ln38_fu_435_p3    |    select|   0|  0|  16|           1|          13|
    |ap_enable_pp0            |       xor|   0|  0|   2|           1|           2|
    |xor_ln1651_5_fu_469_p2   |       xor|   0|  0|   2|           1|           2|
    |xor_ln1651_6_fu_489_p2   |       xor|   0|  0|   2|           1|           2|
    |xor_ln1651_fu_449_p2     |       xor|   0|  0|   2|           1|           2|
    |xor_ln29_fu_262_p2       |       xor|   0|  0|   2|           1|           2|
    +-------------------------+----------+----+---+----+------------+------------+
    |Total                    |          |   0|  0| 328|         153|         220|
    +-------------------------+----------+----+---+----+------------+------------+

    * Multiplexer: 
    +-----------------------------------------+----+-----------+-----+-----------+
    |                   Name                  | LUT| Input Size| Bits| Total Bits|
    +-----------------------------------------+----+-----------+-----+-----------+
    |ap_done_int                              |   9|          2|    1|          2|
    |ap_enable_reg_pp0_iter1                  |   9|          2|    1|          2|
    |ap_sig_allocacmp_i_load                  |   9|          2|    4|          8|
    |ap_sig_allocacmp_indvar_flatten297_load  |   9|          2|    6|         12|
    |ap_sig_allocacmp_indvar_flatten318_load  |   9|          2|    8|         16|
    |ap_sig_allocacmp_y_load                  |   9|          2|    3|          6|
    |ap_sig_allocacmp_z                       |   9|          2|    3|          6|
    |i_fu_94                                  |   9|          2|    4|          8|
    |index_3_fu_86                            |   9|          2|    5|         10|
    |index_fu_78                              |   9|          2|    5|         10|
    |indvar_flatten297_fu_90                  |   9|          2|    6|         12|
    |indvar_flatten318_fu_98                  |   9|          2|    8|         16|
    |y_fu_74                                  |   9|          2|    3|          6|
    |z_1_fu_82                                |   9|          2|    3|          6|
    +-----------------------------------------+----+-----------+-----+-----------+
    |Total                                    | 126|         28|   60|        120|
    +-----------------------------------------+----+-----------+-----+-----------+

    * Register: 
    +----------------------------------+----+----+-----+-----------+
    |               Name               | FF | LUT| Bits| Const Bits|
    +----------------------------------+----+----+-----+-----------+
    |and_ln29_reg_645                  |   1|   0|    1|          0|
    |and_ln29_reg_645_pp0_iter1_reg    |   1|   0|    1|          0|
    |ap_CS_fsm                         |   1|   0|    1|          0|
    |ap_done_reg                       |   1|   0|    1|          0|
    |ap_enable_reg_pp0_iter1           |   1|   0|    1|          0|
    |ap_enable_reg_pp0_iter2           |   1|   0|    1|          0|
    |ap_loop_exit_ready_pp0_iter1_reg  |   1|   0|    1|          0|
    |i_fu_94                           |   4|   0|    4|          0|
    |icmp_ln31_reg_634                 |   1|   0|    1|          0|
    |icmp_ln31_reg_634_pp0_iter1_reg   |   1|   0|    1|          0|
    |index_3_fu_86                     |   5|   0|    5|          0|
    |index_fu_78                       |   5|   0|    5|          0|
    |indvar_flatten297_fu_90           |   6|   0|    6|          0|
    |indvar_flatten318_fu_98           |   8|   0|    8|          0|
    |select_ln38_3_reg_671             |  16|   0|   16|          0|
    |trunc_ln29_reg_640                |   3|   0|    3|          0|
    |trunc_ln29_reg_640_pp0_iter1_reg  |   3|   0|    3|          0|
    |y_fu_74                           |   3|   0|    3|          0|
    |z_1_fu_82                         |   3|   0|    3|          0|
    +----------------------------------+----+----+-----+-----------+
    |Total                             |  65|   0|   65|          0|
    +----------------------------------+----+----+-----+-----------+



================================================================
== Interface
================================================================
* Summary: 
+-----------------------+-----+-----+------------+----------------------------------------------------------------+--------------+
|       RTL Ports       | Dir | Bits|  Protocol  |                          Source Object                         |    C Type    |
+-----------------------+-----+-----+------------+----------------------------------------------------------------+--------------+
|ap_clk                 |   in|    1|  ap_ctrl_hs|  C_CNN_Pipeline_VITIS_LOOP_29_1_VITIS_LOOP_31_2_VITIS_LOOP_32_3|  return value|
|ap_rst                 |   in|    1|  ap_ctrl_hs|  C_CNN_Pipeline_VITIS_LOOP_29_1_VITIS_LOOP_31_2_VITIS_LOOP_32_3|  return value|
|ap_start               |   in|    1|  ap_ctrl_hs|  C_CNN_Pipeline_VITIS_LOOP_29_1_VITIS_LOOP_31_2_VITIS_LOOP_32_3|  return value|
|ap_done                |  out|    1|  ap_ctrl_hs|  C_CNN_Pipeline_VITIS_LOOP_29_1_VITIS_LOOP_31_2_VITIS_LOOP_32_3|  return value|
|ap_idle                |  out|    1|  ap_ctrl_hs|  C_CNN_Pipeline_VITIS_LOOP_29_1_VITIS_LOOP_31_2_VITIS_LOOP_32_3|  return value|
|ap_ready               |  out|    1|  ap_ctrl_hs|  C_CNN_Pipeline_VITIS_LOOP_29_1_VITIS_LOOP_31_2_VITIS_LOOP_32_3|  return value|
|Conv2_C3_V_address0    |  out|    9|   ap_memory|                                                      Conv2_C3_V|         array|
|Conv2_C3_V_ce0         |  out|    1|   ap_memory|                                                      Conv2_C3_V|         array|
|Conv2_C3_V_q0          |   in|   16|   ap_memory|                                                      Conv2_C3_V|         array|
|Conv2_C3_V_address1    |  out|    9|   ap_memory|                                                      Conv2_C3_V|         array|
|Conv2_C3_V_ce1         |  out|    1|   ap_memory|                                                      Conv2_C3_V|         array|
|Conv2_C3_V_q1          |   in|   16|   ap_memory|                                                      Conv2_C3_V|         array|
|Conv2_C3_V_address2    |  out|    9|   ap_memory|                                                      Conv2_C3_V|         array|
|Conv2_C3_V_ce2         |  out|    1|   ap_memory|                                                      Conv2_C3_V|         array|
|Conv2_C3_V_q2          |   in|   16|   ap_memory|                                                      Conv2_C3_V|         array|
|Conv2_C3_V_address3    |  out|    9|   ap_memory|                                                      Conv2_C3_V|         array|
|Conv2_C3_V_ce3         |  out|    1|   ap_memory|                                                      Conv2_C3_V|         array|
|Conv2_C3_V_q3          |   in|   16|   ap_memory|                                                      Conv2_C3_V|         array|
|MaxPool_S4_V_address0  |  out|    7|   ap_memory|                                                    MaxPool_S4_V|         array|
|MaxPool_S4_V_ce0       |  out|    1|   ap_memory|                                                    MaxPool_S4_V|         array|
|MaxPool_S4_V_we0       |  out|    1|   ap_memory|                                                    MaxPool_S4_V|         array|
|MaxPool_S4_V_d0        |  out|   16|   ap_memory|                                                    MaxPool_S4_V|         array|
+-----------------------+-----+-----+------------+----------------------------------------------------------------+--------------+

