

================================================================
== Vitis HLS Report for 'C_CNN_Pipeline_VITIS_LOOP_50_1_VITIS_LOOP_51_2_VITIS_LOOP_52_3'
================================================================
* Date:           Wed Apr 15 01:46:50 2026

* Version:        2022.2 (Build 3670227 on Oct 13 2022)
* Project:        ProjectOne
* Solution:       solution1 (Vivado IP Flow Target)
* Product family: zynquplus
* Target device:  xck26-sfvc784-2LV-c


================================================================
== Performance Estimates
================================================================
+ Timing: 
    * Summary: 
    +--------+----------+----------+------------+
    |  Clock |  Target  | Estimated| Uncertainty|
    +--------+----------+----------+------------+
    |ap_clk  |  10.00 ns|  3.916 ns|     2.70 ns|
    +--------+----------+----------+------------+

+ Latency: 
    * Summary: 
    +---------+---------+----------+----------+-----+-----+---------+
    |  Latency (cycles) |  Latency (absolute) |  Interval | Pipeline|
    |   min   |   max   |    min   |    max   | min | max |   Type  |
    +---------+---------+----------+----------+-----+-----+---------+
    |      130|      130|  1.300 us|  1.300 us|  130|  130|       no|
    +---------+---------+----------+----------+-----+-----+---------+

    + Detail: 
        * Instance: 
        N/A

        * Loop: 
        +---------------------------------------------------+---------+---------+----------+-----------+-----------+------+----------+
        |                                                   |  Latency (cycles) | Iteration|  Initiation Interval  | Trip |          |
        |                     Loop Name                     |   min   |   max   |  Latency |  achieved |   target  | Count| Pipelined|
        +---------------------------------------------------+---------+---------+----------+-----------+-----------+------+----------+
        |- VITIS_LOOP_50_1_VITIS_LOOP_51_2_VITIS_LOOP_52_3  |      128|      128|         2|          1|          1|   128|       yes|
        +---------------------------------------------------+---------+---------+----------+-----------+-----------+------+----------+



================================================================
== Utilization Estimates
================================================================
* Summary: 
+-----------------+---------+------+--------+--------+-----+
|       Name      | BRAM_18K|  DSP |   FF   |   LUT  | URAM|
+-----------------+---------+------+--------+--------+-----+
|DSP              |        -|     -|       -|       -|    -|
|Expression       |        -|     -|       0|     218|    -|
|FIFO             |        -|     -|       -|       -|    -|
|Instance         |        -|     -|       -|       -|    -|
|Memory           |        -|     -|       -|       -|    -|
|Multiplexer      |        -|     -|       -|     135|    -|
|Register         |        -|     -|      54|       -|    -|
+-----------------+---------+------+--------+--------+-----+
|Total            |        0|     0|      54|     353|    0|
+-----------------+---------+------+--------+--------+-----+
|Available        |      288|  1248|  234240|  117120|   64|
+-----------------+---------+------+--------+--------+-----+
|Utilization (%)  |        0|     0|      ~0|      ~0|    0|
+-----------------+---------+------+--------+--------+-----+

+ Detail: 
    * Instance: 
    N/A

    * DSP: 
    N/A

    * Memory: 
    N/A

    * FIFO: 
    N/A

    * Expression: 
    +-------------------------+----------+----+---+----+------------+------------+
    |      Variable Name      | Operation| DSP| FF| LUT| Bitwidth P0| Bitwidth P1|
    +-------------------------+----------+----+---+----+------------+------------+
    |add_ln50_1_fu_347_p2     |         +|   0|  0|  15|           8|           6|
    |add_ln50_2_fu_200_p2     |         +|   0|  0|  10|           3|           1|
    |add_ln50_fu_168_p2       |         +|   0|  0|  15|           8|           1|
    |add_ln51_1_fu_374_p2     |         +|   0|  0|  15|           8|           4|
    |add_ln51_2_fu_299_p2     |         +|   0|  0|  14|           7|           1|
    |add_ln51_fu_236_p2       |         +|   0|  0|  10|           3|           1|
    |add_ln52_fu_293_p2       |         +|   0|  0|  12|           4|           1|
    |add_ln53_fu_282_p2       |         +|   0|  0|  14|           7|           7|
    |add_ln54_fu_399_p2       |         +|   0|  0|  15|           8|           1|
    |and_ln50_fu_230_p2       |       and|   0|  0|   2|           1|           1|
    |icmp_ln50_fu_162_p2      |      icmp|   0|  0|  11|           8|           9|
    |icmp_ln51_fu_186_p2      |      icmp|   0|  0|  10|           7|           6|
    |icmp_ln52_fu_224_p2      |      icmp|   0|  0|   9|           4|           5|
    |or_ln51_fu_242_p2        |        or|   0|  0|   2|           1|           1|
    |select_ln50_1_fu_192_p3  |    select|   0|  0|   3|           1|           1|
    |select_ln50_2_fu_360_p3  |    select|   0|  0|   8|           1|           8|
    |select_ln50_3_fu_206_p3  |    select|   0|  0|   3|           1|           3|
    |select_ln50_4_fu_367_p3  |    select|   0|  0|   8|           1|           8|
    |select_ln50_fu_353_p3    |    select|   0|  0|   8|           1|           8|
    |select_ln51_1_fu_248_p3  |    select|   0|  0|   4|           1|           1|
    |select_ln51_2_fu_256_p3  |    select|   0|  0|   3|           1|           3|
    |select_ln51_3_fu_387_p3  |    select|   0|  0|   8|           1|           8|
    |select_ln51_4_fu_305_p3  |    select|   0|  0|   7|           1|           1|
    |select_ln51_fu_380_p3    |    select|   0|  0|   8|           1|           8|
    |ap_enable_pp0            |       xor|   0|  0|   2|           1|           2|
    |xor_ln50_fu_218_p2       |       xor|   0|  0|   2|           1|           2|
    +-------------------------+----------+----+---+----+------------+------------+
    |Total                    |          |   0|  0| 218|          89|          98|
    +-------------------------+----------+----+---+----+------------+------------+

    * Multiplexer: 
    +-----------------------------------------+----+-----------+-----+-----------+
    |                   Name                  | LUT| Input Size| Bits| Total Bits|
    +-----------------------------------------+----+-----------+-----+-----------+
    |ap_done_int                              |   9|          2|    1|          2|
    |ap_enable_reg_pp0_iter1                  |   9|          2|    1|          2|
    |ap_sig_allocacmp_i_load                  |   9|          2|    3|          6|
    |ap_sig_allocacmp_indvar_flatten325_load  |   9|          2|    7|         14|
    |ap_sig_allocacmp_indvar_flatten344_load  |   9|          2|    8|         16|
    |ap_sig_allocacmp_j_load                  |   9|          2|    3|          6|
    |ap_sig_allocacmp_k_load                  |   9|          2|    4|          8|
    |hs_1_fu_64                               |   9|          2|    8|         16|
    |hs_fu_72                                 |   9|          2|    8|         16|
    |i_fu_80                                  |   9|          2|    3|          6|
    |indvar_flatten325_fu_76                  |   9|          2|    7|         14|
    |indvar_flatten344_fu_88                  |   9|          2|    8|         16|
    |indvars_iv378_fu_84                      |   9|          2|    8|         16|
    |j_fu_68                                  |   9|          2|    3|          6|
    |k_fu_60                                  |   9|          2|    4|          8|
    +-----------------------------------------+----+-----------+-----+-----------+
    |Total                                    | 135|         30|   76|        152|
    +-----------------------------------------+----+-----------+-----+-----------+

    * Register: 
    +-------------------------+---+----+-----+-----------+
    |           Name          | FF| LUT| Bits| Const Bits|
    +-------------------------+---+----+-----+-----------+
    |and_ln50_reg_486         |  1|   0|    1|          0|
    |ap_CS_fsm                |  1|   0|    1|          0|
    |ap_done_reg              |  1|   0|    1|          0|
    |ap_enable_reg_pp0_iter1  |  1|   0|    1|          0|
    |hs_1_fu_64               |  8|   0|    8|          0|
    |hs_fu_72                 |  8|   0|    8|          0|
    |i_fu_80                  |  3|   0|    3|          0|
    |icmp_ln51_reg_479        |  1|   0|    1|          0|
    |indvar_flatten325_fu_76  |  7|   0|    7|          0|
    |indvar_flatten344_fu_88  |  8|   0|    8|          0|
    |indvars_iv378_fu_84      |  8|   0|    8|          0|
    |j_fu_68                  |  3|   0|    3|          0|
    |k_fu_60                  |  4|   0|    4|          0|
    +-------------------------+---+----+-----+-----------+
    |Total                    | 54|   0|   54|          0|
    +-------------------------+---+----+-----+-----------+



================================================================
== Interface
================================================================
* Summary: 
+-----------------------+-----+-----+------------+----------------------------------------------------------------+--------------+
|       RTL Ports       | Dir | Bits|  Protocol  |                          Source Object                         |    C Type    |
+-----------------------+-----+-----+------------+----------------------------------------------------------------+--------------+
|ap_clk                 |   in|    1|  ap_ctrl_hs|  C_CNN_Pipeline_VITIS_LOOP_50_1_VITIS_LOOP_51_2_VITIS_LOOP_52_3|  return value|
|ap_rst                 |   in|    1|  ap_ctrl_hs|  C_CNN_Pipeline_VITIS_LOOP_50_1_VITIS_LOOP_51_2_VITIS_LOOP_52_3|  return value|
|ap_start               |   in|    1|  ap_ctrl_hs|  C_CNN_Pipeline_VITIS_LOOP_50_1_VITIS_LOOP_51_2_VITIS_LOOP_52_3|  return value|
|ap_done                |  out|    1|  ap_ctrl_hs|  C_CNN_Pipeline_VITIS_LOOP_50_1_VITIS_LOOP_51_2_VITIS_LOOP_52_3|  return value|
|ap_idle                |  out|    1|  ap_ctrl_hs|  C_CNN_Pipeline_VITIS_LOOP_50_1_VITIS_LOOP_51_2_VITIS_LOOP_52_3|  return value|
|ap_ready               |  out|    1|  ap_ctrl_hs|  C_CNN_Pipeline_VITIS_LOOP_50_1_VITIS_LOOP_51_2_VITIS_LOOP_52_3|  return value|
|MaxPool_S4_V_address0  |  out|    7|   ap_memory|                                                    MaxPool_S4_V|         array|
|MaxPool_S4_V_ce0       |  out|    1|   ap_memory|                                                    MaxPool_S4_V|         array|
|MaxPool_S4_V_q0        |   in|   16|   ap_memory|                                                    MaxPool_S4_V|         array|
|Flatten_V_address0     |  out|    7|   ap_memory|                                                       Flatten_V|         array|
|Flatten_V_ce0          |  out|    1|   ap_memory|                                                       Flatten_V|         array|
|Flatten_V_we0          |  out|    1|   ap_memory|                                                       Flatten_V|         array|
|Flatten_V_d0           |  out|   16|   ap_memory|                                                       Flatten_V|         array|
+-----------------------+-----+-----+------------+----------------------------------------------------------------+--------------+

