

================================================================
== Vitis HLS Report for 'C_CNN_Pipeline_loop_for_a_Dense_0_loop_for_b_Dense_0'
================================================================
* Date:           Wed Apr 15 01:46:51 2026

* Version:        2022.2 (Build 3670227 on Oct 13 2022)
* Project:        ProjectOne
* Solution:       solution1 (Vivado IP Flow Target)
* Product family: zynquplus
* Target device:  xck26-sfvc784-2LV-c


================================================================
== Performance Estimates
================================================================
+ Timing: 
    * Summary: 
    +--------+----------+----------+------------+
    |  Clock |  Target  | Estimated| Uncertainty|
    +--------+----------+----------+------------+
    |ap_clk  |  10.00 ns|  7.300 ns|     2.70 ns|
    +--------+----------+----------+------------+

+ Latency: 
    * Summary: 
    +---------+---------+-----------+-----------+------+------+---------+
    |  Latency (cycles) |   Latency (absolute)  |   Interval  | Pipeline|
    |   min   |   max   |    min    |    max    |  min |  max |   Type  |
    +---------+---------+-----------+-----------+------+------+---------+
    |     8204|     8204|  82.040 us|  82.040 us|  8204|  8204|       no|
    +---------+---------+-----------+-----------+------+------+---------+

    + Detail: 
        * Instance: 
        N/A

        * Loop: 
        +-----------------------------------------+---------+---------+----------+-----------+-----------+------+----------+
        |                                         |  Latency (cycles) | Iteration|  Initiation Interval  | Trip |          |
        |                Loop Name                |   min   |   max   |  Latency |  achieved |   target  | Count| Pipelined|
        +-----------------------------------------+---------+---------+----------+-----------+-----------+------+----------+
        |- loop_for_a_Dense_0_loop_for_b_Dense_0  |     8202|     8202|        13|          2|          1|  4096|       yes|
        +-----------------------------------------+---------+---------+----------+-----------+-----------+------+----------+



================================================================
== Utilization Estimates
================================================================
* Summary: 
+-----------------+---------+------+--------+--------+-----+
|       Name      | BRAM_18K|  DSP |   FF   |   LUT  | URAM|
+-----------------+---------+------+--------+--------+-----+
|DSP              |        -|     1|       -|       -|    -|
|Expression       |        -|     -|       0|     310|    -|
|FIFO             |        -|     -|       -|       -|    -|
|Instance         |        -|     -|       -|       -|    -|
|Memory           |        -|     -|       -|       -|    -|
|Multiplexer      |        -|     -|       -|     190|    -|
|Register         |        -|     -|     649|     160|    -|
+-----------------+---------+------+--------+--------+-----+
|Total            |        0|     1|     649|     660|    0|
+-----------------+---------+------+--------+--------+-----+
|Available        |      288|  1248|  234240|  117120|   64|
+-----------------+---------+------+--------+--------+-----+
|Utilization (%)  |        0|    ~0|      ~0|      ~0|    0|
+-----------------+---------+------+--------+--------+-----+

+ Detail: 
    * Instance: 
    N/A

    * DSP: 
    +-------------------------------------+--------------------------------+--------------+
    |               Instance              |             Module             |  Expression  |
    +-------------------------------------+--------------------------------+--------------+
    |mac_muladd_16s_16s_24ns_24_4_1_U209  |mac_muladd_16s_16s_24ns_24_4_1  |  i0 + i1 * i2|
    +-------------------------------------+--------------------------------+--------------+

    * Memory: 
    N/A

    * FIFO: 
    N/A

    * Expression: 
    +-----------------------------------+----------+----+---+----+------------+------------+
    |           Variable Name           | Operation| DSP| FF| LUT| Bitwidth P0| Bitwidth P1|
    +-----------------------------------+----------+----+---+----+------------+------------+
    |add_ln1273_1_fu_276_p2             |         +|   0|  0|  71|          64|          64|
    |add_ln1273_75_fu_266_p2            |         +|   0|  0|  21|          14|          11|
    |add_ln5_3_fu_225_p2                |         +|   0|  0|  13|           6|           1|
    |add_ln5_fu_199_p2                  |         +|   0|  0|  20|          13|           1|
    |add_ln813_fu_327_p2                |         +|   0|  0|  71|          64|          64|
    |add_ln8_fu_302_p2                  |         +|   0|  0|  15|           8|           1|
    |out_Dense_V_1_d0                   |         +|   0|  0|  23|          16|          16|
    |ap_block_state10_pp0_stage1_iter4  |       and|   0|  0|   2|           1|           1|
    |ap_block_state2_io                 |       and|   0|  0|   2|           1|           1|
    |ap_block_state3_io                 |       and|   0|  0|   2|           1|           1|
    |icmp_ln5_fu_193_p2                 |      icmp|   0|  0|  12|          13|          14|
    |icmp_ln8_fu_211_p2                 |      icmp|   0|  0|  11|           8|           9|
    |ifzero_fu_308_p2                   |      icmp|   0|  0|  11|           8|           9|
    |ap_block_pp0_stage0_11001          |        or|   0|  0|   2|           1|           1|
    |ap_block_pp0_stage1_11001          |        or|   0|  0|   2|           1|           1|
    |select_ln5_10_fu_351_p3            |    select|   0|  0|  16|           1|           1|
    |select_ln5_9_fu_231_p3             |    select|   0|  0|   6|           1|           6|
    |select_ln5_fu_217_p3               |    select|   0|  0|   8|           1|           1|
    |ap_enable_pp0                      |       xor|   0|  0|   2|           1|           2|
    +-----------------------------------+----------+----+---+----+------------+------------+
    |Total                              |          |   0|  0| 310|         223|         205|
    +-----------------------------------+----------+----+---+----+------------+------------+

    * Multiplexer: 
    +-----------------------------------------+----+-----------+-----+-----------+
    |                   Name                  | LUT| Input Size| Bits| Total Bits|
    +-----------------------------------------+----+-----------+-----+-----------+
    |ap_NS_fsm                                |  14|          3|    1|          3|
    |ap_done_int                              |   9|          2|    1|          2|
    |ap_enable_reg_pp0_iter0                  |   9|          2|    1|          2|
    |ap_enable_reg_pp0_iter1                  |   9|          2|    1|          2|
    |ap_enable_reg_pp0_iter6                  |   9|          2|    1|          2|
    |ap_loop_exit_ready_pp0_iter1_reg         |   9|          2|    1|          2|
    |ap_loop_exit_ready_pp0_iter2_reg         |   9|          2|    1|          2|
    |ap_loop_exit_ready_pp0_iter3_reg         |   9|          2|    1|          2|
    |ap_loop_exit_ready_pp0_iter4_reg         |   9|          2|    1|          2|
    |ap_loop_exit_ready_pp0_iter5_reg         |   9|          2|    1|          2|
    |ap_sig_allocacmp_i_load                  |   9|          2|    6|         12|
    |ap_sig_allocacmp_indvar_flatten351_load  |   9|          2|   13|         26|
    |ap_sig_allocacmp_j_load                  |   9|          2|    8|         16|
    |gmem1_blk_n_AR                           |   9|          2|    1|          2|
    |gmem1_blk_n_R                            |   9|          2|    1|          2|
    |i_fu_96                                  |   9|          2|    6|         12|
    |indvar_flatten351_fu_100                 |   9|          2|   13|         26|
    |j_fu_92                                  |   9|          2|    8|         16|
    |lhs_fu_88                                |   9|          2|   16|         32|
    |m_axi_gmem1_ARADDR                       |  14|          3|   64|        192|
    +-----------------------------------------+----+-----------+-----+-----------+
    |Total                                    | 190|         42|  146|        357|
    +-----------------------------------------+----+-----------+-----+-----------+

    * Register: 
    +------------------------------------------+----+----+-----+-----------+
    |                   Name                   | FF | LUT| Bits| Const Bits|
    +------------------------------------------+----+----+-----+-----------+
    |ap_CS_fsm                                 |   2|   0|    2|          0|
    |ap_done_reg                               |   1|   0|    1|          0|
    |ap_enable_reg_pp0_iter0_reg               |   1|   0|    1|          0|
    |ap_enable_reg_pp0_iter1                   |   1|   0|    1|          0|
    |ap_enable_reg_pp0_iter2                   |   1|   0|    1|          0|
    |ap_enable_reg_pp0_iter3                   |   1|   0|    1|          0|
    |ap_enable_reg_pp0_iter4                   |   1|   0|    1|          0|
    |ap_enable_reg_pp0_iter5                   |   1|   0|    1|          0|
    |ap_enable_reg_pp0_iter6                   |   1|   0|    1|          0|
    |ap_loop_exit_ready_pp0_iter1_reg          |   1|   0|    1|          0|
    |ap_loop_exit_ready_pp0_iter2_reg          |   1|   0|    1|          0|
    |ap_loop_exit_ready_pp0_iter3_reg          |   1|   0|    1|          0|
    |ap_loop_exit_ready_pp0_iter4_reg          |   1|   0|    1|          0|
    |ap_loop_exit_ready_pp0_iter5_reg          |   1|   0|    1|          0|
    |gmem1_addr_11_read_reg_489                |  16|   0|   16|          0|
    |gmem1_addr_11_read_reg_489_pp0_iter5_reg  |  16|   0|   16|          0|
    |gmem1_addr_11_reg_468                     |  64|   0|   64|          0|
    |gmem1_addr_12_read_reg_474                |  16|   0|   16|          0|
    |gmem1_addr_12_reg_448                     |  64|   0|   64|          0|
    |i_fu_96                                   |   6|   0|    6|          0|
    |icmp_ln5_reg_428                          |   1|   0|    1|          0|
    |icmp_ln8_reg_432                          |   1|   0|    1|          0|
    |ifzero_reg_454                            |   1|   0|    1|          0|
    |indvar_flatten351_fu_100                  |  13|   0|   13|          0|
    |j_fu_92                                   |   8|   0|    8|          0|
    |lhs_fu_88                                 |  16|   0|   16|          0|
    |r_V_reg_463                               |  16|   0|   16|          0|
    |select_ln5_9_reg_437                      |   6|   0|    6|          0|
    |sext_ln5_cast_reg_423                     |  64|   0|   64|          0|
    |zext_ln5_reg_458                          |   6|   0|   64|         58|
    |icmp_ln5_reg_428                          |  64|  32|    1|          0|
    |icmp_ln8_reg_432                          |  64|  32|    1|          0|
    |ifzero_reg_454                            |  64|  32|    1|          0|
    |r_V_reg_463                               |  64|  32|   16|          0|
    |zext_ln5_reg_458                          |  64|  32|   64|         58|
    +------------------------------------------+----+----+-----+-----------+
    |Total                                     | 649| 160|  470|        116|
    +------------------------------------------+----+----+-----+-----------+



================================================================
== Interface
================================================================
* Summary: 
+------------------------+-----+-----+------------+------------------------------------------------------+--------------+
|        RTL Ports       | Dir | Bits|  Protocol  |                     Source Object                    |    C Type    |
+------------------------+-----+-----+------------+------------------------------------------------------+--------------+
|ap_clk                  |   in|    1|  ap_ctrl_hs|  C_CNN_Pipeline_loop_for_a_Dense_0_loop_for_b_Dense_0|  return value|
|ap_rst                  |   in|    1|  ap_ctrl_hs|  C_CNN_Pipeline_loop_for_a_Dense_0_loop_for_b_Dense_0|  return value|
|ap_start                |   in|    1|  ap_ctrl_hs|  C_CNN_Pipeline_loop_for_a_Dense_0_loop_for_b_Dense_0|  return value|
|ap_done                 |  out|    1|  ap_ctrl_hs|  C_CNN_Pipeline_loop_for_a_Dense_0_loop_for_b_Dense_0|  return value|
|ap_idle                 |  out|    1|  ap_ctrl_hs|  C_CNN_Pipeline_loop_for_a_Dense_0_loop_for_b_Dense_0|  return value|
|ap_ready                |  out|    1|  ap_ctrl_hs|  C_CNN_Pipeline_loop_for_a_Dense_0_loop_for_b_Dense_0|  return value|
|m_axi_gmem1_AWVALID     |  out|    1|       m_axi|                                                 gmem1|       pointer|
|m_axi_gmem1_AWREADY     |   in|    1|       m_axi|                                                 gmem1|       pointer|
|m_axi_gmem1_AWADDR      |  out|   64|       m_axi|                                                 gmem1|       pointer|
|m_axi_gmem1_AWID        |  out|    1|       m_axi|                                                 gmem1|       pointer|
|m_axi_gmem1_AWLEN       |  out|   32|       m_axi|                                                 gmem1|       pointer|
|m_axi_gmem1_AWSIZE      |  out|    3|       m_axi|                                                 gmem1|       pointer|
|m_axi_gmem1_AWBURST     |  out|    2|       m_axi|                                                 gmem1|       pointer|
|m_axi_gmem1_AWLOCK      |  out|    2|       m_axi|                                                 gmem1|       pointer|
|m_axi_gmem1_AWCACHE     |  out|    4|       m_axi|                                                 gmem1|       pointer|
|m_axi_gmem1_AWPROT      |  out|    3|       m_axi|                                                 gmem1|       pointer|
|m_axi_gmem1_AWQOS       |  out|    4|       m_axi|                                                 gmem1|       pointer|
|m_axi_gmem1_AWREGION    |  out|    4|       m_axi|                                                 gmem1|       pointer|
|m_axi_gmem1_AWUSER      |  out|    1|       m_axi|                                                 gmem1|       pointer|
|m_axi_gmem1_WVALID      |  out|    1|       m_axi|                                                 gmem1|       pointer|
|m_axi_gmem1_WREADY      |   in|    1|       m_axi|                                                 gmem1|       pointer|
|m_axi_gmem1_WDATA       |  out|   16|       m_axi|                                                 gmem1|       pointer|
|m_axi_gmem1_WSTRB       |  out|    2|       m_axi|                                                 gmem1|       pointer|
|m_axi_gmem1_WLAST       |  out|    1|       m_axi|                                                 gmem1|       pointer|
|m_axi_gmem1_WID         |  out|    1|       m_axi|                                                 gmem1|       pointer|
|m_axi_gmem1_WUSER       |  out|    1|       m_axi|                                                 gmem1|       pointer|
|m_axi_gmem1_ARVALID     |  out|    1|       m_axi|                                                 gmem1|       pointer|
|m_axi_gmem1_ARREADY     |   in|    1|       m_axi|                                                 gmem1|       pointer|
|m_axi_gmem1_ARADDR      |  out|   64|       m_axi|                                                 gmem1|       pointer|
|m_axi_gmem1_ARID        |  out|    1|       m_axi|                                                 gmem1|       pointer|
|m_axi_gmem1_ARLEN       |  out|   32|       m_axi|                                                 gmem1|       pointer|
|m_axi_gmem1_ARSIZE      |  out|    3|       m_axi|                                                 gmem1|       pointer|
|m_axi_gmem1_ARBURST     |  out|    2|       m_axi|                                                 gmem1|       pointer|
|m_axi_gmem1_ARLOCK      |  out|    2|       m_axi|                                                 gmem1|       pointer|
|m_axi_gmem1_ARCACHE     |  out|    4|       m_axi|                                                 gmem1|       pointer|
|m_axi_gmem1_ARPROT      |  out|    3|       m_axi|                                                 gmem1|       pointer|
|m_axi_gmem1_ARQOS       |  out|    4|       m_axi|                                                 gmem1|       pointer|
|m_axi_gmem1_ARREGION    |  out|    4|       m_axi|                                                 gmem1|       pointer|
|m_axi_gmem1_ARUSER      |  out|    1|       m_axi|                                                 gmem1|       pointer|
|m_axi_gmem1_RVALID      |   in|    1|       m_axi|                                                 gmem1|       pointer|
|m_axi_gmem1_RREADY      |  out|    1|       m_axi|                                                 gmem1|       pointer|
|m_axi_gmem1_RDATA       |   in|   16|       m_axi|                                                 gmem1|       pointer|
|m_axi_gmem1_RLAST       |   in|    1|       m_axi|                                                 gmem1|       pointer|
|m_axi_gmem1_RID         |   in|    1|       m_axi|                                                 gmem1|       pointer|
|m_axi_gmem1_RFIFONUM    |   in|   10|       m_axi|                                                 gmem1|       pointer|
|m_axi_gmem1_RUSER       |   in|    1|       m_axi|                                                 gmem1|       pointer|
|m_axi_gmem1_RRESP       |   in|    2|       m_axi|                                                 gmem1|       pointer|
|m_axi_gmem1_BVALID      |   in|    1|       m_axi|                                                 gmem1|       pointer|
|m_axi_gmem1_BREADY      |  out|    1|       m_axi|                                                 gmem1|       pointer|
|m_axi_gmem1_BRESP       |   in|    2|       m_axi|                                                 gmem1|       pointer|
|m_axi_gmem1_BID         |   in|    1|       m_axi|                                                 gmem1|       pointer|
|m_axi_gmem1_BUSER       |   in|    1|       m_axi|                                                 gmem1|       pointer|
|Flatten_V_address0      |  out|    7|   ap_memory|                                             Flatten_V|         array|
|Flatten_V_ce0           |  out|    1|   ap_memory|                                             Flatten_V|         array|
|Flatten_V_q0            |   in|   16|   ap_memory|                                             Flatten_V|         array|
|Weights                 |   in|   64|     ap_none|                                               Weights|        scalar|
|sext_ln5                |   in|   63|     ap_none|                                              sext_ln5|        scalar|
|out_Dense_V_1_address0  |  out|    5|   ap_memory|                                         out_Dense_V_1|         array|
|out_Dense_V_1_ce0       |  out|    1|   ap_memory|                                         out_Dense_V_1|         array|
|out_Dense_V_1_we0       |  out|    1|   ap_memory|                                         out_Dense_V_1|         array|
|out_Dense_V_1_d0        |  out|   16|   ap_memory|                                         out_Dense_V_1|         array|
+------------------------+-----+-----+------------+------------------------------------------------------+--------------+

