

================================================================
== Vitis HLS Report for 'C_CNN_Pipeline_VITIS_LOOP_13_1'
================================================================
* Date:           Wed Apr 15 01:46:51 2026

* Version:        2022.2 (Build 3670227 on Oct 13 2022)
* Project:        ProjectOne
* Solution:       solution1 (Vivado IP Flow Target)
* Product family: zynquplus
* Target device:  xck26-sfvc784-2LV-c


================================================================
== Performance Estimates
================================================================
+ Timing: 
    * Summary: 
    +--------+----------+----------+------------+
    |  Clock |  Target  | Estimated| Uncertainty|
    +--------+----------+----------+------------+
    |ap_clk  |  10.00 ns|  1.649 ns|     2.70 ns|
    +--------+----------+----------+------------+

+ Latency: 
    * Summary: 
    +---------+---------+----------+----------+-----+-----+---------+
    |  Latency (cycles) |  Latency (absolute) |  Interval | Pipeline|
    |   min   |   max   |    min   |    max   | min | max |   Type  |
    +---------+---------+----------+----------+-----+-----+---------+
    |       34|       34|  0.340 us|  0.340 us|   34|   34|       no|
    +---------+---------+----------+----------+-----+-----+---------+

    + Detail: 
        * Instance: 
        N/A

        * Loop: 
        +-------------------+---------+---------+----------+-----------+-----------+------+----------+
        |                   |  Latency (cycles) | Iteration|  Initiation Interval  | Trip |          |
        |     Loop Name     |   min   |   max   |  Latency |  achieved |   target  | Count| Pipelined|
        +-------------------+---------+---------+----------+-----------+-----------+------+----------+
        |- VITIS_LOOP_13_1  |       32|       32|         2|          1|          1|    32|       yes|
        +-------------------+---------+---------+----------+-----------+-----------+------+----------+



================================================================
== Utilization Estimates
================================================================
* Summary: 
+-----------------+---------+------+--------+--------+-----+
|       Name      | BRAM_18K|  DSP |   FF   |   LUT  | URAM|
+-----------------+---------+------+--------+--------+-----+
|DSP              |        -|     -|       -|       -|    -|
|Expression       |        -|     -|       0|      40|    -|
|FIFO             |        -|     -|       -|       -|    -|
|Instance         |        -|     -|       -|       -|    -|
|Memory           |        -|     -|       -|       -|    -|
|Multiplexer      |        -|     -|       -|      36|    -|
|Register         |        -|     -|      15|       -|    -|
+-----------------+---------+------+--------+--------+-----+
|Total            |        0|     0|      15|      76|    0|
+-----------------+---------+------+--------+--------+-----+
|Available        |      288|  1248|  234240|  117120|   64|
+-----------------+---------+------+--------+--------+-----+
|Utilization (%)  |        0|     0|      ~0|      ~0|    0|
+-----------------+---------+------+--------+--------+-----+

+ Detail: 
    * Instance: 
    N/A

    * DSP: 
    N/A

    * Memory: 
    N/A

    * FIFO: 
    N/A

    * Expression: 
    +---------------------+----------+----+---+----+------------+------------+
    |    Variable Name    | Operation| DSP| FF| LUT| Bitwidth P0| Bitwidth P1|
    +---------------------+----------+----+---+----+------------+------------+
    |add_ln13_3_fu_80_p2  |         +|   0|  0|  13|           6|           1|
    |icmp_ln13_fu_74_p2   |      icmp|   0|  0|  10|           6|           7|
    |Dense_C5_V_d0        |    select|   0|  0|  15|           1|           1|
    |ap_enable_pp0        |       xor|   0|  0|   2|           1|           2|
    +---------------------+----------+----+---+----+------------+------------+
    |Total                |          |   0|  0|  40|          14|          11|
    +---------------------+----------+----+---+----+------------+------------+

    * Multiplexer: 
    +-------------------------+----+-----------+-----+-----------+
    |           Name          | LUT| Input Size| Bits| Total Bits|
    +-------------------------+----+-----------+-----+-----------+
    |ap_done_int              |   9|          2|    1|          2|
    |ap_enable_reg_pp0_iter1  |   9|          2|    1|          2|
    |ap_sig_allocacmp_i_12    |   9|          2|    6|         12|
    |i_fu_36                  |   9|          2|    6|         12|
    +-------------------------+----+-----------+-----+-----------+
    |Total                    |  36|          8|   14|         28|
    +-------------------------+----+-----------+-----+-----------+

    * Register: 
    +-------------------------+---+----+-----+-----------+
    |           Name          | FF| LUT| Bits| Const Bits|
    +-------------------------+---+----+-----+-----------+
    |ap_CS_fsm                |  1|   0|    1|          0|
    |ap_done_reg              |  1|   0|    1|          0|
    |ap_enable_reg_pp0_iter1  |  1|   0|    1|          0|
    |i_15_cast_reg_127        |  6|   0|   64|         58|
    |i_fu_36                  |  6|   0|    6|          0|
    +-------------------------+---+----+-----+-----------+
    |Total                    | 15|   0|   73|         58|
    +-------------------------+---+----+-----+-----------+



================================================================
== Interface
================================================================
* Summary: 
+------------------------+-----+-----+------------+--------------------------------+--------------+
|        RTL Ports       | Dir | Bits|  Protocol  |          Source Object         |    C Type    |
+------------------------+-----+-----+------------+--------------------------------+--------------+
|ap_clk                  |   in|    1|  ap_ctrl_hs|  C_CNN_Pipeline_VITIS_LOOP_13_1|  return value|
|ap_rst                  |   in|    1|  ap_ctrl_hs|  C_CNN_Pipeline_VITIS_LOOP_13_1|  return value|
|ap_start                |   in|    1|  ap_ctrl_hs|  C_CNN_Pipeline_VITIS_LOOP_13_1|  return value|
|ap_done                 |  out|    1|  ap_ctrl_hs|  C_CNN_Pipeline_VITIS_LOOP_13_1|  return value|
|ap_idle                 |  out|    1|  ap_ctrl_hs|  C_CNN_Pipeline_VITIS_LOOP_13_1|  return value|
|ap_ready                |  out|    1|  ap_ctrl_hs|  C_CNN_Pipeline_VITIS_LOOP_13_1|  return value|
|out_Dense_V_1_address0  |  out|    5|   ap_memory|                   out_Dense_V_1|         array|
|out_Dense_V_1_ce0       |  out|    1|   ap_memory|                   out_Dense_V_1|         array|
|out_Dense_V_1_q0        |   in|   16|   ap_memory|                   out_Dense_V_1|         array|
|Dense_C5_V_address0     |  out|    5|   ap_memory|                      Dense_C5_V|         array|
|Dense_C5_V_ce0          |  out|    1|   ap_memory|                      Dense_C5_V|         array|
|Dense_C5_V_we0          |  out|    1|   ap_memory|                      Dense_C5_V|         array|
|Dense_C5_V_d0           |  out|   15|   ap_memory|                      Dense_C5_V|         array|
+------------------------+-----+-----+------------+--------------------------------+--------------+

