

================================================================
== Vitis HLS Report for 'C_CNN_Pipeline_loop_for_fc_1_loop_for_fb_1_loop_for_fa_1'
================================================================
* Date:           Wed Apr 15 01:46:49 2026

* Version:        2022.2 (Build 3670227 on Oct 13 2022)
* Project:        ProjectOne
* Solution:       solution1 (Vivado IP Flow Target)
* Product family: zynquplus
* Target device:  xck26-sfvc784-2LV-c


================================================================
== Performance Estimates
================================================================
+ Timing: 
    * Summary: 
    +--------+----------+----------+------------+
    |  Clock |  Target  | Estimated| Uncertainty|
    +--------+----------+----------+------------+
    |ap_clk  |  10.00 ns|  7.300 ns|     2.70 ns|
    +--------+----------+----------+------------+

+ Latency: 
    * Summary: 
    +---------+---------+----------+----------+-----+-----+---------+
    |  Latency (cycles) |  Latency (absolute) |  Interval | Pipeline|
    |   min   |   max   |    min   |    max   | min | max |   Type  |
    +---------+---------+----------+----------+-----+-----+---------+
    |      106|      106|  1.060 us|  1.060 us|  106|  106|       no|
    +---------+---------+----------+----------+-----+-----+---------+

    + Detail: 
        * Instance: 
        N/A

        * Loop: 
        +---------------------------------------------+---------+---------+----------+-----------+-----------+------+----------+
        |                                             |  Latency (cycles) | Iteration|  Initiation Interval  | Trip |          |
        |                  Loop Name                  |   min   |   max   |  Latency |  achieved |   target  | Count| Pipelined|
        +---------------------------------------------+---------+---------+----------+-----------+-----------+------+----------+
        |- loop_for_fc_1_loop_for_fb_1_loop_for_fa_1  |      104|      104|         6|          1|          1|   100|       yes|
        +---------------------------------------------+---------+---------+----------+-----------+-----------+------+----------+



================================================================
== Utilization Estimates
================================================================
* Summary: 
+-----------------+---------+------+--------+--------+-----+
|       Name      | BRAM_18K|  DSP |   FF   |   LUT  | URAM|
+-----------------+---------+------+--------+--------+-----+
|DSP              |        -|     1|       -|       -|    -|
|Expression       |        -|     -|       0|     242|    -|
|FIFO             |        -|     -|       -|       -|    -|
|Instance         |        -|     -|       -|       -|    -|
|Memory           |        -|     -|       -|       -|    -|
|Multiplexer      |        -|     -|       -|      99|    -|
|Register         |        -|     -|     134|      32|    -|
+-----------------+---------+------+--------+--------+-----+
|Total            |        0|     1|     134|     373|    0|
+-----------------+---------+------+--------+--------+-----+
|Available        |      288|  1248|  234240|  117120|   64|
+-----------------+---------+------+--------+--------+-----+
|Utilization (%)  |        0|    ~0|      ~0|      ~0|    0|
+-----------------+---------+------+--------+--------+-----+

+ Detail: 
    * Instance: 
    N/A

    * DSP: 
    +-------------------------------------+--------------------------------+--------------+
    |               Instance              |             Module             |  Expression  |
    +-------------------------------------+--------------------------------+--------------+
    |mac_muladd_16s_16s_24ns_24_4_1_U197  |mac_muladd_16s_16s_24ns_24_4_1  |  i0 + i1 * i2|
    +-------------------------------------+--------------------------------+--------------+

    * Memory: 
    N/A

    * FIFO: 
    N/A

    * Expression: 
    +----------------------------------+----------+----+---+----+------------+------------+
    |           Variable Name          | Operation| DSP| FF| LUT| Bitwidth P0| Bitwidth P1|
    +----------------------------------+----------+----+---+----+------------+------------+
    |add_ln35_1_fu_306_p2              |         +|   0|  0|  10|           3|           1|
    |add_ln35_fu_224_p2                |         +|   0|  0|  14|           7|           1|
    |add_ln37_1_fu_476_p2              |         +|   0|  0|  13|           6|           1|
    |add_ln37_fu_349_p2                |         +|   0|  0|  10|           3|           1|
    |add_ln39_fu_470_p2                |         +|   0|  0|  10|           3|           1|
    |add_ln40_1_fu_459_p2              |         +|   0|  0|  17|          10|          10|
    |add_ln40_2_fu_449_p2              |         +|   0|  0|  18|           9|           9|
    |add_ln40_fu_444_p2                |         +|   0|  0|  18|           9|           9|
    |empty_fu_248_p2                   |         +|   0|  0|  12|           4|           4|
    |p_mid1207_fu_373_p2               |         +|   0|  0|  12|           4|           4|
    |empty_542_fu_277_p2               |         -|   0|  0|  16|           9|           9|
    |p_mid1209_fu_402_p2               |         -|   0|  0|  16|           9|           9|
    |and_ln35_fu_343_p2                |       and|   0|  0|   2|           1|           1|
    |ap_block_pp0_stage0_01001         |       and|   0|  0|   2|           1|           1|
    |ap_block_state2_pp0_stage0_iter1  |       and|   0|  0|   2|           1|           1|
    |icmp_ln35_fu_218_p2               |      icmp|   0|  0|  10|           7|           6|
    |icmp_ln37_fu_292_p2               |      icmp|   0|  0|  10|           6|           5|
    |icmp_ln39_fu_337_p2               |      icmp|   0|  0|   8|           3|           3|
    |or_ln37_fu_355_p2                 |        or|   0|  0|   2|           1|           1|
    |select_ln35_1_fu_312_p3           |    select|   0|  0|   3|           1|           3|
    |select_ln35_2_fu_324_p3           |    select|   0|  0|   9|           1|           9|
    |select_ln35_fu_298_p3             |    select|   0|  0|   3|           1|           1|
    |select_ln37_1_fu_408_p3           |    select|   0|  0|   9|           1|           9|
    |select_ln37_2_fu_416_p3           |    select|   0|  0|   3|           1|           3|
    |select_ln37_3_fu_482_p3           |    select|   0|  0|   6|           1|           1|
    |select_ln37_fu_361_p3             |    select|   0|  0|   3|           1|           1|
    |ap_enable_pp0                     |       xor|   0|  0|   2|           1|           2|
    |xor_ln35_fu_331_p2                |       xor|   0|  0|   2|           1|           2|
    +----------------------------------+----------+----+---+----+------------+------------+
    |Total                             |          |   0|  0| 242|         105|         108|
    +----------------------------------+----------+----+---+----+------------+------------+

    * Multiplexer: 
    +-----------------------------------------+----+-----------+-----+-----------+
    |                   Name                  | LUT| Input Size| Bits| Total Bits|
    +-----------------------------------------+----+-----------+-----+-----------+
    |ap_done_int                              |   9|          2|    1|          2|
    |ap_enable_reg_pp0_iter2                  |   9|          2|    1|          2|
    |ap_sig_allocacmp_indvar_flatten243_load  |   9|          2|    7|         14|
    |ap_sig_allocacmp_lhs_load_2              |   9|          2|   16|         32|
    |gmem1_blk_n_R                            |   9|          2|    1|          2|
    |i_fu_112                                 |   9|          2|    3|          6|
    |indvar_flatten211_fu_116                 |   9|          2|    6|         12|
    |indvar_flatten243_fu_124                 |   9|          2|    7|         14|
    |j_fu_108                                 |   9|          2|    3|          6|
    |k_fu_120                                 |   9|          2|    3|          6|
    |lhs_fu_104                               |   9|          2|   16|         32|
    +-----------------------------------------+----+-----------+-----+-----------+
    |Total                                    |  99|         22|   64|        128|
    +-----------------------------------------+----+-----------+-----+-----------+

    * Register: 
    +----------------------------------+----+----+-----+-----------+
    |               Name               | FF | LUT| Bits| Const Bits|
    +----------------------------------+----+----+-----+-----------+
    |ap_CS_fsm                         |   1|   0|    1|          0|
    |ap_done_reg                       |   1|   0|    1|          0|
    |ap_enable_reg_pp0_iter1           |   1|   0|    1|          0|
    |ap_enable_reg_pp0_iter2           |   1|   0|    1|          0|
    |ap_enable_reg_pp0_iter3           |   1|   0|    1|          0|
    |ap_enable_reg_pp0_iter4           |   1|   0|    1|          0|
    |ap_enable_reg_pp0_iter5           |   1|   0|    1|          0|
    |ap_loop_exit_ready_pp0_iter1_reg  |   1|   0|    1|          0|
    |ap_loop_exit_ready_pp0_iter2_reg  |   1|   0|    1|          0|
    |ap_loop_exit_ready_pp0_iter3_reg  |   1|   0|    1|          0|
    |ap_loop_exit_ready_pp0_iter4_reg  |   1|   0|    1|          0|
    |i_fu_112                          |   3|   0|    3|          0|
    |icmp_ln35_reg_619                 |   1|   0|    1|          0|
    |indvar_flatten211_fu_116          |   6|   0|    6|          0|
    |indvar_flatten243_fu_124          |   7|   0|    7|          0|
    |j_fu_108                          |   3|   0|    3|          0|
    |k_fu_120                          |   3|   0|    3|          0|
    |lhs_fu_104                        |  16|   0|   16|          0|
    |r_V_reg_623                       |  16|   0|   16|          0|
    |zext_ln32_1_cast_reg_609          |   4|   0|    9|          5|
    |icmp_ln35_reg_619                 |  64|  32|    1|          0|
    +----------------------------------+----+----+-----+-----------+
    |Total                             | 134|  32|   76|          5|
    +----------------------------------+----+----+-----+-----------+



================================================================
== Interface
================================================================
* Summary: 
+-----------------------+-----+-----+------------+----------------------------------------------------------+--------------+
|       RTL Ports       | Dir | Bits|  Protocol  |                       Source Object                      |    C Type    |
+-----------------------+-----+-----+------------+----------------------------------------------------------+--------------+
|ap_clk                 |   in|    1|  ap_ctrl_hs|  C_CNN_Pipeline_loop_for_fc_1_loop_for_fb_1_loop_for_fa_1|  return value|
|ap_rst                 |   in|    1|  ap_ctrl_hs|  C_CNN_Pipeline_loop_for_fc_1_loop_for_fb_1_loop_for_fa_1|  return value|
|ap_start               |   in|    1|  ap_ctrl_hs|  C_CNN_Pipeline_loop_for_fc_1_loop_for_fb_1_loop_for_fa_1|  return value|
|ap_done                |  out|    1|  ap_ctrl_hs|  C_CNN_Pipeline_loop_for_fc_1_loop_for_fb_1_loop_for_fa_1|  return value|
|ap_idle                |  out|    1|  ap_ctrl_hs|  C_CNN_Pipeline_loop_for_fc_1_loop_for_fb_1_loop_for_fa_1|  return value|
|ap_ready               |  out|    1|  ap_ctrl_hs|  C_CNN_Pipeline_loop_for_fc_1_loop_for_fb_1_loop_for_fa_1|  return value|
|m_axi_gmem1_AWVALID    |  out|    1|       m_axi|                                                     gmem1|       pointer|
|m_axi_gmem1_AWREADY    |   in|    1|       m_axi|                                                     gmem1|       pointer|
|m_axi_gmem1_AWADDR     |  out|   64|       m_axi|                                                     gmem1|       pointer|
|m_axi_gmem1_AWID       |  out|    1|       m_axi|                                                     gmem1|       pointer|
|m_axi_gmem1_AWLEN      |  out|   32|       m_axi|                                                     gmem1|       pointer|
|m_axi_gmem1_AWSIZE     |  out|    3|       m_axi|                                                     gmem1|       pointer|
|m_axi_gmem1_AWBURST    |  out|    2|       m_axi|                                                     gmem1|       pointer|
|m_axi_gmem1_AWLOCK     |  out|    2|       m_axi|                                                     gmem1|       pointer|
|m_axi_gmem1_AWCACHE    |  out|    4|       m_axi|                                                     gmem1|       pointer|
|m_axi_gmem1_AWPROT     |  out|    3|       m_axi|                                                     gmem1|       pointer|
|m_axi_gmem1_AWQOS      |  out|    4|       m_axi|                                                     gmem1|       pointer|
|m_axi_gmem1_AWREGION   |  out|    4|       m_axi|                                                     gmem1|       pointer|
|m_axi_gmem1_AWUSER     |  out|    1|       m_axi|                                                     gmem1|       pointer|
|m_axi_gmem1_WVALID     |  out|    1|       m_axi|                                                     gmem1|       pointer|
|m_axi_gmem1_WREADY     |   in|    1|       m_axi|                                                     gmem1|       pointer|
|m_axi_gmem1_WDATA      |  out|   16|       m_axi|                                                     gmem1|       pointer|
|m_axi_gmem1_WSTRB      |  out|    2|       m_axi|                                                     gmem1|       pointer|
|m_axi_gmem1_WLAST      |  out|    1|       m_axi|                                                     gmem1|       pointer|
|m_axi_gmem1_WID        |  out|    1|       m_axi|                                                     gmem1|       pointer|
|m_axi_gmem1_WUSER      |  out|    1|       m_axi|                                                     gmem1|       pointer|
|m_axi_gmem1_ARVALID    |  out|    1|       m_axi|                                                     gmem1|       pointer|
|m_axi_gmem1_ARREADY    |   in|    1|       m_axi|                                                     gmem1|       pointer|
|m_axi_gmem1_ARADDR     |  out|   64|       m_axi|                                                     gmem1|       pointer|
|m_axi_gmem1_ARID       |  out|    1|       m_axi|                                                     gmem1|       pointer|
|m_axi_gmem1_ARLEN      |  out|   32|       m_axi|                                                     gmem1|       pointer|
|m_axi_gmem1_ARSIZE     |  out|    3|       m_axi|                                                     gmem1|       pointer|
|m_axi_gmem1_ARBURST    |  out|    2|       m_axi|                                                     gmem1|       pointer|
|m_axi_gmem1_ARLOCK     |  out|    2|       m_axi|                                                     gmem1|       pointer|
|m_axi_gmem1_ARCACHE    |  out|    4|       m_axi|                                                     gmem1|       pointer|
|m_axi_gmem1_ARPROT     |  out|    3|       m_axi|                                                     gmem1|       pointer|
|m_axi_gmem1_ARQOS      |  out|    4|       m_axi|                                                     gmem1|       pointer|
|m_axi_gmem1_ARREGION   |  out|    4|       m_axi|                                                     gmem1|       pointer|
|m_axi_gmem1_ARUSER     |  out|    1|       m_axi|                                                     gmem1|       pointer|
|m_axi_gmem1_RVALID     |   in|    1|       m_axi|                                                     gmem1|       pointer|
|m_axi_gmem1_RREADY     |  out|    1|       m_axi|                                                     gmem1|       pointer|
|m_axi_gmem1_RDATA      |   in|   16|       m_axi|                                                     gmem1|       pointer|
|m_axi_gmem1_RLAST      |   in|    1|       m_axi|                                                     gmem1|       pointer|
|m_axi_gmem1_RID        |   in|    1|       m_axi|                                                     gmem1|       pointer|
|m_axi_gmem1_RFIFONUM   |   in|   10|       m_axi|                                                     gmem1|       pointer|
|m_axi_gmem1_RUSER      |   in|    1|       m_axi|                                                     gmem1|       pointer|
|m_axi_gmem1_RRESP      |   in|    2|       m_axi|                                                     gmem1|       pointer|
|m_axi_gmem1_BVALID     |   in|    1|       m_axi|                                                     gmem1|       pointer|
|m_axi_gmem1_BREADY     |  out|    1|       m_axi|                                                     gmem1|       pointer|
|m_axi_gmem1_BRESP      |   in|    2|       m_axi|                                                     gmem1|       pointer|
|m_axi_gmem1_BID        |   in|    1|       m_axi|                                                     gmem1|       pointer|
|m_axi_gmem1_BUSER      |   in|    1|       m_axi|                                                     gmem1|       pointer|
|sext_ln35_mid2         |   in|   63|     ap_none|                                            sext_ln35_mid2|        scalar|
|select_ln30_2          |   in|    4|     ap_none|                                             select_ln30_2|        scalar|
|p_mid1239              |   in|    9|     ap_none|                                                 p_mid1239|        scalar|
|zext_ln32_1            |   in|    4|     ap_none|                                               zext_ln32_1|        scalar|
|MaxPool_S2_V_address0  |  out|   10|   ap_memory|                                              MaxPool_S2_V|         array|
|MaxPool_S2_V_ce0       |  out|    1|   ap_memory|                                              MaxPool_S2_V|         array|
|MaxPool_S2_V_q0        |   in|   16|   ap_memory|                                              MaxPool_S2_V|         array|
|s_V_6_out              |  out|   16|      ap_vld|                                                 s_V_6_out|       pointer|
|s_V_6_out_ap_vld       |  out|    1|      ap_vld|                                                 s_V_6_out|       pointer|
+-----------------------+-----+-----+------------+----------------------------------------------------------+--------------+

