

================================================================
== Vitis HLS Report for 'C_CNN'
================================================================
* Date:           Wed Apr 15 01:46:56 2026

* Version:        2022.2 (Build 3670227 on Oct 13 2022)
* Project:        ProjectOne
* Solution:       solution1 (Vivado IP Flow Target)
* Product family: zynquplus
* Target device:  xck26-sfvc784-2LV-c


================================================================
== Performance Estimates
================================================================
+ Timing: 
    * Summary: 
    +--------+----------+----------+------------+
    |  Clock |  Target  | Estimated| Uncertainty|
    +--------+----------+----------+------------+
    |ap_clk  |  10.00 ns|  7.300 ns|     2.70 ns|
    +--------+----------+----------+------------+

+ Latency: 
    * Summary: 
    +---------+---------+----------+----------+--------+--------+---------+
    |  Latency (cycles) |  Latency (absolute) |     Interval    | Pipeline|
    |   min   |   max   |    min   |    max   |   min  |   max  |   Type  |
    +---------+---------+----------+----------+--------+--------+---------+
    |   159991|   164087|  1.600 ms|  1.641 ms|  159991|  164087|       no|
    +---------+---------+----------+----------+--------+--------+---------+

    + Detail: 
        * Instance: 
        +--------------------------------------------------------------------------------+---------------------------------------------------------------------+---------+---------+-----------+-----------+-------+-------+---------+
        |                                                                                |                                                                     |  Latency (cycles) |   Latency (absolute)  |    Interval   | Pipeline|
        |                                    Instance                                    |                                Module                               |   min   |   max   |    min    |    max    |  min  |  max  |   Type  |
        +--------------------------------------------------------------------------------+---------------------------------------------------------------------+---------+---------+-----------+-----------+-------+-------+---------+
        |grp_C_CNN_Pipeline_loop_for_channel2D_0_loop_for_bp2D_0_loop_for_ap2D_0_fu_571  |C_CNN_Pipeline_loop_for_channel2D_0_loop_for_bp2D_0_loop_for_ap2D_0  |    87562|    87562|   0.876 ms|   0.876 ms|  87562|  87562|       no|
        |grp_C_CNN_Pipeline_VITIS_LOOP_6_1_VITIS_LOOP_8_2_VITIS_LOOP_9_3_fu_583          |C_CNN_Pipeline_VITIS_LOOP_6_1_VITIS_LOOP_8_2_VITIS_LOOP_9_3          |      579|      579|   5.790 us|   5.790 us|    579|    579|       no|
        |grp_C_CNN_Pipeline_VITIS_LOOP_29_1_VITIS_LOOP_31_2_VITIS_LOOP_32_3_fu_589       |C_CNN_Pipeline_VITIS_LOOP_29_1_VITIS_LOOP_31_2_VITIS_LOOP_32_3       |      131|      131|   1.310 us|   1.310 us|    131|    131|       no|
        |grp_C_CNN_Pipeline_loop_for_fc_1_loop_for_fb_1_loop_for_fa_1_fu_595             |C_CNN_Pipeline_loop_for_fc_1_loop_for_fb_1_loop_for_fa_1             |      106|      106|   1.060 us|   1.060 us|    106|    106|       no|
        |grp_C_CNN_Pipeline_VITIS_LOOP_50_1_VITIS_LOOP_51_2_VITIS_LOOP_52_3_fu_607       |C_CNN_Pipeline_VITIS_LOOP_50_1_VITIS_LOOP_51_2_VITIS_LOOP_52_3       |      130|      130|   1.300 us|   1.300 us|    130|    130|       no|
        |grp_C_CNN_Pipeline_loop_for_a_Dense_0_loop_for_b_Dense_0_fu_613                 |C_CNN_Pipeline_loop_for_a_Dense_0_loop_for_b_Dense_0                 |     8204|     8204|  82.040 us|  82.040 us|   8204|   8204|       no|
        |grp_C_CNN_Pipeline_VITIS_LOOP_13_1_fu_623                                       |C_CNN_Pipeline_VITIS_LOOP_13_1                                       |       34|       34|   0.340 us|   0.340 us|     34|     34|       no|
        |grp_C_CNN_Pipeline_loop_for_a_Dense_1_fu_629                                    |C_CNN_Pipeline_loop_for_a_Dense_1                                    |      541|      541|   5.410 us|   5.410 us|    541|    541|       no|
        |grp_C_CNN_Pipeline_VITIS_LOOP_28_1_fu_672                                       |C_CNN_Pipeline_VITIS_LOOP_28_1                                       |       18|       18|   0.180 us|   0.180 us|     18|     18|       no|
        |grp_C_Dense_2_fu_678                                                            |C_Dense_2                                                            |      295|      295|   2.950 us|   2.950 us|    295|    295|       no|
        +--------------------------------------------------------------------------------+---------------------------------------------------------------------+---------+---------+-----------+-----------+-------+-------+---------+

        * Loop: 
        +--------------------------------------------------------+---------+---------+-----------+-----------+-----------+------+----------+
        |                                                        |  Latency (cycles) | Iteration |  Initiation Interval  | Trip |          |
        |                        Loop Name                       |   min   |   max   |  Latency  |  achieved |   target  | Count| Pipelined|
        +--------------------------------------------------------+---------+---------+-----------+-----------+-----------+------+----------+
        |- loop_for_channel2D_1_loop_for_bp2D_1_loop_for_ap2D_1  |    62464|    66560|  122 ~ 130|          -|          -|   512|        no|
        +--------------------------------------------------------+---------+---------+-----------+-----------+-----------+------+----------+



================================================================
== Utilization Estimates
================================================================
* Summary: 
+-----------------+---------+------+--------+--------+-----+
|       Name      | BRAM_18K|  DSP |   FF   |   LUT  | URAM|
+-----------------+---------+------+--------+--------+-----+
|DSP              |        -|     1|       -|       -|    -|
|Expression       |        -|     -|       0|     850|    -|
|FIFO             |        -|     -|       -|       -|    -|
|Instance         |        0|    78|    9482|   11611|    0|
|Memory           |       18|     -|      92|      24|    0|
|Multiplexer      |        -|     -|       -|    1315|    -|
|Register         |        -|     -|    1135|       -|    -|
+-----------------+---------+------+--------+--------+-----+
|Total            |       18|    79|   10709|   13800|    0|
+-----------------+---------+------+--------+--------+-----+
|Available        |      288|  1248|  234240|  117120|   64|
+-----------------+---------+------+--------+--------+-----+
|Utilization (%)  |        6|     6|       4|      11|    0|
+-----------------+---------+------+--------+--------+-----+

+ Detail: 
    * Instance: 
    +--------------------------------------------------------------------------------+---------------------------------------------------------------------+---------+----+------+------+-----+
    |                                    Instance                                    |                                Module                               | BRAM_18K| DSP|  FF  |  LUT | URAM|
    +--------------------------------------------------------------------------------+---------------------------------------------------------------------+---------+----+------+------+-----+
    |grp_C_CNN_Pipeline_VITIS_LOOP_13_1_fu_623                                       |C_CNN_Pipeline_VITIS_LOOP_13_1                                       |        0|   0|    15|    76|    0|
    |grp_C_CNN_Pipeline_VITIS_LOOP_28_1_fu_672                                       |C_CNN_Pipeline_VITIS_LOOP_28_1                                       |        0|   0|    13|    75|    0|
    |grp_C_CNN_Pipeline_VITIS_LOOP_29_1_VITIS_LOOP_31_2_VITIS_LOOP_32_3_fu_589       |C_CNN_Pipeline_VITIS_LOOP_29_1_VITIS_LOOP_31_2_VITIS_LOOP_32_3       |        0|   0|    65|   454|    0|
    |grp_C_CNN_Pipeline_VITIS_LOOP_50_1_VITIS_LOOP_51_2_VITIS_LOOP_52_3_fu_607       |C_CNN_Pipeline_VITIS_LOOP_50_1_VITIS_LOOP_51_2_VITIS_LOOP_52_3       |        0|   0|    54|   353|    0|
    |grp_C_CNN_Pipeline_VITIS_LOOP_6_1_VITIS_LOOP_8_2_VITIS_LOOP_9_3_fu_583          |C_CNN_Pipeline_VITIS_LOOP_6_1_VITIS_LOOP_8_2_VITIS_LOOP_9_3          |        0|   0|    74|   635|    0|
    |grp_C_CNN_Pipeline_loop_for_a_Dense_0_loop_for_b_Dense_0_fu_613                 |C_CNN_Pipeline_loop_for_a_Dense_0_loop_for_b_Dense_0                 |        0|   1|   649|   660|    0|
    |grp_C_CNN_Pipeline_loop_for_a_Dense_1_fu_629                                    |C_CNN_Pipeline_loop_for_a_Dense_1                                    |        0|  32|  3288|  2842|    0|
    |grp_C_CNN_Pipeline_loop_for_channel2D_0_loop_for_bp2D_0_loop_for_ap2D_0_fu_571  |C_CNN_Pipeline_loop_for_channel2D_0_loop_for_bp2D_0_loop_for_ap2D_0  |        0|  25|   698|  1853|    0|
    |grp_C_CNN_Pipeline_loop_for_fc_1_loop_for_fb_1_loop_for_fa_1_fu_595             |C_CNN_Pipeline_loop_for_fc_1_loop_for_fb_1_loop_for_fa_1             |        0|   1|   134|   373|    0|
    |grp_C_Dense_2_fu_678                                                            |C_Dense_2                                                            |        0|  19|  4492|  4290|    0|
    +--------------------------------------------------------------------------------+---------------------------------------------------------------------+---------+----+------+------+-----+
    |Total                                                                           |                                                                     |        0|  78|  9482| 11611|    0|
    +--------------------------------------------------------------------------------+---------------------------------------------------------------------+---------+----+------+------+-----+

    * DSP: 
    +------------------------------------+-------------------------------+--------------+
    |              Instance              |             Module            |  Expression  |
    +------------------------------------+-------------------------------+--------------+
    |mac_muladd_4ns_8ns_8ns_11_4_1_U352  |mac_muladd_4ns_8ns_8ns_11_4_1  |  i0 * i1 + i2|
    +------------------------------------+-------------------------------+--------------+

    * Memory: 
    +-----------------+-------------------------------------+---------+----+----+-----+------+-----+------+-------------+
    |      Memory     |                Module               | BRAM_18K| FF | LUT| URAM| Words| Bits| Banks| W*Bits*Banks|
    +-----------------+-------------------------------------+---------+----+----+-----+------+-----+------+-------------+
    |Conv1_C1_V_U     |C_CNN_Conv1_C1_V_RAM_1WNR_AUTO_1R1W  |       12|   0|   0|    0|  2304|   16|     1|        36864|
    |Conv2_C3_V_U     |C_CNN_Conv2_C3_V_RAM_1WNR_AUTO_1R1W  |        3|   0|   0|    0|   512|   16|     1|         8192|
    |Dense_C5_V_U     |C_CNN_Dense_C5_V_RAM_AUTO_1R1W       |        0|  30|   8|    0|    32|   15|     1|          480|
    |Dense_F6_V_U     |C_CNN_Dense_F6_V_RAM_AUTO_1R1W       |        0|  30|   4|    0|    16|   15|     1|          240|
    |MaxPool_S2_V_U   |C_CNN_MaxPool_S2_V_RAM_AUTO_1R1W     |        1|   0|   0|    0|   576|   16|     1|         9216|
    |MaxPool_S4_V_U   |C_CNN_MaxPool_S4_V_RAM_AUTO_1R1W     |        1|   0|   0|    0|   128|   16|     1|         2048|
    |Flatten_V_U      |C_CNN_MaxPool_S4_V_RAM_AUTO_1R1W     |        1|   0|   0|    0|   128|   16|     1|         2048|
    |out_Dense_V_1_U  |C_CNN_out_Dense_V_1_RAM_AUTO_1R1W    |        0|  16|   8|    0|    32|   16|     1|          512|
    |out_Dense_V_U    |C_CNN_out_Dense_V_RAM_AUTO_1R1W      |        0|  16|   4|    0|    16|   16|     1|          256|
    +-----------------+-------------------------------------+---------+----+----+-----+------+-----+------+-------------+
    |Total            |                                     |       18|  92|  24|    0|  3744|  142|     9|        59856|
    +-----------------+-------------------------------------+---------+----+----+-----+------+-----+------+-------------+

    * FIFO: 
    N/A

    * Expression: 
    +------------------------------------------+----------+----+---+----+------------+------------+
    |               Variable Name              | Operation| DSP| FF| LUT| Bitwidth P0| Bitwidth P1|
    +------------------------------------------+----------+----+---+----+------------+------------+
    |add_ln1273_74_fu_1140_p2                  |         +|   0|  0|  71|          64|          14|
    |add_ln20_2_fu_1146_p2                     |         +|   0|  0|  71|          64|          14|
    |add_ln20_3_fu_1152_p2                     |         +|   0|  0|  71|          64|          14|
    |add_ln20_fu_1124_p2                       |         +|   0|  0|  71|          64|          14|
    |add_ln28_1_fu_808_p2                      |         +|   0|  0|  12|           4|           1|
    |add_ln28_fu_785_p2                        |         +|   0|  0|  17|          10|           1|
    |add_ln30_1_fu_1073_p2                     |         +|   0|  0|  15|           8|           1|
    |add_ln30_fu_907_p2                        |         +|   0|  0|  12|           4|           1|
    |add_ln32_fu_1068_p2                       |         +|   0|  0|  12|           4|           1|
    |add_ln43_fu_973_p2                        |         +|   0|  0|  16|           9|           9|
    |add_ln5_1_fu_1108_p2                      |         +|   0|  0|  71|          64|          14|
    |add_ln813_fu_1064_p2                      |         +|   0|  0|  23|          16|          16|
    |empty_564_fu_752_p2                       |         +|   0|  0|  71|          64|          64|
    |p_mid1275_fu_836_p2                       |         +|   0|  0|  71|          64|          64|
    |ret_V_fu_1046_p2                          |         +|   0|  0|  24|          17|          17|
    |sext_ln35_mid2_v_v_v_fu_982_p2            |         +|   0|  0|  71|          64|          64|
    |p_mid1239_fu_1029_p2                      |         -|   0|  0|  16|           9|           9|
    |icmp_ln32_mid2286_fu_901_p2               |       and|   0|  0|   2|           1|           1|
    |icmp_ln28_fu_779_p2                       |      icmp|   0|  0|  11|          10|          11|
    |icmp_ln30_fu_794_p2                       |      icmp|   0|  0|  11|           8|           7|
    |icmp_ln32_fu_895_p2                       |      icmp|   0|  0|   9|           4|           5|
    |or_ln30_fu_913_p2                         |        or|   0|  0|   2|           1|           1|
    |empty_568_fu_851_p3                       |    select|   0|  0|  62|           1|          63|
    |select_ln30_1_fu_939_p3                   |    select|   0|  0|   6|           1|           6|
    |select_ln30_2_fu_951_p3                   |    select|   0|  0|   4|           1|           4|
    |select_ln30_3_fu_1079_p3                  |    select|   0|  0|   8|           1|           1|
    |select_ln30_fu_919_p3                     |    select|   0|  0|   4|           1|           1|
    |sext_ln35_mid2_v_v_v_v_v_v_v_v_fu_869_p3  |    select|   0|  0|   4|           1|           4|
    |x_4_mid2269_fu_800_p3                     |    select|   0|  0|   4|           1|           1|
    |zext_ln32_mid2284_fu_881_p3               |    select|   0|  0|   6|           1|           1|
    |not_exitcond_flatten255_fu_889_p2         |       xor|   0|  0|   2|           1|           2|
    +------------------------------------------+----------+----+---+----+------------+------------+
    |Total                                     |          |   0|  0| 850|         626|         426|
    +------------------------------------------+----------+----+---+----+------------+------------+

    * Multiplexer: 
    +--------------------------+-----+-----------+-----+-----------+
    |           Name           | LUT | Input Size| Bits| Total Bits|
    +--------------------------+-----+-----------+-----+-----------+
    |Conv1_C1_V_address0       |   14|          3|   12|         36|
    |Conv1_C1_V_ce0            |   14|          3|    1|          3|
    |Conv1_C1_V_ce1            |    9|          2|    1|          2|
    |Conv1_C1_V_ce2            |    9|          2|    1|          2|
    |Conv1_C1_V_ce3            |    9|          2|    1|          2|
    |Conv1_C1_V_we0            |    9|          2|    1|          2|
    |Conv2_C3_V_address0       |   14|          3|    9|         27|
    |Conv2_C3_V_ce0            |   14|          3|    1|          3|
    |Conv2_C3_V_ce1            |    9|          2|    1|          2|
    |Conv2_C3_V_ce2            |    9|          2|    1|          2|
    |Conv2_C3_V_ce3            |    9|          2|    1|          2|
    |Dense_C5_V_address0       |   89|         18|    5|         90|
    |Dense_C5_V_address1       |   81|         17|    5|         85|
    |Dense_C5_V_ce0            |   14|          3|    1|          3|
    |Dense_C5_V_we0            |    9|          2|    1|          2|
    |Dense_F6_V_address0       |   14|          3|    4|         12|
    |Dense_F6_V_ce0            |   14|          3|    1|          3|
    |Dense_F6_V_ce1            |    9|          2|    1|          2|
    |Dense_F6_V_we0            |    9|          2|    1|          2|
    |Flatten_V_address0        |   14|          3|    7|         21|
    |Flatten_V_ce0             |   14|          3|    1|          3|
    |Flatten_V_we0             |    9|          2|    1|          2|
    |MaxPool_S2_V_address0     |   14|          3|   10|         30|
    |MaxPool_S2_V_ce0          |   14|          3|    1|          3|
    |MaxPool_S2_V_we0          |    9|          2|    1|          2|
    |MaxPool_S4_V_address0     |   14|          3|    7|         21|
    |MaxPool_S4_V_ce0          |   14|          3|    1|          3|
    |MaxPool_S4_V_we0          |    9|          2|    1|          2|
    |ap_NS_fsm                 |  252|         58|    1|         58|
    |ap_return                 |    9|          2|   16|         32|
    |gmem1_blk_n_AR            |    9|          2|    1|          2|
    |gmem1_blk_n_R             |    9|          2|    1|          2|
    |indvar_flatten253_fu_206  |    9|          2|    8|         16|
    |indvar_flatten287_fu_214  |    9|          2|   10|         20|
    |m_axi_gmem1_ARADDR        |   43|          8|   64|        512|
    |m_axi_gmem1_ARBURST       |   31|          6|    2|         12|
    |m_axi_gmem1_ARCACHE       |   31|          6|    4|         24|
    |m_axi_gmem1_ARID          |   31|          6|    1|          6|
    |m_axi_gmem1_ARLEN         |   43|          8|   32|        256|
    |m_axi_gmem1_ARLOCK        |   31|          6|    2|         12|
    |m_axi_gmem1_ARPROT        |   31|          6|    3|         18|
    |m_axi_gmem1_ARQOS         |   31|          6|    4|         24|
    |m_axi_gmem1_ARREGION      |   31|          6|    4|         24|
    |m_axi_gmem1_ARSIZE        |   31|          6|    3|         18|
    |m_axi_gmem1_ARUSER        |   31|          6|    1|          6|
    |m_axi_gmem1_ARVALID       |   37|          7|    1|          7|
    |m_axi_gmem1_RREADY        |   37|          7|    1|          7|
    |n_fu_210                  |    9|          2|    4|          8|
    |out_Dense_V_1_address0    |   14|          3|    5|         15|
    |out_Dense_V_1_ce0         |   14|          3|    1|          3|
    |out_Dense_V_1_we0         |    9|          2|    1|          2|
    |out_Dense_V_address0      |   14|          3|    4|         12|
    |out_Dense_V_ce0           |   14|          3|    1|          3|
    |out_Dense_V_we0           |    9|          2|    1|          2|
    |storemerge13_reg_559      |    9|          2|   16|         32|
    |x_4_fu_202                |    9|          2|    4|          8|
    |y_fu_198                  |    9|          2|    4|          8|
    +--------------------------+-----+-----------+-----+-----------+
    |Total                     | 1315|        276|  279|       1518|
    +--------------------------+-----+-----------+-----+-----------+

    * Register: 
    +---------------------------------------------------------------------------------------------+----+----+-----+-----------+
    |                                             Name                                            | FF | LUT| Bits| Const Bits|
    +---------------------------------------------------------------------------------------------+----+----+-----+-----------+
    |Conv2_C3_V_addr_reg_1298                                                                     |   9|   0|    9|          0|
    |add_ln1273_74_reg_1633                                                                       |  64|   0|   64|          0|
    |add_ln20_2_reg_1648                                                                          |  64|   0|   64|          0|
    |add_ln20_3_reg_1653                                                                          |  64|   0|   64|          0|
    |add_ln28_reg_1225                                                                            |  10|   0|   10|          0|
    |add_ln43_reg_1265                                                                            |   9|   0|    9|          0|
    |ap_CS_fsm                                                                                    |  57|   0|   57|          0|
    |ap_return_preg                                                                               |  16|   0|   16|          0|
    |gmem1_addr_read_5_reg_1303                                                                   |  16|   0|   16|          0|
    |gmem1_addr_read_reg_1281                                                                     |  16|   0|   16|          0|
    |gmem1_addr_reg_1235                                                                          |  64|   0|   64|          0|
    |grp_C_CNN_Pipeline_VITIS_LOOP_13_1_fu_623_ap_start_reg                                       |   1|   0|    1|          0|
    |grp_C_CNN_Pipeline_VITIS_LOOP_28_1_fu_672_ap_start_reg                                       |   1|   0|    1|          0|
    |grp_C_CNN_Pipeline_VITIS_LOOP_29_1_VITIS_LOOP_31_2_VITIS_LOOP_32_3_fu_589_ap_start_reg       |   1|   0|    1|          0|
    |grp_C_CNN_Pipeline_VITIS_LOOP_50_1_VITIS_LOOP_51_2_VITIS_LOOP_52_3_fu_607_ap_start_reg       |   1|   0|    1|          0|
    |grp_C_CNN_Pipeline_VITIS_LOOP_6_1_VITIS_LOOP_8_2_VITIS_LOOP_9_3_fu_583_ap_start_reg          |   1|   0|    1|          0|
    |grp_C_CNN_Pipeline_loop_for_a_Dense_0_loop_for_b_Dense_0_fu_613_ap_start_reg                 |   1|   0|    1|          0|
    |grp_C_CNN_Pipeline_loop_for_a_Dense_1_fu_629_ap_start_reg                                    |   1|   0|    1|          0|
    |grp_C_CNN_Pipeline_loop_for_channel2D_0_loop_for_bp2D_0_loop_for_ap2D_0_fu_571_ap_start_reg  |   1|   0|    1|          0|
    |grp_C_CNN_Pipeline_loop_for_fc_1_loop_for_fb_1_loop_for_fa_1_fu_595_ap_start_reg             |   1|   0|    1|          0|
    |grp_C_Dense_2_fu_678_ap_start_reg                                                            |   1|   0|    1|          0|
    |icmp_ln30_reg_1230                                                                           |   1|   0|    1|          0|
    |indvar_flatten253_fu_206                                                                     |   8|   0|    8|          0|
    |indvar_flatten287_fu_214                                                                     |  10|   0|   10|          0|
    |input_Dense_V_1_load_10_reg_1428                                                             |  15|   0|   15|          0|
    |input_Dense_V_1_load_11_reg_1433                                                             |  15|   0|   15|          0|
    |input_Dense_V_1_load_12_reg_1448                                                             |  15|   0|   15|          0|
    |input_Dense_V_1_load_13_reg_1453                                                             |  15|   0|   15|          0|
    |input_Dense_V_1_load_14_reg_1468                                                             |  15|   0|   15|          0|
    |input_Dense_V_1_load_15_reg_1473                                                             |  15|   0|   15|          0|
    |input_Dense_V_1_load_16_reg_1488                                                             |  15|   0|   15|          0|
    |input_Dense_V_1_load_17_reg_1493                                                             |  15|   0|   15|          0|
    |input_Dense_V_1_load_18_reg_1508                                                             |  15|   0|   15|          0|
    |input_Dense_V_1_load_19_reg_1513                                                             |  15|   0|   15|          0|
    |input_Dense_V_1_load_1_reg_1333                                                              |  15|   0|   15|          0|
    |input_Dense_V_1_load_20_reg_1528                                                             |  15|   0|   15|          0|
    |input_Dense_V_1_load_21_reg_1533                                                             |  15|   0|   15|          0|
    |input_Dense_V_1_load_22_reg_1548                                                             |  15|   0|   15|          0|
    |input_Dense_V_1_load_23_reg_1553                                                             |  15|   0|   15|          0|
    |input_Dense_V_1_load_24_reg_1568                                                             |  15|   0|   15|          0|
    |input_Dense_V_1_load_25_reg_1573                                                             |  15|   0|   15|          0|
    |input_Dense_V_1_load_26_reg_1588                                                             |  15|   0|   15|          0|
    |input_Dense_V_1_load_27_reg_1593                                                             |  15|   0|   15|          0|
    |input_Dense_V_1_load_28_reg_1608                                                             |  15|   0|   15|          0|
    |input_Dense_V_1_load_29_reg_1613                                                             |  15|   0|   15|          0|
    |input_Dense_V_1_load_2_reg_1348                                                              |  15|   0|   15|          0|
    |input_Dense_V_1_load_30_reg_1638                                                             |  15|   0|   15|          0|
    |input_Dense_V_1_load_31_reg_1643                                                             |  15|   0|   15|          0|
    |input_Dense_V_1_load_3_reg_1353                                                              |  15|   0|   15|          0|
    |input_Dense_V_1_load_4_reg_1368                                                              |  15|   0|   15|          0|
    |input_Dense_V_1_load_5_reg_1373                                                              |  15|   0|   15|          0|
    |input_Dense_V_1_load_6_reg_1388                                                              |  15|   0|   15|          0|
    |input_Dense_V_1_load_7_reg_1393                                                              |  15|   0|   15|          0|
    |input_Dense_V_1_load_8_reg_1408                                                              |  15|   0|   15|          0|
    |input_Dense_V_1_load_9_reg_1413                                                              |  15|   0|   15|          0|
    |input_Dense_V_1_load_reg_1328                                                                |  15|   0|   15|          0|
    |n_fu_210                                                                                     |   4|   0|    4|          0|
    |p_mid1239_reg_1286                                                                           |   7|   0|    9|          2|
    |select_ln30_2_reg_1257                                                                       |   4|   0|    4|          0|
    |select_ln30_reg_1251                                                                         |   4|   0|    4|          0|
    |sext_ln35_mid2_v_reg_1270                                                                    |  63|   0|   63|          0|
    |sext_ln35_mid2_v_v_v_v_v_v_v_v_reg_1241                                                      |   4|   0|    4|          0|
    |storemerge13_reg_559                                                                         |  16|   0|   16|          0|
    |tmp_45_reg_1294                                                                              |   1|   0|    1|          0|
    |trunc_ln5_reg_1313                                                                           |  63|   0|   63|          0|
    |trunc_ln_reg_1628                                                                            |  63|   0|   63|          0|
    |x_4_fu_202                                                                                   |   4|   0|    4|          0|
    |y_fu_198                                                                                     |   4|   0|    4|          0|
    +---------------------------------------------------------------------------------------------+----+----+-----+-----------+
    |Total                                                                                        |1135|   0| 1137|          2|
    +---------------------------------------------------------------------------------------------+----+----+-----+-----------+



================================================================
== Interface
================================================================
* Summary: 
+----------------------+-----+-----+------------+--------------+--------------+
|       RTL Ports      | Dir | Bits|  Protocol  | Source Object|    C Type    |
+----------------------+-----+-----+------------+--------------+--------------+
|ap_clk                |   in|    1|  ap_ctrl_hs|         C_CNN|  return value|
|ap_rst                |   in|    1|  ap_ctrl_hs|         C_CNN|  return value|
|ap_start              |   in|    1|  ap_ctrl_hs|         C_CNN|  return value|
|ap_done               |  out|    1|  ap_ctrl_hs|         C_CNN|  return value|
|ap_idle               |  out|    1|  ap_ctrl_hs|         C_CNN|  return value|
|ap_ready              |  out|    1|  ap_ctrl_hs|         C_CNN|  return value|
|ap_return             |  out|   16|  ap_ctrl_hs|         C_CNN|  return value|
|InModel_address0      |  out|   10|   ap_memory|       InModel|         array|
|InModel_ce0           |  out|    1|   ap_memory|       InModel|         array|
|InModel_q0            |   in|   16|   ap_memory|       InModel|         array|
|InModel_address1      |  out|   10|   ap_memory|       InModel|         array|
|InModel_ce1           |  out|    1|   ap_memory|       InModel|         array|
|InModel_q1            |   in|   16|   ap_memory|       InModel|         array|
|m_axi_gmem1_AWVALID   |  out|    1|       m_axi|         gmem1|       pointer|
|m_axi_gmem1_AWREADY   |   in|    1|       m_axi|         gmem1|       pointer|
|m_axi_gmem1_AWADDR    |  out|   64|       m_axi|         gmem1|       pointer|
|m_axi_gmem1_AWID      |  out|    1|       m_axi|         gmem1|       pointer|
|m_axi_gmem1_AWLEN     |  out|   32|       m_axi|         gmem1|       pointer|
|m_axi_gmem1_AWSIZE    |  out|    3|       m_axi|         gmem1|       pointer|
|m_axi_gmem1_AWBURST   |  out|    2|       m_axi|         gmem1|       pointer|
|m_axi_gmem1_AWLOCK    |  out|    2|       m_axi|         gmem1|       pointer|
|m_axi_gmem1_AWCACHE   |  out|    4|       m_axi|         gmem1|       pointer|
|m_axi_gmem1_AWPROT    |  out|    3|       m_axi|         gmem1|       pointer|
|m_axi_gmem1_AWQOS     |  out|    4|       m_axi|         gmem1|       pointer|
|m_axi_gmem1_AWREGION  |  out|    4|       m_axi|         gmem1|       pointer|
|m_axi_gmem1_AWUSER    |  out|    1|       m_axi|         gmem1|       pointer|
|m_axi_gmem1_WVALID    |  out|    1|       m_axi|         gmem1|       pointer|
|m_axi_gmem1_WREADY    |   in|    1|       m_axi|         gmem1|       pointer|
|m_axi_gmem1_WDATA     |  out|   16|       m_axi|         gmem1|       pointer|
|m_axi_gmem1_WSTRB     |  out|    2|       m_axi|         gmem1|       pointer|
|m_axi_gmem1_WLAST     |  out|    1|       m_axi|         gmem1|       pointer|
|m_axi_gmem1_WID       |  out|    1|       m_axi|         gmem1|       pointer|
|m_axi_gmem1_WUSER     |  out|    1|       m_axi|         gmem1|       pointer|
|m_axi_gmem1_ARVALID   |  out|    1|       m_axi|         gmem1|       pointer|
|m_axi_gmem1_ARREADY   |   in|    1|       m_axi|         gmem1|       pointer|
|m_axi_gmem1_ARADDR    |  out|   64|       m_axi|         gmem1|       pointer|
|m_axi_gmem1_ARID      |  out|    1|       m_axi|         gmem1|       pointer|
|m_axi_gmem1_ARLEN     |  out|   32|       m_axi|         gmem1|       pointer|
|m_axi_gmem1_ARSIZE    |  out|    3|       m_axi|         gmem1|       pointer|
|m_axi_gmem1_ARBURST   |  out|    2|       m_axi|         gmem1|       pointer|
|m_axi_gmem1_ARLOCK    |  out|    2|       m_axi|         gmem1|       pointer|
|m_axi_gmem1_ARCACHE   |  out|    4|       m_axi|         gmem1|       pointer|
|m_axi_gmem1_ARPROT    |  out|    3|       m_axi|         gmem1|       pointer|
|m_axi_gmem1_ARQOS     |  out|    4|       m_axi|         gmem1|       pointer|
|m_axi_gmem1_ARREGION  |  out|    4|       m_axi|         gmem1|       pointer|
|m_axi_gmem1_ARUSER    |  out|    1|       m_axi|         gmem1|       pointer|
|m_axi_gmem1_RVALID    |   in|    1|       m_axi|         gmem1|       pointer|
|m_axi_gmem1_RREADY    |  out|    1|       m_axi|         gmem1|       pointer|
|m_axi_gmem1_RDATA     |   in|   16|       m_axi|         gmem1|       pointer|
|m_axi_gmem1_RLAST     |   in|    1|       m_axi|         gmem1|       pointer|
|m_axi_gmem1_RID       |   in|    1|       m_axi|         gmem1|       pointer|
|m_axi_gmem1_RFIFONUM  |   in|   10|       m_axi|         gmem1|       pointer|
|m_axi_gmem1_RUSER     |   in|    1|       m_axi|         gmem1|       pointer|
|m_axi_gmem1_RRESP     |   in|    2|       m_axi|         gmem1|       pointer|
|m_axi_gmem1_BVALID    |   in|    1|       m_axi|         gmem1|       pointer|
|m_axi_gmem1_BREADY    |  out|    1|       m_axi|         gmem1|       pointer|
|m_axi_gmem1_BRESP     |   in|    2|       m_axi|         gmem1|       pointer|
|m_axi_gmem1_BID       |   in|    1|       m_axi|         gmem1|       pointer|
|m_axi_gmem1_BUSER     |   in|    1|       m_axi|         gmem1|       pointer|
|Weights               |   in|   64|     ap_none|       Weights|        scalar|
+----------------------+-----+-----+------------+--------------+--------------+

