

================================================================
== Vitis HLS Report for 'C_Dense_2'
================================================================
* Date:           Wed Apr 15 01:46:56 2026

* Version:        2022.2 (Build 3670227 on Oct 13 2022)
* Project:        ProjectOne
* Solution:       solution1 (Vivado IP Flow Target)
* Product family: zynquplus
* Target device:  xck26-sfvc784-2LV-c


================================================================
== Performance Estimates
================================================================
+ Timing: 
    * Summary: 
    +--------+----------+----------+------------+
    |  Clock |  Target  | Estimated| Uncertainty|
    +--------+----------+----------+------------+
    |ap_clk  |  10.00 ns|  7.300 ns|     2.70 ns|
    +--------+----------+----------+------------+

+ Latency: 
    * Summary: 
    +---------+---------+----------+----------+-----+-----+---------+
    |  Latency (cycles) |  Latency (absolute) |  Interval | Pipeline|
    |   min   |   max   |    min   |    max   | min | max |   Type  |
    +---------+---------+----------+----------+-----+-----+---------+
    |      295|      295|  2.950 us|  2.950 us|  295|  295|       no|
    +---------+---------+----------+----------+-----+-----+---------+

    + Detail: 
        * Instance: 
        +--------------------------------------------------+---------------------------------------+---------+---------+----------+----------+-----+-----+---------+
        |                                                  |                                       |  Latency (cycles) |  Latency (absolute) |  Interval | Pipeline|
        |                     Instance                     |                 Module                |   min   |   max   |    min   |    max   | min | max |   Type  |
        +--------------------------------------------------+---------------------------------------+---------+---------+----------+----------+-----+-----+---------+
        |grp_C_Dense_2_Pipeline_loop_for_a_Dense_2_fu_275  |C_Dense_2_Pipeline_loop_for_a_Dense_2  |      183|      183|  1.830 us|  1.830 us|  183|  183|       no|
        |grp_C_Dense_2_Pipeline_loop_detect_fu_304         |C_Dense_2_Pipeline_loop_detect         |       13|       13|  0.130 us|  0.130 us|   13|   13|       no|
        |grp_C_Dense_2_Pipeline_VITIS_LOOP_53_1_fu_311     |C_Dense_2_Pipeline_VITIS_LOOP_53_1     |       17|       17|  0.170 us|  0.170 us|   17|   17|       no|
        |grp_C_Dense_2_Pipeline_VITIS_LOOP_57_2_fu_324     |C_Dense_2_Pipeline_VITIS_LOOP_57_2     |       46|       46|  0.460 us|  0.460 us|   46|   46|       no|
        |grp_C_Dense_2_Pipeline_VITIS_LOOP_62_3_fu_337     |C_Dense_2_Pipeline_VITIS_LOOP_62_3     |       12|       12|  0.120 us|  0.120 us|   12|   12|       no|
        +--------------------------------------------------+---------------------------------------+---------+---------+----------+----------+-----+-----+---------+

        * Loop: 
        N/A



================================================================
== Utilization Estimates
================================================================
* Summary: 
+-----------------+---------+------+--------+--------+-----+
|       Name      | BRAM_18K|  DSP |   FF   |   LUT  | URAM|
+-----------------+---------+------+--------+--------+-----+
|DSP              |        -|     -|       -|       -|    -|
|Expression       |        -|     -|       -|       -|    -|
|FIFO             |        -|     -|       -|       -|    -|
|Instance         |        0|    19|    4170|    3890|    -|
|Memory           |        0|     -|      32|       3|    0|
|Multiplexer      |        -|     -|       -|     397|    -|
|Register         |        -|     -|     290|       -|    -|
+-----------------+---------+------+--------+--------+-----+
|Total            |        0|    19|    4492|    4290|    0|
+-----------------+---------+------+--------+--------+-----+
|Available        |      288|  1248|  234240|  117120|   64|
+-----------------+---------+------+--------+--------+-----+
|Utilization (%)  |        0|     1|       1|       3|    0|
+-----------------+---------+------+--------+--------+-----+

+ Detail: 
    * Instance: 
    +--------------------------------------------------+---------------------------------------+---------+----+------+------+-----+
    |                     Instance                     |                 Module                | BRAM_18K| DSP|  FF  |  LUT | URAM|
    +--------------------------------------------------+---------------------------------------+---------+----+------+------+-----+
    |grp_C_Dense_2_Pipeline_VITIS_LOOP_53_1_fu_311     |C_Dense_2_Pipeline_VITIS_LOOP_53_1     |        0|   0|   116|   147|    0|
    |grp_C_Dense_2_Pipeline_VITIS_LOOP_57_2_fu_324     |C_Dense_2_Pipeline_VITIS_LOOP_57_2     |        0|   0|  1765|  1292|    0|
    |grp_C_Dense_2_Pipeline_VITIS_LOOP_62_3_fu_337     |C_Dense_2_Pipeline_VITIS_LOOP_62_3     |        0|   0|    43|   122|    0|
    |grp_C_Dense_2_Pipeline_loop_detect_fu_304         |C_Dense_2_Pipeline_loop_detect         |        0|   0|    61|   138|    0|
    |grp_C_Dense_2_Pipeline_loop_for_a_Dense_2_fu_275  |C_Dense_2_Pipeline_loop_for_a_Dense_2  |        0|  16|  1665|  1731|    0|
    |grp_exp_17_9_s_fu_568                             |exp_17_9_s                             |        0|   3|   520|   460|    0|
    +--------------------------------------------------+---------------------------------------+---------+----+------+------+-----+
    |Total                                             |                                       |        0|  19|  4170|  3890|    0|
    +--------------------------------------------------+---------------------------------------+---------+----+------+------+-----+

    * DSP: 
    N/A

    * Memory: 
    +---------------+-------------------------------------+---------+----+----+-----+------+-----+------+-------------+
    |     Memory    |                Module               | BRAM_18K| FF | LUT| URAM| Words| Bits| Banks| W*Bits*Banks|
    +---------------+-------------------------------------+---------+----+----+-----+------+-----+------+-------------+
    |out_Dense_V_U  |C_Dense_2_out_Dense_V_RAM_AUTO_1R1W  |        0|  32|   3|    0|    10|   16|     1|          160|
    +---------------+-------------------------------------+---------+----+----+-----+------+-----+------+-------------+
    |Total          |                                     |        0|  32|   3|    0|    10|   16|     1|          160|
    +---------------+-------------------------------------+---------+----+----+-----+------+-----+------+-------------+

    * FIFO: 
    N/A

    * Expression: 
    N/A

    * Multiplexer: 
    +--------------------------------+-----+-----------+-----+-----------+
    |              Name              | LUT | Input Size| Bits| Total Bits|
    +--------------------------------+-----+-----------+-----+-----------+
    |ap_NS_fsm                       |  130|         26|    1|         26|
    |grp_exp_17_9_s_fu_568_ap_start  |   14|          3|    1|          3|
    |grp_exp_17_9_s_fu_568_x         |   14|          3|   17|         51|
    |input_Dense_address0            |   49|          9|    4|         36|
    |input_Dense_address1            |   49|          9|    4|         36|
    |m_axi_gmem1_ARVALID             |    9|          2|    1|          2|
    |m_axi_gmem1_RREADY              |    9|          2|    1|          2|
    |out_Dense_V_address0            |   49|          9|    4|         36|
    |out_Dense_V_ce0                 |   37|          7|    1|          7|
    |out_Dense_V_ce1                 |    9|          2|    1|          2|
    |out_Dense_V_d0                  |   14|          3|   16|         48|
    |out_Dense_V_we0                 |   14|          3|    1|          3|
    +--------------------------------+-----+-----------+-----+-----------+
    |Total                           |  397|         78|   52|        252|
    +--------------------------------+-----+-----------+-----+-----------+

    * Register: 
    +---------------------------------------------------------------+----+----+-----+-----------+
    |                              Name                             | FF | LUT| Bits| Const Bits|
    +---------------------------------------------------------------+----+----+-----+-----------+
    |ap_CS_fsm                                                      |  25|   0|   25|          0|
    |grp_C_Dense_2_Pipeline_VITIS_LOOP_53_1_fu_311_ap_start_reg     |   1|   0|    1|          0|
    |grp_C_Dense_2_Pipeline_VITIS_LOOP_57_2_fu_324_ap_start_reg     |   1|   0|    1|          0|
    |grp_C_Dense_2_Pipeline_VITIS_LOOP_62_3_fu_337_ap_start_reg     |   1|   0|    1|          0|
    |grp_C_Dense_2_Pipeline_loop_detect_fu_304_ap_start_reg         |   1|   0|    1|          0|
    |grp_C_Dense_2_Pipeline_loop_for_a_Dense_2_fu_275_ap_start_reg  |   1|   0|    1|          0|
    |input_Dense_load_10_reg_495                                    |  15|   0|   15|          0|
    |input_Dense_load_11_reg_500                                    |  15|   0|   15|          0|
    |input_Dense_load_12_reg_515                                    |  15|   0|   15|          0|
    |input_Dense_load_13_reg_520                                    |  15|   0|   15|          0|
    |input_Dense_load_14_reg_545                                    |  15|   0|   15|          0|
    |input_Dense_load_15_reg_550                                    |  15|   0|   15|          0|
    |input_Dense_load_1_reg_400                                     |  15|   0|   15|          0|
    |input_Dense_load_2_reg_415                                     |  15|   0|   15|          0|
    |input_Dense_load_3_reg_420                                     |  15|   0|   15|          0|
    |input_Dense_load_4_reg_435                                     |  15|   0|   15|          0|
    |input_Dense_load_5_reg_440                                     |  15|   0|   15|          0|
    |input_Dense_load_6_reg_455                                     |  15|   0|   15|          0|
    |input_Dense_load_7_reg_460                                     |  15|   0|   15|          0|
    |input_Dense_load_8_reg_475                                     |  15|   0|   15|          0|
    |input_Dense_load_9_reg_480                                     |  15|   0|   15|          0|
    |input_Dense_load_reg_395                                       |  15|   0|   15|          0|
    |maxindex_loc_fu_82                                             |   4|   0|    4|          0|
    |reg_344                                                        |  16|   0|   16|          0|
    +---------------------------------------------------------------+----+----+-----+-----------+
    |Total                                                          | 290|   0|  290|          0|
    +---------------------------------------------------------------+----+----+-----+-----------+



================================================================
== Interface
================================================================
* Summary: 
+----------------------+-----+-----+------------+--------------+--------------+
|       RTL Ports      | Dir | Bits|  Protocol  | Source Object|    C Type    |
+----------------------+-----+-----+------------+--------------+--------------+
|ap_clk                |   in|    1|  ap_ctrl_hs|     C_Dense_2|  return value|
|ap_rst                |   in|    1|  ap_ctrl_hs|     C_Dense_2|  return value|
|ap_start              |   in|    1|  ap_ctrl_hs|     C_Dense_2|  return value|
|ap_done               |  out|    1|  ap_ctrl_hs|     C_Dense_2|  return value|
|ap_idle               |  out|    1|  ap_ctrl_hs|     C_Dense_2|  return value|
|ap_ready              |  out|    1|  ap_ctrl_hs|     C_Dense_2|  return value|
|ap_return             |  out|   16|  ap_ctrl_hs|     C_Dense_2|  return value|
|input_Dense_address0  |  out|    4|   ap_memory|   input_Dense|         array|
|input_Dense_ce0       |  out|    1|   ap_memory|   input_Dense|         array|
|input_Dense_q0        |   in|   15|   ap_memory|   input_Dense|         array|
|input_Dense_address1  |  out|    4|   ap_memory|   input_Dense|         array|
|input_Dense_ce1       |  out|    1|   ap_memory|   input_Dense|         array|
|input_Dense_q1        |   in|   15|   ap_memory|   input_Dense|         array|
|m_axi_gmem1_AWVALID   |  out|    1|       m_axi|         gmem1|       pointer|
|m_axi_gmem1_AWREADY   |   in|    1|       m_axi|         gmem1|       pointer|
|m_axi_gmem1_AWADDR    |  out|   64|       m_axi|         gmem1|       pointer|
|m_axi_gmem1_AWID      |  out|    1|       m_axi|         gmem1|       pointer|
|m_axi_gmem1_AWLEN     |  out|   32|       m_axi|         gmem1|       pointer|
|m_axi_gmem1_AWSIZE    |  out|    3|       m_axi|         gmem1|       pointer|
|m_axi_gmem1_AWBURST   |  out|    2|       m_axi|         gmem1|       pointer|
|m_axi_gmem1_AWLOCK    |  out|    2|       m_axi|         gmem1|       pointer|
|m_axi_gmem1_AWCACHE   |  out|    4|       m_axi|         gmem1|       pointer|
|m_axi_gmem1_AWPROT    |  out|    3|       m_axi|         gmem1|       pointer|
|m_axi_gmem1_AWQOS     |  out|    4|       m_axi|         gmem1|       pointer|
|m_axi_gmem1_AWREGION  |  out|    4|       m_axi|         gmem1|       pointer|
|m_axi_gmem1_AWUSER    |  out|    1|       m_axi|         gmem1|       pointer|
|m_axi_gmem1_WVALID    |  out|    1|       m_axi|         gmem1|       pointer|
|m_axi_gmem1_WREADY    |   in|    1|       m_axi|         gmem1|       pointer|
|m_axi_gmem1_WDATA     |  out|   16|       m_axi|         gmem1|       pointer|
|m_axi_gmem1_WSTRB     |  out|    2|       m_axi|         gmem1|       pointer|
|m_axi_gmem1_WLAST     |  out|    1|       m_axi|         gmem1|       pointer|
|m_axi_gmem1_WID       |  out|    1|       m_axi|         gmem1|       pointer|
|m_axi_gmem1_WUSER     |  out|    1|       m_axi|         gmem1|       pointer|
|m_axi_gmem1_ARVALID   |  out|    1|       m_axi|         gmem1|       pointer|
|m_axi_gmem1_ARREADY   |   in|    1|       m_axi|         gmem1|       pointer|
|m_axi_gmem1_ARADDR    |  out|   64|       m_axi|         gmem1|       pointer|
|m_axi_gmem1_ARID      |  out|    1|       m_axi|         gmem1|       pointer|
|m_axi_gmem1_ARLEN     |  out|   32|       m_axi|         gmem1|       pointer|
|m_axi_gmem1_ARSIZE    |  out|    3|       m_axi|         gmem1|       pointer|
|m_axi_gmem1_ARBURST   |  out|    2|       m_axi|         gmem1|       pointer|
|m_axi_gmem1_ARLOCK    |  out|    2|       m_axi|         gmem1|       pointer|
|m_axi_gmem1_ARCACHE   |  out|    4|       m_axi|         gmem1|       pointer|
|m_axi_gmem1_ARPROT    |  out|    3|       m_axi|         gmem1|       pointer|
|m_axi_gmem1_ARQOS     |  out|    4|       m_axi|         gmem1|       pointer|
|m_axi_gmem1_ARREGION  |  out|    4|       m_axi|         gmem1|       pointer|
|m_axi_gmem1_ARUSER    |  out|    1|       m_axi|         gmem1|       pointer|
|m_axi_gmem1_RVALID    |   in|    1|       m_axi|         gmem1|       pointer|
|m_axi_gmem1_RREADY    |  out|    1|       m_axi|         gmem1|       pointer|
|m_axi_gmem1_RDATA     |   in|   16|       m_axi|         gmem1|       pointer|
|m_axi_gmem1_RLAST     |   in|    1|       m_axi|         gmem1|       pointer|
|m_axi_gmem1_RID       |   in|    1|       m_axi|         gmem1|       pointer|
|m_axi_gmem1_RFIFONUM  |   in|   10|       m_axi|         gmem1|       pointer|
|m_axi_gmem1_RUSER     |   in|    1|       m_axi|         gmem1|       pointer|
|m_axi_gmem1_RRESP     |   in|    2|       m_axi|         gmem1|       pointer|
|m_axi_gmem1_BVALID    |   in|    1|       m_axi|         gmem1|       pointer|
|m_axi_gmem1_BREADY    |  out|    1|       m_axi|         gmem1|       pointer|
|m_axi_gmem1_BRESP     |   in|    2|       m_axi|         gmem1|       pointer|
|m_axi_gmem1_BID       |   in|    1|       m_axi|         gmem1|       pointer|
|m_axi_gmem1_BUSER     |   in|    1|       m_axi|         gmem1|       pointer|
|bias                  |   in|   64|     ap_none|          bias|        scalar|
|weight                |   in|   64|     ap_none|        weight|        scalar|
+----------------------+-----+-----+------------+--------------+--------------+

