

================================================================
== Vitis HLS Report for 'C_Dense_2_Pipeline_VITIS_LOOP_57_2'
================================================================
* Date:           Wed Apr 15 01:46:55 2026

* Version:        2022.2 (Build 3670227 on Oct 13 2022)
* Project:        ProjectOne
* Solution:       solution1 (Vivado IP Flow Target)
* Product family: zynquplus
* Target device:  xck26-sfvc784-2LV-c


================================================================
== Performance Estimates
================================================================
+ Timing: 
    * Summary: 
    +--------+----------+----------+------------+
    |  Clock |  Target  | Estimated| Uncertainty|
    +--------+----------+----------+------------+
    |ap_clk  |  10.00 ns|  5.868 ns|     2.70 ns|
    +--------+----------+----------+------------+

+ Latency: 
    * Summary: 
    +---------+---------+----------+----------+-----+-----+---------+
    |  Latency (cycles) |  Latency (absolute) |  Interval | Pipeline|
    |   min   |   max   |    min   |    max   | min | max |   Type  |
    +---------+---------+----------+----------+-----+-----+---------+
    |       46|       46|  0.460 us|  0.460 us|   46|   46|       no|
    +---------+---------+----------+----------+-----+-----+---------+

    + Detail: 
        * Instance: 
        +----------------------+------------+---------+---------+-----------+-----------+-----+-----+---------+
        |                      |            |  Latency (cycles) |   Latency (absolute)  |  Interval | Pipeline|
        |       Instance       |   Module   |   min   |   max   |    min    |    max    | min | max |   Type  |
        +----------------------+------------+---------+---------+-----------+-----------+-----+-----+---------+
        |grp_exp_17_9_s_fu_79  |exp_17_9_s  |        5|        5|  50.000 ns|  50.000 ns|    1|    1|      yes|
        +----------------------+------------+---------+---------+-----------+-----------+-----+-----+---------+

        * Loop: 
        +-------------------+---------+---------+----------+-----------+-----------+------+----------+
        |                   |  Latency (cycles) | Iteration|  Initiation Interval  | Trip |          |
        |     Loop Name     |   min   |   max   |  Latency |  achieved |   target  | Count| Pipelined|
        +-------------------+---------+---------+----------+-----------+-----------+------+----------+
        |- VITIS_LOOP_57_2  |       44|       44|        36|          1|          1|    10|       yes|
        +-------------------+---------+---------+----------+-----------+-----------+------+----------+



================================================================
== Utilization Estimates
================================================================
* Summary: 
+-----------------+---------+------+--------+--------+-----+
|       Name      | BRAM_18K|  DSP |   FF   |   LUT  | URAM|
+-----------------+---------+------+--------+--------+-----+
|DSP              |        -|     -|       -|       -|    -|
|Expression       |        -|     -|       0|      47|    -|
|FIFO             |        -|     -|       -|       -|    -|
|Instance         |        -|     -|    1562|    1177|    -|
|Memory           |        -|     -|       -|       -|    -|
|Multiplexer      |        -|     -|       -|      36|    -|
|Register         |        -|     -|     203|      32|    -|
+-----------------+---------+------+--------+--------+-----+
|Total            |        0|     0|    1765|    1292|    0|
+-----------------+---------+------+--------+--------+-----+
|Available        |      288|  1248|  234240|  117120|   64|
+-----------------+---------+------+--------+--------+-----+
|Utilization (%)  |        0|     0|      ~0|       1|    0|
+-----------------+---------+------+--------+--------+-----+

+ Detail: 
    * Instance: 
    +----------------------------+-----------------------+---------+----+------+------+-----+
    |          Instance          |         Module        | BRAM_18K| DSP|  FF  |  LUT | URAM|
    +----------------------------+-----------------------+---------+----+------+------+-----+
    |sdiv_25ns_16s_16_29_1_U339  |sdiv_25ns_16s_16_29_1  |        0|   0|  1562|  1177|    0|
    +----------------------------+-----------------------+---------+----+------+------+-----+
    |Total                       |                       |        0|   0|  1562|  1177|    0|
    +----------------------------+-----------------------+---------+----+------+------+-----+

    * DSP: 
    N/A

    * Memory: 
    N/A

    * FIFO: 
    N/A

    * Expression: 
    +---------------------+----------+----+---+----+------------+------------+
    |    Variable Name    | Operation| DSP| FF| LUT| Bitwidth P0| Bitwidth P1|
    +---------------------+----------+----+---+----+------------+------------+
    |add_ln57_fu_112_p2   |         +|   0|  0|  12|           4|           1|
    |ret_V_fu_132_p2      |         -|   0|  0|  24|          17|          17|
    |icmp_ln57_fu_106_p2  |      icmp|   0|  0|   9|           4|           4|
    |ap_enable_pp0        |       xor|   0|  0|   2|           1|           2|
    +---------------------+----------+----+---+----+------------+------------+
    |Total                |          |   0|  0|  47|          26|          24|
    +---------------------+----------+----+---+----+------------+------------+

    * Multiplexer: 
    +-------------------------+----+-----------+-----+-----------+
    |           Name          | LUT| Input Size| Bits| Total Bits|
    +-------------------------+----+-----------+-----+-----------+
    |ap_done_int              |   9|          2|    1|          2|
    |ap_enable_reg_pp0_iter1  |   9|          2|    1|          2|
    |ap_sig_allocacmp_i_6     |   9|          2|    4|          8|
    |i_fu_46                  |   9|          2|    4|          8|
    +-------------------------+----+-----------+-----+-----------+
    |Total                    |  36|          8|   10|         20|
    +-------------------------+----+-----------+-----+-----------+

    * Register: 
    +-----------------------------------+----+----+-----+-----------+
    |                Name               | FF | LUT| Bits| Const Bits|
    +-----------------------------------+----+----+-----+-----------+
    |ap_CS_fsm                          |   1|   0|    1|          0|
    |ap_done_reg                        |   1|   0|    1|          0|
    |ap_enable_reg_pp0_iter1            |   1|   0|    1|          0|
    |ap_enable_reg_pp0_iter10           |   1|   0|    1|          0|
    |ap_enable_reg_pp0_iter11           |   1|   0|    1|          0|
    |ap_enable_reg_pp0_iter12           |   1|   0|    1|          0|
    |ap_enable_reg_pp0_iter13           |   1|   0|    1|          0|
    |ap_enable_reg_pp0_iter14           |   1|   0|    1|          0|
    |ap_enable_reg_pp0_iter15           |   1|   0|    1|          0|
    |ap_enable_reg_pp0_iter16           |   1|   0|    1|          0|
    |ap_enable_reg_pp0_iter17           |   1|   0|    1|          0|
    |ap_enable_reg_pp0_iter18           |   1|   0|    1|          0|
    |ap_enable_reg_pp0_iter19           |   1|   0|    1|          0|
    |ap_enable_reg_pp0_iter2            |   1|   0|    1|          0|
    |ap_enable_reg_pp0_iter20           |   1|   0|    1|          0|
    |ap_enable_reg_pp0_iter21           |   1|   0|    1|          0|
    |ap_enable_reg_pp0_iter22           |   1|   0|    1|          0|
    |ap_enable_reg_pp0_iter23           |   1|   0|    1|          0|
    |ap_enable_reg_pp0_iter24           |   1|   0|    1|          0|
    |ap_enable_reg_pp0_iter25           |   1|   0|    1|          0|
    |ap_enable_reg_pp0_iter26           |   1|   0|    1|          0|
    |ap_enable_reg_pp0_iter27           |   1|   0|    1|          0|
    |ap_enable_reg_pp0_iter28           |   1|   0|    1|          0|
    |ap_enable_reg_pp0_iter29           |   1|   0|    1|          0|
    |ap_enable_reg_pp0_iter3            |   1|   0|    1|          0|
    |ap_enable_reg_pp0_iter30           |   1|   0|    1|          0|
    |ap_enable_reg_pp0_iter31           |   1|   0|    1|          0|
    |ap_enable_reg_pp0_iter32           |   1|   0|    1|          0|
    |ap_enable_reg_pp0_iter33           |   1|   0|    1|          0|
    |ap_enable_reg_pp0_iter34           |   1|   0|    1|          0|
    |ap_enable_reg_pp0_iter35           |   1|   0|    1|          0|
    |ap_enable_reg_pp0_iter4            |   1|   0|    1|          0|
    |ap_enable_reg_pp0_iter5            |   1|   0|    1|          0|
    |ap_enable_reg_pp0_iter6            |   1|   0|    1|          0|
    |ap_enable_reg_pp0_iter7            |   1|   0|    1|          0|
    |ap_enable_reg_pp0_iter8            |   1|   0|    1|          0|
    |ap_enable_reg_pp0_iter9            |   1|   0|    1|          0|
    |ap_loop_exit_ready_pp0_iter10_reg  |   1|   0|    1|          0|
    |ap_loop_exit_ready_pp0_iter11_reg  |   1|   0|    1|          0|
    |ap_loop_exit_ready_pp0_iter12_reg  |   1|   0|    1|          0|
    |ap_loop_exit_ready_pp0_iter13_reg  |   1|   0|    1|          0|
    |ap_loop_exit_ready_pp0_iter14_reg  |   1|   0|    1|          0|
    |ap_loop_exit_ready_pp0_iter15_reg  |   1|   0|    1|          0|
    |ap_loop_exit_ready_pp0_iter16_reg  |   1|   0|    1|          0|
    |ap_loop_exit_ready_pp0_iter17_reg  |   1|   0|    1|          0|
    |ap_loop_exit_ready_pp0_iter18_reg  |   1|   0|    1|          0|
    |ap_loop_exit_ready_pp0_iter19_reg  |   1|   0|    1|          0|
    |ap_loop_exit_ready_pp0_iter1_reg   |   1|   0|    1|          0|
    |ap_loop_exit_ready_pp0_iter20_reg  |   1|   0|    1|          0|
    |ap_loop_exit_ready_pp0_iter21_reg  |   1|   0|    1|          0|
    |ap_loop_exit_ready_pp0_iter22_reg  |   1|   0|    1|          0|
    |ap_loop_exit_ready_pp0_iter23_reg  |   1|   0|    1|          0|
    |ap_loop_exit_ready_pp0_iter24_reg  |   1|   0|    1|          0|
    |ap_loop_exit_ready_pp0_iter25_reg  |   1|   0|    1|          0|
    |ap_loop_exit_ready_pp0_iter26_reg  |   1|   0|    1|          0|
    |ap_loop_exit_ready_pp0_iter27_reg  |   1|   0|    1|          0|
    |ap_loop_exit_ready_pp0_iter28_reg  |   1|   0|    1|          0|
    |ap_loop_exit_ready_pp0_iter29_reg  |   1|   0|    1|          0|
    |ap_loop_exit_ready_pp0_iter2_reg   |   1|   0|    1|          0|
    |ap_loop_exit_ready_pp0_iter30_reg  |   1|   0|    1|          0|
    |ap_loop_exit_ready_pp0_iter31_reg  |   1|   0|    1|          0|
    |ap_loop_exit_ready_pp0_iter32_reg  |   1|   0|    1|          0|
    |ap_loop_exit_ready_pp0_iter33_reg  |   1|   0|    1|          0|
    |ap_loop_exit_ready_pp0_iter34_reg  |   1|   0|    1|          0|
    |ap_loop_exit_ready_pp0_iter3_reg   |   1|   0|    1|          0|
    |ap_loop_exit_ready_pp0_iter4_reg   |   1|   0|    1|          0|
    |ap_loop_exit_ready_pp0_iter5_reg   |   1|   0|    1|          0|
    |ap_loop_exit_ready_pp0_iter6_reg   |   1|   0|    1|          0|
    |ap_loop_exit_ready_pp0_iter7_reg   |   1|   0|    1|          0|
    |ap_loop_exit_ready_pp0_iter8_reg   |   1|   0|    1|          0|
    |ap_loop_exit_ready_pp0_iter9_reg   |   1|   0|    1|          0|
    |grp_exp_17_9_s_fu_79_ap_start_reg  |   1|   0|    1|          0|
    |i_fu_46                            |   4|   0|    4|          0|
    |out_Dense_V_addr_reg_176           |   4|   0|    4|          0|
    |p_cast_cast_reg_162                |  25|   0|   25|          0|
    |sext_ln813_3_cast_reg_167          |  17|   0|   17|          0|
    |t_reg_182                          |  17|   0|   17|          0|
    |out_Dense_V_addr_reg_176           |  64|  32|    4|          0|
    +-----------------------------------+----+----+-----+-----------+
    |Total                              | 203|  32|  143|          0|
    +-----------------------------------+----+----+-----+-----------+



================================================================
== Interface
================================================================
* Summary: 
+-------------------------------+-----+-----+------------+------------------------------------+--------------+
|           RTL Ports           | Dir | Bits|  Protocol  |            Source Object           |    C Type    |
+-------------------------------+-----+-----+------------+------------------------------------+--------------+
|ap_clk                         |   in|    1|  ap_ctrl_hs|  C_Dense_2_Pipeline_VITIS_LOOP_57_2|  return value|
|ap_rst                         |   in|    1|  ap_ctrl_hs|  C_Dense_2_Pipeline_VITIS_LOOP_57_2|  return value|
|ap_start                       |   in|    1|  ap_ctrl_hs|  C_Dense_2_Pipeline_VITIS_LOOP_57_2|  return value|
|ap_done                        |  out|    1|  ap_ctrl_hs|  C_Dense_2_Pipeline_VITIS_LOOP_57_2|  return value|
|ap_idle                        |  out|    1|  ap_ctrl_hs|  C_Dense_2_Pipeline_VITIS_LOOP_57_2|  return value|
|ap_ready                       |  out|    1|  ap_ctrl_hs|  C_Dense_2_Pipeline_VITIS_LOOP_57_2|  return value|
|grp_exp_17_9_s_fu_568_p_din1   |  out|   17|  ap_ctrl_hs|  C_Dense_2_Pipeline_VITIS_LOOP_57_2|  return value|
|grp_exp_17_9_s_fu_568_p_dout0  |   in|   17|  ap_ctrl_hs|  C_Dense_2_Pipeline_VITIS_LOOP_57_2|  return value|
|grp_exp_17_9_s_fu_568_p_start  |  out|    1|  ap_ctrl_hs|  C_Dense_2_Pipeline_VITIS_LOOP_57_2|  return value|
|grp_exp_17_9_s_fu_568_p_ready  |   in|    1|  ap_ctrl_hs|  C_Dense_2_Pipeline_VITIS_LOOP_57_2|  return value|
|grp_exp_17_9_s_fu_568_p_done   |   in|    1|  ap_ctrl_hs|  C_Dense_2_Pipeline_VITIS_LOOP_57_2|  return value|
|grp_exp_17_9_s_fu_568_p_idle   |   in|    1|  ap_ctrl_hs|  C_Dense_2_Pipeline_VITIS_LOOP_57_2|  return value|
|out_Dense_V_address0           |  out|    4|   ap_memory|                         out_Dense_V|         array|
|out_Dense_V_ce0                |  out|    1|   ap_memory|                         out_Dense_V|         array|
|out_Dense_V_we0                |  out|    1|   ap_memory|                         out_Dense_V|         array|
|out_Dense_V_d0                 |  out|   16|   ap_memory|                         out_Dense_V|         array|
|out_Dense_V_address1           |  out|    4|   ap_memory|                         out_Dense_V|         array|
|out_Dense_V_ce1                |  out|    1|   ap_memory|                         out_Dense_V|         array|
|out_Dense_V_q1                 |   in|   16|   ap_memory|                         out_Dense_V|         array|
|sext_ln813_3                   |   in|   16|     ap_none|                        sext_ln813_3|        scalar|
|p_cast                         |   in|   16|     ap_none|                              p_cast|        scalar|
+-------------------------------+-----+-----+------------+------------------------------------+--------------+

