

================================================================
== Vitis HLS Report for 'C_Dense_2_Pipeline_loop_detect'
================================================================
* Date:           Wed Apr 15 01:46:54 2026

* Version:        2022.2 (Build 3670227 on Oct 13 2022)
* Project:        ProjectOne
* Solution:       solution1 (Vivado IP Flow Target)
* Product family: zynquplus
* Target device:  xck26-sfvc784-2LV-c


================================================================
== Performance Estimates
================================================================
+ Timing: 
    * Summary: 
    +--------+----------+----------+------------+
    |  Clock |  Target  | Estimated| Uncertainty|
    +--------+----------+----------+------------+
    |ap_clk  |  10.00 ns|  2.655 ns|     2.70 ns|
    +--------+----------+----------+------------+

+ Latency: 
    * Summary: 
    +---------+---------+----------+----------+-----+-----+---------+
    |  Latency (cycles) |  Latency (absolute) |  Interval | Pipeline|
    |   min   |   max   |    min   |    max   | min | max |   Type  |
    +---------+---------+----------+----------+-----+-----+---------+
    |       13|       13|  0.130 us|  0.130 us|   13|   13|       no|
    +---------+---------+----------+----------+-----+-----+---------+

    + Detail: 
        * Instance: 
        N/A

        * Loop: 
        +---------------+---------+---------+----------+-----------+-----------+------+----------+
        |               |  Latency (cycles) | Iteration|  Initiation Interval  | Trip |          |
        |   Loop Name   |   min   |   max   |  Latency |  achieved |   target  | Count| Pipelined|
        +---------------+---------+---------+----------+-----------+-----------+------+----------+
        |- loop_detect  |       11|       11|         2|          1|          1|    10|       yes|
        +---------------+---------+---------+----------+-----------+-----------+------+----------+



================================================================
== Utilization Estimates
================================================================
* Summary: 
+-----------------+---------+------+--------+--------+-----+
|       Name      | BRAM_18K|  DSP |   FF   |   LUT  | URAM|
+-----------------+---------+------+--------+--------+-----+
|DSP              |        -|     -|       -|       -|    -|
|Expression       |        -|     -|       0|      84|    -|
|FIFO             |        -|     -|       -|       -|    -|
|Instance         |        -|     -|       -|       -|    -|
|Memory           |        -|     -|       -|       -|    -|
|Multiplexer      |        -|     -|       -|      54|    -|
|Register         |        -|     -|      61|       -|    -|
+-----------------+---------+------+--------+--------+-----+
|Total            |        0|     0|      61|     138|    0|
+-----------------+---------+------+--------+--------+-----+
|Available        |      288|  1248|  234240|  117120|   64|
+-----------------+---------+------+--------+--------+-----+
|Utilization (%)  |        0|     0|      ~0|      ~0|    0|
+-----------------+---------+------+--------+--------+-----+

+ Detail: 
    * Instance: 
    N/A

    * DSP: 
    N/A

    * Memory: 
    N/A

    * FIFO: 
    N/A

    * Expression: 
    +-----------------------+----------+----+---+----+------------+------------+
    |     Variable Name     | Operation| DSP| FF| LUT| Bitwidth P0| Bitwidth P1|
    +-----------------------+----------+----+---+----+------------+------------+
    |add_ln46_fu_98_p2      |         +|   0|  0|  12|           4|           1|
    |icmp_ln1649_fu_125_p2  |      icmp|   0|  0|  13|          16|          16|
    |icmp_ln46_fu_92_p2     |      icmp|   0|  0|   9|           4|           4|
    |max_V_2_fu_131_p3      |    select|   0|  0|  16|           1|          16|
    |maxindex_3_fu_142_p3   |    select|   0|  0|  32|           1|          32|
    |ap_enable_pp0          |       xor|   0|  0|   2|           1|           2|
    +-----------------------+----------+----+---+----+------------+------------+
    |Total                  |          |   0|  0|  84|          27|          71|
    +-----------------------+----------+----+---+----+------------+------------+

    * Multiplexer: 
    +----------------------------------+----+-----------+-----+-----------+
    |               Name               | LUT| Input Size| Bits| Total Bits|
    +----------------------------------+----+-----------+-----+-----------+
    |ap_done_int                       |   9|          2|    1|          2|
    |ap_loop_exit_ready_pp0_iter1_reg  |   9|          2|    1|          2|
    |ap_sig_allocacmp_i_4              |   9|          2|    4|          8|
    |i_fu_44                           |   9|          2|    4|          8|
    |max_V_1_fu_36                     |   9|          2|   16|         32|
    |maxindex_fu_40                    |   9|          2|   32|         64|
    +----------------------------------+----+-----------+-----+-----------+
    |Total                             |  54|         12|   58|        116|
    +----------------------------------+----+-----------+-----+-----------+

    * Register: 
    +----------------------------------+----+----+-----+-----------+
    |               Name               | FF | LUT| Bits| Const Bits|
    +----------------------------------+----+----+-----+-----------+
    |ap_CS_fsm                         |   1|   0|    1|          0|
    |ap_done_reg                       |   1|   0|    1|          0|
    |ap_enable_reg_pp0_iter1           |   1|   0|    1|          0|
    |ap_loop_exit_ready_pp0_iter1_reg  |   1|   0|    1|          0|
    |i_4_reg_181                       |   4|   0|    4|          0|
    |i_fu_44                           |   4|   0|    4|          0|
    |icmp_ln46_reg_186                 |   1|   0|    1|          0|
    |max_V_1_fu_36                     |  16|   0|   16|          0|
    |maxindex_fu_40                    |  32|   0|   32|          0|
    +----------------------------------+----+----+-----+-----------+
    |Total                             |  61|   0|   61|          0|
    +----------------------------------+----+----+-----+-----------+



================================================================
== Interface
================================================================
* Summary: 
+----------------------+-----+-----+------------+--------------------------------+--------------+
|       RTL Ports      | Dir | Bits|  Protocol  |          Source Object         |    C Type    |
+----------------------+-----+-----+------------+--------------------------------+--------------+
|ap_clk                |   in|    1|  ap_ctrl_hs|  C_Dense_2_Pipeline_loop_detect|  return value|
|ap_rst                |   in|    1|  ap_ctrl_hs|  C_Dense_2_Pipeline_loop_detect|  return value|
|ap_start              |   in|    1|  ap_ctrl_hs|  C_Dense_2_Pipeline_loop_detect|  return value|
|ap_done               |  out|    1|  ap_ctrl_hs|  C_Dense_2_Pipeline_loop_detect|  return value|
|ap_idle               |  out|    1|  ap_ctrl_hs|  C_Dense_2_Pipeline_loop_detect|  return value|
|ap_ready              |  out|    1|  ap_ctrl_hs|  C_Dense_2_Pipeline_loop_detect|  return value|
|max_V                 |   in|   16|     ap_none|                           max_V|        scalar|
|out_Dense_V_address0  |  out|    4|   ap_memory|                     out_Dense_V|         array|
|out_Dense_V_ce0       |  out|    1|   ap_memory|                     out_Dense_V|         array|
|out_Dense_V_q0        |   in|   16|   ap_memory|                     out_Dense_V|         array|
|maxindex_out          |  out|    4|      ap_vld|                    maxindex_out|       pointer|
|maxindex_out_ap_vld   |  out|    1|      ap_vld|                    maxindex_out|       pointer|
+----------------------+-----+-----+------------+--------------------------------+--------------+

