

================================================================
== Vitis HLS Report for 'C_Dense_2_Pipeline_loop_for_a_Dense_2'
================================================================
* Date:           Wed Apr 15 01:46:53 2026

* Version:        2022.2 (Build 3670227 on Oct 13 2022)
* Project:        ProjectOne
* Solution:       solution1 (Vivado IP Flow Target)
* Product family: zynquplus
* Target device:  xck26-sfvc784-2LV-c


================================================================
== Performance Estimates
================================================================
+ Timing: 
    * Summary: 
    +--------+----------+----------+------------+
    |  Clock |  Target  | Estimated| Uncertainty|
    +--------+----------+----------+------------+
    |ap_clk  |  10.00 ns|  7.300 ns|     2.70 ns|
    +--------+----------+----------+------------+

+ Latency: 
    * Summary: 
    +---------+---------+----------+----------+-----+-----+---------+
    |  Latency (cycles) |  Latency (absolute) |  Interval | Pipeline|
    |   min   |   max   |    min   |    max   | min | max |   Type  |
    +---------+---------+----------+----------+-----+-----+---------+
    |      183|      183|  1.830 us|  1.830 us|  183|  183|       no|
    +---------+---------+----------+----------+-----+-----+---------+

    + Detail: 
        * Instance: 
        N/A

        * Loop: 
        +----------------------+---------+---------+----------+-----------+-----------+------+----------+
        |                      |  Latency (cycles) | Iteration|  Initiation Interval  | Trip |          |
        |       Loop Name      |   min   |   max   |  Latency |  achieved |   target  | Count| Pipelined|
        +----------------------+---------+---------+----------+-----------+-----------+------+----------+
        |- loop_for_a_Dense_2  |      181|      181|        29|         17|          1|    10|       yes|
        +----------------------+---------+---------+----------+-----------+-----------+------+----------+



================================================================
== Utilization Estimates
================================================================
* Summary: 
+-----------------+---------+------+--------+--------+-----+
|       Name      | BRAM_18K|  DSP |   FF   |   LUT  | URAM|
+-----------------+---------+------+--------+--------+-----+
|DSP              |        -|    16|       -|       -|    -|
|Expression       |        -|     -|       0|    1481|    -|
|FIFO             |        -|     -|       -|       -|    -|
|Instance         |        -|     -|       -|       -|    -|
|Memory           |        -|     -|       -|       -|    -|
|Multiplexer      |        -|     -|       -|     250|    -|
|Register         |        -|     -|    1665|       -|    -|
+-----------------+---------+------+--------+--------+-----+
|Total            |        0|    16|    1665|    1731|    0|
+-----------------+---------+------+--------+--------+-----+
|Available        |      288|  1248|  234240|  117120|   64|
+-----------------+---------+------+--------+--------+-----+
|Utilization (%)  |        0|     1|      ~0|       1|    0|
+-----------------+---------+------+--------+--------+-----+

+ Detail: 
    * Instance: 
    N/A

    * DSP: 
    +--------------------------------------+---------------------------------+--------------+
    |               Instance               |              Module             |  Expression  |
    +--------------------------------------+---------------------------------+--------------+
    |mac_muladd_16s_15ns_24ns_24_4_1_U290  |mac_muladd_16s_15ns_24ns_24_4_1  |  i0 + i1 * i2|
    |mac_muladd_16s_15ns_24ns_24_4_1_U291  |mac_muladd_16s_15ns_24ns_24_4_1  |  i0 + i1 * i2|
    |mac_muladd_16s_15ns_24ns_24_4_1_U292  |mac_muladd_16s_15ns_24ns_24_4_1  |  i0 + i1 * i2|
    |mac_muladd_16s_15ns_24ns_24_4_1_U293  |mac_muladd_16s_15ns_24ns_24_4_1  |  i0 + i1 * i2|
    |mac_muladd_16s_15ns_24ns_24_4_1_U294  |mac_muladd_16s_15ns_24ns_24_4_1  |  i0 + i1 * i2|
    |mac_muladd_16s_15ns_24ns_24_4_1_U295  |mac_muladd_16s_15ns_24ns_24_4_1  |  i0 + i1 * i2|
    |mac_muladd_16s_15ns_24ns_24_4_1_U296  |mac_muladd_16s_15ns_24ns_24_4_1  |  i0 + i1 * i2|
    |mac_muladd_16s_15ns_24ns_24_4_1_U297  |mac_muladd_16s_15ns_24ns_24_4_1  |  i0 + i1 * i2|
    |mac_muladd_16s_15ns_24ns_24_4_1_U298  |mac_muladd_16s_15ns_24ns_24_4_1  |  i0 + i1 * i2|
    |mac_muladd_16s_15ns_24ns_24_4_1_U299  |mac_muladd_16s_15ns_24ns_24_4_1  |  i0 + i1 * i2|
    |mac_muladd_16s_15ns_24ns_24_4_1_U300  |mac_muladd_16s_15ns_24ns_24_4_1  |  i0 + i1 * i2|
    |mac_muladd_16s_15ns_24ns_24_4_1_U301  |mac_muladd_16s_15ns_24ns_24_4_1  |  i0 + i1 * i2|
    |mac_muladd_16s_15ns_24ns_24_4_1_U302  |mac_muladd_16s_15ns_24ns_24_4_1  |  i0 + i1 * i2|
    |mac_muladd_16s_15ns_24ns_24_4_1_U303  |mac_muladd_16s_15ns_24ns_24_4_1  |  i0 + i1 * i2|
    |mac_muladd_16s_15ns_24ns_24_4_1_U304  |mac_muladd_16s_15ns_24ns_24_4_1  |  i0 + i1 * i2|
    |mul_mul_16s_15ns_24_4_1_U289          |mul_mul_16s_15ns_24_4_1          |       i0 * i1|
    +--------------------------------------+---------------------------------+--------------+

    * Memory: 
    N/A

    * FIFO: 
    N/A

    * Expression: 
    +-----------------------------------+----------+----+---+----+------------+------------+
    |           Variable Name           | Operation| DSP| FF| LUT| Bitwidth P0| Bitwidth P1|
    +-----------------------------------+----------+----+---+----+------------+------------+
    |add_ln1273_10_fu_1043_p2           |         +|   0|  0|  71|          64|          64|
    |add_ln1273_11_fu_1092_p2           |         +|   0|  0|  71|          64|          64|
    |add_ln1273_12_fu_1158_p2           |         +|   0|  0|  71|          64|          64|
    |add_ln1273_13_fu_1220_p2           |         +|   0|  0|  71|          64|          64|
    |add_ln1273_14_fu_1262_p2           |         +|   0|  0|  71|          64|          64|
    |add_ln1273_15_fu_1304_p2           |         +|   0|  0|  71|          64|          64|
    |add_ln1273_1_fu_647_p2             |         +|   0|  0|  71|          64|          64|
    |add_ln1273_2_fu_689_p2             |         +|   0|  0|  71|          64|          64|
    |add_ln1273_36_fu_629_p2            |         +|   0|  0|  12|           5|           4|
    |add_ln1273_37_fu_672_p2            |         +|   0|  0|  12|           5|           5|
    |add_ln1273_38_fu_717_p2            |         +|   0|  0|  13|           6|           5|
    |add_ln1273_39_fu_760_p2            |         +|   0|  0|  13|           6|           6|
    |add_ln1273_3_fu_735_p2             |         +|   0|  0|  71|          64|          64|
    |add_ln1273_40_fu_802_p2            |         +|   0|  0|  12|           5|           5|
    |add_ln1273_41_fu_851_p2            |         +|   0|  0|  14|           7|           6|
    |add_ln1273_42_fu_894_p2            |         +|   0|  0|  14|           7|           7|
    |add_ln1273_43_fu_977_p2            |         +|   0|  0|  14|           7|           7|
    |add_ln1273_44_fu_1022_p2           |         +|   0|  0|  13|           6|           6|
    |add_ln1273_45_fu_1071_p2           |         +|   0|  0|  13|           6|           6|
    |add_ln1273_46_fu_1140_p2           |         +|   0|  0|  15|           8|           7|
    |add_ln1273_47_fu_1203_p2           |         +|   0|  0|  15|           8|           8|
    |add_ln1273_48_fu_1245_p2           |         +|   0|  0|  15|           8|           8|
    |add_ln1273_49_fu_1287_p2           |         +|   0|  0|  15|           8|           8|
    |add_ln1273_4_fu_777_p2             |         +|   0|  0|  71|          64|          64|
    |add_ln1273_5_fu_823_p2             |         +|   0|  0|  71|          64|          64|
    |add_ln1273_6_fu_869_p2             |         +|   0|  0|  71|          64|          64|
    |add_ln1273_7_fu_911_p2             |         +|   0|  0|  71|          64|          64|
    |add_ln1273_8_fu_949_p2             |         +|   0|  0|  71|          64|          64|
    |add_ln1273_9_fu_994_p2             |         +|   0|  0|  71|          64|          64|
    |add_ln1273_fu_569_p2               |         +|   0|  0|  71|          64|          64|
    |add_ln35_fu_551_p2                 |         +|   0|  0|  12|           4|           1|
    |add_ln813_fu_595_p2                |         +|   0|  0|  71|          64|          64|
    |out_Dense_V_d0                     |         +|   0|  0|  23|          16|          16|
    |ap_block_pp0_stage0_11001          |       and|   0|  0|   2|           1|           1|
    |ap_block_pp0_stage10_11001         |       and|   0|  0|   2|           1|           1|
    |ap_block_pp0_stage11_11001         |       and|   0|  0|   2|           1|           1|
    |ap_block_pp0_stage12_11001         |       and|   0|  0|   2|           1|           1|
    |ap_block_pp0_stage13_11001         |       and|   0|  0|   2|           1|           1|
    |ap_block_pp0_stage14_11001         |       and|   0|  0|   2|           1|           1|
    |ap_block_pp0_stage15_11001         |       and|   0|  0|   2|           1|           1|
    |ap_block_pp0_stage16_11001         |       and|   0|  0|   2|           1|           1|
    |ap_block_pp0_stage8_11001          |       and|   0|  0|   2|           1|           1|
    |ap_block_pp0_stage9_11001          |       and|   0|  0|   2|           1|           1|
    |ap_block_state10_io                |       and|   0|  0|   2|           1|           1|
    |ap_block_state10_pp0_stage9_iter0  |       and|   0|  0|   2|           1|           1|
    |icmp_ln35_fu_545_p2                |      icmp|   0|  0|   9|           4|           4|
    |ap_block_pp0_stage1_11001          |        or|   0|  0|   2|           1|           1|
    |ap_block_pp0_stage2_11001          |        or|   0|  0|   2|           1|           1|
    |ap_block_pp0_stage3_11001          |        or|   0|  0|   2|           1|           1|
    |ap_block_pp0_stage4_11001          |        or|   0|  0|   2|           1|           1|
    |ap_block_pp0_stage5_11001          |        or|   0|  0|   2|           1|           1|
    |ap_block_pp0_stage6_11001          |        or|   0|  0|   2|           1|           1|
    |ap_block_pp0_stage7_11001          |        or|   0|  0|   2|           1|           1|
    |ap_enable_pp0                      |       xor|   0|  0|   2|           1|           2|
    +-----------------------------------+----------+----+---+----+------------+------------+
    |Total                              |          |   0|  0|1481|        1224|        1218|
    +-----------------------------------+----------+----+---+----+------------+------------+

    * Multiplexer: 
    +-----------------------------+----+-----------+-----+-----------+
    |             Name            | LUT| Input Size| Bits| Total Bits|
    +-----------------------------+----+-----------+-----+-----------+
    |ap_NS_fsm                    |  89|         18|    1|         18|
    |ap_done_int                  |   9|          2|    1|          2|
    |ap_enable_reg_pp0_iter0      |   9|          2|    1|          2|
    |ap_enable_reg_pp0_iter0_reg  |   9|          2|    1|          2|
    |ap_enable_reg_pp0_iter1      |   9|          2|    1|          2|
    |ap_sig_allocacmp_i_3         |   9|          2|    4|          8|
    |gmem1_blk_n_AR               |   9|          2|    1|          2|
    |gmem1_blk_n_R                |   9|          2|    1|          2|
    |i_fu_144                     |   9|          2|    4|          8|
    |m_axi_gmem1_ARADDR           |  89|         18|   64|       1152|
    +-----------------------------+----+-----------+-----+-----------+
    |Total                        | 250|         52|   79|       1198|
    +-----------------------------+----+-----------+-----+-----------+

    * Register: 
    +------------------------------+----+----+-----+-----------+
    |             Name             | FF | LUT| Bits| Const Bits|
    +------------------------------+----+----+-----+-----------+
    |ap_CS_fsm                     |  17|   0|   17|          0|
    |ap_done_reg                   |   1|   0|    1|          0|
    |ap_enable_reg_pp0_iter0_reg   |   1|   0|    1|          0|
    |ap_enable_reg_pp0_iter1       |   1|   0|    1|          0|
    |gmem1_addr_10_read_reg_2050   |  16|   0|   16|          0|
    |gmem1_addr_10_reg_1908        |  64|   0|   64|          0|
    |gmem1_addr_11_read_reg_2065   |  16|   0|   16|          0|
    |gmem1_addr_11_reg_1914        |  64|   0|   64|          0|
    |gmem1_addr_12_read_reg_2080   |  16|   0|   16|          0|
    |gmem1_addr_12_reg_1925        |  64|   0|   64|          0|
    |gmem1_addr_13_read_reg_2095   |  16|   0|   16|          0|
    |gmem1_addr_13_reg_1941        |  64|   0|   64|          0|
    |gmem1_addr_14_read_reg_2110   |  16|   0|   16|          0|
    |gmem1_addr_14_reg_1957        |  64|   0|   64|          0|
    |gmem1_addr_15_read_reg_2125   |  16|   0|   16|          0|
    |gmem1_addr_15_reg_1973        |  64|   0|   64|          0|
    |gmem1_addr_16_read_reg_2140   |  16|   0|   16|          0|
    |gmem1_addr_16_reg_2001        |  64|   0|   64|          0|
    |gmem1_addr_17_read_reg_2155   |  16|   0|   16|          0|
    |gmem1_addr_17_reg_2022        |  64|   0|   64|          0|
    |gmem1_addr_18_read_reg_2170   |  16|   0|   16|          0|
    |gmem1_addr_18_reg_2028        |  64|   0|   64|          0|
    |gmem1_addr_19_read_reg_2185   |  16|   0|   16|          0|
    |gmem1_addr_19_reg_2034        |  64|   0|   64|          0|
    |gmem1_addr_4_read_reg_1920    |  16|   0|   16|          0|
    |gmem1_addr_4_reg_1847         |  64|   0|   64|          0|
    |gmem1_addr_5_read_reg_1936    |  16|   0|   16|          0|
    |gmem1_addr_5_reg_1865         |  64|   0|   64|          0|
    |gmem1_addr_6_read_reg_1952    |  16|   0|   16|          0|
    |gmem1_addr_6_reg_1871         |  64|   0|   64|          0|
    |gmem1_addr_7_read_reg_1968    |  16|   0|   16|          0|
    |gmem1_addr_7_reg_1884         |  64|   0|   64|          0|
    |gmem1_addr_8_read_reg_1996    |  16|   0|   16|          0|
    |gmem1_addr_8_reg_1890         |  64|   0|   64|          0|
    |gmem1_addr_9_read_reg_2017    |  16|   0|   16|          0|
    |gmem1_addr_9_reg_1896         |  64|   0|   64|          0|
    |gmem1_addr_read_reg_2195      |  16|   0|   16|          0|
    |gmem1_addr_reg_1853           |  64|   0|   64|          0|
    |i_3_reg_1833                  |   4|   0|    4|          0|
    |i_3_reg_1833_pp0_iter1_reg    |   4|   0|    4|          0|
    |i_fu_144                      |   4|   0|    4|          0|
    |icmp_ln35_reg_1843            |   1|   0|    1|          0|
    |tmp_89_reg_2210               |  16|   0|   16|          0|
    |trunc_ln39_cast5_reg_1859     |   4|   0|    5|          1|
    |zext_ln1273_31_reg_1902       |   4|   0|    7|          3|
    |zext_ln1273_32_reg_1877       |   4|   0|    6|          2|
    |zext_ln1273_reg_1979          |   4|   0|    8|          4|
    |zext_ln1347_10_cast_reg_1773  |  15|   0|   24|          9|
    |zext_ln1347_11_cast_reg_1768  |  15|   0|   24|          9|
    |zext_ln1347_12_cast_reg_1763  |  15|   0|   24|          9|
    |zext_ln1347_13_cast_reg_1758  |  15|   0|   24|          9|
    |zext_ln1347_14_cast_reg_1753  |  15|   0|   24|          9|
    |zext_ln1347_1_cast_reg_1818   |  15|   0|   24|          9|
    |zext_ln1347_2_cast_reg_1813   |  15|   0|   24|          9|
    |zext_ln1347_3_cast_reg_1808   |  15|   0|   24|          9|
    |zext_ln1347_4_cast_reg_1803   |  15|   0|   24|          9|
    |zext_ln1347_5_cast_reg_1798   |  15|   0|   24|          9|
    |zext_ln1347_6_cast_reg_1793   |  15|   0|   24|          9|
    |zext_ln1347_7_cast_reg_1788   |  15|   0|   24|          9|
    |zext_ln1347_8_cast_reg_1783   |  15|   0|   24|          9|
    |zext_ln1347_9_cast_reg_1778   |  15|   0|   24|          9|
    |zext_ln1347_cast_reg_1823     |  15|   0|   24|          9|
    |zext_ln818_cast_reg_1828      |  15|   0|   24|          9|
    +------------------------------+----+----+-----+-----------+
    |Total                         |1665|   0| 1819|        154|
    +------------------------------+----+----+-----+-----------+



================================================================
== Interface
================================================================
* Summary: 
+----------------------+-----+-----+------------+---------------------------------------+--------------+
|       RTL Ports      | Dir | Bits|  Protocol  |             Source Object             |    C Type    |
+----------------------+-----+-----+------------+---------------------------------------+--------------+
|ap_clk                |   in|    1|  ap_ctrl_hs|  C_Dense_2_Pipeline_loop_for_a_Dense_2|  return value|
|ap_rst                |   in|    1|  ap_ctrl_hs|  C_Dense_2_Pipeline_loop_for_a_Dense_2|  return value|
|ap_start              |   in|    1|  ap_ctrl_hs|  C_Dense_2_Pipeline_loop_for_a_Dense_2|  return value|
|ap_done               |  out|    1|  ap_ctrl_hs|  C_Dense_2_Pipeline_loop_for_a_Dense_2|  return value|
|ap_idle               |  out|    1|  ap_ctrl_hs|  C_Dense_2_Pipeline_loop_for_a_Dense_2|  return value|
|ap_ready              |  out|    1|  ap_ctrl_hs|  C_Dense_2_Pipeline_loop_for_a_Dense_2|  return value|
|m_axi_gmem1_AWVALID   |  out|    1|       m_axi|                                  gmem1|       pointer|
|m_axi_gmem1_AWREADY   |   in|    1|       m_axi|                                  gmem1|       pointer|
|m_axi_gmem1_AWADDR    |  out|   64|       m_axi|                                  gmem1|       pointer|
|m_axi_gmem1_AWID      |  out|    1|       m_axi|                                  gmem1|       pointer|
|m_axi_gmem1_AWLEN     |  out|   32|       m_axi|                                  gmem1|       pointer|
|m_axi_gmem1_AWSIZE    |  out|    3|       m_axi|                                  gmem1|       pointer|
|m_axi_gmem1_AWBURST   |  out|    2|       m_axi|                                  gmem1|       pointer|
|m_axi_gmem1_AWLOCK    |  out|    2|       m_axi|                                  gmem1|       pointer|
|m_axi_gmem1_AWCACHE   |  out|    4|       m_axi|                                  gmem1|       pointer|
|m_axi_gmem1_AWPROT    |  out|    3|       m_axi|                                  gmem1|       pointer|
|m_axi_gmem1_AWQOS     |  out|    4|       m_axi|                                  gmem1|       pointer|
|m_axi_gmem1_AWREGION  |  out|    4|       m_axi|                                  gmem1|       pointer|
|m_axi_gmem1_AWUSER    |  out|    1|       m_axi|                                  gmem1|       pointer|
|m_axi_gmem1_WVALID    |  out|    1|       m_axi|                                  gmem1|       pointer|
|m_axi_gmem1_WREADY    |   in|    1|       m_axi|                                  gmem1|       pointer|
|m_axi_gmem1_WDATA     |  out|   16|       m_axi|                                  gmem1|       pointer|
|m_axi_gmem1_WSTRB     |  out|    2|       m_axi|                                  gmem1|       pointer|
|m_axi_gmem1_WLAST     |  out|    1|       m_axi|                                  gmem1|       pointer|
|m_axi_gmem1_WID       |  out|    1|       m_axi|                                  gmem1|       pointer|
|m_axi_gmem1_WUSER     |  out|    1|       m_axi|                                  gmem1|       pointer|
|m_axi_gmem1_ARVALID   |  out|    1|       m_axi|                                  gmem1|       pointer|
|m_axi_gmem1_ARREADY   |   in|    1|       m_axi|                                  gmem1|       pointer|
|m_axi_gmem1_ARADDR    |  out|   64|       m_axi|                                  gmem1|       pointer|
|m_axi_gmem1_ARID      |  out|    1|       m_axi|                                  gmem1|       pointer|
|m_axi_gmem1_ARLEN     |  out|   32|       m_axi|                                  gmem1|       pointer|
|m_axi_gmem1_ARSIZE    |  out|    3|       m_axi|                                  gmem1|       pointer|
|m_axi_gmem1_ARBURST   |  out|    2|       m_axi|                                  gmem1|       pointer|
|m_axi_gmem1_ARLOCK    |  out|    2|       m_axi|                                  gmem1|       pointer|
|m_axi_gmem1_ARCACHE   |  out|    4|       m_axi|                                  gmem1|       pointer|
|m_axi_gmem1_ARPROT    |  out|    3|       m_axi|                                  gmem1|       pointer|
|m_axi_gmem1_ARQOS     |  out|    4|       m_axi|                                  gmem1|       pointer|
|m_axi_gmem1_ARREGION  |  out|    4|       m_axi|                                  gmem1|       pointer|
|m_axi_gmem1_ARUSER    |  out|    1|       m_axi|                                  gmem1|       pointer|
|m_axi_gmem1_RVALID    |   in|    1|       m_axi|                                  gmem1|       pointer|
|m_axi_gmem1_RREADY    |  out|    1|       m_axi|                                  gmem1|       pointer|
|m_axi_gmem1_RDATA     |   in|   16|       m_axi|                                  gmem1|       pointer|
|m_axi_gmem1_RLAST     |   in|    1|       m_axi|                                  gmem1|       pointer|
|m_axi_gmem1_RID       |   in|    1|       m_axi|                                  gmem1|       pointer|
|m_axi_gmem1_RFIFONUM  |   in|   10|       m_axi|                                  gmem1|       pointer|
|m_axi_gmem1_RUSER     |   in|    1|       m_axi|                                  gmem1|       pointer|
|m_axi_gmem1_RRESP     |   in|    2|       m_axi|                                  gmem1|       pointer|
|m_axi_gmem1_BVALID    |   in|    1|       m_axi|                                  gmem1|       pointer|
|m_axi_gmem1_BREADY    |  out|    1|       m_axi|                                  gmem1|       pointer|
|m_axi_gmem1_BRESP     |   in|    2|       m_axi|                                  gmem1|       pointer|
|m_axi_gmem1_BID       |   in|    1|       m_axi|                                  gmem1|       pointer|
|m_axi_gmem1_BUSER     |   in|    1|       m_axi|                                  gmem1|       pointer|
|weight                |   in|   64|     ap_none|                                 weight|        scalar|
|zext_ln818            |   in|   15|     ap_none|                             zext_ln818|        scalar|
|zext_ln1347           |   in|   15|     ap_none|                            zext_ln1347|        scalar|
|zext_ln1347_1         |   in|   15|     ap_none|                          zext_ln1347_1|        scalar|
|zext_ln1347_2         |   in|   15|     ap_none|                          zext_ln1347_2|        scalar|
|zext_ln1347_3         |   in|   15|     ap_none|                          zext_ln1347_3|        scalar|
|zext_ln1347_4         |   in|   15|     ap_none|                          zext_ln1347_4|        scalar|
|zext_ln1347_5         |   in|   15|     ap_none|                          zext_ln1347_5|        scalar|
|zext_ln1347_6         |   in|   15|     ap_none|                          zext_ln1347_6|        scalar|
|zext_ln1347_7         |   in|   15|     ap_none|                          zext_ln1347_7|        scalar|
|zext_ln1347_8         |   in|   15|     ap_none|                          zext_ln1347_8|        scalar|
|zext_ln1347_9         |   in|   15|     ap_none|                          zext_ln1347_9|        scalar|
|zext_ln1347_10        |   in|   15|     ap_none|                         zext_ln1347_10|        scalar|
|zext_ln1347_11        |   in|   15|     ap_none|                         zext_ln1347_11|        scalar|
|zext_ln1347_12        |   in|   15|     ap_none|                         zext_ln1347_12|        scalar|
|zext_ln1347_13        |   in|   15|     ap_none|                         zext_ln1347_13|        scalar|
|zext_ln1347_14        |   in|   15|     ap_none|                         zext_ln1347_14|        scalar|
|bias                  |   in|   64|     ap_none|                                   bias|        scalar|
|out_Dense_V_address0  |  out|    4|   ap_memory|                            out_Dense_V|         array|
|out_Dense_V_ce0       |  out|    1|   ap_memory|                            out_Dense_V|         array|
|out_Dense_V_we0       |  out|    1|   ap_memory|                            out_Dense_V|         array|
|out_Dense_V_d0        |  out|   16|   ap_memory|                            out_Dense_V|         array|
+----------------------+-----+-----+------------+---------------------------------------+--------------+

