

================================================================
== Vitis HLS Report for 'C_Dense_2_Pipeline_VITIS_LOOP_53_1'
================================================================
* Date:           Wed Apr 15 01:46:54 2026

* Version:        2022.2 (Build 3670227 on Oct 13 2022)
* Project:        ProjectOne
* Solution:       solution1 (Vivado IP Flow Target)
* Product family: zynquplus
* Target device:  xck26-sfvc784-2LV-c


================================================================
== Performance Estimates
================================================================
+ Timing: 
    * Summary: 
    +--------+----------+----------+------------+
    |  Clock |  Target  | Estimated| Uncertainty|
    +--------+----------+----------+------------+
    |ap_clk  |  10.00 ns|  7.148 ns|     2.70 ns|
    +--------+----------+----------+------------+

+ Latency: 
    * Summary: 
    +---------+---------+----------+----------+-----+-----+---------+
    |  Latency (cycles) |  Latency (absolute) |  Interval | Pipeline|
    |   min   |   max   |    min   |    max   | min | max |   Type  |
    +---------+---------+----------+----------+-----+-----+---------+
    |       17|       17|  0.170 us|  0.170 us|   17|   17|       no|
    +---------+---------+----------+----------+-----+-----+---------+

    + Detail: 
        * Instance: 
        +----------------------+------------+---------+---------+-----------+-----------+-----+-----+---------+
        |                      |            |  Latency (cycles) |   Latency (absolute)  |  Interval | Pipeline|
        |       Instance       |   Module   |   min   |   max   |    min    |    max    | min | max |   Type  |
        +----------------------+------------+---------+---------+-----------+-----------+-----+-----+---------+
        |grp_exp_17_9_s_fu_80  |exp_17_9_s  |        5|        5|  50.000 ns|  50.000 ns|    1|    1|      yes|
        +----------------------+------------+---------+---------+-----------+-----------+-----+-----+---------+

        * Loop: 
        +-------------------+---------+---------+----------+-----------+-----------+------+----------+
        |                   |  Latency (cycles) | Iteration|  Initiation Interval  | Trip |          |
        |     Loop Name     |   min   |   max   |  Latency |  achieved |   target  | Count| Pipelined|
        +-------------------+---------+---------+----------+-----------+-----------+------+----------+
        |- VITIS_LOOP_53_1  |       15|       15|         7|          1|          1|    10|       yes|
        +-------------------+---------+---------+----------+-----------+-----------+------+----------+



================================================================
== Utilization Estimates
================================================================
* Summary: 
+-----------------+---------+------+--------+--------+-----+
|       Name      | BRAM_18K|  DSP |   FF   |   LUT  | URAM|
+-----------------+---------+------+--------+--------+-----+
|DSP              |        -|     -|       -|       -|    -|
|Expression       |        -|     -|       0|      70|    -|
|FIFO             |        -|     -|       -|       -|    -|
|Instance         |        -|     -|       -|       -|    -|
|Memory           |        -|     -|       -|       -|    -|
|Multiplexer      |        -|     -|       -|      45|    -|
|Register         |        -|     -|     116|      32|    -|
+-----------------+---------+------+--------+--------+-----+
|Total            |        0|     0|     116|     147|    0|
+-----------------+---------+------+--------+--------+-----+
|Available        |      288|  1248|  234240|  117120|   64|
+-----------------+---------+------+--------+--------+-----+
|Utilization (%)  |        0|     0|      ~0|      ~0|    0|
+-----------------+---------+------+--------+--------+-----+

+ Detail: 
    * Instance: 
    N/A

    * DSP: 
    N/A

    * Memory: 
    N/A

    * FIFO: 
    N/A

    * Expression: 
    +-----------------------+----------+----+---+----+------------+------------+
    |     Variable Name     | Operation| DSP| FF| LUT| Bitwidth P0| Bitwidth P1|
    +-----------------------+----------+----+---+----+------------+------------+
    |add_ln53_fu_114_p2     |         +|   0|  0|  12|           4|           1|
    |sum_exp_x_V_fu_147_p2  |         +|   0|  0|  23|          16|          16|
    |ret_V_fu_134_p2        |         -|   0|  0|  24|          17|          17|
    |icmp_ln53_fu_108_p2    |      icmp|   0|  0|   9|           4|           4|
    |ap_enable_pp0          |       xor|   0|  0|   2|           1|           2|
    +-----------------------+----------+----+---+----+------------+------------+
    |Total                  |          |   0|  0|  70|          42|          40|
    +-----------------------+----------+----+---+----+------------+------------+

    * Multiplexer: 
    +-------------------------+----+-----------+-----+-----------+
    |           Name          | LUT| Input Size| Bits| Total Bits|
    +-------------------------+----+-----------+-----+-----------+
    |ap_done_int              |   9|          2|    1|          2|
    |ap_enable_reg_pp0_iter1  |   9|          2|    1|          2|
    |ap_sig_allocacmp_i_7     |   9|          2|    4|          8|
    |i_fu_50                  |   9|          2|    4|          8|
    |sum_exp_x_V_1_fu_46      |   9|          2|   16|         32|
    +-------------------------+----+-----------+-----+-----------+
    |Total                    |  45|         10|   26|         52|
    +-------------------------+----+-----------+-----+-----------+

    * Register: 
    +-----------------------------------+----+----+-----+-----------+
    |                Name               | FF | LUT| Bits| Const Bits|
    +-----------------------------------+----+----+-----+-----------+
    |ap_CS_fsm                          |   1|   0|    1|          0|
    |ap_done_reg                        |   1|   0|    1|          0|
    |ap_enable_reg_pp0_iter1            |   1|   0|    1|          0|
    |ap_enable_reg_pp0_iter2            |   1|   0|    1|          0|
    |ap_enable_reg_pp0_iter3            |   1|   0|    1|          0|
    |ap_enable_reg_pp0_iter4            |   1|   0|    1|          0|
    |ap_enable_reg_pp0_iter5            |   1|   0|    1|          0|
    |ap_enable_reg_pp0_iter6            |   1|   0|    1|          0|
    |ap_loop_exit_ready_pp0_iter1_reg   |   1|   0|    1|          0|
    |ap_loop_exit_ready_pp0_iter2_reg   |   1|   0|    1|          0|
    |ap_loop_exit_ready_pp0_iter3_reg   |   1|   0|    1|          0|
    |ap_loop_exit_ready_pp0_iter4_reg   |   1|   0|    1|          0|
    |ap_loop_exit_ready_pp0_iter5_reg   |   1|   0|    1|          0|
    |grp_exp_17_9_s_fu_80_ap_start_reg  |   1|   0|    1|          0|
    |i_fu_50                            |   4|   0|    4|          0|
    |icmp_ln53_reg_182                  |   1|   0|    1|          0|
    |sext_ln813_3_cast_reg_177          |  17|   0|   17|          0|
    |sum_exp_x_V_1_fu_46                |  16|   0|   16|          0|
    |icmp_ln53_reg_182                  |  64|  32|    1|          0|
    +-----------------------------------+----+----+-----+-----------+
    |Total                              | 116|  32|   53|          0|
    +-----------------------------------+----+----+-----+-----------+



================================================================
== Interface
================================================================
* Summary: 
+-------------------------------+-----+-----+------------+------------------------------------+--------------+
|           RTL Ports           | Dir | Bits|  Protocol  |            Source Object           |    C Type    |
+-------------------------------+-----+-----+------------+------------------------------------+--------------+
|ap_clk                         |   in|    1|  ap_ctrl_hs|  C_Dense_2_Pipeline_VITIS_LOOP_53_1|  return value|
|ap_rst                         |   in|    1|  ap_ctrl_hs|  C_Dense_2_Pipeline_VITIS_LOOP_53_1|  return value|
|ap_start                       |   in|    1|  ap_ctrl_hs|  C_Dense_2_Pipeline_VITIS_LOOP_53_1|  return value|
|ap_done                        |  out|    1|  ap_ctrl_hs|  C_Dense_2_Pipeline_VITIS_LOOP_53_1|  return value|
|ap_idle                        |  out|    1|  ap_ctrl_hs|  C_Dense_2_Pipeline_VITIS_LOOP_53_1|  return value|
|ap_ready                       |  out|    1|  ap_ctrl_hs|  C_Dense_2_Pipeline_VITIS_LOOP_53_1|  return value|
|grp_exp_17_9_s_fu_568_p_din1   |  out|   17|  ap_ctrl_hs|  C_Dense_2_Pipeline_VITIS_LOOP_53_1|  return value|
|grp_exp_17_9_s_fu_568_p_dout0  |   in|   17|  ap_ctrl_hs|  C_Dense_2_Pipeline_VITIS_LOOP_53_1|  return value|
|grp_exp_17_9_s_fu_568_p_start  |  out|    1|  ap_ctrl_hs|  C_Dense_2_Pipeline_VITIS_LOOP_53_1|  return value|
|grp_exp_17_9_s_fu_568_p_ready  |   in|    1|  ap_ctrl_hs|  C_Dense_2_Pipeline_VITIS_LOOP_53_1|  return value|
|grp_exp_17_9_s_fu_568_p_done   |   in|    1|  ap_ctrl_hs|  C_Dense_2_Pipeline_VITIS_LOOP_53_1|  return value|
|grp_exp_17_9_s_fu_568_p_idle   |   in|    1|  ap_ctrl_hs|  C_Dense_2_Pipeline_VITIS_LOOP_53_1|  return value|
|out_Dense_V_address0           |  out|    4|   ap_memory|                         out_Dense_V|         array|
|out_Dense_V_ce0                |  out|    1|   ap_memory|                         out_Dense_V|         array|
|out_Dense_V_q0                 |   in|   16|   ap_memory|                         out_Dense_V|         array|
|sext_ln813_3                   |   in|   16|     ap_none|                        sext_ln813_3|        scalar|
|p_out                          |  out|   16|      ap_vld|                               p_out|       pointer|
|p_out_ap_vld                   |  out|    1|      ap_vld|                               p_out|       pointer|
+-------------------------------+-----+-----+------------+------------------------------------+--------------+

