

================================================================
== Vitis HLS Report for 'D_CNN_Pipeline_loop_for_channel_pad_0'
================================================================
* Date:           Wed Apr 15 01:46:36 2026

* Version:        2022.2 (Build 3670227 on Oct 13 2022)
* Project:        ProjectOne
* Solution:       solution1 (Vivado IP Flow Target)
* Product family: zynquplus
* Target device:  xck26-sfvc784-2LV-c


================================================================
== Performance Estimates
================================================================
+ Timing: 
    * Summary: 
    +--------+----------+----------+------------+
    |  Clock |  Target  | Estimated| Uncertainty|
    +--------+----------+----------+------------+
    |ap_clk  |  10.00 ns|  7.300 ns|     2.70 ns|
    +--------+----------+----------+------------+

+ Latency: 
    * Summary: 
    +---------+---------+----------+----------+-----+-----+---------+
    |  Latency (cycles) |  Latency (absolute) |  Interval | Pipeline|
    |   min   |   max   |    min   |    max   | min | max |   Type  |
    +---------+---------+----------+----------+-----+-----+---------+
    |      850|      850|  8.500 us|  8.500 us|  850|  850|       no|
    +---------+---------+----------+----------+-----+-----+---------+

    + Detail: 
        * Instance: 
        N/A

        * Loop: 
        +--------------------------+---------+---------+----------+-----------+-----------+------+----------+
        |                          |  Latency (cycles) | Iteration|  Initiation Interval  | Trip |          |
        |         Loop Name        |   min   |   max   |  Latency |  achieved |   target  | Count| Pipelined|
        +--------------------------+---------+---------+----------+-----------+-----------+------+----------+
        |- loop_for_channel_pad_0  |      848|      848|        37|         28|          1|    30|       yes|
        +--------------------------+---------+---------+----------+-----------+-----------+------+----------+



================================================================
== Utilization Estimates
================================================================
* Summary: 
+-----------------+---------+------+--------+--------+-----+
|       Name      | BRAM_18K|  DSP |   FF   |   LUT  | URAM|
+-----------------+---------+------+--------+--------+-----+
|DSP              |        -|     -|       -|       -|    -|
|Expression       |        -|     -|       0|    1186|    -|
|FIFO             |        -|     -|       -|       -|    -|
|Instance         |        -|     -|       -|       -|    -|
|Memory           |        -|     -|       -|       -|    -|
|Multiplexer      |        -|     -|       -|     729|    -|
|Register         |        -|     -|     632|       -|    -|
+-----------------+---------+------+--------+--------+-----+
|Total            |        0|     0|     632|    1915|    0|
+-----------------+---------+------+--------+--------+-----+
|Available        |      288|  1248|  234240|  117120|   64|
+-----------------+---------+------+--------+--------+-----+
|Utilization (%)  |        0|     0|      ~0|       1|    0|
+-----------------+---------+------+--------+--------+-----+

+ Detail: 
    * Instance: 
    N/A

    * DSP: 
    N/A

    * Memory: 
    N/A

    * FIFO: 
    N/A

    * Expression: 
    +------------------------------------+----------+----+---+----+------------+------------+
    |            Variable Name           | Operation| DSP| FF| LUT| Bitwidth P0| Bitwidth P1|
    +------------------------------------+----------+----+---+----+------------+------------+
    |add_ln6_fu_755_p2                   |         +|   0|  0|  12|           5|           1|
    |add_ln9_10_fu_1502_p2               |         +|   0|  0|  17|          10|           4|
    |add_ln9_11_fu_1512_p2               |         +|   0|  0|  17|          10|           4|
    |add_ln9_12_fu_1522_p2               |         +|   0|  0|  17|          10|           4|
    |add_ln9_13_fu_1532_p2               |         +|   0|  0|  17|          10|           4|
    |add_ln9_14_fu_1542_p2               |         +|   0|  0|  17|          10|           5|
    |add_ln9_15_fu_1552_p2               |         +|   0|  0|  17|          10|           5|
    |add_ln9_16_fu_1562_p2               |         +|   0|  0|  17|          10|           5|
    |add_ln9_17_fu_1572_p2               |         +|   0|  0|  17|          10|           5|
    |add_ln9_18_fu_1582_p2               |         +|   0|  0|  17|          10|           5|
    |add_ln9_19_fu_1592_p2               |         +|   0|  0|  17|          10|           5|
    |add_ln9_1_fu_1412_p2                |         +|   0|  0|  17|          10|           2|
    |add_ln9_20_fu_1602_p2               |         +|   0|  0|  17|          10|           5|
    |add_ln9_21_fu_1612_p2               |         +|   0|  0|  17|          10|           5|
    |add_ln9_22_fu_1622_p2               |         +|   0|  0|  17|          10|           5|
    |add_ln9_23_fu_1632_p2               |         +|   0|  0|  17|          10|           5|
    |add_ln9_24_fu_1642_p2               |         +|   0|  0|  17|          10|           5|
    |add_ln9_25_fu_1652_p2               |         +|   0|  0|  17|          10|           5|
    |add_ln9_26_fu_1662_p2               |         +|   0|  0|  17|          10|           5|
    |add_ln9_27_fu_1376_p2               |         +|   0|  0|  17|          10|           5|
    |add_ln9_2_fu_1422_p2                |         +|   0|  0|  17|          10|           3|
    |add_ln9_3_fu_1432_p2                |         +|   0|  0|  17|          10|           3|
    |add_ln9_4_fu_1442_p2                |         +|   0|  0|  17|          10|           3|
    |add_ln9_5_fu_1452_p2                |         +|   0|  0|  17|          10|           3|
    |add_ln9_6_fu_1462_p2                |         +|   0|  0|  17|          10|           4|
    |add_ln9_7_fu_1472_p2                |         +|   0|  0|  17|          10|           4|
    |add_ln9_8_fu_1482_p2                |         +|   0|  0|  17|          10|           4|
    |add_ln9_9_fu_1492_p2                |         +|   0|  0|  17|          10|           4|
    |add_ln9_fu_1402_p2                  |         +|   0|  0|  17|          10|           2|
    |empty_489_fu_813_p2                 |         +|   0|  0|  71|          64|          64|
    |tmp_fu_803_p2                       |         +|   0|  0|  17|          12|           7|
    |empty_488_fu_797_p2                 |         -|   0|  0|  17|          12|          12|
    |empty_490_fu_839_p2                 |         -|   0|  0|  17|          10|          10|
    |and_ln8_fu_862_p2                   |       and|   0|  0|   2|           1|           1|
    |ap_block_pp0_stage0_11001           |       and|   0|  0|   2|           1|           1|
    |ap_block_pp0_stage10_11001          |       and|   0|  0|   2|           1|           1|
    |ap_block_pp0_stage11_11001          |       and|   0|  0|   2|           1|           1|
    |ap_block_pp0_stage12_11001          |       and|   0|  0|   2|           1|           1|
    |ap_block_pp0_stage13_11001          |       and|   0|  0|   2|           1|           1|
    |ap_block_pp0_stage14_11001          |       and|   0|  0|   2|           1|           1|
    |ap_block_pp0_stage15_11001          |       and|   0|  0|   2|           1|           1|
    |ap_block_pp0_stage16_11001          |       and|   0|  0|   2|           1|           1|
    |ap_block_pp0_stage17_11001          |       and|   0|  0|   2|           1|           1|
    |ap_block_pp0_stage18_11001          |       and|   0|  0|   2|           1|           1|
    |ap_block_pp0_stage19_11001          |       and|   0|  0|   2|           1|           1|
    |ap_block_pp0_stage20_11001          |       and|   0|  0|   2|           1|           1|
    |ap_block_pp0_stage21_11001          |       and|   0|  0|   2|           1|           1|
    |ap_block_pp0_stage22_11001          |       and|   0|  0|   2|           1|           1|
    |ap_block_pp0_stage23_11001          |       and|   0|  0|   2|           1|           1|
    |ap_block_pp0_stage24_11001          |       and|   0|  0|   2|           1|           1|
    |ap_block_pp0_stage25_11001          |       and|   0|  0|   2|           1|           1|
    |ap_block_pp0_stage26_11001          |       and|   0|  0|   2|           1|           1|
    |ap_block_pp0_stage27_11001          |       and|   0|  0|   2|           1|           1|
    |ap_block_pp0_stage2_11001           |       and|   0|  0|   2|           1|           1|
    |ap_block_pp0_stage3_11001           |       and|   0|  0|   2|           1|           1|
    |ap_block_pp0_stage4_11001           |       and|   0|  0|   2|           1|           1|
    |ap_block_pp0_stage5_11001           |       and|   0|  0|   2|           1|           1|
    |ap_block_pp0_stage6_11001           |       and|   0|  0|   2|           1|           1|
    |ap_block_pp0_stage7_11001           |       and|   0|  0|   2|           1|           1|
    |ap_block_pp0_stage8_11001           |       and|   0|  0|   2|           1|           1|
    |ap_block_pp0_stage9_11001           |       and|   0|  0|   2|           1|           1|
    |ap_block_state10_pp0_stage9_iter0   |       and|   0|  0|   2|           1|           1|
    |ap_block_state11_pp0_stage10_iter0  |       and|   0|  0|   2|           1|           1|
    |ap_block_state12_pp0_stage11_iter0  |       and|   0|  0|   2|           1|           1|
    |ap_block_state13_pp0_stage12_iter0  |       and|   0|  0|   2|           1|           1|
    |ap_block_state14_pp0_stage13_iter0  |       and|   0|  0|   2|           1|           1|
    |ap_block_state15_pp0_stage14_iter0  |       and|   0|  0|   2|           1|           1|
    |ap_block_state16_pp0_stage15_iter0  |       and|   0|  0|   2|           1|           1|
    |ap_block_state17_pp0_stage16_iter0  |       and|   0|  0|   2|           1|           1|
    |ap_block_state18_pp0_stage17_iter0  |       and|   0|  0|   2|           1|           1|
    |ap_block_state19_pp0_stage18_iter0  |       and|   0|  0|   2|           1|           1|
    |ap_block_state20_pp0_stage19_iter0  |       and|   0|  0|   2|           1|           1|
    |ap_block_state21_pp0_stage20_iter0  |       and|   0|  0|   2|           1|           1|
    |ap_block_state22_pp0_stage21_iter0  |       and|   0|  0|   2|           1|           1|
    |ap_block_state23_pp0_stage22_iter0  |       and|   0|  0|   2|           1|           1|
    |ap_block_state24_pp0_stage23_iter0  |       and|   0|  0|   2|           1|           1|
    |ap_block_state25_pp0_stage24_iter0  |       and|   0|  0|   2|           1|           1|
    |ap_block_state26_pp0_stage25_iter0  |       and|   0|  0|   2|           1|           1|
    |ap_block_state27_pp0_stage26_iter0  |       and|   0|  0|   2|           1|           1|
    |ap_block_state28_pp0_stage27_iter0  |       and|   0|  0|   2|           1|           1|
    |ap_block_state29_pp0_stage0_iter1   |       and|   0|  0|   2|           1|           1|
    |ap_block_state2_io                  |       and|   0|  0|   2|           1|           1|
    |ap_block_state30_pp0_stage1_iter1   |       and|   0|  0|   2|           1|           1|
    |ap_block_state31_pp0_stage2_iter1   |       and|   0|  0|   2|           1|           1|
    |ap_block_state32_pp0_stage3_iter1   |       and|   0|  0|   2|           1|           1|
    |ap_block_state33_pp0_stage4_iter1   |       and|   0|  0|   2|           1|           1|
    |ap_block_state34_pp0_stage5_iter1   |       and|   0|  0|   2|           1|           1|
    |ap_block_state35_pp0_stage6_iter1   |       and|   0|  0|   2|           1|           1|
    |ap_block_state36_pp0_stage7_iter1   |       and|   0|  0|   2|           1|           1|
    |ap_block_state9_pp0_stage8_iter0    |       and|   0|  0|   2|           1|           1|
    |ap_predicate_op195_read_state9      |       and|   0|  0|   2|           1|           1|
    |ap_predicate_op203_read_state10     |       and|   0|  0|   2|           1|           1|
    |ap_predicate_op210_read_state11     |       and|   0|  0|   2|           1|           1|
    |ap_predicate_op217_read_state12     |       and|   0|  0|   2|           1|           1|
    |ap_predicate_op224_read_state13     |       and|   0|  0|   2|           1|           1|
    |ap_predicate_op231_read_state14     |       and|   0|  0|   2|           1|           1|
    |ap_predicate_op238_read_state15     |       and|   0|  0|   2|           1|           1|
    |ap_predicate_op245_read_state16     |       and|   0|  0|   2|           1|           1|
    |ap_predicate_op252_read_state17     |       and|   0|  0|   2|           1|           1|
    |ap_predicate_op259_read_state18     |       and|   0|  0|   2|           1|           1|
    |ap_predicate_op266_read_state19     |       and|   0|  0|   2|           1|           1|
    |ap_predicate_op273_read_state20     |       and|   0|  0|   2|           1|           1|
    |ap_predicate_op280_read_state21     |       and|   0|  0|   2|           1|           1|
    |ap_predicate_op287_read_state22     |       and|   0|  0|   2|           1|           1|
    |ap_predicate_op294_read_state23     |       and|   0|  0|   2|           1|           1|
    |ap_predicate_op301_read_state24     |       and|   0|  0|   2|           1|           1|
    |ap_predicate_op308_read_state25     |       and|   0|  0|   2|           1|           1|
    |ap_predicate_op315_read_state26     |       and|   0|  0|   2|           1|           1|
    |ap_predicate_op322_read_state27     |       and|   0|  0|   2|           1|           1|
    |ap_predicate_op329_read_state28     |       and|   0|  0|   2|           1|           1|
    |ap_predicate_op331_read_state29     |       and|   0|  0|   2|           1|           1|
    |ap_predicate_op343_read_state30     |       and|   0|  0|   2|           1|           1|
    |ap_predicate_op350_read_state31     |       and|   0|  0|   2|           1|           1|
    |ap_predicate_op357_read_state32     |       and|   0|  0|   2|           1|           1|
    |ap_predicate_op364_read_state33     |       and|   0|  0|   2|           1|           1|
    |ap_predicate_op371_read_state34     |       and|   0|  0|   2|           1|           1|
    |ap_predicate_op378_read_state35     |       and|   0|  0|   2|           1|           1|
    |ap_predicate_op388_read_state36     |       and|   0|  0|   2|           1|           1|
    |empty_407_fu_761_p2                 |      icmp|   0|  0|   9|           5|           3|
    |empty_408_fu_767_p2                 |      icmp|   0|  0|   9|           5|           1|
    |empty_409_fu_1358_p2                |      icmp|   0|  0|   9|           5|           3|
    |empty_412_fu_1340_p2                |      icmp|   0|  0|   9|           5|           3|
    |empty_415_fu_1322_p2                |      icmp|   0|  0|   9|           5|           3|
    |empty_418_fu_1304_p2                |      icmp|   0|  0|   9|           5|           3|
    |empty_421_fu_1286_p2                |      icmp|   0|  0|   9|           5|           3|
    |empty_424_fu_1268_p2                |      icmp|   0|  0|   9|           5|           3|
    |empty_427_fu_1250_p2                |      icmp|   0|  0|   9|           5|           3|
    |empty_430_fu_1232_p2                |      icmp|   0|  0|   9|           5|           3|
    |empty_433_fu_1214_p2                |      icmp|   0|  0|   9|           5|           3|
    |empty_436_fu_1196_p2                |      icmp|   0|  0|   9|           5|           3|
    |empty_439_fu_1178_p2                |      icmp|   0|  0|   9|           5|           3|
    |empty_442_fu_1160_p2                |      icmp|   0|  0|   9|           5|           3|
    |empty_445_fu_1142_p2                |      icmp|   0|  0|   9|           5|           3|
    |empty_448_fu_1124_p2                |      icmp|   0|  0|   9|           5|           3|
    |empty_451_fu_1106_p2                |      icmp|   0|  0|   9|           5|           3|
    |empty_454_fu_1088_p2                |      icmp|   0|  0|   9|           5|           3|
    |empty_457_fu_1070_p2                |      icmp|   0|  0|   9|           5|           3|
    |empty_460_fu_1052_p2                |      icmp|   0|  0|   9|           5|           3|
    |empty_463_fu_1034_p2                |      icmp|   0|  0|   9|           5|           3|
    |empty_466_fu_1016_p2                |      icmp|   0|  0|   9|           5|           3|
    |empty_469_fu_998_p2                 |      icmp|   0|  0|   9|           5|           3|
    |empty_472_fu_980_p2                 |      icmp|   0|  0|   9|           5|           3|
    |empty_475_fu_962_p2                 |      icmp|   0|  0|   9|           5|           3|
    |empty_478_fu_944_p2                 |      icmp|   0|  0|   9|           5|           3|
    |empty_481_fu_926_p2                 |      icmp|   0|  0|   9|           5|           3|
    |empty_484_fu_908_p2                 |      icmp|   0|  0|   9|           5|           3|
    |icmp_ln6_fu_749_p2                  |      icmp|   0|  0|   9|           5|           3|
    |icmp_ln8_1_fu_856_p2                |      icmp|   0|  0|   9|           5|           1|
    |icmp_ln8_fu_850_p2                  |      icmp|   0|  0|   9|           5|           3|
    |ap_block_pp0_stage1_11001           |        or|   0|  0|   2|           1|           1|
    |empty_410_fu_1364_p2                |        or|   0|  0|   2|           1|           1|
    |empty_411_fu_1370_p2                |        or|   0|  0|   2|           1|           1|
    |empty_413_fu_1346_p2                |        or|   0|  0|   2|           1|           1|
    |empty_414_fu_1352_p2                |        or|   0|  0|   2|           1|           1|
    |empty_416_fu_1328_p2                |        or|   0|  0|   2|           1|           1|
    |empty_417_fu_1334_p2                |        or|   0|  0|   2|           1|           1|
    |empty_419_fu_1310_p2                |        or|   0|  0|   2|           1|           1|
    |empty_420_fu_1316_p2                |        or|   0|  0|   2|           1|           1|
    |empty_422_fu_1292_p2                |        or|   0|  0|   2|           1|           1|
    |empty_423_fu_1298_p2                |        or|   0|  0|   2|           1|           1|
    |empty_425_fu_1274_p2                |        or|   0|  0|   2|           1|           1|
    |empty_426_fu_1280_p2                |        or|   0|  0|   2|           1|           1|
    |empty_428_fu_1256_p2                |        or|   0|  0|   2|           1|           1|
    |empty_429_fu_1262_p2                |        or|   0|  0|   2|           1|           1|
    |empty_431_fu_1238_p2                |        or|   0|  0|   2|           1|           1|
    |empty_432_fu_1244_p2                |        or|   0|  0|   2|           1|           1|
    |empty_434_fu_1220_p2                |        or|   0|  0|   2|           1|           1|
    |empty_435_fu_1226_p2                |        or|   0|  0|   2|           1|           1|
    |empty_437_fu_1202_p2                |        or|   0|  0|   2|           1|           1|
    |empty_438_fu_1208_p2                |        or|   0|  0|   2|           1|           1|
    |empty_440_fu_1184_p2                |        or|   0|  0|   2|           1|           1|
    |empty_441_fu_1190_p2                |        or|   0|  0|   2|           1|           1|
    |empty_443_fu_1166_p2                |        or|   0|  0|   2|           1|           1|
    |empty_444_fu_1172_p2                |        or|   0|  0|   2|           1|           1|
    |empty_446_fu_1148_p2                |        or|   0|  0|   2|           1|           1|
    |empty_447_fu_1154_p2                |        or|   0|  0|   2|           1|           1|
    |empty_449_fu_1130_p2                |        or|   0|  0|   2|           1|           1|
    |empty_450_fu_1136_p2                |        or|   0|  0|   2|           1|           1|
    |empty_452_fu_1112_p2                |        or|   0|  0|   2|           1|           1|
    |empty_453_fu_1118_p2                |        or|   0|  0|   2|           1|           1|
    |empty_455_fu_1094_p2                |        or|   0|  0|   2|           1|           1|
    |empty_456_fu_1100_p2                |        or|   0|  0|   2|           1|           1|
    |empty_458_fu_1076_p2                |        or|   0|  0|   2|           1|           1|
    |empty_459_fu_1082_p2                |        or|   0|  0|   2|           1|           1|
    |empty_461_fu_1058_p2                |        or|   0|  0|   2|           1|           1|
    |empty_462_fu_1064_p2                |        or|   0|  0|   2|           1|           1|
    |empty_464_fu_1040_p2                |        or|   0|  0|   2|           1|           1|
    |empty_465_fu_1046_p2                |        or|   0|  0|   2|           1|           1|
    |empty_467_fu_1022_p2                |        or|   0|  0|   2|           1|           1|
    |empty_468_fu_1028_p2                |        or|   0|  0|   2|           1|           1|
    |empty_470_fu_1004_p2                |        or|   0|  0|   2|           1|           1|
    |empty_471_fu_1010_p2                |        or|   0|  0|   2|           1|           1|
    |empty_473_fu_986_p2                 |        or|   0|  0|   2|           1|           1|
    |empty_474_fu_992_p2                 |        or|   0|  0|   2|           1|           1|
    |empty_476_fu_968_p2                 |        or|   0|  0|   2|           1|           1|
    |empty_477_fu_974_p2                 |        or|   0|  0|   2|           1|           1|
    |empty_479_fu_950_p2                 |        or|   0|  0|   2|           1|           1|
    |empty_480_fu_956_p2                 |        or|   0|  0|   2|           1|           1|
    |empty_482_fu_932_p2                 |        or|   0|  0|   2|           1|           1|
    |empty_483_fu_938_p2                 |        or|   0|  0|   2|           1|           1|
    |empty_485_fu_914_p2                 |        or|   0|  0|   2|           1|           1|
    |empty_486_fu_920_p2                 |        or|   0|  0|   2|           1|           1|
    |empty_487_fu_902_p2                 |        or|   0|  0|   2|           1|           1|
    |empty_492_fu_896_p2                 |        or|   0|  0|   2|           1|           1|
    |or_ln9_fu_1392_p2                   |        or|   0|  0|  10|          10|           1|
    |select_ln8_fu_888_p3                |    select|   0|  0|   5|           1|           5|
    |ap_enable_pp0                       |       xor|   0|  0|   2|           1|           2|
    +------------------------------------+----------+----+---+----+------------+------------+
    |Total                               |          |   0|  0|1186|         690|         449|
    +------------------------------------+----------+----+---+----+------------+------------+

    * Multiplexer: 
    +----------------------------------------------+-----+-----------+-----+-----------+
    |                     Name                     | LUT | Input Size| Bits| Total Bits|
    +----------------------------------------------+-----+-----------+-----+-----------+
    |OutPadConv0_V_address0                        |   65|         16|   10|        160|
    |OutPadConv0_V_address1                        |   65|         16|   10|        160|
    |OutPadConv0_V_d0                              |   65|         16|   16|        256|
    |OutPadConv0_V_d1                              |   65|         16|   16|        256|
    |ap_NS_fsm                                     |  145|         29|    1|         29|
    |ap_done_int                                   |    9|          2|    1|          2|
    |ap_enable_reg_pp0_iter0                       |    9|          2|    1|          2|
    |ap_enable_reg_pp0_iter0_reg                   |    9|          2|    1|          2|
    |ap_enable_reg_pp0_iter1                       |    9|          2|    1|          2|
    |ap_phi_mux_storemerge21_10_phi_fu_517_p4      |    9|          2|   16|         32|
    |ap_phi_mux_storemerge21_11_phi_fu_529_p4      |    9|          2|   16|         32|
    |ap_phi_mux_storemerge21_12_phi_fu_541_p4      |    9|          2|   16|         32|
    |ap_phi_mux_storemerge21_13_phi_fu_553_p4      |    9|          2|   16|         32|
    |ap_phi_mux_storemerge21_14_phi_fu_565_p4      |    9|          2|   16|         32|
    |ap_phi_mux_storemerge21_15_phi_fu_577_p4      |    9|          2|   16|         32|
    |ap_phi_mux_storemerge21_16_phi_fu_589_p4      |    9|          2|   16|         32|
    |ap_phi_mux_storemerge21_17_phi_fu_601_p4      |    9|          2|   16|         32|
    |ap_phi_mux_storemerge21_18_phi_fu_613_p4      |    9|          2|   16|         32|
    |ap_phi_mux_storemerge21_19_phi_fu_625_p4      |    9|          2|   16|         32|
    |ap_phi_mux_storemerge21_1_phi_fu_409_p4       |    9|          2|   16|         32|
    |ap_phi_mux_storemerge21_21_phi_fu_649_p4      |    9|          2|   16|         32|
    |ap_phi_mux_storemerge21_22_phi_fu_661_p4      |    9|          2|   16|         32|
    |ap_phi_mux_storemerge21_23_phi_fu_673_p4      |    9|          2|   16|         32|
    |ap_phi_mux_storemerge21_24_phi_fu_685_p4      |    9|          2|   16|         32|
    |ap_phi_mux_storemerge21_25_phi_fu_697_p4      |    9|          2|   16|         32|
    |ap_phi_mux_storemerge21_26_phi_fu_709_p4      |    9|          2|   16|         32|
    |ap_phi_mux_storemerge21_27_phi_fu_721_p4      |    9|          2|   16|         32|
    |ap_phi_mux_storemerge21_28_phi_fu_733_p4      |    9|          2|   16|         32|
    |ap_phi_mux_storemerge21_2_phi_fu_421_p4       |    9|          2|   16|         32|
    |ap_phi_mux_storemerge21_3_phi_fu_433_p4       |    9|          2|   16|         32|
    |ap_phi_mux_storemerge21_4_phi_fu_445_p4       |    9|          2|   16|         32|
    |ap_phi_mux_storemerge21_5_phi_fu_457_p4       |    9|          2|   16|         32|
    |ap_phi_mux_storemerge21_6_phi_fu_469_p4       |    9|          2|   16|         32|
    |ap_phi_mux_storemerge21_7_phi_fu_481_p4       |    9|          2|   16|         32|
    |ap_phi_mux_storemerge21_8_phi_fu_493_p4       |    9|          2|   16|         32|
    |ap_phi_mux_storemerge21_9_phi_fu_505_p4       |    9|          2|   16|         32|
    |ap_phi_reg_pp0_iter1_storemerge21_20_reg_633  |    9|          2|   16|         32|
    |ap_sig_allocacmp_n_1                          |    9|          2|    5|         10|
    |gmem0_blk_n_AR                                |    9|          2|    1|          2|
    |gmem0_blk_n_R                                 |    9|          2|    1|          2|
    |n_fu_134                                      |    9|          2|    5|         10|
    +----------------------------------------------+-----+-----------+-----+-----------+
    |Total                                         |  729|        165|  517|       1789|
    +----------------------------------------------+-----+-----------+-----+-----------+

    * Register: 
    +----------------------------------------------+----+----+-----+-----------+
    |                     Name                     | FF | LUT| Bits| Const Bits|
    +----------------------------------------------+----+----+-----+-----------+
    |OutPadConv0_V_addr_28_reg_1973                |   9|   0|   10|          1|
    |ap_CS_fsm                                     |  28|   0|   28|          0|
    |ap_done_reg                                   |   1|   0|    1|          0|
    |ap_enable_reg_pp0_iter0_reg                   |   1|   0|    1|          0|
    |ap_enable_reg_pp0_iter1                       |   1|   0|    1|          0|
    |ap_phi_reg_pp0_iter1_storemerge21_20_reg_633  |  16|   0|   16|          0|
    |empty_411_reg_1834                            |   1|   0|    1|          0|
    |empty_411_reg_1834_pp0_iter1_reg              |   1|   0|    1|          0|
    |empty_414_reg_1830                            |   1|   0|    1|          0|
    |empty_414_reg_1830_pp0_iter1_reg              |   1|   0|    1|          0|
    |empty_417_reg_1826                            |   1|   0|    1|          0|
    |empty_417_reg_1826_pp0_iter1_reg              |   1|   0|    1|          0|
    |empty_420_reg_1822                            |   1|   0|    1|          0|
    |empty_420_reg_1822_pp0_iter1_reg              |   1|   0|    1|          0|
    |empty_423_reg_1818                            |   1|   0|    1|          0|
    |empty_423_reg_1818_pp0_iter1_reg              |   1|   0|    1|          0|
    |empty_426_reg_1814                            |   1|   0|    1|          0|
    |empty_426_reg_1814_pp0_iter1_reg              |   1|   0|    1|          0|
    |empty_429_reg_1810                            |   1|   0|    1|          0|
    |empty_429_reg_1810_pp0_iter1_reg              |   1|   0|    1|          0|
    |empty_432_reg_1806                            |   1|   0|    1|          0|
    |empty_432_reg_1806_pp0_iter1_reg              |   1|   0|    1|          0|
    |empty_435_reg_1802                            |   1|   0|    1|          0|
    |empty_438_reg_1798                            |   1|   0|    1|          0|
    |empty_441_reg_1794                            |   1|   0|    1|          0|
    |empty_444_reg_1790                            |   1|   0|    1|          0|
    |empty_447_reg_1786                            |   1|   0|    1|          0|
    |empty_450_reg_1782                            |   1|   0|    1|          0|
    |empty_453_reg_1778                            |   1|   0|    1|          0|
    |empty_456_reg_1774                            |   1|   0|    1|          0|
    |empty_459_reg_1770                            |   1|   0|    1|          0|
    |empty_462_reg_1766                            |   1|   0|    1|          0|
    |empty_465_reg_1762                            |   1|   0|    1|          0|
    |empty_468_reg_1758                            |   1|   0|    1|          0|
    |empty_471_reg_1754                            |   1|   0|    1|          0|
    |empty_474_reg_1750                            |   1|   0|    1|          0|
    |empty_477_reg_1746                            |   1|   0|    1|          0|
    |empty_480_reg_1742                            |   1|   0|    1|          0|
    |empty_483_reg_1738                            |   1|   0|    1|          0|
    |empty_486_reg_1734                            |   1|   0|    1|          0|
    |empty_487_reg_1730                            |   1|   0|    1|          0|
    |empty_490_reg_1683                            |   9|   0|   10|          1|
    |empty_490_reg_1683_pp0_iter1_reg              |   9|   0|   10|          1|
    |empty_492_reg_1726                            |   1|   0|    1|          0|
    |gmem0_addr_read_10_reg_1888                   |  16|   0|   16|          0|
    |gmem0_addr_read_11_reg_1893                   |  16|   0|   16|          0|
    |gmem0_addr_read_12_reg_1898                   |  16|   0|   16|          0|
    |gmem0_addr_read_13_reg_1903                   |  16|   0|   16|          0|
    |gmem0_addr_read_14_reg_1908                   |  16|   0|   16|          0|
    |gmem0_addr_read_15_reg_1913                   |  16|   0|   16|          0|
    |gmem0_addr_read_16_reg_1918                   |  16|   0|   16|          0|
    |gmem0_addr_read_17_reg_1923                   |  16|   0|   16|          0|
    |gmem0_addr_read_18_reg_1928                   |  16|   0|   16|          0|
    |gmem0_addr_read_19_reg_1933                   |  16|   0|   16|          0|
    |gmem0_addr_read_1_reg_1843                    |  16|   0|   16|          0|
    |gmem0_addr_read_20_reg_1938                   |  16|   0|   16|          0|
    |gmem0_addr_read_21_reg_1943                   |  16|   0|   16|          0|
    |gmem0_addr_read_22_reg_1948                   |  16|   0|   16|          0|
    |gmem0_addr_read_23_reg_1953                   |  16|   0|   16|          0|
    |gmem0_addr_read_24_reg_1958                   |  16|   0|   16|          0|
    |gmem0_addr_read_25_reg_1963                   |  16|   0|   16|          0|
    |gmem0_addr_read_26_reg_1968                   |  16|   0|   16|          0|
    |gmem0_addr_read_27_reg_1978                   |  16|   0|   16|          0|
    |gmem0_addr_read_2_reg_1848                    |  16|   0|   16|          0|
    |gmem0_addr_read_3_reg_1853                    |  16|   0|   16|          0|
    |gmem0_addr_read_4_reg_1858                    |  16|   0|   16|          0|
    |gmem0_addr_read_5_reg_1863                    |  16|   0|   16|          0|
    |gmem0_addr_read_6_reg_1868                    |  16|   0|   16|          0|
    |gmem0_addr_read_7_reg_1873                    |  16|   0|   16|          0|
    |gmem0_addr_read_8_reg_1878                    |  16|   0|   16|          0|
    |gmem0_addr_read_9_reg_1883                    |  16|   0|   16|          0|
    |gmem0_addr_read_reg_1838                      |  16|   0|   16|          0|
    |gmem0_addr_reg_1715                           |  64|   0|   64|          0|
    |icmp_ln6_reg_1679                             |   1|   0|    1|          0|
    |icmp_ln6_reg_1679_pp0_iter1_reg               |   1|   0|    1|          0|
    |n_fu_134                                      |   5|   0|    5|          0|
    |select_ln8_reg_1721                           |   3|   0|   32|         29|
    +----------------------------------------------+----+----+-----+-----------+
    |Total                                         | 632|   0|  664|         32|
    +----------------------------------------------+----+----+-----+-----------+



================================================================
== Interface
================================================================
* Summary: 
+------------------------+-----+-----+------------+---------------------------------------+--------------+
|        RTL Ports       | Dir | Bits|  Protocol  |             Source Object             |    C Type    |
+------------------------+-----+-----+------------+---------------------------------------+--------------+
|ap_clk                  |   in|    1|  ap_ctrl_hs|  D_CNN_Pipeline_loop_for_channel_pad_0|  return value|
|ap_rst                  |   in|    1|  ap_ctrl_hs|  D_CNN_Pipeline_loop_for_channel_pad_0|  return value|
|ap_start                |   in|    1|  ap_ctrl_hs|  D_CNN_Pipeline_loop_for_channel_pad_0|  return value|
|ap_done                 |  out|    1|  ap_ctrl_hs|  D_CNN_Pipeline_loop_for_channel_pad_0|  return value|
|ap_idle                 |  out|    1|  ap_ctrl_hs|  D_CNN_Pipeline_loop_for_channel_pad_0|  return value|
|ap_ready                |  out|    1|  ap_ctrl_hs|  D_CNN_Pipeline_loop_for_channel_pad_0|  return value|
|m_axi_gmem0_AWVALID     |  out|    1|       m_axi|                                  gmem0|       pointer|
|m_axi_gmem0_AWREADY     |   in|    1|       m_axi|                                  gmem0|       pointer|
|m_axi_gmem0_AWADDR      |  out|   64|       m_axi|                                  gmem0|       pointer|
|m_axi_gmem0_AWID        |  out|    1|       m_axi|                                  gmem0|       pointer|
|m_axi_gmem0_AWLEN       |  out|   32|       m_axi|                                  gmem0|       pointer|
|m_axi_gmem0_AWSIZE      |  out|    3|       m_axi|                                  gmem0|       pointer|
|m_axi_gmem0_AWBURST     |  out|    2|       m_axi|                                  gmem0|       pointer|
|m_axi_gmem0_AWLOCK      |  out|    2|       m_axi|                                  gmem0|       pointer|
|m_axi_gmem0_AWCACHE     |  out|    4|       m_axi|                                  gmem0|       pointer|
|m_axi_gmem0_AWPROT      |  out|    3|       m_axi|                                  gmem0|       pointer|
|m_axi_gmem0_AWQOS       |  out|    4|       m_axi|                                  gmem0|       pointer|
|m_axi_gmem0_AWREGION    |  out|    4|       m_axi|                                  gmem0|       pointer|
|m_axi_gmem0_AWUSER      |  out|    1|       m_axi|                                  gmem0|       pointer|
|m_axi_gmem0_WVALID      |  out|    1|       m_axi|                                  gmem0|       pointer|
|m_axi_gmem0_WREADY      |   in|    1|       m_axi|                                  gmem0|       pointer|
|m_axi_gmem0_WDATA       |  out|   16|       m_axi|                                  gmem0|       pointer|
|m_axi_gmem0_WSTRB       |  out|    2|       m_axi|                                  gmem0|       pointer|
|m_axi_gmem0_WLAST       |  out|    1|       m_axi|                                  gmem0|       pointer|
|m_axi_gmem0_WID         |  out|    1|       m_axi|                                  gmem0|       pointer|
|m_axi_gmem0_WUSER       |  out|    1|       m_axi|                                  gmem0|       pointer|
|m_axi_gmem0_ARVALID     |  out|    1|       m_axi|                                  gmem0|       pointer|
|m_axi_gmem0_ARREADY     |   in|    1|       m_axi|                                  gmem0|       pointer|
|m_axi_gmem0_ARADDR      |  out|   64|       m_axi|                                  gmem0|       pointer|
|m_axi_gmem0_ARID        |  out|    1|       m_axi|                                  gmem0|       pointer|
|m_axi_gmem0_ARLEN       |  out|   32|       m_axi|                                  gmem0|       pointer|
|m_axi_gmem0_ARSIZE      |  out|    3|       m_axi|                                  gmem0|       pointer|
|m_axi_gmem0_ARBURST     |  out|    2|       m_axi|                                  gmem0|       pointer|
|m_axi_gmem0_ARLOCK      |  out|    2|       m_axi|                                  gmem0|       pointer|
|m_axi_gmem0_ARCACHE     |  out|    4|       m_axi|                                  gmem0|       pointer|
|m_axi_gmem0_ARPROT      |  out|    3|       m_axi|                                  gmem0|       pointer|
|m_axi_gmem0_ARQOS       |  out|    4|       m_axi|                                  gmem0|       pointer|
|m_axi_gmem0_ARREGION    |  out|    4|       m_axi|                                  gmem0|       pointer|
|m_axi_gmem0_ARUSER      |  out|    1|       m_axi|                                  gmem0|       pointer|
|m_axi_gmem0_RVALID      |   in|    1|       m_axi|                                  gmem0|       pointer|
|m_axi_gmem0_RREADY      |  out|    1|       m_axi|                                  gmem0|       pointer|
|m_axi_gmem0_RDATA       |   in|   16|       m_axi|                                  gmem0|       pointer|
|m_axi_gmem0_RLAST       |   in|    1|       m_axi|                                  gmem0|       pointer|
|m_axi_gmem0_RID         |   in|    1|       m_axi|                                  gmem0|       pointer|
|m_axi_gmem0_RFIFONUM    |   in|   10|       m_axi|                                  gmem0|       pointer|
|m_axi_gmem0_RUSER       |   in|    1|       m_axi|                                  gmem0|       pointer|
|m_axi_gmem0_RRESP       |   in|    2|       m_axi|                                  gmem0|       pointer|
|m_axi_gmem0_BVALID      |   in|    1|       m_axi|                                  gmem0|       pointer|
|m_axi_gmem0_BREADY      |  out|    1|       m_axi|                                  gmem0|       pointer|
|m_axi_gmem0_BRESP       |   in|    2|       m_axi|                                  gmem0|       pointer|
|m_axi_gmem0_BID         |   in|    1|       m_axi|                                  gmem0|       pointer|
|m_axi_gmem0_BUSER       |   in|    1|       m_axi|                                  gmem0|       pointer|
|OutPadConv0_V_address0  |  out|   10|   ap_memory|                          OutPadConv0_V|         array|
|OutPadConv0_V_ce0       |  out|    1|   ap_memory|                          OutPadConv0_V|         array|
|OutPadConv0_V_we0       |  out|    1|   ap_memory|                          OutPadConv0_V|         array|
|OutPadConv0_V_d0        |  out|   16|   ap_memory|                          OutPadConv0_V|         array|
|OutPadConv0_V_address1  |  out|   10|   ap_memory|                          OutPadConv0_V|         array|
|OutPadConv0_V_ce1       |  out|    1|   ap_memory|                          OutPadConv0_V|         array|
|OutPadConv0_V_we1       |  out|    1|   ap_memory|                          OutPadConv0_V|         array|
|OutPadConv0_V_d1        |  out|   16|   ap_memory|                          OutPadConv0_V|         array|
|InModel                 |   in|   64|     ap_none|                                InModel|        scalar|
+------------------------+-----+-----+------------+---------------------------------------+--------------+

