

================================================================
== Vitis HLS Report for 'D_CNN_Pipeline_loop_for_3_channel_pad_1_loop_for_channel_pad_1_loop_for_weight_p'
================================================================
* Date:           Wed Apr 15 01:46:39 2026

* Version:        2022.2 (Build 3670227 on Oct 13 2022)
* Project:        ProjectOne
* Solution:       solution1 (Vivado IP Flow Target)
* Product family: zynquplus
* Target device:  xck26-sfvc784-2LV-c


================================================================
== Performance Estimates
================================================================
+ Timing: 
    * Summary: 
    +--------+----------+----------+------------+
    |  Clock |  Target  | Estimated| Uncertainty|
    +--------+----------+----------+------------+
    |ap_clk  |  10.00 ns|  5.691 ns|     2.70 ns|
    +--------+----------+----------+------------+

+ Latency: 
    * Summary: 
    +---------+---------+-----------+-----------+------+------+---------+
    |  Latency (cycles) |   Latency (absolute)  |   Interval  | Pipeline|
    |   min   |   max   |    min    |    max    |  min |  max |   Type  |
    +---------+---------+-----------+-----------+------+------+---------+
    |     1026|     1026|  10.260 us|  10.260 us|  1026|  1026|       no|
    +---------+---------+-----------+-----------+------+------+---------+

    + Detail: 
        * Instance: 
        N/A

        * Loop: 
        +-------------------------------------------------------------------------+---------+---------+----------+-----------+-----------+------+----------+
        |                                                                         |  Latency (cycles) | Iteration|  Initiation Interval  | Trip |          |
        |                                Loop Name                                |   min   |   max   |  Latency |  achieved |   target  | Count| Pipelined|
        +-------------------------------------------------------------------------+---------+---------+----------+-----------+-----------+------+----------+
        |- loop_for_3_channel_pad_1_loop_for_channel_pad_1_loop_for_weight_pad_1  |     1024|     1024|         2|          1|          1|  1024|       yes|
        +-------------------------------------------------------------------------+---------+---------+----------+-----------+-----------+------+----------+



================================================================
== Utilization Estimates
================================================================
* Summary: 
+-----------------+---------+------+--------+--------+-----+
|       Name      | BRAM_18K|  DSP |   FF   |   LUT  | URAM|
+-----------------+---------+------+--------+--------+-----+
|DSP              |        -|     -|       -|       -|    -|
|Expression       |        -|     -|       0|     378|    -|
|FIFO             |        -|     -|       -|       -|    -|
|Instance         |        -|     0|       0|     100|    -|
|Memory           |        -|     -|       -|       -|    -|
|Multiplexer      |        -|     -|       -|      72|    -|
|Register         |        -|     -|      51|       -|    -|
+-----------------+---------+------+--------+--------+-----+
|Total            |        0|     0|      51|     550|    0|
+-----------------+---------+------+--------+--------+-----+
|Available        |      288|  1248|  234240|  117120|   64|
+-----------------+---------+------+--------+--------+-----+
|Utilization (%)  |        0|     0|      ~0|      ~0|    0|
+-----------------+---------+------+--------+--------+-----+

+ Detail: 
    * Instance: 
    +------------------------+--------------------+---------+----+---+----+-----+
    |        Instance        |       Module       | BRAM_18K| DSP| FF| LUT| URAM|
    +------------------------+--------------------+---------+----+---+----+-----+
    |mul_3ns_9ns_10_1_1_U26  |mul_3ns_9ns_10_1_1  |        0|   0|  0|  50|    0|
    |mul_3ns_9ns_10_1_1_U27  |mul_3ns_9ns_10_1_1  |        0|   0|  0|  50|    0|
    +------------------------+--------------------+---------+----+---+----+-----+
    |Total                   |                    |        0|   0|  0| 100|    0|
    +------------------------+--------------------+---------+----+---+----+-----+

    * DSP: 
    N/A

    * Memory: 
    N/A

    * FIFO: 
    N/A

    * Expression: 
    +--------------------------+----------+----+---+----+------------+------------+
    |       Variable Name      | Operation| DSP| FF| LUT| Bitwidth P0| Bitwidth P1|
    +--------------------------+----------+----+---+----+------------+------------+
    |add_ln41_1_fu_250_p2      |         +|   0|  0|  10|           3|           1|
    |add_ln41_fu_224_p2        |         +|   0|  0|  18|          11|           1|
    |add_ln43_1_fu_497_p2      |         +|   0|  0|  17|          10|           1|
    |add_ln43_fu_322_p2        |         +|   0|  0|  12|           5|           1|
    |add_ln45_fu_491_p2        |         +|   0|  0|  12|           5|           1|
    |add_ln46_fu_452_p2        |         +|   0|  0|  17|          10|          10|
    |add_ln48_1_fu_480_p2      |         +|   0|  0|  17|          10|          10|
    |add_ln48_2_fu_470_p2      |         +|   0|  0|  12|           5|           5|
    |add_ln48_3_fu_402_p2      |         +|   0|  0|  17|          10|          10|
    |add_ln48_fu_206_p2        |         +|   0|  0|  17|          10|          10|
    |empty_498_fu_196_p2       |         -|   0|  0|  16|           9|           9|
    |p_mid1156_fu_392_p2       |         -|   0|  0|  16|           9|           9|
    |and_ln43_fu_308_p2        |       and|   0|  0|   2|           1|           1|
    |cmp10_i21_fu_164_p2       |      icmp|   0|  0|   9|           5|           4|
    |cmp10_i21_mid1_fu_348_p2  |      icmp|   0|  0|   9|           5|           4|
    |cmp9_i20_fu_158_p2        |      icmp|   0|  0|   9|           5|           1|
    |cmp9_i20_mid1_fu_342_p2   |      icmp|   0|  0|   9|           5|           1|
    |icmp_ln41_fu_218_p2       |      icmp|   0|  0|  12|          11|          12|
    |icmp_ln43_fu_236_p2       |      icmp|   0|  0|  11|          10|           9|
    |icmp_ln45_fu_302_p2       |      icmp|   0|  0|  10|           5|           6|
    |icmp_ln48_1_fu_464_p2     |      icmp|   0|  0|   9|           5|           4|
    |icmp_ln48_fu_458_p2       |      icmp|   0|  0|   9|           5|           1|
    |or_ln43_1_fu_328_p2       |        or|   0|  0|   2|           1|           1|
    |or_ln43_fu_290_p2         |        or|   0|  0|   2|           1|           1|
    |or_ln48_1_fu_540_p2       |        or|   0|  0|   2|           1|           1|
    |or_ln48_2_fu_544_p2       |        or|   0|  0|   2|           1|           1|
    |or_ln48_3_fu_416_p2       |        or|   0|  0|   2|           1|           1|
    |or_ln48_fu_212_p2         |        or|   0|  0|   2|           1|           1|
    |OutPadConv1_V_d0          |    select|   0|  0|  16|           1|           1|
    |select_ln41_fu_314_p3     |    select|   0|  0|   3|           1|           3|
    |select_ln43_1_fu_266_p3   |    select|   0|  0|  10|           1|          10|
    |select_ln43_2_fu_274_p3   |    select|   0|  0|   8|           1|           1|
    |select_ln43_3_fu_282_p3   |    select|   0|  0|  10|           1|          10|
    |select_ln43_4_fu_334_p3   |    select|   0|  0|   5|           1|           1|
    |select_ln43_5_fu_366_p3   |    select|   0|  0|   8|           1|           8|
    |select_ln43_6_fu_408_p3   |    select|   0|  0|  10|           1|          10|
    |select_ln43_7_fu_422_p3   |    select|   0|  0|   2|           1|           1|
    |select_ln43_8_fu_430_p3   |    select|   0|  0|   5|           1|           5|
    |select_ln43_9_fu_503_p3   |    select|   0|  0|  10|           1|           1|
    |select_ln43_fu_242_p3     |    select|   0|  0|   5|           1|           1|
    |ap_enable_pp0             |       xor|   0|  0|   2|           1|           2|
    |xor_ln43_fu_296_p2        |       xor|   0|  0|   2|           1|           2|
    +--------------------------+----------+----+---+----+------------+------------+
    |Total                     |          |   0|  0| 378|         174|         173|
    +--------------------------+----------+----+---+----+------------+------------+

    * Multiplexer: 
    +-------------------------+----+-----------+-----+-----------+
    |           Name          | LUT| Input Size| Bits| Total Bits|
    +-------------------------+----+-----------+-----+-----------+
    |ap_done_int              |   9|          2|    1|          2|
    |ap_enable_reg_pp0_iter1  |   9|          2|    1|          2|
    |ap_enable_reg_pp0_iter2  |   9|          2|    1|          2|
    |c_fu_80                  |   9|          2|    3|          6|
    |i_1_fu_68                |   9|          2|    5|         10|
    |indvar_flatten158_fu_76  |   9|          2|   10|         20|
    |indvar_flatten194_fu_84  |   9|          2|   11|         22|
    |n_3_fu_72                |   9|          2|    5|         10|
    +-------------------------+----+-----------+-----+-----------+
    |Total                    |  72|         16|   37|         74|
    +-------------------------+----+-----------+-----+-----------+

    * Register: 
    +-------------------------+----+----+-----+-----------+
    |           Name          | FF | LUT| Bits| Const Bits|
    +-------------------------+----+----+-----+-----------+
    |add_ln46_reg_601         |  10|   0|   10|          0|
    |ap_CS_fsm                |   1|   0|    1|          0|
    |ap_done_reg              |   1|   0|    1|          0|
    |ap_enable_reg_pp0_iter1  |   1|   0|    1|          0|
    |ap_enable_reg_pp0_iter2  |   1|   0|    1|          0|
    |c_fu_80                  |   3|   0|    3|          0|
    |i_1_fu_68                |   5|   0|    5|          0|
    |icmp_ln48_1_reg_611      |   1|   0|    1|          0|
    |icmp_ln48_reg_606        |   1|   0|    1|          0|
    |indvar_flatten158_fu_76  |  10|   0|   10|          0|
    |indvar_flatten194_fu_84  |  11|   0|   11|          0|
    |n_3_fu_72                |   5|   0|    5|          0|
    |select_ln43_7_reg_596    |   1|   0|    1|          0|
    +-------------------------+----+----+-----+-----------+
    |Total                    |  51|   0|   51|          0|
    +-------------------------+----+----+-----+-----------+



================================================================
== Interface
================================================================
* Summary: 
+------------------------+-----+-----+------------+----------------------------------------------------------------------------------+--------------+
|        RTL Ports       | Dir | Bits|  Protocol  |                                   Source Object                                  |    C Type    |
+------------------------+-----+-----+------------+----------------------------------------------------------------------------------+--------------+
|ap_clk                  |   in|    1|  ap_ctrl_hs|  D_CNN_Pipeline_loop_for_3_channel_pad_1_loop_for_channel_pad_1_loop_for_weight_p|  return value|
|ap_rst                  |   in|    1|  ap_ctrl_hs|  D_CNN_Pipeline_loop_for_3_channel_pad_1_loop_for_channel_pad_1_loop_for_weight_p|  return value|
|ap_start                |   in|    1|  ap_ctrl_hs|  D_CNN_Pipeline_loop_for_3_channel_pad_1_loop_for_channel_pad_1_loop_for_weight_p|  return value|
|ap_done                 |  out|    1|  ap_ctrl_hs|  D_CNN_Pipeline_loop_for_3_channel_pad_1_loop_for_channel_pad_1_loop_for_weight_p|  return value|
|ap_idle                 |  out|    1|  ap_ctrl_hs|  D_CNN_Pipeline_loop_for_3_channel_pad_1_loop_for_channel_pad_1_loop_for_weight_p|  return value|
|ap_ready                |  out|    1|  ap_ctrl_hs|  D_CNN_Pipeline_loop_for_3_channel_pad_1_loop_for_channel_pad_1_loop_for_weight_p|  return value|
|OutPadConv1_V_address0  |  out|   10|   ap_memory|                                                                     OutPadConv1_V|         array|
|OutPadConv1_V_ce0       |  out|    1|   ap_memory|                                                                     OutPadConv1_V|         array|
|OutPadConv1_V_we0       |  out|    1|   ap_memory|                                                                     OutPadConv1_V|         array|
|OutPadConv1_V_d0        |  out|   16|   ap_memory|                                                                     OutPadConv1_V|         array|
|pool_V_address0         |  out|   10|   ap_memory|                                                                            pool_V|         array|
|pool_V_ce0              |  out|    1|   ap_memory|                                                                            pool_V|         array|
|pool_V_q0               |   in|   16|   ap_memory|                                                                            pool_V|         array|
+------------------------+-----+-----+------------+----------------------------------------------------------------------------------+--------------+

