

================================================================
== Vitis HLS Report for 'D_CNN'
================================================================
* Date:           Wed Apr 15 01:46:46 2026

* Version:        2022.2 (Build 3670227 on Oct 13 2022)
* Project:        ProjectOne
* Solution:       solution1 (Vivado IP Flow Target)
* Product family: zynquplus
* Target device:  xck26-sfvc784-2LV-c


================================================================
== Performance Estimates
================================================================
+ Timing: 
    * Summary: 
    +--------+----------+----------+------------+
    |  Clock |  Target  | Estimated| Uncertainty|
    +--------+----------+----------+------------+
    |ap_clk  |  10.00 ns|  7.300 ns|     2.70 ns|
    +--------+----------+----------+------------+

+ Latency: 
    * Summary: 
    +---------+---------+----------+----------+--------+--------+---------+
    |  Latency (cycles) |  Latency (absolute) |     Interval    | Pipeline|
    |   min   |   max   |    min   |    max   |   min  |   max  |   Type  |
    +---------+---------+----------+----------+--------+--------+---------+
    |   486335|   511423|  4.863 ms|  5.114 ms|  486335|  511423|       no|
    +---------+---------+----------+----------+--------+--------+---------+

    + Detail: 
        * Instance: 
        +---------------------------------------------------------------------------------------------+----------------------------------------------------------------------------------+---------+---------+-----------+-----------+-------+-------+---------+
        |                                                                                             |                                                                                  |  Latency (cycles) |   Latency (absolute)  |    Interval   | Pipeline|
        |                                           Instance                                          |                                      Module                                      |   min   |   max   |    min    |    max    |  min  |  max  |   Type  |
        +---------------------------------------------------------------------------------------------+----------------------------------------------------------------------------------+---------+---------+-----------+-----------+-------+-------+---------+
        |grp_D_CNN_Pipeline_loop_for_channel_pad_0_fu_260                                             |D_CNN_Pipeline_loop_for_channel_pad_0                                             |      850|      850|   8.500 us|   8.500 us|    850|    850|       no|
        |grp_D_CNN_Pipeline_VITIS_LOOP_19_1_loop_for_bp2D_0_loop_for_ap2D_0_fu_270                    |D_CNN_Pipeline_VITIS_LOOP_19_1_loop_for_bp2D_0_loop_for_ap2D_0                    |    69002|    69002|   0.690 ms|   0.690 ms|  69002|  69002|       no|
        |grp_D_CNN_Pipeline_VITIS_LOOP_6_1_VITIS_LOOP_8_2_VITIS_LOOP_9_3_fu_280                       |D_CNN_Pipeline_VITIS_LOOP_6_1_VITIS_LOOP_8_2_VITIS_LOOP_9_3                       |      790|      790|   7.900 us|   7.900 us|    790|    790|       no|
        |grp_D_CNN_Pipeline_loop_for_3_channel_pad_1_loop_for_channel_pad_1_loop_for_weight_p_fu_286  |D_CNN_Pipeline_loop_for_3_channel_pad_1_loop_for_channel_pad_1_loop_for_weight_p  |     1026|     1026|  10.260 us|  10.260 us|   1026|   1026|       no|
        |grp_D_CNN_Pipeline_VITIS_LOOP_56_1_loop_for_bp2D_1_loop_for_ap2D_1_fu_292                    |D_CNN_Pipeline_VITIS_LOOP_56_1_loop_for_bp2D_1_loop_for_ap2D_1                    |    76842|    76842|   0.768 ms|   0.768 ms|  76842|  76842|       no|
        |grp_D_CNN_Pipeline_VITIS_LOOP_26_1_VITIS_LOOP_27_2_VITIS_LOOP_28_3_fu_301                    |D_CNN_Pipeline_VITIS_LOOP_26_1_VITIS_LOOP_27_2_VITIS_LOOP_28_3                    |     6277|     6277|  62.770 us|  62.770 us|   6277|   6277|       no|
        |grp_D_CNN_Pipeline_loop_for_3_channel_pad_2_loop_for_channel_pad_2_loop_for_weight_p_fu_307  |D_CNN_Pipeline_loop_for_3_channel_pad_2_loop_for_channel_pad_2_loop_for_weight_p  |     7204|     7204|  72.040 us|  72.040 us|   7204|   7204|       no|
        |grp_D_CNN_Pipeline_loop_for_3_channel_pad_3_loop_for_channel_pad_3_loop_for_weight_p_fu_313  |D_CNN_Pipeline_loop_for_3_channel_pad_3_loop_for_channel_pad_3_loop_for_weight_p  |     3604|     3604|  36.040 us|  36.040 us|   3604|   3604|       no|
        |grp_D_CNN_Pipeline_loop_for_fc_2_loop_for_fb_2_loop_for_fa_2_fu_319                          |D_CNN_Pipeline_loop_for_fc_2_loop_for_fb_2_loop_for_fa_2                          |       80|       80|   0.800 us|   0.800 us|     80|     80|       no|
        |grp_D_Conv2D_3_fu_331                                                                        |D_Conv2D_3                                                                        |    28287|    28287|   0.283 ms|   0.283 ms|  28287|  28287|       no|
        |grp_D_CNN_Pipeline_VITIS_LOOP_26_1_fu_341                                                    |D_CNN_Pipeline_VITIS_LOOP_26_1                                                    |      786|      786|   7.860 us|   7.860 us|    786|    786|       no|
        +---------------------------------------------------------------------------------------------+----------------------------------------------------------------------------------+---------+---------+-----------+-----------+-------+-------+---------+

        * Loop: 
        +---------------------------------------------------+---------+---------+----------+-----------+-----------+------+----------+
        |                                                   |  Latency (cycles) | Iteration|  Initiation Interval  | Trip |          |
        |                     Loop Name                     |   min   |   max   |  Latency |  achieved |   target  | Count| Pipelined|
        +---------------------------------------------------+---------+---------+----------+-----------+-----------+------+----------+
        |- VITIS_LOOP_93_1_loop_for_bp2D_2_loop_for_ap2D_2  |   291648|   316736|  93 ~ 101|          -|          -|  3136|        no|
        +---------------------------------------------------+---------+---------+----------+-----------+-----------+------+----------+



================================================================
== Utilization Estimates
================================================================
* Summary: 
+-----------------+---------+------+--------+--------+-----+
|       Name      | BRAM_18K|  DSP |   FF   |   LUT  | URAM|
+-----------------+---------+------+--------+--------+-----+
|DSP              |        -|     1|       -|       -|    -|
|Expression       |        -|     -|       0|     976|    -|
|FIFO             |        -|     -|       -|       -|    -|
|Instance         |        -|   120|    5820|   15070|    -|
|Memory           |       42|     -|       0|       0|    0|
|Multiplexer      |        -|     -|       -|    1095|    -|
|Register         |        -|     -|     465|       -|    -|
+-----------------+---------+------+--------+--------+-----+
|Total            |       42|   121|    6285|   17141|    0|
+-----------------+---------+------+--------+--------+-----+
|Available        |      288|  1248|  234240|  117120|   64|
+-----------------+---------+------+--------+--------+-----+
|Utilization (%)  |       14|     9|       2|      14|    0|
+-----------------+---------+------+--------+--------+-----+

+ Detail: 
    * Instance: 
    +---------------------------------------------------------------------------------------------+----------------------------------------------------------------------------------+---------+----+------+------+-----+
    |                                           Instance                                          |                                      Module                                      | BRAM_18K| DSP|  FF  |  LUT | URAM|
    +---------------------------------------------------------------------------------------------+----------------------------------------------------------------------------------+---------+----+------+------+-----+
    |grp_D_CNN_Pipeline_VITIS_LOOP_19_1_loop_for_bp2D_0_loop_for_ap2D_0_fu_270                    |D_CNN_Pipeline_VITIS_LOOP_19_1_loop_for_bp2D_0_loop_for_ap2D_0                    |        0|  10|   498|  1485|    0|
    |grp_D_CNN_Pipeline_VITIS_LOOP_26_1_fu_341                                                    |D_CNN_Pipeline_VITIS_LOOP_26_1                                                    |        0|   0|    23|    66|    0|
    |grp_D_CNN_Pipeline_VITIS_LOOP_26_1_VITIS_LOOP_27_2_VITIS_LOOP_28_3_fu_301                    |D_CNN_Pipeline_VITIS_LOOP_26_1_VITIS_LOOP_27_2_VITIS_LOOP_28_3                    |        0|   2|   190|   440|    0|
    |grp_D_CNN_Pipeline_VITIS_LOOP_56_1_loop_for_bp2D_1_loop_for_ap2D_1_fu_292                    |D_CNN_Pipeline_VITIS_LOOP_56_1_loop_for_bp2D_1_loop_for_ap2D_1                    |        0|  37|   888|  1848|    0|
    |grp_D_CNN_Pipeline_VITIS_LOOP_6_1_VITIS_LOOP_8_2_VITIS_LOOP_9_3_fu_280                       |D_CNN_Pipeline_VITIS_LOOP_6_1_VITIS_LOOP_8_2_VITIS_LOOP_9_3                       |        0|   2|   210|   609|    0|
    |grp_D_CNN_Pipeline_loop_for_3_channel_pad_1_loop_for_channel_pad_1_loop_for_weight_p_fu_286  |D_CNN_Pipeline_loop_for_3_channel_pad_1_loop_for_channel_pad_1_loop_for_weight_p  |        0|   0|    51|   550|    0|
    |grp_D_CNN_Pipeline_loop_for_3_channel_pad_2_loop_for_channel_pad_2_loop_for_weight_p_fu_307  |D_CNN_Pipeline_loop_for_3_channel_pad_2_loop_for_channel_pad_2_loop_for_weight_p  |        0|   1|   151|   577|    0|
    |grp_D_CNN_Pipeline_loop_for_3_channel_pad_3_loop_for_channel_pad_3_loop_for_weight_p_fu_313  |D_CNN_Pipeline_loop_for_3_channel_pad_3_loop_for_channel_pad_3_loop_for_weight_p  |        0|   1|   145|   566|    0|
    |grp_D_CNN_Pipeline_loop_for_channel_pad_0_fu_260                                             |D_CNN_Pipeline_loop_for_channel_pad_0                                             |        0|   0|   632|  1915|    0|
    |grp_D_CNN_Pipeline_loop_for_fc_2_loop_for_fb_2_loop_for_fa_2_fu_319                          |D_CNN_Pipeline_loop_for_fc_2_loop_for_fb_2_loop_for_fa_2                          |        0|   2|   201|   408|    0|
    |grp_D_Conv2D_3_fu_331                                                                        |D_Conv2D_3                                                                        |        0|  65|  2831|  6606|    0|
    +---------------------------------------------------------------------------------------------+----------------------------------------------------------------------------------+---------+----+------+------+-----+
    |Total                                                                                        |                                                                                  |        0| 120|  5820| 15070|    0|
    +---------------------------------------------------------------------------------------------+----------------------------------------------------------------------------------+---------+----+------+------+-----+

    * DSP: 
    +-------------------------------------+--------------------------------+--------------+
    |               Instance              |             Module             |  Expression  |
    +-------------------------------------+--------------------------------+--------------+
    |mac_muladd_3ns_10ns_5ns_12_4_1_U149  |mac_muladd_3ns_10ns_5ns_12_4_1  |  i0 * i1 + i2|
    +-------------------------------------+--------------------------------+--------------+

    * Memory: 
    +-----------------+----------------------------------------+---------+---+----+-----+------+-----+------+-------------+
    |      Memory     |                 Module                 | BRAM_18K| FF| LUT| URAM| Words| Bits| Banks| W*Bits*Banks|
    +-----------------+----------------------------------------+---------+---+----+-----+------+-----+------+-------------+
    |OutPadConv0_V_U  |D_CNN_OutPadConv0_V_RAM_AUTO_1R1W       |        1|  0|   0|    0|   900|   16|     1|        14400|
    |OutPadConv1_V_U  |D_CNN_OutPadConv1_V_RAM_1WNR_AUTO_1R1W  |        1|  0|   0|    0|  1024|   16|     1|        16384|
    |OutPadConv2_V_U  |D_CNN_OutPadConv2_V_RAM_AUTO_1R1W       |        8|  0|   0|    0|  7200|   16|     1|       115200|
    |OutPadConv3_V_U  |D_CNN_OutPadConv3_V_RAM_1WNR_AUTO_1R1W  |        4|  0|   0|    0|  3600|   16|     1|        57600|
    |conv1_V_U        |D_CNN_conv1_V_RAM_1WNR_AUTO_1R1W        |       12|  0|   0|    0|  3136|   16|     1|        50176|
    |conv2_V_U        |D_CNN_conv2_V_RAM_AUTO_1R1W             |        2|  0|   0|    0|  1568|   16|     1|        25088|
    |conv3_V_U        |D_CNN_conv3_V_RAM_AUTO_1R1W             |        4|  0|   0|    0|  3136|   16|     1|        50176|
    |pool_V_U         |D_CNN_pool_V_RAM_AUTO_1R1W              |        1|  0|   0|    0|   784|   16|     1|        12544|
    |conv4_U          |D_CNN_pool_V_RAM_AUTO_1R1W              |        1|  0|   0|    0|   784|   16|     1|        12544|
    |upsample_V_U     |D_CNN_upsample_V_RAM_AUTO_1R1W          |        8|  0|   0|    0|  6272|   16|     1|       100352|
    +-----------------+----------------------------------------+---------+---+----+-----+------+-----+------+-------------+
    |Total            |                                        |       42|  0|   0|    0| 28404|  160|    10|       454464|
    +-----------------+----------------------------------------+---------+---+----+-----+------+-----+------+-------------+

    * FIFO: 
    N/A

    * Expression: 
    +-----------------------------------+----------+----+---+----+------------+------------+
    |           Variable Name           | Operation| DSP| FF| LUT| Bitwidth P0| Bitwidth P1|
    +-----------------------------------+----------+----+---+----+------------+------------+
    |add_ln108_fu_797_p2                |         +|   0|  0|  19|          12|          12|
    |add_ln24_1_fu_880_p2               |         +|   0|  0|  71|          64|          11|
    |add_ln24_fu_875_p2                 |         +|   0|  0|  71|          64|          11|
    |add_ln813_fu_830_p2                |         +|   0|  0|  23|          16|          16|
    |add_ln93_1_fu_511_p2               |         +|   0|  0|  10|           3|           1|
    |add_ln93_fu_499_p2                 |         +|   0|  0|  19|          12|           1|
    |add_ln95_1_fu_840_p2               |         +|   0|  0|  17|          10|           1|
    |add_ln95_fu_688_p2                 |         +|   0|  0|  12|           5|           1|
    |add_ln97_fu_835_p2                 |         +|   0|  0|  12|           5|           1|
    |empty_533_fu_428_p2                |         +|   0|  0|  64|          64|          64|
    |empty_534_fu_448_p2                |         +|   0|  0|  71|          64|          64|
    |p_mid1515_fu_560_p2                |         +|   0|  0|  64|          64|          64|
    |p_mid1517_fu_580_p2                |         +|   0|  0|  71|          64|          64|
    |ret_V_fu_812_p2                    |         +|   0|  0|  24|          17|          17|
    |tmp26_fu_413_p2                    |         +|   0|  0|  64|          64|          64|
    |tmp26_mid1_fu_545_p2               |         +|   0|  0|  64|          64|          64|
    |tmp27_fu_418_p2                    |         +|   0|  0|  18|          11|          10|
    |tmp27_mid1_fu_550_p2               |         +|   0|  0|  18|          11|          10|
    |empty_535_fu_487_p2                |         -|   0|  0|  18|          11|          11|
    |p_mid1483_fu_745_p2                |         -|   0|  0|  18|          11|          11|
    |p_mid1495_fu_780_p2                |         -|   0|  0|  18|          11|          11|
    |icmp_ln97_mid2540_fu_682_p2        |       and|   0|  0|   2|           1|           1|
    |icmp_ln93_fu_493_p2                |      icmp|   0|  0|  12|          12|          11|
    |icmp_ln95_fu_505_p2                |      icmp|   0|  0|  11|          10|           9|
    |icmp_ln97_fu_676_p2                |      icmp|   0|  0|   9|           5|           4|
    |or_ln95_fu_694_p2                  |        or|   0|  0|   2|           1|           1|
    |empty_538_fu_603_p3                |    select|   0|  0|  62|           1|          63|
    |empty_539_fu_641_p3                |    select|   0|  0|  62|           1|          63|
    |p_mid2520_v_v_fu_585_p3            |    select|   0|  0|   3|           1|           3|
    |select_ln95_1_fu_786_p3            |    select|   0|  0|  10|           1|          11|
    |select_ln95_2_fu_708_p3            |    select|   0|  0|   5|           1|           5|
    |select_ln95_3_fu_846_p3            |    select|   0|  0|  10|           1|           1|
    |select_ln95_fu_699_p3              |    select|   0|  0|   5|           1|           1|
    |sext_ln97_mid2538_fu_752_p3        |    select|   0|  0|  10|           1|           1|
    |x_3_mid2513_fu_665_p3              |    select|   0|  0|   5|           1|           1|
    |not_exitcond_flatten499_fu_671_p2  |       xor|   0|  0|   2|           1|           2|
    +-----------------------------------+----------+----+---+----+------------+------------+
    |Total                              |          |   0|  0| 976|         686|         686|
    +-----------------------------------+----------+----+---+----+------------+------------+

    * Multiplexer: 
    +--------------------------------------+-----+-----------+-----+-----------+
    |                 Name                 | LUT | Input Size| Bits| Total Bits|
    +--------------------------------------+-----+-----------+-----+-----------+
    |OutPadConv0_V_address0                |   14|          3|   10|         30|
    |OutPadConv0_V_address1                |   14|          3|   10|         30|
    |OutPadConv0_V_ce0                     |   14|          3|    1|          3|
    |OutPadConv0_V_ce1                     |   14|          3|    1|          3|
    |OutPadConv0_V_we0                     |    9|          2|    1|          2|
    |OutPadConv0_V_we1                     |    9|          2|    1|          2|
    |OutPadConv1_V_address0                |   14|          3|   10|         30|
    |OutPadConv1_V_ce0                     |   14|          3|    1|          3|
    |OutPadConv1_V_ce1                     |    9|          2|    1|          2|
    |OutPadConv1_V_we0                     |    9|          2|    1|          2|
    |OutPadConv2_V_address0                |   14|          3|   13|         39|
    |OutPadConv2_V_ce0                     |   14|          3|    1|          3|
    |OutPadConv2_V_we0                     |    9|          2|    1|          2|
    |OutPadConv3_V_address0                |   14|          3|   12|         36|
    |OutPadConv3_V_ce0                     |   14|          3|    1|          3|
    |OutPadConv3_V_ce1                     |    9|          2|    1|          2|
    |OutPadConv3_V_we0                     |    9|          2|    1|          2|
    |ap_NS_fsm                             |  183|         41|    1|         41|
    |ap_phi_mux_storemerge3_phi_fu_252_p4  |    9|          2|   16|         32|
    |conv1_V_address0                      |   14|          3|   12|         36|
    |conv1_V_ce0                           |   14|          3|    1|          3|
    |conv1_V_ce1                           |    9|          2|    1|          2|
    |conv1_V_ce2                           |    9|          2|    1|          2|
    |conv1_V_ce3                           |    9|          2|    1|          2|
    |conv1_V_we0                           |    9|          2|    1|          2|
    |conv2_V_address0                      |   14|          3|   11|         33|
    |conv2_V_ce0                           |   14|          3|    1|          3|
    |conv2_V_we0                           |    9|          2|    1|          2|
    |conv3_V_address0                      |   14|          3|   12|         36|
    |conv3_V_ce0                           |   14|          3|    1|          3|
    |conv4_address0                        |   14|          3|   10|         30|
    |conv4_ce0                             |   14|          3|    1|          3|
    |conv4_we0                             |    9|          2|    1|          2|
    |gmem1_blk_n_AR                        |    9|          2|    1|          2|
    |gmem1_blk_n_R                         |    9|          2|    1|          2|
    |indvar_flatten497_fu_150              |    9|          2|   10|         20|
    |indvar_flatten541_fu_158              |    9|          2|   12|         24|
    |m_axi_gmem0_ARVALID                   |    9|          2|    1|          2|
    |m_axi_gmem0_RREADY                    |    9|          2|    1|          2|
    |m_axi_gmem1_ARADDR                    |   37|          7|   64|        448|
    |m_axi_gmem1_ARBURST                   |   26|          5|    2|         10|
    |m_axi_gmem1_ARCACHE                   |   26|          5|    4|         20|
    |m_axi_gmem1_ARID                      |   26|          5|    1|          5|
    |m_axi_gmem1_ARLEN                     |   37|          7|   32|        224|
    |m_axi_gmem1_ARLOCK                    |   26|          5|    2|         10|
    |m_axi_gmem1_ARPROT                    |   26|          5|    3|         15|
    |m_axi_gmem1_ARQOS                     |   26|          5|    4|         20|
    |m_axi_gmem1_ARREGION                  |   26|          5|    4|         20|
    |m_axi_gmem1_ARSIZE                    |   26|          5|    3|         15|
    |m_axi_gmem1_ARUSER                    |   26|          5|    1|          5|
    |m_axi_gmem1_ARVALID                   |   31|          6|    1|          6|
    |m_axi_gmem1_RREADY                    |   31|          6|    1|          6|
    |n_fu_154                              |    9|          2|    3|          6|
    |pool_V_address0                       |   14|          3|   10|         30|
    |pool_V_ce0                            |   14|          3|    1|          3|
    |pool_V_we0                            |    9|          2|    1|          2|
    |storemerge3_reg_248                   |    9|          2|   16|         32|
    |upsample_V_address0                   |   14|          3|   13|         39|
    |upsample_V_ce0                        |   14|          3|    1|          3|
    |upsample_V_we0                        |    9|          2|    1|          2|
    |x_fu_146                              |    9|          2|    5|         10|
    |y_fu_142                              |    9|          2|    5|         10|
    +--------------------------------------+-----+-----------+-----+-----------+
    |Total                                 | 1095|        230|  343|       1419|
    +--------------------------------------+-----+-----------+-----+-----------+

    * Register: 
    +----------------------------------------------------------------------------------------------------------+----+----+-----+-----------+
    |                                                   Name                                                   | FF | LUT| Bits| Const Bits|
    +----------------------------------------------------------------------------------------------------------+----+----+-----+-----------+
    |add_ln108_reg_1043                                                                                        |  12|   0|   12|          0|
    |add_ln24_1_reg_1070                                                                                       |  64|   0|   64|          0|
    |add_ln24_reg_1065                                                                                         |  64|   0|   64|          0|
    |add_ln93_reg_963                                                                                          |  12|   0|   12|          0|
    |add_ln95_reg_1015                                                                                         |   5|   0|    5|          0|
    |ap_CS_fsm                                                                                                 |  40|   0|   40|          0|
    |conv3_V_addr_reg_1055                                                                                     |  12|   0|   12|          0|
    |empty_535_reg_955                                                                                         |   9|   0|   11|          2|
    |empty_539_reg_989                                                                                         |  63|   0|   63|          0|
    |gmem1_addr_read_3_reg_1060                                                                                |  16|   0|   16|          0|
    |gmem1_addr_read_reg_1005                                                                                  |  16|   0|   16|          0|
    |gmem1_addr_reg_983                                                                                        |  64|   0|   64|          0|
    |grp_D_CNN_Pipeline_VITIS_LOOP_19_1_loop_for_bp2D_0_loop_for_ap2D_0_fu_270_ap_start_reg                    |   1|   0|    1|          0|
    |grp_D_CNN_Pipeline_VITIS_LOOP_26_1_VITIS_LOOP_27_2_VITIS_LOOP_28_3_fu_301_ap_start_reg                    |   1|   0|    1|          0|
    |grp_D_CNN_Pipeline_VITIS_LOOP_26_1_fu_341_ap_start_reg                                                    |   1|   0|    1|          0|
    |grp_D_CNN_Pipeline_VITIS_LOOP_56_1_loop_for_bp2D_1_loop_for_ap2D_1_fu_292_ap_start_reg                    |   1|   0|    1|          0|
    |grp_D_CNN_Pipeline_VITIS_LOOP_6_1_VITIS_LOOP_8_2_VITIS_LOOP_9_3_fu_280_ap_start_reg                       |   1|   0|    1|          0|
    |grp_D_CNN_Pipeline_loop_for_3_channel_pad_1_loop_for_channel_pad_1_loop_for_weight_p_fu_286_ap_start_reg  |   1|   0|    1|          0|
    |grp_D_CNN_Pipeline_loop_for_3_channel_pad_2_loop_for_channel_pad_2_loop_for_weight_p_fu_307_ap_start_reg  |   1|   0|    1|          0|
    |grp_D_CNN_Pipeline_loop_for_3_channel_pad_3_loop_for_channel_pad_3_loop_for_weight_p_fu_313_ap_start_reg  |   1|   0|    1|          0|
    |grp_D_CNN_Pipeline_loop_for_channel_pad_0_fu_260_ap_start_reg                                             |   1|   0|    1|          0|
    |grp_D_CNN_Pipeline_loop_for_fc_2_loop_for_fb_2_loop_for_fa_2_fu_319_ap_start_reg                          |   1|   0|    1|          0|
    |grp_D_Conv2D_3_fu_331_ap_start_reg                                                                        |   1|   0|    1|          0|
    |icmp_ln95_reg_968                                                                                         |   1|   0|    1|          0|
    |icmp_ln97_mid2540_reg_1010                                                                                |   1|   0|    1|          0|
    |indvar_flatten497_fu_150                                                                                  |  10|   0|   10|          0|
    |indvar_flatten541_fu_158                                                                                  |  12|   0|   12|          0|
    |n_fu_154                                                                                                  |   3|   0|    3|          0|
    |p_mid1483_reg_1038                                                                                        |  10|   0|   11|          1|
    |p_mid2520_v_v_reg_977                                                                                     |   3|   0|    3|          0|
    |select_ln95_2_reg_1027                                                                                    |   5|   0|    5|          0|
    |select_ln95_reg_1021                                                                                      |   5|   0|    5|          0|
    |storemerge3_reg_248                                                                                       |  16|   0|   16|          0|
    |tmp_reg_1051                                                                                              |   1|   0|    1|          0|
    |x_fu_146                                                                                                  |   5|   0|    5|          0|
    |y_fu_142                                                                                                  |   5|   0|    5|          0|
    +----------------------------------------------------------------------------------------------------------+----+----+-----+-----------+
    |Total                                                                                                     | 465|   0|  468|          3|
    +----------------------------------------------------------------------------------------------------------+----+----+-----+-----------+



================================================================
== Interface
================================================================
* Summary: 
+----------------------+-----+-----+------------+--------------+--------------+
|       RTL Ports      | Dir | Bits|  Protocol  | Source Object|    C Type    |
+----------------------+-----+-----+------------+--------------+--------------+
|ap_clk                |   in|    1|  ap_ctrl_hs|         D_CNN|  return value|
|ap_rst                |   in|    1|  ap_ctrl_hs|         D_CNN|  return value|
|ap_start              |   in|    1|  ap_ctrl_hs|         D_CNN|  return value|
|ap_done               |  out|    1|  ap_ctrl_hs|         D_CNN|  return value|
|ap_idle               |  out|    1|  ap_ctrl_hs|         D_CNN|  return value|
|ap_ready              |  out|    1|  ap_ctrl_hs|         D_CNN|  return value|
|m_axi_gmem0_AWVALID   |  out|    1|       m_axi|         gmem0|       pointer|
|m_axi_gmem0_AWREADY   |   in|    1|       m_axi|         gmem0|       pointer|
|m_axi_gmem0_AWADDR    |  out|   64|       m_axi|         gmem0|       pointer|
|m_axi_gmem0_AWID      |  out|    1|       m_axi|         gmem0|       pointer|
|m_axi_gmem0_AWLEN     |  out|   32|       m_axi|         gmem0|       pointer|
|m_axi_gmem0_AWSIZE    |  out|    3|       m_axi|         gmem0|       pointer|
|m_axi_gmem0_AWBURST   |  out|    2|       m_axi|         gmem0|       pointer|
|m_axi_gmem0_AWLOCK    |  out|    2|       m_axi|         gmem0|       pointer|
|m_axi_gmem0_AWCACHE   |  out|    4|       m_axi|         gmem0|       pointer|
|m_axi_gmem0_AWPROT    |  out|    3|       m_axi|         gmem0|       pointer|
|m_axi_gmem0_AWQOS     |  out|    4|       m_axi|         gmem0|       pointer|
|m_axi_gmem0_AWREGION  |  out|    4|       m_axi|         gmem0|       pointer|
|m_axi_gmem0_AWUSER    |  out|    1|       m_axi|         gmem0|       pointer|
|m_axi_gmem0_WVALID    |  out|    1|       m_axi|         gmem0|       pointer|
|m_axi_gmem0_WREADY    |   in|    1|       m_axi|         gmem0|       pointer|
|m_axi_gmem0_WDATA     |  out|   16|       m_axi|         gmem0|       pointer|
|m_axi_gmem0_WSTRB     |  out|    2|       m_axi|         gmem0|       pointer|
|m_axi_gmem0_WLAST     |  out|    1|       m_axi|         gmem0|       pointer|
|m_axi_gmem0_WID       |  out|    1|       m_axi|         gmem0|       pointer|
|m_axi_gmem0_WUSER     |  out|    1|       m_axi|         gmem0|       pointer|
|m_axi_gmem0_ARVALID   |  out|    1|       m_axi|         gmem0|       pointer|
|m_axi_gmem0_ARREADY   |   in|    1|       m_axi|         gmem0|       pointer|
|m_axi_gmem0_ARADDR    |  out|   64|       m_axi|         gmem0|       pointer|
|m_axi_gmem0_ARID      |  out|    1|       m_axi|         gmem0|       pointer|
|m_axi_gmem0_ARLEN     |  out|   32|       m_axi|         gmem0|       pointer|
|m_axi_gmem0_ARSIZE    |  out|    3|       m_axi|         gmem0|       pointer|
|m_axi_gmem0_ARBURST   |  out|    2|       m_axi|         gmem0|       pointer|
|m_axi_gmem0_ARLOCK    |  out|    2|       m_axi|         gmem0|       pointer|
|m_axi_gmem0_ARCACHE   |  out|    4|       m_axi|         gmem0|       pointer|
|m_axi_gmem0_ARPROT    |  out|    3|       m_axi|         gmem0|       pointer|
|m_axi_gmem0_ARQOS     |  out|    4|       m_axi|         gmem0|       pointer|
|m_axi_gmem0_ARREGION  |  out|    4|       m_axi|         gmem0|       pointer|
|m_axi_gmem0_ARUSER    |  out|    1|       m_axi|         gmem0|       pointer|
|m_axi_gmem0_RVALID    |   in|    1|       m_axi|         gmem0|       pointer|
|m_axi_gmem0_RREADY    |  out|    1|       m_axi|         gmem0|       pointer|
|m_axi_gmem0_RDATA     |   in|   16|       m_axi|         gmem0|       pointer|
|m_axi_gmem0_RLAST     |   in|    1|       m_axi|         gmem0|       pointer|
|m_axi_gmem0_RID       |   in|    1|       m_axi|         gmem0|       pointer|
|m_axi_gmem0_RFIFONUM  |   in|   10|       m_axi|         gmem0|       pointer|
|m_axi_gmem0_RUSER     |   in|    1|       m_axi|         gmem0|       pointer|
|m_axi_gmem0_RRESP     |   in|    2|       m_axi|         gmem0|       pointer|
|m_axi_gmem0_BVALID    |   in|    1|       m_axi|         gmem0|       pointer|
|m_axi_gmem0_BREADY    |  out|    1|       m_axi|         gmem0|       pointer|
|m_axi_gmem0_BRESP     |   in|    2|       m_axi|         gmem0|       pointer|
|m_axi_gmem0_BID       |   in|    1|       m_axi|         gmem0|       pointer|
|m_axi_gmem0_BUSER     |   in|    1|       m_axi|         gmem0|       pointer|
|InModel               |   in|   64|     ap_none|       InModel|        scalar|
|OutModel0_address0    |  out|   10|   ap_memory|     OutModel0|         array|
|OutModel0_ce0         |  out|    1|   ap_memory|     OutModel0|         array|
|OutModel0_we0         |  out|    1|   ap_memory|     OutModel0|         array|
|OutModel0_d0          |  out|   16|   ap_memory|     OutModel0|         array|
|m_axi_gmem1_AWVALID   |  out|    1|       m_axi|         gmem1|       pointer|
|m_axi_gmem1_AWREADY   |   in|    1|       m_axi|         gmem1|       pointer|
|m_axi_gmem1_AWADDR    |  out|   64|       m_axi|         gmem1|       pointer|
|m_axi_gmem1_AWID      |  out|    1|       m_axi|         gmem1|       pointer|
|m_axi_gmem1_AWLEN     |  out|   32|       m_axi|         gmem1|       pointer|
|m_axi_gmem1_AWSIZE    |  out|    3|       m_axi|         gmem1|       pointer|
|m_axi_gmem1_AWBURST   |  out|    2|       m_axi|         gmem1|       pointer|
|m_axi_gmem1_AWLOCK    |  out|    2|       m_axi|         gmem1|       pointer|
|m_axi_gmem1_AWCACHE   |  out|    4|       m_axi|         gmem1|       pointer|
|m_axi_gmem1_AWPROT    |  out|    3|       m_axi|         gmem1|       pointer|
|m_axi_gmem1_AWQOS     |  out|    4|       m_axi|         gmem1|       pointer|
|m_axi_gmem1_AWREGION  |  out|    4|       m_axi|         gmem1|       pointer|
|m_axi_gmem1_AWUSER    |  out|    1|       m_axi|         gmem1|       pointer|
|m_axi_gmem1_WVALID    |  out|    1|       m_axi|         gmem1|       pointer|
|m_axi_gmem1_WREADY    |   in|    1|       m_axi|         gmem1|       pointer|
|m_axi_gmem1_WDATA     |  out|   16|       m_axi|         gmem1|       pointer|
|m_axi_gmem1_WSTRB     |  out|    2|       m_axi|         gmem1|       pointer|
|m_axi_gmem1_WLAST     |  out|    1|       m_axi|         gmem1|       pointer|
|m_axi_gmem1_WID       |  out|    1|       m_axi|         gmem1|       pointer|
|m_axi_gmem1_WUSER     |  out|    1|       m_axi|         gmem1|       pointer|
|m_axi_gmem1_ARVALID   |  out|    1|       m_axi|         gmem1|       pointer|
|m_axi_gmem1_ARREADY   |   in|    1|       m_axi|         gmem1|       pointer|
|m_axi_gmem1_ARADDR    |  out|   64|       m_axi|         gmem1|       pointer|
|m_axi_gmem1_ARID      |  out|    1|       m_axi|         gmem1|       pointer|
|m_axi_gmem1_ARLEN     |  out|   32|       m_axi|         gmem1|       pointer|
|m_axi_gmem1_ARSIZE    |  out|    3|       m_axi|         gmem1|       pointer|
|m_axi_gmem1_ARBURST   |  out|    2|       m_axi|         gmem1|       pointer|
|m_axi_gmem1_ARLOCK    |  out|    2|       m_axi|         gmem1|       pointer|
|m_axi_gmem1_ARCACHE   |  out|    4|       m_axi|         gmem1|       pointer|
|m_axi_gmem1_ARPROT    |  out|    3|       m_axi|         gmem1|       pointer|
|m_axi_gmem1_ARQOS     |  out|    4|       m_axi|         gmem1|       pointer|
|m_axi_gmem1_ARREGION  |  out|    4|       m_axi|         gmem1|       pointer|
|m_axi_gmem1_ARUSER    |  out|    1|       m_axi|         gmem1|       pointer|
|m_axi_gmem1_RVALID    |   in|    1|       m_axi|         gmem1|       pointer|
|m_axi_gmem1_RREADY    |  out|    1|       m_axi|         gmem1|       pointer|
|m_axi_gmem1_RDATA     |   in|   16|       m_axi|         gmem1|       pointer|
|m_axi_gmem1_RLAST     |   in|    1|       m_axi|         gmem1|       pointer|
|m_axi_gmem1_RID       |   in|    1|       m_axi|         gmem1|       pointer|
|m_axi_gmem1_RFIFONUM  |   in|   10|       m_axi|         gmem1|       pointer|
|m_axi_gmem1_RUSER     |   in|    1|       m_axi|         gmem1|       pointer|
|m_axi_gmem1_RRESP     |   in|    2|       m_axi|         gmem1|       pointer|
|m_axi_gmem1_BVALID    |   in|    1|       m_axi|         gmem1|       pointer|
|m_axi_gmem1_BREADY    |  out|    1|       m_axi|         gmem1|       pointer|
|m_axi_gmem1_BRESP     |   in|    2|       m_axi|         gmem1|       pointer|
|m_axi_gmem1_BID       |   in|    1|       m_axi|         gmem1|       pointer|
|m_axi_gmem1_BUSER     |   in|    1|       m_axi|         gmem1|       pointer|
|Weights               |   in|   64|     ap_none|       Weights|        scalar|
+----------------------+-----+-----+------------+--------------+--------------+

