

================================================================
== Vitis HLS Report for 'D_CNN_Pipeline_loop_for_3_channel_pad_2_loop_for_channel_pad_2_loop_for_weight_p'
================================================================
* Date:           Wed Apr 15 01:46:41 2026

* Version:        2022.2 (Build 3670227 on Oct 13 2022)
* Project:        ProjectOne
* Solution:       solution1 (Vivado IP Flow Target)
* Product family: zynquplus
* Target device:  xck26-sfvc784-2LV-c


================================================================
== Performance Estimates
================================================================
+ Timing: 
    * Summary: 
    +--------+----------+----------+------------+
    |  Clock |  Target  | Estimated| Uncertainty|
    +--------+----------+----------+------------+
    |ap_clk  |  10.00 ns|  5.017 ns|     2.70 ns|
    +--------+----------+----------+------------+

+ Latency: 
    * Summary: 
    +---------+---------+-----------+-----------+------+------+---------+
    |  Latency (cycles) |   Latency (absolute)  |   Interval  | Pipeline|
    |   min   |   max   |    min    |    max    |  min |  max |   Type  |
    +---------+---------+-----------+-----------+------+------+---------+
    |     7204|     7204|  72.040 us|  72.040 us|  7204|  7204|       no|
    +---------+---------+-----------+-----------+------+------+---------+

    + Detail: 
        * Instance: 
        N/A

        * Loop: 
        +-------------------------------------------------------------------------+---------+---------+----------+-----------+-----------+------+----------+
        |                                                                         |  Latency (cycles) | Iteration|  Initiation Interval  | Trip |          |
        |                                Loop Name                                |   min   |   max   |  Latency |  achieved |   target  | Count| Pipelined|
        +-------------------------------------------------------------------------+---------+---------+----------+-----------+-----------+------+----------+
        |- loop_for_3_channel_pad_2_loop_for_channel_pad_2_loop_for_weight_pad_2  |     7202|     7202|         4|          1|          1|  7200|       yes|
        +-------------------------------------------------------------------------+---------+---------+----------+-----------+-----------+------+----------+



================================================================
== Utilization Estimates
================================================================
* Summary: 
+-----------------+---------+------+--------+--------+-----+
|       Name      | BRAM_18K|  DSP |   FF   |   LUT  | URAM|
+-----------------+---------+------+--------+--------+-----+
|DSP              |        -|     1|       -|       -|    -|
|Expression       |        -|     -|       0|     445|    -|
|FIFO             |        -|     -|       -|       -|    -|
|Instance         |        -|     0|       0|      10|    -|
|Memory           |        -|     -|       -|       -|    -|
|Multiplexer      |        -|     -|       -|      90|    -|
|Register         |        -|     -|     151|      32|    -|
+-----------------+---------+------+--------+--------+-----+
|Total            |        0|     1|     151|     577|    0|
+-----------------+---------+------+--------+--------+-----+
|Available        |      288|  1248|  234240|  117120|   64|
+-----------------+---------+------+--------+--------+-----+
|Utilization (%)  |        0|    ~0|      ~0|      ~0|    0|
+-----------------+---------+------+--------+--------+-----+

+ Detail: 
    * Instance: 
    +-------------------------+---------------------+---------+----+---+----+-----+
    |         Instance        |        Module       | BRAM_18K| DSP| FF| LUT| URAM|
    +-------------------------+---------------------+---------+----+---+----+-----+
    |mul_4ns_11ns_13_1_1_U79  |mul_4ns_11ns_13_1_1  |        0|   0|  0|   5|    0|
    |mul_4ns_11ns_13_1_1_U80  |mul_4ns_11ns_13_1_1  |        0|   0|  0|   5|    0|
    +-------------------------+---------------------+---------+----+---+----+-----+
    |Total                    |                     |        0|   0|  0|  10|    0|
    +-------------------------+---------------------+---------+----+---+----+-----+

    * DSP: 
    +------------------------------------+--------------------------------+--------------+
    |              Instance              |             Module             |  Expression  |
    +------------------------------------+--------------------------------+--------------+
    |mac_muladd_4ns_10ns_5ns_13_4_1_U81  |mac_muladd_4ns_10ns_5ns_13_4_1  |  i0 * i1 + i2|
    +------------------------------------+--------------------------------+--------------+

    * Memory: 
    N/A

    * FIFO: 
    N/A

    * Expression: 
    +---------------------------+----------+----+---+----+------------+------------+
    |       Variable Name       | Operation| DSP| FF| LUT| Bitwidth P0| Bitwidth P1|
    +---------------------------+----------+----+---+----+------------+------------+
    |add_ln78_1_fu_172_p2       |         +|   0|  0|  12|           4|           1|
    |add_ln78_fu_157_p2         |         +|   0|  0|  20|          13|           1|
    |add_ln80_1_fu_190_p2       |         +|   0|  0|  17|          10|           1|
    |add_ln80_fu_362_p2         |         +|   0|  0|  12|           5|           1|
    |add_ln82_fu_522_p2         |         +|   0|  0|  12|           5|           1|
    |add_ln83_fu_554_p2         |         +|   0|  0|  20|          13|          13|
    |add_ln85_1_fu_511_p2       |         +|   0|  0|  20|          13|          13|
    |add_ln85_2_fu_501_p2       |         +|   0|  0|  13|           6|           6|
    |add_ln85_3_fu_445_p2       |         +|   0|  0|  20|          13|          13|
    |add_ln85_fu_295_p2         |         +|   0|  0|  20|          13|          13|
    |empty_495_fu_285_p2        |         -|   0|  0|  18|          11|          11|
    |empty_fu_267_p2            |         -|   0|  0|  18|          11|          11|
    |p_mid1386_fu_417_p2        |         -|   0|  0|  18|          11|          11|
    |p_mid1388_fu_435_p2        |         -|   0|  0|  18|          11|          11|
    |and_ln78_fu_356_p2         |       and|   0|  0|   2|           1|           1|
    |cmp10_i147_fu_237_p2       |      icmp|   0|  0|   9|           5|           4|
    |cmp10_i147_mid1_fu_387_p2  |      icmp|   0|  0|   9|           5|           4|
    |cmp9_i146_fu_231_p2        |      icmp|   0|  0|   9|           5|           1|
    |cmp9_i146_mid1_fu_381_p2   |      icmp|   0|  0|   9|           5|           1|
    |icmp_ln78_fu_151_p2        |      icmp|   0|  0|  12|          13|          11|
    |icmp_ln80_fu_166_p2        |      icmp|   0|  0|  11|          10|           8|
    |icmp_ln82_fu_350_p2        |      icmp|   0|  0|   9|           5|           3|
    |icmp_ln85_1_fu_495_p2      |      icmp|   0|  0|   9|           5|           4|
    |icmp_ln85_fu_489_p2        |      icmp|   0|  0|   9|           5|           1|
    |or_ln78_fu_340_p2          |        or|   0|  0|   2|           1|           1|
    |or_ln80_fu_368_p2          |        or|   0|  0|   2|           1|           1|
    |or_ln85_1_fu_564_p2        |        or|   0|  0|   2|           1|           1|
    |or_ln85_2_fu_568_p2        |        or|   0|  0|   2|           1|           1|
    |or_ln85_3_fu_459_p2        |        or|   0|  0|   2|           1|           1|
    |or_ln85_fu_301_p2          |        or|   0|  0|   2|           1|           1|
    |OutPadConv2_V_d0           |    select|   0|  0|  16|           1|           1|
    |select_ln78_1_fu_178_p3    |    select|   0|  0|   4|           1|           4|
    |select_ln78_2_fu_326_p3    |    select|   0|  0|  12|           1|          13|
    |select_ln78_3_fu_538_p3    |    select|   0|  0|  10|           1|           1|
    |select_ln78_4_fu_333_p3    |    select|   0|  0|  12|           1|          13|
    |select_ln78_fu_310_p3      |    select|   0|  0|   5|           1|           1|
    |select_ln80_1_fu_544_p3    |    select|   0|  0|  10|           1|          11|
    |select_ln80_2_fu_451_p3    |    select|   0|  0|  12|           1|          13|
    |select_ln80_3_fu_465_p3    |    select|   0|  0|   2|           1|           1|
    |select_ln80_4_fu_473_p3    |    select|   0|  0|   5|           1|           5|
    |select_ln80_5_fu_196_p3    |    select|   0|  0|  10|           1|           1|
    |select_ln80_fu_373_p3      |    select|   0|  0|   5|           1|           1|
    |ap_enable_pp0              |       xor|   0|  0|   2|           1|           2|
    |xor_ln78_fu_345_p2         |       xor|   0|  0|   2|           1|           2|
    +---------------------------+----------+----+---+----+------------+------------+
    |Total                      |          |   0|  0| 445|         218|         220|
    +---------------------------+----------+----+---+----+------------+------------+

    * Multiplexer: 
    +-----------------------------------------+----+-----------+-----+-----------+
    |                   Name                  | LUT| Input Size| Bits| Total Bits|
    +-----------------------------------------+----+-----------+-----+-----------+
    |ap_done_int                              |   9|          2|    1|          2|
    |ap_enable_reg_pp0_iter3                  |   9|          2|    1|          2|
    |ap_sig_allocacmp_c_2                     |   9|          2|    4|          8|
    |ap_sig_allocacmp_indvar_flatten390_load  |   9|          2|   10|         20|
    |ap_sig_allocacmp_indvar_flatten442_load  |   9|          2|   13|         26|
    |c_fu_86                                  |   9|          2|    4|          8|
    |i_fu_74                                  |   9|          2|    5|         10|
    |indvar_flatten390_fu_82                  |   9|          2|   10|         20|
    |indvar_flatten442_fu_90                  |   9|          2|   13|         26|
    |n_fu_78                                  |   9|          2|    5|         10|
    +-----------------------------------------+----+-----------+-----+-----------+
    |Total                                    |  90|         20|   66|        132|
    +-----------------------------------------+----+-----------+-----+-----------+

    * Register: 
    +----------------------------------+----+----+-----+-----------+
    |               Name               | FF | LUT| Bits| Const Bits|
    +----------------------------------+----+----+-----+-----------+
    |add_ln78_1_reg_646                |   4|   0|    4|          0|
    |add_ln78_1_reg_646_pp0_iter1_reg  |   4|   0|    4|          0|
    |and_ln78_reg_661                  |   1|   0|    1|          0|
    |ap_CS_fsm                         |   1|   0|    1|          0|
    |ap_done_reg                       |   1|   0|    1|          0|
    |ap_enable_reg_pp0_iter1           |   1|   0|    1|          0|
    |ap_enable_reg_pp0_iter2           |   1|   0|    1|          0|
    |ap_enable_reg_pp0_iter3           |   1|   0|    1|          0|
    |ap_loop_exit_ready_pp0_iter1_reg  |   1|   0|    1|          0|
    |ap_loop_exit_ready_pp0_iter2_reg  |   1|   0|    1|          0|
    |c_2_reg_626                       |   4|   0|    4|          0|
    |c_2_reg_626_pp0_iter1_reg         |   4|   0|    4|          0|
    |c_fu_86                           |   4|   0|    4|          0|
    |empty_reg_656                     |  10|   0|   11|          1|
    |i_fu_74                           |   5|   0|    5|          0|
    |icmp_ln78_reg_631                 |   1|   0|    1|          0|
    |icmp_ln78_reg_631_pp0_iter1_reg   |   1|   0|    1|          0|
    |icmp_ln80_reg_635                 |   1|   0|    1|          0|
    |icmp_ln85_1_reg_686               |   1|   0|    1|          0|
    |icmp_ln85_reg_681                 |   1|   0|    1|          0|
    |indvar_flatten390_fu_82           |  10|   0|   10|          0|
    |indvar_flatten442_fu_90           |  13|   0|   13|          0|
    |n_fu_78                           |   5|   0|    5|          0|
    |p_mid1386_reg_666                 |  10|   0|   11|          1|
    |select_ln80_3_reg_671             |   1|   0|    1|          0|
    |icmp_ln80_reg_635                 |  64|  32|    1|          0|
    +----------------------------------+----+----+-----+-----------+
    |Total                             | 151|  32|   90|          2|
    +----------------------------------+----+----+-----+-----------+



================================================================
== Interface
================================================================
* Summary: 
+------------------------+-----+-----+------------+----------------------------------------------------------------------------------+--------------+
|        RTL Ports       | Dir | Bits|  Protocol  |                                   Source Object                                  |    C Type    |
+------------------------+-----+-----+------------+----------------------------------------------------------------------------------+--------------+
|ap_clk                  |   in|    1|  ap_ctrl_hs|  D_CNN_Pipeline_loop_for_3_channel_pad_2_loop_for_channel_pad_2_loop_for_weight_p|  return value|
|ap_rst                  |   in|    1|  ap_ctrl_hs|  D_CNN_Pipeline_loop_for_3_channel_pad_2_loop_for_channel_pad_2_loop_for_weight_p|  return value|
|ap_start                |   in|    1|  ap_ctrl_hs|  D_CNN_Pipeline_loop_for_3_channel_pad_2_loop_for_channel_pad_2_loop_for_weight_p|  return value|
|ap_done                 |  out|    1|  ap_ctrl_hs|  D_CNN_Pipeline_loop_for_3_channel_pad_2_loop_for_channel_pad_2_loop_for_weight_p|  return value|
|ap_idle                 |  out|    1|  ap_ctrl_hs|  D_CNN_Pipeline_loop_for_3_channel_pad_2_loop_for_channel_pad_2_loop_for_weight_p|  return value|
|ap_ready                |  out|    1|  ap_ctrl_hs|  D_CNN_Pipeline_loop_for_3_channel_pad_2_loop_for_channel_pad_2_loop_for_weight_p|  return value|
|OutPadConv2_V_address0  |  out|   13|   ap_memory|                                                                     OutPadConv2_V|         array|
|OutPadConv2_V_ce0       |  out|    1|   ap_memory|                                                                     OutPadConv2_V|         array|
|OutPadConv2_V_we0       |  out|    1|   ap_memory|                                                                     OutPadConv2_V|         array|
|OutPadConv2_V_d0        |  out|   16|   ap_memory|                                                                     OutPadConv2_V|         array|
|upsample_V_address0     |  out|   13|   ap_memory|                                                                        upsample_V|         array|
|upsample_V_ce0          |  out|    1|   ap_memory|                                                                        upsample_V|         array|
|upsample_V_q0           |   in|   16|   ap_memory|                                                                        upsample_V|         array|
+------------------------+-----+-----+------------+----------------------------------------------------------------------------------+--------------+

