

================================================================
== Vitis HLS Report for 'D_CNN_Pipeline_VITIS_LOOP_56_1_loop_for_bp2D_1_loop_for_ap2D_1'
================================================================
* Date:           Wed Apr 15 01:46:40 2026

* Version:        2022.2 (Build 3670227 on Oct 13 2022)
* Project:        ProjectOne
* Solution:       solution1 (Vivado IP Flow Target)
* Product family: zynquplus
* Target device:  xck26-sfvc784-2LV-c


================================================================
== Performance Estimates
================================================================
+ Timing: 
    * Summary: 
    +--------+----------+----------+------------+
    |  Clock |  Target  | Estimated| Uncertainty|
    +--------+----------+----------+------------+
    |ap_clk  |  10.00 ns|  7.300 ns|     2.70 ns|
    +--------+----------+----------+------------+

+ Latency: 
    * Summary: 
    +---------+---------+----------+----------+-------+-------+---------+
    |  Latency (cycles) |  Latency (absolute) |    Interval   | Pipeline|
    |   min   |   max   |    min   |    max   |  min  |  max  |   Type  |
    +---------+---------+----------+----------+-------+-------+---------+
    |    76842|    76842|  0.768 ms|  0.768 ms|  76842|  76842|       no|
    +---------+---------+----------+----------+-------+-------+---------+

    + Detail: 
        * Instance: 
        N/A

        * Loop: 
        +---------------------------------------------------+---------+---------+----------+-----------+-----------+------+----------+
        |                                                   |  Latency (cycles) | Iteration|  Initiation Interval  | Trip |          |
        |                     Loop Name                     |   min   |   max   |  Latency |  achieved |   target  | Count| Pipelined|
        +---------------------------------------------------+---------+---------+----------+-----------+-----------+------+----------+
        |- VITIS_LOOP_56_1_loop_for_bp2D_1_loop_for_ap2D_1  |    76840|    76840|        58|         49|          1|  1568|       yes|
        +---------------------------------------------------+---------+---------+----------+-----------+-----------+------+----------+



================================================================
== Utilization Estimates
================================================================
* Summary: 
+-----------------+---------+------+--------+--------+-----+
|       Name      | BRAM_18K|  DSP |   FF   |   LUT  | URAM|
+-----------------+---------+------+--------+--------+-----+
|DSP              |        -|    37|       -|       -|    -|
|Expression       |        -|     -|       0|    1203|    -|
|FIFO             |        -|     -|       -|       -|    -|
|Instance         |        -|     -|       -|       -|    -|
|Memory           |        -|     -|       -|       -|    -|
|Multiplexer      |        -|     -|       -|     645|    -|
|Register         |        -|     -|     888|       -|    -|
+-----------------+---------+------+--------+--------+-----+
|Total            |        0|    37|     888|    1848|    0|
+-----------------+---------+------+--------+--------+-----+
|Available        |      288|  1248|  234240|  117120|   64|
+-----------------+---------+------+--------+--------+-----+
|Utilization (%)  |        0|     2|      ~0|       1|    0|
+-----------------+---------+------+--------+--------+-----+

+ Detail: 
    * Instance: 
    N/A

    * DSP: 
    +------------------------------------+--------------------------------+--------------+
    |              Instance              |             Module             |  Expression  |
    +------------------------------------+--------------------------------+--------------+
    |mac_muladd_16s_16s_24ns_24_4_1_U33  |mac_muladd_16s_16s_24ns_24_4_1  |  i0 + i1 * i2|
    |mac_muladd_16s_16s_24ns_24_4_1_U34  |mac_muladd_16s_16s_24ns_24_4_1  |  i0 + i1 * i2|
    |mac_muladd_16s_16s_24ns_24_4_1_U35  |mac_muladd_16s_16s_24ns_24_4_1  |  i0 + i1 * i2|
    |mac_muladd_16s_16s_24ns_24_4_1_U36  |mac_muladd_16s_16s_24ns_24_4_1  |  i0 + i1 * i2|
    |mac_muladd_16s_16s_24ns_24_4_1_U37  |mac_muladd_16s_16s_24ns_24_4_1  |  i0 + i1 * i2|
    |mac_muladd_16s_16s_24ns_24_4_1_U38  |mac_muladd_16s_16s_24ns_24_4_1  |  i0 + i1 * i2|
    |mac_muladd_16s_16s_24ns_24_4_1_U39  |mac_muladd_16s_16s_24ns_24_4_1  |  i0 + i1 * i2|
    |mac_muladd_16s_16s_24ns_24_4_1_U40  |mac_muladd_16s_16s_24ns_24_4_1  |  i0 + i1 * i2|
    |mac_muladd_16s_16s_24ns_24_4_1_U41  |mac_muladd_16s_16s_24ns_24_4_1  |  i0 + i1 * i2|
    |mac_muladd_16s_16s_24ns_24_4_1_U42  |mac_muladd_16s_16s_24ns_24_4_1  |  i0 + i1 * i2|
    |mac_muladd_16s_16s_24ns_24_4_1_U43  |mac_muladd_16s_16s_24ns_24_4_1  |  i0 + i1 * i2|
    |mac_muladd_16s_16s_24ns_24_4_1_U44  |mac_muladd_16s_16s_24ns_24_4_1  |  i0 + i1 * i2|
    |mac_muladd_16s_16s_24ns_24_4_1_U45  |mac_muladd_16s_16s_24ns_24_4_1  |  i0 + i1 * i2|
    |mac_muladd_16s_16s_24ns_24_4_1_U46  |mac_muladd_16s_16s_24ns_24_4_1  |  i0 + i1 * i2|
    |mac_muladd_16s_16s_24ns_24_4_1_U47  |mac_muladd_16s_16s_24ns_24_4_1  |  i0 + i1 * i2|
    |mac_muladd_16s_16s_24ns_24_4_1_U48  |mac_muladd_16s_16s_24ns_24_4_1  |  i0 + i1 * i2|
    |mac_muladd_16s_16s_24ns_24_4_1_U49  |mac_muladd_16s_16s_24ns_24_4_1  |  i0 + i1 * i2|
    |mac_muladd_16s_16s_24ns_24_4_1_U50  |mac_muladd_16s_16s_24ns_24_4_1  |  i0 + i1 * i2|
    |mac_muladd_16s_16s_24ns_24_4_1_U51  |mac_muladd_16s_16s_24ns_24_4_1  |  i0 + i1 * i2|
    |mac_muladd_16s_16s_24ns_24_4_1_U52  |mac_muladd_16s_16s_24ns_24_4_1  |  i0 + i1 * i2|
    |mac_muladd_16s_16s_24ns_24_4_1_U53  |mac_muladd_16s_16s_24ns_24_4_1  |  i0 + i1 * i2|
    |mac_muladd_16s_16s_24ns_24_4_1_U54  |mac_muladd_16s_16s_24ns_24_4_1  |  i0 + i1 * i2|
    |mac_muladd_16s_16s_24ns_24_4_1_U55  |mac_muladd_16s_16s_24ns_24_4_1  |  i0 + i1 * i2|
    |mac_muladd_16s_16s_24ns_24_4_1_U56  |mac_muladd_16s_16s_24ns_24_4_1  |  i0 + i1 * i2|
    |mac_muladd_16s_16s_24ns_24_4_1_U57  |mac_muladd_16s_16s_24ns_24_4_1  |  i0 + i1 * i2|
    |mac_muladd_16s_16s_24ns_24_4_1_U58  |mac_muladd_16s_16s_24ns_24_4_1  |  i0 + i1 * i2|
    |mac_muladd_16s_16s_24ns_24_4_1_U59  |mac_muladd_16s_16s_24ns_24_4_1  |  i0 + i1 * i2|
    |mac_muladd_16s_16s_24ns_24_4_1_U60  |mac_muladd_16s_16s_24ns_24_4_1  |  i0 + i1 * i2|
    |mac_muladd_16s_16s_24ns_24_4_1_U61  |mac_muladd_16s_16s_24ns_24_4_1  |  i0 + i1 * i2|
    |mac_muladd_16s_16s_24ns_24_4_1_U62  |mac_muladd_16s_16s_24ns_24_4_1  |  i0 + i1 * i2|
    |mac_muladd_16s_16s_24ns_24_4_1_U63  |mac_muladd_16s_16s_24ns_24_4_1  |  i0 + i1 * i2|
    |mac_muladd_16s_16s_24ns_24_4_1_U64  |mac_muladd_16s_16s_24ns_24_4_1  |  i0 + i1 * i2|
    |mac_muladd_16s_16s_24ns_24_4_1_U65  |mac_muladd_16s_16s_24ns_24_4_1  |  i0 + i1 * i2|
    |mac_muladd_16s_16s_24ns_24_4_1_U66  |mac_muladd_16s_16s_24ns_24_4_1  |  i0 + i1 * i2|
    |mac_muladd_16s_16s_24ns_24_4_1_U67  |mac_muladd_16s_16s_24ns_24_4_1  |  i0 + i1 * i2|
    |mac_muladd_4ns_8ns_4ns_11_4_1_U31   |mac_muladd_4ns_8ns_4ns_11_4_1   |  i0 * i1 + i2|
    |mul_mul_16s_16s_24_4_1_U32          |mul_mul_16s_16s_24_4_1          |       i0 * i1|
    +------------------------------------+--------------------------------+--------------+

    * Memory: 
    N/A

    * FIFO: 
    N/A

    * Expression: 
    +------------------------------------+----------+----+---+----+------------+------------+
    |            Variable Name           | Operation| DSP| FF| LUT| Bitwidth P0| Bitwidth P1|
    +------------------------------------+----------+----+---+----+------------+------------+
    |add_ln56_1_fu_701_p2                |         +|   0|  0|  12|           4|           1|
    |add_ln56_fu_678_p2                  |         +|   0|  0|  18|          11|           1|
    |add_ln58_1_fu_931_p2                |         +|   0|  0|  15|           8|           1|
    |add_ln58_fu_867_p2                  |         +|   0|  0|  12|           4|           1|
    |add_ln60_fu_925_p2                  |         +|   0|  0|  12|           4|           1|
    |add_ln68_10_fu_1261_p2              |         +|   0|  0|  16|           9|           1|
    |add_ln68_11_fu_1272_p2              |         +|   0|  0|  16|           9|           2|
    |add_ln68_12_fu_1295_p2              |         +|   0|  0|  16|           9|           1|
    |add_ln68_13_fu_1305_p2              |         +|   0|  0|  16|           9|           2|
    |add_ln68_14_fu_1328_p2              |         +|   0|  0|  17|          10|           1|
    |add_ln68_15_fu_1347_p2              |         +|   0|  0|  17|          10|           2|
    |add_ln68_16_fu_1378_p2              |         +|   0|  0|  17|          10|           1|
    |add_ln68_17_fu_1388_p2              |         +|   0|  0|  17|          10|           2|
    |add_ln68_18_fu_1419_p2              |         +|   0|  0|  17|          10|           1|
    |add_ln68_19_fu_1455_p2              |         +|   0|  0|  17|          10|           2|
    |add_ln68_1_fu_994_p2                |         +|   0|  0|  15|           8|           2|
    |add_ln68_2_fu_1033_p2               |         +|   0|  0|  15|           8|           1|
    |add_ln68_4_fu_1043_p2               |         +|   0|  0|  15|           8|           2|
    |add_ln68_5_fu_1163_p2               |         +|   0|  0|  15|           8|           1|
    |add_ln68_7_fu_1205_p2               |         +|   0|  0|  15|           8|           2|
    |add_ln68_8_fu_1228_p2               |         +|   0|  0|  16|           9|           1|
    |add_ln68_9_fu_1238_p2               |         +|   0|  0|  16|           9|           2|
    |add_ln68_fu_914_p2                  |         +|   0|  0|  15|           8|           1|
    |add_ln71_fu_1200_p2                 |         +|   0|  0|  18|          11|          11|
    |add_ln813_fu_2388_p2                |         +|   0|  0|  23|          16|          16|
    |empty_503_fu_636_p2                 |         +|   0|  0|  64|          64|          64|
    |empty_504_fu_656_p2                 |         +|   0|  0|  71|          64|          64|
    |empty_506_fu_970_p2                 |         +|   0|  0|  12|           4|           1|
    |empty_507_fu_1081_p2                |         +|   0|  0|  12|           4|           2|
    |p_mid1211_fu_982_p2                 |         +|   0|  0|  12|           4|           2|
    |p_mid1215_fu_1139_p2                |         +|   0|  0|  12|           4|           2|
    |p_mid1272_fu_751_p2                 |         +|   0|  0|  64|          64|          64|
    |p_mid1274_fu_771_p2                 |         +|   0|  0|  71|          64|          64|
    |ret_V_fu_2370_p2                    |         +|   0|  0|  24|          17|          17|
    |tmp15_fu_620_p2                     |         +|   0|  0|  64|          64|          64|
    |tmp15_mid1_fu_735_p2                |         +|   0|  0|  64|          64|          64|
    |tmp16_fu_626_p2                     |         +|   0|  0|  17|          10|           7|
    |tmp16_mid1_fu_741_p2                |         +|   0|  0|  17|          10|           7|
    |empty_505_fu_1075_p2                |         -|   0|  0|  16|           9|           9|
    |p_mid1207_fu_1122_p2                |         -|   0|  0|  16|           9|           9|
    |ap_block_pp0_stage0_11001           |       and|   0|  0|   2|           1|           1|
    |ap_block_pp0_stage10_11001          |       and|   0|  0|   2|           1|           1|
    |ap_block_pp0_stage1_11001           |       and|   0|  0|   2|           1|           1|
    |ap_block_pp0_stage2_11001           |       and|   0|  0|   2|           1|           1|
    |ap_block_pp0_stage7_11001           |       and|   0|  0|   2|           1|           1|
    |ap_block_state10_pp0_stage9_iter0   |       and|   0|  0|   2|           1|           1|
    |ap_block_state2_io                  |       and|   0|  0|   2|           1|           1|
    |ap_block_state50_io                 |       and|   0|  0|   2|           1|           1|
    |ap_block_state57_pp0_stage7_iter1   |       and|   0|  0|   2|           1|           1|
    |ap_condition_1582                   |       and|   0|  0|   2|           1|           1|
    |ap_predicate_op737_readreq_state50  |       and|   0|  0|   2|           1|           1|
    |ap_predicate_op744_read_state57     |       and|   0|  0|   2|           1|           1|
    |icmp_ln60_mid2313_fu_861_p2         |       and|   0|  0|   2|           1|           1|
    |icmp_ln56_fu_672_p2                 |      icmp|   0|  0|  11|          11|          10|
    |icmp_ln58_fu_687_p2                 |      icmp|   0|  0|  11|           8|           7|
    |icmp_ln60_fu_855_p2                 |      icmp|   0|  0|   9|           4|           3|
    |or_ln58_fu_873_p2                   |        or|   0|  0|   2|           1|           1|
    |empty_510_fu_799_p3                 |    select|   0|  0|  62|           1|          63|
    |empty_511_fu_837_p3                 |    select|   0|  0|  62|           1|          63|
    |empty_513_fu_1174_p3                |    select|   0|  0|   4|           1|           1|
    |empty_514_fu_1016_p3                |    select|   0|  0|   4|           1|           1|
    |empty_515_fu_1186_p3                |    select|   0|  0|   4|           1|           2|
    |p_cast88_mid2295_fu_1086_p3         |    select|   0|  0|   9|           1|           1|
    |p_mid2277_v_v_fu_777_p3             |    select|   0|  0|   4|           1|           4|
    |p_mid2301_fu_975_p3                 |    select|   0|  0|   4|           1|           1|
    |p_mid2307_fu_1093_p3                |    select|   0|  0|   4|           1|           2|
    |select_ln58_1_fu_1128_p3            |    select|   0|  0|   9|           1|           9|
    |select_ln58_2_fu_987_p3             |    select|   0|  0|   4|           1|           4|
    |select_ln58_3_fu_1144_p3            |    select|   0|  0|   4|           1|           4|
    |select_ln58_4_fu_887_p3             |    select|   0|  0|   4|           1|           4|
    |select_ln58_5_fu_1180_p3            |    select|   0|  0|   4|           1|           4|
    |select_ln58_6_fu_1023_p3            |    select|   0|  0|   4|           1|           4|
    |select_ln58_7_fu_1193_p3            |    select|   0|  0|   4|           1|           4|
    |select_ln58_8_fu_937_p3             |    select|   0|  0|   8|           1|           1|
    |select_ln58_fu_879_p3               |    select|   0|  0|   4|           1|           1|
    |x_1_mid2270_fu_693_p3               |    select|   0|  0|   4|           1|           1|
    |ap_enable_pp0                       |       xor|   0|  0|   2|           1|           2|
    |not_exitcond_flatten221_fu_849_p2   |       xor|   0|  0|   2|           1|           2|
    +------------------------------------+----------+----+---+----+------------+------------+
    |Total                               |          |   0|  0|1203|         733|         711|
    +------------------------------------+----------+----+---+----+------------+------------+

    * Multiplexer: 
    +-------------------------------------------+-----+-----------+-----+-----------+
    |                    Name                   | LUT | Input Size| Bits| Total Bits|
    +-------------------------------------------+-----+-----------+-----+-----------+
    |OutPadConv1_V_address0                     |   97|         19|   10|        190|
    |OutPadConv1_V_address1                     |   97|         19|   10|        190|
    |ap_NS_fsm                                  |  225|         50|    1|         50|
    |ap_done_int                                |    9|          2|    1|          2|
    |ap_enable_reg_pp0_iter0                    |    9|          2|    1|          2|
    |ap_enable_reg_pp0_iter0_reg                |    9|          2|    1|          2|
    |ap_enable_reg_pp0_iter1                    |    9|          2|    1|          2|
    |ap_phi_mux_storemerge10_phi_fu_499_p4      |    9|          2|   16|         32|
    |ap_phi_reg_pp0_iter1_storemerge10_reg_495  |    9|          2|   16|         32|
    |ap_sig_allocacmp_indvar_flatten219_load    |    9|          2|    8|         16|
    |ap_sig_allocacmp_indvar_flatten314_load    |    9|          2|   11|         22|
    |ap_sig_allocacmp_n                         |    9|          2|    4|          8|
    |ap_sig_allocacmp_x                         |    9|          2|    4|          8|
    |ap_sig_allocacmp_y_load                    |    9|          2|    4|          8|
    |gmem1_blk_n_AR                             |    9|          2|    1|          2|
    |gmem1_blk_n_R                              |    9|          2|    1|          2|
    |indvar_flatten219_fu_144                   |    9|          2|    8|         16|
    |indvar_flatten314_fu_152                   |    9|          2|   11|         22|
    |m_axi_gmem1_ARADDR                         |   14|          3|   64|        192|
    |m_axi_gmem1_ARLEN                          |   14|          3|   32|         96|
    |n_2_fu_148                                 |    9|          2|    4|          8|
    |reg_511                                    |    9|          2|   16|         32|
    |reg_520                                    |    9|          2|   16|         32|
    |reg_529                                    |    9|          2|   16|         32|
    |reg_538                                    |    9|          2|   16|         32|
    |x_1_fu_140                                 |    9|          2|    4|          8|
    |y_fu_136                                   |    9|          2|    4|          8|
    +-------------------------------------------+-----+-----------+-----+-----------+
    |Total                                      |  645|        138|  281|       1046|
    +-------------------------------------------+-----+-----------+-----+-----------+

    * Register: 
    +-------------------------------------------+----+----+-----+-----------+
    |                    Name                   | FF | LUT| Bits| Const Bits|
    +-------------------------------------------+----+----+-----+-----------+
    |OutPadConv1_V_load_10_reg_2962             |  16|   0|   16|          0|
    |OutPadConv1_V_load_11_reg_2967             |  16|   0|   16|          0|
    |OutPadConv1_V_load_12_reg_2993             |  16|   0|   16|          0|
    |OutPadConv1_V_load_13_reg_2998             |  16|   0|   16|          0|
    |OutPadConv1_V_load_14_reg_3025             |  16|   0|   16|          0|
    |OutPadConv1_V_load_15_reg_3030             |  16|   0|   16|          0|
    |OutPadConv1_V_load_16_reg_3055             |  16|   0|   16|          0|
    |OutPadConv1_V_load_17_reg_3060             |  16|   0|   16|          0|
    |OutPadConv1_V_load_19_reg_3090             |  16|   0|   16|          0|
    |OutPadConv1_V_load_21_reg_3121             |  16|   0|   16|          0|
    |OutPadConv1_V_load_23_reg_3146             |  16|   0|   16|          0|
    |OutPadConv1_V_load_25_reg_3181             |  16|   0|   16|          0|
    |OutPadConv1_V_load_27_reg_3211             |  16|   0|   16|          0|
    |OutPadConv1_V_load_29_reg_3241             |  16|   0|   16|          0|
    |OutPadConv1_V_load_31_reg_3271             |  16|   0|   16|          0|
    |OutPadConv1_V_load_33_reg_3301             |  16|   0|   16|          0|
    |OutPadConv1_V_load_35_reg_3331             |  16|   0|   16|          0|
    |OutPadConv1_V_load_9_reg_2937              |  16|   0|   16|          0|
    |add_ln58_reg_2810                          |   4|   0|    4|          0|
    |add_ln68_10_reg_2983                       |   9|   0|    9|          0|
    |add_ln68_11_reg_3003                       |   9|   0|    9|          0|
    |add_ln68_12_reg_3035                       |   9|   0|    9|          0|
    |add_ln68_13_reg_3045                       |   9|   0|    9|          0|
    |add_ln68_3_reg_2856                        |   8|   0|    8|          0|
    |add_ln68_6_reg_2888                        |   8|   0|    8|          0|
    |add_ln68_8_reg_2942                        |   9|   0|    9|          0|
    |add_ln68_9_reg_2952                        |   9|   0|    9|          0|
    |add_ln71_reg_2915                          |  11|   0|   11|          0|
    |add_ln_reg_2836                            |   8|   0|    8|          0|
    |ap_CS_fsm                                  |  49|   0|   49|          0|
    |ap_done_reg                                |   1|   0|    1|          0|
    |ap_enable_reg_pp0_iter0_reg                |   1|   0|    1|          0|
    |ap_enable_reg_pp0_iter1                    |   1|   0|    1|          0|
    |ap_phi_reg_pp0_iter1_storemerge10_reg_495  |  16|   0|   16|          0|
    |conv2_V_addr_reg_3760                      |  11|   0|   11|          0|
    |gmem1_addr_2_reg_2830                      |  64|   0|   64|          0|
    |gmem1_addr_reg_2794                        |  64|   0|   64|          0|
    |icmp_ln56_reg_2769                         |   1|   0|    1|          0|
    |icmp_ln56_reg_2769_pp0_iter1_reg           |   1|   0|    1|          0|
    |icmp_ln58_reg_2773                         |   1|   0|    1|          0|
    |icmp_ln60_mid2313_reg_2800                 |   1|   0|    1|          0|
    |indvar_flatten219_fu_144                   |   8|   0|    8|          0|
    |indvar_flatten314_fu_152                   |  11|   0|   11|          0|
    |lhs_1_reg_3751                             |  16|   0|   16|          0|
    |n_2_fu_148                                 |   4|   0|    4|          0|
    |reg_507                                    |  16|   0|   16|          0|
    |reg_511                                    |  16|   0|   16|          0|
    |reg_516                                    |  16|   0|   16|          0|
    |reg_520                                    |  16|   0|   16|          0|
    |reg_525                                    |  16|   0|   16|          0|
    |reg_529                                    |  16|   0|   16|          0|
    |reg_534                                    |  16|   0|   16|          0|
    |reg_538                                    |  16|   0|   16|          0|
    |reg_543                                    |  16|   0|   16|          0|
    |reg_547                                    |  16|   0|   16|          0|
    |reg_551                                    |  16|   0|   16|          0|
    |select_ln58_5_reg_2903                     |   4|   0|    4|          0|
    |select_ln58_6_reg_2867                     |   4|   0|    4|          0|
    |select_ln58_7_reg_2909                     |   4|   0|    4|          0|
    |select_ln58_reg_2817                       |   4|   0|    4|          0|
    |tmp_reg_3756                               |   1|   0|    1|          0|
    |x_1_fu_140                                 |   4|   0|    4|          0|
    |x_1_mid2270_reg_2783                       |   4|   0|    4|          0|
    |x_reg_2760                                 |   4|   0|    4|          0|
    |y_fu_136                                   |   4|   0|    4|          0|
    |zext_ln1271_20_cast_reg_2925               |   8|   0|    9|          1|
    |zext_ln1271_23_cast_reg_2972               |   8|   0|    9|          1|
    |zext_ln1271_26_cast_reg_3013               |   8|   0|    9|          1|
    |zext_ln1271_29_cast_reg_3065               |   8|   0|   10|          2|
    |zext_ln1271_32_cast_reg_3100               |   8|   0|   10|          2|
    |zext_ln1271_35_cast_reg_3151               |   8|   0|   10|          2|
    +-------------------------------------------+----+----+-----+-----------+
    |Total                                      | 888|   0|  897|          9|
    +-------------------------------------------+----+----+-----+-----------+



================================================================
== Interface
================================================================
* Summary: 
+------------------------+-----+-----+------------+----------------------------------------------------------------+--------------+
|        RTL Ports       | Dir | Bits|  Protocol  |                          Source Object                         |    C Type    |
+------------------------+-----+-----+------------+----------------------------------------------------------------+--------------+
|ap_clk                  |   in|    1|  ap_ctrl_hs|  D_CNN_Pipeline_VITIS_LOOP_56_1_loop_for_bp2D_1_loop_for_ap2D_1|  return value|
|ap_rst                  |   in|    1|  ap_ctrl_hs|  D_CNN_Pipeline_VITIS_LOOP_56_1_loop_for_bp2D_1_loop_for_ap2D_1|  return value|
|ap_start                |   in|    1|  ap_ctrl_hs|  D_CNN_Pipeline_VITIS_LOOP_56_1_loop_for_bp2D_1_loop_for_ap2D_1|  return value|
|ap_done                 |  out|    1|  ap_ctrl_hs|  D_CNN_Pipeline_VITIS_LOOP_56_1_loop_for_bp2D_1_loop_for_ap2D_1|  return value|
|ap_idle                 |  out|    1|  ap_ctrl_hs|  D_CNN_Pipeline_VITIS_LOOP_56_1_loop_for_bp2D_1_loop_for_ap2D_1|  return value|
|ap_ready                |  out|    1|  ap_ctrl_hs|  D_CNN_Pipeline_VITIS_LOOP_56_1_loop_for_bp2D_1_loop_for_ap2D_1|  return value|
|m_axi_gmem1_AWVALID     |  out|    1|       m_axi|                                                           gmem1|       pointer|
|m_axi_gmem1_AWREADY     |   in|    1|       m_axi|                                                           gmem1|       pointer|
|m_axi_gmem1_AWADDR      |  out|   64|       m_axi|                                                           gmem1|       pointer|
|m_axi_gmem1_AWID        |  out|    1|       m_axi|                                                           gmem1|       pointer|
|m_axi_gmem1_AWLEN       |  out|   32|       m_axi|                                                           gmem1|       pointer|
|m_axi_gmem1_AWSIZE      |  out|    3|       m_axi|                                                           gmem1|       pointer|
|m_axi_gmem1_AWBURST     |  out|    2|       m_axi|                                                           gmem1|       pointer|
|m_axi_gmem1_AWLOCK      |  out|    2|       m_axi|                                                           gmem1|       pointer|
|m_axi_gmem1_AWCACHE     |  out|    4|       m_axi|                                                           gmem1|       pointer|
|m_axi_gmem1_AWPROT      |  out|    3|       m_axi|                                                           gmem1|       pointer|
|m_axi_gmem1_AWQOS       |  out|    4|       m_axi|                                                           gmem1|       pointer|
|m_axi_gmem1_AWREGION    |  out|    4|       m_axi|                                                           gmem1|       pointer|
|m_axi_gmem1_AWUSER      |  out|    1|       m_axi|                                                           gmem1|       pointer|
|m_axi_gmem1_WVALID      |  out|    1|       m_axi|                                                           gmem1|       pointer|
|m_axi_gmem1_WREADY      |   in|    1|       m_axi|                                                           gmem1|       pointer|
|m_axi_gmem1_WDATA       |  out|   16|       m_axi|                                                           gmem1|       pointer|
|m_axi_gmem1_WSTRB       |  out|    2|       m_axi|                                                           gmem1|       pointer|
|m_axi_gmem1_WLAST       |  out|    1|       m_axi|                                                           gmem1|       pointer|
|m_axi_gmem1_WID         |  out|    1|       m_axi|                                                           gmem1|       pointer|
|m_axi_gmem1_WUSER       |  out|    1|       m_axi|                                                           gmem1|       pointer|
|m_axi_gmem1_ARVALID     |  out|    1|       m_axi|                                                           gmem1|       pointer|
|m_axi_gmem1_ARREADY     |   in|    1|       m_axi|                                                           gmem1|       pointer|
|m_axi_gmem1_ARADDR      |  out|   64|       m_axi|                                                           gmem1|       pointer|
|m_axi_gmem1_ARID        |  out|    1|       m_axi|                                                           gmem1|       pointer|
|m_axi_gmem1_ARLEN       |  out|   32|       m_axi|                                                           gmem1|       pointer|
|m_axi_gmem1_ARSIZE      |  out|    3|       m_axi|                                                           gmem1|       pointer|
|m_axi_gmem1_ARBURST     |  out|    2|       m_axi|                                                           gmem1|       pointer|
|m_axi_gmem1_ARLOCK      |  out|    2|       m_axi|                                                           gmem1|       pointer|
|m_axi_gmem1_ARCACHE     |  out|    4|       m_axi|                                                           gmem1|       pointer|
|m_axi_gmem1_ARPROT      |  out|    3|       m_axi|                                                           gmem1|       pointer|
|m_axi_gmem1_ARQOS       |  out|    4|       m_axi|                                                           gmem1|       pointer|
|m_axi_gmem1_ARREGION    |  out|    4|       m_axi|                                                           gmem1|       pointer|
|m_axi_gmem1_ARUSER      |  out|    1|       m_axi|                                                           gmem1|       pointer|
|m_axi_gmem1_RVALID      |   in|    1|       m_axi|                                                           gmem1|       pointer|
|m_axi_gmem1_RREADY      |  out|    1|       m_axi|                                                           gmem1|       pointer|
|m_axi_gmem1_RDATA       |   in|   16|       m_axi|                                                           gmem1|       pointer|
|m_axi_gmem1_RLAST       |   in|    1|       m_axi|                                                           gmem1|       pointer|
|m_axi_gmem1_RID         |   in|    1|       m_axi|                                                           gmem1|       pointer|
|m_axi_gmem1_RFIFONUM    |   in|   10|       m_axi|                                                           gmem1|       pointer|
|m_axi_gmem1_RUSER       |   in|    1|       m_axi|                                                           gmem1|       pointer|
|m_axi_gmem1_RRESP       |   in|    2|       m_axi|                                                           gmem1|       pointer|
|m_axi_gmem1_BVALID      |   in|    1|       m_axi|                                                           gmem1|       pointer|
|m_axi_gmem1_BREADY      |  out|    1|       m_axi|                                                           gmem1|       pointer|
|m_axi_gmem1_BRESP       |   in|    2|       m_axi|                                                           gmem1|       pointer|
|m_axi_gmem1_BID         |   in|    1|       m_axi|                                                           gmem1|       pointer|
|m_axi_gmem1_BUSER       |   in|    1|       m_axi|                                                           gmem1|       pointer|
|Weights                 |   in|   64|     ap_none|                                                         Weights|        scalar|
|OutPadConv1_V_address0  |  out|   10|   ap_memory|                                                   OutPadConv1_V|         array|
|OutPadConv1_V_ce0       |  out|    1|   ap_memory|                                                   OutPadConv1_V|         array|
|OutPadConv1_V_q0        |   in|   16|   ap_memory|                                                   OutPadConv1_V|         array|
|OutPadConv1_V_address1  |  out|   10|   ap_memory|                                                   OutPadConv1_V|         array|
|OutPadConv1_V_ce1       |  out|    1|   ap_memory|                                                   OutPadConv1_V|         array|
|OutPadConv1_V_q1        |   in|   16|   ap_memory|                                                   OutPadConv1_V|         array|
|conv2_V_address0        |  out|   11|   ap_memory|                                                         conv2_V|         array|
|conv2_V_ce0             |  out|    1|   ap_memory|                                                         conv2_V|         array|
|conv2_V_we0             |  out|    1|   ap_memory|                                                         conv2_V|         array|
|conv2_V_d0              |  out|   16|   ap_memory|                                                         conv2_V|         array|
+------------------------+-----+-----+------------+----------------------------------------------------------------+--------------+

