

================================================================
== Vitis HLS Report for 'D_CNN_Pipeline_VITIS_LOOP_26_1_VITIS_LOOP_27_2_VITIS_LOOP_28_3'
================================================================
* Date:           Wed Apr 15 01:46:41 2026

* Version:        2022.2 (Build 3670227 on Oct 13 2022)
* Project:        ProjectOne
* Solution:       solution1 (Vivado IP Flow Target)
* Product family: zynquplus
* Target device:  xck26-sfvc784-2LV-c


================================================================
== Performance Estimates
================================================================
+ Timing: 
    * Summary: 
    +--------+----------+----------+------------+
    |  Clock |  Target  | Estimated| Uncertainty|
    +--------+----------+----------+------------+
    |ap_clk  |  10.00 ns|  4.003 ns|     2.70 ns|
    +--------+----------+----------+------------+

+ Latency: 
    * Summary: 
    +---------+---------+-----------+-----------+------+------+---------+
    |  Latency (cycles) |   Latency (absolute)  |   Interval  | Pipeline|
    |   min   |   max   |    min    |    max    |  min |  max |   Type  |
    +---------+---------+-----------+-----------+------+------+---------+
    |     6277|     6277|  62.770 us|  62.770 us|  6277|  6277|       no|
    +---------+---------+-----------+-----------+------+------+---------+

    + Detail: 
        * Instance: 
        N/A

        * Loop: 
        +---------------------------------------------------+---------+---------+----------+-----------+-----------+------+----------+
        |                                                   |  Latency (cycles) | Iteration|  Initiation Interval  | Trip |          |
        |                     Loop Name                     |   min   |   max   |  Latency |  achieved |   target  | Count| Pipelined|
        +---------------------------------------------------+---------+---------+----------+-----------+-----------+------+----------+
        |- VITIS_LOOP_26_1_VITIS_LOOP_27_2_VITIS_LOOP_28_3  |     6275|     6275|         5|          1|          1|  6272|       yes|
        +---------------------------------------------------+---------+---------+----------+-----------+-----------+------+----------+



================================================================
== Utilization Estimates
================================================================
* Summary: 
+-----------------+---------+------+--------+--------+-----+
|       Name      | BRAM_18K|  DSP |   FF   |   LUT  | URAM|
+-----------------+---------+------+--------+--------+-----+
|DSP              |        -|     2|       -|       -|    -|
|Expression       |        -|     -|       0|     286|    -|
|FIFO             |        -|     -|       -|       -|    -|
|Instance         |        -|     -|       -|       -|    -|
|Memory           |        -|     -|       -|       -|    -|
|Multiplexer      |        -|     -|       -|      90|    -|
|Register         |        -|     -|     190|      64|    -|
+-----------------+---------+------+--------+--------+-----+
|Total            |        0|     2|     190|     440|    0|
+-----------------+---------+------+--------+--------+-----+
|Available        |      288|  1248|  234240|  117120|   64|
+-----------------+---------+------+--------+--------+-----+
|Utilization (%)  |        0|    ~0|      ~0|      ~0|    0|
+-----------------+---------+------+--------+--------+-----+

+ Detail: 
    * Instance: 
    N/A

    * DSP: 
    +------------------------------------+--------------------------------+--------------+
    |              Instance              |             Module             |  Expression  |
    +------------------------------------+--------------------------------+--------------+
    |mac_muladd_3ns_8ns_4ns_11_4_1_U74   |mac_muladd_3ns_8ns_4ns_11_4_1   |  i0 * i1 + i2|
    |mac_muladd_4ns_10ns_5ns_13_4_1_U73  |mac_muladd_4ns_10ns_5ns_13_4_1  |  i0 * i1 + i2|
    +------------------------------------+--------------------------------+--------------+

    * Memory: 
    N/A

    * FIFO: 
    N/A

    * Expression: 
    +-----------------------------------+----------+----+---+----+------------+------------+
    |           Variable Name           | Operation| DSP| FF| LUT| Bitwidth P0| Bitwidth P1|
    +-----------------------------------+----------+----+---+----+------------+------------+
    |add_ln26_1_fu_175_p2               |         +|   0|  0|  12|           4|           1|
    |add_ln26_fu_157_p2                 |         +|   0|  0|  20|          13|           1|
    |add_ln27_1_fu_201_p2               |         +|   0|  0|  17|          10|           1|
    |add_ln27_fu_386_p2                 |         +|   0|  0|  12|           5|           1|
    |add_ln28_fu_281_p2                 |         +|   0|  0|  12|           5|           1|
    |add_ln29_1_fu_501_p2               |         +|   0|  0|  20|          13|          13|
    |add_ln29_fu_491_p2                 |         +|   0|  0|  18|          11|          11|
    |empty_fu_359_p2                    |         -|   0|  0|  18|          11|          11|
    |mul9_i_fu_329_p2                   |         -|   0|  0|  16|           9|           9|
    |mul9_i_mid1_fu_426_p2              |         -|   0|  0|  16|           9|           9|
    |p_mid1325_fu_467_p2                |         -|   0|  0|  18|          11|          11|
    |icmp_ln28_mid2376_fu_244_p2        |       and|   0|  0|   2|           1|           1|
    |icmp_ln26_fu_151_p2                |      icmp|   0|  0|  12|          13|          12|
    |icmp_ln27_fu_169_p2                |      icmp|   0|  0|  11|          10|           9|
    |icmp_ln28_fu_238_p2                |      icmp|   0|  0|   9|           5|           4|
    |or_ln27_fu_250_p2                  |        or|   0|  0|   2|           1|           1|
    |mul9_i_cast_mid2362_fu_372_p3      |    select|   0|  0|   9|           1|           1|
    |p_mid2340_v_v_fu_181_p3            |    select|   0|  0|   4|           1|           4|
    |select_ln27_1_fu_432_p3            |    select|   0|  0|   9|           1|           9|
    |select_ln27_2_fu_473_p3            |    select|   0|  0|  10|           1|          11|
    |select_ln27_3_fu_484_p3            |    select|   0|  0|   5|           1|           5|
    |select_ln27_4_fu_207_p3            |    select|   0|  0|  10|           1|           1|
    |select_ln27_fu_255_p3              |    select|   0|  0|   5|           1|           1|
    |sext_ln28_1_mid2374_fu_379_p3      |    select|   0|  0|  10|           1|           1|
    |y_2_mid2337_fu_365_p3              |    select|   0|  0|   5|           1|           1|
    |ap_enable_pp0                      |       xor|   0|  0|   2|           1|           2|
    |not_exitcond_flatten329_fu_233_p2  |       xor|   0|  0|   2|           1|           2|
    +-----------------------------------+----------+----+---+----+------------+------------+
    |Total                              |          |   0|  0| 286|         142|         134|
    +-----------------------------------+----------+----+---+----+------------+------------+

    * Multiplexer: 
    +-----------------------------------------+----+-----------+-----+-----------+
    |                   Name                  | LUT| Input Size| Bits| Total Bits|
    +-----------------------------------------+----+-----------+-----+-----------+
    |ap_done_int                              |   9|          2|    1|          2|
    |ap_enable_reg_pp0_iter4                  |   9|          2|    1|          2|
    |ap_sig_allocacmp_c_1_load                |   9|          2|    4|          8|
    |ap_sig_allocacmp_indvar_flatten327_load  |   9|          2|   10|         20|
    |ap_sig_allocacmp_indvar_flatten377_load  |   9|          2|   13|         26|
    |c_1_fu_88                                |   9|          2|    4|          8|
    |indvar_flatten327_fu_84                  |   9|          2|   10|         20|
    |indvar_flatten377_fu_92                  |   9|          2|   13|         26|
    |x_fu_76                                  |   9|          2|    5|         10|
    |y_fu_80                                  |   9|          2|    5|         10|
    +-----------------------------------------+----+-----------+-----+-----------+
    |Total                                    |  90|         20|   66|        132|
    +-----------------------------------------+----+-----------+-----+-----------+

    * Register: 
    +----------------------------------+----+----+-----+-----------+
    |               Name               | FF | LUT| Bits| Const Bits|
    +----------------------------------+----+----+-----+-----------+
    |add_ln29_1_reg_613                |  13|   0|   13|          0|
    |ap_CS_fsm                         |   1|   0|    1|          0|
    |ap_done_reg                       |   1|   0|    1|          0|
    |ap_enable_reg_pp0_iter1           |   1|   0|    1|          0|
    |ap_enable_reg_pp0_iter2           |   1|   0|    1|          0|
    |ap_enable_reg_pp0_iter3           |   1|   0|    1|          0|
    |ap_enable_reg_pp0_iter4           |   1|   0|    1|          0|
    |ap_loop_exit_ready_pp0_iter1_reg  |   1|   0|    1|          0|
    |ap_loop_exit_ready_pp0_iter2_reg  |   1|   0|    1|          0|
    |ap_loop_exit_ready_pp0_iter3_reg  |   1|   0|    1|          0|
    |c_1_fu_88                         |   4|   0|    4|          0|
    |icmp_ln26_reg_568                 |   1|   0|    1|          0|
    |icmp_ln27_reg_572                 |   1|   0|    1|          0|
    |icmp_ln28_mid2376_reg_591         |   1|   0|    1|          0|
    |indvar_flatten327_fu_84           |  10|   0|   10|          0|
    |indvar_flatten377_fu_92           |  13|   0|   13|          0|
    |x_fu_76                           |   5|   0|    5|          0|
    |y_fu_80                           |   5|   0|    5|          0|
    |icmp_ln26_reg_568                 |  64|  32|    1|          0|
    |icmp_ln27_reg_572                 |  64|  32|    1|          0|
    +----------------------------------+----+----+-----+-----------+
    |Total                             | 190|  64|   64|          0|
    +----------------------------------+----+----+-----+-----------+



================================================================
== Interface
================================================================
* Summary: 
+---------------------+-----+-----+------------+----------------------------------------------------------------+--------------+
|      RTL Ports      | Dir | Bits|  Protocol  |                          Source Object                         |    C Type    |
+---------------------+-----+-----+------------+----------------------------------------------------------------+--------------+
|ap_clk               |   in|    1|  ap_ctrl_hs|  D_CNN_Pipeline_VITIS_LOOP_26_1_VITIS_LOOP_27_2_VITIS_LOOP_28_3|  return value|
|ap_rst               |   in|    1|  ap_ctrl_hs|  D_CNN_Pipeline_VITIS_LOOP_26_1_VITIS_LOOP_27_2_VITIS_LOOP_28_3|  return value|
|ap_start             |   in|    1|  ap_ctrl_hs|  D_CNN_Pipeline_VITIS_LOOP_26_1_VITIS_LOOP_27_2_VITIS_LOOP_28_3|  return value|
|ap_done              |  out|    1|  ap_ctrl_hs|  D_CNN_Pipeline_VITIS_LOOP_26_1_VITIS_LOOP_27_2_VITIS_LOOP_28_3|  return value|
|ap_idle              |  out|    1|  ap_ctrl_hs|  D_CNN_Pipeline_VITIS_LOOP_26_1_VITIS_LOOP_27_2_VITIS_LOOP_28_3|  return value|
|ap_ready             |  out|    1|  ap_ctrl_hs|  D_CNN_Pipeline_VITIS_LOOP_26_1_VITIS_LOOP_27_2_VITIS_LOOP_28_3|  return value|
|conv2_V_address0     |  out|   11|   ap_memory|                                                         conv2_V|         array|
|conv2_V_ce0          |  out|    1|   ap_memory|                                                         conv2_V|         array|
|conv2_V_q0           |   in|   16|   ap_memory|                                                         conv2_V|         array|
|upsample_V_address0  |  out|   13|   ap_memory|                                                      upsample_V|         array|
|upsample_V_ce0       |  out|    1|   ap_memory|                                                      upsample_V|         array|
|upsample_V_we0       |  out|    1|   ap_memory|                                                      upsample_V|         array|
|upsample_V_d0        |  out|   16|   ap_memory|                                                      upsample_V|         array|
+---------------------+-----+-----+------------+----------------------------------------------------------------+--------------+

