

================================================================
== Vitis HLS Report for 'exp_17_9_s'
================================================================
* Date:           Wed Apr 15 01:46:54 2026

* Version:        2022.2 (Build 3670227 on Oct 13 2022)
* Project:        ProjectOne
* Solution:       solution1 (Vivado IP Flow Target)
* Product family: zynquplus
* Target device:  xck26-sfvc784-2LV-c


================================================================
== Performance Estimates
================================================================
+ Timing: 
    * Summary: 
    +--------+----------+----------+------------+
    |  Clock |  Target  | Estimated| Uncertainty|
    +--------+----------+----------+------------+
    |ap_clk  |  10.00 ns|  5.868 ns|     2.70 ns|
    +--------+----------+----------+------------+

+ Latency: 
    * Summary: 
    +---------+---------+-----------+-----------+-----+-----+---------+
    |  Latency (cycles) |   Latency (absolute)  |  Interval | Pipeline|
    |   min   |   max   |    min    |    max    | min | max |   Type  |
    +---------+---------+-----------+-----------+-----+-----+---------+
    |        5|        5|  50.000 ns|  50.000 ns|    1|    1|      yes|
    +---------+---------+-----------+-----------+-----+-----+---------+

    + Detail: 
        * Instance: 
        N/A

        * Loop: 
        N/A



================================================================
== Utilization Estimates
================================================================
* Summary: 
+-----------------+---------+------+--------+--------+-----+
|       Name      | BRAM_18K|  DSP |   FF   |   LUT  | URAM|
+-----------------+---------+------+--------+--------+-----+
|DSP              |        -|     1|       -|       -|    -|
|Expression       |        -|     -|       0|     186|    -|
|FIFO             |        -|     -|       -|       -|    -|
|Instance         |        -|     2|       0|      50|    -|
|Memory           |        0|     -|      61|      32|    -|
|Multiplexer      |        -|     -|       -|       -|    -|
|Register         |        -|     -|     459|     192|    -|
+-----------------+---------+------+--------+--------+-----+
|Total            |        0|     3|     520|     460|    0|
+-----------------+---------+------+--------+--------+-----+
|Available        |      288|  1248|  234240|  117120|   64|
+-----------------+---------+------+--------+--------+-----+
|Utilization (%)  |        0|    ~0|      ~0|      ~0|    0|
+-----------------+---------+------+--------+--------+-----+

+ Detail: 
    * Instance: 
    +---------------------------+----------------------+---------+----+---+----+-----+
    |          Instance         |        Module        | BRAM_18K| DSP| FF| LUT| URAM|
    +---------------------------+----------------------+---------+----+---+----+-----+
    |mul_25ns_25ns_50_1_1_U328  |mul_25ns_25ns_50_1_1  |        0|   2|  0|  50|    0|
    +---------------------------+----------------------+---------+----+---+----+-----+
    |Total                      |                      |        0|   2|  0|  50|    0|
    +---------------------------+----------------------+---------+----+---+----+-----+

    * DSP: 
    +-------------------------------+--------------------------+-----------+
    |            Instance           |          Module          | Expression|
    +-------------------------------+--------------------------+-----------+
    |mul_mul_25ns_18ns_43_4_1_U329  |mul_mul_25ns_18ns_43_4_1  |    i0 * i1|
    +-------------------------------+--------------------------+-----------+

    * Memory: 
    +---------------------------+------------------------------------------------+---------+----+----+-----+------+-----+------+-------------+
    |           Memory          |                     Module                     | BRAM_18K| FF | LUT| URAM| Words| Bits| Banks| W*Bits*Banks|
    +---------------------------+------------------------------------------------+---------+----+----+-----+------+-----+------+-------------+
    |exp_x_msb_1_table_V_U      |exp_17_9_s_exp_x_msb_1_table_V_ROM_AUTO_1R      |        0|  25|  13|    0|    32|   25|     1|          800|
    |exp_x_msb_2_m_1_table_V_U  |exp_17_9_s_exp_x_msb_2_m_1_table_V_ROM_AUTO_1R  |        0|  25|  13|    0|    32|   25|     1|          800|
    |f_x_lsb_table_V_U          |exp_17_9_s_f_x_lsb_table_V_ROM_AUTO_1R          |        0|  11|   6|    0|    32|   11|     1|          352|
    +---------------------------+------------------------------------------------+---------+----+----+-----+------+-----+------+-------------+
    |Total                      |                                                |        0|  61|  32|    0|    96|   61|     3|         1952|
    +---------------------------+------------------------------------------------+---------+----+----+-----+------+-----+------+-------------+

    * FIFO: 
    N/A

    * Expression: 
    +---------------------------------+----------+----+---+----+------------+------------+
    |          Variable Name          | Operation| DSP| FF| LUT| Bitwidth P0| Bitwidth P1|
    +---------------------------------+----------+----+---+----+------------+------------+
    |exp_x_msb_2_lsb_m_1_V_fu_401_p2  |         +|   0|  0|  32|          25|          25|
    |ret_V_fu_391_p2                  |         +|   0|  0|  27|          20|          20|
    |y_l_V_fu_447_p2                  |         +|   0|  0|  32|          25|          25|
    |and_ln202_fu_263_p2              |       and|   0|  0|   2|           1|           1|
    |icmp_ln1649_fu_257_p2            |      icmp|   0|  0|  11|          11|          11|
    |icmp_ln1653_fu_251_p2            |      icmp|   0|  0|   9|           4|           3|
    |overf_1_fu_480_p2                |      icmp|   0|  0|   8|           2|           1|
    |or_ln202_1_fu_317_p2             |        or|   0|  0|   2|           1|           1|
    |or_ln202_2_fu_323_p2             |        or|   0|  0|   2|           1|           1|
    |or_ln202_3_fu_329_p2             |        or|   0|  0|   2|           1|           1|
    |or_ln202_4_fu_335_p2             |        or|   0|  0|   2|           1|           1|
    |or_ln202_fu_311_p2               |        or|   0|  0|   2|           1|           1|
    |overf_2_fu_494_p2                |        or|   0|  0|   2|           1|           1|
    |ap_return                        |    select|   0|  0|  16|           1|          16|
    |select_ln190_fu_416_p3           |    select|   0|  0|   2|           1|           2|
    |y_V_3_fu_463_p3                  |    select|   0|  0|  21|           1|          22|
    |ap_enable_pp0                    |       xor|   0|  0|   2|           1|           2|
    |overf_fu_189_p2                  |       xor|   0|  0|   2|           1|           1|
    |xor_ln176_1_fu_217_p2            |       xor|   0|  0|   2|           1|           1|
    |xor_ln176_2_fu_231_p2            |       xor|   0|  0|   2|           1|           1|
    |xor_ln176_3_fu_245_p2            |       xor|   0|  0|   2|           1|           1|
    |xor_ln176_fu_203_p2              |       xor|   0|  0|   2|           1|           1|
    |y_V_fu_411_p2                    |       xor|   0|  0|   2|           1|           2|
    +---------------------------------+----------+----+---+----+------------+------------+
    |Total                            |          |   0|  0| 186|         104|         141|
    +---------------------------------+----------+----+---+----+------------+------------+

    * Multiplexer: 
    N/A

    * Register: 
    +-------------------------------+----+----+-----+-----------+
    |              Name             | FF | LUT| Bits| Const Bits|
    +-------------------------------+----+----+-----+-----------+
    |ap_CS_fsm                      |   1|   0|    1|          0|
    |ap_enable_reg_pp0_iter1        |   1|   0|    1|          0|
    |ap_enable_reg_pp0_iter2        |   1|   0|    1|          0|
    |ap_enable_reg_pp0_iter3        |   1|   0|    1|          0|
    |ap_enable_reg_pp0_iter4        |   1|   0|    1|          0|
    |ap_enable_reg_pp0_iter5        |   1|   0|    1|          0|
    |exp_x_msb_2_lsb_m_1_V_reg_577  |  25|   0|   25|          0|
    |exp_x_msb_2_m_1_V_reg_562      |  25|   0|   25|          0|
    |f_x_lsb_V_reg_557              |  11|   0|   11|          0|
    |or_ln202_4_reg_552             |   1|   0|    1|          0|
    |p_Result_s_reg_525             |   1|   0|    1|          0|
    |tmp_reg_531                    |   4|   0|    4|          0|
    |trunc_ln594_1_reg_536          |   2|   0|    2|          0|
    |exp_x_msb_2_m_1_V_reg_562      |  64|  32|   25|          0|
    |f_x_lsb_V_reg_557              |  64|  32|   11|          0|
    |or_ln202_4_reg_552             |  64|  32|    1|          0|
    |p_Result_s_reg_525             |  64|  32|    1|          0|
    |tmp_reg_531                    |  64|  32|    4|          0|
    |trunc_ln594_1_reg_536          |  64|  32|    2|          0|
    +-------------------------------+----+----+-----+-----------+
    |Total                          | 459| 192|  119|          0|
    +-------------------------------+----+----+-----+-----------+



================================================================
== Interface
================================================================
* Summary: 
+-----------+-----+-----+------------+--------------+--------------+
| RTL Ports | Dir | Bits|  Protocol  | Source Object|    C Type    |
+-----------+-----+-----+------------+--------------+--------------+
|ap_clk     |   in|    1|  ap_ctrl_hs|    exp<17, 9>|  return value|
|ap_rst     |   in|    1|  ap_ctrl_hs|    exp<17, 9>|  return value|
|ap_start   |   in|    1|  ap_ctrl_hs|    exp<17, 9>|  return value|
|ap_done    |  out|    1|  ap_ctrl_hs|    exp<17, 9>|  return value|
|ap_idle    |  out|    1|  ap_ctrl_hs|    exp<17, 9>|  return value|
|ap_ready   |  out|    1|  ap_ctrl_hs|    exp<17, 9>|  return value|
|ap_return  |  out|   17|  ap_ctrl_hs|    exp<17, 9>|  return value|
|x          |   in|   17|     ap_none|             x|        scalar|
+-----------+-----+-----+------------+--------------+--------------+

