

================================================================
== Vitis HLS Report for 'inference_top'
================================================================
* Date:           Wed Apr 15 01:46:58 2026

* Version:        2022.2 (Build 3670227 on Oct 13 2022)
* Project:        ProjectOne
* Solution:       solution1 (Vivado IP Flow Target)
* Product family: zynquplus
* Target device:  xck26-sfvc784-2LV-c


================================================================
== Performance Estimates
================================================================
+ Timing: 
    * Summary: 
    +--------+----------+----------+------------+
    |  Clock |  Target  | Estimated| Uncertainty|
    +--------+----------+----------+------------+
    |ap_clk  |  10.00 ns|  7.300 ns|     2.70 ns|
    +--------+----------+----------+------------+

+ Latency: 
    * Summary: 
    +---------+---------+----------+----------+--------+--------+---------+
    |  Latency (cycles) |  Latency (absolute) |     Interval    | Pipeline|
    |   min   |   max   |    min   |    max   |   min  |   max  |   Type  |
    +---------+---------+----------+----------+--------+--------+---------+
    |   646329|   675513|  6.463 ms|  6.755 ms|  646330|  675514|       no|
    +---------+---------+----------+----------+--------+--------+---------+

    + Detail: 
        * Instance: 
        +------------------+-------+---------+---------+----------+----------+--------+--------+---------+
        |                  |       |  Latency (cycles) |  Latency (absolute) |     Interval    | Pipeline|
        |     Instance     | Module|   min   |   max   |    min   |    max   |   min  |   max  |   Type  |
        +------------------+-------+---------+---------+----------+----------+--------+--------+---------+
        |grp_D_CNN_fu_109  |D_CNN  |   486335|   511423|  4.863 ms|  5.114 ms|  486335|  511423|       no|
        |grp_C_CNN_fu_123  |C_CNN  |   159991|   164087|  1.600 ms|  1.641 ms|  159991|  164087|       no|
        +------------------+-------+---------+---------+----------+----------+--------+--------+---------+

        * Loop: 
        N/A



================================================================
== Utilization Estimates
================================================================
* Summary: 
+-----------------+---------+------+--------+--------+-----+
|       Name      | BRAM_18K|  DSP |   FF   |   LUT  | URAM|
+-----------------+---------+------+--------+--------+-----+
|DSP              |        -|     -|       -|       -|    -|
|Expression       |        -|     -|       0|      42|    -|
|FIFO             |        -|     -|       -|       -|    -|
|Instance         |       60|   200|   18778|   34211|    0|
|Memory           |        1|     -|       0|       0|    0|
|Multiplexer      |        -|     -|       -|     146|    -|
|Register         |        -|     -|     198|       -|    -|
+-----------------+---------+------+--------+--------+-----+
|Total            |       61|   200|   18976|   34399|    0|
+-----------------+---------+------+--------+--------+-----+
|Available        |      288|  1248|  234240|  117120|   64|
+-----------------+---------+------+--------+--------+-----+
|Utilization (%)  |       21|    16|       8|      29|    0|
+-----------------+---------+------+--------+--------+-----+

+ Detail: 
    * Instance: 
    +-------------------+-----------------+---------+-----+-------+-------+-----+
    |      Instance     |      Module     | BRAM_18K| DSP |   FF  |  LUT  | URAM|
    +-------------------+-----------------+---------+-----+-------+-------+-----+
    |grp_C_CNN_fu_123   |C_CNN            |       18|   79|  10709|  13800|    0|
    |grp_D_CNN_fu_109   |D_CNN            |       42|  121|   6285|  17141|    0|
    |control_r_s_axi_U  |control_r_s_axi  |        0|    0|    240|    424|    0|
    |control_s_axi_U    |control_s_axi    |        0|    0|     74|    104|    0|
    |gmem0_m_axi_U      |gmem0_m_axi      |        0|    0|    735|   1371|    0|
    |gmem1_m_axi_U      |gmem1_m_axi      |        0|    0|    735|   1371|    0|
    +-------------------+-----------------+---------+-----+-------+-------+-----+
    |Total              |                 |       60|  200|  18778|  34211|    0|
    +-------------------+-----------------+---------+-----+-------+-------+-----+

    * DSP: 
    N/A

    * Memory: 
    +--------------+-------------------------------+---------+---+----+-----+------+-----+------+-------------+
    |    Memory    |             Module            | BRAM_18K| FF| LUT| URAM| Words| Bits| Banks| W*Bits*Banks|
    +--------------+-------------------------------+---------+---+----+-----+------+-----+------+-------------+
    |denoised_V_U  |denoised_V_RAM_1WNR_AUTO_1R1W  |        1|  0|   0|    0|   784|   16|     1|        12544|
    +--------------+-------------------------------+---------+---+----+-----+------+-----+------+-------------+
    |Total         |                               |        1|  0|   0|    0|   784|   16|     1|        12544|
    +--------------+-------------------------------+---------+---+----+-----+------+-----+------+-------------+

    * FIFO: 
    N/A

    * Expression: 
    +-------------------------+----------+----+---+----+------------+------------+
    |      Variable Name      | Operation| DSP| FF| LUT| Bitwidth P0| Bitwidth P1|
    +-------------------------+----------+----+---+----+------------+------------+
    |ret_V_1_fu_165_p2        |         +|   0|  0|  15|           8|           1|
    |icmp_ln1003_fu_159_p2    |      icmp|   0|  0|  11|           8|           1|
    |ret_V_2_fu_179_p3        |    select|   0|  0|   8|           1|           8|
    |select_ln1002_fu_171_p3  |    select|   0|  0|   8|           1|           8|
    +-------------------------+----------+----+---+----+------------+------------+
    |Total                    |          |   0|  0|  42|          18|          18|
    +-------------------------+----------+----+---+----+------------+------------+

    * Multiplexer: 
    +---------------------+----+-----------+-----+-----------+
    |         Name        | LUT| Input Size| Bits| Total Bits|
    +---------------------+----+-----------+-----+-----------+
    |ap_NS_fsm            |  26|          5|    1|          5|
    |denoised_V_address0  |  14|          3|   10|         30|
    |denoised_V_ce0       |  14|          3|    1|          3|
    |denoised_V_ce1       |   9|          2|    1|          2|
    |denoised_V_we0       |   9|          2|    1|          2|
    |gmem0_ARVALID        |   9|          2|    1|          2|
    |gmem0_RREADY         |   9|          2|    1|          2|
    |gmem1_ARADDR         |  14|          3|   64|        192|
    |gmem1_ARLEN          |  14|          3|   32|         96|
    |gmem1_ARVALID        |  14|          3|    1|          3|
    |gmem1_RREADY         |  14|          3|    1|          3|
    +---------------------+----+-----------+-----+-----------+
    |Total                | 146|         31|  114|        340|
    +---------------------+----+-----------+-----+-----------+

    * Register: 
    +-------------------------------+----+----+-----+-----------+
    |              Name             | FF | LUT| Bits| Const Bits|
    +-------------------------------+----+----+-----+-----------+
    |ap_CS_fsm                      |   4|   0|    4|          0|
    |classifier_w_read_reg_192      |  64|   0|   64|          0|
    |denoiser_w_read_reg_197        |  64|   0|   64|          0|
    |grp_C_CNN_fu_123_ap_start_reg  |   1|   0|    1|          0|
    |grp_D_CNN_fu_109_ap_start_reg  |   1|   0|    1|          0|
    |input_r_read_reg_202           |  64|   0|   64|          0|
    +-------------------------------+----+----+-----+-----------+
    |Total                          | 198|   0|  198|          0|
    +-------------------------------+----+----+-----+-----------+



================================================================
== Interface
================================================================
* Summary: 
+-------------------------+-----+-----+------------+---------------+--------------+
|        RTL Ports        | Dir | Bits|  Protocol  | Source Object |    C Type    |
+-------------------------+-----+-----+------------+---------------+--------------+
|s_axi_control_AWVALID    |   in|    1|       s_axi|        control|       pointer|
|s_axi_control_AWREADY    |  out|    1|       s_axi|        control|       pointer|
|s_axi_control_AWADDR     |   in|    5|       s_axi|        control|       pointer|
|s_axi_control_WVALID     |   in|    1|       s_axi|        control|       pointer|
|s_axi_control_WREADY     |  out|    1|       s_axi|        control|       pointer|
|s_axi_control_WDATA      |   in|   32|       s_axi|        control|       pointer|
|s_axi_control_WSTRB      |   in|    4|       s_axi|        control|       pointer|
|s_axi_control_ARVALID    |   in|    1|       s_axi|        control|       pointer|
|s_axi_control_ARREADY    |  out|    1|       s_axi|        control|       pointer|
|s_axi_control_ARADDR     |   in|    5|       s_axi|        control|       pointer|
|s_axi_control_RVALID     |  out|    1|       s_axi|        control|       pointer|
|s_axi_control_RREADY     |   in|    1|       s_axi|        control|       pointer|
|s_axi_control_RDATA      |  out|   32|       s_axi|        control|       pointer|
|s_axi_control_RRESP      |  out|    2|       s_axi|        control|       pointer|
|s_axi_control_BVALID     |  out|    1|       s_axi|        control|       pointer|
|s_axi_control_BREADY     |   in|    1|       s_axi|        control|       pointer|
|s_axi_control_BRESP      |  out|    2|       s_axi|        control|       pointer|
|s_axi_control_r_AWVALID  |   in|    1|       s_axi|      control_r|        scalar|
|s_axi_control_r_AWREADY  |  out|    1|       s_axi|      control_r|        scalar|
|s_axi_control_r_AWADDR   |   in|    6|       s_axi|      control_r|        scalar|
|s_axi_control_r_WVALID   |   in|    1|       s_axi|      control_r|        scalar|
|s_axi_control_r_WREADY   |  out|    1|       s_axi|      control_r|        scalar|
|s_axi_control_r_WDATA    |   in|   32|       s_axi|      control_r|        scalar|
|s_axi_control_r_WSTRB    |   in|    4|       s_axi|      control_r|        scalar|
|s_axi_control_r_ARVALID  |   in|    1|       s_axi|      control_r|        scalar|
|s_axi_control_r_ARREADY  |  out|    1|       s_axi|      control_r|        scalar|
|s_axi_control_r_ARADDR   |   in|    6|       s_axi|      control_r|        scalar|
|s_axi_control_r_RVALID   |  out|    1|       s_axi|      control_r|        scalar|
|s_axi_control_r_RREADY   |   in|    1|       s_axi|      control_r|        scalar|
|s_axi_control_r_RDATA    |  out|   32|       s_axi|      control_r|        scalar|
|s_axi_control_r_RRESP    |  out|    2|       s_axi|      control_r|        scalar|
|s_axi_control_r_BVALID   |  out|    1|       s_axi|      control_r|        scalar|
|s_axi_control_r_BREADY   |   in|    1|       s_axi|      control_r|        scalar|
|s_axi_control_r_BRESP    |  out|    2|       s_axi|      control_r|        scalar|
|ap_clk                   |   in|    1|  ap_ctrl_hs|  inference_top|  return value|
|ap_rst_n                 |   in|    1|  ap_ctrl_hs|  inference_top|  return value|
|interrupt                |  out|    1|  ap_ctrl_hs|  inference_top|  return value|
|m_axi_gmem0_AWVALID      |  out|    1|       m_axi|          gmem0|       pointer|
|m_axi_gmem0_AWREADY      |   in|    1|       m_axi|          gmem0|       pointer|
|m_axi_gmem0_AWADDR       |  out|   64|       m_axi|          gmem0|       pointer|
|m_axi_gmem0_AWID         |  out|    1|       m_axi|          gmem0|       pointer|
|m_axi_gmem0_AWLEN        |  out|    8|       m_axi|          gmem0|       pointer|
|m_axi_gmem0_AWSIZE       |  out|    3|       m_axi|          gmem0|       pointer|
|m_axi_gmem0_AWBURST      |  out|    2|       m_axi|          gmem0|       pointer|
|m_axi_gmem0_AWLOCK       |  out|    2|       m_axi|          gmem0|       pointer|
|m_axi_gmem0_AWCACHE      |  out|    4|       m_axi|          gmem0|       pointer|
|m_axi_gmem0_AWPROT       |  out|    3|       m_axi|          gmem0|       pointer|
|m_axi_gmem0_AWQOS        |  out|    4|       m_axi|          gmem0|       pointer|
|m_axi_gmem0_AWREGION     |  out|    4|       m_axi|          gmem0|       pointer|
|m_axi_gmem0_AWUSER       |  out|    1|       m_axi|          gmem0|       pointer|
|m_axi_gmem0_WVALID       |  out|    1|       m_axi|          gmem0|       pointer|
|m_axi_gmem0_WREADY       |   in|    1|       m_axi|          gmem0|       pointer|
|m_axi_gmem0_WDATA        |  out|   32|       m_axi|          gmem0|       pointer|
|m_axi_gmem0_WSTRB        |  out|    4|       m_axi|          gmem0|       pointer|
|m_axi_gmem0_WLAST        |  out|    1|       m_axi|          gmem0|       pointer|
|m_axi_gmem0_WID          |  out|    1|       m_axi|          gmem0|       pointer|
|m_axi_gmem0_WUSER        |  out|    1|       m_axi|          gmem0|       pointer|
|m_axi_gmem0_ARVALID      |  out|    1|       m_axi|          gmem0|       pointer|
|m_axi_gmem0_ARREADY      |   in|    1|       m_axi|          gmem0|       pointer|
|m_axi_gmem0_ARADDR       |  out|   64|       m_axi|          gmem0|       pointer|
|m_axi_gmem0_ARID         |  out|    1|       m_axi|          gmem0|       pointer|
|m_axi_gmem0_ARLEN        |  out|    8|       m_axi|          gmem0|       pointer|
|m_axi_gmem0_ARSIZE       |  out|    3|       m_axi|          gmem0|       pointer|
|m_axi_gmem0_ARBURST      |  out|    2|       m_axi|          gmem0|       pointer|
|m_axi_gmem0_ARLOCK       |  out|    2|       m_axi|          gmem0|       pointer|
|m_axi_gmem0_ARCACHE      |  out|    4|       m_axi|          gmem0|       pointer|
|m_axi_gmem0_ARPROT       |  out|    3|       m_axi|          gmem0|       pointer|
|m_axi_gmem0_ARQOS        |  out|    4|       m_axi|          gmem0|       pointer|
|m_axi_gmem0_ARREGION     |  out|    4|       m_axi|          gmem0|       pointer|
|m_axi_gmem0_ARUSER       |  out|    1|       m_axi|          gmem0|       pointer|
|m_axi_gmem0_RVALID       |   in|    1|       m_axi|          gmem0|       pointer|
|m_axi_gmem0_RREADY       |  out|    1|       m_axi|          gmem0|       pointer|
|m_axi_gmem0_RDATA        |   in|   32|       m_axi|          gmem0|       pointer|
|m_axi_gmem0_RLAST        |   in|    1|       m_axi|          gmem0|       pointer|
|m_axi_gmem0_RID          |   in|    1|       m_axi|          gmem0|       pointer|
|m_axi_gmem0_RUSER        |   in|    1|       m_axi|          gmem0|       pointer|
|m_axi_gmem0_RRESP        |   in|    2|       m_axi|          gmem0|       pointer|
|m_axi_gmem0_BVALID       |   in|    1|       m_axi|          gmem0|       pointer|
|m_axi_gmem0_BREADY       |  out|    1|       m_axi|          gmem0|       pointer|
|m_axi_gmem0_BRESP        |   in|    2|       m_axi|          gmem0|       pointer|
|m_axi_gmem0_BID          |   in|    1|       m_axi|          gmem0|       pointer|
|m_axi_gmem0_BUSER        |   in|    1|       m_axi|          gmem0|       pointer|
|m_axi_gmem1_AWVALID      |  out|    1|       m_axi|          gmem1|       pointer|
|m_axi_gmem1_AWREADY      |   in|    1|       m_axi|          gmem1|       pointer|
|m_axi_gmem1_AWADDR       |  out|   64|       m_axi|          gmem1|       pointer|
|m_axi_gmem1_AWID         |  out|    1|       m_axi|          gmem1|       pointer|
|m_axi_gmem1_AWLEN        |  out|    8|       m_axi|          gmem1|       pointer|
|m_axi_gmem1_AWSIZE       |  out|    3|       m_axi|          gmem1|       pointer|
|m_axi_gmem1_AWBURST      |  out|    2|       m_axi|          gmem1|       pointer|
|m_axi_gmem1_AWLOCK       |  out|    2|       m_axi|          gmem1|       pointer|
|m_axi_gmem1_AWCACHE      |  out|    4|       m_axi|          gmem1|       pointer|
|m_axi_gmem1_AWPROT       |  out|    3|       m_axi|          gmem1|       pointer|
|m_axi_gmem1_AWQOS        |  out|    4|       m_axi|          gmem1|       pointer|
|m_axi_gmem1_AWREGION     |  out|    4|       m_axi|          gmem1|       pointer|
|m_axi_gmem1_AWUSER       |  out|    1|       m_axi|          gmem1|       pointer|
|m_axi_gmem1_WVALID       |  out|    1|       m_axi|          gmem1|       pointer|
|m_axi_gmem1_WREADY       |   in|    1|       m_axi|          gmem1|       pointer|
|m_axi_gmem1_WDATA        |  out|   32|       m_axi|          gmem1|       pointer|
|m_axi_gmem1_WSTRB        |  out|    4|       m_axi|          gmem1|       pointer|
|m_axi_gmem1_WLAST        |  out|    1|       m_axi|          gmem1|       pointer|
|m_axi_gmem1_WID          |  out|    1|       m_axi|          gmem1|       pointer|
|m_axi_gmem1_WUSER        |  out|    1|       m_axi|          gmem1|       pointer|
|m_axi_gmem1_ARVALID      |  out|    1|       m_axi|          gmem1|       pointer|
|m_axi_gmem1_ARREADY      |   in|    1|       m_axi|          gmem1|       pointer|
|m_axi_gmem1_ARADDR       |  out|   64|       m_axi|          gmem1|       pointer|
|m_axi_gmem1_ARID         |  out|    1|       m_axi|          gmem1|       pointer|
|m_axi_gmem1_ARLEN        |  out|    8|       m_axi|          gmem1|       pointer|
|m_axi_gmem1_ARSIZE       |  out|    3|       m_axi|          gmem1|       pointer|
|m_axi_gmem1_ARBURST      |  out|    2|       m_axi|          gmem1|       pointer|
|m_axi_gmem1_ARLOCK       |  out|    2|       m_axi|          gmem1|       pointer|
|m_axi_gmem1_ARCACHE      |  out|    4|       m_axi|          gmem1|       pointer|
|m_axi_gmem1_ARPROT       |  out|    3|       m_axi|          gmem1|       pointer|
|m_axi_gmem1_ARQOS        |  out|    4|       m_axi|          gmem1|       pointer|
|m_axi_gmem1_ARREGION     |  out|    4|       m_axi|          gmem1|       pointer|
|m_axi_gmem1_ARUSER       |  out|    1|       m_axi|          gmem1|       pointer|
|m_axi_gmem1_RVALID       |   in|    1|       m_axi|          gmem1|       pointer|
|m_axi_gmem1_RREADY       |  out|    1|       m_axi|          gmem1|       pointer|
|m_axi_gmem1_RDATA        |   in|   32|       m_axi|          gmem1|       pointer|
|m_axi_gmem1_RLAST        |   in|    1|       m_axi|          gmem1|       pointer|
|m_axi_gmem1_RID          |   in|    1|       m_axi|          gmem1|       pointer|
|m_axi_gmem1_RUSER        |   in|    1|       m_axi|          gmem1|       pointer|
|m_axi_gmem1_RRESP        |   in|    2|       m_axi|          gmem1|       pointer|
|m_axi_gmem1_BVALID       |   in|    1|       m_axi|          gmem1|       pointer|
|m_axi_gmem1_BREADY       |  out|    1|       m_axi|          gmem1|       pointer|
|m_axi_gmem1_BRESP        |   in|    2|       m_axi|          gmem1|       pointer|
|m_axi_gmem1_BID          |   in|    1|       m_axi|          gmem1|       pointer|
|m_axi_gmem1_BUSER        |   in|    1|       m_axi|          gmem1|       pointer|
+-------------------------+-----+-----+------------+---------------+--------------+

